[0.935s] Invoking command in '/root/ros2_code/humble/nav2class/src/autonomous_tb3': PYTHONPATH=/root/ros2_code/humble/nav2class/build/autonomous_tb3/prefix_override:/root/ros2_code/humble/nav2class/install/autonomous_tb3/lib/python3.10/site-packages:${PYTHONPATH} /usr/bin/python3 setup.py egg_info --egg-base ../../build/autonomous_tb3 build --build-base /root/ros2_code/humble/nav2class/build/autonomous_tb3/build install --record /root/ros2_code/humble/nav2class/build/autonomous_tb3/install.log --single-version-externally-managed
[1.148s] running egg_info
[1.148s] writing ../../build/autonomous_tb3/autonomous_tb3.egg-info/PKG-INFO
[1.148s] writing dependency_links to ../../build/autonomous_tb3/autonomous_tb3.egg-info/dependency_links.txt
[1.149s] writing entry points to ../../build/autonomous_tb3/autonomous_tb3.egg-info/entry_points.txt
[1.149s] writing requirements to ../../build/autonomous_tb3/autonomous_tb3.egg-info/requires.txt
[1.149s] writing top-level names to ../../build/autonomous_tb3/autonomous_tb3.egg-info/top_level.txt
[1.150s] reading manifest file '../../build/autonomous_tb3/autonomous_tb3.egg-info/SOURCES.txt'
[1.152s] writing manifest file '../../build/autonomous_tb3/autonomous_tb3.egg-info/SOURCES.txt'
[1.152s] running build
[1.152s] running build_py
[1.152s] running install
[1.153s] running install_lib
[1.154s] running install_data
[1.154s] copying launch/tb3_world_navigation.launch.py -> /root/ros2_code/humble/nav2class/install/autonomous_tb3/share/autonomous_tb3/launch
[1.155s] running install_egg_info
[1.156s] removing '/root/ros2_code/humble/nav2class/install/autonomous_tb3/lib/python3.10/site-packages/autonomous_tb3-0.0.0-py3.10.egg-info' (and everything under it)
[1.157s] Copying ../../build/autonomous_tb3/autonomous_tb3.egg-info to /root/ros2_code/humble/nav2class/install/autonomous_tb3/lib/python3.10/site-packages/autonomous_tb3-0.0.0-py3.10.egg-info
[1.158s] running install_scripts
[1.173s] Installing autonomous_waiter script to /root/ros2_code/humble/nav2class/install/autonomous_tb3/lib/autonomous_tb3
[1.173s] Installing autonomous_waiter_lite script to /root/ros2_code/humble/nav2class/install/autonomous_tb3/lib/autonomous_tb3
[1.173s] Installing maze_solver script to /root/ros2_code/humble/nav2class/install/autonomous_tb3/lib/autonomous_tb3
[1.173s] Installing occupancy_grid_pub script to /root/ros2_code/humble/nav2class/install/autonomous_tb3/lib/autonomous_tb3
[1.173s] Installing sdf_spawner script to /root/ros2_code/humble/nav2class/install/autonomous_tb3/lib/autonomous_tb3
[1.174s] writing list of installed files to '/root/ros2_code/humble/nav2class/build/autonomous_tb3/install.log'
[1.193s] Invoked command in '/root/ros2_code/humble/nav2class/src/autonomous_tb3' returned '0': PYTHONPATH=/root/ros2_code/humble/nav2class/build/autonomous_tb3/prefix_override:/root/ros2_code/humble/nav2class/install/autonomous_tb3/lib/python3.10/site-packages:${PYTHONPATH} /usr/bin/python3 setup.py egg_info --egg-base ../../build/autonomous_tb3 build --build-base /root/ros2_code/humble/nav2class/build/autonomous_tb3/build install --record /root/ros2_code/humble/nav2class/build/autonomous_tb3/install.log --single-version-externally-managed
