-- Install configuration: ""
-- Execute custom install script
-- Up-to-date symlink: /root/ros2_code/humble/ros_bot/install/husarion_office_gz/share/husarion_office_gz/husarion_office_world.launch.py
-- Up-to-date symlink: /root/ros2_code/humble/ros_bot/install/husarion_office_gz/share/husarion_office_gz/worlds//empty_with_plugins.sdf
-- Up-to-date symlink: /root/ros2_code/humble/ros_bot/install/husarion_office_gz/share/husarion_office_gz/worlds//husarion_office.world
-- Up-to-date symlink: /root/ros2_code/humble/ros_bot/install/husarion_office_gz/share/husarion_office_gz/worlds//husarion_world.sdf
-- Up-to-date symlink: /root/ros2_code/humble/ros_bot/install/husarion_office_gz/share/husarion_office_gz/worlds//meshes/husarion_world.dae
-- Up-to-date symlink: /root/ros2_code/humble/ros_bot/install/husarion_office_gz/share/husarion_office_gz/worlds//models/AdjTable/meshes/AdjTable.mtl
-- Up-to-date symlink: /root/ros2_code/humble/ros_bot/install/husarion_office_gz/share/husarion_office_gz/worlds//models/AdjTable/meshes/AdjTable.obj
-- Up-to-date symlink: /root/ros2_code/humble/ros_bot/install/husarion_office_gz/share/husarion_office_gz/worlds//models/AdjTable/meshes/AdjTable_Col.mtl
-- Up-to-date symlink: /root/ros2_code/humble/ros_bot/install/husarion_office_gz/share/husarion_office_gz/worlds//models/AdjTable/meshes/AdjTable_Col.obj
-- Up-to-date symlink: /root/ros2_code/humble/ros_bot/install/husarion_office_gz/share/husarion_office_gz/worlds//models/AdjTable/meshes/texture.png
-- Up-to-date symlink: /root/ros2_code/humble/ros_bot/install/husarion_office_gz/share/husarion_office_gz/worlds//models/AdjTable/model.config
-- Up-to-date symlink: /root/ros2_code/humble/ros_bot/install/husarion_office_gz/share/husarion_office_gz/worlds//models/AdjTable/model.sdf
-- Up-to-date symlink: /root/ros2_code/humble/ros_bot/install/husarion_office_gz/share/husarion_office_gz/worlds//models/AdjTable/thumbnails/1.png
-- Up-to-date symlink: /root/ros2_code/humble/ros_bot/install/husarion_office_gz/share/husarion_office_gz/worlds//models/AdjTable/thumbnails/2.png
-- Up-to-date symlink: /root/ros2_code/humble/ros_bot/install/husarion_office_gz/share/husarion_office_gz/worlds//models/AdjTable/thumbnails/3.png
-- Up-to-date symlink: /root/ros2_code/humble/ros_bot/install/husarion_office_gz/share/husarion_office_gz/worlds//models/AdjTable/thumbnails/4.png
-- Up-to-date symlink: /root/ros2_code/humble/ros_bot/install/husarion_office_gz/share/husarion_office_gz/worlds//models/AdjTable/thumbnails/5.png
-- Up-to-date symlink: /root/ros2_code/humble/ros_bot/install/husarion_office_gz/share/husarion_office_gz/worlds//models/BathroomSink/meshes/BathroomSink.mtl
-- Up-to-date symlink: /root/ros2_code/humble/ros_bot/install/husarion_office_gz/share/husarion_office_gz/worlds//models/BathroomSink/meshes/BathroomSink.obj
-- Up-to-date symlink: /root/ros2_code/humble/ros_bot/install/husarion_office_gz/share/husarion_office_gz/worlds//models/BathroomSink/meshes/BathroomSink_Col.mtl
-- Up-to-date symlink: /root/ros2_code/humble/ros_bot/install/husarion_office_gz/share/husarion_office_gz/worlds//models/BathroomSink/meshes/BathroomSink_Col.obj
-- Up-to-date symlink: /root/ros2_code/humble/ros_bot/install/husarion_office_gz/share/husarion_office_gz/worlds//models/BathroomSink/meshes/BathroomSink_Diffuse.png
-- Up-to-date symlink: /root/ros2_code/humble/ros_bot/install/husarion_office_gz/share/husarion_office_gz/worlds//models/BathroomSink/meshes/BathroomSink_Metal.png
-- Up-to-date symlink: /root/ros2_code/humble/ros_bot/install/husarion_office_gz/share/husarion_office_gz/worlds//models/BathroomSink/meshes/BathroomSink_Rough.png
-- Up-to-date symlink: /root/ros2_code/humble/ros_bot/install/husarion_office_gz/share/husarion_office_gz/worlds//models/BathroomSink/model.config
-- Up-to-date symlink: /root/ros2_code/humble/ros_bot/install/husarion_office_gz/share/husarion_office_gz/worlds//models/BathroomSink/model.sdf
-- Up-to-date symlink: /root/ros2_code/humble/ros_bot/install/husarion_office_gz/share/husarion_office_gz/worlds//models/BathroomSink/thumbnails/1.png
-- Up-to-date symlink: /root/ros2_code/humble/ros_bot/install/husarion_office_gz/share/husarion_office_gz/worlds//models/BathroomSink/thumbnails/2.png
-- Up-to-date symlink: /root/ros2_code/humble/ros_bot/install/husarion_office_gz/share/husarion_office_gz/worlds//models/BathroomSink/thumbnails/3.png
-- Up-to-date symlink: /root/ros2_code/humble/ros_bot/install/husarion_office_gz/share/husarion_office_gz/worlds//models/BathroomSink/thumbnails/4.png
-- Up-to-date symlink: /root/ros2_code/humble/ros_bot/install/husarion_office_gz/share/husarion_office_gz/worlds//models/BathroomSink/thumbnails/5.png
-- Up-to-date symlink: /root/ros2_code/humble/ros_bot/install/husarion_office_gz/share/husarion_office_gz/worlds//models/CoffeeTable/meshes/CoffeeTable.mtl
-- Up-to-date symlink: /root/ros2_code/humble/ros_bot/install/husarion_office_gz/share/husarion_office_gz/worlds//models/CoffeeTable/meshes/CoffeeTable.obj
-- Up-to-date symlink: /root/ros2_code/humble/ros_bot/install/husarion_office_gz/share/husarion_office_gz/worlds//models/CoffeeTable/meshes/CoffeeTable_Diffuse.png
-- Up-to-date symlink: /root/ros2_code/humble/ros_bot/install/husarion_office_gz/share/husarion_office_gz/worlds//models/CoffeeTable/meshes/CoffeeTable_Normal.png
-- Up-to-date symlink: /root/ros2_code/humble/ros_bot/install/husarion_office_gz/share/husarion_office_gz/worlds//models/CoffeeTable/meshes/CoffeeTable_SpecGloss.png
-- Up-to-date symlink: /root/ros2_code/humble/ros_bot/install/husarion_office_gz/share/husarion_office_gz/worlds//models/CoffeeTable/model.config
-- Up-to-date symlink: /root/ros2_code/humble/ros_bot/install/husarion_office_gz/share/husarion_office_gz/worlds//models/CoffeeTable/model.sdf
-- Up-to-date symlink: /root/ros2_code/humble/ros_bot/install/husarion_office_gz/share/husarion_office_gz/worlds//models/CoffeeTable/thumbnails/1.png
-- Up-to-date symlink: /root/ros2_code/humble/ros_bot/install/husarion_office_gz/share/husarion_office_gz/worlds//models/CoffeeTable/thumbnails/2.png
-- Up-to-date symlink: /root/ros2_code/humble/ros_bot/install/husarion_office_gz/share/husarion_office_gz/worlds//models/CoffeeTable/thumbnails/3.png
-- Up-to-date symlink: /root/ros2_code/humble/ros_bot/install/husarion_office_gz/share/husarion_office_gz/worlds//models/CoffeeTable/thumbnails/4.png
-- Up-to-date symlink: /root/ros2_code/humble/ros_bot/install/husarion_office_gz/share/husarion_office_gz/worlds//models/CoffeeTable/thumbnails/5.png
-- Up-to-date symlink: /root/ros2_code/humble/ros_bot/install/husarion_office_gz/share/husarion_office_gz/worlds//models/ConfTable/meshes/ConfTable2.stl
-- Up-to-date symlink: /root/ros2_code/humble/ros_bot/install/husarion_office_gz/share/husarion_office_gz/worlds//models/ConfTable/model.config
-- Up-to-date symlink: /root/ros2_code/humble/ros_bot/install/husarion_office_gz/share/husarion_office_gz/worlds//models/ConfTable/model.sdf
-- Up-to-date symlink: /root/ros2_code/humble/ros_bot/install/husarion_office_gz/share/husarion_office_gz/worlds//models/DeskChair/materials/textures/DeskChair.png
-- Up-to-date symlink: /root/ros2_code/humble/ros_bot/install/husarion_office_gz/share/husarion_office_gz/worlds//models/DeskChair/meshes/DeskChair.mtl
-- Up-to-date symlink: /root/ros2_code/humble/ros_bot/install/husarion_office_gz/share/husarion_office_gz/worlds//models/DeskChair/meshes/DeskChair.obj
-- Up-to-date symlink: /root/ros2_code/humble/ros_bot/install/husarion_office_gz/share/husarion_office_gz/worlds//models/DeskChair/model.config
-- Up-to-date symlink: /root/ros2_code/humble/ros_bot/install/husarion_office_gz/share/husarion_office_gz/worlds//models/DeskChair/model.sdf
-- Up-to-date symlink: /root/ros2_code/humble/ros_bot/install/husarion_office_gz/share/husarion_office_gz/worlds//models/DeskChair/thumbnails/1.png
-- Up-to-date symlink: /root/ros2_code/humble/ros_bot/install/husarion_office_gz/share/husarion_office_gz/worlds//models/DeskChair/thumbnails/2.png
-- Up-to-date symlink: /root/ros2_code/humble/ros_bot/install/husarion_office_gz/share/husarion_office_gz/worlds//models/DeskChair/thumbnails/3.png
-- Up-to-date symlink: /root/ros2_code/humble/ros_bot/install/husarion_office_gz/share/husarion_office_gz/worlds//models/DeskChair/thumbnails/4.png
-- Up-to-date symlink: /root/ros2_code/humble/ros_bot/install/husarion_office_gz/share/husarion_office_gz/worlds//models/DeskChair/thumbnails/5.png
-- Up-to-date symlink: /root/ros2_code/humble/ros_bot/install/husarion_office_gz/share/husarion_office_gz/worlds//models/Door/meshes/door.stl
-- Up-to-date symlink: /root/ros2_code/humble/ros_bot/install/husarion_office_gz/share/husarion_office_gz/worlds//models/Door/model.config
-- Up-to-date symlink: /root/ros2_code/humble/ros_bot/install/husarion_office_gz/share/husarion_office_gz/worlds//models/Door/model.sdf
-- Up-to-date symlink: /root/ros2_code/humble/ros_bot/install/husarion_office_gz/share/husarion_office_gz/worlds//models/Drawer/meshes/Drawer.mtl
-- Up-to-date symlink: /root/ros2_code/humble/ros_bot/install/husarion_office_gz/share/husarion_office_gz/worlds//models/Drawer/meshes/Drawer.obj
-- Up-to-date symlink: /root/ros2_code/humble/ros_bot/install/husarion_office_gz/share/husarion_office_gz/worlds//models/Drawer/meshes/Drawer.png
-- Up-to-date symlink: /root/ros2_code/humble/ros_bot/install/husarion_office_gz/share/husarion_office_gz/worlds//models/Drawer/meshes/Drawer_Col.obj
-- Up-to-date symlink: /root/ros2_code/humble/ros_bot/install/husarion_office_gz/share/husarion_office_gz/worlds//models/Drawer/model.config
-- Up-to-date symlink: /root/ros2_code/humble/ros_bot/install/husarion_office_gz/share/husarion_office_gz/worlds//models/Drawer/model.sdf
-- Up-to-date symlink: /root/ros2_code/humble/ros_bot/install/husarion_office_gz/share/husarion_office_gz/worlds//models/Drawer/thumbnails/1.png
-- Up-to-date symlink: /root/ros2_code/humble/ros_bot/install/husarion_office_gz/share/husarion_office_gz/worlds//models/Drawer/thumbnails/2.png
-- Up-to-date symlink: /root/ros2_code/humble/ros_bot/install/husarion_office_gz/share/husarion_office_gz/worlds//models/Drawer/thumbnails/3.png
-- Up-to-date symlink: /root/ros2_code/humble/ros_bot/install/husarion_office_gz/share/husarion_office_gz/worlds//models/Drawer/thumbnails/4.png
-- Up-to-date symlink: /root/ros2_code/humble/ros_bot/install/husarion_office_gz/share/husarion_office_gz/worlds//models/Drawer/thumbnails/5.png
-- Up-to-date symlink: /root/ros2_code/humble/ros_bot/install/husarion_office_gz/share/husarion_office_gz/worlds//models/Fridge/meshes/Fridge.mtl
-- Up-to-date symlink: /root/ros2_code/humble/ros_bot/install/husarion_office_gz/share/husarion_office_gz/worlds//models/Fridge/meshes/Fridge.obj
-- Up-to-date symlink: /root/ros2_code/humble/ros_bot/install/husarion_office_gz/share/husarion_office_gz/worlds//models/Fridge/meshes/Fridge_Col.mtl
-- Up-to-date symlink: /root/ros2_code/humble/ros_bot/install/husarion_office_gz/share/husarion_office_gz/worlds//models/Fridge/meshes/Fridge_Col.obj
-- Up-to-date symlink: /root/ros2_code/humble/ros_bot/install/husarion_office_gz/share/husarion_office_gz/worlds//models/Fridge/meshes/Fridge_Diffuse.png
-- Up-to-date symlink: /root/ros2_code/humble/ros_bot/install/husarion_office_gz/share/husarion_office_gz/worlds//models/Fridge/model.config
-- Up-to-date symlink: /root/ros2_code/humble/ros_bot/install/husarion_office_gz/share/husarion_office_gz/worlds//models/Fridge/model.sdf
-- Up-to-date symlink: /root/ros2_code/humble/ros_bot/install/husarion_office_gz/share/husarion_office_gz/worlds//models/Fridge/thumbnails/1.png
-- Up-to-date symlink: /root/ros2_code/humble/ros_bot/install/husarion_office_gz/share/husarion_office_gz/worlds//models/Fridge/thumbnails/2.png
-- Up-to-date symlink: /root/ros2_code/humble/ros_bot/install/husarion_office_gz/share/husarion_office_gz/worlds//models/Fridge/thumbnails/3.png
-- Up-to-date symlink: /root/ros2_code/humble/ros_bot/install/husarion_office_gz/share/husarion_office_gz/worlds//models/Fridge/thumbnails/4.png
-- Up-to-date symlink: /root/ros2_code/humble/ros_bot/install/husarion_office_gz/share/husarion_office_gz/worlds//models/Fridge/thumbnails/5.png
-- Up-to-date symlink: /root/ros2_code/humble/ros_bot/install/husarion_office_gz/share/husarion_office_gz/worlds//models/Kitchen/meshes/kitchen.stl
-- Up-to-date symlink: /root/ros2_code/humble/ros_bot/install/husarion_office_gz/share/husarion_office_gz/worlds//models/Kitchen/model.config
-- Up-to-date symlink: /root/ros2_code/humble/ros_bot/install/husarion_office_gz/share/husarion_office_gz/worlds//models/Kitchen/model.sdf
-- Up-to-date symlink: /root/ros2_code/humble/ros_bot/install/husarion_office_gz/share/husarion_office_gz/worlds//models/Laptop/meshes/laptop.stl
-- Up-to-date symlink: /root/ros2_code/humble/ros_bot/install/husarion_office_gz/share/husarion_office_gz/worlds//models/Laptop/model.config
-- Up-to-date symlink: /root/ros2_code/humble/ros_bot/install/husarion_office_gz/share/husarion_office_gz/worlds//models/Laptop/model.sdf
-- Up-to-date symlink: /root/ros2_code/humble/ros_bot/install/husarion_office_gz/share/husarion_office_gz/worlds//models/MopCart2/meshes/BigRed.png
-- Up-to-date symlink: /root/ros2_code/humble/ros_bot/install/husarion_office_gz/share/husarion_office_gz/worlds//models/MopCart2/meshes/Blue.png
-- Up-to-date symlink: /root/ros2_code/humble/ros_bot/install/husarion_office_gz/share/husarion_office_gz/worlds//models/MopCart2/meshes/Broom.png
-- Up-to-date symlink: /root/ros2_code/humble/ros_bot/install/husarion_office_gz/share/husarion_office_gz/worlds//models/MopCart2/meshes/Cart2.png
-- Up-to-date symlink: /root/ros2_code/humble/ros_bot/install/husarion_office_gz/share/husarion_office_gz/worlds//models/MopCart2/meshes/Cloth.png
-- Up-to-date symlink: /root/ros2_code/humble/ros_bot/install/husarion_office_gz/share/husarion_office_gz/worlds//models/MopCart2/meshes/Duster.png
-- Up-to-date symlink: /root/ros2_code/humble/ros_bot/install/husarion_office_gz/share/husarion_office_gz/worlds//models/MopCart2/meshes/Mop.png
-- Up-to-date symlink: /root/ros2_code/humble/ros_bot/install/husarion_office_gz/share/husarion_office_gz/worlds//models/MopCart2/meshes/MopCart2.mtl
-- Up-to-date symlink: /root/ros2_code/humble/ros_bot/install/husarion_office_gz/share/husarion_office_gz/worlds//models/MopCart2/meshes/MopCart2.obj
-- Up-to-date symlink: /root/ros2_code/humble/ros_bot/install/husarion_office_gz/share/husarion_office_gz/worlds//models/MopCart2/meshes/Tongs.png
-- Up-to-date symlink: /root/ros2_code/humble/ros_bot/install/husarion_office_gz/share/husarion_office_gz/worlds//models/MopCart2/model.config
-- Up-to-date symlink: /root/ros2_code/humble/ros_bot/install/husarion_office_gz/share/husarion_office_gz/worlds//models/MopCart2/model.sdf
-- Up-to-date symlink: /root/ros2_code/humble/ros_bot/install/husarion_office_gz/share/husarion_office_gz/worlds//models/MopCart2/thumbnails/1.png
-- Up-to-date symlink: /root/ros2_code/humble/ros_bot/install/husarion_office_gz/share/husarion_office_gz/worlds//models/MopCart2/thumbnails/2.png
-- Up-to-date symlink: /root/ros2_code/humble/ros_bot/install/husarion_office_gz/share/husarion_office_gz/worlds//models/MopCart2/thumbnails/3.png
-- Up-to-date symlink: /root/ros2_code/humble/ros_bot/install/husarion_office_gz/share/husarion_office_gz/worlds//models/MopCart2/thumbnails/4.png
-- Up-to-date symlink: /root/ros2_code/humble/ros_bot/install/husarion_office_gz/share/husarion_office_gz/worlds//models/MopCart2/thumbnails/5.png
-- Up-to-date symlink: /root/ros2_code/humble/ros_bot/install/husarion_office_gz/share/husarion_office_gz/worlds//models/MopCart3/meshes/Blue.png
-- Up-to-date symlink: /root/ros2_code/humble/ros_bot/install/husarion_office_gz/share/husarion_office_gz/worlds//models/MopCart3/meshes/Cart.png
-- Up-to-date symlink: /root/ros2_code/humble/ros_bot/install/husarion_office_gz/share/husarion_office_gz/worlds//models/MopCart3/meshes/Cloth.png
-- Up-to-date symlink: /root/ros2_code/humble/ros_bot/install/husarion_office_gz/share/husarion_office_gz/worlds//models/MopCart3/meshes/Duster.png
-- Up-to-date symlink: /root/ros2_code/humble/ros_bot/install/husarion_office_gz/share/husarion_office_gz/worlds//models/MopCart3/meshes/Glove.png
-- Up-to-date symlink: /root/ros2_code/humble/ros_bot/install/husarion_office_gz/share/husarion_office_gz/worlds//models/MopCart3/meshes/Mop.png
-- Up-to-date symlink: /root/ros2_code/humble/ros_bot/install/husarion_office_gz/share/husarion_office_gz/worlds//models/MopCart3/meshes/MopCart3.mtl
-- Up-to-date symlink: /root/ros2_code/humble/ros_bot/install/husarion_office_gz/share/husarion_office_gz/worlds//models/MopCart3/meshes/MopCart3.obj
-- Up-to-date symlink: /root/ros2_code/humble/ros_bot/install/husarion_office_gz/share/husarion_office_gz/worlds//models/MopCart3/meshes/Parcel.png
-- Up-to-date symlink: /root/ros2_code/humble/ros_bot/install/husarion_office_gz/share/husarion_office_gz/worlds//models/MopCart3/meshes/Plastic.png
-- Up-to-date symlink: /root/ros2_code/humble/ros_bot/install/husarion_office_gz/share/husarion_office_gz/worlds//models/MopCart3/meshes/Red.png
-- Up-to-date symlink: /root/ros2_code/humble/ros_bot/install/husarion_office_gz/share/husarion_office_gz/worlds//models/MopCart3/meshes/Sign.png
-- Up-to-date symlink: /root/ros2_code/humble/ros_bot/install/husarion_office_gz/share/husarion_office_gz/worlds//models/MopCart3/meshes/Spray.png
-- Up-to-date symlink: /root/ros2_code/humble/ros_bot/install/husarion_office_gz/share/husarion_office_gz/worlds//models/MopCart3/model.config
-- Up-to-date symlink: /root/ros2_code/humble/ros_bot/install/husarion_office_gz/share/husarion_office_gz/worlds//models/MopCart3/model.sdf
-- Up-to-date symlink: /root/ros2_code/humble/ros_bot/install/husarion_office_gz/share/husarion_office_gz/worlds//models/MopCart3/thumbnails/1.png
-- Up-to-date symlink: /root/ros2_code/humble/ros_bot/install/husarion_office_gz/share/husarion_office_gz/worlds//models/MopCart3/thumbnails/2.png
-- Up-to-date symlink: /root/ros2_code/humble/ros_bot/install/husarion_office_gz/share/husarion_office_gz/worlds//models/MopCart3/thumbnails/3.png
-- Up-to-date symlink: /root/ros2_code/humble/ros_bot/install/husarion_office_gz/share/husarion_office_gz/worlds//models/MopCart3/thumbnails/4.png
-- Up-to-date symlink: /root/ros2_code/humble/ros_bot/install/husarion_office_gz/share/husarion_office_gz/worlds//models/MopCart3/thumbnails/5.png
-- Up-to-date symlink: /root/ros2_code/humble/ros_bot/install/husarion_office_gz/share/husarion_office_gz/worlds//models/MopCart4/meshes/Cart.png
-- Up-to-date symlink: /root/ros2_code/humble/ros_bot/install/husarion_office_gz/share/husarion_office_gz/worlds//models/MopCart4/meshes/MopCart4.mtl
-- Up-to-date symlink: /root/ros2_code/humble/ros_bot/install/husarion_office_gz/share/husarion_office_gz/worlds//models/MopCart4/meshes/MopCart4.obj
-- Up-to-date symlink: /root/ros2_code/humble/ros_bot/install/husarion_office_gz/share/husarion_office_gz/worlds//models/MopCart4/meshes/blue.png
-- Up-to-date symlink: /root/ros2_code/humble/ros_bot/install/husarion_office_gz/share/husarion_office_gz/worlds//models/MopCart4/meshes/red.png
-- Up-to-date symlink: /root/ros2_code/humble/ros_bot/install/husarion_office_gz/share/husarion_office_gz/worlds//models/MopCart4/model.config
-- Up-to-date symlink: /root/ros2_code/humble/ros_bot/install/husarion_office_gz/share/husarion_office_gz/worlds//models/MopCart4/model.sdf
-- Up-to-date symlink: /root/ros2_code/humble/ros_bot/install/husarion_office_gz/share/husarion_office_gz/worlds//models/MopCart4/thumbnails/1.png
-- Up-to-date symlink: /root/ros2_code/humble/ros_bot/install/husarion_office_gz/share/husarion_office_gz/worlds//models/MopCart4/thumbnails/2.png
-- Up-to-date symlink: /root/ros2_code/humble/ros_bot/install/husarion_office_gz/share/husarion_office_gz/worlds//models/MopCart4/thumbnails/3.png
-- Up-to-date symlink: /root/ros2_code/humble/ros_bot/install/husarion_office_gz/share/husarion_office_gz/worlds//models/MopCart4/thumbnails/4.png
-- Up-to-date symlink: /root/ros2_code/humble/ros_bot/install/husarion_office_gz/share/husarion_office_gz/worlds//models/MopCart4/thumbnails/5.png
-- Up-to-date symlink: /root/ros2_code/humble/ros_bot/install/husarion_office_gz/share/husarion_office_gz/worlds//models/OfficeChairBlack/meshes/OfficeChairBlack.mtl
-- Up-to-date symlink: /root/ros2_code/humble/ros_bot/install/husarion_office_gz/share/husarion_office_gz/worlds//models/OfficeChairBlack/meshes/OfficeChairBlack.obj
-- Up-to-date symlink: /root/ros2_code/humble/ros_bot/install/husarion_office_gz/share/husarion_office_gz/worlds//models/OfficeChairBlack/meshes/OfficeChairBlack.png
-- Up-to-date symlink: /root/ros2_code/humble/ros_bot/install/husarion_office_gz/share/husarion_office_gz/worlds//models/OfficeChairBlack/meshes/OfficeChairBlack_Col.mtl
-- Up-to-date symlink: /root/ros2_code/humble/ros_bot/install/husarion_office_gz/share/husarion_office_gz/worlds//models/OfficeChairBlack/meshes/OfficeChairBlack_Col.obj
-- Up-to-date symlink: /root/ros2_code/humble/ros_bot/install/husarion_office_gz/share/husarion_office_gz/worlds//models/OfficeChairBlack/model.config
-- Up-to-date symlink: /root/ros2_code/humble/ros_bot/install/husarion_office_gz/share/husarion_office_gz/worlds//models/OfficeChairBlack/model.sdf
-- Up-to-date symlink: /root/ros2_code/humble/ros_bot/install/husarion_office_gz/share/husarion_office_gz/worlds//models/OfficeChairBlack/thumbnails/1.png
-- Up-to-date symlink: /root/ros2_code/humble/ros_bot/install/husarion_office_gz/share/husarion_office_gz/worlds//models/OfficeChairBlack/thumbnails/2.png
-- Up-to-date symlink: /root/ros2_code/humble/ros_bot/install/husarion_office_gz/share/husarion_office_gz/worlds//models/OfficeChairBlack/thumbnails/3.png
-- Up-to-date symlink: /root/ros2_code/humble/ros_bot/install/husarion_office_gz/share/husarion_office_gz/worlds//models/OfficeChairBlack/thumbnails/4.png
-- Up-to-date symlink: /root/ros2_code/humble/ros_bot/install/husarion_office_gz/share/husarion_office_gz/worlds//models/OfficeChairBlack/thumbnails/5.png
-- Up-to-date symlink: /root/ros2_code/humble/ros_bot/install/husarion_office_gz/share/husarion_office_gz/worlds//models/OfficeChairBlack/thumbnails/meta/1.png
-- Up-to-date symlink: /root/ros2_code/humble/ros_bot/install/husarion_office_gz/share/husarion_office_gz/worlds//models/OfficeChairBlack/thumbnails/meta/2.png
-- Up-to-date symlink: /root/ros2_code/humble/ros_bot/install/husarion_office_gz/share/husarion_office_gz/worlds//models/OfficeChairBlack/thumbnails/meta/3.png
-- Up-to-date symlink: /root/ros2_code/humble/ros_bot/install/husarion_office_gz/share/husarion_office_gz/worlds//models/OfficeChairBlack/thumbnails/meta/4.png
-- Up-to-date symlink: /root/ros2_code/humble/ros_bot/install/husarion_office_gz/share/husarion_office_gz/worlds//models/OfficeChairBlack/thumbnails/meta/5.png
-- Up-to-date symlink: /root/ros2_code/humble/ros_bot/install/husarion_office_gz/share/husarion_office_gz/worlds//models/SquareShelf/meshes/SquareShelf.mtl
-- Up-to-date symlink: /root/ros2_code/humble/ros_bot/install/husarion_office_gz/share/husarion_office_gz/worlds//models/SquareShelf/meshes/SquareShelf.obj
-- Up-to-date symlink: /root/ros2_code/humble/ros_bot/install/husarion_office_gz/share/husarion_office_gz/worlds//models/SquareShelf/meshes/SquareShelf_Col.mtl
-- Up-to-date symlink: /root/ros2_code/humble/ros_bot/install/husarion_office_gz/share/husarion_office_gz/worlds//models/SquareShelf/meshes/SquareShelf_Col.obj
-- Up-to-date symlink: /root/ros2_code/humble/ros_bot/install/husarion_office_gz/share/husarion_office_gz/worlds//models/SquareShelf/meshes/SquareShelf_Diffuse.png
-- Up-to-date symlink: /root/ros2_code/humble/ros_bot/install/husarion_office_gz/share/husarion_office_gz/worlds//models/SquareShelf/model.config
-- Up-to-date symlink: /root/ros2_code/humble/ros_bot/install/husarion_office_gz/share/husarion_office_gz/worlds//models/SquareShelf/model.sdf
-- Up-to-date symlink: /root/ros2_code/humble/ros_bot/install/husarion_office_gz/share/husarion_office_gz/worlds//models/SquareShelf/thumbnails/1.png
-- Up-to-date symlink: /root/ros2_code/humble/ros_bot/install/husarion_office_gz/share/husarion_office_gz/worlds//models/SquareShelf/thumbnails/2.png
-- Up-to-date symlink: /root/ros2_code/humble/ros_bot/install/husarion_office_gz/share/husarion_office_gz/worlds//models/SquareShelf/thumbnails/3.png
-- Up-to-date symlink: /root/ros2_code/humble/ros_bot/install/husarion_office_gz/share/husarion_office_gz/worlds//models/SquareShelf/thumbnails/4.png
-- Up-to-date symlink: /root/ros2_code/humble/ros_bot/install/husarion_office_gz/share/husarion_office_gz/worlds//models/SquareShelf/thumbnails/5.png
-- Up-to-date symlink: /root/ros2_code/humble/ros_bot/install/husarion_office_gz/share/husarion_office_gz/worlds//models/Stairs/model.config
-- Up-to-date symlink: /root/ros2_code/humble/ros_bot/install/husarion_office_gz/share/husarion_office_gz/worlds//models/Stairs/model.sdf
-- Up-to-date symlink: /root/ros2_code/humble/ros_bot/install/husarion_office_gz/share/husarion_office_gz/worlds//models/Table/Table_Diffuse.jpg
-- Up-to-date symlink: /root/ros2_code/humble/ros_bot/install/husarion_office_gz/share/husarion_office_gz/worlds//models/Table/model-1_2.sdf
-- Up-to-date symlink: /root/ros2_code/humble/ros_bot/install/husarion_office_gz/share/husarion_office_gz/worlds//models/Table/model-1_3.sdf
-- Up-to-date symlink: /root/ros2_code/humble/ros_bot/install/husarion_office_gz/share/husarion_office_gz/worlds//models/Table/model-1_4.sdf
-- Up-to-date symlink: /root/ros2_code/humble/ros_bot/install/husarion_office_gz/share/husarion_office_gz/worlds//models/Table/model.config
-- Up-to-date symlink: /root/ros2_code/humble/ros_bot/install/husarion_office_gz/share/husarion_office_gz/worlds//models/Table/model.sdf
-- Up-to-date symlink: /root/ros2_code/humble/ros_bot/install/husarion_office_gz/share/husarion_office_gz/worlds//models/Table/thumbnails/1.png
-- Up-to-date symlink: /root/ros2_code/humble/ros_bot/install/husarion_office_gz/share/husarion_office_gz/worlds//models/Table/thumbnails/2.png
-- Up-to-date symlink: /root/ros2_code/humble/ros_bot/install/husarion_office_gz/share/husarion_office_gz/worlds//models/Table/thumbnails/3.png
-- Up-to-date symlink: /root/ros2_code/humble/ros_bot/install/husarion_office_gz/share/husarion_office_gz/worlds//models/Table/thumbnails/4.png
-- Up-to-date symlink: /root/ros2_code/humble/ros_bot/install/husarion_office_gz/share/husarion_office_gz/worlds//models/Table/thumbnails/5.png
-- Up-to-date symlink: /root/ros2_code/humble/ros_bot/install/husarion_office_gz/share/husarion_office_gz/worlds//models/Toilet/meshes/toilet.mtl
-- Up-to-date symlink: /root/ros2_code/humble/ros_bot/install/husarion_office_gz/share/husarion_office_gz/worlds//models/Toilet/meshes/toilet.obj
-- Up-to-date symlink: /root/ros2_code/humble/ros_bot/install/husarion_office_gz/share/husarion_office_gz/worlds//models/Toilet/model.config
-- Up-to-date symlink: /root/ros2_code/humble/ros_bot/install/husarion_office_gz/share/husarion_office_gz/worlds//models/Toilet/model.sdf
-- Up-to-date symlink: /root/ros2_code/humble/ros_bot/install/husarion_office_gz/share/husarion_office_gz/worlds//models/Toilet/thumbnails/1.png
-- Up-to-date symlink: /root/ros2_code/humble/ros_bot/install/husarion_office_gz/share/husarion_office_gz/worlds//models/Toilet/thumbnails/2.png
-- Up-to-date symlink: /root/ros2_code/humble/ros_bot/install/husarion_office_gz/share/husarion_office_gz/worlds//models/Toilet/thumbnails/3.png
-- Up-to-date symlink: /root/ros2_code/humble/ros_bot/install/husarion_office_gz/share/husarion_office_gz/worlds//models/Toilet/thumbnails/4.png
-- Up-to-date symlink: /root/ros2_code/humble/ros_bot/install/husarion_office_gz/share/husarion_office_gz/worlds//models/Toilet/thumbnails/5.png
-- Up-to-date symlink: /root/ros2_code/humble/ros_bot/install/husarion_office_gz/share/husarion_office_gz/worlds//models/TrashBin/meshes/TrashBin.mtl
-- Up-to-date symlink: /root/ros2_code/humble/ros_bot/install/husarion_office_gz/share/husarion_office_gz/worlds//models/TrashBin/meshes/TrashBin.obj
-- Up-to-date symlink: /root/ros2_code/humble/ros_bot/install/husarion_office_gz/share/husarion_office_gz/worlds//models/TrashBin/meshes/TrashBin_Diffuse.png
-- Up-to-date symlink: /root/ros2_code/humble/ros_bot/install/husarion_office_gz/share/husarion_office_gz/worlds//models/TrashBin/model.config
-- Up-to-date symlink: /root/ros2_code/humble/ros_bot/install/husarion_office_gz/share/husarion_office_gz/worlds//models/TrashBin/model.sdf
-- Up-to-date symlink: /root/ros2_code/humble/ros_bot/install/husarion_office_gz/share/husarion_office_gz/worlds//models/TrashBin/thumbnails/1.png
-- Up-to-date symlink: /root/ros2_code/humble/ros_bot/install/husarion_office_gz/share/husarion_office_gz/worlds//models/TrashBin/thumbnails/2.png
-- Up-to-date symlink: /root/ros2_code/humble/ros_bot/install/husarion_office_gz/share/husarion_office_gz/worlds//models/TrashBin/thumbnails/3.png
-- Up-to-date symlink: /root/ros2_code/humble/ros_bot/install/husarion_office_gz/share/husarion_office_gz/worlds//models/TrashBin/thumbnails/4.png
-- Up-to-date symlink: /root/ros2_code/humble/ros_bot/install/husarion_office_gz/share/husarion_office_gz/worlds//models/TrashBin/thumbnails/5.png
-- Up-to-date symlink: /root/ros2_code/humble/ros_bot/install/husarion_office_gz/share/husarion_office_gz/worlds//models/Tv/meshes/tv.stl
-- Up-to-date symlink: /root/ros2_code/humble/ros_bot/install/husarion_office_gz/share/husarion_office_gz/worlds//models/Tv/model.config
-- Up-to-date symlink: /root/ros2_code/humble/ros_bot/install/husarion_office_gz/share/husarion_office_gz/worlds//models/Tv/model.sdf
-- Up-to-date symlink: /root/ros2_code/humble/ros_bot/install/husarion_office_gz/share/husarion_office_gz/worlds//models/WaterDispenser/meshes/WaterDispenser.dae
-- Up-to-date symlink: /root/ros2_code/humble/ros_bot/install/husarion_office_gz/share/husarion_office_gz/worlds//models/WaterDispenser/model.config
-- Up-to-date symlink: /root/ros2_code/humble/ros_bot/install/husarion_office_gz/share/husarion_office_gz/worlds//models/WaterDispenser/model.sdf
-- Up-to-date symlink: /root/ros2_code/humble/ros_bot/install/husarion_office_gz/share/husarion_office_gz/worlds//models/WhiteCabinet/meshes/WhiteCabinet.mtl
-- Up-to-date symlink: /root/ros2_code/humble/ros_bot/install/husarion_office_gz/share/husarion_office_gz/worlds//models/WhiteCabinet/meshes/WhiteCabinet.obj
-- Up-to-date symlink: /root/ros2_code/humble/ros_bot/install/husarion_office_gz/share/husarion_office_gz/worlds//models/WhiteCabinet/meshes/WhiteCabinet.png
-- Up-to-date symlink: /root/ros2_code/humble/ros_bot/install/husarion_office_gz/share/husarion_office_gz/worlds//models/WhiteCabinet/model.config
-- Up-to-date symlink: /root/ros2_code/humble/ros_bot/install/husarion_office_gz/share/husarion_office_gz/worlds//models/WhiteCabinet/model.sdf
-- Up-to-date symlink: /root/ros2_code/humble/ros_bot/install/husarion_office_gz/share/husarion_office_gz/worlds//models/WhiteCabinet/thumbnails/1.png
-- Up-to-date symlink: /root/ros2_code/humble/ros_bot/install/husarion_office_gz/share/husarion_office_gz/worlds//models/WhiteCabinet/thumbnails/2.png
-- Up-to-date symlink: /root/ros2_code/humble/ros_bot/install/husarion_office_gz/share/husarion_office_gz/worlds//models/WhiteCabinet/thumbnails/3.png
-- Up-to-date symlink: /root/ros2_code/humble/ros_bot/install/husarion_office_gz/share/husarion_office_gz/worlds//models/WhiteCabinet/thumbnails/4.png
-- Up-to-date symlink: /root/ros2_code/humble/ros_bot/install/husarion_office_gz/share/husarion_office_gz/worlds//models/WhiteCabinet/thumbnails/5.png
-- Up-to-date symlink: /root/ros2_code/humble/ros_bot/install/husarion_office_gz/share/husarion_office_gz/worlds//models/WoodenChair/meshes/WoodenChair.mtl
-- Up-to-date symlink: /root/ros2_code/humble/ros_bot/install/husarion_office_gz/share/husarion_office_gz/worlds//models/WoodenChair/meshes/WoodenChair.obj
-- Up-to-date symlink: /root/ros2_code/humble/ros_bot/install/husarion_office_gz/share/husarion_office_gz/worlds//models/WoodenChair/meshes/WoodenChair_Col.mtl
-- Up-to-date symlink: /root/ros2_code/humble/ros_bot/install/husarion_office_gz/share/husarion_office_gz/worlds//models/WoodenChair/meshes/WoodenChair_Col.obj
-- Up-to-date symlink: /root/ros2_code/humble/ros_bot/install/husarion_office_gz/share/husarion_office_gz/worlds//models/WoodenChair/meshes/WoodenChair_Diffuse.png
-- Up-to-date symlink: /root/ros2_code/humble/ros_bot/install/husarion_office_gz/share/husarion_office_gz/worlds//models/WoodenChair/meshes/WoodenChair_Rough.png
-- Up-to-date symlink: /root/ros2_code/humble/ros_bot/install/husarion_office_gz/share/husarion_office_gz/worlds//models/WoodenChair/model.config
-- Up-to-date symlink: /root/ros2_code/humble/ros_bot/install/husarion_office_gz/share/husarion_office_gz/worlds//models/WoodenChair/model.sdf
-- Up-to-date symlink: /root/ros2_code/humble/ros_bot/install/husarion_office_gz/share/husarion_office_gz/worlds//models/WoodenChair/thumbnails/1.png
-- Up-to-date symlink: /root/ros2_code/humble/ros_bot/install/husarion_office_gz/share/husarion_office_gz/worlds//models/WoodenChair/thumbnails/2.png
-- Up-to-date symlink: /root/ros2_code/humble/ros_bot/install/husarion_office_gz/share/husarion_office_gz/worlds//models/WoodenChair/thumbnails/3.png
-- Up-to-date symlink: /root/ros2_code/humble/ros_bot/install/husarion_office_gz/share/husarion_office_gz/worlds//models/WoodenChair/thumbnails/4.png
-- Up-to-date symlink: /root/ros2_code/humble/ros_bot/install/husarion_office_gz/share/husarion_office_gz/worlds//models/WoodenChair/thumbnails/5.png
-- Up-to-date symlink: /root/ros2_code/humble/ros_bot/install/husarion_office_gz/share/husarion_office_gz/worlds//models/pradnicka_office_L1/meshes/black_concrete.png
-- Up-to-date symlink: /root/ros2_code/humble/ros_bot/install/husarion_office_gz/share/husarion_office_gz/worlds//models/pradnicka_office_L1/meshes/floor_1.mtl
-- Up-to-date symlink: /root/ros2_code/humble/ros_bot/install/husarion_office_gz/share/husarion_office_gz/worlds//models/pradnicka_office_L1/meshes/floor_1.obj
-- Up-to-date symlink: /root/ros2_code/humble/ros_bot/install/husarion_office_gz/share/husarion_office_gz/worlds//models/pradnicka_office_L1/meshes/floor_10.mtl
-- Up-to-date symlink: /root/ros2_code/humble/ros_bot/install/husarion_office_gz/share/husarion_office_gz/worlds//models/pradnicka_office_L1/meshes/floor_10.obj
-- Up-to-date symlink: /root/ros2_code/humble/ros_bot/install/husarion_office_gz/share/husarion_office_gz/worlds//models/pradnicka_office_L1/meshes/floor_11.mtl
-- Up-to-date symlink: /root/ros2_code/humble/ros_bot/install/husarion_office_gz/share/husarion_office_gz/worlds//models/pradnicka_office_L1/meshes/floor_11.obj
-- Up-to-date symlink: /root/ros2_code/humble/ros_bot/install/husarion_office_gz/share/husarion_office_gz/worlds//models/pradnicka_office_L1/meshes/floor_12.mtl
-- Up-to-date symlink: /root/ros2_code/humble/ros_bot/install/husarion_office_gz/share/husarion_office_gz/worlds//models/pradnicka_office_L1/meshes/floor_12.obj
-- Up-to-date symlink: /root/ros2_code/humble/ros_bot/install/husarion_office_gz/share/husarion_office_gz/worlds//models/pradnicka_office_L1/meshes/floor_13.mtl
-- Up-to-date symlink: /root/ros2_code/humble/ros_bot/install/husarion_office_gz/share/husarion_office_gz/worlds//models/pradnicka_office_L1/meshes/floor_13.obj
-- Up-to-date symlink: /root/ros2_code/humble/ros_bot/install/husarion_office_gz/share/husarion_office_gz/worlds//models/pradnicka_office_L1/meshes/floor_14.mtl
-- Up-to-date symlink: /root/ros2_code/humble/ros_bot/install/husarion_office_gz/share/husarion_office_gz/worlds//models/pradnicka_office_L1/meshes/floor_14.obj
-- Up-to-date symlink: /root/ros2_code/humble/ros_bot/install/husarion_office_gz/share/husarion_office_gz/worlds//models/pradnicka_office_L1/meshes/floor_2.mtl
-- Up-to-date symlink: /root/ros2_code/humble/ros_bot/install/husarion_office_gz/share/husarion_office_gz/worlds//models/pradnicka_office_L1/meshes/floor_2.obj
-- Up-to-date symlink: /root/ros2_code/humble/ros_bot/install/husarion_office_gz/share/husarion_office_gz/worlds//models/pradnicka_office_L1/meshes/floor_3.mtl
-- Up-to-date symlink: /root/ros2_code/humble/ros_bot/install/husarion_office_gz/share/husarion_office_gz/worlds//models/pradnicka_office_L1/meshes/floor_3.obj
-- Up-to-date symlink: /root/ros2_code/humble/ros_bot/install/husarion_office_gz/share/husarion_office_gz/worlds//models/pradnicka_office_L1/meshes/floor_4.mtl
-- Up-to-date symlink: /root/ros2_code/humble/ros_bot/install/husarion_office_gz/share/husarion_office_gz/worlds//models/pradnicka_office_L1/meshes/floor_4.obj
-- Up-to-date symlink: /root/ros2_code/humble/ros_bot/install/husarion_office_gz/share/husarion_office_gz/worlds//models/pradnicka_office_L1/meshes/floor_5.mtl
-- Up-to-date symlink: /root/ros2_code/humble/ros_bot/install/husarion_office_gz/share/husarion_office_gz/worlds//models/pradnicka_office_L1/meshes/floor_5.obj
-- Up-to-date symlink: /root/ros2_code/humble/ros_bot/install/husarion_office_gz/share/husarion_office_gz/worlds//models/pradnicka_office_L1/meshes/floor_6.mtl
-- Up-to-date symlink: /root/ros2_code/humble/ros_bot/install/husarion_office_gz/share/husarion_office_gz/worlds//models/pradnicka_office_L1/meshes/floor_6.obj
-- Up-to-date symlink: /root/ros2_code/humble/ros_bot/install/husarion_office_gz/share/husarion_office_gz/worlds//models/pradnicka_office_L1/meshes/floor_7.mtl
-- Up-to-date symlink: /root/ros2_code/humble/ros_bot/install/husarion_office_gz/share/husarion_office_gz/worlds//models/pradnicka_office_L1/meshes/floor_7.obj
-- Up-to-date symlink: /root/ros2_code/humble/ros_bot/install/husarion_office_gz/share/husarion_office_gz/worlds//models/pradnicka_office_L1/meshes/floor_8.mtl
-- Up-to-date symlink: /root/ros2_code/humble/ros_bot/install/husarion_office_gz/share/husarion_office_gz/worlds//models/pradnicka_office_L1/meshes/floor_8.obj
-- Up-to-date symlink: /root/ros2_code/humble/ros_bot/install/husarion_office_gz/share/husarion_office_gz/worlds//models/pradnicka_office_L1/meshes/floor_9.mtl
-- Up-to-date symlink: /root/ros2_code/humble/ros_bot/install/husarion_office_gz/share/husarion_office_gz/worlds//models/pradnicka_office_L1/meshes/floor_9.obj
-- Up-to-date symlink: /root/ros2_code/humble/ros_bot/install/husarion_office_gz/share/husarion_office_gz/worlds//models/pradnicka_office_L1/meshes/model.material
-- Up-to-date symlink: /root/ros2_code/humble/ros_bot/install/husarion_office_gz/share/husarion_office_gz/worlds//models/pradnicka_office_L1/meshes/wall_1.mtl
-- Up-to-date symlink: /root/ros2_code/humble/ros_bot/install/husarion_office_gz/share/husarion_office_gz/worlds//models/pradnicka_office_L1/meshes/wall_1.obj
-- Up-to-date symlink: /root/ros2_code/humble/ros_bot/install/husarion_office_gz/share/husarion_office_gz/worlds//models/pradnicka_office_L1/meshes/wall_2.mtl
-- Up-to-date symlink: /root/ros2_code/humble/ros_bot/install/husarion_office_gz/share/husarion_office_gz/worlds//models/pradnicka_office_L1/meshes/wall_2.obj
-- Up-to-date symlink: /root/ros2_code/humble/ros_bot/install/husarion_office_gz/share/husarion_office_gz/worlds//models/pradnicka_office_L1/meshes/white_carpet.png
-- Up-to-date symlink: /root/ros2_code/humble/ros_bot/install/husarion_office_gz/share/husarion_office_gz/worlds//models/pradnicka_office_L1/meshes/white_tiles.png
-- Up-to-date symlink: /root/ros2_code/humble/ros_bot/install/husarion_office_gz/share/husarion_office_gz/worlds//models/pradnicka_office_L1/meshes/white_wall.png
-- Up-to-date symlink: /root/ros2_code/humble/ros_bot/install/husarion_office_gz/share/husarion_office_gz/worlds//models/pradnicka_office_L1/meshes/wood1.png
-- Up-to-date symlink: /root/ros2_code/humble/ros_bot/install/husarion_office_gz/share/husarion_office_gz/worlds//models/pradnicka_office_L1/meshes/wood2.png
-- Up-to-date symlink: /root/ros2_code/humble/ros_bot/install/husarion_office_gz/share/husarion_office_gz/worlds//models/pradnicka_office_L1/model.config
-- Up-to-date symlink: /root/ros2_code/humble/ros_bot/install/husarion_office_gz/share/husarion_office_gz/worlds//models/pradnicka_office_L1/model.sdf
-- Up-to-date symlink: /root/ros2_code/humble/ros_bot/install/husarion_office_gz/share/husarion_office_gz/worlds//models/rosbot/meshes/astra.dae
-- Up-to-date symlink: /root/ros2_code/humble/ros_bot/install/husarion_office_gz/share/husarion_office_gz/worlds//models/rosbot/meshes/box.dae
-- Up-to-date symlink: /root/ros2_code/humble/ros_bot/install/husarion_office_gz/share/husarion_office_gz/worlds//models/rosbot/meshes/rplidar.dae
-- Up-to-date symlink: /root/ros2_code/humble/ros_bot/install/husarion_office_gz/share/husarion_office_gz/worlds//models/rosbot/meshes/upper.dae
-- Up-to-date symlink: /root/ros2_code/humble/ros_bot/install/husarion_office_gz/share/husarion_office_gz/worlds//models/rosbot/meshes/wheel-v2.stl
-- Up-to-date symlink: /root/ros2_code/humble/ros_bot/install/husarion_office_gz/share/husarion_office_gz/worlds//models/rosbot/meshes/wheel.dae
-- Up-to-date symlink: /root/ros2_code/humble/ros_bot/install/husarion_office_gz/share/husarion_office_gz/worlds//models/rosbot/model.config
-- Up-to-date symlink: /root/ros2_code/humble/ros_bot/install/husarion_office_gz/share/husarion_office_gz/worlds//models/rosbot/model.sdf
-- Up-to-date symlink: /root/ros2_code/humble/ros_bot/install/husarion_office_gz/share/husarion_office_gz/worlds//models/white_carpet.png
-- Up-to-date symlink: /root/ros2_code/humble/ros_bot/install/husarion_office_gz/share/husarion_office_gz/worlds//models/white_wall.png
-- Up-to-date symlink: /root/ros2_code/humble/ros_bot/install/husarion_office_gz/share/husarion_office_gz/worlds//models/wood1.png
-- Up-to-date symlink: /root/ros2_code/humble/ros_bot/install/husarion_office_gz/share/husarion_office_gz/worlds//models/wood2.png
-- Up-to-date symlink: /root/ros2_code/humble/ros_bot/install/husarion_office_gz/share/husarion_office_gz/worlds//nav2_maps/office_map.png
-- Up-to-date symlink: /root/ros2_code/humble/ros_bot/install/husarion_office_gz/share/husarion_office_gz/worlds//nav2_maps/office_map.yaml
-- Up-to-date symlink: /root/ros2_code/humble/ros_bot/install/husarion_office_gz/share/ament_index/resource_index/package_run_dependencies/husarion_office_gz
-- Up-to-date symlink: /root/ros2_code/humble/ros_bot/install/husarion_office_gz/share/ament_index/resource_index/parent_prefix_path/husarion_office_gz
-- Up-to-date symlink: /root/ros2_code/humble/ros_bot/install/husarion_office_gz/share/husarion_office_gz/environment/ament_prefix_path.sh
-- Up-to-date symlink: /root/ros2_code/humble/ros_bot/install/husarion_office_gz/share/husarion_office_gz/environment/ament_prefix_path.dsv
-- Up-to-date symlink: /root/ros2_code/humble/ros_bot/install/husarion_office_gz/share/husarion_office_gz/environment/path.sh
-- Up-to-date symlink: /root/ros2_code/humble/ros_bot/install/husarion_office_gz/share/husarion_office_gz/environment/path.dsv
-- Up-to-date symlink: /root/ros2_code/humble/ros_bot/install/husarion_office_gz/share/husarion_office_gz/local_setup.bash
-- Up-to-date symlink: /root/ros2_code/humble/ros_bot/install/husarion_office_gz/share/husarion_office_gz/local_setup.sh
-- Up-to-date symlink: /root/ros2_code/humble/ros_bot/install/husarion_office_gz/share/husarion_office_gz/local_setup.zsh
-- Up-to-date symlink: /root/ros2_code/humble/ros_bot/install/husarion_office_gz/share/husarion_office_gz/local_setup.dsv
-- Symlinking: /root/ros2_code/humble/ros_bot/install/husarion_office_gz/share/husarion_office_gz/package.dsv
-- Up-to-date symlink: /root/ros2_code/humble/ros_bot/install/husarion_office_gz/share/ament_index/resource_index/packages/husarion_office_gz
-- Up-to-date symlink: /root/ros2_code/humble/ros_bot/install/husarion_office_gz/share/husarion_office_gz/cmake/husarion_office_gzConfig.cmake
-- Up-to-date symlink: /root/ros2_code/humble/ros_bot/install/husarion_office_gz/share/husarion_office_gz/cmake/husarion_office_gzConfig-version.cmake
-- Up-to-date symlink: /root/ros2_code/humble/ros_bot/install/husarion_office_gz/share/husarion_office_gz/package.xml
