[0.163s] Invoking command in '/root/ros2_code/humble/tc_ros2_urdf/build/urdfbot_description': CMAKE_PREFIX_PATH=${CMAKE_PREFIX_PATH}:/root/ros2_code/humble/learning/install/ball_tracker:/opt/ros/humble /usr/bin/cmake --build /root/ros2_code/humble/tc_ros2_urdf/build/urdfbot_description -- -j12 -l12
[0.204s] Invoked command in '/root/ros2_code/humble/tc_ros2_urdf/build/urdfbot_description' returned '0': CMAKE_PREFIX_PATH=${CMAKE_PREFIX_PATH}:/root/ros2_code/humble/learning/install/ball_tracker:/opt/ros/humble /usr/bin/cmake --build /root/ros2_code/humble/tc_ros2_urdf/build/urdfbot_description -- -j12 -l12
[0.273s] Invoking command in '/root/ros2_code/humble/tc_ros2_urdf/build/urdfbot_description': CMAKE_PREFIX_PATH=${CMAKE_PREFIX_PATH}:/root/ros2_code/humble/learning/install/ball_tracker:/opt/ros/humble /usr/bin/cmake --install /root/ros2_code/humble/tc_ros2_urdf/build/urdfbot_description
[0.287s] -- Install configuration: ""
[0.290s] -- Execute custom install script
[0.293s] -- Up-to-date symlink: /root/ros2_code/humble/tc_ros2_urdf/install/urdfbot_description/share/urdfbot_description//urdf/urdfbot_simple.urdf
[0.294s] -- Up-to-date symlink: /root/ros2_code/humble/tc_ros2_urdf/install/urdfbot_description/share/urdfbot_description//rviz/urdf_vis.rviz
[0.295s] -- Up-to-date symlink: /root/ros2_code/humble/tc_ros2_urdf/install/urdfbot_description/share/urdfbot_description//launch/urdf_visualize.launch.py
[0.295s] -- Up-to-date symlink: /root/ros2_code/humble/tc_ros2_urdf/install/urdfbot_description/share/urdfbot_description//launch/urdf_visualize_rviz.launch.py
[0.296s] -- Up-to-date symlink: /root/ros2_code/humble/tc_ros2_urdf/install/urdfbot_description/share/urdfbot_description//meshes/urdfbot_body.dae
[0.297s] -- Up-to-date symlink: /root/ros2_code/humble/tc_ros2_urdf/install/urdfbot_description/share/urdfbot_description//meshes/urdfbot_claw.dae
[0.297s] -- Up-to-date symlink: /root/ros2_code/humble/tc_ros2_urdf/install/urdfbot_description/share/urdfbot_description//meshes/urdfbot_foot.dae
[0.297s] -- Up-to-date symlink: /root/ros2_code/humble/tc_ros2_urdf/install/urdfbot_description/share/urdfbot_description//meshes/urdfbot_head.dae
[0.298s] -- Up-to-date symlink: /root/ros2_code/humble/tc_ros2_urdf/install/urdfbot_description/share/urdfbot_description//meshes/urdfbot_limb.dae
[0.298s] -- Up-to-date symlink: /root/ros2_code/humble/tc_ros2_urdf/install/urdfbot_description/share/urdfbot_description//meshes/urdfbot_texture.png
[0.298s] -- Up-to-date symlink: /root/ros2_code/humble/tc_ros2_urdf/install/urdfbot_description/share/ament_index/resource_index/package_run_dependencies/urdfbot_description
[0.299s] -- Up-to-date symlink: /root/ros2_code/humble/tc_ros2_urdf/install/urdfbot_description/share/ament_index/resource_index/parent_prefix_path/urdfbot_description
[0.299s] -- Up-to-date symlink: /root/ros2_code/humble/tc_ros2_urdf/install/urdfbot_description/share/urdfbot_description/environment/ament_prefix_path.sh
[0.299s] -- Up-to-date symlink: /root/ros2_code/humble/tc_ros2_urdf/install/urdfbot_description/share/urdfbot_description/environment/ament_prefix_path.dsv
[0.300s] -- Up-to-date symlink: /root/ros2_code/humble/tc_ros2_urdf/install/urdfbot_description/share/urdfbot_description/environment/path.sh
[0.300s] -- Up-to-date symlink: /root/ros2_code/humble/tc_ros2_urdf/install/urdfbot_description/share/urdfbot_description/environment/path.dsv
[0.300s] -- Up-to-date symlink: /root/ros2_code/humble/tc_ros2_urdf/install/urdfbot_description/share/urdfbot_description/local_setup.bash
[0.300s] -- Up-to-date symlink: /root/ros2_code/humble/tc_ros2_urdf/install/urdfbot_description/share/urdfbot_description/local_setup.sh
[0.301s] -- Up-to-date symlink: /root/ros2_code/humble/tc_ros2_urdf/install/urdfbot_description/share/urdfbot_description/local_setup.zsh
[0.301s] -- Up-to-date symlink: /root/ros2_code/humble/tc_ros2_urdf/install/urdfbot_description/share/urdfbot_description/local_setup.dsv
[0.301s] -- Symlinking: /root/ros2_code/humble/tc_ros2_urdf/install/urdfbot_description/share/urdfbot_description/package.dsv
[0.313s] -- Up-to-date symlink: /root/ros2_code/humble/tc_ros2_urdf/install/urdfbot_description/share/ament_index/resource_index/packages/urdfbot_description
[0.313s] -- Up-to-date symlink: /root/ros2_code/humble/tc_ros2_urdf/install/urdfbot_description/share/urdfbot_description/cmake/urdfbot_descriptionConfig.cmake
[0.313s] -- Up-to-date symlink: /root/ros2_code/humble/tc_ros2_urdf/install/urdfbot_description/share/urdfbot_description/cmake/urdfbot_descriptionConfig-version.cmake
[0.314s] -- Up-to-date symlink: /root/ros2_code/humble/tc_ros2_urdf/install/urdfbot_description/share/urdfbot_description/package.xml
[0.321s] Invoked command in '/root/ros2_code/humble/tc_ros2_urdf/build/urdfbot_description' returned '0': CMAKE_PREFIX_PATH=${CMAKE_PREFIX_PATH}:/root/ros2_code/humble/learning/install/ball_tracker:/opt/ros/humble /usr/bin/cmake --install /root/ros2_code/humble/tc_ros2_urdf/build/urdfbot_description
