[0.928s] Invoking command in '/root/ros2_code/humble/dai_ws/build/depthai_examples': CMAKE_PREFIX_PATH=/root/ros2_code/humble/dai_ws/install/depthai_bridge:/root/ros2_code/humble/dai_ws/install/depthai_ros_msgs:/root/ros2_code/humble/dai_ws/install/depthai_descriptions:/root/ros2_code/humble/dai_ws/install/pointcloud_to_laserscan:/root/ros2_code/humble/dai_ws/install/depthimage_to_laserscan:/root/ros2_code/humble/dai_ws/install/depthai-ros:/root/ros2_code/humble/dai_ws/install/depthai_ros_driver:/root/ros2_code/humble/dai_ws/install/depthai_filters:/root/ros2_code/humble/dai_ws/install/depthai_examples:/root/cyglidar_ws/install/cyglidar_d1_ros2:/root/dai_ws/install/depthai-ros:/root/dai_ws/install/depthai_ros_driver:/root/dai_ws/install/depthai_filters:/root/dai_ws/install/depthai_examples:/root/dai_ws/install/depthai_bridge:/root/dai_ws/install/depthai_ros_msgs:/root/dai_ws/install/depthai_descriptions:/root/ros2_code/humble/learning/install/articubot_one:/root/ros2_code/humble/frc9202/install/yolov8_msgs:/root/ros2_code/humble/frc9202/install/yolo_recognition:/root/ros2_code/humble/frc9202/install/gazebo_setup_pkg:/root/ros2_code/humble/surround_view_ros/install/omni_robot_description:/root/ros2_code/humble/surround_view_ros/install/omni_control:/root/ros2_code/humble/surround_view_ros/install/gazebo_simulation:/root/ros2_code/humble/learning/install/ball_tracker:/opt/ros/humble LD_LIBRARY_PATH=/root/ros2_code/humble/dai_ws/install/depthai_bridge/lib:/root/ros2_code/humble/dai_ws/install/depthai_ros_msgs/lib:/root/ros2_code/humble/dai_ws/install/pointcloud_to_laserscan/lib:/root/ros2_code/humble/dai_ws/install/depthimage_to_laserscan/lib:/root/ros2_code/humble/dai_ws/install/depthai_ros_driver/lib:/root/ros2_code/humble/dai_ws/install/depthai_filters/lib:/root/dai_ws/install/depthai_ros_driver/lib:/root/dai_ws/install/depthai_filters/lib:/root/dai_ws/install/depthai_bridge/lib:/root/dai_ws/install/depthai_ros_msgs/lib:/root/ros2_code/humble/frc9202/install/yolov8_msgs/lib:/usr/lib/x86_64-linux-gnu/gazebo-11/plugins:/opt/ros/humble/opt/rviz_ogre_vendor/lib:/opt/ros/humble/lib/x86_64-linux-gnu:/opt/ros/humble/lib /usr/bin/cmake --build /root/ros2_code/humble/dai_ws/build/depthai_examples -- -j12 -l12
[1.247s] [ 12%] Built target crop_control_service
[1.255s] [ 25%] Built target stereo_inertial_node
[1.256s] [ 37%] Built target rgb_stereo_node
[1.261s] [ 50%] Built target mobilenet_node
[1.262s] [ 62%] Built target yolov4_node
[1.264s] [ 75%] Built target stereo_node
[1.265s] [ 87%] Built target yolov4_spatial_node
[1.272s] [100%] Built target feature_tracker
[1.322s] Invoked command in '/root/ros2_code/humble/dai_ws/build/depthai_examples' returned '0': CMAKE_PREFIX_PATH=/root/ros2_code/humble/dai_ws/install/depthai_bridge:/root/ros2_code/humble/dai_ws/install/depthai_ros_msgs:/root/ros2_code/humble/dai_ws/install/depthai_descriptions:/root/ros2_code/humble/dai_ws/install/pointcloud_to_laserscan:/root/ros2_code/humble/dai_ws/install/depthimage_to_laserscan:/root/ros2_code/humble/dai_ws/install/depthai-ros:/root/ros2_code/humble/dai_ws/install/depthai_ros_driver:/root/ros2_code/humble/dai_ws/install/depthai_filters:/root/ros2_code/humble/dai_ws/install/depthai_examples:/root/cyglidar_ws/install/cyglidar_d1_ros2:/root/dai_ws/install/depthai-ros:/root/dai_ws/install/depthai_ros_driver:/root/dai_ws/install/depthai_filters:/root/dai_ws/install/depthai_examples:/root/dai_ws/install/depthai_bridge:/root/dai_ws/install/depthai_ros_msgs:/root/dai_ws/install/depthai_descriptions:/root/ros2_code/humble/learning/install/articubot_one:/root/ros2_code/humble/frc9202/install/yolov8_msgs:/root/ros2_code/humble/frc9202/install/yolo_recognition:/root/ros2_code/humble/frc9202/install/gazebo_setup_pkg:/root/ros2_code/humble/surround_view_ros/install/omni_robot_description:/root/ros2_code/humble/surround_view_ros/install/omni_control:/root/ros2_code/humble/surround_view_ros/install/gazebo_simulation:/root/ros2_code/humble/learning/install/ball_tracker:/opt/ros/humble LD_LIBRARY_PATH=/root/ros2_code/humble/dai_ws/install/depthai_bridge/lib:/root/ros2_code/humble/dai_ws/install/depthai_ros_msgs/lib:/root/ros2_code/humble/dai_ws/install/pointcloud_to_laserscan/lib:/root/ros2_code/humble/dai_ws/install/depthimage_to_laserscan/lib:/root/ros2_code/humble/dai_ws/install/depthai_ros_driver/lib:/root/ros2_code/humble/dai_ws/install/depthai_filters/lib:/root/dai_ws/install/depthai_ros_driver/lib:/root/dai_ws/install/depthai_filters/lib:/root/dai_ws/install/depthai_bridge/lib:/root/dai_ws/install/depthai_ros_msgs/lib:/root/ros2_code/humble/frc9202/install/yolov8_msgs/lib:/usr/lib/x86_64-linux-gnu/gazebo-11/plugins:/opt/ros/humble/opt/rviz_ogre_vendor/lib:/opt/ros/humble/lib/x86_64-linux-gnu:/opt/ros/humble/lib /usr/bin/cmake --build /root/ros2_code/humble/dai_ws/build/depthai_examples -- -j12 -l12
[1.609s] Invoking command in '/root/ros2_code/humble/dai_ws/build/depthai_examples': CMAKE_PREFIX_PATH=/root/ros2_code/humble/dai_ws/install/depthai_bridge:/root/ros2_code/humble/dai_ws/install/depthai_ros_msgs:/root/ros2_code/humble/dai_ws/install/depthai_descriptions:/root/ros2_code/humble/dai_ws/install/pointcloud_to_laserscan:/root/ros2_code/humble/dai_ws/install/depthimage_to_laserscan:/root/ros2_code/humble/dai_ws/install/depthai-ros:/root/ros2_code/humble/dai_ws/install/depthai_ros_driver:/root/ros2_code/humble/dai_ws/install/depthai_filters:/root/ros2_code/humble/dai_ws/install/depthai_examples:/root/cyglidar_ws/install/cyglidar_d1_ros2:/root/dai_ws/install/depthai-ros:/root/dai_ws/install/depthai_ros_driver:/root/dai_ws/install/depthai_filters:/root/dai_ws/install/depthai_examples:/root/dai_ws/install/depthai_bridge:/root/dai_ws/install/depthai_ros_msgs:/root/dai_ws/install/depthai_descriptions:/root/ros2_code/humble/learning/install/articubot_one:/root/ros2_code/humble/frc9202/install/yolov8_msgs:/root/ros2_code/humble/frc9202/install/yolo_recognition:/root/ros2_code/humble/frc9202/install/gazebo_setup_pkg:/root/ros2_code/humble/surround_view_ros/install/omni_robot_description:/root/ros2_code/humble/surround_view_ros/install/omni_control:/root/ros2_code/humble/surround_view_ros/install/gazebo_simulation:/root/ros2_code/humble/learning/install/ball_tracker:/opt/ros/humble LD_LIBRARY_PATH=/root/ros2_code/humble/dai_ws/install/depthai_bridge/lib:/root/ros2_code/humble/dai_ws/install/depthai_ros_msgs/lib:/root/ros2_code/humble/dai_ws/install/pointcloud_to_laserscan/lib:/root/ros2_code/humble/dai_ws/install/depthimage_to_laserscan/lib:/root/ros2_code/humble/dai_ws/install/depthai_ros_driver/lib:/root/ros2_code/humble/dai_ws/install/depthai_filters/lib:/root/dai_ws/install/depthai_ros_driver/lib:/root/dai_ws/install/depthai_filters/lib:/root/dai_ws/install/depthai_bridge/lib:/root/dai_ws/install/depthai_ros_msgs/lib:/root/ros2_code/humble/frc9202/install/yolov8_msgs/lib:/usr/lib/x86_64-linux-gnu/gazebo-11/plugins:/opt/ros/humble/opt/rviz_ogre_vendor/lib:/opt/ros/humble/lib/x86_64-linux-gnu:/opt/ros/humble/lib /usr/bin/cmake --install /root/ros2_code/humble/dai_ws/build/depthai_examples
[1.645s] -- Install configuration: ""
[1.646s] -- Execute custom install script
[1.649s] -- Up-to-date symlink: /root/ros2_code/humble/dai_ws/install/depthai_examples/share/depthai_examples/params/camera/color.yaml
[1.649s] -- Up-to-date symlink: /root/ros2_code/humble/dai_ws/install/depthai_examples/share/depthai_examples/params/camera/left.yaml
[1.650s] -- Up-to-date symlink: /root/ros2_code/humble/dai_ws/install/depthai_examples/share/depthai_examples/params/camera/right.yaml
[1.652s] -- Up-to-date symlink: /root/ros2_code/humble/dai_ws/install/depthai_examples/share/depthai_examples/rviz/pointCloud.rviz
[1.653s] -- Up-to-date symlink: /root/ros2_code/humble/dai_ws/install/depthai_examples/share/depthai_examples/rviz/rgb_camera.rviz
[1.654s] -- Up-to-date symlink: /root/ros2_code/humble/dai_ws/install/depthai_examples/share/depthai_examples/rviz/stereoInertial.rviz
[1.654s] -- Up-to-date symlink: /root/ros2_code/humble/dai_ws/install/depthai_examples/share/depthai_examples/rviz/stereoInertialDepthAlign.rviz
[1.655s] -- Up-to-date symlink: /root/ros2_code/humble/dai_ws/install/depthai_examples/share/depthai_examples/rviz/stereoInertialDepthAlignROS2.rviz
[1.655s] -- Up-to-date symlink: /root/ros2_code/humble/dai_ws/install/depthai_examples/share/depthai_examples/rviz/stereoInertialROS1.rviz
[1.656s] -- Up-to-date symlink: /root/ros2_code/humble/dai_ws/install/depthai_examples/share/depthai_examples/rviz/stereoPointCloud.rviz
[1.657s] -- Up-to-date symlink: /root/ros2_code/humble/dai_ws/install/depthai_examples/share/depthai_examples/rviz/stereoPointCloud_v1.rviz
[1.658s] -- Up-to-date symlink: /root/ros2_code/humble/dai_ws/install/depthai_examples/share/depthai_examples/rviz/stereo_config.rviz
[1.659s] -- Up-to-date symlink: /root/ros2_code/humble/dai_ws/install/depthai_examples/share/depthai_examples/rviz/stereo_nodelet.rviz
[1.661s] -- Up-to-date symlink: /root/ros2_code/humble/dai_ws/install/depthai_examples/share/depthai_examples/resources/deeplab_v3_plus_mnv2_decoder_256_openvino_2021.4.blob
[1.661s] -- Up-to-date symlink: /root/ros2_code/humble/dai_ws/install/depthai_examples/share/depthai_examples/resources/mobilenet-ssd_openvino_2021.2_6shave.blob
[1.662s] -- Up-to-date symlink: /root/ros2_code/humble/dai_ws/install/depthai_examples/share/depthai_examples/resources/yolov4_tiny_coco_416x416_openvino_2021.4_6shave_bgr.blob
[1.664s] -- Up-to-date symlink: /root/ros2_code/humble/dai_ws/install/depthai_examples/lib/depthai_examples/crop_control_service
[1.665s] -- Up-to-date symlink: /root/ros2_code/humble/dai_ws/install/depthai_examples/lib/depthai_examples/mobilenet_node
[1.667s] -- Up-to-date symlink: /root/ros2_code/humble/dai_ws/install/depthai_examples/lib/depthai_examples/rgb_stereo_node
[1.668s] -- Up-to-date symlink: /root/ros2_code/humble/dai_ws/install/depthai_examples/lib/depthai_examples/stereo_inertial_node
[1.669s] -- Up-to-date symlink: /root/ros2_code/humble/dai_ws/install/depthai_examples/lib/depthai_examples/stereo_node
[1.670s] -- Up-to-date symlink: /root/ros2_code/humble/dai_ws/install/depthai_examples/lib/depthai_examples/yolov4_spatial_node
[1.671s] -- Up-to-date symlink: /root/ros2_code/humble/dai_ws/install/depthai_examples/lib/depthai_examples/yolov4_node
[1.672s] -- Up-to-date symlink: /root/ros2_code/humble/dai_ws/install/depthai_examples/lib/depthai_examples/feature_tracker
[1.674s] -- Up-to-date symlink: /root/ros2_code/humble/dai_ws/install/depthai_examples/share/ament_index/resource_index/package_run_dependencies/depthai_examples
[1.675s] -- Up-to-date symlink: /root/ros2_code/humble/dai_ws/install/depthai_examples/share/ament_index/resource_index/parent_prefix_path/depthai_examples
[1.676s] -- Up-to-date symlink: /root/ros2_code/humble/dai_ws/install/depthai_examples/share/depthai_examples/environment/ament_prefix_path.sh
[1.677s] -- Up-to-date symlink: /root/ros2_code/humble/dai_ws/install/depthai_examples/share/depthai_examples/environment/ament_prefix_path.dsv
[1.677s] -- Up-to-date symlink: /root/ros2_code/humble/dai_ws/install/depthai_examples/share/depthai_examples/environment/path.sh
[1.678s] -- Up-to-date symlink: /root/ros2_code/humble/dai_ws/install/depthai_examples/share/depthai_examples/environment/path.dsv
[1.679s] -- Up-to-date symlink: /root/ros2_code/humble/dai_ws/install/depthai_examples/share/depthai_examples/local_setup.bash
[1.680s] -- Up-to-date symlink: /root/ros2_code/humble/dai_ws/install/depthai_examples/share/depthai_examples/local_setup.sh
[1.681s] -- Up-to-date symlink: /root/ros2_code/humble/dai_ws/install/depthai_examples/share/depthai_examples/local_setup.zsh
[1.681s] -- Up-to-date symlink: /root/ros2_code/humble/dai_ws/install/depthai_examples/share/depthai_examples/local_setup.dsv
[1.682s] -- Symlinking: /root/ros2_code/humble/dai_ws/install/depthai_examples/share/depthai_examples/package.dsv
[1.723s] -- Up-to-date symlink: /root/ros2_code/humble/dai_ws/install/depthai_examples/share/ament_index/resource_index/packages/depthai_examples
[1.724s] -- Up-to-date symlink: /root/ros2_code/humble/dai_ws/install/depthai_examples/share/depthai_examples/cmake/depthai_examplesConfig.cmake
[1.726s] -- Up-to-date symlink: /root/ros2_code/humble/dai_ws/install/depthai_examples/share/depthai_examples/cmake/depthai_examplesConfig-version.cmake
[1.727s] -- Up-to-date symlink: /root/ros2_code/humble/dai_ws/install/depthai_examples/share/depthai_examples/package.xml
[1.728s] -- Up-to-date: /root/ros2_code/humble/dai_ws/install/depthai_examples/share/depthai_examples/launch
[1.728s] -- Up-to-date: /root/ros2_code/humble/dai_ws/install/depthai_examples/share/depthai_examples/launch/mobile_publisher.launch.py
[1.728s] -- Up-to-date: /root/ros2_code/humble/dai_ws/install/depthai_examples/share/depthai_examples/launch/stereo.launch.py
[1.728s] -- Up-to-date: /root/ros2_code/humble/dai_ws/install/depthai_examples/share/depthai_examples/launch/rgb_stereo_node.launch.py
[1.729s] -- Up-to-date: /root/ros2_code/humble/dai_ws/install/depthai_examples/share/depthai_examples/launch/yolov4_publisher.launch.py
[1.729s] -- Up-to-date: /root/ros2_code/humble/dai_ws/install/depthai_examples/share/depthai_examples/launch/stereo_inertial_node.launch.py
[1.739s] Invoked command in '/root/ros2_code/humble/dai_ws/build/depthai_examples' returned '0': CMAKE_PREFIX_PATH=/root/ros2_code/humble/dai_ws/install/depthai_bridge:/root/ros2_code/humble/dai_ws/install/depthai_ros_msgs:/root/ros2_code/humble/dai_ws/install/depthai_descriptions:/root/ros2_code/humble/dai_ws/install/pointcloud_to_laserscan:/root/ros2_code/humble/dai_ws/install/depthimage_to_laserscan:/root/ros2_code/humble/dai_ws/install/depthai-ros:/root/ros2_code/humble/dai_ws/install/depthai_ros_driver:/root/ros2_code/humble/dai_ws/install/depthai_filters:/root/ros2_code/humble/dai_ws/install/depthai_examples:/root/cyglidar_ws/install/cyglidar_d1_ros2:/root/dai_ws/install/depthai-ros:/root/dai_ws/install/depthai_ros_driver:/root/dai_ws/install/depthai_filters:/root/dai_ws/install/depthai_examples:/root/dai_ws/install/depthai_bridge:/root/dai_ws/install/depthai_ros_msgs:/root/dai_ws/install/depthai_descriptions:/root/ros2_code/humble/learning/install/articubot_one:/root/ros2_code/humble/frc9202/install/yolov8_msgs:/root/ros2_code/humble/frc9202/install/yolo_recognition:/root/ros2_code/humble/frc9202/install/gazebo_setup_pkg:/root/ros2_code/humble/surround_view_ros/install/omni_robot_description:/root/ros2_code/humble/surround_view_ros/install/omni_control:/root/ros2_code/humble/surround_view_ros/install/gazebo_simulation:/root/ros2_code/humble/learning/install/ball_tracker:/opt/ros/humble LD_LIBRARY_PATH=/root/ros2_code/humble/dai_ws/install/depthai_bridge/lib:/root/ros2_code/humble/dai_ws/install/depthai_ros_msgs/lib:/root/ros2_code/humble/dai_ws/install/pointcloud_to_laserscan/lib:/root/ros2_code/humble/dai_ws/install/depthimage_to_laserscan/lib:/root/ros2_code/humble/dai_ws/install/depthai_ros_driver/lib:/root/ros2_code/humble/dai_ws/install/depthai_filters/lib:/root/dai_ws/install/depthai_ros_driver/lib:/root/dai_ws/install/depthai_filters/lib:/root/dai_ws/install/depthai_bridge/lib:/root/dai_ws/install/depthai_ros_msgs/lib:/root/ros2_code/humble/frc9202/install/yolov8_msgs/lib:/usr/lib/x86_64-linux-gnu/gazebo-11/plugins:/opt/ros/humble/opt/rviz_ogre_vendor/lib:/opt/ros/humble/lib/x86_64-linux-gnu:/opt/ros/humble/lib /usr/bin/cmake --install /root/ros2_code/humble/dai_ws/build/depthai_examples
