[2.340s] Invoking command in '/root/ros2_code/humble/tc_ros2_nav/src/ros2_nav_files/nav2_project': PYTHONPATH=/root/ros2_code/humble/tc_ros2_nav/build/nav2_project/prefix_override:/root/ros2_code/humble/tc_ros2_nav/install/nav2_project/lib/python3.10/site-packages:${PYTHONPATH} /usr/bin/python3 setup.py egg_info --egg-base ../../../build/nav2_project build --build-base /root/ros2_code/humble/tc_ros2_nav/build/nav2_project/build install --record /root/ros2_code/humble/tc_ros2_nav/build/nav2_project/install.log --single-version-externally-managed
[2.576s] running egg_info
[2.576s] writing ../../../build/nav2_project/nav2_project.egg-info/PKG-INFO
[2.576s] writing dependency_links to ../../../build/nav2_project/nav2_project.egg-info/dependency_links.txt
[2.576s] writing entry points to ../../../build/nav2_project/nav2_project.egg-info/entry_points.txt
[2.577s] writing requirements to ../../../build/nav2_project/nav2_project.egg-info/requires.txt
[2.577s] writing top-level names to ../../../build/nav2_project/nav2_project.egg-info/top_level.txt
[2.578s] reading manifest file '../../../build/nav2_project/nav2_project.egg-info/SOURCES.txt'
[2.579s] writing manifest file '../../../build/nav2_project/nav2_project.egg-info/SOURCES.txt'
[2.579s] running build
[2.579s] running build_py
[2.579s] running install
[2.579s] running install_lib
[2.580s] running install_data
[2.581s] running install_egg_info
[2.582s] removing '/root/ros2_code/humble/tc_ros2_nav/install/nav2_project/lib/python3.10/site-packages/nav2_project-0.0.0-py3.10.egg-info' (and everything under it)
[2.583s] Copying ../../../build/nav2_project/nav2_project.egg-info to /root/ros2_code/humble/tc_ros2_nav/install/nav2_project/lib/python3.10/site-packages/nav2_project-0.0.0-py3.10.egg-info
[2.584s] running install_scripts
[2.599s] Installing go_to_pose script to /root/ros2_code/humble/tc_ros2_nav/install/nav2_project/lib/nav2_project
[2.599s] Installing spot_recorder script to /root/ros2_code/humble/tc_ros2_nav/install/nav2_project/lib/nav2_project
[2.600s] writing list of installed files to '/root/ros2_code/humble/tc_ros2_nav/build/nav2_project/install.log'
[2.676s] Invoked command in '/root/ros2_code/humble/tc_ros2_nav/src/ros2_nav_files/nav2_project' returned '0': PYTHONPATH=/root/ros2_code/humble/tc_ros2_nav/build/nav2_project/prefix_override:/root/ros2_code/humble/tc_ros2_nav/install/nav2_project/lib/python3.10/site-packages:${PYTHONPATH} /usr/bin/python3 setup.py egg_info --egg-base ../../../build/nav2_project build --build-base /root/ros2_code/humble/tc_ros2_nav/build/nav2_project/build install --record /root/ros2_code/humble/tc_ros2_nav/build/nav2_project/install.log --single-version-externally-managed
