[3.283s] Invoking command in '/root/ros2_code/humble/dai_ws/build/depthai_ros_msgs': CMAKE_PREFIX_PATH=${CMAKE_PREFIX_PATH}:/root/ros2_code/humble/learning/install/ball_tracker:/opt/ros/humble /usr/bin/cmake --build /root/ros2_code/humble/dai_ws/build/depthai_ros_msgs -- -j12 -l12
[3.607s] [  0%] Built target depthai_ros_msgs__cpp
[3.645s] [ 12%] Built target depthai_ros_msgs__rosidl_generator_c
[3.663s] [ 12%] Built target ament_cmake_python_symlink_depthai_ros_msgs
[3.866s] [ 24%] Built target depthai_ros_msgs__rosidl_typesupport_cpp
[3.887s] [ 38%] Built target depthai_ros_msgs__rosidl_typesupport_fastrtps_cpp
[3.888s] [ 46%] Built target depthai_ros_msgs__rosidl_typesupport_c
[3.900s] [ 58%] Built target depthai_ros_msgs__rosidl_typesupport_introspection_cpp
[3.908s] [ 70%] Built target depthai_ros_msgs__rosidl_typesupport_fastrtps_c
[3.924s] [ 82%] Built target depthai_ros_msgs__rosidl_typesupport_introspection_c
[4.081s] [ 82%] Built target depthai_ros_msgs
[4.230s] [ 83%] Built target depthai_ros_msgs__py
[4.369s] [ 94%] Built target depthai_ros_msgs__rosidl_generator_py
[4.510s] [ 96%] Built target depthai_ros_msgs__rosidl_typesupport_c__pyext
[4.514s] [100%] Built target depthai_ros_msgs__rosidl_typesupport_introspection_c__pyext
[4.515s] [100%] Built target depthai_ros_msgs__rosidl_typesupport_fastrtps_c__pyext
[5.534s] running egg_info
[5.536s] writing depthai_ros_msgs.egg-info/PKG-INFO
[5.537s] writing dependency_links to depthai_ros_msgs.egg-info/dependency_links.txt
[5.537s] writing top-level names to depthai_ros_msgs.egg-info/top_level.txt
[5.548s] reading manifest file 'depthai_ros_msgs.egg-info/SOURCES.txt'
[5.551s] writing manifest file 'depthai_ros_msgs.egg-info/SOURCES.txt'
[5.667s] [100%] Built target ament_cmake_python_build_depthai_ros_msgs_egg
[6.720s] Invoked command in '/root/ros2_code/humble/dai_ws/build/depthai_ros_msgs' returned '0': CMAKE_PREFIX_PATH=${CMAKE_PREFIX_PATH}:/root/ros2_code/humble/learning/install/ball_tracker:/opt/ros/humble /usr/bin/cmake --build /root/ros2_code/humble/dai_ws/build/depthai_ros_msgs -- -j12 -l12
[8.292s] Invoking command in '/root/ros2_code/humble/dai_ws/build/depthai_ros_msgs': CMAKE_PREFIX_PATH=${CMAKE_PREFIX_PATH}:/root/ros2_code/humble/learning/install/ball_tracker:/opt/ros/humble /usr/bin/cmake --install /root/ros2_code/humble/dai_ws/build/depthai_ros_msgs
[8.329s] -- Install configuration: ""
[8.333s] -- Execute custom install script
[8.334s] -- Up-to-date symlink: /root/ros2_code/humble/dai_ws/install/depthai_ros_msgs/share/ament_index/resource_index/rosidl_interfaces/depthai_ros_msgs
[8.340s] -- Up-to-date symlink: /root/ros2_code/humble/dai_ws/install/depthai_ros_msgs/include/depthai_ros_msgs/depthai_ros_msgs/msg/auto_focus_ctrl.h
[8.341s] -- Up-to-date symlink: /root/ros2_code/humble/dai_ws/install/depthai_ros_msgs/include/depthai_ros_msgs/depthai_ros_msgs/msg/detail/auto_focus_ctrl__functions.h
[8.343s] -- Up-to-date symlink: /root/ros2_code/humble/dai_ws/install/depthai_ros_msgs/include/depthai_ros_msgs/depthai_ros_msgs/msg/detail/auto_focus_ctrl__struct.h
[8.344s] -- Up-to-date symlink: /root/ros2_code/humble/dai_ws/install/depthai_ros_msgs/include/depthai_ros_msgs/depthai_ros_msgs/msg/detail/auto_focus_ctrl__type_support.h
[8.347s] -- Up-to-date symlink: /root/ros2_code/humble/dai_ws/install/depthai_ros_msgs/include/depthai_ros_msgs/depthai_ros_msgs/msg/detail/hand_landmark__functions.h
[8.348s] -- Up-to-date symlink: /root/ros2_code/humble/dai_ws/install/depthai_ros_msgs/include/depthai_ros_msgs/depthai_ros_msgs/msg/detail/hand_landmark__struct.h
[8.349s] -- Up-to-date symlink: /root/ros2_code/humble/dai_ws/install/depthai_ros_msgs/include/depthai_ros_msgs/depthai_ros_msgs/msg/detail/hand_landmark__type_support.h
[8.349s] -- Up-to-date symlink: /root/ros2_code/humble/dai_ws/install/depthai_ros_msgs/include/depthai_ros_msgs/depthai_ros_msgs/msg/detail/hand_landmark_array__functions.h
[8.350s] -- Up-to-date symlink: /root/ros2_code/humble/dai_ws/install/depthai_ros_msgs/include/depthai_ros_msgs/depthai_ros_msgs/msg/detail/hand_landmark_array__struct.h
[8.350s] -- Up-to-date symlink: /root/ros2_code/humble/dai_ws/install/depthai_ros_msgs/include/depthai_ros_msgs/depthai_ros_msgs/msg/detail/hand_landmark_array__type_support.h
[8.351s] -- Up-to-date symlink: /root/ros2_code/humble/dai_ws/install/depthai_ros_msgs/include/depthai_ros_msgs/depthai_ros_msgs/msg/detail/imu_with_magnetic_field__functions.h
[8.351s] -- Up-to-date symlink: /root/ros2_code/humble/dai_ws/install/depthai_ros_msgs/include/depthai_ros_msgs/depthai_ros_msgs/msg/detail/imu_with_magnetic_field__struct.h
[8.352s] -- Up-to-date symlink: /root/ros2_code/humble/dai_ws/install/depthai_ros_msgs/include/depthai_ros_msgs/depthai_ros_msgs/msg/detail/imu_with_magnetic_field__type_support.h
[8.353s] -- Up-to-date symlink: /root/ros2_code/humble/dai_ws/install/depthai_ros_msgs/include/depthai_ros_msgs/depthai_ros_msgs/msg/detail/spatial_detection__functions.h
[8.354s] -- Up-to-date symlink: /root/ros2_code/humble/dai_ws/install/depthai_ros_msgs/include/depthai_ros_msgs/depthai_ros_msgs/msg/detail/spatial_detection__struct.h
[8.354s] -- Up-to-date symlink: /root/ros2_code/humble/dai_ws/install/depthai_ros_msgs/include/depthai_ros_msgs/depthai_ros_msgs/msg/detail/spatial_detection__type_support.h
[8.355s] -- Up-to-date symlink: /root/ros2_code/humble/dai_ws/install/depthai_ros_msgs/include/depthai_ros_msgs/depthai_ros_msgs/msg/detail/spatial_detection_array__functions.h
[8.357s] -- Up-to-date symlink: /root/ros2_code/humble/dai_ws/install/depthai_ros_msgs/include/depthai_ros_msgs/depthai_ros_msgs/msg/detail/spatial_detection_array__struct.h
[8.358s] -- Up-to-date symlink: /root/ros2_code/humble/dai_ws/install/depthai_ros_msgs/include/depthai_ros_msgs/depthai_ros_msgs/msg/detail/spatial_detection_array__type_support.h
[8.360s] -- Up-to-date symlink: /root/ros2_code/humble/dai_ws/install/depthai_ros_msgs/include/depthai_ros_msgs/depthai_ros_msgs/msg/detail/tracked_feature__functions.h
[8.362s] -- Up-to-date symlink: /root/ros2_code/humble/dai_ws/install/depthai_ros_msgs/include/depthai_ros_msgs/depthai_ros_msgs/msg/detail/tracked_feature__struct.h
[8.362s] -- Up-to-date symlink: /root/ros2_code/humble/dai_ws/install/depthai_ros_msgs/include/depthai_ros_msgs/depthai_ros_msgs/msg/detail/tracked_feature__type_support.h
[8.363s] -- Up-to-date symlink: /root/ros2_code/humble/dai_ws/install/depthai_ros_msgs/include/depthai_ros_msgs/depthai_ros_msgs/msg/detail/tracked_features__functions.h
[8.364s] -- Up-to-date symlink: /root/ros2_code/humble/dai_ws/install/depthai_ros_msgs/include/depthai_ros_msgs/depthai_ros_msgs/msg/detail/tracked_features__struct.h
[8.364s] -- Up-to-date symlink: /root/ros2_code/humble/dai_ws/install/depthai_ros_msgs/include/depthai_ros_msgs/depthai_ros_msgs/msg/detail/tracked_features__type_support.h
[8.365s] -- Up-to-date symlink: /root/ros2_code/humble/dai_ws/install/depthai_ros_msgs/include/depthai_ros_msgs/depthai_ros_msgs/msg/hand_landmark.h
[8.365s] -- Up-to-date symlink: /root/ros2_code/humble/dai_ws/install/depthai_ros_msgs/include/depthai_ros_msgs/depthai_ros_msgs/msg/hand_landmark_array.h
[8.366s] -- Up-to-date symlink: /root/ros2_code/humble/dai_ws/install/depthai_ros_msgs/include/depthai_ros_msgs/depthai_ros_msgs/msg/imu_with_magnetic_field.h
[8.367s] -- Up-to-date symlink: /root/ros2_code/humble/dai_ws/install/depthai_ros_msgs/include/depthai_ros_msgs/depthai_ros_msgs/msg/rosidl_generator_c__visibility_control.h
[8.368s] -- Up-to-date symlink: /root/ros2_code/humble/dai_ws/install/depthai_ros_msgs/include/depthai_ros_msgs/depthai_ros_msgs/msg/spatial_detection.h
[8.368s] -- Up-to-date symlink: /root/ros2_code/humble/dai_ws/install/depthai_ros_msgs/include/depthai_ros_msgs/depthai_ros_msgs/msg/spatial_detection_array.h
[8.369s] -- Up-to-date symlink: /root/ros2_code/humble/dai_ws/install/depthai_ros_msgs/include/depthai_ros_msgs/depthai_ros_msgs/msg/tracked_feature.h
[8.369s] -- Up-to-date symlink: /root/ros2_code/humble/dai_ws/install/depthai_ros_msgs/include/depthai_ros_msgs/depthai_ros_msgs/msg/tracked_features.h
[8.370s] -- Up-to-date symlink: /root/ros2_code/humble/dai_ws/install/depthai_ros_msgs/include/depthai_ros_msgs/depthai_ros_msgs/srv/detail/normalized_image_crop__functions.h
[8.371s] -- Up-to-date symlink: /root/ros2_code/humble/dai_ws/install/depthai_ros_msgs/include/depthai_ros_msgs/depthai_ros_msgs/srv/detail/normalized_image_crop__struct.h
[8.372s] -- Up-to-date symlink: /root/ros2_code/humble/dai_ws/install/depthai_ros_msgs/include/depthai_ros_msgs/depthai_ros_msgs/srv/detail/normalized_image_crop__type_support.h
[8.373s] -- Up-to-date symlink: /root/ros2_code/humble/dai_ws/install/depthai_ros_msgs/include/depthai_ros_msgs/depthai_ros_msgs/srv/detail/trigger_named__functions.h
[8.373s] -- Up-to-date symlink: /root/ros2_code/humble/dai_ws/install/depthai_ros_msgs/include/depthai_ros_msgs/depthai_ros_msgs/srv/detail/trigger_named__struct.h
[8.374s] -- Up-to-date symlink: /root/ros2_code/humble/dai_ws/install/depthai_ros_msgs/include/depthai_ros_msgs/depthai_ros_msgs/srv/detail/trigger_named__type_support.h
[8.374s] -- Up-to-date symlink: /root/ros2_code/humble/dai_ws/install/depthai_ros_msgs/include/depthai_ros_msgs/depthai_ros_msgs/srv/normalized_image_crop.h
[8.375s] -- Up-to-date symlink: /root/ros2_code/humble/dai_ws/install/depthai_ros_msgs/include/depthai_ros_msgs/depthai_ros_msgs/srv/trigger_named.h
[8.376s] -- Up-to-date symlink: /root/ros2_code/humble/dai_ws/install/depthai_ros_msgs/share/depthai_ros_msgs/environment/library_path.sh
[8.377s] -- Up-to-date symlink: /root/ros2_code/humble/dai_ws/install/depthai_ros_msgs/share/depthai_ros_msgs/environment/library_path.dsv
[8.381s] -- Up-to-date symlink: /root/ros2_code/humble/dai_ws/install/depthai_ros_msgs/include/depthai_ros_msgs/depthai_ros_msgs/msg/detail/auto_focus_ctrl__rosidl_typesupport_fastrtps_c.h
[8.382s] -- Up-to-date symlink: /root/ros2_code/humble/dai_ws/install/depthai_ros_msgs/include/depthai_ros_msgs/depthai_ros_msgs/msg/detail/hand_landmark__rosidl_typesupport_fastrtps_c.h
[8.383s] -- Up-to-date symlink: /root/ros2_code/humble/dai_ws/install/depthai_ros_msgs/include/depthai_ros_msgs/depthai_ros_msgs/msg/detail/hand_landmark_array__rosidl_typesupport_fastrtps_c.h
[8.384s] -- Up-to-date symlink: /root/ros2_code/humble/dai_ws/install/depthai_ros_msgs/include/depthai_ros_msgs/depthai_ros_msgs/msg/detail/imu_with_magnetic_field__rosidl_typesupport_fastrtps_c.h
[8.385s] -- Up-to-date symlink: /root/ros2_code/humble/dai_ws/install/depthai_ros_msgs/include/depthai_ros_msgs/depthai_ros_msgs/msg/detail/spatial_detection__rosidl_typesupport_fastrtps_c.h
[8.386s] -- Up-to-date symlink: /root/ros2_code/humble/dai_ws/install/depthai_ros_msgs/include/depthai_ros_msgs/depthai_ros_msgs/msg/detail/spatial_detection_array__rosidl_typesupport_fastrtps_c.h
[8.387s] -- Up-to-date symlink: /root/ros2_code/humble/dai_ws/install/depthai_ros_msgs/include/depthai_ros_msgs/depthai_ros_msgs/msg/detail/tracked_feature__rosidl_typesupport_fastrtps_c.h
[8.388s] -- Up-to-date symlink: /root/ros2_code/humble/dai_ws/install/depthai_ros_msgs/include/depthai_ros_msgs/depthai_ros_msgs/msg/detail/tracked_features__rosidl_typesupport_fastrtps_c.h
[8.389s] -- Up-to-date symlink: /root/ros2_code/humble/dai_ws/install/depthai_ros_msgs/include/depthai_ros_msgs/depthai_ros_msgs/msg/rosidl_typesupport_fastrtps_c__visibility_control.h
[8.389s] -- Up-to-date symlink: /root/ros2_code/humble/dai_ws/install/depthai_ros_msgs/include/depthai_ros_msgs/depthai_ros_msgs/srv/detail/normalized_image_crop__rosidl_typesupport_fastrtps_c.h
[8.390s] -- Up-to-date symlink: /root/ros2_code/humble/dai_ws/install/depthai_ros_msgs/include/depthai_ros_msgs/depthai_ros_msgs/srv/detail/trigger_named__rosidl_typesupport_fastrtps_c.h
[8.395s] -- Up-to-date symlink: /root/ros2_code/humble/dai_ws/install/depthai_ros_msgs/include/depthai_ros_msgs/depthai_ros_msgs/msg/auto_focus_ctrl.hpp
[8.396s] -- Up-to-date symlink: /root/ros2_code/humble/dai_ws/install/depthai_ros_msgs/include/depthai_ros_msgs/depthai_ros_msgs/msg/detail/auto_focus_ctrl__builder.hpp
[8.397s] -- Up-to-date symlink: /root/ros2_code/humble/dai_ws/install/depthai_ros_msgs/include/depthai_ros_msgs/depthai_ros_msgs/msg/detail/auto_focus_ctrl__struct.hpp
[8.398s] -- Up-to-date symlink: /root/ros2_code/humble/dai_ws/install/depthai_ros_msgs/include/depthai_ros_msgs/depthai_ros_msgs/msg/detail/auto_focus_ctrl__traits.hpp
[8.398s] -- Up-to-date symlink: /root/ros2_code/humble/dai_ws/install/depthai_ros_msgs/include/depthai_ros_msgs/depthai_ros_msgs/msg/detail/hand_landmark__builder.hpp
[8.399s] -- Up-to-date symlink: /root/ros2_code/humble/dai_ws/install/depthai_ros_msgs/include/depthai_ros_msgs/depthai_ros_msgs/msg/detail/hand_landmark__struct.hpp
[8.400s] -- Up-to-date symlink: /root/ros2_code/humble/dai_ws/install/depthai_ros_msgs/include/depthai_ros_msgs/depthai_ros_msgs/msg/detail/hand_landmark__traits.hpp
[8.401s] -- Up-to-date symlink: /root/ros2_code/humble/dai_ws/install/depthai_ros_msgs/include/depthai_ros_msgs/depthai_ros_msgs/msg/detail/hand_landmark_array__builder.hpp
[8.402s] -- Up-to-date symlink: /root/ros2_code/humble/dai_ws/install/depthai_ros_msgs/include/depthai_ros_msgs/depthai_ros_msgs/msg/detail/hand_landmark_array__struct.hpp
[8.402s] -- Up-to-date symlink: /root/ros2_code/humble/dai_ws/install/depthai_ros_msgs/include/depthai_ros_msgs/depthai_ros_msgs/msg/detail/hand_landmark_array__traits.hpp
[8.403s] -- Up-to-date symlink: /root/ros2_code/humble/dai_ws/install/depthai_ros_msgs/include/depthai_ros_msgs/depthai_ros_msgs/msg/detail/imu_with_magnetic_field__builder.hpp
[8.404s] -- Up-to-date symlink: /root/ros2_code/humble/dai_ws/install/depthai_ros_msgs/include/depthai_ros_msgs/depthai_ros_msgs/msg/detail/imu_with_magnetic_field__struct.hpp
[8.405s] -- Up-to-date symlink: /root/ros2_code/humble/dai_ws/install/depthai_ros_msgs/include/depthai_ros_msgs/depthai_ros_msgs/msg/detail/imu_with_magnetic_field__traits.hpp
[8.406s] -- Up-to-date symlink: /root/ros2_code/humble/dai_ws/install/depthai_ros_msgs/include/depthai_ros_msgs/depthai_ros_msgs/msg/detail/spatial_detection__builder.hpp
[8.407s] -- Up-to-date symlink: /root/ros2_code/humble/dai_ws/install/depthai_ros_msgs/include/depthai_ros_msgs/depthai_ros_msgs/msg/detail/spatial_detection__struct.hpp
[8.408s] -- Up-to-date symlink: /root/ros2_code/humble/dai_ws/install/depthai_ros_msgs/include/depthai_ros_msgs/depthai_ros_msgs/msg/detail/spatial_detection__traits.hpp
[8.409s] -- Up-to-date symlink: /root/ros2_code/humble/dai_ws/install/depthai_ros_msgs/include/depthai_ros_msgs/depthai_ros_msgs/msg/detail/spatial_detection_array__builder.hpp
[8.410s] -- Up-to-date symlink: /root/ros2_code/humble/dai_ws/install/depthai_ros_msgs/include/depthai_ros_msgs/depthai_ros_msgs/msg/detail/spatial_detection_array__struct.hpp
[8.410s] -- Up-to-date symlink: /root/ros2_code/humble/dai_ws/install/depthai_ros_msgs/include/depthai_ros_msgs/depthai_ros_msgs/msg/detail/spatial_detection_array__traits.hpp
[8.411s] -- Up-to-date symlink: /root/ros2_code/humble/dai_ws/install/depthai_ros_msgs/include/depthai_ros_msgs/depthai_ros_msgs/msg/detail/tracked_feature__builder.hpp
[8.412s] -- Up-to-date symlink: /root/ros2_code/humble/dai_ws/install/depthai_ros_msgs/include/depthai_ros_msgs/depthai_ros_msgs/msg/detail/tracked_feature__struct.hpp
[8.413s] -- Up-to-date symlink: /root/ros2_code/humble/dai_ws/install/depthai_ros_msgs/include/depthai_ros_msgs/depthai_ros_msgs/msg/detail/tracked_feature__traits.hpp
[8.414s] -- Up-to-date symlink: /root/ros2_code/humble/dai_ws/install/depthai_ros_msgs/include/depthai_ros_msgs/depthai_ros_msgs/msg/detail/tracked_features__builder.hpp
[8.415s] -- Up-to-date symlink: /root/ros2_code/humble/dai_ws/install/depthai_ros_msgs/include/depthai_ros_msgs/depthai_ros_msgs/msg/detail/tracked_features__struct.hpp
[8.416s] -- Up-to-date symlink: /root/ros2_code/humble/dai_ws/install/depthai_ros_msgs/include/depthai_ros_msgs/depthai_ros_msgs/msg/detail/tracked_features__traits.hpp
[8.417s] -- Up-to-date symlink: /root/ros2_code/humble/dai_ws/install/depthai_ros_msgs/include/depthai_ros_msgs/depthai_ros_msgs/msg/hand_landmark.hpp
[8.418s] -- Up-to-date symlink: /root/ros2_code/humble/dai_ws/install/depthai_ros_msgs/include/depthai_ros_msgs/depthai_ros_msgs/msg/hand_landmark_array.hpp
[8.419s] -- Up-to-date symlink: /root/ros2_code/humble/dai_ws/install/depthai_ros_msgs/include/depthai_ros_msgs/depthai_ros_msgs/msg/imu_with_magnetic_field.hpp
[8.419s] -- Up-to-date symlink: /root/ros2_code/humble/dai_ws/install/depthai_ros_msgs/include/depthai_ros_msgs/depthai_ros_msgs/msg/spatial_detection.hpp
[8.421s] -- Up-to-date symlink: /root/ros2_code/humble/dai_ws/install/depthai_ros_msgs/include/depthai_ros_msgs/depthai_ros_msgs/msg/spatial_detection_array.hpp
[8.422s] -- Up-to-date symlink: /root/ros2_code/humble/dai_ws/install/depthai_ros_msgs/include/depthai_ros_msgs/depthai_ros_msgs/msg/tracked_feature.hpp
[8.423s] -- Up-to-date symlink: /root/ros2_code/humble/dai_ws/install/depthai_ros_msgs/include/depthai_ros_msgs/depthai_ros_msgs/msg/tracked_features.hpp
[8.425s] -- Up-to-date symlink: /root/ros2_code/humble/dai_ws/install/depthai_ros_msgs/include/depthai_ros_msgs/depthai_ros_msgs/srv/detail/normalized_image_crop__builder.hpp
[8.425s] -- Up-to-date symlink: /root/ros2_code/humble/dai_ws/install/depthai_ros_msgs/include/depthai_ros_msgs/depthai_ros_msgs/srv/detail/normalized_image_crop__struct.hpp
[8.426s] -- Up-to-date symlink: /root/ros2_code/humble/dai_ws/install/depthai_ros_msgs/include/depthai_ros_msgs/depthai_ros_msgs/srv/detail/normalized_image_crop__traits.hpp
[8.427s] -- Up-to-date symlink: /root/ros2_code/humble/dai_ws/install/depthai_ros_msgs/include/depthai_ros_msgs/depthai_ros_msgs/srv/detail/trigger_named__builder.hpp
[8.428s] -- Up-to-date symlink: /root/ros2_code/humble/dai_ws/install/depthai_ros_msgs/include/depthai_ros_msgs/depthai_ros_msgs/srv/detail/trigger_named__struct.hpp
[8.428s] -- Up-to-date symlink: /root/ros2_code/humble/dai_ws/install/depthai_ros_msgs/include/depthai_ros_msgs/depthai_ros_msgs/srv/detail/trigger_named__traits.hpp
[8.429s] -- Up-to-date symlink: /root/ros2_code/humble/dai_ws/install/depthai_ros_msgs/include/depthai_ros_msgs/depthai_ros_msgs/srv/normalized_image_crop.hpp
[8.430s] -- Up-to-date symlink: /root/ros2_code/humble/dai_ws/install/depthai_ros_msgs/include/depthai_ros_msgs/depthai_ros_msgs/srv/trigger_named.hpp
[8.436s] -- Up-to-date symlink: /root/ros2_code/humble/dai_ws/install/depthai_ros_msgs/include/depthai_ros_msgs/depthai_ros_msgs/msg/detail/auto_focus_ctrl__rosidl_typesupport_fastrtps_cpp.hpp
[8.437s] -- Up-to-date symlink: /root/ros2_code/humble/dai_ws/install/depthai_ros_msgs/include/depthai_ros_msgs/depthai_ros_msgs/msg/detail/hand_landmark__rosidl_typesupport_fastrtps_cpp.hpp
[8.437s] -- Up-to-date symlink: /root/ros2_code/humble/dai_ws/install/depthai_ros_msgs/include/depthai_ros_msgs/depthai_ros_msgs/msg/detail/hand_landmark_array__rosidl_typesupport_fastrtps_cpp.hpp
[8.438s] -- Up-to-date symlink: /root/ros2_code/humble/dai_ws/install/depthai_ros_msgs/include/depthai_ros_msgs/depthai_ros_msgs/msg/detail/imu_with_magnetic_field__rosidl_typesupport_fastrtps_cpp.hpp
[8.438s] -- Up-to-date symlink: /root/ros2_code/humble/dai_ws/install/depthai_ros_msgs/include/depthai_ros_msgs/depthai_ros_msgs/msg/detail/spatial_detection__rosidl_typesupport_fastrtps_cpp.hpp
[8.439s] -- Up-to-date symlink: /root/ros2_code/humble/dai_ws/install/depthai_ros_msgs/include/depthai_ros_msgs/depthai_ros_msgs/msg/detail/spatial_detection_array__rosidl_typesupport_fastrtps_cpp.hpp
[8.440s] -- Up-to-date symlink: /root/ros2_code/humble/dai_ws/install/depthai_ros_msgs/include/depthai_ros_msgs/depthai_ros_msgs/msg/detail/tracked_feature__rosidl_typesupport_fastrtps_cpp.hpp
[8.441s] -- Up-to-date symlink: /root/ros2_code/humble/dai_ws/install/depthai_ros_msgs/include/depthai_ros_msgs/depthai_ros_msgs/msg/detail/tracked_features__rosidl_typesupport_fastrtps_cpp.hpp
[8.441s] -- Up-to-date symlink: /root/ros2_code/humble/dai_ws/install/depthai_ros_msgs/include/depthai_ros_msgs/depthai_ros_msgs/msg/rosidl_typesupport_fastrtps_cpp__visibility_control.h
[8.442s] -- Up-to-date symlink: /root/ros2_code/humble/dai_ws/install/depthai_ros_msgs/include/depthai_ros_msgs/depthai_ros_msgs/srv/detail/normalized_image_crop__rosidl_typesupport_fastrtps_cpp.hpp
[8.443s] -- Up-to-date symlink: /root/ros2_code/humble/dai_ws/install/depthai_ros_msgs/include/depthai_ros_msgs/depthai_ros_msgs/srv/detail/trigger_named__rosidl_typesupport_fastrtps_cpp.hpp
[8.446s] -- Up-to-date symlink: /root/ros2_code/humble/dai_ws/install/depthai_ros_msgs/include/depthai_ros_msgs/depthai_ros_msgs/msg/detail/auto_focus_ctrl__rosidl_typesupport_introspection_c.h
[8.447s] -- Up-to-date symlink: /root/ros2_code/humble/dai_ws/install/depthai_ros_msgs/include/depthai_ros_msgs/depthai_ros_msgs/msg/detail/hand_landmark__rosidl_typesupport_introspection_c.h
[8.448s] -- Up-to-date symlink: /root/ros2_code/humble/dai_ws/install/depthai_ros_msgs/include/depthai_ros_msgs/depthai_ros_msgs/msg/detail/hand_landmark_array__rosidl_typesupport_introspection_c.h
[8.448s] -- Up-to-date symlink: /root/ros2_code/humble/dai_ws/install/depthai_ros_msgs/include/depthai_ros_msgs/depthai_ros_msgs/msg/detail/imu_with_magnetic_field__rosidl_typesupport_introspection_c.h
[8.449s] -- Up-to-date symlink: /root/ros2_code/humble/dai_ws/install/depthai_ros_msgs/include/depthai_ros_msgs/depthai_ros_msgs/msg/detail/spatial_detection__rosidl_typesupport_introspection_c.h
[8.450s] -- Up-to-date symlink: /root/ros2_code/humble/dai_ws/install/depthai_ros_msgs/include/depthai_ros_msgs/depthai_ros_msgs/msg/detail/spatial_detection_array__rosidl_typesupport_introspection_c.h
[8.451s] -- Up-to-date symlink: /root/ros2_code/humble/dai_ws/install/depthai_ros_msgs/include/depthai_ros_msgs/depthai_ros_msgs/msg/detail/tracked_feature__rosidl_typesupport_introspection_c.h
[8.452s] -- Up-to-date symlink: /root/ros2_code/humble/dai_ws/install/depthai_ros_msgs/include/depthai_ros_msgs/depthai_ros_msgs/msg/detail/tracked_features__rosidl_typesupport_introspection_c.h
[8.455s] -- Up-to-date symlink: /root/ros2_code/humble/dai_ws/install/depthai_ros_msgs/include/depthai_ros_msgs/depthai_ros_msgs/msg/rosidl_typesupport_introspection_c__visibility_control.h
[8.457s] -- Up-to-date symlink: /root/ros2_code/humble/dai_ws/install/depthai_ros_msgs/include/depthai_ros_msgs/depthai_ros_msgs/srv/detail/normalized_image_crop__rosidl_typesupport_introspection_c.h
[8.457s] -- Up-to-date symlink: /root/ros2_code/humble/dai_ws/install/depthai_ros_msgs/include/depthai_ros_msgs/depthai_ros_msgs/srv/detail/trigger_named__rosidl_typesupport_introspection_c.h
[8.460s] -- Up-to-date symlink: /root/ros2_code/humble/dai_ws/install/depthai_ros_msgs/include/depthai_ros_msgs/depthai_ros_msgs/msg/detail/auto_focus_ctrl__rosidl_typesupport_introspection_cpp.hpp
[8.463s] -- Up-to-date symlink: /root/ros2_code/humble/dai_ws/install/depthai_ros_msgs/include/depthai_ros_msgs/depthai_ros_msgs/msg/detail/hand_landmark__rosidl_typesupport_introspection_cpp.hpp
[8.464s] -- Up-to-date symlink: /root/ros2_code/humble/dai_ws/install/depthai_ros_msgs/include/depthai_ros_msgs/depthai_ros_msgs/msg/detail/hand_landmark_array__rosidl_typesupport_introspection_cpp.hpp
[8.465s] -- Up-to-date symlink: /root/ros2_code/humble/dai_ws/install/depthai_ros_msgs/include/depthai_ros_msgs/depthai_ros_msgs/msg/detail/imu_with_magnetic_field__rosidl_typesupport_introspection_cpp.hpp
[8.466s] -- Up-to-date symlink: /root/ros2_code/humble/dai_ws/install/depthai_ros_msgs/include/depthai_ros_msgs/depthai_ros_msgs/msg/detail/spatial_detection__rosidl_typesupport_introspection_cpp.hpp
[8.466s] -- Up-to-date symlink: /root/ros2_code/humble/dai_ws/install/depthai_ros_msgs/include/depthai_ros_msgs/depthai_ros_msgs/msg/detail/spatial_detection_array__rosidl_typesupport_introspection_cpp.hpp
[8.468s] -- Up-to-date symlink: /root/ros2_code/humble/dai_ws/install/depthai_ros_msgs/include/depthai_ros_msgs/depthai_ros_msgs/msg/detail/tracked_feature__rosidl_typesupport_introspection_cpp.hpp
[8.469s] -- Up-to-date symlink: /root/ros2_code/humble/dai_ws/install/depthai_ros_msgs/include/depthai_ros_msgs/depthai_ros_msgs/msg/detail/tracked_features__rosidl_typesupport_introspection_cpp.hpp
[8.470s] -- Up-to-date symlink: /root/ros2_code/humble/dai_ws/install/depthai_ros_msgs/include/depthai_ros_msgs/depthai_ros_msgs/srv/detail/normalized_image_crop__rosidl_typesupport_introspection_cpp.hpp
[8.470s] -- Up-to-date symlink: /root/ros2_code/humble/dai_ws/install/depthai_ros_msgs/include/depthai_ros_msgs/depthai_ros_msgs/srv/detail/trigger_named__rosidl_typesupport_introspection_cpp.hpp
[8.471s] -- Up-to-date symlink: /root/ros2_code/humble/dai_ws/install/depthai_ros_msgs/share/depthai_ros_msgs/environment/pythonpath.sh
[8.471s] -- Up-to-date symlink: /root/ros2_code/humble/dai_ws/install/depthai_ros_msgs/share/depthai_ros_msgs/environment/pythonpath.dsv
[8.472s] -- Up-to-date symlink: /root/ros2_code/humble/dai_ws/install/depthai_ros_msgs/local/lib/python3.10/dist-packages/depthai_ros_msgs-2.9.0-py3.10.egg-info/PKG-INFO
[8.473s] -- Up-to-date symlink: /root/ros2_code/humble/dai_ws/install/depthai_ros_msgs/local/lib/python3.10/dist-packages/depthai_ros_msgs-2.9.0-py3.10.egg-info/SOURCES.txt
[8.474s] -- Up-to-date symlink: /root/ros2_code/humble/dai_ws/install/depthai_ros_msgs/local/lib/python3.10/dist-packages/depthai_ros_msgs-2.9.0-py3.10.egg-info/dependency_links.txt
[8.475s] -- Up-to-date symlink: /root/ros2_code/humble/dai_ws/install/depthai_ros_msgs/local/lib/python3.10/dist-packages/depthai_ros_msgs-2.9.0-py3.10.egg-info/top_level.txt
[8.480s] -- Up-to-date symlink: /root/ros2_code/humble/dai_ws/install/depthai_ros_msgs/local/lib/python3.10/dist-packages/depthai_ros_msgs/__init__.py
[8.481s] -- Up-to-date symlink: /root/ros2_code/humble/dai_ws/install/depthai_ros_msgs/local/lib/python3.10/dist-packages/depthai_ros_msgs/_depthai_ros_msgs_s.ep.rosidl_typesupport_c.c
[8.482s] -- Up-to-date symlink: /root/ros2_code/humble/dai_ws/install/depthai_ros_msgs/local/lib/python3.10/dist-packages/depthai_ros_msgs/_depthai_ros_msgs_s.ep.rosidl_typesupport_fastrtps_c.c
[8.483s] -- Up-to-date symlink: /root/ros2_code/humble/dai_ws/install/depthai_ros_msgs/local/lib/python3.10/dist-packages/depthai_ros_msgs/_depthai_ros_msgs_s.ep.rosidl_typesupport_introspection_c.c
[8.483s] -- Up-to-date symlink: /root/ros2_code/humble/dai_ws/install/depthai_ros_msgs/local/lib/python3.10/dist-packages/depthai_ros_msgs/depthai_ros_msgs_s__rosidl_typesupport_c.cpython-310-x86_64-linux-gnu.so
[8.484s] -- Up-to-date symlink: /root/ros2_code/humble/dai_ws/install/depthai_ros_msgs/local/lib/python3.10/dist-packages/depthai_ros_msgs/depthai_ros_msgs_s__rosidl_typesupport_fastrtps_c.cpython-310-x86_64-linux-gnu.so
[8.485s] -- Up-to-date symlink: /root/ros2_code/humble/dai_ws/install/depthai_ros_msgs/local/lib/python3.10/dist-packages/depthai_ros_msgs/depthai_ros_msgs_s__rosidl_typesupport_introspection_c.cpython-310-x86_64-linux-gnu.so
[8.485s] -- Up-to-date symlink: /root/ros2_code/humble/dai_ws/install/depthai_ros_msgs/local/lib/python3.10/dist-packages/depthai_ros_msgs/libdepthai_ros_msgs__rosidl_generator_py.so
[8.486s] -- Up-to-date symlink: /root/ros2_code/humble/dai_ws/install/depthai_ros_msgs/local/lib/python3.10/dist-packages/depthai_ros_msgs/msg/__init__.py
[8.487s] -- Up-to-date symlink: /root/ros2_code/humble/dai_ws/install/depthai_ros_msgs/local/lib/python3.10/dist-packages/depthai_ros_msgs/msg/_auto_focus_ctrl.py
[8.488s] -- Up-to-date symlink: /root/ros2_code/humble/dai_ws/install/depthai_ros_msgs/local/lib/python3.10/dist-packages/depthai_ros_msgs/msg/_auto_focus_ctrl_s.c
[8.489s] -- Up-to-date symlink: /root/ros2_code/humble/dai_ws/install/depthai_ros_msgs/local/lib/python3.10/dist-packages/depthai_ros_msgs/msg/_hand_landmark.py
[8.490s] -- Up-to-date symlink: /root/ros2_code/humble/dai_ws/install/depthai_ros_msgs/local/lib/python3.10/dist-packages/depthai_ros_msgs/msg/_hand_landmark_array.py
[8.491s] -- Up-to-date symlink: /root/ros2_code/humble/dai_ws/install/depthai_ros_msgs/local/lib/python3.10/dist-packages/depthai_ros_msgs/msg/_hand_landmark_array_s.c
[8.492s] -- Up-to-date symlink: /root/ros2_code/humble/dai_ws/install/depthai_ros_msgs/local/lib/python3.10/dist-packages/depthai_ros_msgs/msg/_hand_landmark_s.c
[8.493s] -- Up-to-date symlink: /root/ros2_code/humble/dai_ws/install/depthai_ros_msgs/local/lib/python3.10/dist-packages/depthai_ros_msgs/msg/_imu_with_magnetic_field.py
[8.494s] -- Up-to-date symlink: /root/ros2_code/humble/dai_ws/install/depthai_ros_msgs/local/lib/python3.10/dist-packages/depthai_ros_msgs/msg/_imu_with_magnetic_field_s.c
[8.495s] -- Up-to-date symlink: /root/ros2_code/humble/dai_ws/install/depthai_ros_msgs/local/lib/python3.10/dist-packages/depthai_ros_msgs/msg/_spatial_detection.py
[8.496s] -- Up-to-date symlink: /root/ros2_code/humble/dai_ws/install/depthai_ros_msgs/local/lib/python3.10/dist-packages/depthai_ros_msgs/msg/_spatial_detection_array.py
[8.496s] -- Up-to-date symlink: /root/ros2_code/humble/dai_ws/install/depthai_ros_msgs/local/lib/python3.10/dist-packages/depthai_ros_msgs/msg/_spatial_detection_array_s.c
[8.497s] -- Up-to-date symlink: /root/ros2_code/humble/dai_ws/install/depthai_ros_msgs/local/lib/python3.10/dist-packages/depthai_ros_msgs/msg/_spatial_detection_s.c
[8.498s] -- Up-to-date symlink: /root/ros2_code/humble/dai_ws/install/depthai_ros_msgs/local/lib/python3.10/dist-packages/depthai_ros_msgs/msg/_tracked_feature.py
[8.498s] -- Up-to-date symlink: /root/ros2_code/humble/dai_ws/install/depthai_ros_msgs/local/lib/python3.10/dist-packages/depthai_ros_msgs/msg/_tracked_feature_s.c
[8.499s] -- Up-to-date symlink: /root/ros2_code/humble/dai_ws/install/depthai_ros_msgs/local/lib/python3.10/dist-packages/depthai_ros_msgs/msg/_tracked_features.py
[8.499s] -- Up-to-date symlink: /root/ros2_code/humble/dai_ws/install/depthai_ros_msgs/local/lib/python3.10/dist-packages/depthai_ros_msgs/msg/_tracked_features_s.c
[8.500s] -- Up-to-date symlink: /root/ros2_code/humble/dai_ws/install/depthai_ros_msgs/local/lib/python3.10/dist-packages/depthai_ros_msgs/srv/__init__.py
[8.500s] -- Up-to-date symlink: /root/ros2_code/humble/dai_ws/install/depthai_ros_msgs/local/lib/python3.10/dist-packages/depthai_ros_msgs/srv/_normalized_image_crop.py
[8.501s] -- Up-to-date symlink: /root/ros2_code/humble/dai_ws/install/depthai_ros_msgs/local/lib/python3.10/dist-packages/depthai_ros_msgs/srv/_normalized_image_crop_s.c
[8.502s] -- Up-to-date symlink: /root/ros2_code/humble/dai_ws/install/depthai_ros_msgs/local/lib/python3.10/dist-packages/depthai_ros_msgs/srv/_trigger_named.py
[8.503s] -- Up-to-date symlink: /root/ros2_code/humble/dai_ws/install/depthai_ros_msgs/local/lib/python3.10/dist-packages/depthai_ros_msgs/srv/_trigger_named_s.c
[8.504s] -- Up-to-date symlink: /root/ros2_code/humble/dai_ws/install/depthai_ros_msgs/local/lib/python3.10/dist-packages/depthai_ros_msgs/depthai_ros_msgs_s__rosidl_typesupport_fastrtps_c.cpython-310-x86_64-linux-gnu.so
[8.506s] -- Up-to-date symlink: /root/ros2_code/humble/dai_ws/install/depthai_ros_msgs/local/lib/python3.10/dist-packages/depthai_ros_msgs/depthai_ros_msgs_s__rosidl_typesupport_introspection_c.cpython-310-x86_64-linux-gnu.so
[8.508s] -- Up-to-date symlink: /root/ros2_code/humble/dai_ws/install/depthai_ros_msgs/local/lib/python3.10/dist-packages/depthai_ros_msgs/depthai_ros_msgs_s__rosidl_typesupport_c.cpython-310-x86_64-linux-gnu.so
[8.509s] -- Up-to-date symlink: /root/ros2_code/humble/dai_ws/install/depthai_ros_msgs/share/depthai_ros_msgs/msg/AutoFocusCtrl.idl
[8.510s] -- Up-to-date symlink: /root/ros2_code/humble/dai_ws/install/depthai_ros_msgs/share/depthai_ros_msgs/msg/HandLandmark.idl
[8.511s] -- Up-to-date symlink: /root/ros2_code/humble/dai_ws/install/depthai_ros_msgs/share/depthai_ros_msgs/msg/HandLandmarkArray.idl
[8.512s] -- Up-to-date symlink: /root/ros2_code/humble/dai_ws/install/depthai_ros_msgs/share/depthai_ros_msgs/msg/ImuWithMagneticField.idl
[8.514s] -- Up-to-date symlink: /root/ros2_code/humble/dai_ws/install/depthai_ros_msgs/share/depthai_ros_msgs/msg/TrackedFeature.idl
[8.515s] -- Up-to-date symlink: /root/ros2_code/humble/dai_ws/install/depthai_ros_msgs/share/depthai_ros_msgs/msg/TrackedFeatures.idl
[8.516s] -- Up-to-date symlink: /root/ros2_code/humble/dai_ws/install/depthai_ros_msgs/share/depthai_ros_msgs/msg/SpatialDetection.idl
[8.519s] -- Up-to-date symlink: /root/ros2_code/humble/dai_ws/install/depthai_ros_msgs/share/depthai_ros_msgs/msg/SpatialDetectionArray.idl
[8.519s] -- Up-to-date symlink: /root/ros2_code/humble/dai_ws/install/depthai_ros_msgs/share/depthai_ros_msgs/srv/TriggerNamed.idl
[8.521s] -- Up-to-date symlink: /root/ros2_code/humble/dai_ws/install/depthai_ros_msgs/share/depthai_ros_msgs/srv/NormalizedImageCrop.idl
[8.522s] -- Up-to-date symlink: /root/ros2_code/humble/dai_ws/install/depthai_ros_msgs/share/depthai_ros_msgs/msg/AutoFocusCtrl.msg
[8.523s] -- Up-to-date symlink: /root/ros2_code/humble/dai_ws/install/depthai_ros_msgs/share/depthai_ros_msgs/msg/HandLandmark.msg
[8.524s] -- Up-to-date symlink: /root/ros2_code/humble/dai_ws/install/depthai_ros_msgs/share/depthai_ros_msgs/msg/HandLandmarkArray.msg
[8.525s] -- Up-to-date symlink: /root/ros2_code/humble/dai_ws/install/depthai_ros_msgs/share/depthai_ros_msgs/msg/ImuWithMagneticField.msg
[8.526s] -- Up-to-date symlink: /root/ros2_code/humble/dai_ws/install/depthai_ros_msgs/share/depthai_ros_msgs/msg/TrackedFeature.msg
[8.527s] -- Up-to-date symlink: /root/ros2_code/humble/dai_ws/install/depthai_ros_msgs/share/depthai_ros_msgs/msg/TrackedFeatures.msg
[8.528s] -- Up-to-date symlink: /root/ros2_code/humble/dai_ws/install/depthai_ros_msgs/share/depthai_ros_msgs/msg/SpatialDetection.msg
[8.530s] -- Up-to-date symlink: /root/ros2_code/humble/dai_ws/install/depthai_ros_msgs/share/depthai_ros_msgs/msg/SpatialDetectionArray.msg
[8.536s] -- Up-to-date symlink: /root/ros2_code/humble/dai_ws/install/depthai_ros_msgs/share/depthai_ros_msgs/srv/TriggerNamed.srv
[8.537s] -- Up-to-date symlink: /root/ros2_code/humble/dai_ws/install/depthai_ros_msgs/share/depthai_ros_msgs/srv/TriggerNamed_Request.msg
[8.537s] -- Up-to-date symlink: /root/ros2_code/humble/dai_ws/install/depthai_ros_msgs/share/depthai_ros_msgs/srv/TriggerNamed_Response.msg
[8.538s] -- Up-to-date symlink: /root/ros2_code/humble/dai_ws/install/depthai_ros_msgs/share/depthai_ros_msgs/srv/NormalizedImageCrop.srv
[8.538s] -- Up-to-date symlink: /root/ros2_code/humble/dai_ws/install/depthai_ros_msgs/share/depthai_ros_msgs/srv/NormalizedImageCrop_Request.msg
[8.539s] -- Up-to-date symlink: /root/ros2_code/humble/dai_ws/install/depthai_ros_msgs/share/depthai_ros_msgs/srv/NormalizedImageCrop_Response.msg
[8.539s] -- Up-to-date symlink: /root/ros2_code/humble/dai_ws/install/depthai_ros_msgs/share/ament_index/resource_index/package_run_dependencies/depthai_ros_msgs
[8.540s] -- Up-to-date symlink: /root/ros2_code/humble/dai_ws/install/depthai_ros_msgs/share/ament_index/resource_index/parent_prefix_path/depthai_ros_msgs
[8.540s] -- Up-to-date symlink: /root/ros2_code/humble/dai_ws/install/depthai_ros_msgs/share/depthai_ros_msgs/environment/ament_prefix_path.sh
[8.540s] -- Up-to-date symlink: /root/ros2_code/humble/dai_ws/install/depthai_ros_msgs/share/depthai_ros_msgs/environment/ament_prefix_path.dsv
[8.541s] -- Up-to-date symlink: /root/ros2_code/humble/dai_ws/install/depthai_ros_msgs/share/depthai_ros_msgs/environment/path.sh
[8.542s] -- Up-to-date symlink: /root/ros2_code/humble/dai_ws/install/depthai_ros_msgs/share/depthai_ros_msgs/environment/path.dsv
[8.544s] -- Up-to-date symlink: /root/ros2_code/humble/dai_ws/install/depthai_ros_msgs/share/depthai_ros_msgs/local_setup.bash
[8.545s] -- Up-to-date symlink: /root/ros2_code/humble/dai_ws/install/depthai_ros_msgs/share/depthai_ros_msgs/local_setup.sh
[8.546s] -- Up-to-date symlink: /root/ros2_code/humble/dai_ws/install/depthai_ros_msgs/share/depthai_ros_msgs/local_setup.zsh
[8.549s] -- Up-to-date symlink: /root/ros2_code/humble/dai_ws/install/depthai_ros_msgs/share/depthai_ros_msgs/local_setup.dsv
[8.550s] -- Symlinking: /root/ros2_code/humble/dai_ws/install/depthai_ros_msgs/share/depthai_ros_msgs/package.dsv
[8.593s] -- Up-to-date symlink: /root/ros2_code/humble/dai_ws/install/depthai_ros_msgs/share/ament_index/resource_index/packages/depthai_ros_msgs
[8.594s] -- Up-to-date symlink: /root/ros2_code/humble/dai_ws/install/depthai_ros_msgs/share/depthai_ros_msgs/cmake/rosidl_cmake-extras.cmake
[8.594s] -- Up-to-date symlink: /root/ros2_code/humble/dai_ws/install/depthai_ros_msgs/share/depthai_ros_msgs/cmake/ament_cmake_export_dependencies-extras.cmake
[8.595s] -- Up-to-date symlink: /root/ros2_code/humble/dai_ws/install/depthai_ros_msgs/share/depthai_ros_msgs/cmake/ament_cmake_export_include_directories-extras.cmake
[8.596s] -- Up-to-date symlink: /root/ros2_code/humble/dai_ws/install/depthai_ros_msgs/share/depthai_ros_msgs/cmake/ament_cmake_export_libraries-extras.cmake
[8.597s] -- Up-to-date symlink: /root/ros2_code/humble/dai_ws/install/depthai_ros_msgs/share/depthai_ros_msgs/cmake/ament_cmake_export_targets-extras.cmake
[8.597s] -- Up-to-date symlink: /root/ros2_code/humble/dai_ws/install/depthai_ros_msgs/share/depthai_ros_msgs/cmake/rosidl_cmake_export_typesupport_targets-extras.cmake
[8.598s] -- Up-to-date symlink: /root/ros2_code/humble/dai_ws/install/depthai_ros_msgs/share/depthai_ros_msgs/cmake/rosidl_cmake_export_typesupport_libraries-extras.cmake
[8.599s] -- Up-to-date symlink: /root/ros2_code/humble/dai_ws/install/depthai_ros_msgs/share/depthai_ros_msgs/cmake/depthai_ros_msgsConfig.cmake
[8.600s] -- Up-to-date symlink: /root/ros2_code/humble/dai_ws/install/depthai_ros_msgs/share/depthai_ros_msgs/cmake/depthai_ros_msgsConfig-version.cmake
[8.600s] -- Up-to-date symlink: /root/ros2_code/humble/dai_ws/install/depthai_ros_msgs/share/depthai_ros_msgs/package.xml
[8.601s] -- Up-to-date: /root/ros2_code/humble/dai_ws/install/depthai_ros_msgs/lib/libdepthai_ros_msgs__rosidl_generator_c.so
[8.605s] -- Up-to-date: /root/ros2_code/humble/dai_ws/install/depthai_ros_msgs/lib/libdepthai_ros_msgs__rosidl_typesupport_fastrtps_c.so
[8.607s] -- Up-to-date: /root/ros2_code/humble/dai_ws/install/depthai_ros_msgs/lib/libdepthai_ros_msgs__rosidl_typesupport_fastrtps_cpp.so
[8.609s] -- Up-to-date: /root/ros2_code/humble/dai_ws/install/depthai_ros_msgs/lib/libdepthai_ros_msgs__rosidl_typesupport_introspection_c.so
[8.611s] -- Up-to-date: /root/ros2_code/humble/dai_ws/install/depthai_ros_msgs/lib/libdepthai_ros_msgs__rosidl_typesupport_c.so
[8.613s] -- Up-to-date: /root/ros2_code/humble/dai_ws/install/depthai_ros_msgs/lib/libdepthai_ros_msgs__rosidl_typesupport_introspection_cpp.so
[8.615s] -- Up-to-date: /root/ros2_code/humble/dai_ws/install/depthai_ros_msgs/lib/libdepthai_ros_msgs__rosidl_typesupport_cpp.so
[8.811s] Listing '/root/ros2_code/humble/dai_ws/install/depthai_ros_msgs/local/lib/python3.10/dist-packages/depthai_ros_msgs'...
[8.811s] Listing '/root/ros2_code/humble/dai_ws/install/depthai_ros_msgs/local/lib/python3.10/dist-packages/depthai_ros_msgs/msg'...
[8.812s] Listing '/root/ros2_code/humble/dai_ws/install/depthai_ros_msgs/local/lib/python3.10/dist-packages/depthai_ros_msgs/srv'...
[8.829s] -- Up-to-date: /root/ros2_code/humble/dai_ws/install/depthai_ros_msgs/lib/libdepthai_ros_msgs__rosidl_generator_py.so
[8.831s] -- Up-to-date: /root/ros2_code/humble/dai_ws/install/depthai_ros_msgs/share/depthai_ros_msgs/cmake/export_depthai_ros_msgs__rosidl_generator_cExport.cmake
[8.832s] -- Up-to-date: /root/ros2_code/humble/dai_ws/install/depthai_ros_msgs/share/depthai_ros_msgs/cmake/export_depthai_ros_msgs__rosidl_generator_cExport-noconfig.cmake
[8.833s] -- Up-to-date: /root/ros2_code/humble/dai_ws/install/depthai_ros_msgs/share/depthai_ros_msgs/cmake/export_depthai_ros_msgs__rosidl_typesupport_fastrtps_cExport.cmake
[8.834s] -- Up-to-date: /root/ros2_code/humble/dai_ws/install/depthai_ros_msgs/share/depthai_ros_msgs/cmake/export_depthai_ros_msgs__rosidl_typesupport_fastrtps_cExport-noconfig.cmake
[8.835s] -- Up-to-date: /root/ros2_code/humble/dai_ws/install/depthai_ros_msgs/share/depthai_ros_msgs/cmake/export_depthai_ros_msgs__rosidl_generator_cppExport.cmake
[8.835s] -- Up-to-date: /root/ros2_code/humble/dai_ws/install/depthai_ros_msgs/share/depthai_ros_msgs/cmake/export_depthai_ros_msgs__rosidl_typesupport_fastrtps_cppExport.cmake
[8.836s] -- Up-to-date: /root/ros2_code/humble/dai_ws/install/depthai_ros_msgs/share/depthai_ros_msgs/cmake/export_depthai_ros_msgs__rosidl_typesupport_fastrtps_cppExport-noconfig.cmake
[8.837s] -- Up-to-date: /root/ros2_code/humble/dai_ws/install/depthai_ros_msgs/share/depthai_ros_msgs/cmake/depthai_ros_msgs__rosidl_typesupport_introspection_cExport.cmake
[8.837s] -- Up-to-date: /root/ros2_code/humble/dai_ws/install/depthai_ros_msgs/share/depthai_ros_msgs/cmake/depthai_ros_msgs__rosidl_typesupport_introspection_cExport-noconfig.cmake
[8.838s] -- Up-to-date: /root/ros2_code/humble/dai_ws/install/depthai_ros_msgs/share/depthai_ros_msgs/cmake/depthai_ros_msgs__rosidl_typesupport_cExport.cmake
[8.839s] -- Up-to-date: /root/ros2_code/humble/dai_ws/install/depthai_ros_msgs/share/depthai_ros_msgs/cmake/depthai_ros_msgs__rosidl_typesupport_cExport-noconfig.cmake
[8.839s] -- Up-to-date: /root/ros2_code/humble/dai_ws/install/depthai_ros_msgs/share/depthai_ros_msgs/cmake/depthai_ros_msgs__rosidl_typesupport_introspection_cppExport.cmake
[8.840s] -- Up-to-date: /root/ros2_code/humble/dai_ws/install/depthai_ros_msgs/share/depthai_ros_msgs/cmake/depthai_ros_msgs__rosidl_typesupport_introspection_cppExport-noconfig.cmake
[8.840s] -- Up-to-date: /root/ros2_code/humble/dai_ws/install/depthai_ros_msgs/share/depthai_ros_msgs/cmake/depthai_ros_msgs__rosidl_typesupport_cppExport.cmake
[8.841s] -- Up-to-date: /root/ros2_code/humble/dai_ws/install/depthai_ros_msgs/share/depthai_ros_msgs/cmake/depthai_ros_msgs__rosidl_typesupport_cppExport-noconfig.cmake
[8.841s] -- Up-to-date: /root/ros2_code/humble/dai_ws/install/depthai_ros_msgs/share/depthai_ros_msgs/cmake/export_depthai_ros_msgs__rosidl_generator_pyExport.cmake
[8.842s] -- Up-to-date: /root/ros2_code/humble/dai_ws/install/depthai_ros_msgs/share/depthai_ros_msgs/cmake/export_depthai_ros_msgs__rosidl_generator_pyExport-noconfig.cmake
[8.849s] Invoked command in '/root/ros2_code/humble/dai_ws/build/depthai_ros_msgs' returned '0': CMAKE_PREFIX_PATH=${CMAKE_PREFIX_PATH}:/root/ros2_code/humble/learning/install/ball_tracker:/opt/ros/humble /usr/bin/cmake --install /root/ros2_code/humble/dai_ws/build/depthai_ros_msgs
