[0.379s] Invoking command in '/root/ros2_code/humble/tc_ros2_urdf/build/my_box_bot_description': CMAKE_PREFIX_PATH=${CMAKE_PREFIX_PATH}:/root/ros2_code/humble/learning/install/ball_tracker:/opt/ros/humble /usr/bin/cmake --build /root/ros2_code/humble/tc_ros2_urdf/build/my_box_bot_description -- -j12 -l12
[0.408s] -- Found ament_cmake: 1.3.7 (/opt/ros/humble/share/ament_cmake/cmake)
[0.612s] -- Override CMake install command with custom implementation using symlinks instead of copying resources
[0.625s] -- Found urdf: 2.6.0 (/opt/ros/humble/share/urdf/cmake)
[0.740s] -- Found xacro: 2.0.8 (/opt/ros/humble/share/xacro/cmake)
[0.740s] -- Found ament_lint_auto: 0.12.10 (/opt/ros/humble/share/ament_lint_auto/cmake)
[0.817s] -- Added test 'copyright' to check source files copyright and LICENSE
[0.823s] -- Added test 'flake8' to check Python code syntax and style conventions
[0.823s] -- Added test 'lint_cmake' to check CMake code style
[0.824s] -- Added test 'pep257' to check Python code against some of the docstring style conventions in PEP 257
[0.827s] -- Added test 'xmllint' to check XML markup files
[0.829s] -- Configuring done
[0.839s] -- Generating done
[0.844s] -- Build files have been written to: /root/ros2_code/humble/tc_ros2_urdf/build/my_box_bot_description
[0.885s] Invoked command in '/root/ros2_code/humble/tc_ros2_urdf/build/my_box_bot_description' returned '0': CMAKE_PREFIX_PATH=${CMAKE_PREFIX_PATH}:/root/ros2_code/humble/learning/install/ball_tracker:/opt/ros/humble /usr/bin/cmake --build /root/ros2_code/humble/tc_ros2_urdf/build/my_box_bot_description -- -j12 -l12
[0.907s] Invoking command in '/root/ros2_code/humble/tc_ros2_urdf/build/my_box_bot_description': CMAKE_PREFIX_PATH=${CMAKE_PREFIX_PATH}:/root/ros2_code/humble/learning/install/ball_tracker:/opt/ros/humble /usr/bin/cmake --install /root/ros2_code/humble/tc_ros2_urdf/build/my_box_bot_description
[0.913s] -- Install configuration: ""
[0.914s] -- Execute custom install script
[0.914s] -- Up-to-date symlink: /root/ros2_code/humble/tc_ros2_urdf/install/my_box_bot_description/share/my_box_bot_description//urdf/box_bot_control_complete.urdf
[0.915s] -- Up-to-date symlink: /root/ros2_code/humble/tc_ros2_urdf/install/my_box_bot_description/share/my_box_bot_description//urdf/box_bot_control_complete_sensor.urdf
[0.915s] -- Up-to-date symlink: /root/ros2_code/humble/tc_ros2_urdf/install/my_box_bot_description/share/my_box_bot_description//urdf/box_bot_control_complete_velocity.urdf
[0.915s] -- Up-to-date symlink: /root/ros2_code/humble/tc_ros2_urdf/install/my_box_bot_description/share/my_box_bot_description//urdf/box_bot_final.urdf
[0.915s] -- Up-to-date symlink: /root/ros2_code/humble/tc_ros2_urdf/install/my_box_bot_description/share/my_box_bot_description//urdf/box_bot_geometric.urdf
[0.916s] -- Up-to-date symlink: /root/ros2_code/humble/tc_ros2_urdf/install/my_box_bot_description/share/my_box_bot_description//urdf/box_bot_geometric_meshes.urdf
[0.916s] -- Up-to-date symlink: /root/ros2_code/humble/tc_ros2_urdf/install/my_box_bot_description/share/my_box_bot_description//urdf/box_bot_meshes_collisions_inertias.urdf
[0.916s] -- Up-to-date symlink: /root/ros2_code/humble/tc_ros2_urdf/install/my_box_bot_description/share/my_box_bot_description//urdf/box_bot_physcal_control.urdf
[0.916s] -- Up-to-date symlink: /root/ros2_code/humble/tc_ros2_urdf/install/my_box_bot_description/share/my_box_bot_description//urdf/box_bot_physical_properties.urdf
[0.916s] -- Up-to-date symlink: /root/ros2_code/humble/tc_ros2_urdf/install/my_box_bot_description/share/my_box_bot_description//rviz/urdf_vis.rviz
[0.917s] -- Up-to-date symlink: /root/ros2_code/humble/tc_ros2_urdf/install/my_box_bot_description/share/my_box_bot_description//launch/urdf_visualize_control.launch.py
[0.917s] -- Up-to-date symlink: /root/ros2_code/humble/tc_ros2_urdf/install/my_box_bot_description/share/my_box_bot_description//launch/urdf_visualize_control_complete.launch.py
[0.917s] -- Up-to-date symlink: /root/ros2_code/humble/tc_ros2_urdf/install/my_box_bot_description/share/my_box_bot_description//launch/urdf_visualize_control_velocity.launch.py
[0.917s] -- Up-to-date symlink: /root/ros2_code/humble/tc_ros2_urdf/install/my_box_bot_description/share/my_box_bot_description//launch/urdf_visualize_final.launch.py
[0.918s] -- Up-to-date symlink: /root/ros2_code/humble/tc_ros2_urdf/install/my_box_bot_description/share/my_box_bot_description//launch/urdf_visualize_geometric.launch.py
[0.918s] -- Up-to-date symlink: /root/ros2_code/humble/tc_ros2_urdf/install/my_box_bot_description/share/my_box_bot_description//launch/urdf_visualize_meshes.launch.py
[0.918s] -- Up-to-date symlink: /root/ros2_code/humble/tc_ros2_urdf/install/my_box_bot_description/share/my_box_bot_description//launch/urdf_visualize_meshes_collisions_inertias.launch.py
[0.918s] -- Up-to-date symlink: /root/ros2_code/humble/tc_ros2_urdf/install/my_box_bot_description/share/my_box_bot_description//launch/urdf_visualize_physical.launch.py
[0.918s] -- Up-to-date symlink: /root/ros2_code/humble/tc_ros2_urdf/install/my_box_bot_description/share/my_box_bot_description//launch/urdf_visualize_sensor.launch.py
[0.919s] -- Up-to-date symlink: /root/ros2_code/humble/tc_ros2_urdf/install/my_box_bot_description/share/my_box_bot_description//meshes/cute_cube.blend
[0.919s] -- Up-to-date symlink: /root/ros2_code/humble/tc_ros2_urdf/install/my_box_bot_description/share/my_box_bot_description//meshes/cute_cube.dae
[0.919s] -- Up-to-date symlink: /root/ros2_code/humble/tc_ros2_urdf/install/my_box_bot_description/share/my_box_bot_description//meshes/lambert3_baseColor.png
[0.920s] -- Up-to-date symlink: /root/ros2_code/humble/tc_ros2_urdf/install/my_box_bot_description/share/my_box_bot_description//meshes/sensors/realsense.dae
[0.920s] -- Up-to-date symlink: /root/ros2_code/humble/tc_ros2_urdf/install/my_box_bot_description/share/my_box_bot_description//meshes/sensors/rplidar.dae
[0.920s] -- Up-to-date symlink: /root/ros2_code/humble/tc_ros2_urdf/install/my_box_bot_description/share/my_box_bot_description//meshes/sensors/rplidartexture.png
[0.920s] -- Up-to-date symlink: /root/ros2_code/humble/tc_ros2_urdf/install/my_box_bot_description/share/my_box_bot_description//meshes/textures/lambert3_baseColor.png
[0.920s] -- Symlinking: /root/ros2_code/humble/tc_ros2_urdf/install/my_box_bot_description/share/my_box_bot_description//config/controller_position.yaml
[0.940s] -- Symlinking: /root/ros2_code/humble/tc_ros2_urdf/install/my_box_bot_description/share/my_box_bot_description//config/controller_position_velocity.yaml
[0.956s] -- Up-to-date symlink: /root/ros2_code/humble/tc_ros2_urdf/install/my_box_bot_description/share/ament_index/resource_index/package_run_dependencies/my_box_bot_description
[0.956s] -- Up-to-date symlink: /root/ros2_code/humble/tc_ros2_urdf/install/my_box_bot_description/share/ament_index/resource_index/parent_prefix_path/my_box_bot_description
[0.956s] -- Up-to-date symlink: /root/ros2_code/humble/tc_ros2_urdf/install/my_box_bot_description/share/my_box_bot_description/environment/ament_prefix_path.sh
[0.957s] -- Up-to-date symlink: /root/ros2_code/humble/tc_ros2_urdf/install/my_box_bot_description/share/my_box_bot_description/environment/ament_prefix_path.dsv
[0.957s] -- Up-to-date symlink: /root/ros2_code/humble/tc_ros2_urdf/install/my_box_bot_description/share/my_box_bot_description/environment/path.sh
[0.957s] -- Up-to-date symlink: /root/ros2_code/humble/tc_ros2_urdf/install/my_box_bot_description/share/my_box_bot_description/environment/path.dsv
[0.957s] -- Up-to-date symlink: /root/ros2_code/humble/tc_ros2_urdf/install/my_box_bot_description/share/my_box_bot_description/local_setup.bash
[0.957s] -- Up-to-date symlink: /root/ros2_code/humble/tc_ros2_urdf/install/my_box_bot_description/share/my_box_bot_description/local_setup.sh
[0.957s] -- Up-to-date symlink: /root/ros2_code/humble/tc_ros2_urdf/install/my_box_bot_description/share/my_box_bot_description/local_setup.zsh
[0.958s] -- Up-to-date symlink: /root/ros2_code/humble/tc_ros2_urdf/install/my_box_bot_description/share/my_box_bot_description/local_setup.dsv
[0.958s] -- Symlinking: /root/ros2_code/humble/tc_ros2_urdf/install/my_box_bot_description/share/my_box_bot_description/package.dsv
[0.967s] -- Up-to-date symlink: /root/ros2_code/humble/tc_ros2_urdf/install/my_box_bot_description/share/ament_index/resource_index/packages/my_box_bot_description
[0.967s] -- Up-to-date symlink: /root/ros2_code/humble/tc_ros2_urdf/install/my_box_bot_description/share/my_box_bot_description/cmake/my_box_bot_descriptionConfig.cmake
[0.967s] -- Up-to-date symlink: /root/ros2_code/humble/tc_ros2_urdf/install/my_box_bot_description/share/my_box_bot_description/cmake/my_box_bot_descriptionConfig-version.cmake
[0.967s] -- Up-to-date symlink: /root/ros2_code/humble/tc_ros2_urdf/install/my_box_bot_description/share/my_box_bot_description/package.xml
[0.969s] Invoked command in '/root/ros2_code/humble/tc_ros2_urdf/build/my_box_bot_description' returned '0': CMAKE_PREFIX_PATH=${CMAKE_PREFIX_PATH}:/root/ros2_code/humble/learning/install/ball_tracker:/opt/ros/humble /usr/bin/cmake --install /root/ros2_code/humble/tc_ros2_urdf/build/my_box_bot_description
