[3.104s] Invoking command in '/root/ros2_code/humble/tc_ros2_nav/src/amcl': PYTHONPATH=/root/ros2_code/humble/tc_ros2_nav/build/amcl/prefix_override:/root/ros2_code/humble/tc_ros2_nav/install/amcl/lib/python3.10/site-packages:${PYTHONPATH} /usr/bin/python3 setup.py egg_info --egg-base ../../build/amcl build --build-base /root/ros2_code/humble/tc_ros2_nav/build/amcl/build install --record /root/ros2_code/humble/tc_ros2_nav/build/amcl/install.log --single-version-externally-managed
[3.418s] running egg_info
[3.419s] writing ../../build/amcl/amcl.egg-info/PKG-INFO
[3.420s] writing dependency_links to ../../build/amcl/amcl.egg-info/dependency_links.txt
[3.421s] writing entry points to ../../build/amcl/amcl.egg-info/entry_points.txt
[3.421s] writing requirements to ../../build/amcl/amcl.egg-info/requires.txt
[3.421s] writing top-level names to ../../build/amcl/amcl.egg-info/top_level.txt
[3.423s] reading manifest file '../../build/amcl/amcl.egg-info/SOURCES.txt'
[3.424s] writing manifest file '../../build/amcl/amcl.egg-info/SOURCES.txt'
[3.424s] running build
[3.424s] running build_py
[3.425s] running install
[3.425s] running install_lib
[3.427s] running install_data
[3.428s] running install_egg_info
[3.430s] removing '/root/ros2_code/humble/tc_ros2_nav/install/amcl/lib/python3.10/site-packages/amcl-0.0.0-py3.10.egg-info' (and everything under it)
[3.431s] Copying ../../build/amcl/amcl.egg-info to /root/ros2_code/humble/tc_ros2_nav/install/amcl/lib/python3.10/site-packages/amcl-0.0.0-py3.10.egg-info
[3.432s] running install_scripts
[3.461s] writing list of installed files to '/root/ros2_code/humble/tc_ros2_nav/build/amcl/install.log'
[3.520s] Invoked command in '/root/ros2_code/humble/tc_ros2_nav/src/amcl' returned '0': PYTHONPATH=/root/ros2_code/humble/tc_ros2_nav/build/amcl/prefix_override:/root/ros2_code/humble/tc_ros2_nav/install/amcl/lib/python3.10/site-packages:${PYTHONPATH} /usr/bin/python3 setup.py egg_info --egg-base ../../build/amcl build --build-base /root/ros2_code/humble/tc_ros2_nav/build/amcl/build install --record /root/ros2_code/humble/tc_ros2_nav/build/amcl/install.log --single-version-externally-managed
