[2.892s] Invoking command in '/root/ros2_code/humble/tc_ros2_nav/src/path_planner_server': PYTHONPATH=/root/ros2_code/humble/tc_ros2_nav/build/path_planner_server/prefix_override:/root/ros2_code/humble/tc_ros2_nav/install/path_planner_server/lib/python3.10/site-packages:${PYTHONPATH} /usr/bin/python3 setup.py egg_info --egg-base ../../build/path_planner_server build --build-base /root/ros2_code/humble/tc_ros2_nav/build/path_planner_server/build install --record /root/ros2_code/humble/tc_ros2_nav/build/path_planner_server/install.log --single-version-externally-managed
[3.242s] running egg_info
[3.243s] writing ../../build/path_planner_server/path_planner_server.egg-info/PKG-INFO
[3.244s] writing dependency_links to ../../build/path_planner_server/path_planner_server.egg-info/dependency_links.txt
[3.244s] writing entry points to ../../build/path_planner_server/path_planner_server.egg-info/entry_points.txt
[3.244s] writing requirements to ../../build/path_planner_server/path_planner_server.egg-info/requires.txt
[3.244s] writing top-level names to ../../build/path_planner_server/path_planner_server.egg-info/top_level.txt
[3.247s] reading manifest file '../../build/path_planner_server/path_planner_server.egg-info/SOURCES.txt'
[3.249s] writing manifest file '../../build/path_planner_server/path_planner_server.egg-info/SOURCES.txt'
[3.249s] running build
[3.249s] running build_py
[3.249s] running install
[3.250s] running install_lib
[3.253s] running install_data
[3.254s] copying config/behavior.xml -> /root/ros2_code/humble/tc_ros2_nav/install/path_planner_server/share/path_planner_server/config
[3.258s] copying config/recovery.yaml -> /root/ros2_code/humble/tc_ros2_nav/install/path_planner_server/share/path_planner_server/config
[3.258s] copying config/bt_navigator.yaml -> /root/ros2_code/humble/tc_ros2_nav/install/path_planner_server/share/path_planner_server/config
[3.258s] copying config/controller.yaml -> /root/ros2_code/humble/tc_ros2_nav/install/path_planner_server/share/path_planner_server/config
[3.258s] running install_egg_info
[3.260s] removing '/root/ros2_code/humble/tc_ros2_nav/install/path_planner_server/lib/python3.10/site-packages/path_planner_server-0.0.0-py3.10.egg-info' (and everything under it)
[3.261s] Copying ../../build/path_planner_server/path_planner_server.egg-info to /root/ros2_code/humble/tc_ros2_nav/install/path_planner_server/lib/python3.10/site-packages/path_planner_server-0.0.0-py3.10.egg-info
[3.262s] running install_scripts
[3.287s] Installing nav_to_pose_action_client script to /root/ros2_code/humble/tc_ros2_nav/install/path_planner_server/lib/path_planner_server
[3.288s] writing list of installed files to '/root/ros2_code/humble/tc_ros2_nav/build/path_planner_server/install.log'
[3.459s] Invoked command in '/root/ros2_code/humble/tc_ros2_nav/src/path_planner_server' returned '0': PYTHONPATH=/root/ros2_code/humble/tc_ros2_nav/build/path_planner_server/prefix_override:/root/ros2_code/humble/tc_ros2_nav/install/path_planner_server/lib/python3.10/site-packages:${PYTHONPATH} /usr/bin/python3 setup.py egg_info --egg-base ../../build/path_planner_server build --build-base /root/ros2_code/humble/tc_ros2_nav/build/path_planner_server/build install --record /root/ros2_code/humble/tc_ros2_nav/build/path_planner_server/install.log --single-version-externally-managed
