-- The C compiler identification is GNU 11.4.0
-- The CXX compiler identification is GNU 11.4.0
-- Detecting C compiler ABI info
-- Detecting C compiler ABI info - done
-- Check for working C compiler: /usr/bin/cc - skipped
-- Detecting C compile features
-- Detecting C compile features - done
-- Detecting CXX compiler ABI info
-- Detecting CXX compiler ABI info - done
-- Check for working CXX compiler: /usr/bin/c++ - skipped
-- Detecting CXX compile features
-- Detecting CXX compile features - done
-- Found ament_cmake: 1.3.6 (/opt/ros/humble/share/ament_cmake/cmake)
-- Found Python3: /usr/bin/python3.10 (found version "3.10.12") found components: Interpreter 
-- Configuring done
-- Generating done
-- Build files have been written to: /root/ros2_code/humble/ros_bot/build/rosbot_xl
-- Install configuration: ""
-- Installing: /root/ros2_code/humble/ros_bot/install/rosbot_xl/share/ament_index/resource_index/package_run_dependencies/rosbot_xl
-- Installing: /root/ros2_code/humble/ros_bot/install/rosbot_xl/share/ament_index/resource_index/parent_prefix_path/rosbot_xl
-- Installing: /root/ros2_code/humble/ros_bot/install/rosbot_xl/share/rosbot_xl/environment/ament_prefix_path.sh
-- Installing: /root/ros2_code/humble/ros_bot/install/rosbot_xl/share/rosbot_xl/environment/ament_prefix_path.dsv
-- Installing: /root/ros2_code/humble/ros_bot/install/rosbot_xl/share/rosbot_xl/environment/path.sh
-- Installing: /root/ros2_code/humble/ros_bot/install/rosbot_xl/share/rosbot_xl/environment/path.dsv
-- Installing: /root/ros2_code/humble/ros_bot/install/rosbot_xl/share/rosbot_xl/local_setup.bash
-- Installing: /root/ros2_code/humble/ros_bot/install/rosbot_xl/share/rosbot_xl/local_setup.sh
-- Installing: /root/ros2_code/humble/ros_bot/install/rosbot_xl/share/rosbot_xl/local_setup.zsh
-- Installing: /root/ros2_code/humble/ros_bot/install/rosbot_xl/share/rosbot_xl/local_setup.dsv
-- Installing: /root/ros2_code/humble/ros_bot/install/rosbot_xl/share/rosbot_xl/package.dsv
-- Installing: /root/ros2_code/humble/ros_bot/install/rosbot_xl/share/ament_index/resource_index/packages/rosbot_xl
-- Installing: /root/ros2_code/humble/ros_bot/install/rosbot_xl/share/rosbot_xl/cmake/rosbot_xlConfig.cmake
-- Installing: /root/ros2_code/humble/ros_bot/install/rosbot_xl/share/rosbot_xl/cmake/rosbot_xlConfig-version.cmake
-- Installing: /root/ros2_code/humble/ros_bot/install/rosbot_xl/share/rosbot_xl/package.xml
