[0.891s] Invoking command in '/root/ros2_code/humble/vision/src/joystick_pkg': PYTHONPATH=/root/ros2_code/humble/vision/build/joystick_pkg/prefix_override:/root/ros2_code/humble/vision/install/joystick_pkg/lib/python3.10/site-packages:${PYTHONPATH} /usr/bin/python3 setup.py egg_info --egg-base ../../build/joystick_pkg build --build-base /root/ros2_code/humble/vision/build/joystick_pkg/build install --record /root/ros2_code/humble/vision/build/joystick_pkg/install.log --single-version-externally-managed
[1.136s] running egg_info
[1.136s] writing ../../build/joystick_pkg/joystick_pkg.egg-info/PKG-INFO
[1.136s] writing dependency_links to ../../build/joystick_pkg/joystick_pkg.egg-info/dependency_links.txt
[1.136s] writing entry points to ../../build/joystick_pkg/joystick_pkg.egg-info/entry_points.txt
[1.136s] writing requirements to ../../build/joystick_pkg/joystick_pkg.egg-info/requires.txt
[1.136s] writing top-level names to ../../build/joystick_pkg/joystick_pkg.egg-info/top_level.txt
[1.138s] reading manifest file '../../build/joystick_pkg/joystick_pkg.egg-info/SOURCES.txt'
[1.139s] writing manifest file '../../build/joystick_pkg/joystick_pkg.egg-info/SOURCES.txt'
[1.139s] running build
[1.139s] running build_py
[1.139s] running install
[1.140s] running install_lib
[1.141s] running install_data
[1.143s] running install_egg_info
[1.145s] removing '/root/ros2_code/humble/vision/install/joystick_pkg/lib/python3.10/site-packages/joystick_pkg-0.0.0-py3.10.egg-info' (and everything under it)
[1.145s] Copying ../../build/joystick_pkg/joystick_pkg.egg-info to /root/ros2_code/humble/vision/install/joystick_pkg/lib/python3.10/site-packages/joystick_pkg-0.0.0-py3.10.egg-info
[1.146s] running install_scripts
[1.162s] writing list of installed files to '/root/ros2_code/humble/vision/build/joystick_pkg/install.log'
[1.195s] Invoked command in '/root/ros2_code/humble/vision/src/joystick_pkg' returned '0': PYTHONPATH=/root/ros2_code/humble/vision/build/joystick_pkg/prefix_override:/root/ros2_code/humble/vision/install/joystick_pkg/lib/python3.10/site-packages:${PYTHONPATH} /usr/bin/python3 setup.py egg_info --egg-base ../../build/joystick_pkg build --build-base /root/ros2_code/humble/vision/build/joystick_pkg/build install --record /root/ros2_code/humble/vision/build/joystick_pkg/install.log --single-version-externally-managed
