[2.142s] Invoking command in '/root/ros2_code/humble/tc_ros2_nav/src/map_server': PYTHONPATH=/root/ros2_code/humble/tc_ros2_nav/build/map_server/prefix_override:/root/ros2_code/humble/tc_ros2_nav/install/map_server/lib/python3.10/site-packages:${PYTHONPATH} /usr/bin/python3 setup.py egg_info --egg-base ../../build/map_server build --build-base /root/ros2_code/humble/tc_ros2_nav/build/map_server/build install --record /root/ros2_code/humble/tc_ros2_nav/build/map_server/install.log --single-version-externally-managed
[2.440s] running egg_info
[2.440s] writing ../../build/map_server/map_server.egg-info/PKG-INFO
[2.441s] writing dependency_links to ../../build/map_server/map_server.egg-info/dependency_links.txt
[2.441s] writing entry points to ../../build/map_server/map_server.egg-info/entry_points.txt
[2.441s] writing requirements to ../../build/map_server/map_server.egg-info/requires.txt
[2.441s] writing top-level names to ../../build/map_server/map_server.egg-info/top_level.txt
[2.443s] reading manifest file '../../build/map_server/map_server.egg-info/SOURCES.txt'
[2.444s] writing manifest file '../../build/map_server/map_server.egg-info/SOURCES.txt'
[2.444s] running build
[2.444s] running build_py
[2.444s] running install
[2.444s] running install_lib
[2.447s] running install_data
[2.447s] running install_egg_info
[2.450s] removing '/root/ros2_code/humble/tc_ros2_nav/install/map_server/lib/python3.10/site-packages/map_server-0.0.0-py3.10.egg-info' (and everything under it)
[2.450s] Copying ../../build/map_server/map_server.egg-info to /root/ros2_code/humble/tc_ros2_nav/install/map_server/lib/python3.10/site-packages/map_server-0.0.0-py3.10.egg-info
[2.452s] running install_scripts
[2.477s] writing list of installed files to '/root/ros2_code/humble/tc_ros2_nav/build/map_server/install.log'
[2.616s] Invoked command in '/root/ros2_code/humble/tc_ros2_nav/src/map_server' returned '0': PYTHONPATH=/root/ros2_code/humble/tc_ros2_nav/build/map_server/prefix_override:/root/ros2_code/humble/tc_ros2_nav/install/map_server/lib/python3.10/site-packages:${PYTHONPATH} /usr/bin/python3 setup.py egg_info --egg-base ../../build/map_server build --build-base /root/ros2_code/humble/tc_ros2_nav/build/map_server/build install --record /root/ros2_code/humble/tc_ros2_nav/build/map_server/install.log --single-version-externally-managed
