-- Install configuration: ""
-- Up-to-date: /root/ros2_code/humble/vision/install/diff_robot_pkg/share/diff_robot_pkg/config
-- Up-to-date: /root/ros2_code/humble/vision/install/diff_robot_pkg/share/diff_robot_pkg/config/twist_mux.yaml
-- Up-to-date: /root/ros2_code/humble/vision/install/diff_robot_pkg/share/diff_robot_pkg/config/joystick.yaml
-- Up-to-date: /root/ros2_code/humble/vision/install/diff_robot_pkg/share/diff_robot_pkg/config/gazebo_params.yaml
-- Up-to-date: /root/ros2_code/humble/vision/install/diff_robot_pkg/share/diff_robot_pkg/config/gaz_ros2_ctl_use_sim.yaml
-- Up-to-date: /root/ros2_code/humble/vision/install/diff_robot_pkg/share/diff_robot_pkg/config/my_controllers.yaml
-- Up-to-date: /root/ros2_code/humble/vision/install/diff_robot_pkg/share/diff_robot_pkg/description
-- Up-to-date: /root/ros2_code/humble/vision/install/diff_robot_pkg/share/diff_robot_pkg/description/face.xacro
-- Up-to-date: /root/ros2_code/humble/vision/install/diff_robot_pkg/share/diff_robot_pkg/description/lidar.xacro
-- Up-to-date: /root/ros2_code/humble/vision/install/diff_robot_pkg/share/diff_robot_pkg/description/robot_core.xacro
-- Up-to-date: /root/ros2_code/humble/vision/install/diff_robot_pkg/share/diff_robot_pkg/description/inertial_macros.xacro
-- Installing: /root/ros2_code/humble/vision/install/diff_robot_pkg/share/diff_robot_pkg/description/ros2_control.xacro
-- Up-to-date: /root/ros2_code/humble/vision/install/diff_robot_pkg/share/diff_robot_pkg/description/gazebo_control.xacro
-- Up-to-date: /root/ros2_code/humble/vision/install/diff_robot_pkg/share/diff_robot_pkg/description/camera.xacro
-- Up-to-date: /root/ros2_code/humble/vision/install/diff_robot_pkg/share/diff_robot_pkg/description/robot.urdf.xacro
-- Up-to-date: /root/ros2_code/humble/vision/install/diff_robot_pkg/share/diff_robot_pkg/description/depth_camera.xacro
-- Up-to-date: /root/ros2_code/humble/vision/install/diff_robot_pkg/share/diff_robot_pkg/launch
-- Up-to-date: /root/ros2_code/humble/vision/install/diff_robot_pkg/share/diff_robot_pkg/launch/rsp.launch.py
-- Up-to-date: /root/ros2_code/humble/vision/install/diff_robot_pkg/share/diff_robot_pkg/launch/joystick.launch.py
-- Up-to-date: /root/ros2_code/humble/vision/install/diff_robot_pkg/share/diff_robot_pkg/launch/gazebo_sim_w.launch.py
-- Up-to-date: /root/ros2_code/humble/vision/install/diff_robot_pkg/share/diff_robot_pkg/launch/gazebo_sim.launch.py
-- Up-to-date: /root/ros2_code/humble/vision/install/diff_robot_pkg/share/diff_robot_pkg/worlds
-- Up-to-date: /root/ros2_code/humble/vision/install/diff_robot_pkg/share/diff_robot_pkg/worlds/empty.world
-- Up-to-date: /root/ros2_code/humble/vision/install/diff_robot_pkg/share/diff_robot_pkg/worlds/yolo_test.world
-- Up-to-date: /root/ros2_code/humble/vision/install/diff_robot_pkg/share/diff_robot_pkg/worlds/aws.world
-- Up-to-date: /root/ros2_code/humble/vision/install/diff_robot_pkg/share/diff_robot_pkg/worlds/obstacles.world
-- Up-to-date: /root/ros2_code/humble/vision/install/diff_robot_pkg/share/ament_index/resource_index/package_run_dependencies/diff_robot_pkg
-- Up-to-date: /root/ros2_code/humble/vision/install/diff_robot_pkg/share/ament_index/resource_index/parent_prefix_path/diff_robot_pkg
-- Up-to-date: /root/ros2_code/humble/vision/install/diff_robot_pkg/share/diff_robot_pkg/environment/ament_prefix_path.sh
-- Up-to-date: /root/ros2_code/humble/vision/install/diff_robot_pkg/share/diff_robot_pkg/environment/ament_prefix_path.dsv
-- Up-to-date: /root/ros2_code/humble/vision/install/diff_robot_pkg/share/diff_robot_pkg/environment/path.sh
-- Up-to-date: /root/ros2_code/humble/vision/install/diff_robot_pkg/share/diff_robot_pkg/environment/path.dsv
-- Up-to-date: /root/ros2_code/humble/vision/install/diff_robot_pkg/share/diff_robot_pkg/local_setup.bash
-- Up-to-date: /root/ros2_code/humble/vision/install/diff_robot_pkg/share/diff_robot_pkg/local_setup.sh
-- Up-to-date: /root/ros2_code/humble/vision/install/diff_robot_pkg/share/diff_robot_pkg/local_setup.zsh
-- Up-to-date: /root/ros2_code/humble/vision/install/diff_robot_pkg/share/diff_robot_pkg/local_setup.dsv
-- Up-to-date: /root/ros2_code/humble/vision/install/diff_robot_pkg/share/diff_robot_pkg/package.dsv
-- Up-to-date: /root/ros2_code/humble/vision/install/diff_robot_pkg/share/ament_index/resource_index/packages/diff_robot_pkg
-- Up-to-date: /root/ros2_code/humble/vision/install/diff_robot_pkg/share/diff_robot_pkg/cmake/diff_robot_pkgConfig.cmake
-- Up-to-date: /root/ros2_code/humble/vision/install/diff_robot_pkg/share/diff_robot_pkg/cmake/diff_robot_pkgConfig-version.cmake
-- Up-to-date: /root/ros2_code/humble/vision/install/diff_robot_pkg/share/diff_robot_pkg/package.xml
