[2.384s] Invoking command in '/root/ros2_code/humble/tc_ros2_advance_nav/src/nav2_pkgs/nav2_new_features': PYTHONPATH=/root/ros2_code/humble/tc_ros2_advance_nav/build/nav2_new_features/prefix_override:/root/ros2_code/humble/tc_ros2_advance_nav/install/nav2_new_features/lib/python3.10/site-packages:${PYTHONPATH} /usr/bin/python3 setup.py egg_info --egg-base ../../../build/nav2_new_features build --build-base /root/ros2_code/humble/tc_ros2_advance_nav/build/nav2_new_features/build install --record /root/ros2_code/humble/tc_ros2_advance_nav/build/nav2_new_features/install.log --single-version-externally-managed
[2.650s] running egg_info
[2.651s] creating ../../../build/nav2_new_features/nav2_new_features.egg-info
[2.651s] writing ../../../build/nav2_new_features/nav2_new_features.egg-info/PKG-INFO
[2.651s] writing dependency_links to ../../../build/nav2_new_features/nav2_new_features.egg-info/dependency_links.txt
[2.651s] writing entry points to ../../../build/nav2_new_features/nav2_new_features.egg-info/entry_points.txt
[2.651s] writing requirements to ../../../build/nav2_new_features/nav2_new_features.egg-info/requires.txt
[2.652s] writing top-level names to ../../../build/nav2_new_features/nav2_new_features.egg-info/top_level.txt
[2.652s] writing manifest file '../../../build/nav2_new_features/nav2_new_features.egg-info/SOURCES.txt'
[2.653s] reading manifest file '../../../build/nav2_new_features/nav2_new_features.egg-info/SOURCES.txt'
[2.654s] writing manifest file '../../../build/nav2_new_features/nav2_new_features.egg-info/SOURCES.txt'
[2.654s] running build
[2.654s] running build_py
[2.654s] creating /root/ros2_code/humble/tc_ros2_advance_nav/build/nav2_new_features/build
[2.654s] creating /root/ros2_code/humble/tc_ros2_advance_nav/build/nav2_new_features/build/lib
[2.654s] creating /root/ros2_code/humble/tc_ros2_advance_nav/build/nav2_new_features/build/lib/nav2_new_features
[2.654s] copying nav2_new_features/__init__.py -> /root/ros2_code/humble/tc_ros2_advance_nav/build/nav2_new_features/build/lib/nav2_new_features
[2.654s] running install
[2.655s] running install_lib
[2.655s] creating /root/ros2_code/humble/tc_ros2_advance_nav/install/nav2_new_features/lib/python3.10/site-packages/nav2_new_features
[2.655s] copying /root/ros2_code/humble/tc_ros2_advance_nav/build/nav2_new_features/build/lib/nav2_new_features/__init__.py -> /root/ros2_code/humble/tc_ros2_advance_nav/install/nav2_new_features/lib/python3.10/site-packages/nav2_new_features
[2.656s] byte-compiling /root/ros2_code/humble/tc_ros2_advance_nav/install/nav2_new_features/lib/python3.10/site-packages/nav2_new_features/__init__.py to __init__.cpython-310.pyc
[2.656s] running install_data
[2.657s] creating /root/ros2_code/humble/tc_ros2_advance_nav/install/nav2_new_features/share/ament_index
[2.657s] creating /root/ros2_code/humble/tc_ros2_advance_nav/install/nav2_new_features/share/ament_index/resource_index
[2.657s] creating /root/ros2_code/humble/tc_ros2_advance_nav/install/nav2_new_features/share/ament_index/resource_index/packages
[2.657s] copying resource/nav2_new_features -> /root/ros2_code/humble/tc_ros2_advance_nav/install/nav2_new_features/share/ament_index/resource_index/packages
[2.657s] copying package.xml -> /root/ros2_code/humble/tc_ros2_advance_nav/install/nav2_new_features/share/nav2_new_features
[2.657s] creating /root/ros2_code/humble/tc_ros2_advance_nav/install/nav2_new_features/share/nav2_new_features/launch
[2.657s] creating /root/ros2_code/humble/tc_ros2_advance_nav/install/nav2_new_features/share/nav2_new_features/config
[2.657s] running install_egg_info
[2.659s] Copying ../../../build/nav2_new_features/nav2_new_features.egg-info to /root/ros2_code/humble/tc_ros2_advance_nav/install/nav2_new_features/lib/python3.10/site-packages/nav2_new_features-0.0.0-py3.10.egg-info
[2.660s] running install_scripts
[2.677s] writing list of installed files to '/root/ros2_code/humble/tc_ros2_advance_nav/build/nav2_new_features/install.log'
[2.714s] Invoked command in '/root/ros2_code/humble/tc_ros2_advance_nav/src/nav2_pkgs/nav2_new_features' returned '0': PYTHONPATH=/root/ros2_code/humble/tc_ros2_advance_nav/build/nav2_new_features/prefix_override:/root/ros2_code/humble/tc_ros2_advance_nav/install/nav2_new_features/lib/python3.10/site-packages:${PYTHONPATH} /usr/bin/python3 setup.py egg_info --egg-base ../../../build/nav2_new_features build --build-base /root/ros2_code/humble/tc_ros2_advance_nav/build/nav2_new_features/build install --record /root/ros2_code/humble/tc_ros2_advance_nav/build/nav2_new_features/install.log --single-version-externally-managed
