[2.601s] Invoking command in '/root/ros2_code/humble/dai_ws/build/depthai_descriptions': CMAKE_PREFIX_PATH=${CMAKE_PREFIX_PATH}:/root/ros2_code/humble/learning/install/ball_tracker:/opt/ros/humble /usr/bin/cmake --build /root/ros2_code/humble/dai_ws/build/depthai_descriptions -- -j12 -l12
[2.807s] Invoked command in '/root/ros2_code/humble/dai_ws/build/depthai_descriptions' returned '0': CMAKE_PREFIX_PATH=${CMAKE_PREFIX_PATH}:/root/ros2_code/humble/learning/install/ball_tracker:/opt/ros/humble /usr/bin/cmake --build /root/ros2_code/humble/dai_ws/build/depthai_descriptions -- -j12 -l12
[3.168s] Invoking command in '/root/ros2_code/humble/dai_ws/build/depthai_descriptions': CMAKE_PREFIX_PATH=${CMAKE_PREFIX_PATH}:/root/ros2_code/humble/learning/install/ball_tracker:/opt/ros/humble /usr/bin/cmake --install /root/ros2_code/humble/dai_ws/build/depthai_descriptions
[3.223s] -- Install configuration: ""
[3.228s] -- Execute custom install script
[3.233s] -- Up-to-date symlink: /root/ros2_code/humble/dai_ws/install/depthai_descriptions/share/depthai_descriptions/urdf/base_descr.urdf.xacro
[3.235s] -- Up-to-date symlink: /root/ros2_code/humble/dai_ws/install/depthai_descriptions/share/depthai_descriptions/urdf/depthai_descr.urdf.xacro
[3.237s] -- Up-to-date symlink: /root/ros2_code/humble/dai_ws/install/depthai_descriptions/share/depthai_descriptions/urdf/include/base_macro.urdf.xacro
[3.238s] -- Up-to-date symlink: /root/ros2_code/humble/dai_ws/install/depthai_descriptions/share/depthai_descriptions/urdf/include/depthai_macro.urdf.xacro
[3.239s] -- Up-to-date symlink: /root/ros2_code/humble/dai_ws/install/depthai_descriptions/share/depthai_descriptions/urdf/models/OAK-D-CM4-POE.stl
[3.241s] -- Up-to-date symlink: /root/ros2_code/humble/dai_ws/install/depthai_descriptions/share/depthai_descriptions/urdf/models/OAK-D-IOT-75.stl
[3.242s] -- Up-to-date symlink: /root/ros2_code/humble/dai_ws/install/depthai_descriptions/share/depthai_descriptions/urdf/models/OAK-D-LITE.stl
[3.243s] -- Up-to-date symlink: /root/ros2_code/humble/dai_ws/install/depthai_descriptions/share/depthai_descriptions/urdf/models/OAK-D-LR.stl
[3.244s] -- Up-to-date symlink: /root/ros2_code/humble/dai_ws/install/depthai_descriptions/share/depthai_descriptions/urdf/models/OAK-D-POE.stl
[3.245s] -- Up-to-date symlink: /root/ros2_code/humble/dai_ws/install/depthai_descriptions/share/depthai_descriptions/urdf/models/OAK-D-PRO-W.stl
[3.246s] -- Up-to-date symlink: /root/ros2_code/humble/dai_ws/install/depthai_descriptions/share/depthai_descriptions/urdf/models/OAK-D-PRO.stl
[3.247s] -- Up-to-date symlink: /root/ros2_code/humble/dai_ws/install/depthai_descriptions/share/depthai_descriptions/urdf/models/OAK-D-S2.stl
[3.248s] -- Up-to-date symlink: /root/ros2_code/humble/dai_ws/install/depthai_descriptions/share/depthai_descriptions/urdf/models/OAK-D-SR.stl
[3.253s] -- Up-to-date symlink: /root/ros2_code/humble/dai_ws/install/depthai_descriptions/share/depthai_descriptions/urdf/models/OAK-D.stl
[3.254s] -- Up-to-date symlink: /root/ros2_code/humble/dai_ws/install/depthai_descriptions/share/ament_index/resource_index/package_run_dependencies/depthai_descriptions
[3.255s] -- Up-to-date symlink: /root/ros2_code/humble/dai_ws/install/depthai_descriptions/share/ament_index/resource_index/parent_prefix_path/depthai_descriptions
[3.259s] -- Up-to-date symlink: /root/ros2_code/humble/dai_ws/install/depthai_descriptions/share/depthai_descriptions/environment/ament_prefix_path.sh
[3.260s] -- Up-to-date symlink: /root/ros2_code/humble/dai_ws/install/depthai_descriptions/share/depthai_descriptions/environment/ament_prefix_path.dsv
[3.260s] -- Up-to-date symlink: /root/ros2_code/humble/dai_ws/install/depthai_descriptions/share/depthai_descriptions/environment/path.sh
[3.261s] -- Up-to-date symlink: /root/ros2_code/humble/dai_ws/install/depthai_descriptions/share/depthai_descriptions/environment/path.dsv
[3.262s] -- Up-to-date symlink: /root/ros2_code/humble/dai_ws/install/depthai_descriptions/share/depthai_descriptions/local_setup.bash
[3.263s] -- Up-to-date symlink: /root/ros2_code/humble/dai_ws/install/depthai_descriptions/share/depthai_descriptions/local_setup.sh
[3.264s] -- Up-to-date symlink: /root/ros2_code/humble/dai_ws/install/depthai_descriptions/share/depthai_descriptions/local_setup.zsh
[3.265s] -- Up-to-date symlink: /root/ros2_code/humble/dai_ws/install/depthai_descriptions/share/depthai_descriptions/local_setup.dsv
[3.265s] -- Symlinking: /root/ros2_code/humble/dai_ws/install/depthai_descriptions/share/depthai_descriptions/package.dsv
[3.310s] -- Up-to-date symlink: /root/ros2_code/humble/dai_ws/install/depthai_descriptions/share/ament_index/resource_index/packages/depthai_descriptions
[3.313s] -- Up-to-date symlink: /root/ros2_code/humble/dai_ws/install/depthai_descriptions/share/depthai_descriptions/cmake/depthai_descriptionsConfig.cmake
[3.314s] -- Up-to-date symlink: /root/ros2_code/humble/dai_ws/install/depthai_descriptions/share/depthai_descriptions/cmake/depthai_descriptionsConfig-version.cmake
[3.315s] -- Up-to-date symlink: /root/ros2_code/humble/dai_ws/install/depthai_descriptions/share/depthai_descriptions/package.xml
[3.315s] -- Up-to-date: /root/ros2_code/humble/dai_ws/install/depthai_descriptions/share/depthai_descriptions/launch
[3.316s] -- Up-to-date: /root/ros2_code/humble/dai_ws/install/depthai_descriptions/share/depthai_descriptions/launch/urdf_launch.py
[3.337s] Invoked command in '/root/ros2_code/humble/dai_ws/build/depthai_descriptions' returned '0': CMAKE_PREFIX_PATH=${CMAKE_PREFIX_PATH}:/root/ros2_code/humble/learning/install/ball_tracker:/opt/ros/humble /usr/bin/cmake --install /root/ros2_code/humble/dai_ws/build/depthai_descriptions
