[3.597s] Invoking command in '/root/ros2_code/humble/tc_ros2_nav/src/navigation': PYTHONPATH=/root/ros2_code/humble/tc_ros2_nav/build/navigation/prefix_override:/root/ros2_code/humble/tc_ros2_nav/install/navigation/lib/python3.10/site-packages:${PYTHONPATH} /usr/bin/python3 setup.py egg_info --egg-base ../../build/navigation build --build-base /root/ros2_code/humble/tc_ros2_nav/build/navigation/build install --record /root/ros2_code/humble/tc_ros2_nav/build/navigation/install.log --single-version-externally-managed
[3.978s] running egg_info
[3.979s] writing ../../build/navigation/navigation.egg-info/PKG-INFO
[3.979s] writing dependency_links to ../../build/navigation/navigation.egg-info/dependency_links.txt
[3.979s] writing entry points to ../../build/navigation/navigation.egg-info/entry_points.txt
[3.980s] writing requirements to ../../build/navigation/navigation.egg-info/requires.txt
[3.980s] writing top-level names to ../../build/navigation/navigation.egg-info/top_level.txt
[3.981s] reading manifest file '../../build/navigation/navigation.egg-info/SOURCES.txt'
[3.983s] writing manifest file '../../build/navigation/navigation.egg-info/SOURCES.txt'
[3.984s] running build
[3.984s] running build_py
[3.984s] running install
[3.984s] running install_lib
[3.985s] running install_data
[3.985s] copying config/nav2_params.yaml -> /root/ros2_code/humble/tc_ros2_nav/install/navigation/share/navigation/config
[3.986s] running install_egg_info
[3.988s] removing '/root/ros2_code/humble/tc_ros2_nav/install/navigation/lib/python3.10/site-packages/navigation-0.0.0-py3.10.egg-info' (and everything under it)
[3.988s] Copying ../../build/navigation/navigation.egg-info to /root/ros2_code/humble/tc_ros2_nav/install/navigation/lib/python3.10/site-packages/navigation-0.0.0-py3.10.egg-info
[3.989s] running install_scripts
[4.015s] writing list of installed files to '/root/ros2_code/humble/tc_ros2_nav/build/navigation/install.log'
[4.211s] Invoked command in '/root/ros2_code/humble/tc_ros2_nav/src/navigation' returned '0': PYTHONPATH=/root/ros2_code/humble/tc_ros2_nav/build/navigation/prefix_override:/root/ros2_code/humble/tc_ros2_nav/install/navigation/lib/python3.10/site-packages:${PYTHONPATH} /usr/bin/python3 setup.py egg_info --egg-base ../../build/navigation build --build-base /root/ros2_code/humble/tc_ros2_nav/build/navigation/build install --record /root/ros2_code/humble/tc_ros2_nav/build/navigation/install.log --single-version-externally-managed
