[1.026s] Invoking command in '/root/ros2_code/humble/dai_ws/build/depthai_ros_driver': CMAKE_PREFIX_PATH=/root/ros2_code/humble/dai_ws/install/depthai_examples:/root/ros2_code/humble/dai_ws/install/depthai_bridge:/root/ros2_code/humble/dai_ws/install/depthai_ros_msgs:/root/ros2_code/humble/dai_ws/install/depthai_descriptions:/root/ros2_code/humble/articubot/install/articubot_one:/root/ros2_code/humble/tc_ros2_urdf/install/urdfbot_description:/root/ros2_code/humble/tc_ros2_urdf/install/my_box_bot_gazebo:/root/ros2_code/humble/tc_ros2_urdf/install/my_box_bot_description:/root/ros2_code/humble/dai_ws/install/pointcloud_to_laserscan:/root/ros2_code/humble/dai_ws/install/depthimage_to_laserscan:/root/ros2_code/humble/dai_ws/install/depthai-ros:/root/ros2_code/humble/dai_ws/install/depthai_ros_driver:/root/ros2_code/humble/dai_ws/install/depthai_filters:/root/cyglidar_ws/install/cyglidar_d1_ros2:/root/dai_ws/install/depthai-ros:/root/dai_ws/install/depthai_ros_driver:/root/dai_ws/install/depthai_filters:/root/dai_ws/install/depthai_examples:/root/dai_ws/install/depthai_bridge:/root/dai_ws/install/depthai_ros_msgs:/root/dai_ws/install/depthai_descriptions:/root/ros2_code/humble/learning/install/articubot_one:/root/ros2_code/humble/frc9202/install/yolov8_msgs:/root/ros2_code/humble/frc9202/install/yolo_recognition:/root/ros2_code/humble/frc9202/install/gazebo_setup_pkg:/root/ros2_code/humble/surround_view_ros/install/omni_robot_description:/root/ros2_code/humble/surround_view_ros/install/omni_control:/root/ros2_code/humble/surround_view_ros/install/gazebo_simulation:/root/ros2_code/humble/learning/install/ball_tracker:/opt/ros/humble LD_LIBRARY_PATH=/root/ros2_code/humble/dai_ws/install/depthai_bridge/lib:/root/ros2_code/humble/dai_ws/install/depthai_ros_msgs/lib:/root/ros2_code/humble/dai_ws/install/pointcloud_to_laserscan/lib:/root/ros2_code/humble/dai_ws/install/depthimage_to_laserscan/lib:/root/ros2_code/humble/dai_ws/install/depthai_ros_driver/lib:/root/ros2_code/humble/dai_ws/install/depthai_filters/lib:/root/dai_ws/install/depthai_ros_driver/lib:/root/dai_ws/install/depthai_filters/lib:/root/dai_ws/install/depthai_bridge/lib:/root/dai_ws/install/depthai_ros_msgs/lib:/root/ros2_code/humble/frc9202/install/yolov8_msgs/lib:/usr/lib/x86_64-linux-gnu/gazebo-11/plugins:/opt/ros/humble/opt/rviz_ogre_vendor/lib:/opt/ros/humble/lib/x86_64-linux-gnu:/opt/ros/humble/lib /usr/bin/cmake --build /root/ros2_code/humble/dai_ws/build/depthai_ros_driver -- -j12 -l12
[1.299s] [  0%] Built target ament_cmake_python_symlink_depthai_ros_driver
[1.354s] [ 42%] Built target depthai_ros_driver_common
[1.503s] [ 57%] Built target depthai_ros_driver_nn_nodes
[1.519s] [ 84%] Built target depthai_ros_driver_sensor_nodes
[1.671s] [100%] Built target depthai_ros_driver
[2.741s] running egg_info
[2.745s] writing depthai_ros_driver.egg-info/PKG-INFO
[2.745s] writing dependency_links to depthai_ros_driver.egg-info/dependency_links.txt
[2.746s] writing top-level names to depthai_ros_driver.egg-info/top_level.txt
[2.759s] reading manifest file 'depthai_ros_driver.egg-info/SOURCES.txt'
[2.763s] writing manifest file 'depthai_ros_driver.egg-info/SOURCES.txt'
[2.872s] [100%] Built target ament_cmake_python_build_depthai_ros_driver_egg
[2.931s] Invoked command in '/root/ros2_code/humble/dai_ws/build/depthai_ros_driver' returned '0': CMAKE_PREFIX_PATH=/root/ros2_code/humble/dai_ws/install/depthai_examples:/root/ros2_code/humble/dai_ws/install/depthai_bridge:/root/ros2_code/humble/dai_ws/install/depthai_ros_msgs:/root/ros2_code/humble/dai_ws/install/depthai_descriptions:/root/ros2_code/humble/articubot/install/articubot_one:/root/ros2_code/humble/tc_ros2_urdf/install/urdfbot_description:/root/ros2_code/humble/tc_ros2_urdf/install/my_box_bot_gazebo:/root/ros2_code/humble/tc_ros2_urdf/install/my_box_bot_description:/root/ros2_code/humble/dai_ws/install/pointcloud_to_laserscan:/root/ros2_code/humble/dai_ws/install/depthimage_to_laserscan:/root/ros2_code/humble/dai_ws/install/depthai-ros:/root/ros2_code/humble/dai_ws/install/depthai_ros_driver:/root/ros2_code/humble/dai_ws/install/depthai_filters:/root/cyglidar_ws/install/cyglidar_d1_ros2:/root/dai_ws/install/depthai-ros:/root/dai_ws/install/depthai_ros_driver:/root/dai_ws/install/depthai_filters:/root/dai_ws/install/depthai_examples:/root/dai_ws/install/depthai_bridge:/root/dai_ws/install/depthai_ros_msgs:/root/dai_ws/install/depthai_descriptions:/root/ros2_code/humble/learning/install/articubot_one:/root/ros2_code/humble/frc9202/install/yolov8_msgs:/root/ros2_code/humble/frc9202/install/yolo_recognition:/root/ros2_code/humble/frc9202/install/gazebo_setup_pkg:/root/ros2_code/humble/surround_view_ros/install/omni_robot_description:/root/ros2_code/humble/surround_view_ros/install/omni_control:/root/ros2_code/humble/surround_view_ros/install/gazebo_simulation:/root/ros2_code/humble/learning/install/ball_tracker:/opt/ros/humble LD_LIBRARY_PATH=/root/ros2_code/humble/dai_ws/install/depthai_bridge/lib:/root/ros2_code/humble/dai_ws/install/depthai_ros_msgs/lib:/root/ros2_code/humble/dai_ws/install/pointcloud_to_laserscan/lib:/root/ros2_code/humble/dai_ws/install/depthimage_to_laserscan/lib:/root/ros2_code/humble/dai_ws/install/depthai_ros_driver/lib:/root/ros2_code/humble/dai_ws/install/depthai_filters/lib:/root/dai_ws/install/depthai_ros_driver/lib:/root/dai_ws/install/depthai_filters/lib:/root/dai_ws/install/depthai_bridge/lib:/root/dai_ws/install/depthai_ros_msgs/lib:/root/ros2_code/humble/frc9202/install/yolov8_msgs/lib:/usr/lib/x86_64-linux-gnu/gazebo-11/plugins:/opt/ros/humble/opt/rviz_ogre_vendor/lib:/opt/ros/humble/lib/x86_64-linux-gnu:/opt/ros/humble/lib /usr/bin/cmake --build /root/ros2_code/humble/dai_ws/build/depthai_ros_driver -- -j12 -l12
[3.423s] Invoking command in '/root/ros2_code/humble/dai_ws/build/depthai_ros_driver': CMAKE_PREFIX_PATH=/root/ros2_code/humble/dai_ws/install/depthai_examples:/root/ros2_code/humble/dai_ws/install/depthai_bridge:/root/ros2_code/humble/dai_ws/install/depthai_ros_msgs:/root/ros2_code/humble/dai_ws/install/depthai_descriptions:/root/ros2_code/humble/articubot/install/articubot_one:/root/ros2_code/humble/tc_ros2_urdf/install/urdfbot_description:/root/ros2_code/humble/tc_ros2_urdf/install/my_box_bot_gazebo:/root/ros2_code/humble/tc_ros2_urdf/install/my_box_bot_description:/root/ros2_code/humble/dai_ws/install/pointcloud_to_laserscan:/root/ros2_code/humble/dai_ws/install/depthimage_to_laserscan:/root/ros2_code/humble/dai_ws/install/depthai-ros:/root/ros2_code/humble/dai_ws/install/depthai_ros_driver:/root/ros2_code/humble/dai_ws/install/depthai_filters:/root/cyglidar_ws/install/cyglidar_d1_ros2:/root/dai_ws/install/depthai-ros:/root/dai_ws/install/depthai_ros_driver:/root/dai_ws/install/depthai_filters:/root/dai_ws/install/depthai_examples:/root/dai_ws/install/depthai_bridge:/root/dai_ws/install/depthai_ros_msgs:/root/dai_ws/install/depthai_descriptions:/root/ros2_code/humble/learning/install/articubot_one:/root/ros2_code/humble/frc9202/install/yolov8_msgs:/root/ros2_code/humble/frc9202/install/yolo_recognition:/root/ros2_code/humble/frc9202/install/gazebo_setup_pkg:/root/ros2_code/humble/surround_view_ros/install/omni_robot_description:/root/ros2_code/humble/surround_view_ros/install/omni_control:/root/ros2_code/humble/surround_view_ros/install/gazebo_simulation:/root/ros2_code/humble/learning/install/ball_tracker:/opt/ros/humble LD_LIBRARY_PATH=/root/ros2_code/humble/dai_ws/install/depthai_bridge/lib:/root/ros2_code/humble/dai_ws/install/depthai_ros_msgs/lib:/root/ros2_code/humble/dai_ws/install/pointcloud_to_laserscan/lib:/root/ros2_code/humble/dai_ws/install/depthimage_to_laserscan/lib:/root/ros2_code/humble/dai_ws/install/depthai_ros_driver/lib:/root/ros2_code/humble/dai_ws/install/depthai_filters/lib:/root/dai_ws/install/depthai_ros_driver/lib:/root/dai_ws/install/depthai_filters/lib:/root/dai_ws/install/depthai_bridge/lib:/root/dai_ws/install/depthai_ros_msgs/lib:/root/ros2_code/humble/frc9202/install/yolov8_msgs/lib:/usr/lib/x86_64-linux-gnu/gazebo-11/plugins:/opt/ros/humble/opt/rviz_ogre_vendor/lib:/opt/ros/humble/lib/x86_64-linux-gnu:/opt/ros/humble/lib /usr/bin/cmake --install /root/ros2_code/humble/dai_ws/build/depthai_ros_driver
[3.453s] -- Install configuration: ""
[3.456s] -- Execute custom install script
[3.458s] -- Up-to-date symlink: /root/ros2_code/humble/dai_ws/install/depthai_ros_driver/share/depthai_ros_driver//plugins.xml
[3.459s] -- Up-to-date symlink: /root/ros2_code/humble/dai_ws/install/depthai_ros_driver/share/depthai_ros_driver/environment/library_path.sh
[3.460s] -- Up-to-date symlink: /root/ros2_code/humble/dai_ws/install/depthai_ros_driver/share/depthai_ros_driver/environment/library_path.dsv
[3.464s] -- Up-to-date symlink: /root/ros2_code/humble/dai_ws/install/depthai_ros_driver/share/depthai_ros_driver/launch/calibration.launch.py
[3.464s] -- Up-to-date symlink: /root/ros2_code/humble/dai_ws/install/depthai_ros_driver/share/depthai_ros_driver/launch/camera.launch.py
[3.465s] -- Up-to-date symlink: /root/ros2_code/humble/dai_ws/install/depthai_ros_driver/share/depthai_ros_driver/launch/example_marker_publish.launch.py
[3.468s] -- Up-to-date symlink: /root/ros2_code/humble/dai_ws/install/depthai_ros_driver/share/depthai_ros_driver/launch/example_multicam.launch.py
[3.469s] -- Up-to-date symlink: /root/ros2_code/humble/dai_ws/install/depthai_ros_driver/share/depthai_ros_driver/launch/example_segmentation.launch.py
[3.469s] -- Up-to-date symlink: /root/ros2_code/humble/dai_ws/install/depthai_ros_driver/share/depthai_ros_driver/launch/pointcloud.launch.py
[3.470s] -- Up-to-date symlink: /root/ros2_code/humble/dai_ws/install/depthai_ros_driver/share/depthai_ros_driver/launch/rgbd_pcl.launch.py
[3.471s] -- Up-to-date symlink: /root/ros2_code/humble/dai_ws/install/depthai_ros_driver/share/depthai_ros_driver/launch/rtabmap.launch.py
[3.471s] -- Up-to-date symlink: /root/ros2_code/humble/dai_ws/install/depthai_ros_driver/share/depthai_ros_driver/launch/sr_rgbd_pcl.launch.py
[3.471s] -- Up-to-date symlink: /root/ros2_code/humble/dai_ws/install/depthai_ros_driver/share/depthai_ros_driver/launch/stereo_from_rosbag.launch.py
[3.474s] -- Up-to-date symlink: /root/ros2_code/humble/dai_ws/install/depthai_ros_driver/share/depthai_ros_driver/config/calibration.yaml
[3.475s] -- Up-to-date symlink: /root/ros2_code/humble/dai_ws/install/depthai_ros_driver/share/depthai_ros_driver/config/calibration/left.yaml
[3.476s] -- Up-to-date symlink: /root/ros2_code/humble/dai_ws/install/depthai_ros_driver/share/depthai_ros_driver/config/calibration/rgb.yaml
[3.477s] -- Up-to-date symlink: /root/ros2_code/humble/dai_ws/install/depthai_ros_driver/share/depthai_ros_driver/config/calibration/right.yaml
[3.477s] -- Up-to-date symlink: /root/ros2_code/humble/dai_ws/install/depthai_ros_driver/share/depthai_ros_driver/config/camera.yaml
[3.478s] -- Up-to-date symlink: /root/ros2_code/humble/dai_ws/install/depthai_ros_driver/share/depthai_ros_driver/config/isaac_vslam.yaml
[3.479s] -- Up-to-date symlink: /root/ros2_code/humble/dai_ws/install/depthai_ros_driver/share/depthai_ros_driver/config/low_bandwidth.yaml
[3.480s] -- Up-to-date symlink: /root/ros2_code/humble/dai_ws/install/depthai_ros_driver/share/depthai_ros_driver/config/multicam_example.yaml
[3.480s] -- Up-to-date symlink: /root/ros2_code/humble/dai_ws/install/depthai_ros_driver/share/depthai_ros_driver/config/nn/mobilenet.json
[3.481s] -- Up-to-date symlink: /root/ros2_code/humble/dai_ws/install/depthai_ros_driver/share/depthai_ros_driver/config/nn/segmentation.json
[3.482s] -- Up-to-date symlink: /root/ros2_code/humble/dai_ws/install/depthai_ros_driver/share/depthai_ros_driver/config/nn/yolo.json
[3.483s] -- Up-to-date symlink: /root/ros2_code/humble/dai_ws/install/depthai_ros_driver/share/depthai_ros_driver/config/oak_d_pro_w.yaml
[3.484s] -- Up-to-date symlink: /root/ros2_code/humble/dai_ws/install/depthai_ros_driver/share/depthai_ros_driver/config/oak_d_sr.yaml
[3.484s] -- Up-to-date symlink: /root/ros2_code/humble/dai_ws/install/depthai_ros_driver/share/depthai_ros_driver/config/pcl.yaml
[3.485s] -- Up-to-date symlink: /root/ros2_code/humble/dai_ws/install/depthai_ros_driver/share/depthai_ros_driver/config/rgbd.yaml
[3.486s] -- Up-to-date symlink: /root/ros2_code/humble/dai_ws/install/depthai_ros_driver/share/depthai_ros_driver/config/rviz/multicam.rviz
[3.487s] -- Up-to-date symlink: /root/ros2_code/humble/dai_ws/install/depthai_ros_driver/share/depthai_ros_driver/config/rviz/rgbd.rviz
[3.487s] -- Up-to-date symlink: /root/ros2_code/humble/dai_ws/install/depthai_ros_driver/share/depthai_ros_driver/config/rviz/segmentation.rviz
[3.488s] -- Up-to-date symlink: /root/ros2_code/humble/dai_ws/install/depthai_ros_driver/share/depthai_ros_driver/config/segmentation.yaml
[3.489s] -- Up-to-date symlink: /root/ros2_code/humble/dai_ws/install/depthai_ros_driver/share/depthai_ros_driver/config/spatial_yolo.yaml
[3.490s] -- Up-to-date symlink: /root/ros2_code/humble/dai_ws/install/depthai_ros_driver/share/depthai_ros_driver/config/sr_rgbd.yaml
[3.490s] -- Up-to-date symlink: /root/ros2_code/humble/dai_ws/install/depthai_ros_driver/share/depthai_ros_driver/config/stereo_from_rosbag.yaml
[3.492s] -- Up-to-date symlink: /root/ros2_code/humble/dai_ws/install/depthai_ros_driver/share/depthai_ros_driver/environment/pythonpath.sh
[3.493s] -- Up-to-date symlink: /root/ros2_code/humble/dai_ws/install/depthai_ros_driver/share/depthai_ros_driver/environment/pythonpath.dsv
[3.495s] -- Up-to-date symlink: /root/ros2_code/humble/dai_ws/install/depthai_ros_driver/local/lib/python3.10/dist-packages/depthai_ros_driver-2.9.0-py3.10.egg-info/PKG-INFO
[3.497s] -- Up-to-date symlink: /root/ros2_code/humble/dai_ws/install/depthai_ros_driver/local/lib/python3.10/dist-packages/depthai_ros_driver-2.9.0-py3.10.egg-info/SOURCES.txt
[3.498s] -- Up-to-date symlink: /root/ros2_code/humble/dai_ws/install/depthai_ros_driver/local/lib/python3.10/dist-packages/depthai_ros_driver-2.9.0-py3.10.egg-info/dependency_links.txt
[3.498s] -- Up-to-date symlink: /root/ros2_code/humble/dai_ws/install/depthai_ros_driver/local/lib/python3.10/dist-packages/depthai_ros_driver-2.9.0-py3.10.egg-info/top_level.txt
[3.500s] -- Up-to-date symlink: /root/ros2_code/humble/dai_ws/install/depthai_ros_driver/local/lib/python3.10/dist-packages/depthai_ros_driver/__init__.py
[3.501s] -- Up-to-date symlink: /root/ros2_code/humble/dai_ws/install/depthai_ros_driver/lib/depthai_ros_driver/obj_pub.py
[3.505s] -- Up-to-date symlink: /root/ros2_code/humble/dai_ws/install/depthai_ros_driver/include/depthai_ros_driver/camera.hpp
[3.506s] -- Up-to-date symlink: /root/ros2_code/humble/dai_ws/install/depthai_ros_driver/include/depthai_ros_driver/dai_nodes/base_node.hpp
[3.507s] -- Up-to-date symlink: /root/ros2_code/humble/dai_ws/install/depthai_ros_driver/include/depthai_ros_driver/dai_nodes/nn/detection.hpp
[3.508s] -- Up-to-date symlink: /root/ros2_code/humble/dai_ws/install/depthai_ros_driver/include/depthai_ros_driver/dai_nodes/nn/nn_helpers.hpp
[3.510s] -- Up-to-date symlink: /root/ros2_code/humble/dai_ws/install/depthai_ros_driver/include/depthai_ros_driver/dai_nodes/nn/nn_wrapper.hpp
[3.511s] -- Up-to-date symlink: /root/ros2_code/humble/dai_ws/install/depthai_ros_driver/include/depthai_ros_driver/dai_nodes/nn/segmentation.hpp
[3.512s] -- Up-to-date symlink: /root/ros2_code/humble/dai_ws/install/depthai_ros_driver/include/depthai_ros_driver/dai_nodes/nn/spatial_detection.hpp
[3.512s] -- Up-to-date symlink: /root/ros2_code/humble/dai_ws/install/depthai_ros_driver/include/depthai_ros_driver/dai_nodes/nn/spatial_nn_wrapper.hpp
[3.513s] -- Up-to-date symlink: /root/ros2_code/humble/dai_ws/install/depthai_ros_driver/include/depthai_ros_driver/dai_nodes/sensors/feature_tracker.hpp
[3.514s] -- Up-to-date symlink: /root/ros2_code/humble/dai_ws/install/depthai_ros_driver/include/depthai_ros_driver/dai_nodes/sensors/imu.hpp
[3.514s] -- Up-to-date symlink: /root/ros2_code/humble/dai_ws/install/depthai_ros_driver/include/depthai_ros_driver/dai_nodes/sensors/mono.hpp
[3.515s] -- Up-to-date symlink: /root/ros2_code/humble/dai_ws/install/depthai_ros_driver/include/depthai_ros_driver/dai_nodes/sensors/rgb.hpp
[3.516s] -- Up-to-date symlink: /root/ros2_code/humble/dai_ws/install/depthai_ros_driver/include/depthai_ros_driver/dai_nodes/sensors/sensor_helpers.hpp
[3.516s] -- Up-to-date symlink: /root/ros2_code/humble/dai_ws/install/depthai_ros_driver/include/depthai_ros_driver/dai_nodes/sensors/sensor_wrapper.hpp
[3.517s] -- Up-to-date symlink: /root/ros2_code/humble/dai_ws/install/depthai_ros_driver/include/depthai_ros_driver/dai_nodes/stereo.hpp
[3.518s] -- Up-to-date symlink: /root/ros2_code/humble/dai_ws/install/depthai_ros_driver/include/depthai_ros_driver/dai_nodes/sys_logger.hpp
[3.519s] -- Up-to-date symlink: /root/ros2_code/humble/dai_ws/install/depthai_ros_driver/include/depthai_ros_driver/param_handlers/base_param_handler.hpp
[3.520s] -- Up-to-date symlink: /root/ros2_code/humble/dai_ws/install/depthai_ros_driver/include/depthai_ros_driver/param_handlers/camera_param_handler.hpp
[3.521s] -- Up-to-date symlink: /root/ros2_code/humble/dai_ws/install/depthai_ros_driver/include/depthai_ros_driver/param_handlers/feature_tracker_param_handler.hpp
[3.522s] -- Up-to-date symlink: /root/ros2_code/humble/dai_ws/install/depthai_ros_driver/include/depthai_ros_driver/param_handlers/imu_param_handler.hpp
[3.523s] -- Up-to-date symlink: /root/ros2_code/humble/dai_ws/install/depthai_ros_driver/include/depthai_ros_driver/param_handlers/nn_param_handler.hpp
[3.524s] -- Up-to-date symlink: /root/ros2_code/humble/dai_ws/install/depthai_ros_driver/include/depthai_ros_driver/param_handlers/sensor_param_handler.hpp
[3.524s] -- Up-to-date symlink: /root/ros2_code/humble/dai_ws/install/depthai_ros_driver/include/depthai_ros_driver/param_handlers/stereo_param_handler.hpp
[3.526s] -- Up-to-date symlink: /root/ros2_code/humble/dai_ws/install/depthai_ros_driver/include/depthai_ros_driver/pipeline/base_pipeline.hpp
[3.526s] -- Up-to-date symlink: /root/ros2_code/humble/dai_ws/install/depthai_ros_driver/include/depthai_ros_driver/pipeline/base_types.hpp
[3.527s] -- Up-to-date symlink: /root/ros2_code/humble/dai_ws/install/depthai_ros_driver/include/depthai_ros_driver/pipeline/pipeline_generator.hpp
[3.527s] -- Up-to-date symlink: /root/ros2_code/humble/dai_ws/install/depthai_ros_driver/include/depthai_ros_driver/utils.hpp
[3.528s] -- Up-to-date symlink: /root/ros2_code/humble/dai_ws/install/depthai_ros_driver/share/ament_index/resource_index/package_run_dependencies/depthai_ros_driver
[3.530s] -- Up-to-date symlink: /root/ros2_code/humble/dai_ws/install/depthai_ros_driver/share/ament_index/resource_index/parent_prefix_path/depthai_ros_driver
[3.531s] -- Up-to-date symlink: /root/ros2_code/humble/dai_ws/install/depthai_ros_driver/share/depthai_ros_driver/environment/ament_prefix_path.sh
[3.532s] -- Up-to-date symlink: /root/ros2_code/humble/dai_ws/install/depthai_ros_driver/share/depthai_ros_driver/environment/ament_prefix_path.dsv
[3.533s] -- Up-to-date symlink: /root/ros2_code/humble/dai_ws/install/depthai_ros_driver/share/depthai_ros_driver/environment/path.sh
[3.534s] -- Up-to-date symlink: /root/ros2_code/humble/dai_ws/install/depthai_ros_driver/share/depthai_ros_driver/environment/path.dsv
[3.535s] -- Up-to-date symlink: /root/ros2_code/humble/dai_ws/install/depthai_ros_driver/share/depthai_ros_driver/local_setup.bash
[3.537s] -- Up-to-date symlink: /root/ros2_code/humble/dai_ws/install/depthai_ros_driver/share/depthai_ros_driver/local_setup.sh
[3.538s] -- Up-to-date symlink: /root/ros2_code/humble/dai_ws/install/depthai_ros_driver/share/depthai_ros_driver/local_setup.zsh
[3.539s] -- Up-to-date symlink: /root/ros2_code/humble/dai_ws/install/depthai_ros_driver/share/depthai_ros_driver/local_setup.dsv
[3.539s] -- Symlinking: /root/ros2_code/humble/dai_ws/install/depthai_ros_driver/share/depthai_ros_driver/package.dsv
[3.585s] -- Up-to-date symlink: /root/ros2_code/humble/dai_ws/install/depthai_ros_driver/share/ament_index/resource_index/packages/depthai_ros_driver
[3.587s] -- Up-to-date symlink: /root/ros2_code/humble/dai_ws/install/depthai_ros_driver/share/ament_index/resource_index/depthai_ros_driver__pluginlib__plugin/depthai_ros_driver
[3.588s] -- Up-to-date symlink: /root/ros2_code/humble/dai_ws/install/depthai_ros_driver/share/ament_index/resource_index/rclcpp_components/depthai_ros_driver
[3.588s] -- Up-to-date symlink: /root/ros2_code/humble/dai_ws/install/depthai_ros_driver/share/depthai_ros_driver/cmake/ament_cmake_export_include_directories-extras.cmake
[3.590s] -- Up-to-date symlink: /root/ros2_code/humble/dai_ws/install/depthai_ros_driver/share/depthai_ros_driver/cmake/ament_cmake_export_targets-extras.cmake
[3.591s] -- Up-to-date symlink: /root/ros2_code/humble/dai_ws/install/depthai_ros_driver/share/depthai_ros_driver/cmake/ament_cmake_export_libraries-extras.cmake
[3.592s] -- Up-to-date symlink: /root/ros2_code/humble/dai_ws/install/depthai_ros_driver/share/depthai_ros_driver/cmake/ament_cmake_export_dependencies-extras.cmake
[3.593s] -- Up-to-date symlink: /root/ros2_code/humble/dai_ws/install/depthai_ros_driver/share/depthai_ros_driver/cmake/depthai_ros_driverConfig.cmake
[3.594s] -- Up-to-date symlink: /root/ros2_code/humble/dai_ws/install/depthai_ros_driver/share/depthai_ros_driver/cmake/depthai_ros_driverConfig-version.cmake
[3.595s] -- Up-to-date symlink: /root/ros2_code/humble/dai_ws/install/depthai_ros_driver/share/depthai_ros_driver/package.xml
[3.598s] -- Up-to-date: /root/ros2_code/humble/dai_ws/install/depthai_ros_driver/lib/libdepthai_ros_driver.so
[3.604s] -- Up-to-date: /root/ros2_code/humble/dai_ws/install/depthai_ros_driver/lib/libdepthai_ros_driver_sensor_nodes.so
[3.610s] -- Up-to-date: /root/ros2_code/humble/dai_ws/install/depthai_ros_driver/lib/libdepthai_ros_driver_nn_nodes.so
[3.615s] -- Up-to-date: /root/ros2_code/humble/dai_ws/install/depthai_ros_driver/lib/libdepthai_ros_driver_common.so
[3.619s] -- Up-to-date: /root/ros2_code/humble/dai_ws/install/depthai_ros_driver/share/depthai_ros_driver/cmake/depthai_ros_driverTargets.cmake
[3.620s] -- Up-to-date: /root/ros2_code/humble/dai_ws/install/depthai_ros_driver/share/depthai_ros_driver/cmake/depthai_ros_driverTargets-noconfig.cmake
[3.797s] Listing '/root/ros2_code/humble/dai_ws/install/depthai_ros_driver/local/lib/python3.10/dist-packages/depthai_ros_driver'...
[3.815s] -- Up-to-date: /root/ros2_code/humble/dai_ws/install/depthai_ros_driver/share/depthai_ros_driver/cmake/depthai_ros_driverTargetsExport.cmake
[3.816s] -- Up-to-date: /root/ros2_code/humble/dai_ws/install/depthai_ros_driver/share/depthai_ros_driver/cmake/depthai_ros_driverTargetsExport-noconfig.cmake
[3.822s] Invoked command in '/root/ros2_code/humble/dai_ws/build/depthai_ros_driver' returned '0': CMAKE_PREFIX_PATH=/root/ros2_code/humble/dai_ws/install/depthai_examples:/root/ros2_code/humble/dai_ws/install/depthai_bridge:/root/ros2_code/humble/dai_ws/install/depthai_ros_msgs:/root/ros2_code/humble/dai_ws/install/depthai_descriptions:/root/ros2_code/humble/articubot/install/articubot_one:/root/ros2_code/humble/tc_ros2_urdf/install/urdfbot_description:/root/ros2_code/humble/tc_ros2_urdf/install/my_box_bot_gazebo:/root/ros2_code/humble/tc_ros2_urdf/install/my_box_bot_description:/root/ros2_code/humble/dai_ws/install/pointcloud_to_laserscan:/root/ros2_code/humble/dai_ws/install/depthimage_to_laserscan:/root/ros2_code/humble/dai_ws/install/depthai-ros:/root/ros2_code/humble/dai_ws/install/depthai_ros_driver:/root/ros2_code/humble/dai_ws/install/depthai_filters:/root/cyglidar_ws/install/cyglidar_d1_ros2:/root/dai_ws/install/depthai-ros:/root/dai_ws/install/depthai_ros_driver:/root/dai_ws/install/depthai_filters:/root/dai_ws/install/depthai_examples:/root/dai_ws/install/depthai_bridge:/root/dai_ws/install/depthai_ros_msgs:/root/dai_ws/install/depthai_descriptions:/root/ros2_code/humble/learning/install/articubot_one:/root/ros2_code/humble/frc9202/install/yolov8_msgs:/root/ros2_code/humble/frc9202/install/yolo_recognition:/root/ros2_code/humble/frc9202/install/gazebo_setup_pkg:/root/ros2_code/humble/surround_view_ros/install/omni_robot_description:/root/ros2_code/humble/surround_view_ros/install/omni_control:/root/ros2_code/humble/surround_view_ros/install/gazebo_simulation:/root/ros2_code/humble/learning/install/ball_tracker:/opt/ros/humble LD_LIBRARY_PATH=/root/ros2_code/humble/dai_ws/install/depthai_bridge/lib:/root/ros2_code/humble/dai_ws/install/depthai_ros_msgs/lib:/root/ros2_code/humble/dai_ws/install/pointcloud_to_laserscan/lib:/root/ros2_code/humble/dai_ws/install/depthimage_to_laserscan/lib:/root/ros2_code/humble/dai_ws/install/depthai_ros_driver/lib:/root/ros2_code/humble/dai_ws/install/depthai_filters/lib:/root/dai_ws/install/depthai_ros_driver/lib:/root/dai_ws/install/depthai_filters/lib:/root/dai_ws/install/depthai_bridge/lib:/root/dai_ws/install/depthai_ros_msgs/lib:/root/ros2_code/humble/frc9202/install/yolov8_msgs/lib:/usr/lib/x86_64-linux-gnu/gazebo-11/plugins:/opt/ros/humble/opt/rviz_ogre_vendor/lib:/opt/ros/humble/lib/x86_64-linux-gnu:/opt/ros/humble/lib /usr/bin/cmake --install /root/ros2_code/humble/dai_ws/build/depthai_ros_driver
