[1.679s] Invoking command in '/root/ros2_code/humble/dai_ws/build/depthimage_to_laserscan': CMAKE_PREFIX_PATH=${CMAKE_PREFIX_PATH}:/root/ros2_code/humble/learning/install/ball_tracker:/opt/ros/humble /usr/bin/cmake --build /root/ros2_code/humble/dai_ws/build/depthimage_to_laserscan -- -j12 -l12
[2.015s] [ 16%] Built target gtest
[2.020s] [ 50%] Built target DepthImageToLaserScan
[2.021s] [ 50%] Built target gtest_main
[2.226s] [ 66%] Built target DepthImageToLaserScanROS
[2.258s] [ 83%] Built target depthimage_to_laserscan-test
[2.430s] [100%] Built target depthimage_to_laserscan_node
[2.862s] Invoked command in '/root/ros2_code/humble/dai_ws/build/depthimage_to_laserscan' returned '0': CMAKE_PREFIX_PATH=${CMAKE_PREFIX_PATH}:/root/ros2_code/humble/learning/install/ball_tracker:/opt/ros/humble /usr/bin/cmake --build /root/ros2_code/humble/dai_ws/build/depthimage_to_laserscan -- -j12 -l12
[3.625s] Invoking command in '/root/ros2_code/humble/dai_ws/build/depthimage_to_laserscan': CMAKE_PREFIX_PATH=${CMAKE_PREFIX_PATH}:/root/ros2_code/humble/learning/install/ball_tracker:/opt/ros/humble /usr/bin/cmake --install /root/ros2_code/humble/dai_ws/build/depthimage_to_laserscan
[3.668s] -- Install configuration: ""
[3.672s] -- Execute custom install script
[3.684s] -- Up-to-date symlink: /root/ros2_code/humble/dai_ws/install/depthimage_to_laserscan/include/depthimage_to_laserscan/depthimage_to_laserscan/DepthImageToLaserScan.hpp
[3.685s] -- Up-to-date symlink: /root/ros2_code/humble/dai_ws/install/depthimage_to_laserscan/include/depthimage_to_laserscan/depthimage_to_laserscan/DepthImageToLaserScanROS.hpp
[3.686s] -- Up-to-date symlink: /root/ros2_code/humble/dai_ws/install/depthimage_to_laserscan/include/depthimage_to_laserscan/depthimage_to_laserscan/depth_traits.hpp
[3.686s] -- Up-to-date symlink: /root/ros2_code/humble/dai_ws/install/depthimage_to_laserscan/share/depthimage_to_laserscan//launch/depthimage_to_laserscan-launch.py
[3.687s] -- Up-to-date symlink: /root/ros2_code/humble/dai_ws/install/depthimage_to_laserscan/share/depthimage_to_laserscan//launch/depthimage_to_laserscan_composed-launch.py
[3.688s] -- Up-to-date symlink: /root/ros2_code/humble/dai_ws/install/depthimage_to_laserscan/share/depthimage_to_laserscan//cfg/param.yaml
[3.691s] -- Up-to-date symlink: /root/ros2_code/humble/dai_ws/install/depthimage_to_laserscan/lib/depthimage_to_laserscan/depthimage_to_laserscan_node
[3.693s] -- Up-to-date symlink: /root/ros2_code/humble/dai_ws/install/depthimage_to_laserscan/include/depthimage_to_laserscan/depthimage_to_laserscan/DepthImageToLaserScan_export.h
[3.695s] -- Up-to-date symlink: /root/ros2_code/humble/dai_ws/install/depthimage_to_laserscan/include/depthimage_to_laserscan/depthimage_to_laserscan/DepthImageToLaserScanROS_export.h
[3.698s] -- Up-to-date symlink: /root/ros2_code/humble/dai_ws/install/depthimage_to_laserscan/share/depthimage_to_laserscan/environment/library_path.sh
[3.699s] -- Up-to-date symlink: /root/ros2_code/humble/dai_ws/install/depthimage_to_laserscan/share/depthimage_to_laserscan/environment/library_path.dsv
[3.700s] -- Up-to-date symlink: /root/ros2_code/humble/dai_ws/install/depthimage_to_laserscan/share/ament_index/resource_index/package_run_dependencies/depthimage_to_laserscan
[3.701s] -- Up-to-date symlink: /root/ros2_code/humble/dai_ws/install/depthimage_to_laserscan/share/ament_index/resource_index/parent_prefix_path/depthimage_to_laserscan
[3.701s] -- Up-to-date symlink: /root/ros2_code/humble/dai_ws/install/depthimage_to_laserscan/share/depthimage_to_laserscan/environment/ament_prefix_path.sh
[3.704s] -- Up-to-date symlink: /root/ros2_code/humble/dai_ws/install/depthimage_to_laserscan/share/depthimage_to_laserscan/environment/ament_prefix_path.dsv
[3.706s] -- Up-to-date symlink: /root/ros2_code/humble/dai_ws/install/depthimage_to_laserscan/share/depthimage_to_laserscan/environment/path.sh
[3.710s] -- Up-to-date symlink: /root/ros2_code/humble/dai_ws/install/depthimage_to_laserscan/share/depthimage_to_laserscan/environment/path.dsv
[3.711s] -- Up-to-date symlink: /root/ros2_code/humble/dai_ws/install/depthimage_to_laserscan/share/depthimage_to_laserscan/local_setup.bash
[3.712s] -- Up-to-date symlink: /root/ros2_code/humble/dai_ws/install/depthimage_to_laserscan/share/depthimage_to_laserscan/local_setup.sh
[3.714s] -- Up-to-date symlink: /root/ros2_code/humble/dai_ws/install/depthimage_to_laserscan/share/depthimage_to_laserscan/local_setup.zsh
[3.722s] -- Up-to-date symlink: /root/ros2_code/humble/dai_ws/install/depthimage_to_laserscan/share/depthimage_to_laserscan/local_setup.dsv
[3.723s] -- Symlinking: /root/ros2_code/humble/dai_ws/install/depthimage_to_laserscan/share/depthimage_to_laserscan/package.dsv
[3.784s] -- Up-to-date symlink: /root/ros2_code/humble/dai_ws/install/depthimage_to_laserscan/share/ament_index/resource_index/packages/depthimage_to_laserscan
[3.786s] -- Up-to-date symlink: /root/ros2_code/humble/dai_ws/install/depthimage_to_laserscan/share/ament_index/resource_index/rclcpp_components/depthimage_to_laserscan
[3.787s] -- Up-to-date symlink: /root/ros2_code/humble/dai_ws/install/depthimage_to_laserscan/share/depthimage_to_laserscan/cmake/ament_cmake_export_include_directories-extras.cmake
[3.789s] -- Up-to-date symlink: /root/ros2_code/humble/dai_ws/install/depthimage_to_laserscan/share/depthimage_to_laserscan/cmake/ament_cmake_export_libraries-extras.cmake
[3.790s] -- Up-to-date symlink: /root/ros2_code/humble/dai_ws/install/depthimage_to_laserscan/share/depthimage_to_laserscan/cmake/ament_cmake_export_targets-extras.cmake
[3.791s] -- Up-to-date symlink: /root/ros2_code/humble/dai_ws/install/depthimage_to_laserscan/share/depthimage_to_laserscan/cmake/ament_cmake_export_dependencies-extras.cmake
[3.793s] -- Up-to-date symlink: /root/ros2_code/humble/dai_ws/install/depthimage_to_laserscan/share/depthimage_to_laserscan/cmake/depthimage_to_laserscanConfig.cmake
[3.793s] -- Up-to-date symlink: /root/ros2_code/humble/dai_ws/install/depthimage_to_laserscan/share/depthimage_to_laserscan/cmake/depthimage_to_laserscanConfig-version.cmake
[3.794s] -- Up-to-date symlink: /root/ros2_code/humble/dai_ws/install/depthimage_to_laserscan/share/depthimage_to_laserscan/package.xml
[3.797s] -- Up-to-date: /root/ros2_code/humble/dai_ws/install/depthimage_to_laserscan/lib/libDepthImageToLaserScan.so
[3.805s] -- Up-to-date: /root/ros2_code/humble/dai_ws/install/depthimage_to_laserscan/lib/libDepthImageToLaserScanROS.so
[3.811s] -- Up-to-date: /root/ros2_code/humble/dai_ws/install/depthimage_to_laserscan/share/depthimage_to_laserscan/cmake/export_depthimage_to_laserscanExport.cmake
[3.812s] -- Up-to-date: /root/ros2_code/humble/dai_ws/install/depthimage_to_laserscan/share/depthimage_to_laserscan/cmake/export_depthimage_to_laserscanExport-noconfig.cmake
[4.387s] Invoked command in '/root/ros2_code/humble/dai_ws/build/depthimage_to_laserscan' returned '0': CMAKE_PREFIX_PATH=${CMAKE_PREFIX_PATH}:/root/ros2_code/humble/learning/install/ball_tracker:/opt/ros/humble /usr/bin/cmake --install /root/ros2_code/humble/dai_ws/build/depthimage_to_laserscan
