[2.453s] Invoking command in '/root/ros2_code/humble/dai_ws/build/depthai_descriptions': CMAKE_PREFIX_PATH=${CMAKE_PREFIX_PATH}:/root/ros2_code/humble/learning/install/ball_tracker:/opt/ros/humble /usr/bin/cmake --build /root/ros2_code/humble/dai_ws/build/depthai_descriptions -- -j12 -l12
[2.657s] Invoked command in '/root/ros2_code/humble/dai_ws/build/depthai_descriptions' returned '0': CMAKE_PREFIX_PATH=${CMAKE_PREFIX_PATH}:/root/ros2_code/humble/learning/install/ball_tracker:/opt/ros/humble /usr/bin/cmake --build /root/ros2_code/humble/dai_ws/build/depthai_descriptions -- -j12 -l12
[2.897s] Invoking command in '/root/ros2_code/humble/dai_ws/build/depthai_descriptions': CMAKE_PREFIX_PATH=${CMAKE_PREFIX_PATH}:/root/ros2_code/humble/learning/install/ball_tracker:/opt/ros/humble /usr/bin/cmake --install /root/ros2_code/humble/dai_ws/build/depthai_descriptions
[2.949s] -- Install configuration: ""
[2.952s] -- Execute custom install script
[2.955s] -- Up-to-date symlink: /root/ros2_code/humble/dai_ws/install/depthai_descriptions/share/depthai_descriptions/urdf/base_descr.urdf.xacro
[2.956s] -- Up-to-date symlink: /root/ros2_code/humble/dai_ws/install/depthai_descriptions/share/depthai_descriptions/urdf/depthai_descr.urdf.xacro
[2.957s] -- Up-to-date symlink: /root/ros2_code/humble/dai_ws/install/depthai_descriptions/share/depthai_descriptions/urdf/include/base_macro.urdf.xacro
[2.959s] -- Up-to-date symlink: /root/ros2_code/humble/dai_ws/install/depthai_descriptions/share/depthai_descriptions/urdf/include/depthai_macro.urdf.xacro
[2.960s] -- Up-to-date symlink: /root/ros2_code/humble/dai_ws/install/depthai_descriptions/share/depthai_descriptions/urdf/models/OAK-D-CM4-POE.stl
[2.962s] -- Up-to-date symlink: /root/ros2_code/humble/dai_ws/install/depthai_descriptions/share/depthai_descriptions/urdf/models/OAK-D-IOT-75.stl
[2.965s] -- Up-to-date symlink: /root/ros2_code/humble/dai_ws/install/depthai_descriptions/share/depthai_descriptions/urdf/models/OAK-D-LITE.stl
[2.965s] -- Up-to-date symlink: /root/ros2_code/humble/dai_ws/install/depthai_descriptions/share/depthai_descriptions/urdf/models/OAK-D-LR.stl
[2.967s] -- Up-to-date symlink: /root/ros2_code/humble/dai_ws/install/depthai_descriptions/share/depthai_descriptions/urdf/models/OAK-D-POE.stl
[2.968s] -- Up-to-date symlink: /root/ros2_code/humble/dai_ws/install/depthai_descriptions/share/depthai_descriptions/urdf/models/OAK-D-PRO-W.stl
[2.968s] -- Up-to-date symlink: /root/ros2_code/humble/dai_ws/install/depthai_descriptions/share/depthai_descriptions/urdf/models/OAK-D-PRO.stl
[2.969s] -- Up-to-date symlink: /root/ros2_code/humble/dai_ws/install/depthai_descriptions/share/depthai_descriptions/urdf/models/OAK-D-S2.stl
[2.970s] -- Up-to-date symlink: /root/ros2_code/humble/dai_ws/install/depthai_descriptions/share/depthai_descriptions/urdf/models/OAK-D-SR.stl
[2.971s] -- Up-to-date symlink: /root/ros2_code/humble/dai_ws/install/depthai_descriptions/share/depthai_descriptions/urdf/models/OAK-D.stl
[2.972s] -- Up-to-date symlink: /root/ros2_code/humble/dai_ws/install/depthai_descriptions/share/ament_index/resource_index/package_run_dependencies/depthai_descriptions
[2.972s] -- Up-to-date symlink: /root/ros2_code/humble/dai_ws/install/depthai_descriptions/share/ament_index/resource_index/parent_prefix_path/depthai_descriptions
[2.973s] -- Up-to-date symlink: /root/ros2_code/humble/dai_ws/install/depthai_descriptions/share/depthai_descriptions/environment/ament_prefix_path.sh
[2.990s] -- Up-to-date symlink: /root/ros2_code/humble/dai_ws/install/depthai_descriptions/share/depthai_descriptions/environment/ament_prefix_path.dsv
[2.991s] -- Up-to-date symlink: /root/ros2_code/humble/dai_ws/install/depthai_descriptions/share/depthai_descriptions/environment/path.sh
[2.991s] -- Up-to-date symlink: /root/ros2_code/humble/dai_ws/install/depthai_descriptions/share/depthai_descriptions/environment/path.dsv
[2.992s] -- Up-to-date symlink: /root/ros2_code/humble/dai_ws/install/depthai_descriptions/share/depthai_descriptions/local_setup.bash
[2.993s] -- Up-to-date symlink: /root/ros2_code/humble/dai_ws/install/depthai_descriptions/share/depthai_descriptions/local_setup.sh
[2.994s] -- Up-to-date symlink: /root/ros2_code/humble/dai_ws/install/depthai_descriptions/share/depthai_descriptions/local_setup.zsh
[2.994s] -- Up-to-date symlink: /root/ros2_code/humble/dai_ws/install/depthai_descriptions/share/depthai_descriptions/local_setup.dsv
[2.995s] -- Symlinking: /root/ros2_code/humble/dai_ws/install/depthai_descriptions/share/depthai_descriptions/package.dsv
[3.042s] -- Up-to-date symlink: /root/ros2_code/humble/dai_ws/install/depthai_descriptions/share/ament_index/resource_index/packages/depthai_descriptions
[3.047s] -- Up-to-date symlink: /root/ros2_code/humble/dai_ws/install/depthai_descriptions/share/depthai_descriptions/cmake/depthai_descriptionsConfig.cmake
[3.048s] -- Up-to-date symlink: /root/ros2_code/humble/dai_ws/install/depthai_descriptions/share/depthai_descriptions/cmake/depthai_descriptionsConfig-version.cmake
[3.049s] -- Up-to-date symlink: /root/ros2_code/humble/dai_ws/install/depthai_descriptions/share/depthai_descriptions/package.xml
[3.051s] -- Up-to-date: /root/ros2_code/humble/dai_ws/install/depthai_descriptions/share/depthai_descriptions/launch
[3.053s] -- Up-to-date: /root/ros2_code/humble/dai_ws/install/depthai_descriptions/share/depthai_descriptions/launch/urdf_launch.py
[3.075s] Invoked command in '/root/ros2_code/humble/dai_ws/build/depthai_descriptions' returned '0': CMAKE_PREFIX_PATH=${CMAKE_PREFIX_PATH}:/root/ros2_code/humble/learning/install/ball_tracker:/opt/ros/humble /usr/bin/cmake --install /root/ros2_code/humble/dai_ws/build/depthai_descriptions
