[1.231s] DEBUG:colcon:Command line arguments: ['/usr/bin/colcon', 'build', '--symlink-install']
[1.231s] DEBUG:colcon:Parsed command line arguments: Namespace(ament_cmake_args=None, base_paths=['.'], build_base='build', catkin_cmake_args=None, catkin_skip_building_tests=False, cmake_args=None, cmake_clean_cache=False, cmake_clean_first=False, cmake_force_configure=False, cmake_target=None, cmake_target_skip_unavailable=False, continue_on_error=False, event_handlers=None, executor='parallel', ignore_user_meta=False, install_base='install', log_base=None, log_level=None, main=<bound method BuildVerb.main of <colcon_core.verb.build.BuildVerb object at 0x7f0a882ab970>>, merge_install=False, metas=['./colcon.meta'], packages_above=None, packages_above_and_dependencies=None, packages_above_depth=None, packages_end=None, packages_ignore=None, packages_ignore_regex=None, packages_select=None, packages_select_build_failed=False, packages_select_by_dep=None, packages_select_regex=None, packages_select_test_failures=False, packages_skip=None, packages_skip_build_finished=False, packages_skip_by_dep=None, packages_skip_regex=None, packages_skip_test_passed=False, packages_skip_up_to=None, packages_start=None, packages_up_to=None, packages_up_to_regex=None, parallel_workers=12, paths=None, symlink_install=True, test_result_base=None, verb_extension=<colcon_core.verb.build.BuildVerb object at 0x7f0a882ab970>, verb_name='build', verb_parser=<colcon_defaults.argument_parser.defaults.DefaultArgumentsDecorator object at 0x7f0a87e8ceb0>)
[1.303s] Level 1:colcon.colcon_core.package_discovery:discover_packages(colcon_meta) check parameters
[1.303s] Level 1:colcon.colcon_core.package_discovery:discover_packages(recursive) check parameters
[1.303s] Level 1:colcon.colcon_core.package_discovery:discover_packages(ignore) check parameters
[1.303s] Level 1:colcon.colcon_core.package_discovery:discover_packages(path) check parameters
[1.303s] Level 1:colcon.colcon_core.package_discovery:discover_packages(colcon_meta) discover
[1.303s] Level 1:colcon.colcon_core.package_discovery:discover_packages(recursive) discover
[1.303s] INFO:colcon.colcon_core.package_discovery:Crawling recursively for packages in '/root/ros2_code/foxy/learning'
[1.303s] Level 1:colcon.colcon_core.package_identification:_identify(.) by extensions ['ignore', 'ignore_ament_install']
[1.303s] Level 1:colcon.colcon_core.package_identification:_identify(.) by extension 'ignore'
[1.303s] Level 1:colcon.colcon_core.package_identification:_identify(.) by extension 'ignore_ament_install'
[1.303s] Level 1:colcon.colcon_core.package_identification:_identify(.) by extensions ['colcon_pkg']
[1.303s] Level 1:colcon.colcon_core.package_identification:_identify(.) by extension 'colcon_pkg'
[1.304s] Level 1:colcon.colcon_core.package_identification:_identify(.) by extensions ['colcon_meta']
[1.304s] Level 1:colcon.colcon_core.package_identification:_identify(.) by extension 'colcon_meta'
[1.304s] Level 1:colcon.colcon_core.package_identification:_identify(.) by extensions ['ros']
[1.304s] Level 1:colcon.colcon_core.package_identification:_identify(.) by extension 'ros'
[1.314s] Level 1:colcon.colcon_core.package_identification:_identify(.) by extensions ['cmake', 'python']
[1.315s] Level 1:colcon.colcon_core.package_identification:_identify(.) by extension 'cmake'
[1.315s] Level 1:colcon.colcon_core.package_identification:_identify(.) by extension 'python'
[1.315s] Level 1:colcon.colcon_core.package_identification:_identify(.) by extensions ['python_setup_py']
[1.315s] Level 1:colcon.colcon_core.package_identification:_identify(.) by extension 'python_setup_py'
[1.315s] Level 1:colcon.colcon_core.package_identification:_identify(build) by extensions ['ignore', 'ignore_ament_install']
[1.315s] Level 1:colcon.colcon_core.package_identification:_identify(build) by extension 'ignore'
[1.315s] Level 1:colcon.colcon_core.package_identification:_identify(build) ignored
[1.315s] Level 1:colcon.colcon_core.package_identification:_identify(install) by extensions ['ignore', 'ignore_ament_install']
[1.315s] Level 1:colcon.colcon_core.package_identification:_identify(install) by extension 'ignore'
[1.315s] Level 1:colcon.colcon_core.package_identification:_identify(install) ignored
[1.315s] Level 1:colcon.colcon_core.package_identification:_identify(log) by extensions ['ignore', 'ignore_ament_install']
[1.315s] Level 1:colcon.colcon_core.package_identification:_identify(log) by extension 'ignore'
[1.315s] Level 1:colcon.colcon_core.package_identification:_identify(log) ignored
[1.315s] Level 1:colcon.colcon_core.package_identification:_identify(src) by extensions ['ignore', 'ignore_ament_install']
[1.315s] Level 1:colcon.colcon_core.package_identification:_identify(src) by extension 'ignore'
[1.315s] Level 1:colcon.colcon_core.package_identification:_identify(src) by extension 'ignore_ament_install'
[1.316s] Level 1:colcon.colcon_core.package_identification:_identify(src) by extensions ['colcon_pkg']
[1.316s] Level 1:colcon.colcon_core.package_identification:_identify(src) by extension 'colcon_pkg'
[1.316s] Level 1:colcon.colcon_core.package_identification:_identify(src) by extensions ['colcon_meta']
[1.316s] Level 1:colcon.colcon_core.package_identification:_identify(src) by extension 'colcon_meta'
[1.316s] Level 1:colcon.colcon_core.package_identification:_identify(src) by extensions ['ros']
[1.316s] Level 1:colcon.colcon_core.package_identification:_identify(src) by extension 'ros'
[1.316s] Level 1:colcon.colcon_core.package_identification:_identify(src) by extensions ['cmake', 'python']
[1.316s] Level 1:colcon.colcon_core.package_identification:_identify(src) by extension 'cmake'
[1.316s] Level 1:colcon.colcon_core.package_identification:_identify(src) by extension 'python'
[1.316s] Level 1:colcon.colcon_core.package_identification:_identify(src) by extensions ['python_setup_py']
[1.316s] Level 1:colcon.colcon_core.package_identification:_identify(src) by extension 'python_setup_py'
[1.316s] Level 1:colcon.colcon_core.package_identification:_identify(src/articubot_one-main) by extensions ['ignore', 'ignore_ament_install']
[1.316s] Level 1:colcon.colcon_core.package_identification:_identify(src/articubot_one-main) by extension 'ignore'
[1.316s] Level 1:colcon.colcon_core.package_identification:_identify(src/articubot_one-main) by extension 'ignore_ament_install'
[1.316s] Level 1:colcon.colcon_core.package_identification:_identify(src/articubot_one-main) by extensions ['colcon_pkg']
[1.316s] Level 1:colcon.colcon_core.package_identification:_identify(src/articubot_one-main) by extension 'colcon_pkg'
[1.316s] Level 1:colcon.colcon_core.package_identification:_identify(src/articubot_one-main) by extensions ['colcon_meta']
[1.316s] Level 1:colcon.colcon_core.package_identification:_identify(src/articubot_one-main) by extension 'colcon_meta'
[1.316s] Level 1:colcon.colcon_core.package_identification:_identify(src/articubot_one-main) by extensions ['ros']
[1.316s] Level 1:colcon.colcon_core.package_identification:_identify(src/articubot_one-main) by extension 'ros'
[1.318s] DEBUG:colcon.colcon_core.package_identification:Package 'src/articubot_one-main' with type 'ros.ament_cmake' and name 'articubot_one'
[1.318s] Level 1:colcon.colcon_core.package_identification:_identify(src/ball_tracker-main) by extensions ['ignore', 'ignore_ament_install']
[1.319s] Level 1:colcon.colcon_core.package_identification:_identify(src/ball_tracker-main) by extension 'ignore'
[1.319s] Level 1:colcon.colcon_core.package_identification:_identify(src/ball_tracker-main) by extension 'ignore_ament_install'
[1.319s] Level 1:colcon.colcon_core.package_identification:_identify(src/ball_tracker-main) by extensions ['colcon_pkg']
[1.319s] Level 1:colcon.colcon_core.package_identification:_identify(src/ball_tracker-main) by extension 'colcon_pkg'
[1.319s] Level 1:colcon.colcon_core.package_identification:_identify(src/ball_tracker-main) by extensions ['colcon_meta']
[1.319s] Level 1:colcon.colcon_core.package_identification:_identify(src/ball_tracker-main) by extension 'colcon_meta'
[1.319s] Level 1:colcon.colcon_core.package_identification:_identify(src/ball_tracker-main) by extensions ['ros']
[1.319s] Level 1:colcon.colcon_core.package_identification:_identify(src/ball_tracker-main) by extension 'ros'
[1.319s] DEBUG:colcon.colcon_core.package_identification:Package 'src/ball_tracker-main' with type 'ros.ament_python' and name 'ball_tracker'
[1.320s] Level 1:colcon.colcon_core.package_discovery:discover_packages(recursive) using defaults
[1.320s] Level 1:colcon.colcon_core.package_discovery:discover_packages(ignore) discover
[1.320s] Level 1:colcon.colcon_core.package_discovery:discover_packages(ignore) using defaults
[1.320s] Level 1:colcon.colcon_core.package_discovery:discover_packages(path) discover
[1.320s] Level 1:colcon.colcon_core.package_discovery:discover_packages(path) using defaults
[1.420s] Level 5:colcon.colcon_core.verb:set package 'articubot_one' build argument 'cmake_args' from command line to 'None'
[1.421s] Level 5:colcon.colcon_core.verb:set package 'articubot_one' build argument 'cmake_target' from command line to 'None'
[1.421s] Level 5:colcon.colcon_core.verb:set package 'articubot_one' build argument 'cmake_target_skip_unavailable' from command line to 'False'
[1.421s] Level 5:colcon.colcon_core.verb:set package 'articubot_one' build argument 'cmake_clean_cache' from command line to 'False'
[1.421s] Level 5:colcon.colcon_core.verb:set package 'articubot_one' build argument 'cmake_clean_first' from command line to 'False'
[1.421s] Level 5:colcon.colcon_core.verb:set package 'articubot_one' build argument 'cmake_force_configure' from command line to 'False'
[1.421s] Level 5:colcon.colcon_core.verb:set package 'articubot_one' build argument 'ament_cmake_args' from command line to 'None'
[1.421s] Level 5:colcon.colcon_core.verb:set package 'articubot_one' build argument 'catkin_cmake_args' from command line to 'None'
[1.421s] Level 5:colcon.colcon_core.verb:set package 'articubot_one' build argument 'catkin_skip_building_tests' from command line to 'False'
[1.421s] DEBUG:colcon.colcon_core.verb:Building package 'articubot_one' with the following arguments: {'ament_cmake_args': None, 'build_base': '/root/ros2_code/foxy/learning/build/articubot_one', 'catkin_cmake_args': None, 'catkin_skip_building_tests': False, 'cmake_args': None, 'cmake_clean_cache': False, 'cmake_clean_first': False, 'cmake_force_configure': False, 'cmake_target': None, 'cmake_target_skip_unavailable': False, 'install_base': '/root/ros2_code/foxy/learning/install/articubot_one', 'merge_install': False, 'path': '/root/ros2_code/foxy/learning/src/articubot_one-main', 'symlink_install': True, 'test_result_base': None}
[1.442s] Level 5:colcon.colcon_core.verb:set package 'ball_tracker' build argument 'cmake_args' from command line to 'None'
[1.442s] Level 5:colcon.colcon_core.verb:set package 'ball_tracker' build argument 'cmake_target' from command line to 'None'
[1.442s] Level 5:colcon.colcon_core.verb:set package 'ball_tracker' build argument 'cmake_target_skip_unavailable' from command line to 'False'
[1.442s] Level 5:colcon.colcon_core.verb:set package 'ball_tracker' build argument 'cmake_clean_cache' from command line to 'False'
[1.442s] Level 5:colcon.colcon_core.verb:set package 'ball_tracker' build argument 'cmake_clean_first' from command line to 'False'
[1.442s] Level 5:colcon.colcon_core.verb:set package 'ball_tracker' build argument 'cmake_force_configure' from command line to 'False'
[1.442s] Level 5:colcon.colcon_core.verb:set package 'ball_tracker' build argument 'ament_cmake_args' from command line to 'None'
[1.442s] Level 5:colcon.colcon_core.verb:set package 'ball_tracker' build argument 'catkin_cmake_args' from command line to 'None'
[1.442s] Level 5:colcon.colcon_core.verb:set package 'ball_tracker' build argument 'catkin_skip_building_tests' from command line to 'False'
[1.443s] DEBUG:colcon.colcon_core.verb:Building package 'ball_tracker' with the following arguments: {'ament_cmake_args': None, 'build_base': '/root/ros2_code/foxy/learning/build/ball_tracker', 'catkin_cmake_args': None, 'catkin_skip_building_tests': False, 'cmake_args': None, 'cmake_clean_cache': False, 'cmake_clean_first': False, 'cmake_force_configure': False, 'cmake_target': None, 'cmake_target_skip_unavailable': False, 'install_base': '/root/ros2_code/foxy/learning/install/ball_tracker', 'merge_install': False, 'path': '/root/ros2_code/foxy/learning/src/ball_tracker-main', 'symlink_install': True, 'test_result_base': None}
[1.464s] INFO:colcon.colcon_core.executor:Executing jobs using 'parallel' executor
[1.487s] DEBUG:colcon.colcon_parallel_executor.executor.parallel:run_until_complete
[1.487s] INFO:colcon.colcon_ros.task.ament_cmake.build:Building ROS package in '/root/ros2_code/foxy/learning/src/articubot_one-main' with build type 'ament_cmake'
[1.487s] INFO:colcon.colcon_cmake.task.cmake.build:Building CMake package in '/root/ros2_code/foxy/learning/src/articubot_one-main'
[1.511s] INFO:colcon.colcon_core.plugin_system:Skipping extension 'colcon_core.shell.bat': Not used on non-Windows systems
[1.511s] INFO:colcon.colcon_core.shell:Skip shell extension 'powershell' for command environment: Not usable outside of PowerShell
[1.511s] DEBUG:colcon.colcon_core.shell:Skip shell extension 'dsv' for command environment
[1.582s] INFO:colcon.colcon_ros.task.ament_python.build:Building ROS package in '/root/ros2_code/foxy/learning/src/ball_tracker-main' with build type 'ament_python'
[1.583s] Level 1:colcon.colcon_core.shell:create_environment_hook('ball_tracker', 'ament_prefix_path')
[1.607s] INFO:colcon.colcon_core.shell:Creating environment hook '/root/ros2_code/foxy/learning/install/ball_tracker/share/ball_tracker/hook/ament_prefix_path.ps1'
[1.608s] INFO:colcon.colcon_core.shell:Creating environment descriptor '/root/ros2_code/foxy/learning/install/ball_tracker/share/ball_tracker/hook/ament_prefix_path.dsv'
[1.608s] INFO:colcon.colcon_core.shell:Creating environment hook '/root/ros2_code/foxy/learning/install/ball_tracker/share/ball_tracker/hook/ament_prefix_path.sh'
[1.631s] INFO:colcon.colcon_core.shell:Skip shell extension 'powershell' for command environment: Not usable outside of PowerShell
[1.631s] DEBUG:colcon.colcon_core.shell:Skip shell extension 'dsv' for command environment
[1.708s] DEBUG:colcon.colcon_core.event_handler.log_command:Invoking command in '/root/ros2_code/foxy/learning/build/articubot_one': CMAKE_PREFIX_PATH=${CMAKE_PREFIX_PATH}:/root/ros2_code/foxy/learning/install/ball_tracker:/opt/ros/foxy /usr/bin/cmake /root/ros2_code/foxy/learning/src/articubot_one-main -DAMENT_CMAKE_SYMLINK_INSTALL=1 -DCMAKE_INSTALL_PREFIX=/root/ros2_code/foxy/learning/install/articubot_one
[1.901s] INFO:colcon.colcon_core.task.python.build:Building Python package in '/root/ros2_code/foxy/learning/src/ball_tracker-main'
[1.925s] INFO:colcon.colcon_core.shell:Skip shell extension 'powershell' for command environment: Not usable outside of PowerShell
[1.925s] DEBUG:colcon.colcon_core.shell:Skip shell extension 'dsv' for command environment
[2.005s] DEBUG:colcon.colcon_core.event_handler.log_command:Invoked command in '/root/ros2_code/foxy/learning/build/articubot_one' returned '0': CMAKE_PREFIX_PATH=${CMAKE_PREFIX_PATH}:/root/ros2_code/foxy/learning/install/ball_tracker:/opt/ros/foxy /usr/bin/cmake /root/ros2_code/foxy/learning/src/articubot_one-main -DAMENT_CMAKE_SYMLINK_INSTALL=1 -DCMAKE_INSTALL_PREFIX=/root/ros2_code/foxy/learning/install/articubot_one
[2.009s] DEBUG:colcon.colcon_core.event_handler.log_command:Invoking command in '/root/ros2_code/foxy/learning/build/articubot_one': CMAKE_PREFIX_PATH=${CMAKE_PREFIX_PATH}:/root/ros2_code/foxy/learning/install/ball_tracker:/opt/ros/foxy /usr/bin/cmake --build /root/ros2_code/foxy/learning/build/articubot_one -- -j12 -l12
[2.068s] DEBUG:colcon.colcon_core.event_handler.log_command:Invoked command in '/root/ros2_code/foxy/learning/build/articubot_one' returned '0': CMAKE_PREFIX_PATH=${CMAKE_PREFIX_PATH}:/root/ros2_code/foxy/learning/install/ball_tracker:/opt/ros/foxy /usr/bin/cmake --build /root/ros2_code/foxy/learning/build/articubot_one -- -j12 -l12
[2.110s] DEBUG:colcon.colcon_core.event_handler.log_command:Invoking command in '/root/ros2_code/foxy/learning/build/articubot_one': CMAKE_PREFIX_PATH=${CMAKE_PREFIX_PATH}:/root/ros2_code/foxy/learning/install/ball_tracker:/opt/ros/foxy /usr/bin/cmake --install /root/ros2_code/foxy/learning/build/articubot_one
[2.321s] DEBUG:colcon.colcon_core.task.python.build:While undoing a previous installation files outside the Python library path are being ignored: /root/ros2_code/foxy/learning/install/ball_tracker/share/ament_index/resource_index/packages/ball_tracker
[2.321s] DEBUG:colcon.colcon_core.task.python.build:While undoing a previous installation files outside the Python library path are being ignored: /root/ros2_code/foxy/learning/install/ball_tracker/share/ball_tracker/package.xml
[2.321s] DEBUG:colcon.colcon_core.task.python.build:While undoing a previous installation files outside the Python library path are being ignored: /root/ros2_code/foxy/learning/install/ball_tracker/share/ball_tracker/launch/ball_tracker.launch.py
[2.321s] DEBUG:colcon.colcon_core.task.python.build:While undoing a previous installation files outside the Python library path are being ignored: /root/ros2_code/foxy/learning/install/ball_tracker/share/ball_tracker/launch/example_launch_include.launch.py
[2.321s] DEBUG:colcon.colcon_core.task.python.build:While undoing a previous installation files outside the Python library path are being ignored: /root/ros2_code/foxy/learning/install/ball_tracker/share/ball_tracker/config/ball_tracker_params_example.yaml
[2.322s] DEBUG:colcon.colcon_core.task.python.build:While undoing a previous installation files outside the Python library path are being ignored: /root/ros2_code/foxy/learning/install/ball_tracker/lib/ball_tracker/detect_ball
[2.322s] DEBUG:colcon.colcon_core.task.python.build:While undoing a previous installation files outside the Python library path are being ignored: /root/ros2_code/foxy/learning/install/ball_tracker/lib/ball_tracker/detect_ball_3d
[2.322s] DEBUG:colcon.colcon_core.task.python.build:While undoing a previous installation files outside the Python library path are being ignored: /root/ros2_code/foxy/learning/install/ball_tracker/lib/ball_tracker/follow_ball
[2.330s] DEBUG:colcon.colcon_core.event_handler.log_command:Invoking command in '/root/ros2_code/foxy/learning/build/ball_tracker': PYTHONPATH=/root/ros2_code/foxy/learning/build/ball_tracker/prefix_override:/root/ros2_code/foxy/learning/install/ball_tracker/lib/python3.8/site-packages:${PYTHONPATH} /usr/bin/python3 setup.py develop --editable --build-directory /root/ros2_code/foxy/learning/build/ball_tracker/build --no-deps install_data
[2.659s] Level 1:colcon.colcon_core.shell:create_environment_hook('ball_tracker', 'pythonpath_develop')
[2.660s] DEBUG:colcon.colcon_core.event_handler.log_command:Invoked command in '/root/ros2_code/foxy/learning/build/ball_tracker' returned '0': PYTHONPATH=/root/ros2_code/foxy/learning/build/ball_tracker/prefix_override:/root/ros2_code/foxy/learning/install/ball_tracker/lib/python3.8/site-packages:${PYTHONPATH} /usr/bin/python3 setup.py develop --editable --build-directory /root/ros2_code/foxy/learning/build/ball_tracker/build --no-deps install_data
[2.710s] INFO:colcon.colcon_core.shell:Creating environment hook '/root/ros2_code/foxy/learning/build/ball_tracker/share/ball_tracker/hook/pythonpath_develop.ps1'
[2.710s] INFO:colcon.colcon_core.shell:Creating environment descriptor '/root/ros2_code/foxy/learning/build/ball_tracker/share/ball_tracker/hook/pythonpath_develop.dsv'
[2.711s] INFO:colcon.colcon_core.shell:Creating environment hook '/root/ros2_code/foxy/learning/build/ball_tracker/share/ball_tracker/hook/pythonpath_develop.sh'
[2.736s] Level 1:colcon.colcon_core.environment:checking '/root/ros2_code/foxy/learning/install/ball_tracker' for CMake module files
[2.736s] Level 1:colcon.colcon_core.environment:checking '/root/ros2_code/foxy/learning/install/ball_tracker' for CMake config files
[2.737s] Level 1:colcon.colcon_core.environment:checking '/root/ros2_code/foxy/learning/install/ball_tracker/lib'
[2.737s] Level 1:colcon.colcon_core.environment:checking '/root/ros2_code/foxy/learning/install/ball_tracker/bin'
[2.737s] Level 1:colcon.colcon_core.environment:checking '/root/ros2_code/foxy/learning/install/ball_tracker/lib/pkgconfig/ball_tracker.pc'
[2.737s] Level 1:colcon.colcon_core.environment:checking '/root/ros2_code/foxy/learning/install/ball_tracker/lib/python3.8/site-packages'
[2.737s] Level 1:colcon.colcon_core.shell:create_environment_hook('ball_tracker', 'pythonpath')
[2.760s] INFO:colcon.colcon_core.shell:Creating environment hook '/root/ros2_code/foxy/learning/install/ball_tracker/share/ball_tracker/hook/pythonpath.ps1'
[2.760s] INFO:colcon.colcon_core.shell:Creating environment descriptor '/root/ros2_code/foxy/learning/install/ball_tracker/share/ball_tracker/hook/pythonpath.dsv'
[2.761s] INFO:colcon.colcon_core.shell:Creating environment hook '/root/ros2_code/foxy/learning/install/ball_tracker/share/ball_tracker/hook/pythonpath.sh'
[2.761s] Level 1:colcon.colcon_core.environment:checking '/root/ros2_code/foxy/learning/install/ball_tracker/bin'
[2.761s] Level 1:colcon.colcon_core.environment:create_environment_scripts_only(ball_tracker)
[2.782s] INFO:colcon.colcon_core.shell:Creating package script '/root/ros2_code/foxy/learning/install/ball_tracker/share/ball_tracker/package.ps1'
[2.783s] INFO:colcon.colcon_core.shell:Creating package descriptor '/root/ros2_code/foxy/learning/install/ball_tracker/share/ball_tracker/package.dsv'
[2.783s] INFO:colcon.colcon_core.shell:Creating package script '/root/ros2_code/foxy/learning/install/ball_tracker/share/ball_tracker/package.sh'
[2.784s] INFO:colcon.colcon_core.shell:Creating package script '/root/ros2_code/foxy/learning/install/ball_tracker/share/ball_tracker/package.bash'
[2.784s] INFO:colcon.colcon_core.shell:Creating package script '/root/ros2_code/foxy/learning/install/ball_tracker/share/ball_tracker/package.zsh'
[2.785s] Level 1:colcon.colcon_core.environment:create_file_with_runtime_dependencies(/root/ros2_code/foxy/learning/install/ball_tracker/share/colcon-core/packages/ball_tracker)
[2.786s] Level 1:colcon.colcon_core.environment:create_environment_scripts_only(articubot_one)
[2.786s] DEBUG:colcon.colcon_core.event_handler.log_command:Invoked command in '/root/ros2_code/foxy/learning/build/articubot_one' returned '0': CMAKE_PREFIX_PATH=${CMAKE_PREFIX_PATH}:/root/ros2_code/foxy/learning/install/ball_tracker:/opt/ros/foxy /usr/bin/cmake --install /root/ros2_code/foxy/learning/build/articubot_one
[2.807s] Level 1:colcon.colcon_core.environment:checking '/root/ros2_code/foxy/learning/install/articubot_one' for CMake module files
[2.807s] Level 1:colcon.colcon_core.environment:checking '/root/ros2_code/foxy/learning/install/articubot_one' for CMake config files
[2.808s] Level 1:colcon.colcon_core.shell:create_environment_hook('articubot_one', 'cmake_prefix_path')
[2.828s] INFO:colcon.colcon_core.shell:Creating environment hook '/root/ros2_code/foxy/learning/install/articubot_one/share/articubot_one/hook/cmake_prefix_path.ps1'
[2.829s] INFO:colcon.colcon_core.shell:Creating environment descriptor '/root/ros2_code/foxy/learning/install/articubot_one/share/articubot_one/hook/cmake_prefix_path.dsv'
[2.829s] INFO:colcon.colcon_core.shell:Creating environment hook '/root/ros2_code/foxy/learning/install/articubot_one/share/articubot_one/hook/cmake_prefix_path.sh'
[2.830s] Level 1:colcon.colcon_core.environment:checking '/root/ros2_code/foxy/learning/install/articubot_one/bin'
[2.830s] Level 1:colcon.colcon_core.environment:checking '/root/ros2_code/foxy/learning/install/articubot_one/lib/pkgconfig/articubot_one.pc'
[2.830s] Level 1:colcon.colcon_core.environment:checking '/root/ros2_code/foxy/learning/install/articubot_one/lib/python3.8/site-packages'
[2.830s] Level 1:colcon.colcon_core.environment:checking '/root/ros2_code/foxy/learning/install/articubot_one/bin'
[2.850s] INFO:colcon.colcon_core.shell:Creating package script '/root/ros2_code/foxy/learning/install/articubot_one/share/articubot_one/package.ps1'
[2.851s] INFO:colcon.colcon_core.shell:Creating package descriptor '/root/ros2_code/foxy/learning/install/articubot_one/share/articubot_one/package.dsv'
[2.851s] INFO:colcon.colcon_core.shell:Creating package script '/root/ros2_code/foxy/learning/install/articubot_one/share/articubot_one/package.sh'
[2.852s] INFO:colcon.colcon_core.shell:Creating package script '/root/ros2_code/foxy/learning/install/articubot_one/share/articubot_one/package.bash'
[2.852s] INFO:colcon.colcon_core.shell:Creating package script '/root/ros2_code/foxy/learning/install/articubot_one/share/articubot_one/package.zsh'
[2.852s] Level 1:colcon.colcon_core.environment:create_file_with_runtime_dependencies(/root/ros2_code/foxy/learning/install/articubot_one/share/colcon-core/packages/articubot_one)
[2.907s] Level 1:colcon.colcon_core.environment:create_environment_scripts_only(articubot_one)
[2.930s] Level 1:colcon.colcon_core.environment:checking '/root/ros2_code/foxy/learning/install/articubot_one' for CMake module files
[2.931s] Level 1:colcon.colcon_core.environment:checking '/root/ros2_code/foxy/learning/install/articubot_one' for CMake config files
[2.931s] Level 1:colcon.colcon_core.shell:create_environment_hook('articubot_one', 'cmake_prefix_path')
[2.953s] INFO:colcon.colcon_core.shell:Creating environment hook '/root/ros2_code/foxy/learning/install/articubot_one/share/articubot_one/hook/cmake_prefix_path.ps1'
[2.954s] INFO:colcon.colcon_core.shell:Creating environment descriptor '/root/ros2_code/foxy/learning/install/articubot_one/share/articubot_one/hook/cmake_prefix_path.dsv'
[2.954s] INFO:colcon.colcon_core.shell:Creating environment hook '/root/ros2_code/foxy/learning/install/articubot_one/share/articubot_one/hook/cmake_prefix_path.sh'
[2.954s] Level 1:colcon.colcon_core.environment:checking '/root/ros2_code/foxy/learning/install/articubot_one/bin'
[2.955s] Level 1:colcon.colcon_core.environment:checking '/root/ros2_code/foxy/learning/install/articubot_one/lib/pkgconfig/articubot_one.pc'
[2.955s] Level 1:colcon.colcon_core.environment:checking '/root/ros2_code/foxy/learning/install/articubot_one/lib/python3.8/site-packages'
[2.955s] Level 1:colcon.colcon_core.environment:checking '/root/ros2_code/foxy/learning/install/articubot_one/bin'
[2.977s] INFO:colcon.colcon_core.shell:Creating package script '/root/ros2_code/foxy/learning/install/articubot_one/share/articubot_one/package.ps1'
[2.977s] INFO:colcon.colcon_core.shell:Creating package descriptor '/root/ros2_code/foxy/learning/install/articubot_one/share/articubot_one/package.dsv'
[2.978s] INFO:colcon.colcon_core.shell:Creating package script '/root/ros2_code/foxy/learning/install/articubot_one/share/articubot_one/package.sh'
[2.978s] INFO:colcon.colcon_core.shell:Creating package script '/root/ros2_code/foxy/learning/install/articubot_one/share/articubot_one/package.bash'
[2.978s] INFO:colcon.colcon_core.shell:Creating package script '/root/ros2_code/foxy/learning/install/articubot_one/share/articubot_one/package.zsh'
[2.979s] Level 1:colcon.colcon_core.environment:create_file_with_runtime_dependencies(/root/ros2_code/foxy/learning/install/articubot_one/share/colcon-core/packages/articubot_one)
[2.979s] DEBUG:colcon.colcon_parallel_executor.executor.parallel:closing loop
[2.979s] DEBUG:colcon.colcon_parallel_executor.executor.parallel:loop closed
[2.980s] DEBUG:colcon.colcon_parallel_executor.executor.parallel:run_until_complete finished with '0'
[2.980s] DEBUG:colcon.colcon_core.event_reactor:joining thread
[3.006s] INFO:colcon.colcon_core.plugin_system:Skipping extension 'colcon_notification.desktop_notification.notify_send': Could not find 'notify-send'
[3.006s] INFO:colcon.colcon_core.plugin_system:Skipping extension 'colcon_notification.desktop_notification.terminal_notifier': Not used on non-Darwin systems
[3.006s] INFO:colcon.colcon_core.plugin_system:Skipping extension 'colcon_notification.desktop_notification.win32': Not used on non-Windows systems
[3.006s] INFO:colcon.colcon_notification.desktop_notification:Sending desktop notification using 'notify2'
[3.010s] DEBUG:colcon.colcon_notification.desktop_notification.notify2:Failed to initialize notify2: org.freedesktop.DBus.Error.Spawn.ExecFailed: /usr/bin/dbus-launch terminated abnormally without any error message
[3.011s] DEBUG:colcon.colcon_core.event_reactor:joined thread
[3.034s] INFO:colcon.colcon_core.shell:Creating prefix script '/root/ros2_code/foxy/learning/install/local_setup.ps1'
[3.035s] INFO:colcon.colcon_core.shell:Creating prefix util module '/root/ros2_code/foxy/learning/install/_local_setup_util_ps1.py'
[3.036s] INFO:colcon.colcon_core.shell:Creating prefix chain script '/root/ros2_code/foxy/learning/install/setup.ps1'
[3.059s] INFO:colcon.colcon_core.shell:Creating prefix script '/root/ros2_code/foxy/learning/install/local_setup.sh'
[3.059s] INFO:colcon.colcon_core.shell:Creating prefix util module '/root/ros2_code/foxy/learning/install/_local_setup_util_sh.py'
[3.060s] INFO:colcon.colcon_core.shell:Creating prefix chain script '/root/ros2_code/foxy/learning/install/setup.sh'
[3.081s] INFO:colcon.colcon_core.shell:Creating prefix script '/root/ros2_code/foxy/learning/install/local_setup.bash'
[3.082s] INFO:colcon.colcon_core.shell:Creating prefix chain script '/root/ros2_code/foxy/learning/install/setup.bash'
[3.102s] INFO:colcon.colcon_core.shell:Creating prefix script '/root/ros2_code/foxy/learning/install/local_setup.zsh'
[3.103s] INFO:colcon.colcon_core.shell:Creating prefix chain script '/root/ros2_code/foxy/learning/install/setup.zsh'
