[0.837s] DEBUG:colcon:Command line arguments: ['/usr/bin/colcon', 'build']
[0.837s] DEBUG:colcon:Parsed command line arguments: Namespace(log_base=None, log_level=None, verb_name='build', build_base='build', install_base='install', merge_install=False, symlink_install=False, test_result_base=None, continue_on_error=False, executor='parallel', parallel_workers=12, event_handlers=None, ignore_user_meta=False, metas=['./colcon.meta'], base_paths=['.'], packages_ignore=None, packages_ignore_regex=None, paths=None, packages_up_to=None, packages_up_to_regex=None, packages_above=None, packages_above_and_dependencies=None, packages_above_depth=None, packages_select_by_dep=None, packages_skip_by_dep=None, packages_skip_up_to=None, packages_select_build_failed=False, packages_skip_build_finished=False, packages_select_test_failures=False, packages_skip_test_passed=False, packages_select=None, packages_skip=None, packages_select_regex=None, packages_skip_regex=None, packages_start=None, packages_end=None, cmake_args=None, cmake_target=None, cmake_target_skip_unavailable=False, cmake_clean_cache=False, cmake_clean_first=False, cmake_force_configure=False, ament_cmake_args=None, catkin_cmake_args=None, catkin_skip_building_tests=False, verb_parser=<colcon_defaults.argument_parser.defaults.DefaultArgumentsDecorator object at 0x7f5ab8775300>, verb_extension=<colcon_core.verb.build.BuildVerb object at 0x7f5ab8774610>, main=<bound method BuildVerb.main of <colcon_core.verb.build.BuildVerb object at 0x7f5ab8774610>>)
[0.877s] Level 1:colcon.colcon_core.package_discovery:discover_packages(colcon_meta) check parameters
[0.877s] Level 1:colcon.colcon_core.package_discovery:discover_packages(recursive) check parameters
[0.877s] Level 1:colcon.colcon_core.package_discovery:discover_packages(ignore) check parameters
[0.877s] Level 1:colcon.colcon_core.package_discovery:discover_packages(path) check parameters
[0.877s] Level 1:colcon.colcon_core.package_discovery:discover_packages(colcon_meta) discover
[0.877s] Level 1:colcon.colcon_core.package_discovery:discover_packages(recursive) discover
[0.877s] INFO:colcon.colcon_core.package_discovery:Crawling recursively for packages in '/root/ros2_code/humble/vision'
[0.877s] Level 1:colcon.colcon_core.package_identification:_identify(.) by extensions ['ignore', 'ignore_ament_install']
[0.878s] Level 1:colcon.colcon_core.package_identification:_identify(.) by extension 'ignore'
[0.878s] Level 1:colcon.colcon_core.package_identification:_identify(.) by extension 'ignore_ament_install'
[0.878s] Level 1:colcon.colcon_core.package_identification:_identify(.) by extensions ['colcon_pkg']
[0.878s] Level 1:colcon.colcon_core.package_identification:_identify(.) by extension 'colcon_pkg'
[0.878s] Level 1:colcon.colcon_core.package_identification:_identify(.) by extensions ['colcon_meta']
[0.878s] Level 1:colcon.colcon_core.package_identification:_identify(.) by extension 'colcon_meta'
[0.878s] Level 1:colcon.colcon_core.package_identification:_identify(.) by extensions ['ros']
[0.878s] Level 1:colcon.colcon_core.package_identification:_identify(.) by extension 'ros'
[0.886s] Level 1:colcon.colcon_core.package_identification:_identify(.) by extensions ['cmake', 'python']
[0.886s] Level 1:colcon.colcon_core.package_identification:_identify(.) by extension 'cmake'
[0.886s] Level 1:colcon.colcon_core.package_identification:_identify(.) by extension 'python'
[0.886s] Level 1:colcon.colcon_core.package_identification:_identify(.) by extensions ['python_setup_py']
[0.886s] Level 1:colcon.colcon_core.package_identification:_identify(.) by extension 'python_setup_py'
[0.886s] Level 1:colcon.colcon_core.package_identification:_identify(build) by extensions ['ignore', 'ignore_ament_install']
[0.886s] Level 1:colcon.colcon_core.package_identification:_identify(build) by extension 'ignore'
[0.886s] Level 1:colcon.colcon_core.package_identification:_identify(build) ignored
[0.886s] Level 1:colcon.colcon_core.package_identification:_identify(install) by extensions ['ignore', 'ignore_ament_install']
[0.886s] Level 1:colcon.colcon_core.package_identification:_identify(install) by extension 'ignore'
[0.886s] Level 1:colcon.colcon_core.package_identification:_identify(install) ignored
[0.887s] Level 1:colcon.colcon_core.package_identification:_identify(log) by extensions ['ignore', 'ignore_ament_install']
[0.887s] Level 1:colcon.colcon_core.package_identification:_identify(log) by extension 'ignore'
[0.887s] Level 1:colcon.colcon_core.package_identification:_identify(log) ignored
[0.887s] Level 1:colcon.colcon_core.package_identification:_identify(src) by extensions ['ignore', 'ignore_ament_install']
[0.887s] Level 1:colcon.colcon_core.package_identification:_identify(src) by extension 'ignore'
[0.887s] Level 1:colcon.colcon_core.package_identification:_identify(src) by extension 'ignore_ament_install'
[0.887s] Level 1:colcon.colcon_core.package_identification:_identify(src) by extensions ['colcon_pkg']
[0.887s] Level 1:colcon.colcon_core.package_identification:_identify(src) by extension 'colcon_pkg'
[0.887s] Level 1:colcon.colcon_core.package_identification:_identify(src) by extensions ['colcon_meta']
[0.887s] Level 1:colcon.colcon_core.package_identification:_identify(src) by extension 'colcon_meta'
[0.887s] Level 1:colcon.colcon_core.package_identification:_identify(src) by extensions ['ros']
[0.887s] Level 1:colcon.colcon_core.package_identification:_identify(src) by extension 'ros'
[0.887s] Level 1:colcon.colcon_core.package_identification:_identify(src) by extensions ['cmake', 'python']
[0.887s] Level 1:colcon.colcon_core.package_identification:_identify(src) by extension 'cmake'
[0.887s] Level 1:colcon.colcon_core.package_identification:_identify(src) by extension 'python'
[0.887s] Level 1:colcon.colcon_core.package_identification:_identify(src) by extensions ['python_setup_py']
[0.887s] Level 1:colcon.colcon_core.package_identification:_identify(src) by extension 'python_setup_py'
[0.887s] Level 1:colcon.colcon_core.package_identification:_identify(src/diff_robot_pkg) by extensions ['ignore', 'ignore_ament_install']
[0.887s] Level 1:colcon.colcon_core.package_identification:_identify(src/diff_robot_pkg) by extension 'ignore'
[0.887s] Level 1:colcon.colcon_core.package_identification:_identify(src/diff_robot_pkg) by extension 'ignore_ament_install'
[0.887s] Level 1:colcon.colcon_core.package_identification:_identify(src/diff_robot_pkg) by extensions ['colcon_pkg']
[0.887s] Level 1:colcon.colcon_core.package_identification:_identify(src/diff_robot_pkg) by extension 'colcon_pkg'
[0.888s] Level 1:colcon.colcon_core.package_identification:_identify(src/diff_robot_pkg) by extensions ['colcon_meta']
[0.888s] Level 1:colcon.colcon_core.package_identification:_identify(src/diff_robot_pkg) by extension 'colcon_meta'
[0.888s] Level 1:colcon.colcon_core.package_identification:_identify(src/diff_robot_pkg) by extensions ['ros']
[0.888s] Level 1:colcon.colcon_core.package_identification:_identify(src/diff_robot_pkg) by extension 'ros'
[0.889s] DEBUG:colcon.colcon_core.package_identification:Package 'src/diff_robot_pkg' with type 'ros.ament_cmake' and name 'diff_robot_pkg'
[0.889s] Level 1:colcon.colcon_core.package_identification:_identify(src/joystick_pkg) by extensions ['ignore', 'ignore_ament_install']
[0.890s] Level 1:colcon.colcon_core.package_identification:_identify(src/joystick_pkg) by extension 'ignore'
[0.890s] Level 1:colcon.colcon_core.package_identification:_identify(src/joystick_pkg) by extension 'ignore_ament_install'
[0.890s] Level 1:colcon.colcon_core.package_identification:_identify(src/joystick_pkg) by extensions ['colcon_pkg']
[0.890s] Level 1:colcon.colcon_core.package_identification:_identify(src/joystick_pkg) by extension 'colcon_pkg'
[0.890s] Level 1:colcon.colcon_core.package_identification:_identify(src/joystick_pkg) by extensions ['colcon_meta']
[0.890s] Level 1:colcon.colcon_core.package_identification:_identify(src/joystick_pkg) by extension 'colcon_meta'
[0.890s] Level 1:colcon.colcon_core.package_identification:_identify(src/joystick_pkg) by extensions ['ros']
[0.890s] Level 1:colcon.colcon_core.package_identification:_identify(src/joystick_pkg) by extension 'ros'
[0.890s] DEBUG:colcon.colcon_core.package_identification:Package 'src/joystick_pkg' with type 'ros.ament_python' and name 'joystick_pkg'
[0.890s] Level 1:colcon.colcon_core.package_discovery:discover_packages(recursive) using defaults
[0.890s] Level 1:colcon.colcon_core.package_discovery:discover_packages(ignore) discover
[0.890s] Level 1:colcon.colcon_core.package_discovery:discover_packages(ignore) using defaults
[0.890s] Level 1:colcon.colcon_core.package_discovery:discover_packages(path) discover
[0.890s] Level 1:colcon.colcon_core.package_discovery:discover_packages(path) using defaults
[0.957s] Level 5:colcon.colcon_core.verb:set package 'diff_robot_pkg' build argument 'cmake_args' from command line to 'None'
[0.957s] Level 5:colcon.colcon_core.verb:set package 'diff_robot_pkg' build argument 'cmake_target' from command line to 'None'
[0.957s] Level 5:colcon.colcon_core.verb:set package 'diff_robot_pkg' build argument 'cmake_target_skip_unavailable' from command line to 'False'
[0.957s] Level 5:colcon.colcon_core.verb:set package 'diff_robot_pkg' build argument 'cmake_clean_cache' from command line to 'False'
[0.957s] Level 5:colcon.colcon_core.verb:set package 'diff_robot_pkg' build argument 'cmake_clean_first' from command line to 'False'
[0.957s] Level 5:colcon.colcon_core.verb:set package 'diff_robot_pkg' build argument 'cmake_force_configure' from command line to 'False'
[0.957s] Level 5:colcon.colcon_core.verb:set package 'diff_robot_pkg' build argument 'ament_cmake_args' from command line to 'None'
[0.957s] Level 5:colcon.colcon_core.verb:set package 'diff_robot_pkg' build argument 'catkin_cmake_args' from command line to 'None'
[0.957s] Level 5:colcon.colcon_core.verb:set package 'diff_robot_pkg' build argument 'catkin_skip_building_tests' from command line to 'False'
[0.957s] DEBUG:colcon.colcon_core.verb:Building package 'diff_robot_pkg' with the following arguments: {'ament_cmake_args': None, 'build_base': '/root/ros2_code/humble/vision/build/diff_robot_pkg', 'catkin_cmake_args': None, 'catkin_skip_building_tests': False, 'cmake_args': None, 'cmake_clean_cache': False, 'cmake_clean_first': False, 'cmake_force_configure': False, 'cmake_target': None, 'cmake_target_skip_unavailable': False, 'install_base': '/root/ros2_code/humble/vision/install/diff_robot_pkg', 'merge_install': False, 'path': '/root/ros2_code/humble/vision/src/diff_robot_pkg', 'symlink_install': False, 'test_result_base': None}
[0.970s] Level 5:colcon.colcon_core.verb:set package 'joystick_pkg' build argument 'cmake_args' from command line to 'None'
[0.970s] Level 5:colcon.colcon_core.verb:set package 'joystick_pkg' build argument 'cmake_target' from command line to 'None'
[0.970s] Level 5:colcon.colcon_core.verb:set package 'joystick_pkg' build argument 'cmake_target_skip_unavailable' from command line to 'False'
[0.970s] Level 5:colcon.colcon_core.verb:set package 'joystick_pkg' build argument 'cmake_clean_cache' from command line to 'False'
[0.970s] Level 5:colcon.colcon_core.verb:set package 'joystick_pkg' build argument 'cmake_clean_first' from command line to 'False'
[0.970s] Level 5:colcon.colcon_core.verb:set package 'joystick_pkg' build argument 'cmake_force_configure' from command line to 'False'
[0.970s] Level 5:colcon.colcon_core.verb:set package 'joystick_pkg' build argument 'ament_cmake_args' from command line to 'None'
[0.970s] Level 5:colcon.colcon_core.verb:set package 'joystick_pkg' build argument 'catkin_cmake_args' from command line to 'None'
[0.970s] Level 5:colcon.colcon_core.verb:set package 'joystick_pkg' build argument 'catkin_skip_building_tests' from command line to 'False'
[0.970s] DEBUG:colcon.colcon_core.verb:Building package 'joystick_pkg' with the following arguments: {'ament_cmake_args': None, 'build_base': '/root/ros2_code/humble/vision/build/joystick_pkg', 'catkin_cmake_args': None, 'catkin_skip_building_tests': False, 'cmake_args': None, 'cmake_clean_cache': False, 'cmake_clean_first': False, 'cmake_force_configure': False, 'cmake_target': None, 'cmake_target_skip_unavailable': False, 'install_base': '/root/ros2_code/humble/vision/install/joystick_pkg', 'merge_install': False, 'path': '/root/ros2_code/humble/vision/src/joystick_pkg', 'symlink_install': False, 'test_result_base': None}
[0.982s] INFO:colcon.colcon_core.executor:Executing jobs using 'parallel' executor
[0.996s] DEBUG:colcon.colcon_parallel_executor.executor.parallel:run_until_complete
[0.996s] INFO:colcon.colcon_ros.task.ament_cmake.build:Building ROS package in '/root/ros2_code/humble/vision/src/diff_robot_pkg' with build type 'ament_cmake'
[0.996s] INFO:colcon.colcon_cmake.task.cmake.build:Building CMake package in '/root/ros2_code/humble/vision/src/diff_robot_pkg'
[1.010s] INFO:colcon.colcon_core.plugin_system:Skipping extension 'colcon_core.shell.bat': Not used on non-Windows systems
[1.011s] INFO:colcon.colcon_core.shell:Skip shell extension 'powershell' for command environment: Not usable outside of PowerShell
[1.011s] DEBUG:colcon.colcon_core.shell:Skip shell extension 'dsv' for command environment
[1.107s] INFO:colcon.colcon_ros.task.ament_python.build:Building ROS package in '/root/ros2_code/humble/vision/src/joystick_pkg' with build type 'ament_python'
[1.108s] Level 1:colcon.colcon_core.shell:create_environment_hook('joystick_pkg', 'ament_prefix_path')
[1.122s] INFO:colcon.colcon_core.shell:Creating environment hook '/root/ros2_code/humble/vision/install/joystick_pkg/share/joystick_pkg/hook/ament_prefix_path.ps1'
[1.122s] INFO:colcon.colcon_core.shell:Creating environment descriptor '/root/ros2_code/humble/vision/install/joystick_pkg/share/joystick_pkg/hook/ament_prefix_path.dsv'
[1.122s] INFO:colcon.colcon_core.shell:Creating environment hook '/root/ros2_code/humble/vision/install/joystick_pkg/share/joystick_pkg/hook/ament_prefix_path.sh'
[1.136s] INFO:colcon.colcon_core.shell:Skip shell extension 'powershell' for command environment: Not usable outside of PowerShell
[1.136s] DEBUG:colcon.colcon_core.shell:Skip shell extension 'dsv' for command environment
[1.210s] DEBUG:colcon.colcon_core.event_handler.log_command:Invoking command in '/root/ros2_code/humble/vision/build/diff_robot_pkg': CMAKE_PREFIX_PATH=${CMAKE_PREFIX_PATH}:/root/ros2_code/humble/vision/install/joystick_pkg:/opt/ros/humble /usr/bin/cmake --build /root/ros2_code/humble/vision/build/diff_robot_pkg -- -j12 -l12
[1.457s] INFO:colcon.colcon_core.task.python.build:Building Python package in '/root/ros2_code/humble/vision/src/joystick_pkg'
[1.471s] INFO:colcon.colcon_core.shell:Skip shell extension 'powershell' for command environment: Not usable outside of PowerShell
[1.472s] DEBUG:colcon.colcon_core.shell:Skip shell extension 'dsv' for command environment
[1.549s] DEBUG:colcon.colcon_core.event_handler.log_command:Invoked command in '/root/ros2_code/humble/vision/build/diff_robot_pkg' returned '0': CMAKE_PREFIX_PATH=${CMAKE_PREFIX_PATH}:/root/ros2_code/humble/vision/install/joystick_pkg:/opt/ros/humble /usr/bin/cmake --build /root/ros2_code/humble/vision/build/diff_robot_pkg -- -j12 -l12
[1.588s] DEBUG:colcon.colcon_core.event_handler.log_command:Invoking command in '/root/ros2_code/humble/vision/build/diff_robot_pkg': CMAKE_PREFIX_PATH=${CMAKE_PREFIX_PATH}:/root/ros2_code/humble/vision/install/joystick_pkg:/opt/ros/humble /usr/bin/cmake --install /root/ros2_code/humble/vision/build/diff_robot_pkg
[1.601s] Level 1:colcon.colcon_core.environment:create_environment_scripts_only(diff_robot_pkg)
[1.601s] DEBUG:colcon.colcon_core.event_handler.log_command:Invoked command in '/root/ros2_code/humble/vision/build/diff_robot_pkg' returned '0': CMAKE_PREFIX_PATH=${CMAKE_PREFIX_PATH}:/root/ros2_code/humble/vision/install/joystick_pkg:/opt/ros/humble /usr/bin/cmake --install /root/ros2_code/humble/vision/build/diff_robot_pkg
[1.617s] Level 1:colcon.colcon_core.environment:checking '/root/ros2_code/humble/vision/install/diff_robot_pkg' for CMake module files
[1.617s] Level 1:colcon.colcon_core.environment:checking '/root/ros2_code/humble/vision/install/diff_robot_pkg' for CMake config files
[1.617s] Level 1:colcon.colcon_core.shell:create_environment_hook('diff_robot_pkg', 'cmake_prefix_path')
[1.631s] INFO:colcon.colcon_core.shell:Creating environment hook '/root/ros2_code/humble/vision/install/diff_robot_pkg/share/diff_robot_pkg/hook/cmake_prefix_path.ps1'
[1.632s] INFO:colcon.colcon_core.shell:Creating environment descriptor '/root/ros2_code/humble/vision/install/diff_robot_pkg/share/diff_robot_pkg/hook/cmake_prefix_path.dsv'
[1.632s] INFO:colcon.colcon_core.shell:Creating environment hook '/root/ros2_code/humble/vision/install/diff_robot_pkg/share/diff_robot_pkg/hook/cmake_prefix_path.sh'
[1.633s] Level 1:colcon.colcon_core.environment:checking '/root/ros2_code/humble/vision/install/diff_robot_pkg/bin'
[1.633s] Level 1:colcon.colcon_core.environment:checking '/root/ros2_code/humble/vision/install/diff_robot_pkg/lib/pkgconfig/diff_robot_pkg.pc'
[1.633s] Level 1:colcon.colcon_core.environment:checking '/root/ros2_code/humble/vision/install/diff_robot_pkg/lib/python3.10/site-packages'
[1.633s] Level 1:colcon.colcon_core.environment:checking '/root/ros2_code/humble/vision/install/diff_robot_pkg/bin'
[1.647s] INFO:colcon.colcon_core.shell:Creating package script '/root/ros2_code/humble/vision/install/diff_robot_pkg/share/diff_robot_pkg/package.ps1'
[1.647s] INFO:colcon.colcon_core.shell:Creating package descriptor '/root/ros2_code/humble/vision/install/diff_robot_pkg/share/diff_robot_pkg/package.dsv'
[1.648s] INFO:colcon.colcon_core.shell:Creating package script '/root/ros2_code/humble/vision/install/diff_robot_pkg/share/diff_robot_pkg/package.sh'
[1.648s] INFO:colcon.colcon_core.shell:Creating package script '/root/ros2_code/humble/vision/install/diff_robot_pkg/share/diff_robot_pkg/package.bash'
[1.649s] INFO:colcon.colcon_core.shell:Creating package script '/root/ros2_code/humble/vision/install/diff_robot_pkg/share/diff_robot_pkg/package.zsh'
[1.649s] Level 1:colcon.colcon_core.environment:create_file_with_runtime_dependencies(/root/ros2_code/humble/vision/install/diff_robot_pkg/share/colcon-core/packages/diff_robot_pkg)
[1.693s] Level 1:colcon.colcon_core.environment:create_environment_scripts_only(diff_robot_pkg)
[1.707s] Level 1:colcon.colcon_core.environment:checking '/root/ros2_code/humble/vision/install/diff_robot_pkg' for CMake module files
[1.707s] Level 1:colcon.colcon_core.environment:checking '/root/ros2_code/humble/vision/install/diff_robot_pkg' for CMake config files
[1.708s] Level 1:colcon.colcon_core.shell:create_environment_hook('diff_robot_pkg', 'cmake_prefix_path')
[1.722s] INFO:colcon.colcon_core.shell:Creating environment hook '/root/ros2_code/humble/vision/install/diff_robot_pkg/share/diff_robot_pkg/hook/cmake_prefix_path.ps1'
[1.722s] INFO:colcon.colcon_core.shell:Creating environment descriptor '/root/ros2_code/humble/vision/install/diff_robot_pkg/share/diff_robot_pkg/hook/cmake_prefix_path.dsv'
[1.722s] INFO:colcon.colcon_core.shell:Creating environment hook '/root/ros2_code/humble/vision/install/diff_robot_pkg/share/diff_robot_pkg/hook/cmake_prefix_path.sh'
[1.723s] Level 1:colcon.colcon_core.environment:checking '/root/ros2_code/humble/vision/install/diff_robot_pkg/bin'
[1.723s] Level 1:colcon.colcon_core.environment:checking '/root/ros2_code/humble/vision/install/diff_robot_pkg/lib/pkgconfig/diff_robot_pkg.pc'
[1.723s] Level 1:colcon.colcon_core.environment:checking '/root/ros2_code/humble/vision/install/diff_robot_pkg/lib/python3.10/site-packages'
[1.723s] Level 1:colcon.colcon_core.environment:checking '/root/ros2_code/humble/vision/install/diff_robot_pkg/bin'
[1.737s] INFO:colcon.colcon_core.shell:Creating package script '/root/ros2_code/humble/vision/install/diff_robot_pkg/share/diff_robot_pkg/package.ps1'
[1.738s] INFO:colcon.colcon_core.shell:Creating package descriptor '/root/ros2_code/humble/vision/install/diff_robot_pkg/share/diff_robot_pkg/package.dsv'
[1.738s] INFO:colcon.colcon_core.shell:Creating package script '/root/ros2_code/humble/vision/install/diff_robot_pkg/share/diff_robot_pkg/package.sh'
[1.739s] INFO:colcon.colcon_core.shell:Creating package script '/root/ros2_code/humble/vision/install/diff_robot_pkg/share/diff_robot_pkg/package.bash'
[1.739s] INFO:colcon.colcon_core.shell:Creating package script '/root/ros2_code/humble/vision/install/diff_robot_pkg/share/diff_robot_pkg/package.zsh'
[1.739s] Level 1:colcon.colcon_core.environment:create_file_with_runtime_dependencies(/root/ros2_code/humble/vision/install/diff_robot_pkg/share/colcon-core/packages/diff_robot_pkg)
[1.900s] DEBUG:colcon.colcon_core.event_handler.log_command:Invoking command in '/root/ros2_code/humble/vision/src/joystick_pkg': PYTHONPATH=/root/ros2_code/humble/vision/build/joystick_pkg/prefix_override:/root/ros2_code/humble/vision/install/joystick_pkg/lib/python3.10/site-packages:${PYTHONPATH} /usr/bin/python3 setup.py egg_info --egg-base ../../build/joystick_pkg build --build-base /root/ros2_code/humble/vision/build/joystick_pkg/build install --record /root/ros2_code/humble/vision/build/joystick_pkg/install.log --single-version-externally-managed
[2.173s] DEBUG:colcon.colcon_core.event_handler.log_command:Invoked command in '/root/ros2_code/humble/vision/src/joystick_pkg' returned '0': PYTHONPATH=/root/ros2_code/humble/vision/build/joystick_pkg/prefix_override:/root/ros2_code/humble/vision/install/joystick_pkg/lib/python3.10/site-packages:${PYTHONPATH} /usr/bin/python3 setup.py egg_info --egg-base ../../build/joystick_pkg build --build-base /root/ros2_code/humble/vision/build/joystick_pkg/build install --record /root/ros2_code/humble/vision/build/joystick_pkg/install.log --single-version-externally-managed
[2.187s] Level 1:colcon.colcon_core.environment:checking '/root/ros2_code/humble/vision/install/joystick_pkg' for CMake module files
[2.187s] Level 1:colcon.colcon_core.environment:checking '/root/ros2_code/humble/vision/install/joystick_pkg' for CMake config files
[2.188s] Level 1:colcon.colcon_core.environment:checking '/root/ros2_code/humble/vision/install/joystick_pkg/lib'
[2.188s] Level 1:colcon.colcon_core.environment:checking '/root/ros2_code/humble/vision/install/joystick_pkg/bin'
[2.188s] Level 1:colcon.colcon_core.environment:checking '/root/ros2_code/humble/vision/install/joystick_pkg/lib/pkgconfig/joystick_pkg.pc'
[2.188s] Level 1:colcon.colcon_core.environment:checking '/root/ros2_code/humble/vision/install/joystick_pkg/lib/python3.10/site-packages'
[2.188s] Level 1:colcon.colcon_core.shell:create_environment_hook('joystick_pkg', 'pythonpath')
[2.203s] INFO:colcon.colcon_core.shell:Creating environment hook '/root/ros2_code/humble/vision/install/joystick_pkg/share/joystick_pkg/hook/pythonpath.ps1'
[2.203s] INFO:colcon.colcon_core.shell:Creating environment descriptor '/root/ros2_code/humble/vision/install/joystick_pkg/share/joystick_pkg/hook/pythonpath.dsv'
[2.203s] INFO:colcon.colcon_core.shell:Creating environment hook '/root/ros2_code/humble/vision/install/joystick_pkg/share/joystick_pkg/hook/pythonpath.sh'
[2.204s] Level 1:colcon.colcon_core.environment:checking '/root/ros2_code/humble/vision/install/joystick_pkg/bin'
[2.204s] Level 1:colcon.colcon_core.environment:create_environment_scripts_only(joystick_pkg)
[2.216s] INFO:colcon.colcon_core.shell:Creating package script '/root/ros2_code/humble/vision/install/joystick_pkg/share/joystick_pkg/package.ps1'
[2.217s] INFO:colcon.colcon_core.shell:Creating package descriptor '/root/ros2_code/humble/vision/install/joystick_pkg/share/joystick_pkg/package.dsv'
[2.217s] INFO:colcon.colcon_core.shell:Creating package script '/root/ros2_code/humble/vision/install/joystick_pkg/share/joystick_pkg/package.sh'
[2.218s] INFO:colcon.colcon_core.shell:Creating package script '/root/ros2_code/humble/vision/install/joystick_pkg/share/joystick_pkg/package.bash'
[2.218s] INFO:colcon.colcon_core.shell:Creating package script '/root/ros2_code/humble/vision/install/joystick_pkg/share/joystick_pkg/package.zsh'
[2.218s] Level 1:colcon.colcon_core.environment:create_file_with_runtime_dependencies(/root/ros2_code/humble/vision/install/joystick_pkg/share/colcon-core/packages/joystick_pkg)
[2.218s] DEBUG:colcon.colcon_parallel_executor.executor.parallel:closing loop
[2.219s] DEBUG:colcon.colcon_parallel_executor.executor.parallel:loop closed
[2.219s] DEBUG:colcon.colcon_parallel_executor.executor.parallel:run_until_complete finished with '0'
[2.219s] DEBUG:colcon.colcon_core.event_reactor:joining thread
[2.236s] INFO:colcon.colcon_core.plugin_system:Skipping extension 'colcon_notification.desktop_notification.notify_send': Could not find 'notify-send'
[2.236s] INFO:colcon.colcon_core.plugin_system:Skipping extension 'colcon_notification.desktop_notification.terminal_notifier': Not used on non-Darwin systems
[2.236s] INFO:colcon.colcon_core.plugin_system:Skipping extension 'colcon_notification.desktop_notification.win32': Not used on non-Windows systems
[2.236s] INFO:colcon.colcon_notification.desktop_notification:Sending desktop notification using 'notify2'
[2.240s] DEBUG:colcon.colcon_notification.desktop_notification.notify2:Failed to initialize notify2: org.freedesktop.DBus.Error.Spawn.ExecFailed: /usr/bin/dbus-launch terminated abnormally without any error message
[2.241s] DEBUG:colcon.colcon_core.event_reactor:joined thread
[2.255s] INFO:colcon.colcon_core.shell:Creating prefix script '/root/ros2_code/humble/vision/install/local_setup.ps1'
[2.256s] INFO:colcon.colcon_core.shell:Creating prefix util module '/root/ros2_code/humble/vision/install/_local_setup_util_ps1.py'
[2.256s] INFO:colcon.colcon_core.shell:Creating prefix chain script '/root/ros2_code/humble/vision/install/setup.ps1'
[2.271s] INFO:colcon.colcon_core.shell:Creating prefix script '/root/ros2_code/humble/vision/install/local_setup.sh'
[2.272s] INFO:colcon.colcon_core.shell:Creating prefix util module '/root/ros2_code/humble/vision/install/_local_setup_util_sh.py'
[2.272s] INFO:colcon.colcon_core.shell:Creating prefix chain script '/root/ros2_code/humble/vision/install/setup.sh'
[2.286s] INFO:colcon.colcon_core.shell:Creating prefix script '/root/ros2_code/humble/vision/install/local_setup.bash'
[2.286s] INFO:colcon.colcon_core.shell:Creating prefix chain script '/root/ros2_code/humble/vision/install/setup.bash'
[2.300s] INFO:colcon.colcon_core.shell:Creating prefix script '/root/ros2_code/humble/vision/install/local_setup.zsh'
[2.300s] INFO:colcon.colcon_core.shell:Creating prefix chain script '/root/ros2_code/humble/vision/install/setup.zsh'
