[0.940s] DEBUG:colcon:Command line arguments: ['/usr/bin/colcon', 'build']
[0.941s] DEBUG:colcon:Parsed command line arguments: Namespace(log_base=None, log_level=None, verb_name='build', build_base='build', install_base='install', merge_install=False, symlink_install=False, test_result_base=None, continue_on_error=False, executor='parallel', parallel_workers=12, event_handlers=None, ignore_user_meta=False, metas=['./colcon.meta'], base_paths=['.'], packages_ignore=None, packages_ignore_regex=None, paths=None, packages_up_to=None, packages_up_to_regex=None, packages_above=None, packages_above_and_dependencies=None, packages_above_depth=None, packages_select_by_dep=None, packages_skip_by_dep=None, packages_skip_up_to=None, packages_select_build_failed=False, packages_skip_build_finished=False, packages_select_test_failures=False, packages_skip_test_passed=False, packages_select=None, packages_skip=None, packages_select_regex=None, packages_skip_regex=None, packages_start=None, packages_end=None, cmake_args=None, cmake_target=None, cmake_target_skip_unavailable=False, cmake_clean_cache=False, cmake_clean_first=False, cmake_force_configure=False, ament_cmake_args=None, catkin_cmake_args=None, catkin_skip_building_tests=False, verb_parser=<colcon_defaults.argument_parser.defaults.DefaultArgumentsDecorator object at 0x7f461809dd20>, verb_extension=<colcon_core.verb.build.BuildVerb object at 0x7f461809f790>, main=<bound method BuildVerb.main of <colcon_core.verb.build.BuildVerb object at 0x7f461809f790>>)
[0.982s] Level 1:colcon.colcon_core.package_discovery:discover_packages(colcon_meta) check parameters
[0.983s] Level 1:colcon.colcon_core.package_discovery:discover_packages(recursive) check parameters
[0.983s] Level 1:colcon.colcon_core.package_discovery:discover_packages(ignore) check parameters
[0.983s] Level 1:colcon.colcon_core.package_discovery:discover_packages(path) check parameters
[0.983s] Level 1:colcon.colcon_core.package_discovery:discover_packages(colcon_meta) discover
[0.983s] Level 1:colcon.colcon_core.package_discovery:discover_packages(recursive) discover
[0.983s] INFO:colcon.colcon_core.package_discovery:Crawling recursively for packages in '/root/ros2_code/humble/surround_view_ros'
[0.983s] Level 1:colcon.colcon_core.package_identification:_identify(.) by extensions ['ignore', 'ignore_ament_install']
[0.983s] Level 1:colcon.colcon_core.package_identification:_identify(.) by extension 'ignore'
[0.983s] Level 1:colcon.colcon_core.package_identification:_identify(.) by extension 'ignore_ament_install'
[0.983s] Level 1:colcon.colcon_core.package_identification:_identify(.) by extensions ['colcon_pkg']
[0.983s] Level 1:colcon.colcon_core.package_identification:_identify(.) by extension 'colcon_pkg'
[0.983s] Level 1:colcon.colcon_core.package_identification:_identify(.) by extensions ['colcon_meta']
[0.983s] Level 1:colcon.colcon_core.package_identification:_identify(.) by extension 'colcon_meta'
[0.983s] Level 1:colcon.colcon_core.package_identification:_identify(.) by extensions ['ros']
[0.983s] Level 1:colcon.colcon_core.package_identification:_identify(.) by extension 'ros'
[0.991s] Level 1:colcon.colcon_core.package_identification:_identify(.) by extensions ['cmake', 'python']
[0.991s] Level 1:colcon.colcon_core.package_identification:_identify(.) by extension 'cmake'
[0.991s] Level 1:colcon.colcon_core.package_identification:_identify(.) by extension 'python'
[0.991s] Level 1:colcon.colcon_core.package_identification:_identify(.) by extensions ['python_setup_py']
[0.991s] Level 1:colcon.colcon_core.package_identification:_identify(.) by extension 'python_setup_py'
[0.991s] Level 1:colcon.colcon_core.package_identification:_identify(build) by extensions ['ignore', 'ignore_ament_install']
[0.991s] Level 1:colcon.colcon_core.package_identification:_identify(build) by extension 'ignore'
[0.991s] Level 1:colcon.colcon_core.package_identification:_identify(build) ignored
[0.992s] Level 1:colcon.colcon_core.package_identification:_identify(gazebo_models) by extensions ['ignore', 'ignore_ament_install']
[0.992s] Level 1:colcon.colcon_core.package_identification:_identify(gazebo_models) by extension 'ignore'
[0.992s] Level 1:colcon.colcon_core.package_identification:_identify(gazebo_models) by extension 'ignore_ament_install'
[0.992s] Level 1:colcon.colcon_core.package_identification:_identify(gazebo_models) by extensions ['colcon_pkg']
[0.992s] Level 1:colcon.colcon_core.package_identification:_identify(gazebo_models) by extension 'colcon_pkg'
[0.992s] Level 1:colcon.colcon_core.package_identification:_identify(gazebo_models) by extensions ['colcon_meta']
[0.992s] Level 1:colcon.colcon_core.package_identification:_identify(gazebo_models) by extension 'colcon_meta'
[0.992s] Level 1:colcon.colcon_core.package_identification:_identify(gazebo_models) by extensions ['ros']
[0.992s] Level 1:colcon.colcon_core.package_identification:_identify(gazebo_models) by extension 'ros'
[0.992s] Level 1:colcon.colcon_core.package_identification:_identify(gazebo_models) by extensions ['cmake', 'python']
[0.992s] Level 1:colcon.colcon_core.package_identification:_identify(gazebo_models) by extension 'cmake'
[0.992s] Level 1:colcon.colcon_core.package_identification:_identify(gazebo_models) by extension 'python'
[0.992s] Level 1:colcon.colcon_core.package_identification:_identify(gazebo_models) by extensions ['python_setup_py']
[0.992s] Level 1:colcon.colcon_core.package_identification:_identify(gazebo_models) by extension 'python_setup_py'
[0.992s] Level 1:colcon.colcon_core.package_identification:_identify(gazebo_models/chess_board_small) by extensions ['ignore', 'ignore_ament_install']
[0.992s] Level 1:colcon.colcon_core.package_identification:_identify(gazebo_models/chess_board_small) by extension 'ignore'
[0.992s] Level 1:colcon.colcon_core.package_identification:_identify(gazebo_models/chess_board_small) by extension 'ignore_ament_install'
[0.992s] Level 1:colcon.colcon_core.package_identification:_identify(gazebo_models/chess_board_small) by extensions ['colcon_pkg']
[0.992s] Level 1:colcon.colcon_core.package_identification:_identify(gazebo_models/chess_board_small) by extension 'colcon_pkg'
[0.992s] Level 1:colcon.colcon_core.package_identification:_identify(gazebo_models/chess_board_small) by extensions ['colcon_meta']
[0.992s] Level 1:colcon.colcon_core.package_identification:_identify(gazebo_models/chess_board_small) by extension 'colcon_meta'
[0.992s] Level 1:colcon.colcon_core.package_identification:_identify(gazebo_models/chess_board_small) by extensions ['ros']
[0.992s] Level 1:colcon.colcon_core.package_identification:_identify(gazebo_models/chess_board_small) by extension 'ros'
[0.992s] Level 1:colcon.colcon_core.package_identification:_identify(gazebo_models/chess_board_small) by extensions ['cmake', 'python']
[0.993s] Level 1:colcon.colcon_core.package_identification:_identify(gazebo_models/chess_board_small) by extension 'cmake'
[0.993s] Level 1:colcon.colcon_core.package_identification:_identify(gazebo_models/chess_board_small) by extension 'python'
[0.993s] Level 1:colcon.colcon_core.package_identification:_identify(gazebo_models/chess_board_small) by extensions ['python_setup_py']
[0.993s] Level 1:colcon.colcon_core.package_identification:_identify(gazebo_models/chess_board_small) by extension 'python_setup_py'
[0.993s] Level 1:colcon.colcon_core.package_identification:_identify(gazebo_models/chess_board_small/materials) by extensions ['ignore', 'ignore_ament_install']
[0.993s] Level 1:colcon.colcon_core.package_identification:_identify(gazebo_models/chess_board_small/materials) by extension 'ignore'
[0.993s] Level 1:colcon.colcon_core.package_identification:_identify(gazebo_models/chess_board_small/materials) by extension 'ignore_ament_install'
[0.993s] Level 1:colcon.colcon_core.package_identification:_identify(gazebo_models/chess_board_small/materials) by extensions ['colcon_pkg']
[0.993s] Level 1:colcon.colcon_core.package_identification:_identify(gazebo_models/chess_board_small/materials) by extension 'colcon_pkg'
[0.993s] Level 1:colcon.colcon_core.package_identification:_identify(gazebo_models/chess_board_small/materials) by extensions ['colcon_meta']
[0.993s] Level 1:colcon.colcon_core.package_identification:_identify(gazebo_models/chess_board_small/materials) by extension 'colcon_meta'
[0.993s] Level 1:colcon.colcon_core.package_identification:_identify(gazebo_models/chess_board_small/materials) by extensions ['ros']
[0.993s] Level 1:colcon.colcon_core.package_identification:_identify(gazebo_models/chess_board_small/materials) by extension 'ros'
[0.993s] Level 1:colcon.colcon_core.package_identification:_identify(gazebo_models/chess_board_small/materials) by extensions ['cmake', 'python']
[0.993s] Level 1:colcon.colcon_core.package_identification:_identify(gazebo_models/chess_board_small/materials) by extension 'cmake'
[0.993s] Level 1:colcon.colcon_core.package_identification:_identify(gazebo_models/chess_board_small/materials) by extension 'python'
[0.993s] Level 1:colcon.colcon_core.package_identification:_identify(gazebo_models/chess_board_small/materials) by extensions ['python_setup_py']
[0.993s] Level 1:colcon.colcon_core.package_identification:_identify(gazebo_models/chess_board_small/materials) by extension 'python_setup_py'
[0.993s] Level 1:colcon.colcon_core.package_identification:_identify(gazebo_models/chess_board_small/meshes) by extensions ['ignore', 'ignore_ament_install']
[0.993s] Level 1:colcon.colcon_core.package_identification:_identify(gazebo_models/chess_board_small/meshes) by extension 'ignore'
[0.993s] Level 1:colcon.colcon_core.package_identification:_identify(gazebo_models/chess_board_small/meshes) by extension 'ignore_ament_install'
[0.993s] Level 1:colcon.colcon_core.package_identification:_identify(gazebo_models/chess_board_small/meshes) by extensions ['colcon_pkg']
[0.993s] Level 1:colcon.colcon_core.package_identification:_identify(gazebo_models/chess_board_small/meshes) by extension 'colcon_pkg'
[0.994s] Level 1:colcon.colcon_core.package_identification:_identify(gazebo_models/chess_board_small/meshes) by extensions ['colcon_meta']
[0.994s] Level 1:colcon.colcon_core.package_identification:_identify(gazebo_models/chess_board_small/meshes) by extension 'colcon_meta'
[0.994s] Level 1:colcon.colcon_core.package_identification:_identify(gazebo_models/chess_board_small/meshes) by extensions ['ros']
[0.994s] Level 1:colcon.colcon_core.package_identification:_identify(gazebo_models/chess_board_small/meshes) by extension 'ros'
[0.994s] Level 1:colcon.colcon_core.package_identification:_identify(gazebo_models/chess_board_small/meshes) by extensions ['cmake', 'python']
[0.994s] Level 1:colcon.colcon_core.package_identification:_identify(gazebo_models/chess_board_small/meshes) by extension 'cmake'
[0.994s] Level 1:colcon.colcon_core.package_identification:_identify(gazebo_models/chess_board_small/meshes) by extension 'python'
[0.994s] Level 1:colcon.colcon_core.package_identification:_identify(gazebo_models/chess_board_small/meshes) by extensions ['python_setup_py']
[0.994s] Level 1:colcon.colcon_core.package_identification:_identify(gazebo_models/chess_board_small/meshes) by extension 'python_setup_py'
[0.994s] Level 1:colcon.colcon_core.package_identification:_identify(gazebo_models/surround_view_stage_demo) by extensions ['ignore', 'ignore_ament_install']
[0.994s] Level 1:colcon.colcon_core.package_identification:_identify(gazebo_models/surround_view_stage_demo) by extension 'ignore'
[0.994s] Level 1:colcon.colcon_core.package_identification:_identify(gazebo_models/surround_view_stage_demo) by extension 'ignore_ament_install'
[0.994s] Level 1:colcon.colcon_core.package_identification:_identify(gazebo_models/surround_view_stage_demo) by extensions ['colcon_pkg']
[0.994s] Level 1:colcon.colcon_core.package_identification:_identify(gazebo_models/surround_view_stage_demo) by extension 'colcon_pkg'
[0.994s] Level 1:colcon.colcon_core.package_identification:_identify(gazebo_models/surround_view_stage_demo) by extensions ['colcon_meta']
[0.994s] Level 1:colcon.colcon_core.package_identification:_identify(gazebo_models/surround_view_stage_demo) by extension 'colcon_meta'
[0.994s] Level 1:colcon.colcon_core.package_identification:_identify(gazebo_models/surround_view_stage_demo) by extensions ['ros']
[0.994s] Level 1:colcon.colcon_core.package_identification:_identify(gazebo_models/surround_view_stage_demo) by extension 'ros'
[0.994s] Level 1:colcon.colcon_core.package_identification:_identify(gazebo_models/surround_view_stage_demo) by extensions ['cmake', 'python']
[0.994s] Level 1:colcon.colcon_core.package_identification:_identify(gazebo_models/surround_view_stage_demo) by extension 'cmake'
[0.994s] Level 1:colcon.colcon_core.package_identification:_identify(gazebo_models/surround_view_stage_demo) by extension 'python'
[0.994s] Level 1:colcon.colcon_core.package_identification:_identify(gazebo_models/surround_view_stage_demo) by extensions ['python_setup_py']
[0.994s] Level 1:colcon.colcon_core.package_identification:_identify(gazebo_models/surround_view_stage_demo) by extension 'python_setup_py'
[0.994s] Level 1:colcon.colcon_core.package_identification:_identify(gazebo_models/surround_view_stage_demo/materials) by extensions ['ignore', 'ignore_ament_install']
[0.995s] Level 1:colcon.colcon_core.package_identification:_identify(gazebo_models/surround_view_stage_demo/materials) by extension 'ignore'
[0.995s] Level 1:colcon.colcon_core.package_identification:_identify(gazebo_models/surround_view_stage_demo/materials) by extension 'ignore_ament_install'
[0.995s] Level 1:colcon.colcon_core.package_identification:_identify(gazebo_models/surround_view_stage_demo/materials) by extensions ['colcon_pkg']
[0.995s] Level 1:colcon.colcon_core.package_identification:_identify(gazebo_models/surround_view_stage_demo/materials) by extension 'colcon_pkg'
[0.995s] Level 1:colcon.colcon_core.package_identification:_identify(gazebo_models/surround_view_stage_demo/materials) by extensions ['colcon_meta']
[0.995s] Level 1:colcon.colcon_core.package_identification:_identify(gazebo_models/surround_view_stage_demo/materials) by extension 'colcon_meta'
[0.995s] Level 1:colcon.colcon_core.package_identification:_identify(gazebo_models/surround_view_stage_demo/materials) by extensions ['ros']
[0.995s] Level 1:colcon.colcon_core.package_identification:_identify(gazebo_models/surround_view_stage_demo/materials) by extension 'ros'
[0.995s] Level 1:colcon.colcon_core.package_identification:_identify(gazebo_models/surround_view_stage_demo/materials) by extensions ['cmake', 'python']
[0.995s] Level 1:colcon.colcon_core.package_identification:_identify(gazebo_models/surround_view_stage_demo/materials) by extension 'cmake'
[0.995s] Level 1:colcon.colcon_core.package_identification:_identify(gazebo_models/surround_view_stage_demo/materials) by extension 'python'
[0.995s] Level 1:colcon.colcon_core.package_identification:_identify(gazebo_models/surround_view_stage_demo/materials) by extensions ['python_setup_py']
[0.995s] Level 1:colcon.colcon_core.package_identification:_identify(gazebo_models/surround_view_stage_demo/materials) by extension 'python_setup_py'
[0.995s] Level 1:colcon.colcon_core.package_identification:_identify(gazebo_models/surround_view_stage_demo/meshes) by extensions ['ignore', 'ignore_ament_install']
[0.995s] Level 1:colcon.colcon_core.package_identification:_identify(gazebo_models/surround_view_stage_demo/meshes) by extension 'ignore'
[0.995s] Level 1:colcon.colcon_core.package_identification:_identify(gazebo_models/surround_view_stage_demo/meshes) by extension 'ignore_ament_install'
[0.995s] Level 1:colcon.colcon_core.package_identification:_identify(gazebo_models/surround_view_stage_demo/meshes) by extensions ['colcon_pkg']
[0.995s] Level 1:colcon.colcon_core.package_identification:_identify(gazebo_models/surround_view_stage_demo/meshes) by extension 'colcon_pkg'
[0.995s] Level 1:colcon.colcon_core.package_identification:_identify(gazebo_models/surround_view_stage_demo/meshes) by extensions ['colcon_meta']
[0.995s] Level 1:colcon.colcon_core.package_identification:_identify(gazebo_models/surround_view_stage_demo/meshes) by extension 'colcon_meta'
[0.995s] Level 1:colcon.colcon_core.package_identification:_identify(gazebo_models/surround_view_stage_demo/meshes) by extensions ['ros']
[0.995s] Level 1:colcon.colcon_core.package_identification:_identify(gazebo_models/surround_view_stage_demo/meshes) by extension 'ros'
[0.995s] Level 1:colcon.colcon_core.package_identification:_identify(gazebo_models/surround_view_stage_demo/meshes) by extensions ['cmake', 'python']
[0.995s] Level 1:colcon.colcon_core.package_identification:_identify(gazebo_models/surround_view_stage_demo/meshes) by extension 'cmake'
[0.995s] Level 1:colcon.colcon_core.package_identification:_identify(gazebo_models/surround_view_stage_demo/meshes) by extension 'python'
[0.995s] Level 1:colcon.colcon_core.package_identification:_identify(gazebo_models/surround_view_stage_demo/meshes) by extensions ['python_setup_py']
[0.996s] Level 1:colcon.colcon_core.package_identification:_identify(gazebo_models/surround_view_stage_demo/meshes) by extension 'python_setup_py'
[0.996s] Level 1:colcon.colcon_core.package_identification:_identify(gazebo_models/surround_view_stage_small) by extensions ['ignore', 'ignore_ament_install']
[0.996s] Level 1:colcon.colcon_core.package_identification:_identify(gazebo_models/surround_view_stage_small) by extension 'ignore'
[0.996s] Level 1:colcon.colcon_core.package_identification:_identify(gazebo_models/surround_view_stage_small) by extension 'ignore_ament_install'
[0.996s] Level 1:colcon.colcon_core.package_identification:_identify(gazebo_models/surround_view_stage_small) by extensions ['colcon_pkg']
[0.996s] Level 1:colcon.colcon_core.package_identification:_identify(gazebo_models/surround_view_stage_small) by extension 'colcon_pkg'
[0.996s] Level 1:colcon.colcon_core.package_identification:_identify(gazebo_models/surround_view_stage_small) by extensions ['colcon_meta']
[0.996s] Level 1:colcon.colcon_core.package_identification:_identify(gazebo_models/surround_view_stage_small) by extension 'colcon_meta'
[0.996s] Level 1:colcon.colcon_core.package_identification:_identify(gazebo_models/surround_view_stage_small) by extensions ['ros']
[0.996s] Level 1:colcon.colcon_core.package_identification:_identify(gazebo_models/surround_view_stage_small) by extension 'ros'
[0.996s] Level 1:colcon.colcon_core.package_identification:_identify(gazebo_models/surround_view_stage_small) by extensions ['cmake', 'python']
[0.996s] Level 1:colcon.colcon_core.package_identification:_identify(gazebo_models/surround_view_stage_small) by extension 'cmake'
[0.996s] Level 1:colcon.colcon_core.package_identification:_identify(gazebo_models/surround_view_stage_small) by extension 'python'
[0.996s] Level 1:colcon.colcon_core.package_identification:_identify(gazebo_models/surround_view_stage_small) by extensions ['python_setup_py']
[0.996s] Level 1:colcon.colcon_core.package_identification:_identify(gazebo_models/surround_view_stage_small) by extension 'python_setup_py'
[0.996s] Level 1:colcon.colcon_core.package_identification:_identify(gazebo_models/surround_view_stage_small/materials) by extensions ['ignore', 'ignore_ament_install']
[0.996s] Level 1:colcon.colcon_core.package_identification:_identify(gazebo_models/surround_view_stage_small/materials) by extension 'ignore'
[0.996s] Level 1:colcon.colcon_core.package_identification:_identify(gazebo_models/surround_view_stage_small/materials) by extension 'ignore_ament_install'
[0.996s] Level 1:colcon.colcon_core.package_identification:_identify(gazebo_models/surround_view_stage_small/materials) by extensions ['colcon_pkg']
[0.996s] Level 1:colcon.colcon_core.package_identification:_identify(gazebo_models/surround_view_stage_small/materials) by extension 'colcon_pkg'
[0.996s] Level 1:colcon.colcon_core.package_identification:_identify(gazebo_models/surround_view_stage_small/materials) by extensions ['colcon_meta']
[0.996s] Level 1:colcon.colcon_core.package_identification:_identify(gazebo_models/surround_view_stage_small/materials) by extension 'colcon_meta'
[0.996s] Level 1:colcon.colcon_core.package_identification:_identify(gazebo_models/surround_view_stage_small/materials) by extensions ['ros']
[0.996s] Level 1:colcon.colcon_core.package_identification:_identify(gazebo_models/surround_view_stage_small/materials) by extension 'ros'
[0.997s] Level 1:colcon.colcon_core.package_identification:_identify(gazebo_models/surround_view_stage_small/materials) by extensions ['cmake', 'python']
[0.997s] Level 1:colcon.colcon_core.package_identification:_identify(gazebo_models/surround_view_stage_small/materials) by extension 'cmake'
[0.997s] Level 1:colcon.colcon_core.package_identification:_identify(gazebo_models/surround_view_stage_small/materials) by extension 'python'
[0.997s] Level 1:colcon.colcon_core.package_identification:_identify(gazebo_models/surround_view_stage_small/materials) by extensions ['python_setup_py']
[0.997s] Level 1:colcon.colcon_core.package_identification:_identify(gazebo_models/surround_view_stage_small/materials) by extension 'python_setup_py'
[0.997s] Level 1:colcon.colcon_core.package_identification:_identify(gazebo_models/surround_view_stage_small/meshes) by extensions ['ignore', 'ignore_ament_install']
[0.997s] Level 1:colcon.colcon_core.package_identification:_identify(gazebo_models/surround_view_stage_small/meshes) by extension 'ignore'
[0.997s] Level 1:colcon.colcon_core.package_identification:_identify(gazebo_models/surround_view_stage_small/meshes) by extension 'ignore_ament_install'
[0.997s] Level 1:colcon.colcon_core.package_identification:_identify(gazebo_models/surround_view_stage_small/meshes) by extensions ['colcon_pkg']
[0.997s] Level 1:colcon.colcon_core.package_identification:_identify(gazebo_models/surround_view_stage_small/meshes) by extension 'colcon_pkg'
[0.997s] Level 1:colcon.colcon_core.package_identification:_identify(gazebo_models/surround_view_stage_small/meshes) by extensions ['colcon_meta']
[0.997s] Level 1:colcon.colcon_core.package_identification:_identify(gazebo_models/surround_view_stage_small/meshes) by extension 'colcon_meta'
[0.997s] Level 1:colcon.colcon_core.package_identification:_identify(gazebo_models/surround_view_stage_small/meshes) by extensions ['ros']
[0.997s] Level 1:colcon.colcon_core.package_identification:_identify(gazebo_models/surround_view_stage_small/meshes) by extension 'ros'
[0.997s] Level 1:colcon.colcon_core.package_identification:_identify(gazebo_models/surround_view_stage_small/meshes) by extensions ['cmake', 'python']
[0.997s] Level 1:colcon.colcon_core.package_identification:_identify(gazebo_models/surround_view_stage_small/meshes) by extension 'cmake'
[0.997s] Level 1:colcon.colcon_core.package_identification:_identify(gazebo_models/surround_view_stage_small/meshes) by extension 'python'
[0.997s] Level 1:colcon.colcon_core.package_identification:_identify(gazebo_models/surround_view_stage_small/meshes) by extensions ['python_setup_py']
[0.997s] Level 1:colcon.colcon_core.package_identification:_identify(gazebo_models/surround_view_stage_small/meshes) by extension 'python_setup_py'
[0.997s] Level 1:colcon.colcon_core.package_identification:_identify(install) by extensions ['ignore', 'ignore_ament_install']
[0.997s] Level 1:colcon.colcon_core.package_identification:_identify(install) by extension 'ignore'
[0.997s] Level 1:colcon.colcon_core.package_identification:_identify(install) ignored
[0.998s] Level 1:colcon.colcon_core.package_identification:_identify(log) by extensions ['ignore', 'ignore_ament_install']
[0.998s] Level 1:colcon.colcon_core.package_identification:_identify(log) by extension 'ignore'
[0.998s] Level 1:colcon.colcon_core.package_identification:_identify(log) ignored
[0.998s] Level 1:colcon.colcon_core.package_identification:_identify(src) by extensions ['ignore', 'ignore_ament_install']
[0.998s] Level 1:colcon.colcon_core.package_identification:_identify(src) by extension 'ignore'
[0.998s] Level 1:colcon.colcon_core.package_identification:_identify(src) by extension 'ignore_ament_install'
[0.998s] Level 1:colcon.colcon_core.package_identification:_identify(src) by extensions ['colcon_pkg']
[0.998s] Level 1:colcon.colcon_core.package_identification:_identify(src) by extension 'colcon_pkg'
[0.998s] Level 1:colcon.colcon_core.package_identification:_identify(src) by extensions ['colcon_meta']
[0.998s] Level 1:colcon.colcon_core.package_identification:_identify(src) by extension 'colcon_meta'
[0.998s] Level 1:colcon.colcon_core.package_identification:_identify(src) by extensions ['ros']
[0.998s] Level 1:colcon.colcon_core.package_identification:_identify(src) by extension 'ros'
[0.998s] Level 1:colcon.colcon_core.package_identification:_identify(src) by extensions ['cmake', 'python']
[0.998s] Level 1:colcon.colcon_core.package_identification:_identify(src) by extension 'cmake'
[0.998s] Level 1:colcon.colcon_core.package_identification:_identify(src) by extension 'python'
[0.998s] Level 1:colcon.colcon_core.package_identification:_identify(src) by extensions ['python_setup_py']
[0.998s] Level 1:colcon.colcon_core.package_identification:_identify(src) by extension 'python_setup_py'
[0.998s] Level 1:colcon.colcon_core.package_identification:_identify(src/gazebo_simulation) by extensions ['ignore', 'ignore_ament_install']
[0.998s] Level 1:colcon.colcon_core.package_identification:_identify(src/gazebo_simulation) by extension 'ignore'
[0.998s] Level 1:colcon.colcon_core.package_identification:_identify(src/gazebo_simulation) by extension 'ignore_ament_install'
[0.998s] Level 1:colcon.colcon_core.package_identification:_identify(src/gazebo_simulation) by extensions ['colcon_pkg']
[0.998s] Level 1:colcon.colcon_core.package_identification:_identify(src/gazebo_simulation) by extension 'colcon_pkg'
[0.998s] Level 1:colcon.colcon_core.package_identification:_identify(src/gazebo_simulation) by extensions ['colcon_meta']
[0.998s] Level 1:colcon.colcon_core.package_identification:_identify(src/gazebo_simulation) by extension 'colcon_meta'
[0.998s] Level 1:colcon.colcon_core.package_identification:_identify(src/gazebo_simulation) by extensions ['ros']
[0.999s] Level 1:colcon.colcon_core.package_identification:_identify(src/gazebo_simulation) by extension 'ros'
[1.000s] DEBUG:colcon.colcon_core.package_identification:Package 'src/gazebo_simulation' with type 'ros.ament_cmake' and name 'gazebo_simulation'
[1.001s] Level 1:colcon.colcon_core.package_identification:_identify(src/omni_control) by extensions ['ignore', 'ignore_ament_install']
[1.001s] Level 1:colcon.colcon_core.package_identification:_identify(src/omni_control) by extension 'ignore'
[1.001s] Level 1:colcon.colcon_core.package_identification:_identify(src/omni_control) by extension 'ignore_ament_install'
[1.001s] Level 1:colcon.colcon_core.package_identification:_identify(src/omni_control) by extensions ['colcon_pkg']
[1.001s] Level 1:colcon.colcon_core.package_identification:_identify(src/omni_control) by extension 'colcon_pkg'
[1.001s] Level 1:colcon.colcon_core.package_identification:_identify(src/omni_control) by extensions ['colcon_meta']
[1.001s] Level 1:colcon.colcon_core.package_identification:_identify(src/omni_control) by extension 'colcon_meta'
[1.001s] Level 1:colcon.colcon_core.package_identification:_identify(src/omni_control) by extensions ['ros']
[1.001s] Level 1:colcon.colcon_core.package_identification:_identify(src/omni_control) by extension 'ros'
[1.001s] DEBUG:colcon.colcon_core.package_identification:Package 'src/omni_control' with type 'ros.ament_cmake' and name 'omni_control'
[1.001s] Level 1:colcon.colcon_core.package_identification:_identify(src/omni_robot_description) by extensions ['ignore', 'ignore_ament_install']
[1.001s] Level 1:colcon.colcon_core.package_identification:_identify(src/omni_robot_description) by extension 'ignore'
[1.001s] Level 1:colcon.colcon_core.package_identification:_identify(src/omni_robot_description) by extension 'ignore_ament_install'
[1.001s] Level 1:colcon.colcon_core.package_identification:_identify(src/omni_robot_description) by extensions ['colcon_pkg']
[1.002s] Level 1:colcon.colcon_core.package_identification:_identify(src/omni_robot_description) by extension 'colcon_pkg'
[1.002s] Level 1:colcon.colcon_core.package_identification:_identify(src/omni_robot_description) by extensions ['colcon_meta']
[1.002s] Level 1:colcon.colcon_core.package_identification:_identify(src/omni_robot_description) by extension 'colcon_meta'
[1.002s] Level 1:colcon.colcon_core.package_identification:_identify(src/omni_robot_description) by extensions ['ros']
[1.002s] Level 1:colcon.colcon_core.package_identification:_identify(src/omni_robot_description) by extension 'ros'
[1.002s] DEBUG:colcon.colcon_core.package_identification:Package 'src/omni_robot_description' with type 'ros.ament_cmake' and name 'omni_robot_description'
[1.002s] Level 1:colcon.colcon_core.package_discovery:discover_packages(recursive) using defaults
[1.002s] Level 1:colcon.colcon_core.package_discovery:discover_packages(ignore) discover
[1.002s] Level 1:colcon.colcon_core.package_discovery:discover_packages(ignore) using defaults
[1.002s] Level 1:colcon.colcon_core.package_discovery:discover_packages(path) discover
[1.002s] Level 1:colcon.colcon_core.package_discovery:discover_packages(path) using defaults
[1.073s] Level 5:colcon.colcon_core.verb:set package 'gazebo_simulation' build argument 'cmake_args' from command line to 'None'
[1.073s] Level 5:colcon.colcon_core.verb:set package 'gazebo_simulation' build argument 'cmake_target' from command line to 'None'
[1.073s] Level 5:colcon.colcon_core.verb:set package 'gazebo_simulation' build argument 'cmake_target_skip_unavailable' from command line to 'False'
[1.073s] Level 5:colcon.colcon_core.verb:set package 'gazebo_simulation' build argument 'cmake_clean_cache' from command line to 'False'
[1.073s] Level 5:colcon.colcon_core.verb:set package 'gazebo_simulation' build argument 'cmake_clean_first' from command line to 'False'
[1.074s] Level 5:colcon.colcon_core.verb:set package 'gazebo_simulation' build argument 'cmake_force_configure' from command line to 'False'
[1.074s] Level 5:colcon.colcon_core.verb:set package 'gazebo_simulation' build argument 'ament_cmake_args' from command line to 'None'
[1.074s] Level 5:colcon.colcon_core.verb:set package 'gazebo_simulation' build argument 'catkin_cmake_args' from command line to 'None'
[1.074s] Level 5:colcon.colcon_core.verb:set package 'gazebo_simulation' build argument 'catkin_skip_building_tests' from command line to 'False'
[1.074s] DEBUG:colcon.colcon_core.verb:Building package 'gazebo_simulation' with the following arguments: {'ament_cmake_args': None, 'build_base': '/root/ros2_code/humble/surround_view_ros/build/gazebo_simulation', 'catkin_cmake_args': None, 'catkin_skip_building_tests': False, 'cmake_args': None, 'cmake_clean_cache': False, 'cmake_clean_first': False, 'cmake_force_configure': False, 'cmake_target': None, 'cmake_target_skip_unavailable': False, 'install_base': '/root/ros2_code/humble/surround_view_ros/install/gazebo_simulation', 'merge_install': False, 'path': '/root/ros2_code/humble/surround_view_ros/src/gazebo_simulation', 'symlink_install': False, 'test_result_base': None}
[1.086s] Level 5:colcon.colcon_core.verb:set package 'omni_control' build argument 'cmake_args' from command line to 'None'
[1.086s] Level 5:colcon.colcon_core.verb:set package 'omni_control' build argument 'cmake_target' from command line to 'None'
[1.086s] Level 5:colcon.colcon_core.verb:set package 'omni_control' build argument 'cmake_target_skip_unavailable' from command line to 'False'
[1.086s] Level 5:colcon.colcon_core.verb:set package 'omni_control' build argument 'cmake_clean_cache' from command line to 'False'
[1.086s] Level 5:colcon.colcon_core.verb:set package 'omni_control' build argument 'cmake_clean_first' from command line to 'False'
[1.086s] Level 5:colcon.colcon_core.verb:set package 'omni_control' build argument 'cmake_force_configure' from command line to 'False'
[1.086s] Level 5:colcon.colcon_core.verb:set package 'omni_control' build argument 'ament_cmake_args' from command line to 'None'
[1.086s] Level 5:colcon.colcon_core.verb:set package 'omni_control' build argument 'catkin_cmake_args' from command line to 'None'
[1.086s] Level 5:colcon.colcon_core.verb:set package 'omni_control' build argument 'catkin_skip_building_tests' from command line to 'False'
[1.086s] DEBUG:colcon.colcon_core.verb:Building package 'omni_control' with the following arguments: {'ament_cmake_args': None, 'build_base': '/root/ros2_code/humble/surround_view_ros/build/omni_control', 'catkin_cmake_args': None, 'catkin_skip_building_tests': False, 'cmake_args': None, 'cmake_clean_cache': False, 'cmake_clean_first': False, 'cmake_force_configure': False, 'cmake_target': None, 'cmake_target_skip_unavailable': False, 'install_base': '/root/ros2_code/humble/surround_view_ros/install/omni_control', 'merge_install': False, 'path': '/root/ros2_code/humble/surround_view_ros/src/omni_control', 'symlink_install': False, 'test_result_base': None}
[1.100s] Level 5:colcon.colcon_core.verb:set package 'omni_robot_description' build argument 'cmake_args' from command line to 'None'
[1.100s] Level 5:colcon.colcon_core.verb:set package 'omni_robot_description' build argument 'cmake_target' from command line to 'None'
[1.100s] Level 5:colcon.colcon_core.verb:set package 'omni_robot_description' build argument 'cmake_target_skip_unavailable' from command line to 'False'
[1.100s] Level 5:colcon.colcon_core.verb:set package 'omni_robot_description' build argument 'cmake_clean_cache' from command line to 'False'
[1.100s] Level 5:colcon.colcon_core.verb:set package 'omni_robot_description' build argument 'cmake_clean_first' from command line to 'False'
[1.100s] Level 5:colcon.colcon_core.verb:set package 'omni_robot_description' build argument 'cmake_force_configure' from command line to 'False'
[1.100s] Level 5:colcon.colcon_core.verb:set package 'omni_robot_description' build argument 'ament_cmake_args' from command line to 'None'
[1.100s] Level 5:colcon.colcon_core.verb:set package 'omni_robot_description' build argument 'catkin_cmake_args' from command line to 'None'
[1.100s] Level 5:colcon.colcon_core.verb:set package 'omni_robot_description' build argument 'catkin_skip_building_tests' from command line to 'False'
[1.101s] DEBUG:colcon.colcon_core.verb:Building package 'omni_robot_description' with the following arguments: {'ament_cmake_args': None, 'build_base': '/root/ros2_code/humble/surround_view_ros/build/omni_robot_description', 'catkin_cmake_args': None, 'catkin_skip_building_tests': False, 'cmake_args': None, 'cmake_clean_cache': False, 'cmake_clean_first': False, 'cmake_force_configure': False, 'cmake_target': None, 'cmake_target_skip_unavailable': False, 'install_base': '/root/ros2_code/humble/surround_view_ros/install/omni_robot_description', 'merge_install': False, 'path': '/root/ros2_code/humble/surround_view_ros/src/omni_robot_description', 'symlink_install': False, 'test_result_base': None}
[1.113s] INFO:colcon.colcon_core.executor:Executing jobs using 'parallel' executor
[1.126s] DEBUG:colcon.colcon_parallel_executor.executor.parallel:run_until_complete
[1.127s] INFO:colcon.colcon_ros.task.ament_cmake.build:Building ROS package in '/root/ros2_code/humble/surround_view_ros/src/gazebo_simulation' with build type 'ament_cmake'
[1.127s] INFO:colcon.colcon_cmake.task.cmake.build:Building CMake package in '/root/ros2_code/humble/surround_view_ros/src/gazebo_simulation'
[1.151s] INFO:colcon.colcon_core.plugin_system:Skipping extension 'colcon_core.shell.bat': Not used on non-Windows systems
[1.151s] INFO:colcon.colcon_core.shell:Skip shell extension 'powershell' for command environment: Not usable outside of PowerShell
[1.151s] DEBUG:colcon.colcon_core.shell:Skip shell extension 'dsv' for command environment
[1.251s] INFO:colcon.colcon_ros.task.ament_cmake.build:Building ROS package in '/root/ros2_code/humble/surround_view_ros/src/omni_control' with build type 'ament_cmake'
[1.251s] INFO:colcon.colcon_cmake.task.cmake.build:Building CMake package in '/root/ros2_code/humble/surround_view_ros/src/omni_control'
[1.266s] INFO:colcon.colcon_core.shell:Skip shell extension 'powershell' for command environment: Not usable outside of PowerShell
[1.266s] DEBUG:colcon.colcon_core.shell:Skip shell extension 'dsv' for command environment
[1.375s] INFO:colcon.colcon_ros.task.ament_cmake.build:Building ROS package in '/root/ros2_code/humble/surround_view_ros/src/omni_robot_description' with build type 'ament_cmake'
[1.375s] INFO:colcon.colcon_cmake.task.cmake.build:Building CMake package in '/root/ros2_code/humble/surround_view_ros/src/omni_robot_description'
[1.394s] INFO:colcon.colcon_core.shell:Skip shell extension 'powershell' for command environment: Not usable outside of PowerShell
[1.395s] DEBUG:colcon.colcon_core.shell:Skip shell extension 'dsv' for command environment
[1.506s] DEBUG:colcon.colcon_core.event_handler.log_command:Invoking command in '/root/ros2_code/humble/surround_view_ros/build/gazebo_simulation': CMAKE_PREFIX_PATH=${CMAKE_PREFIX_PATH}:/root/ros2_code/humble/nav2class/install/autonomous_tb3:/root/ros2_code/humble/vision/install/path_planner_pkg:/root/ros2_code/humble/vision/install/nav2_api_pkg:/root/ros2_code/humble/vision/install/joystick_pkg:/root/ros2_code/humble/vision/install/cartographer_pkg:/opt/ros/humble /usr/bin/cmake --build /root/ros2_code/humble/surround_view_ros/build/gazebo_simulation -- -j12 -l12
[1.511s] DEBUG:colcon.colcon_core.event_handler.log_command:Invoking command in '/root/ros2_code/humble/surround_view_ros/build/omni_control': CMAKE_PREFIX_PATH=${CMAKE_PREFIX_PATH}:/root/ros2_code/humble/nav2class/install/autonomous_tb3:/root/ros2_code/humble/vision/install/path_planner_pkg:/root/ros2_code/humble/vision/install/nav2_api_pkg:/root/ros2_code/humble/vision/install/joystick_pkg:/root/ros2_code/humble/vision/install/cartographer_pkg:/opt/ros/humble /usr/bin/cmake --build /root/ros2_code/humble/surround_view_ros/build/omni_control -- -j12 -l12
[1.516s] DEBUG:colcon.colcon_core.event_handler.log_command:Invoking command in '/root/ros2_code/humble/surround_view_ros/build/omni_robot_description': CMAKE_PREFIX_PATH=${CMAKE_PREFIX_PATH}:/root/ros2_code/humble/nav2class/install/autonomous_tb3:/root/ros2_code/humble/vision/install/path_planner_pkg:/root/ros2_code/humble/vision/install/nav2_api_pkg:/root/ros2_code/humble/vision/install/joystick_pkg:/root/ros2_code/humble/vision/install/cartographer_pkg:/opt/ros/humble /usr/bin/cmake --build /root/ros2_code/humble/surround_view_ros/build/omni_robot_description -- -j12 -l12
[1.562s] DEBUG:colcon.colcon_core.event_handler.log_command:Invoked command in '/root/ros2_code/humble/surround_view_ros/build/omni_control' returned '0': CMAKE_PREFIX_PATH=${CMAKE_PREFIX_PATH}:/root/ros2_code/humble/nav2class/install/autonomous_tb3:/root/ros2_code/humble/vision/install/path_planner_pkg:/root/ros2_code/humble/vision/install/nav2_api_pkg:/root/ros2_code/humble/vision/install/joystick_pkg:/root/ros2_code/humble/vision/install/cartographer_pkg:/opt/ros/humble /usr/bin/cmake --build /root/ros2_code/humble/surround_view_ros/build/omni_control -- -j12 -l12
[1.563s] DEBUG:colcon.colcon_core.event_handler.log_command:Invoked command in '/root/ros2_code/humble/surround_view_ros/build/gazebo_simulation' returned '0': CMAKE_PREFIX_PATH=${CMAKE_PREFIX_PATH}:/root/ros2_code/humble/nav2class/install/autonomous_tb3:/root/ros2_code/humble/vision/install/path_planner_pkg:/root/ros2_code/humble/vision/install/nav2_api_pkg:/root/ros2_code/humble/vision/install/joystick_pkg:/root/ros2_code/humble/vision/install/cartographer_pkg:/opt/ros/humble /usr/bin/cmake --build /root/ros2_code/humble/surround_view_ros/build/gazebo_simulation -- -j12 -l12
[1.565s] DEBUG:colcon.colcon_core.event_handler.log_command:Invoked command in '/root/ros2_code/humble/surround_view_ros/build/omni_robot_description' returned '0': CMAKE_PREFIX_PATH=${CMAKE_PREFIX_PATH}:/root/ros2_code/humble/nav2class/install/autonomous_tb3:/root/ros2_code/humble/vision/install/path_planner_pkg:/root/ros2_code/humble/vision/install/nav2_api_pkg:/root/ros2_code/humble/vision/install/joystick_pkg:/root/ros2_code/humble/vision/install/cartographer_pkg:/opt/ros/humble /usr/bin/cmake --build /root/ros2_code/humble/surround_view_ros/build/omni_robot_description -- -j12 -l12
[1.603s] DEBUG:colcon.colcon_core.event_handler.log_command:Invoking command in '/root/ros2_code/humble/surround_view_ros/build/gazebo_simulation': CMAKE_PREFIX_PATH=${CMAKE_PREFIX_PATH}:/root/ros2_code/humble/nav2class/install/autonomous_tb3:/root/ros2_code/humble/vision/install/path_planner_pkg:/root/ros2_code/humble/vision/install/nav2_api_pkg:/root/ros2_code/humble/vision/install/joystick_pkg:/root/ros2_code/humble/vision/install/cartographer_pkg:/opt/ros/humble /usr/bin/cmake --install /root/ros2_code/humble/surround_view_ros/build/gazebo_simulation
[1.605s] DEBUG:colcon.colcon_core.event_handler.log_command:Invoking command in '/root/ros2_code/humble/surround_view_ros/build/omni_control': CMAKE_PREFIX_PATH=${CMAKE_PREFIX_PATH}:/root/ros2_code/humble/nav2class/install/autonomous_tb3:/root/ros2_code/humble/vision/install/path_planner_pkg:/root/ros2_code/humble/vision/install/nav2_api_pkg:/root/ros2_code/humble/vision/install/joystick_pkg:/root/ros2_code/humble/vision/install/cartographer_pkg:/opt/ros/humble /usr/bin/cmake --install /root/ros2_code/humble/surround_view_ros/build/omni_control
[1.605s] DEBUG:colcon.colcon_core.event_handler.log_command:Invoking command in '/root/ros2_code/humble/surround_view_ros/build/omni_robot_description': CMAKE_PREFIX_PATH=${CMAKE_PREFIX_PATH}:/root/ros2_code/humble/nav2class/install/autonomous_tb3:/root/ros2_code/humble/vision/install/path_planner_pkg:/root/ros2_code/humble/vision/install/nav2_api_pkg:/root/ros2_code/humble/vision/install/joystick_pkg:/root/ros2_code/humble/vision/install/cartographer_pkg:/opt/ros/humble /usr/bin/cmake --install /root/ros2_code/humble/surround_view_ros/build/omni_robot_description
[1.620s] Level 1:colcon.colcon_core.environment:create_environment_scripts_only(gazebo_simulation)
[1.650s] DEBUG:colcon.colcon_core.event_handler.log_command:Invoked command in '/root/ros2_code/humble/surround_view_ros/build/gazebo_simulation' returned '0': CMAKE_PREFIX_PATH=${CMAKE_PREFIX_PATH}:/root/ros2_code/humble/nav2class/install/autonomous_tb3:/root/ros2_code/humble/vision/install/path_planner_pkg:/root/ros2_code/humble/vision/install/nav2_api_pkg:/root/ros2_code/humble/vision/install/joystick_pkg:/root/ros2_code/humble/vision/install/cartographer_pkg:/opt/ros/humble /usr/bin/cmake --install /root/ros2_code/humble/surround_view_ros/build/gazebo_simulation
[1.657s] Level 1:colcon.colcon_core.environment:checking '/root/ros2_code/humble/surround_view_ros/install/gazebo_simulation' for CMake module files
[1.657s] Level 1:colcon.colcon_core.environment:checking '/root/ros2_code/humble/surround_view_ros/install/gazebo_simulation' for CMake config files
[1.658s] Level 1:colcon.colcon_core.shell:create_environment_hook('gazebo_simulation', 'cmake_prefix_path')
[1.672s] INFO:colcon.colcon_core.shell:Creating environment hook '/root/ros2_code/humble/surround_view_ros/install/gazebo_simulation/share/gazebo_simulation/hook/cmake_prefix_path.ps1'
[1.672s] INFO:colcon.colcon_core.shell:Creating environment descriptor '/root/ros2_code/humble/surround_view_ros/install/gazebo_simulation/share/gazebo_simulation/hook/cmake_prefix_path.dsv'
[1.673s] INFO:colcon.colcon_core.shell:Creating environment hook '/root/ros2_code/humble/surround_view_ros/install/gazebo_simulation/share/gazebo_simulation/hook/cmake_prefix_path.sh'
[1.674s] Level 1:colcon.colcon_core.environment:checking '/root/ros2_code/humble/surround_view_ros/install/gazebo_simulation/lib'
[1.674s] Level 1:colcon.colcon_core.environment:checking '/root/ros2_code/humble/surround_view_ros/install/gazebo_simulation/bin'
[1.674s] Level 1:colcon.colcon_core.environment:checking '/root/ros2_code/humble/surround_view_ros/install/gazebo_simulation/lib/pkgconfig/gazebo_simulation.pc'
[1.676s] Level 1:colcon.colcon_core.environment:checking '/root/ros2_code/humble/surround_view_ros/install/gazebo_simulation/lib/python3.10/site-packages'
[1.676s] Level 1:colcon.colcon_core.environment:checking '/root/ros2_code/humble/surround_view_ros/install/gazebo_simulation/bin'
[1.697s] INFO:colcon.colcon_core.shell:Creating package script '/root/ros2_code/humble/surround_view_ros/install/gazebo_simulation/share/gazebo_simulation/package.ps1'
[1.698s] INFO:colcon.colcon_core.shell:Creating package descriptor '/root/ros2_code/humble/surround_view_ros/install/gazebo_simulation/share/gazebo_simulation/package.dsv'
[1.698s] INFO:colcon.colcon_core.shell:Creating package script '/root/ros2_code/humble/surround_view_ros/install/gazebo_simulation/share/gazebo_simulation/package.sh'
[1.699s] INFO:colcon.colcon_core.shell:Creating package script '/root/ros2_code/humble/surround_view_ros/install/gazebo_simulation/share/gazebo_simulation/package.bash'
[1.699s] INFO:colcon.colcon_core.shell:Creating package script '/root/ros2_code/humble/surround_view_ros/install/gazebo_simulation/share/gazebo_simulation/package.zsh'
[1.700s] Level 1:colcon.colcon_core.environment:create_file_with_runtime_dependencies(/root/ros2_code/humble/surround_view_ros/install/gazebo_simulation/share/colcon-core/packages/gazebo_simulation)
[1.702s] Level 1:colcon.colcon_core.environment:create_environment_scripts_only(omni_robot_description)
[1.702s] DEBUG:colcon.colcon_core.event_handler.log_command:Invoked command in '/root/ros2_code/humble/surround_view_ros/build/omni_robot_description' returned '0': CMAKE_PREFIX_PATH=${CMAKE_PREFIX_PATH}:/root/ros2_code/humble/nav2class/install/autonomous_tb3:/root/ros2_code/humble/vision/install/path_planner_pkg:/root/ros2_code/humble/vision/install/nav2_api_pkg:/root/ros2_code/humble/vision/install/joystick_pkg:/root/ros2_code/humble/vision/install/cartographer_pkg:/opt/ros/humble /usr/bin/cmake --install /root/ros2_code/humble/surround_view_ros/build/omni_robot_description
[1.716s] Level 1:colcon.colcon_core.environment:checking '/root/ros2_code/humble/surround_view_ros/install/omni_robot_description' for CMake module files
[1.716s] Level 1:colcon.colcon_core.environment:checking '/root/ros2_code/humble/surround_view_ros/install/omni_robot_description' for CMake config files
[1.717s] Level 1:colcon.colcon_core.shell:create_environment_hook('omni_robot_description', 'cmake_prefix_path')
[1.738s] INFO:colcon.colcon_core.shell:Creating environment hook '/root/ros2_code/humble/surround_view_ros/install/omni_robot_description/share/omni_robot_description/hook/cmake_prefix_path.ps1'
[1.738s] INFO:colcon.colcon_core.shell:Creating environment descriptor '/root/ros2_code/humble/surround_view_ros/install/omni_robot_description/share/omni_robot_description/hook/cmake_prefix_path.dsv'
[1.739s] INFO:colcon.colcon_core.shell:Creating environment hook '/root/ros2_code/humble/surround_view_ros/install/omni_robot_description/share/omni_robot_description/hook/cmake_prefix_path.sh'
[1.740s] Level 1:colcon.colcon_core.environment:checking '/root/ros2_code/humble/surround_view_ros/install/omni_robot_description/bin'
[1.740s] Level 1:colcon.colcon_core.environment:checking '/root/ros2_code/humble/surround_view_ros/install/omni_robot_description/lib/pkgconfig/omni_robot_description.pc'
[1.740s] Level 1:colcon.colcon_core.environment:checking '/root/ros2_code/humble/surround_view_ros/install/omni_robot_description/lib/python3.10/site-packages'
[1.740s] Level 1:colcon.colcon_core.environment:checking '/root/ros2_code/humble/surround_view_ros/install/omni_robot_description/bin'
[1.764s] INFO:colcon.colcon_core.shell:Creating package script '/root/ros2_code/humble/surround_view_ros/install/omni_robot_description/share/omni_robot_description/package.ps1'
[1.764s] INFO:colcon.colcon_core.shell:Creating package descriptor '/root/ros2_code/humble/surround_view_ros/install/omni_robot_description/share/omni_robot_description/package.dsv'
[1.765s] INFO:colcon.colcon_core.shell:Creating package script '/root/ros2_code/humble/surround_view_ros/install/omni_robot_description/share/omni_robot_description/package.sh'
[1.765s] INFO:colcon.colcon_core.shell:Creating package script '/root/ros2_code/humble/surround_view_ros/install/omni_robot_description/share/omni_robot_description/package.bash'
[1.765s] INFO:colcon.colcon_core.shell:Creating package script '/root/ros2_code/humble/surround_view_ros/install/omni_robot_description/share/omni_robot_description/package.zsh'
[1.765s] Level 1:colcon.colcon_core.environment:create_file_with_runtime_dependencies(/root/ros2_code/humble/surround_view_ros/install/omni_robot_description/share/colcon-core/packages/omni_robot_description)
[1.766s] Level 1:colcon.colcon_core.environment:create_environment_scripts_only(omni_control)
[1.767s] DEBUG:colcon.colcon_core.event_handler.log_command:Invoked command in '/root/ros2_code/humble/surround_view_ros/build/omni_control' returned '0': CMAKE_PREFIX_PATH=${CMAKE_PREFIX_PATH}:/root/ros2_code/humble/nav2class/install/autonomous_tb3:/root/ros2_code/humble/vision/install/path_planner_pkg:/root/ros2_code/humble/vision/install/nav2_api_pkg:/root/ros2_code/humble/vision/install/joystick_pkg:/root/ros2_code/humble/vision/install/cartographer_pkg:/opt/ros/humble /usr/bin/cmake --install /root/ros2_code/humble/surround_view_ros/build/omni_control
[1.780s] Level 1:colcon.colcon_core.environment:checking '/root/ros2_code/humble/surround_view_ros/install/omni_control' for CMake module files
[1.781s] Level 1:colcon.colcon_core.environment:checking '/root/ros2_code/humble/surround_view_ros/install/omni_control' for CMake config files
[1.781s] Level 1:colcon.colcon_core.shell:create_environment_hook('omni_control', 'cmake_prefix_path')
[1.799s] INFO:colcon.colcon_core.shell:Creating environment hook '/root/ros2_code/humble/surround_view_ros/install/omni_control/share/omni_control/hook/cmake_prefix_path.ps1'
[1.800s] INFO:colcon.colcon_core.shell:Creating environment descriptor '/root/ros2_code/humble/surround_view_ros/install/omni_control/share/omni_control/hook/cmake_prefix_path.dsv'
[1.800s] INFO:colcon.colcon_core.shell:Creating environment hook '/root/ros2_code/humble/surround_view_ros/install/omni_control/share/omni_control/hook/cmake_prefix_path.sh'
[1.801s] Level 1:colcon.colcon_core.environment:checking '/root/ros2_code/humble/surround_view_ros/install/omni_control/lib'
[1.801s] Level 1:colcon.colcon_core.environment:checking '/root/ros2_code/humble/surround_view_ros/install/omni_control/bin'
[1.801s] Level 1:colcon.colcon_core.environment:checking '/root/ros2_code/humble/surround_view_ros/install/omni_control/lib/pkgconfig/omni_control.pc'
[1.801s] Level 1:colcon.colcon_core.environment:checking '/root/ros2_code/humble/surround_view_ros/install/omni_control/lib/python3.10/site-packages'
[1.801s] Level 1:colcon.colcon_core.environment:checking '/root/ros2_code/humble/surround_view_ros/install/omni_control/bin'
[1.814s] INFO:colcon.colcon_core.shell:Creating package script '/root/ros2_code/humble/surround_view_ros/install/omni_control/share/omni_control/package.ps1'
[1.814s] INFO:colcon.colcon_core.shell:Creating package descriptor '/root/ros2_code/humble/surround_view_ros/install/omni_control/share/omni_control/package.dsv'
[1.814s] INFO:colcon.colcon_core.shell:Creating package script '/root/ros2_code/humble/surround_view_ros/install/omni_control/share/omni_control/package.sh'
[1.815s] INFO:colcon.colcon_core.shell:Creating package script '/root/ros2_code/humble/surround_view_ros/install/omni_control/share/omni_control/package.bash'
[1.815s] INFO:colcon.colcon_core.shell:Creating package script '/root/ros2_code/humble/surround_view_ros/install/omni_control/share/omni_control/package.zsh'
[1.815s] Level 1:colcon.colcon_core.environment:create_file_with_runtime_dependencies(/root/ros2_code/humble/surround_view_ros/install/omni_control/share/colcon-core/packages/omni_control)
[1.831s] Level 1:colcon.colcon_core.environment:create_environment_scripts_only(gazebo_simulation)
[1.851s] Level 1:colcon.colcon_core.environment:checking '/root/ros2_code/humble/surround_view_ros/install/gazebo_simulation' for CMake module files
[1.852s] Level 1:colcon.colcon_core.environment:checking '/root/ros2_code/humble/surround_view_ros/install/gazebo_simulation' for CMake config files
[1.853s] Level 1:colcon.colcon_core.shell:create_environment_hook('gazebo_simulation', 'cmake_prefix_path')
[1.869s] INFO:colcon.colcon_core.shell:Creating environment hook '/root/ros2_code/humble/surround_view_ros/install/gazebo_simulation/share/gazebo_simulation/hook/cmake_prefix_path.ps1'
[1.869s] INFO:colcon.colcon_core.shell:Creating environment descriptor '/root/ros2_code/humble/surround_view_ros/install/gazebo_simulation/share/gazebo_simulation/hook/cmake_prefix_path.dsv'
[1.870s] INFO:colcon.colcon_core.shell:Creating environment hook '/root/ros2_code/humble/surround_view_ros/install/gazebo_simulation/share/gazebo_simulation/hook/cmake_prefix_path.sh'
[1.870s] Level 1:colcon.colcon_core.environment:checking '/root/ros2_code/humble/surround_view_ros/install/gazebo_simulation/lib'
[1.870s] Level 1:colcon.colcon_core.environment:checking '/root/ros2_code/humble/surround_view_ros/install/gazebo_simulation/bin'
[1.870s] Level 1:colcon.colcon_core.environment:checking '/root/ros2_code/humble/surround_view_ros/install/gazebo_simulation/lib/pkgconfig/gazebo_simulation.pc'
[1.870s] Level 1:colcon.colcon_core.environment:checking '/root/ros2_code/humble/surround_view_ros/install/gazebo_simulation/lib/python3.10/site-packages'
[1.870s] Level 1:colcon.colcon_core.environment:checking '/root/ros2_code/humble/surround_view_ros/install/gazebo_simulation/bin'
[1.883s] INFO:colcon.colcon_core.shell:Creating package script '/root/ros2_code/humble/surround_view_ros/install/gazebo_simulation/share/gazebo_simulation/package.ps1'
[1.884s] INFO:colcon.colcon_core.shell:Creating package descriptor '/root/ros2_code/humble/surround_view_ros/install/gazebo_simulation/share/gazebo_simulation/package.dsv'
[1.884s] INFO:colcon.colcon_core.shell:Creating package script '/root/ros2_code/humble/surround_view_ros/install/gazebo_simulation/share/gazebo_simulation/package.sh'
[1.884s] INFO:colcon.colcon_core.shell:Creating package script '/root/ros2_code/humble/surround_view_ros/install/gazebo_simulation/share/gazebo_simulation/package.bash'
[1.884s] INFO:colcon.colcon_core.shell:Creating package script '/root/ros2_code/humble/surround_view_ros/install/gazebo_simulation/share/gazebo_simulation/package.zsh'
[1.885s] Level 1:colcon.colcon_core.environment:create_file_with_runtime_dependencies(/root/ros2_code/humble/surround_view_ros/install/gazebo_simulation/share/colcon-core/packages/gazebo_simulation)
[1.904s] Level 1:colcon.colcon_core.environment:create_environment_scripts_only(omni_robot_description)
[1.919s] Level 1:colcon.colcon_core.environment:checking '/root/ros2_code/humble/surround_view_ros/install/omni_robot_description' for CMake module files
[1.919s] Level 1:colcon.colcon_core.environment:checking '/root/ros2_code/humble/surround_view_ros/install/omni_robot_description' for CMake config files
[1.919s] Level 1:colcon.colcon_core.shell:create_environment_hook('omni_robot_description', 'cmake_prefix_path')
[1.934s] INFO:colcon.colcon_core.shell:Creating environment hook '/root/ros2_code/humble/surround_view_ros/install/omni_robot_description/share/omni_robot_description/hook/cmake_prefix_path.ps1'
[1.935s] INFO:colcon.colcon_core.shell:Creating environment descriptor '/root/ros2_code/humble/surround_view_ros/install/omni_robot_description/share/omni_robot_description/hook/cmake_prefix_path.dsv'
[1.935s] INFO:colcon.colcon_core.shell:Creating environment hook '/root/ros2_code/humble/surround_view_ros/install/omni_robot_description/share/omni_robot_description/hook/cmake_prefix_path.sh'
[1.936s] Level 1:colcon.colcon_core.environment:checking '/root/ros2_code/humble/surround_view_ros/install/omni_robot_description/bin'
[1.936s] Level 1:colcon.colcon_core.environment:checking '/root/ros2_code/humble/surround_view_ros/install/omni_robot_description/lib/pkgconfig/omni_robot_description.pc'
[1.937s] Level 1:colcon.colcon_core.environment:checking '/root/ros2_code/humble/surround_view_ros/install/omni_robot_description/lib/python3.10/site-packages'
[1.937s] Level 1:colcon.colcon_core.environment:checking '/root/ros2_code/humble/surround_view_ros/install/omni_robot_description/bin'
[1.953s] INFO:colcon.colcon_core.shell:Creating package script '/root/ros2_code/humble/surround_view_ros/install/omni_robot_description/share/omni_robot_description/package.ps1'
[1.954s] INFO:colcon.colcon_core.shell:Creating package descriptor '/root/ros2_code/humble/surround_view_ros/install/omni_robot_description/share/omni_robot_description/package.dsv'
[1.954s] INFO:colcon.colcon_core.shell:Creating package script '/root/ros2_code/humble/surround_view_ros/install/omni_robot_description/share/omni_robot_description/package.sh'
[1.954s] INFO:colcon.colcon_core.shell:Creating package script '/root/ros2_code/humble/surround_view_ros/install/omni_robot_description/share/omni_robot_description/package.bash'
[1.955s] INFO:colcon.colcon_core.shell:Creating package script '/root/ros2_code/humble/surround_view_ros/install/omni_robot_description/share/omni_robot_description/package.zsh'
[1.955s] Level 1:colcon.colcon_core.environment:create_file_with_runtime_dependencies(/root/ros2_code/humble/surround_view_ros/install/omni_robot_description/share/colcon-core/packages/omni_robot_description)
[1.969s] Level 1:colcon.colcon_core.environment:create_environment_scripts_only(omni_control)
[1.986s] Level 1:colcon.colcon_core.environment:checking '/root/ros2_code/humble/surround_view_ros/install/omni_control' for CMake module files
[1.987s] Level 1:colcon.colcon_core.environment:checking '/root/ros2_code/humble/surround_view_ros/install/omni_control' for CMake config files
[1.987s] Level 1:colcon.colcon_core.shell:create_environment_hook('omni_control', 'cmake_prefix_path')
[2.000s] INFO:colcon.colcon_core.shell:Creating environment hook '/root/ros2_code/humble/surround_view_ros/install/omni_control/share/omni_control/hook/cmake_prefix_path.ps1'
[2.001s] INFO:colcon.colcon_core.shell:Creating environment descriptor '/root/ros2_code/humble/surround_view_ros/install/omni_control/share/omni_control/hook/cmake_prefix_path.dsv'
[2.001s] INFO:colcon.colcon_core.shell:Creating environment hook '/root/ros2_code/humble/surround_view_ros/install/omni_control/share/omni_control/hook/cmake_prefix_path.sh'
[2.001s] Level 1:colcon.colcon_core.environment:checking '/root/ros2_code/humble/surround_view_ros/install/omni_control/lib'
[2.002s] Level 1:colcon.colcon_core.environment:checking '/root/ros2_code/humble/surround_view_ros/install/omni_control/bin'
[2.002s] Level 1:colcon.colcon_core.environment:checking '/root/ros2_code/humble/surround_view_ros/install/omni_control/lib/pkgconfig/omni_control.pc'
[2.002s] Level 1:colcon.colcon_core.environment:checking '/root/ros2_code/humble/surround_view_ros/install/omni_control/lib/python3.10/site-packages'
[2.002s] Level 1:colcon.colcon_core.environment:checking '/root/ros2_code/humble/surround_view_ros/install/omni_control/bin'
[2.015s] INFO:colcon.colcon_core.shell:Creating package script '/root/ros2_code/humble/surround_view_ros/install/omni_control/share/omni_control/package.ps1'
[2.016s] INFO:colcon.colcon_core.shell:Creating package descriptor '/root/ros2_code/humble/surround_view_ros/install/omni_control/share/omni_control/package.dsv'
[2.018s] INFO:colcon.colcon_core.shell:Creating package script '/root/ros2_code/humble/surround_view_ros/install/omni_control/share/omni_control/package.sh'
[2.018s] INFO:colcon.colcon_core.shell:Creating package script '/root/ros2_code/humble/surround_view_ros/install/omni_control/share/omni_control/package.bash'
[2.019s] INFO:colcon.colcon_core.shell:Creating package script '/root/ros2_code/humble/surround_view_ros/install/omni_control/share/omni_control/package.zsh'
[2.019s] Level 1:colcon.colcon_core.environment:create_file_with_runtime_dependencies(/root/ros2_code/humble/surround_view_ros/install/omni_control/share/colcon-core/packages/omni_control)
[2.019s] DEBUG:colcon.colcon_parallel_executor.executor.parallel:closing loop
[2.019s] DEBUG:colcon.colcon_parallel_executor.executor.parallel:loop closed
[2.019s] DEBUG:colcon.colcon_parallel_executor.executor.parallel:run_until_complete finished with '0'
[2.019s] DEBUG:colcon.colcon_core.event_reactor:joining thread
[2.040s] INFO:colcon.colcon_core.plugin_system:Skipping extension 'colcon_notification.desktop_notification.notify_send': Could not find 'notify-send'
[2.040s] INFO:colcon.colcon_core.plugin_system:Skipping extension 'colcon_notification.desktop_notification.terminal_notifier': Not used on non-Darwin systems
[2.040s] INFO:colcon.colcon_core.plugin_system:Skipping extension 'colcon_notification.desktop_notification.win32': Not used on non-Windows systems
[2.040s] INFO:colcon.colcon_notification.desktop_notification:Sending desktop notification using 'notify2'
[2.044s] DEBUG:colcon.colcon_notification.desktop_notification.notify2:Failed to initialize notify2: org.freedesktop.DBus.Error.Spawn.ExecFailed: /usr/bin/dbus-launch terminated abnormally without any error message
[2.044s] DEBUG:colcon.colcon_core.event_reactor:joined thread
[2.061s] INFO:colcon.colcon_core.shell:Creating prefix script '/root/ros2_code/humble/surround_view_ros/install/local_setup.ps1'
[2.062s] INFO:colcon.colcon_core.shell:Creating prefix util module '/root/ros2_code/humble/surround_view_ros/install/_local_setup_util_ps1.py'
[2.063s] INFO:colcon.colcon_core.shell:Creating prefix chain script '/root/ros2_code/humble/surround_view_ros/install/setup.ps1'
[2.079s] INFO:colcon.colcon_core.shell:Creating prefix script '/root/ros2_code/humble/surround_view_ros/install/local_setup.sh'
[2.080s] INFO:colcon.colcon_core.shell:Creating prefix util module '/root/ros2_code/humble/surround_view_ros/install/_local_setup_util_sh.py'
[2.080s] INFO:colcon.colcon_core.shell:Creating prefix chain script '/root/ros2_code/humble/surround_view_ros/install/setup.sh'
[2.096s] INFO:colcon.colcon_core.shell:Creating prefix script '/root/ros2_code/humble/surround_view_ros/install/local_setup.bash'
[2.099s] INFO:colcon.colcon_core.shell:Creating prefix chain script '/root/ros2_code/humble/surround_view_ros/install/setup.bash'
[2.118s] INFO:colcon.colcon_core.shell:Creating prefix script '/root/ros2_code/humble/surround_view_ros/install/local_setup.zsh'
[2.119s] INFO:colcon.colcon_core.shell:Creating prefix chain script '/root/ros2_code/humble/surround_view_ros/install/setup.zsh'
