-- The C compiler identification is GNU 11.4.0
-- The CXX compiler identification is GNU 11.4.0
-- Detecting C compiler ABI info
-- Detecting C compiler ABI info - done
-- Check for working C compiler: /usr/bin/cc - skipped
-- Detecting C compile features
-- Detecting C compile features - done
-- Detecting CXX compiler ABI info
-- Detecting CXX compiler ABI info - done
-- Check for working CXX compiler: /usr/bin/c++ - skipped
-- Detecting CXX compile features
-- Detecting CXX compile features - done
-- Found ament_cmake: 1.3.6 (/opt/ros/humble/share/ament_cmake/cmake)
-- Found Python3: /usr/bin/python3.10 (found version "3.10.12") found components: Interpreter 
-- Found urdf: 2.6.0 (/opt/ros/humble/share/urdf/cmake)
-- Found xacro: 2.0.8 (/opt/ros/humble/share/xacro/cmake)
-- Found ros2_control: 2.36.0 (/opt/ros/humble/share/ros2_control/cmake)
-- Found gazebo_ros2_control: 0.4.4 (/opt/ros/humble/share/gazebo_ros2_control/cmake)
-- Found rosidl_generator_c: 3.1.5 (/opt/ros/humble/share/rosidl_generator_c/cmake)
-- Found rosidl_adapter: 3.1.5 (/opt/ros/humble/share/rosidl_adapter/cmake)
-- Found rosidl_generator_cpp: 3.1.5 (/opt/ros/humble/share/rosidl_generator_cpp/cmake)
-- Using all available rosidl_typesupport_c: rosidl_typesupport_fastrtps_c;rosidl_typesupport_introspection_c
-- Using all available rosidl_typesupport_cpp: rosidl_typesupport_fastrtps_cpp;rosidl_typesupport_introspection_cpp
-- Found rmw_implementation_cmake: 6.1.1 (/opt/ros/humble/share/rmw_implementation_cmake/cmake)
-- Found rmw_cyclonedds_cpp: 1.3.4 (/opt/ros/humble/share/rmw_cyclonedds_cpp/cmake)
-- Using RMW implementation 'rmw_cyclonedds_cpp' as default
-- Looking for pthread.h
-- Looking for pthread.h - found
-- Performing Test CMAKE_HAVE_LIBC_PTHREAD
-- Performing Test CMAKE_HAVE_LIBC_PTHREAD - Success
-- Found Threads: TRUE  
-- Found PkgConfig: /usr/bin/pkg-config (found version "0.29.2") 
-- Checking for module 'bullet>=2.82'
--   Found bullet, version 3.05
-- Found fcl: /usr/include (found suitable version "0.7.0", minimum required is "0.5.0") 
-- Found assimp: /usr/include (found version "5.2.0") 
-- Found DART: /usr/include (Required is at least version "6.6") found components: dart 
-- Found Boost: /usr/lib/x86_64-linux-gnu/cmake/Boost-1.74.0/BoostConfig.cmake (found suitable version "1.74.0", minimum required is "1.40.0") found components: thread system filesystem program_options regex iostreams date_time 
-- Found Protobuf: /usr/lib/x86_64-linux-gnu/libprotobuf.so (found version "3.12.4") 
-- Looking for ignition-math6 -- found version 6.15.0
-- Searching for dependencies of ignition-math6
-- Looking for OGRE...
-- OGRE_PREFIX_WATCH changed.
-- Checking for module 'OGRE'
--   Found OGRE, version 1.9.0
-- Found Ogre Ghadamon (1.9.0)
-- Found OGRE: optimized;/usr/lib/x86_64-linux-gnu/libOgreMain.so;debug;/usr/lib/x86_64-linux-gnu/libOgreMain.so
-- Looking for OGRE_Paging...
-- Found OGRE_Paging: optimized;/usr/lib/x86_64-linux-gnu/libOgrePaging.so;debug;/usr/lib/x86_64-linux-gnu/libOgrePaging.so
-- Looking for OGRE_Terrain...
-- Found OGRE_Terrain: optimized;/usr/lib/x86_64-linux-gnu/libOgreTerrain.so;debug;/usr/lib/x86_64-linux-gnu/libOgreTerrain.so
-- Looking for OGRE_Property...
-- Found OGRE_Property: optimized;/usr/lib/x86_64-linux-gnu/libOgreProperty.so;debug;/usr/lib/x86_64-linux-gnu/libOgreProperty.so
-- Looking for OGRE_RTShaderSystem...
-- Found OGRE_RTShaderSystem: optimized;/usr/lib/x86_64-linux-gnu/libOgreRTShaderSystem.so;debug;/usr/lib/x86_64-linux-gnu/libOgreRTShaderSystem.so
-- Looking for OGRE_Volume...
-- Found OGRE_Volume: optimized;/usr/lib/x86_64-linux-gnu/libOgreVolume.so;debug;/usr/lib/x86_64-linux-gnu/libOgreVolume.so
-- Looking for OGRE_Overlay...
-- Found OGRE_Overlay: optimized;/usr/lib/x86_64-linux-gnu/libOgreOverlay.so;debug;/usr/lib/x86_64-linux-gnu/libOgreOverlay.so
-- Looking for ignition-math6 -- found version 6.15.0
-- Looking for ignition-transport8 -- found version 8.2.1
-- Searching for dependencies of ignition-transport8
-- Found Protobuf: /usr/lib/x86_64-linux-gnu/libprotobuf.so (found suitable version "3.12.4", minimum required is "3") 
-- Config-file not installed for ZeroMQ -- checking for pkg-config
-- Checking for module 'libzmq >= 4'
--   Found libzmq , version 4.3.4
-- Found ZeroMQ: TRUE (Required is at least version "4") 
-- Checking for module 'uuid'
--   Found uuid, version 2.37.2
-- Found UUID: TRUE  
-- Looking for ignition-msgs5 -- found version 5.8.1
-- Searching for dependencies of ignition-msgs5
-- Looking for ignition-math6 -- found version 6.15.0
-- Checking for module 'tinyxml2'
--   Found tinyxml2, version 9.0.0
-- Looking for ignition-msgs5 -- found version 5.8.1
-- Looking for ignition-common3 -- found version 3.14.0
-- Searching for dependencies of ignition-common3
-- Looking for dlfcn.h - found
-- Looking for libdl - found
-- Found DL: TRUE  
-- Found tinyobjloader: /usr/lib/x86_64-linux-gnu/cmake/tinyobjloader/tinyobjloader-config.cmake (found version "2.0.0") 
-- Searching for <ignition-common3> component [graphics]
-- Looking for ignition-common3-graphics -- found version 3.14.0
-- Searching for dependencies of ignition-common3-graphics
-- Looking for ignition-math6 -- found version 6.15.0
-- Looking for ignition-fuel_tools4 -- found version 4.4.0
-- Searching for dependencies of ignition-fuel_tools4
-- Found CURL: /usr/lib/x86_64-linux-gnu/libcurl.so (found version "7.81.0")  
-- Checking for module 'jsoncpp'
--   Found jsoncpp, version 1.9.5
-- Found JSONCPP: TRUE  
-- Checking for module 'libzip'
--   Found libzip, version 1.7.3
-- Found ZIP: TRUE  
-- Looking for ignition-common3 -- found version 3.14.0
-- Looking for ignition-math6 -- found version 6.15.0
-- Looking for ignition-msgs5 -- found version 5.8.1
-- Gazebo version: 11.10
-- Checking for module 'tbb'
--   Found tbb, version 2021.5.0
-- Found joint_state_broadcaster: 2.29.0 (/opt/ros/humble/share/joint_state_broadcaster/cmake)
-- Found parameter_traits: 0.3.6 (/opt/ros/humble/share/parameter_traits/cmake)
-- Found joint_trajectory_controller: 2.29.0 (/opt/ros/humble/share/joint_trajectory_controller/cmake)
-- Found velocity_controllers: 2.29.0 (/opt/ros/humble/share/velocity_controllers/cmake)
-- Found ament_lint_auto: 0.12.9 (/opt/ros/humble/share/ament_lint_auto/cmake)
-- Added test 'copyright' to check source files copyright and LICENSE
-- Added test 'flake8' to check Python code syntax and style conventions
-- Added test 'lint_cmake' to check CMake code style
-- Added test 'pep257' to check Python code against some of the docstring style conventions in PEP 257
-- Added test 'xmllint' to check XML markup files
-- Configuring done
-- Generating done
-- Build files have been written to: /root/ros2_code/R2basic_concepts/build/my_box_bot_description
-- Install configuration: ""
-- Installing: /root/ros2_code/R2basic_concepts/install/my_box_bot_description/share/my_box_bot_description//urdf
-- Installing: /root/ros2_code/R2basic_concepts/install/my_box_bot_description/share/my_box_bot_description//urdf/box_bot_physcal_control.urdf
-- Installing: /root/ros2_code/R2basic_concepts/install/my_box_bot_description/share/my_box_bot_description//urdf/box_bot_physical_properties.urdf
-- Installing: /root/ros2_code/R2basic_concepts/install/my_box_bot_description/share/my_box_bot_description//urdf/box_bot_control_complete.urdf
-- Installing: /root/ros2_code/R2basic_concepts/install/my_box_bot_description/share/my_box_bot_description//urdf/box_bot_geometric_meshes.urdf
-- Installing: /root/ros2_code/R2basic_concepts/install/my_box_bot_description/share/my_box_bot_description//urdf/box_bot_control_complete_sensor.urdf
-- Installing: /root/ros2_code/R2basic_concepts/install/my_box_bot_description/share/my_box_bot_description//urdf/box_bot_control_complete_velocity.urdf
-- Installing: /root/ros2_code/R2basic_concepts/install/my_box_bot_description/share/my_box_bot_description//urdf/box_bot_geometric.urdf
-- Installing: /root/ros2_code/R2basic_concepts/install/my_box_bot_description/share/my_box_bot_description//urdf/box_bot_meshes_collisions_inertias.urdf
-- Installing: /root/ros2_code/R2basic_concepts/install/my_box_bot_description/share/my_box_bot_description//rviz
-- Installing: /root/ros2_code/R2basic_concepts/install/my_box_bot_description/share/my_box_bot_description//rviz/urdf_vis.rviz
-- Installing: /root/ros2_code/R2basic_concepts/install/my_box_bot_description/share/my_box_bot_description//launch
-- Installing: /root/ros2_code/R2basic_concepts/install/my_box_bot_description/share/my_box_bot_description//launch/urdf_visualize_sensor.launch.py
-- Installing: /root/ros2_code/R2basic_concepts/install/my_box_bot_description/share/my_box_bot_description//launch/urdf_visualize_control_velocity.launch.py
-- Installing: /root/ros2_code/R2basic_concepts/install/my_box_bot_description/share/my_box_bot_description//launch/urdf_visualize_meshes_collisions_inertias.launch.py
-- Installing: /root/ros2_code/R2basic_concepts/install/my_box_bot_description/share/my_box_bot_description//launch/urdf_visualize_meshes.launch.py
-- Installing: /root/ros2_code/R2basic_concepts/install/my_box_bot_description/share/my_box_bot_description//launch/urdf_visualize_physical.launch.py
-- Installing: /root/ros2_code/R2basic_concepts/install/my_box_bot_description/share/my_box_bot_description//launch/urdf_visualize_control.launch.py
-- Installing: /root/ros2_code/R2basic_concepts/install/my_box_bot_description/share/my_box_bot_description//launch/urdf_visualize_geometric.launch.py
-- Installing: /root/ros2_code/R2basic_concepts/install/my_box_bot_description/share/my_box_bot_description//launch/urdf_visualize_control_complete.launch.py
-- Installing: /root/ros2_code/R2basic_concepts/install/my_box_bot_description/share/my_box_bot_description//meshes
-- Installing: /root/ros2_code/R2basic_concepts/install/my_box_bot_description/share/my_box_bot_description//meshes/lambert3_baseColor.png
-- Installing: /root/ros2_code/R2basic_concepts/install/my_box_bot_description/share/my_box_bot_description//meshes/cute_cube.dae
-- Installing: /root/ros2_code/R2basic_concepts/install/my_box_bot_description/share/my_box_bot_description//meshes/cute_cube.blend
-- Installing: /root/ros2_code/R2basic_concepts/install/my_box_bot_description/share/my_box_bot_description//meshes/textures
-- Installing: /root/ros2_code/R2basic_concepts/install/my_box_bot_description/share/my_box_bot_description//meshes/textures/lambert3_baseColor.png
-- Installing: /root/ros2_code/R2basic_concepts/install/my_box_bot_description/share/my_box_bot_description//meshes/sensors
-- Installing: /root/ros2_code/R2basic_concepts/install/my_box_bot_description/share/my_box_bot_description//meshes/sensors/rplidar.dae
-- Installing: /root/ros2_code/R2basic_concepts/install/my_box_bot_description/share/my_box_bot_description//meshes/sensors/rplidartexture.png
-- Installing: /root/ros2_code/R2basic_concepts/install/my_box_bot_description/share/my_box_bot_description//meshes/sensors/realsense.dae
-- Installing: /root/ros2_code/R2basic_concepts/install/my_box_bot_description/share/my_box_bot_description//config
-- Installing: /root/ros2_code/R2basic_concepts/install/my_box_bot_description/share/my_box_bot_description//config/controller_position.yaml
-- Installing: /root/ros2_code/R2basic_concepts/install/my_box_bot_description/share/my_box_bot_description//config/controller_position_velocity.yaml
-- Installing: /root/ros2_code/R2basic_concepts/install/my_box_bot_description/share/ament_index/resource_index/package_run_dependencies/my_box_bot_description
-- Installing: /root/ros2_code/R2basic_concepts/install/my_box_bot_description/share/ament_index/resource_index/parent_prefix_path/my_box_bot_description
-- Installing: /root/ros2_code/R2basic_concepts/install/my_box_bot_description/share/my_box_bot_description/environment/ament_prefix_path.sh
-- Installing: /root/ros2_code/R2basic_concepts/install/my_box_bot_description/share/my_box_bot_description/environment/ament_prefix_path.dsv
-- Installing: /root/ros2_code/R2basic_concepts/install/my_box_bot_description/share/my_box_bot_description/environment/path.sh
-- Installing: /root/ros2_code/R2basic_concepts/install/my_box_bot_description/share/my_box_bot_description/environment/path.dsv
-- Installing: /root/ros2_code/R2basic_concepts/install/my_box_bot_description/share/my_box_bot_description/local_setup.bash
-- Installing: /root/ros2_code/R2basic_concepts/install/my_box_bot_description/share/my_box_bot_description/local_setup.sh
-- Installing: /root/ros2_code/R2basic_concepts/install/my_box_bot_description/share/my_box_bot_description/local_setup.zsh
-- Installing: /root/ros2_code/R2basic_concepts/install/my_box_bot_description/share/my_box_bot_description/local_setup.dsv
-- Installing: /root/ros2_code/R2basic_concepts/install/my_box_bot_description/share/my_box_bot_description/package.dsv
-- Installing: /root/ros2_code/R2basic_concepts/install/my_box_bot_description/share/ament_index/resource_index/packages/my_box_bot_description
-- Installing: /root/ros2_code/R2basic_concepts/install/my_box_bot_description/share/my_box_bot_description/cmake/my_box_bot_descriptionConfig.cmake
-- Installing: /root/ros2_code/R2basic_concepts/install/my_box_bot_description/share/my_box_bot_description/cmake/my_box_bot_descriptionConfig-version.cmake
-- Installing: /root/ros2_code/R2basic_concepts/install/my_box_bot_description/share/my_box_bot_description/package.xml
