[1.476s] DEBUG:colcon:Command line arguments: ['/usr/bin/colcon', 'build', '--symlink-install']
[1.476s] DEBUG:colcon:Parsed command line arguments: Namespace(ament_cmake_args=None, base_paths=['.'], build_base='build', catkin_cmake_args=None, catkin_skip_building_tests=False, cmake_args=None, cmake_clean_cache=False, cmake_clean_first=False, cmake_force_configure=False, cmake_target=None, cmake_target_skip_unavailable=False, continue_on_error=False, event_handlers=None, executor='parallel', ignore_user_meta=False, install_base='install', log_base=None, log_level=None, main=<bound method BuildVerb.main of <colcon_core.verb.build.BuildVerb object at 0x7fd9b4d9d760>>, merge_install=False, metas=['./colcon.meta'], packages_above=None, packages_above_and_dependencies=None, packages_above_depth=None, packages_end=None, packages_ignore=None, packages_ignore_regex=None, packages_select=None, packages_select_build_failed=False, packages_select_by_dep=None, packages_select_regex=None, packages_select_test_failures=False, packages_skip=None, packages_skip_build_finished=False, packages_skip_by_dep=None, packages_skip_regex=None, packages_skip_test_passed=False, packages_skip_up_to=None, packages_start=None, packages_up_to=None, packages_up_to_regex=None, parallel_workers=12, paths=None, symlink_install=True, test_result_base=None, verb_extension=<colcon_core.verb.build.BuildVerb object at 0x7fd9b4d9d760>, verb_name='build', verb_parser=<colcon_defaults.argument_parser.defaults.DefaultArgumentsDecorator object at 0x7fd9b498df70>)
[1.562s] Level 1:colcon.colcon_core.package_discovery:discover_packages(colcon_meta) check parameters
[1.562s] Level 1:colcon.colcon_core.package_discovery:discover_packages(recursive) check parameters
[1.562s] Level 1:colcon.colcon_core.package_discovery:discover_packages(ignore) check parameters
[1.562s] Level 1:colcon.colcon_core.package_discovery:discover_packages(path) check parameters
[1.562s] Level 1:colcon.colcon_core.package_discovery:discover_packages(colcon_meta) discover
[1.562s] Level 1:colcon.colcon_core.package_discovery:discover_packages(recursive) discover
[1.562s] INFO:colcon.colcon_core.package_discovery:Crawling recursively for packages in '/root/ros2_code/foxy/learning'
[1.562s] Level 1:colcon.colcon_core.package_identification:_identify(.) by extensions ['ignore', 'ignore_ament_install']
[1.562s] Level 1:colcon.colcon_core.package_identification:_identify(.) by extension 'ignore'
[1.562s] Level 1:colcon.colcon_core.package_identification:_identify(.) by extension 'ignore_ament_install'
[1.562s] Level 1:colcon.colcon_core.package_identification:_identify(.) by extensions ['colcon_pkg']
[1.563s] Level 1:colcon.colcon_core.package_identification:_identify(.) by extension 'colcon_pkg'
[1.563s] Level 1:colcon.colcon_core.package_identification:_identify(.) by extensions ['colcon_meta']
[1.563s] Level 1:colcon.colcon_core.package_identification:_identify(.) by extension 'colcon_meta'
[1.563s] Level 1:colcon.colcon_core.package_identification:_identify(.) by extensions ['ros']
[1.563s] Level 1:colcon.colcon_core.package_identification:_identify(.) by extension 'ros'
[1.572s] Level 1:colcon.colcon_core.package_identification:_identify(.) by extensions ['cmake', 'python']
[1.572s] Level 1:colcon.colcon_core.package_identification:_identify(.) by extension 'cmake'
[1.572s] Level 1:colcon.colcon_core.package_identification:_identify(.) by extension 'python'
[1.572s] Level 1:colcon.colcon_core.package_identification:_identify(.) by extensions ['python_setup_py']
[1.572s] Level 1:colcon.colcon_core.package_identification:_identify(.) by extension 'python_setup_py'
[1.572s] Level 1:colcon.colcon_core.package_identification:_identify(build) by extensions ['ignore', 'ignore_ament_install']
[1.572s] Level 1:colcon.colcon_core.package_identification:_identify(build) by extension 'ignore'
[1.573s] Level 1:colcon.colcon_core.package_identification:_identify(build) ignored
[1.573s] Level 1:colcon.colcon_core.package_identification:_identify(install) by extensions ['ignore', 'ignore_ament_install']
[1.573s] Level 1:colcon.colcon_core.package_identification:_identify(install) by extension 'ignore'
[1.573s] Level 1:colcon.colcon_core.package_identification:_identify(install) ignored
[1.573s] Level 1:colcon.colcon_core.package_identification:_identify(log) by extensions ['ignore', 'ignore_ament_install']
[1.573s] Level 1:colcon.colcon_core.package_identification:_identify(log) by extension 'ignore'
[1.573s] Level 1:colcon.colcon_core.package_identification:_identify(log) ignored
[1.573s] Level 1:colcon.colcon_core.package_identification:_identify(src) by extensions ['ignore', 'ignore_ament_install']
[1.573s] Level 1:colcon.colcon_core.package_identification:_identify(src) by extension 'ignore'
[1.573s] Level 1:colcon.colcon_core.package_identification:_identify(src) by extension 'ignore_ament_install'
[1.573s] Level 1:colcon.colcon_core.package_identification:_identify(src) by extensions ['colcon_pkg']
[1.573s] Level 1:colcon.colcon_core.package_identification:_identify(src) by extension 'colcon_pkg'
[1.573s] Level 1:colcon.colcon_core.package_identification:_identify(src) by extensions ['colcon_meta']
[1.573s] Level 1:colcon.colcon_core.package_identification:_identify(src) by extension 'colcon_meta'
[1.573s] Level 1:colcon.colcon_core.package_identification:_identify(src) by extensions ['ros']
[1.573s] Level 1:colcon.colcon_core.package_identification:_identify(src) by extension 'ros'
[1.573s] Level 1:colcon.colcon_core.package_identification:_identify(src) by extensions ['cmake', 'python']
[1.573s] Level 1:colcon.colcon_core.package_identification:_identify(src) by extension 'cmake'
[1.573s] Level 1:colcon.colcon_core.package_identification:_identify(src) by extension 'python'
[1.574s] Level 1:colcon.colcon_core.package_identification:_identify(src) by extensions ['python_setup_py']
[1.574s] Level 1:colcon.colcon_core.package_identification:_identify(src) by extension 'python_setup_py'
[1.574s] Level 1:colcon.colcon_core.package_identification:_identify(src/articubot_one-main) by extensions ['ignore', 'ignore_ament_install']
[1.574s] Level 1:colcon.colcon_core.package_identification:_identify(src/articubot_one-main) by extension 'ignore'
[1.574s] Level 1:colcon.colcon_core.package_identification:_identify(src/articubot_one-main) by extension 'ignore_ament_install'
[1.574s] Level 1:colcon.colcon_core.package_identification:_identify(src/articubot_one-main) by extensions ['colcon_pkg']
[1.574s] Level 1:colcon.colcon_core.package_identification:_identify(src/articubot_one-main) by extension 'colcon_pkg'
[1.574s] Level 1:colcon.colcon_core.package_identification:_identify(src/articubot_one-main) by extensions ['colcon_meta']
[1.574s] Level 1:colcon.colcon_core.package_identification:_identify(src/articubot_one-main) by extension 'colcon_meta'
[1.574s] Level 1:colcon.colcon_core.package_identification:_identify(src/articubot_one-main) by extensions ['ros']
[1.574s] Level 1:colcon.colcon_core.package_identification:_identify(src/articubot_one-main) by extension 'ros'
[1.576s] DEBUG:colcon.colcon_core.package_identification:Package 'src/articubot_one-main' with type 'ros.ament_cmake' and name 'articubot_one'
[1.576s] Level 1:colcon.colcon_core.package_identification:_identify(src/ball_tracker-main) by extensions ['ignore', 'ignore_ament_install']
[1.576s] Level 1:colcon.colcon_core.package_identification:_identify(src/ball_tracker-main) by extension 'ignore'
[1.576s] Level 1:colcon.colcon_core.package_identification:_identify(src/ball_tracker-main) by extension 'ignore_ament_install'
[1.577s] Level 1:colcon.colcon_core.package_identification:_identify(src/ball_tracker-main) by extensions ['colcon_pkg']
[1.577s] Level 1:colcon.colcon_core.package_identification:_identify(src/ball_tracker-main) by extension 'colcon_pkg'
[1.577s] Level 1:colcon.colcon_core.package_identification:_identify(src/ball_tracker-main) by extensions ['colcon_meta']
[1.577s] Level 1:colcon.colcon_core.package_identification:_identify(src/ball_tracker-main) by extension 'colcon_meta'
[1.577s] Level 1:colcon.colcon_core.package_identification:_identify(src/ball_tracker-main) by extensions ['ros']
[1.577s] Level 1:colcon.colcon_core.package_identification:_identify(src/ball_tracker-main) by extension 'ros'
[1.578s] DEBUG:colcon.colcon_core.package_identification:Package 'src/ball_tracker-main' with type 'ros.ament_python' and name 'ball_tracker'
[1.578s] Level 1:colcon.colcon_core.package_discovery:discover_packages(recursive) using defaults
[1.578s] Level 1:colcon.colcon_core.package_discovery:discover_packages(ignore) discover
[1.578s] Level 1:colcon.colcon_core.package_discovery:discover_packages(ignore) using defaults
[1.578s] Level 1:colcon.colcon_core.package_discovery:discover_packages(path) discover
[1.578s] Level 1:colcon.colcon_core.package_discovery:discover_packages(path) using defaults
[1.692s] Level 5:colcon.colcon_core.verb:set package 'articubot_one' build argument 'cmake_args' from command line to 'None'
[1.692s] Level 5:colcon.colcon_core.verb:set package 'articubot_one' build argument 'cmake_target' from command line to 'None'
[1.692s] Level 5:colcon.colcon_core.verb:set package 'articubot_one' build argument 'cmake_target_skip_unavailable' from command line to 'False'
[1.692s] Level 5:colcon.colcon_core.verb:set package 'articubot_one' build argument 'cmake_clean_cache' from command line to 'False'
[1.692s] Level 5:colcon.colcon_core.verb:set package 'articubot_one' build argument 'cmake_clean_first' from command line to 'False'
[1.692s] Level 5:colcon.colcon_core.verb:set package 'articubot_one' build argument 'cmake_force_configure' from command line to 'False'
[1.692s] Level 5:colcon.colcon_core.verb:set package 'articubot_one' build argument 'ament_cmake_args' from command line to 'None'
[1.692s] Level 5:colcon.colcon_core.verb:set package 'articubot_one' build argument 'catkin_cmake_args' from command line to 'None'
[1.692s] Level 5:colcon.colcon_core.verb:set package 'articubot_one' build argument 'catkin_skip_building_tests' from command line to 'False'
[1.692s] DEBUG:colcon.colcon_core.verb:Building package 'articubot_one' with the following arguments: {'ament_cmake_args': None, 'build_base': '/root/ros2_code/foxy/learning/build/articubot_one', 'catkin_cmake_args': None, 'catkin_skip_building_tests': False, 'cmake_args': None, 'cmake_clean_cache': False, 'cmake_clean_first': False, 'cmake_force_configure': False, 'cmake_target': None, 'cmake_target_skip_unavailable': False, 'install_base': '/root/ros2_code/foxy/learning/install/articubot_one', 'merge_install': False, 'path': '/root/ros2_code/foxy/learning/src/articubot_one-main', 'symlink_install': True, 'test_result_base': None}
[1.714s] Level 5:colcon.colcon_core.verb:set package 'ball_tracker' build argument 'cmake_args' from command line to 'None'
[1.714s] Level 5:colcon.colcon_core.verb:set package 'ball_tracker' build argument 'cmake_target' from command line to 'None'
[1.714s] Level 5:colcon.colcon_core.verb:set package 'ball_tracker' build argument 'cmake_target_skip_unavailable' from command line to 'False'
[1.714s] Level 5:colcon.colcon_core.verb:set package 'ball_tracker' build argument 'cmake_clean_cache' from command line to 'False'
[1.714s] Level 5:colcon.colcon_core.verb:set package 'ball_tracker' build argument 'cmake_clean_first' from command line to 'False'
[1.714s] Level 5:colcon.colcon_core.verb:set package 'ball_tracker' build argument 'cmake_force_configure' from command line to 'False'
[1.714s] Level 5:colcon.colcon_core.verb:set package 'ball_tracker' build argument 'ament_cmake_args' from command line to 'None'
[1.714s] Level 5:colcon.colcon_core.verb:set package 'ball_tracker' build argument 'catkin_cmake_args' from command line to 'None'
[1.714s] Level 5:colcon.colcon_core.verb:set package 'ball_tracker' build argument 'catkin_skip_building_tests' from command line to 'False'
[1.714s] DEBUG:colcon.colcon_core.verb:Building package 'ball_tracker' with the following arguments: {'ament_cmake_args': None, 'build_base': '/root/ros2_code/foxy/learning/build/ball_tracker', 'catkin_cmake_args': None, 'catkin_skip_building_tests': False, 'cmake_args': None, 'cmake_clean_cache': False, 'cmake_clean_first': False, 'cmake_force_configure': False, 'cmake_target': None, 'cmake_target_skip_unavailable': False, 'install_base': '/root/ros2_code/foxy/learning/install/ball_tracker', 'merge_install': False, 'path': '/root/ros2_code/foxy/learning/src/ball_tracker-main', 'symlink_install': True, 'test_result_base': None}
[1.735s] INFO:colcon.colcon_core.executor:Executing jobs using 'parallel' executor
[1.757s] DEBUG:colcon.colcon_parallel_executor.executor.parallel:run_until_complete
[1.758s] INFO:colcon.colcon_ros.task.ament_cmake.build:Building ROS package in '/root/ros2_code/foxy/learning/src/articubot_one-main' with build type 'ament_cmake'
[1.758s] INFO:colcon.colcon_cmake.task.cmake.build:Building CMake package in '/root/ros2_code/foxy/learning/src/articubot_one-main'
[1.794s] INFO:colcon.colcon_core.plugin_system:Skipping extension 'colcon_core.shell.bat': Not used on non-Windows systems
[1.796s] INFO:colcon.colcon_core.shell:Skip shell extension 'powershell' for command environment: Not usable outside of PowerShell
[1.797s] DEBUG:colcon.colcon_core.shell:Skip shell extension 'dsv' for command environment
[1.875s] INFO:colcon.colcon_ros.task.ament_python.build:Building ROS package in '/root/ros2_code/foxy/learning/src/ball_tracker-main' with build type 'ament_python'
[1.876s] Level 1:colcon.colcon_core.shell:create_environment_hook('ball_tracker', 'ament_prefix_path')
[1.911s] INFO:colcon.colcon_core.shell:Creating environment hook '/root/ros2_code/foxy/learning/install/ball_tracker/share/ball_tracker/hook/ament_prefix_path.ps1'
[1.912s] INFO:colcon.colcon_core.shell:Creating environment descriptor '/root/ros2_code/foxy/learning/install/ball_tracker/share/ball_tracker/hook/ament_prefix_path.dsv'
[1.913s] INFO:colcon.colcon_core.shell:Creating environment hook '/root/ros2_code/foxy/learning/install/ball_tracker/share/ball_tracker/hook/ament_prefix_path.sh'
[1.947s] INFO:colcon.colcon_core.shell:Skip shell extension 'powershell' for command environment: Not usable outside of PowerShell
[1.947s] DEBUG:colcon.colcon_core.shell:Skip shell extension 'dsv' for command environment
[2.024s] DEBUG:colcon.colcon_core.event_handler.log_command:Invoking command in '/root/ros2_code/foxy/learning/build/articubot_one': CMAKE_PREFIX_PATH=/opt/ros/foxy /usr/bin/cmake /root/ros2_code/foxy/learning/src/articubot_one-main -DAMENT_CMAKE_SYMLINK_INSTALL=1 -DCMAKE_INSTALL_PREFIX=/root/ros2_code/foxy/learning/install/articubot_one
[2.272s] INFO:colcon.colcon_core.task.python.build:Building Python package in '/root/ros2_code/foxy/learning/src/ball_tracker-main'
[2.297s] INFO:colcon.colcon_core.shell:Skip shell extension 'powershell' for command environment: Not usable outside of PowerShell
[2.297s] DEBUG:colcon.colcon_core.shell:Skip shell extension 'dsv' for command environment
[2.455s] DEBUG:colcon.colcon_core.event_handler.log_command:Invoked command in '/root/ros2_code/foxy/learning/build/articubot_one' returned '0': CMAKE_PREFIX_PATH=/opt/ros/foxy /usr/bin/cmake /root/ros2_code/foxy/learning/src/articubot_one-main -DAMENT_CMAKE_SYMLINK_INSTALL=1 -DCMAKE_INSTALL_PREFIX=/root/ros2_code/foxy/learning/install/articubot_one
[2.460s] DEBUG:colcon.colcon_core.event_handler.log_command:Invoking command in '/root/ros2_code/foxy/learning/build/articubot_one': CMAKE_PREFIX_PATH=/opt/ros/foxy /usr/bin/cmake --build /root/ros2_code/foxy/learning/build/articubot_one -- -j12 -l12
[2.534s] DEBUG:colcon.colcon_core.event_handler.log_command:Invoked command in '/root/ros2_code/foxy/learning/build/articubot_one' returned '0': CMAKE_PREFIX_PATH=/opt/ros/foxy /usr/bin/cmake --build /root/ros2_code/foxy/learning/build/articubot_one -- -j12 -l12
[2.585s] DEBUG:colcon.colcon_core.event_handler.log_command:Invoking command in '/root/ros2_code/foxy/learning/build/articubot_one': CMAKE_PREFIX_PATH=/opt/ros/foxy /usr/bin/cmake --install /root/ros2_code/foxy/learning/build/articubot_one
[2.645s] Level 1:colcon.colcon_core.environment:create_environment_scripts_only(articubot_one)
[2.646s] DEBUG:colcon.colcon_core.event_handler.log_command:Invoked command in '/root/ros2_code/foxy/learning/build/articubot_one' returned '0': CMAKE_PREFIX_PATH=/opt/ros/foxy /usr/bin/cmake --install /root/ros2_code/foxy/learning/build/articubot_one
[2.678s] Level 1:colcon.colcon_core.environment:checking '/root/ros2_code/foxy/learning/install/articubot_one' for CMake module files
[2.679s] Level 1:colcon.colcon_core.environment:checking '/root/ros2_code/foxy/learning/install/articubot_one' for CMake config files
[2.679s] Level 1:colcon.colcon_core.shell:create_environment_hook('articubot_one', 'cmake_prefix_path')
[2.709s] INFO:colcon.colcon_core.shell:Creating environment hook '/root/ros2_code/foxy/learning/install/articubot_one/share/articubot_one/hook/cmake_prefix_path.ps1'
[2.710s] INFO:colcon.colcon_core.shell:Creating environment descriptor '/root/ros2_code/foxy/learning/install/articubot_one/share/articubot_one/hook/cmake_prefix_path.dsv'
[2.710s] INFO:colcon.colcon_core.shell:Creating environment hook '/root/ros2_code/foxy/learning/install/articubot_one/share/articubot_one/hook/cmake_prefix_path.sh'
[2.711s] Level 1:colcon.colcon_core.environment:checking '/root/ros2_code/foxy/learning/install/articubot_one/bin'
[2.711s] Level 1:colcon.colcon_core.environment:checking '/root/ros2_code/foxy/learning/install/articubot_one/lib/pkgconfig/articubot_one.pc'
[2.712s] Level 1:colcon.colcon_core.environment:checking '/root/ros2_code/foxy/learning/install/articubot_one/lib/python3.8/site-packages'
[2.712s] Level 1:colcon.colcon_core.environment:checking '/root/ros2_code/foxy/learning/install/articubot_one/bin'
[2.740s] INFO:colcon.colcon_core.shell:Creating package script '/root/ros2_code/foxy/learning/install/articubot_one/share/articubot_one/package.ps1'
[2.740s] INFO:colcon.colcon_core.shell:Creating package descriptor '/root/ros2_code/foxy/learning/install/articubot_one/share/articubot_one/package.dsv'
[2.741s] INFO:colcon.colcon_core.shell:Creating package script '/root/ros2_code/foxy/learning/install/articubot_one/share/articubot_one/package.sh'
[2.742s] INFO:colcon.colcon_core.shell:Creating package script '/root/ros2_code/foxy/learning/install/articubot_one/share/articubot_one/package.bash'
[2.742s] INFO:colcon.colcon_core.shell:Creating package script '/root/ros2_code/foxy/learning/install/articubot_one/share/articubot_one/package.zsh'
[2.743s] Level 1:colcon.colcon_core.environment:create_file_with_runtime_dependencies(/root/ros2_code/foxy/learning/install/articubot_one/share/colcon-core/packages/articubot_one)
[2.798s] Level 1:colcon.colcon_core.environment:create_environment_scripts_only(articubot_one)
[2.833s] Level 1:colcon.colcon_core.environment:checking '/root/ros2_code/foxy/learning/install/articubot_one' for CMake module files
[2.833s] Level 1:colcon.colcon_core.environment:checking '/root/ros2_code/foxy/learning/install/articubot_one' for CMake config files
[2.834s] Level 1:colcon.colcon_core.shell:create_environment_hook('articubot_one', 'cmake_prefix_path')
[2.857s] INFO:colcon.colcon_core.shell:Creating environment hook '/root/ros2_code/foxy/learning/install/articubot_one/share/articubot_one/hook/cmake_prefix_path.ps1'
[2.858s] INFO:colcon.colcon_core.shell:Creating environment descriptor '/root/ros2_code/foxy/learning/install/articubot_one/share/articubot_one/hook/cmake_prefix_path.dsv'
[2.858s] INFO:colcon.colcon_core.shell:Creating environment hook '/root/ros2_code/foxy/learning/install/articubot_one/share/articubot_one/hook/cmake_prefix_path.sh'
[2.859s] Level 1:colcon.colcon_core.environment:checking '/root/ros2_code/foxy/learning/install/articubot_one/bin'
[2.859s] Level 1:colcon.colcon_core.environment:checking '/root/ros2_code/foxy/learning/install/articubot_one/lib/pkgconfig/articubot_one.pc'
[2.859s] Level 1:colcon.colcon_core.environment:checking '/root/ros2_code/foxy/learning/install/articubot_one/lib/python3.8/site-packages'
[2.859s] Level 1:colcon.colcon_core.environment:checking '/root/ros2_code/foxy/learning/install/articubot_one/bin'
[2.888s] INFO:colcon.colcon_core.shell:Creating package script '/root/ros2_code/foxy/learning/install/articubot_one/share/articubot_one/package.ps1'
[2.889s] INFO:colcon.colcon_core.shell:Creating package descriptor '/root/ros2_code/foxy/learning/install/articubot_one/share/articubot_one/package.dsv'
[2.889s] INFO:colcon.colcon_core.shell:Creating package script '/root/ros2_code/foxy/learning/install/articubot_one/share/articubot_one/package.sh'
[2.890s] INFO:colcon.colcon_core.shell:Creating package script '/root/ros2_code/foxy/learning/install/articubot_one/share/articubot_one/package.bash'
[2.890s] INFO:colcon.colcon_core.shell:Creating package script '/root/ros2_code/foxy/learning/install/articubot_one/share/articubot_one/package.zsh'
[2.891s] Level 1:colcon.colcon_core.environment:create_file_with_runtime_dependencies(/root/ros2_code/foxy/learning/install/articubot_one/share/colcon-core/packages/articubot_one)
[2.928s] DEBUG:colcon.colcon_core.task.python.build:While undoing a previous installation files outside the Python library path are being ignored: /root/ros2_code/foxy/learning/install/ball_tracker/share/ament_index/resource_index/packages/ball_tracker
[2.928s] DEBUG:colcon.colcon_core.task.python.build:While undoing a previous installation files outside the Python library path are being ignored: /root/ros2_code/foxy/learning/install/ball_tracker/share/ball_tracker/package.xml
[2.928s] DEBUG:colcon.colcon_core.task.python.build:While undoing a previous installation files outside the Python library path are being ignored: /root/ros2_code/foxy/learning/install/ball_tracker/share/ball_tracker/launch/ball_tracker.launch.py
[2.928s] DEBUG:colcon.colcon_core.task.python.build:While undoing a previous installation files outside the Python library path are being ignored: /root/ros2_code/foxy/learning/install/ball_tracker/share/ball_tracker/launch/example_launch_include.launch.py
[2.928s] DEBUG:colcon.colcon_core.task.python.build:While undoing a previous installation files outside the Python library path are being ignored: /root/ros2_code/foxy/learning/install/ball_tracker/share/ball_tracker/config/ball_tracker_params_example.yaml
[2.928s] DEBUG:colcon.colcon_core.task.python.build:While undoing a previous installation files outside the Python library path are being ignored: /root/ros2_code/foxy/learning/install/ball_tracker/lib/ball_tracker/detect_ball
[2.928s] DEBUG:colcon.colcon_core.task.python.build:While undoing a previous installation files outside the Python library path are being ignored: /root/ros2_code/foxy/learning/install/ball_tracker/lib/ball_tracker/detect_ball_3d
[2.928s] DEBUG:colcon.colcon_core.task.python.build:While undoing a previous installation files outside the Python library path are being ignored: /root/ros2_code/foxy/learning/install/ball_tracker/lib/ball_tracker/follow_ball
[2.933s] DEBUG:colcon.colcon_core.event_handler.log_command:Invoking command in '/root/ros2_code/foxy/learning/build/ball_tracker': PYTHONPATH=/root/ros2_code/foxy/learning/build/ball_tracker/prefix_override:/root/ros2_code/foxy/learning/install/ball_tracker/lib/python3.8/site-packages:${PYTHONPATH} /usr/bin/python3 setup.py develop --editable --build-directory /root/ros2_code/foxy/learning/build/ball_tracker/build --no-deps install_data
[3.467s] Level 1:colcon.colcon_core.shell:create_environment_hook('ball_tracker', 'pythonpath_develop')
[3.467s] DEBUG:colcon.colcon_core.event_handler.log_command:Invoked command in '/root/ros2_code/foxy/learning/build/ball_tracker' returned '0': PYTHONPATH=/root/ros2_code/foxy/learning/build/ball_tracker/prefix_override:/root/ros2_code/foxy/learning/install/ball_tracker/lib/python3.8/site-packages:${PYTHONPATH} /usr/bin/python3 setup.py develop --editable --build-directory /root/ros2_code/foxy/learning/build/ball_tracker/build --no-deps install_data
[3.490s] INFO:colcon.colcon_core.shell:Creating environment hook '/root/ros2_code/foxy/learning/build/ball_tracker/share/ball_tracker/hook/pythonpath_develop.ps1'
[3.491s] INFO:colcon.colcon_core.shell:Creating environment descriptor '/root/ros2_code/foxy/learning/build/ball_tracker/share/ball_tracker/hook/pythonpath_develop.dsv'
[3.491s] INFO:colcon.colcon_core.shell:Creating environment hook '/root/ros2_code/foxy/learning/build/ball_tracker/share/ball_tracker/hook/pythonpath_develop.sh'
[3.522s] Level 1:colcon.colcon_core.environment:checking '/root/ros2_code/foxy/learning/install/ball_tracker' for CMake module files
[3.523s] Level 1:colcon.colcon_core.environment:checking '/root/ros2_code/foxy/learning/install/ball_tracker' for CMake config files
[3.524s] Level 1:colcon.colcon_core.environment:checking '/root/ros2_code/foxy/learning/install/ball_tracker/lib'
[3.524s] Level 1:colcon.colcon_core.environment:checking '/root/ros2_code/foxy/learning/install/ball_tracker/bin'
[3.524s] Level 1:colcon.colcon_core.environment:checking '/root/ros2_code/foxy/learning/install/ball_tracker/lib/pkgconfig/ball_tracker.pc'
[3.524s] Level 1:colcon.colcon_core.environment:checking '/root/ros2_code/foxy/learning/install/ball_tracker/lib/python3.8/site-packages'
[3.524s] Level 1:colcon.colcon_core.shell:create_environment_hook('ball_tracker', 'pythonpath')
[3.551s] INFO:colcon.colcon_core.shell:Creating environment hook '/root/ros2_code/foxy/learning/install/ball_tracker/share/ball_tracker/hook/pythonpath.ps1'
[3.552s] INFO:colcon.colcon_core.shell:Creating environment descriptor '/root/ros2_code/foxy/learning/install/ball_tracker/share/ball_tracker/hook/pythonpath.dsv'
[3.552s] INFO:colcon.colcon_core.shell:Creating environment hook '/root/ros2_code/foxy/learning/install/ball_tracker/share/ball_tracker/hook/pythonpath.sh'
[3.552s] Level 1:colcon.colcon_core.environment:checking '/root/ros2_code/foxy/learning/install/ball_tracker/bin'
[3.553s] Level 1:colcon.colcon_core.environment:create_environment_scripts_only(ball_tracker)
[3.586s] INFO:colcon.colcon_core.shell:Creating package script '/root/ros2_code/foxy/learning/install/ball_tracker/share/ball_tracker/package.ps1'
[3.587s] INFO:colcon.colcon_core.shell:Creating package descriptor '/root/ros2_code/foxy/learning/install/ball_tracker/share/ball_tracker/package.dsv'
[3.587s] INFO:colcon.colcon_core.shell:Creating package script '/root/ros2_code/foxy/learning/install/ball_tracker/share/ball_tracker/package.sh'
[3.587s] INFO:colcon.colcon_core.shell:Creating package script '/root/ros2_code/foxy/learning/install/ball_tracker/share/ball_tracker/package.bash'
[3.588s] INFO:colcon.colcon_core.shell:Creating package script '/root/ros2_code/foxy/learning/install/ball_tracker/share/ball_tracker/package.zsh'
[3.588s] Level 1:colcon.colcon_core.environment:create_file_with_runtime_dependencies(/root/ros2_code/foxy/learning/install/ball_tracker/share/colcon-core/packages/ball_tracker)
[3.588s] DEBUG:colcon.colcon_parallel_executor.executor.parallel:closing loop
[3.589s] DEBUG:colcon.colcon_parallel_executor.executor.parallel:loop closed
[3.589s] DEBUG:colcon.colcon_parallel_executor.executor.parallel:run_until_complete finished with '0'
[3.589s] DEBUG:colcon.colcon_core.event_reactor:joining thread
[3.635s] INFO:colcon.colcon_core.plugin_system:Skipping extension 'colcon_notification.desktop_notification.notify_send': Could not find 'notify-send'
[3.635s] INFO:colcon.colcon_core.plugin_system:Skipping extension 'colcon_notification.desktop_notification.terminal_notifier': Not used on non-Darwin systems
[3.636s] INFO:colcon.colcon_core.plugin_system:Skipping extension 'colcon_notification.desktop_notification.win32': Not used on non-Windows systems
[3.636s] INFO:colcon.colcon_notification.desktop_notification:Sending desktop notification using 'notify2'
[3.640s] DEBUG:colcon.colcon_notification.desktop_notification.notify2:Failed to initialize notify2: org.freedesktop.DBus.Error.Spawn.ExecFailed: /usr/bin/dbus-launch terminated abnormally without any error message
[3.642s] DEBUG:colcon.colcon_core.event_reactor:joined thread
[3.682s] INFO:colcon.colcon_core.shell:Creating prefix script '/root/ros2_code/foxy/learning/install/local_setup.ps1'
[3.683s] INFO:colcon.colcon_core.shell:Creating prefix util module '/root/ros2_code/foxy/learning/install/_local_setup_util_ps1.py'
[3.687s] INFO:colcon.colcon_core.shell:Creating prefix chain script '/root/ros2_code/foxy/learning/install/setup.ps1'
[3.712s] INFO:colcon.colcon_core.shell:Creating prefix script '/root/ros2_code/foxy/learning/install/local_setup.sh'
[3.713s] INFO:colcon.colcon_core.shell:Creating prefix util module '/root/ros2_code/foxy/learning/install/_local_setup_util_sh.py'
[3.713s] INFO:colcon.colcon_core.shell:Creating prefix chain script '/root/ros2_code/foxy/learning/install/setup.sh'
[3.738s] INFO:colcon.colcon_core.shell:Creating prefix script '/root/ros2_code/foxy/learning/install/local_setup.bash'
[3.738s] INFO:colcon.colcon_core.shell:Creating prefix chain script '/root/ros2_code/foxy/learning/install/setup.bash'
[3.767s] INFO:colcon.colcon_core.shell:Creating prefix script '/root/ros2_code/foxy/learning/install/local_setup.zsh'
[3.768s] INFO:colcon.colcon_core.shell:Creating prefix chain script '/root/ros2_code/foxy/learning/install/setup.zsh'
