[0.223s] Invoking command in '/root/ros2_code/humble/omni_navigation/build/omni_robot_description': CMAKE_PREFIX_PATH=${CMAKE_PREFIX_PATH}:/root/ros2_code/humble/vision/install/path_planner_pkg:/root/ros2_code/humble/vision/install/nav2_api_pkg:/root/ros2_code/humble/vision/install/joystick_pkg:/root/ros2_code/humble/vision/install/cartographer_pkg:/root/ros2_code/humble/nav2class/install/autonomous_tb3:/root/ros2_code/humble/simulations/install/path_planner_server:/root/ros2_code/humble/simulations/install/map_server:/root/ros2_code/humble/simulations/install/localization_server:/opt/ros/humble /usr/bin/cmake /root/ros2_code/humble/omni_navigation/src/omni_robot_description -DCMAKE_INSTALL_PREFIX=/root/ros2_code/humble/omni_navigation/install/omni_robot_description
[0.358s] -- The C compiler identification is GNU 11.4.0
[0.508s] -- The CXX compiler identification is GNU 11.4.0
[0.517s] -- Detecting C compiler ABI info
[0.590s] -- Detecting C compiler ABI info - done
[0.595s] -- Check for working C compiler: /usr/bin/cc - skipped
[0.595s] -- Detecting C compile features
[0.595s] -- Detecting C compile features - done
[0.598s] -- Detecting CXX compiler ABI info
[0.680s] -- Detecting CXX compiler ABI info - done
[0.686s] -- Check for working CXX compiler: /usr/bin/c++ - skipped
[0.686s] -- Detecting CXX compile features
[0.686s] -- Detecting CXX compile features - done
[0.695s] -- Found ament_cmake: 1.3.6 (/opt/ros/humble/share/ament_cmake/cmake)
[0.887s] -- Found Python3: /usr/bin/python3.10 (found version "3.10.12") found components: Interpreter 
[1.043s] -- Found ament_lint_auto: 0.12.9 (/opt/ros/humble/share/ament_lint_auto/cmake)
[1.154s] -- Added test 'copyright' to check source files copyright and LICENSE
[1.164s] -- Added test 'lint_cmake' to check CMake code style
[1.169s] -- Added test 'xmllint' to check XML markup files
[1.171s] -- Configuring done
[1.174s] -- Generating done
[1.175s] -- Build files have been written to: /root/ros2_code/humble/omni_navigation/build/omni_robot_description
[1.179s] Invoked command in '/root/ros2_code/humble/omni_navigation/build/omni_robot_description' returned '0': CMAKE_PREFIX_PATH=${CMAKE_PREFIX_PATH}:/root/ros2_code/humble/vision/install/path_planner_pkg:/root/ros2_code/humble/vision/install/nav2_api_pkg:/root/ros2_code/humble/vision/install/joystick_pkg:/root/ros2_code/humble/vision/install/cartographer_pkg:/root/ros2_code/humble/nav2class/install/autonomous_tb3:/root/ros2_code/humble/simulations/install/path_planner_server:/root/ros2_code/humble/simulations/install/map_server:/root/ros2_code/humble/simulations/install/localization_server:/opt/ros/humble /usr/bin/cmake /root/ros2_code/humble/omni_navigation/src/omni_robot_description -DCMAKE_INSTALL_PREFIX=/root/ros2_code/humble/omni_navigation/install/omni_robot_description
[1.180s] Invoking command in '/root/ros2_code/humble/omni_navigation/build/omni_robot_description': CMAKE_PREFIX_PATH=${CMAKE_PREFIX_PATH}:/root/ros2_code/humble/vision/install/path_planner_pkg:/root/ros2_code/humble/vision/install/nav2_api_pkg:/root/ros2_code/humble/vision/install/joystick_pkg:/root/ros2_code/humble/vision/install/cartographer_pkg:/root/ros2_code/humble/nav2class/install/autonomous_tb3:/root/ros2_code/humble/simulations/install/path_planner_server:/root/ros2_code/humble/simulations/install/map_server:/root/ros2_code/humble/simulations/install/localization_server:/opt/ros/humble /usr/bin/cmake --build /root/ros2_code/humble/omni_navigation/build/omni_robot_description -- -j12 -l12
[1.270s] Invoked command in '/root/ros2_code/humble/omni_navigation/build/omni_robot_description' returned '0': CMAKE_PREFIX_PATH=${CMAKE_PREFIX_PATH}:/root/ros2_code/humble/vision/install/path_planner_pkg:/root/ros2_code/humble/vision/install/nav2_api_pkg:/root/ros2_code/humble/vision/install/joystick_pkg:/root/ros2_code/humble/vision/install/cartographer_pkg:/root/ros2_code/humble/nav2class/install/autonomous_tb3:/root/ros2_code/humble/simulations/install/path_planner_server:/root/ros2_code/humble/simulations/install/map_server:/root/ros2_code/humble/simulations/install/localization_server:/opt/ros/humble /usr/bin/cmake --build /root/ros2_code/humble/omni_navigation/build/omni_robot_description -- -j12 -l12
[1.356s] Invoking command in '/root/ros2_code/humble/omni_navigation/build/omni_robot_description': CMAKE_PREFIX_PATH=${CMAKE_PREFIX_PATH}:/root/ros2_code/humble/vision/install/path_planner_pkg:/root/ros2_code/humble/vision/install/nav2_api_pkg:/root/ros2_code/humble/vision/install/joystick_pkg:/root/ros2_code/humble/vision/install/cartographer_pkg:/root/ros2_code/humble/nav2class/install/autonomous_tb3:/root/ros2_code/humble/simulations/install/path_planner_server:/root/ros2_code/humble/simulations/install/map_server:/root/ros2_code/humble/simulations/install/localization_server:/opt/ros/humble /usr/bin/cmake --install /root/ros2_code/humble/omni_navigation/build/omni_robot_description
[1.366s] -- Install configuration: ""
[1.366s] -- Installing: /root/ros2_code/humble/omni_navigation/install/omni_robot_description/share/omni_robot_description/robots
[1.366s] -- Installing: /root/ros2_code/humble/omni_navigation/install/omni_robot_description/share/omni_robot_description/robots/robot.sdf
[1.367s] -- Installing: /root/ros2_code/humble/omni_navigation/install/omni_robot_description/share/omni_robot_description/robots/omni_robot.urdf.xacro
[1.367s] -- Installing: /root/ros2_code/humble/omni_navigation/install/omni_robot_description/share/omni_robot_description/robots/rs_robot.urdf
[1.368s] -- Installing: /root/ros2_code/humble/omni_navigation/install/omni_robot_description/share/omni_robot_description/urdf
[1.368s] -- Installing: /root/ros2_code/humble/omni_navigation/install/omni_robot_description/share/omni_robot_description/urdf/base
[1.368s] -- Installing: /root/ros2_code/humble/omni_navigation/install/omni_robot_description/share/omni_robot_description/urdf/base/base.urdf.xacro
[1.368s] -- Installing: /root/ros2_code/humble/omni_navigation/install/omni_robot_description/share/omni_robot_description/urdf/base/base.gazebo.xacro
[1.369s] -- Installing: /root/ros2_code/humble/omni_navigation/install/omni_robot_description/share/omni_robot_description/urdf/roller
[1.369s] -- Installing: /root/ros2_code/humble/omni_navigation/install/omni_robot_description/share/omni_robot_description/urdf/roller/roller.urdf.xacro
[1.369s] -- Installing: /root/ros2_code/humble/omni_navigation/install/omni_robot_description/share/omni_robot_description/urdf/roller/roller.gazebo.xacro
[1.369s] -- Installing: /root/ros2_code/humble/omni_navigation/install/omni_robot_description/share/omni_robot_description/urdf/roller/roller.transmission.xacro
[1.370s] -- Installing: /root/ros2_code/humble/omni_navigation/install/omni_robot_description/share/omni_robot_description/urdf/omni_wheel
[1.370s] -- Installing: /root/ros2_code/humble/omni_navigation/install/omni_robot_description/share/omni_robot_description/urdf/omni_wheel/omni_wheel.gazebo.xacro
[1.370s] -- Installing: /root/ros2_code/humble/omni_navigation/install/omni_robot_description/share/omni_robot_description/urdf/omni_wheel/omni_wheel.urdf.xacro
[1.370s] -- Installing: /root/ros2_code/humble/omni_navigation/install/omni_robot_description/share/omni_robot_description/urdf/omni_wheel/omni_wheel.transmission.xacro
[1.371s] -- Installing: /root/ros2_code/humble/omni_navigation/install/omni_robot_description/share/omni_robot_description/urdf/lrf
[1.371s] -- Installing: /root/ros2_code/humble/omni_navigation/install/omni_robot_description/share/omni_robot_description/urdf/lrf/lrf.gazebo.xacro
[1.371s] -- Installing: /root/ros2_code/humble/omni_navigation/install/omni_robot_description/share/omni_robot_description/urdf/lrf/lrf.urdf.xacro
[1.371s] -- Installing: /root/ros2_code/humble/omni_navigation/install/omni_robot_description/share/omni_robot_description/urdf/projectile.xacro
[1.372s] -- Installing: /root/ros2_code/humble/omni_navigation/install/omni_robot_description/share/ament_index/resource_index/package_run_dependencies/omni_robot_description
[1.372s] -- Installing: /root/ros2_code/humble/omni_navigation/install/omni_robot_description/share/ament_index/resource_index/parent_prefix_path/omni_robot_description
[1.372s] -- Installing: /root/ros2_code/humble/omni_navigation/install/omni_robot_description/share/omni_robot_description/environment/ament_prefix_path.sh
[1.372s] -- Installing: /root/ros2_code/humble/omni_navigation/install/omni_robot_description/share/omni_robot_description/environment/ament_prefix_path.dsv
[1.372s] -- Installing: /root/ros2_code/humble/omni_navigation/install/omni_robot_description/share/omni_robot_description/environment/path.sh
[1.373s] -- Installing: /root/ros2_code/humble/omni_navigation/install/omni_robot_description/share/omni_robot_description/environment/path.dsv
[1.373s] -- Installing: /root/ros2_code/humble/omni_navigation/install/omni_robot_description/share/omni_robot_description/local_setup.bash
[1.373s] -- Installing: /root/ros2_code/humble/omni_navigation/install/omni_robot_description/share/omni_robot_description/local_setup.sh
[1.374s] -- Installing: /root/ros2_code/humble/omni_navigation/install/omni_robot_description/share/omni_robot_description/local_setup.zsh
[1.374s] -- Installing: /root/ros2_code/humble/omni_navigation/install/omni_robot_description/share/omni_robot_description/local_setup.dsv
[1.374s] -- Installing: /root/ros2_code/humble/omni_navigation/install/omni_robot_description/share/omni_robot_description/package.dsv
[1.374s] -- Installing: /root/ros2_code/humble/omni_navigation/install/omni_robot_description/share/ament_index/resource_index/packages/omni_robot_description
[1.374s] -- Installing: /root/ros2_code/humble/omni_navigation/install/omni_robot_description/share/omni_robot_description/cmake/omni_robot_descriptionConfig.cmake
[1.374s] -- Installing: /root/ros2_code/humble/omni_navigation/install/omni_robot_description/share/omni_robot_description/cmake/omni_robot_descriptionConfig-version.cmake
[1.375s] -- Installing: /root/ros2_code/humble/omni_navigation/install/omni_robot_description/share/omni_robot_description/package.xml
[1.428s] Invoked command in '/root/ros2_code/humble/omni_navigation/build/omni_robot_description' returned '0': CMAKE_PREFIX_PATH=${CMAKE_PREFIX_PATH}:/root/ros2_code/humble/vision/install/path_planner_pkg:/root/ros2_code/humble/vision/install/nav2_api_pkg:/root/ros2_code/humble/vision/install/joystick_pkg:/root/ros2_code/humble/vision/install/cartographer_pkg:/root/ros2_code/humble/nav2class/install/autonomous_tb3:/root/ros2_code/humble/simulations/install/path_planner_server:/root/ros2_code/humble/simulations/install/map_server:/root/ros2_code/humble/simulations/install/localization_server:/opt/ros/humble /usr/bin/cmake --install /root/ros2_code/humble/omni_navigation/build/omni_robot_description
