[4.929s] Invoking command in '/root/ros2_code/humble/ros_bot/src/rosbot_utils': PYTHONPATH=/root/ros2_code/humble/ros_bot/build/rosbot_utils/prefix_override:/root/ros2_code/humble/ros_bot/install/rosbot_utils/lib/python3.10/site-packages:${PYTHONPATH} /usr/bin/python3 setup.py egg_info --egg-base ../../build/rosbot_utils build --build-base /root/ros2_code/humble/ros_bot/build/rosbot_utils/build install --record /root/ros2_code/humble/ros_bot/build/rosbot_utils/install.log --single-version-externally-managed
[5.474s] running egg_info
[5.476s] writing ../../build/rosbot_utils/rosbot_utils.egg-info/PKG-INFO
[5.476s] writing dependency_links to ../../build/rosbot_utils/rosbot_utils.egg-info/dependency_links.txt
[5.477s] writing entry points to ../../build/rosbot_utils/rosbot_utils.egg-info/entry_points.txt
[5.477s] writing requirements to ../../build/rosbot_utils/rosbot_utils.egg-info/requires.txt
[5.478s] writing top-level names to ../../build/rosbot_utils/rosbot_utils.egg-info/top_level.txt
[5.483s] reading manifest file '../../build/rosbot_utils/rosbot_utils.egg-info/SOURCES.txt'
[5.484s] writing manifest file '../../build/rosbot_utils/rosbot_utils.egg-info/SOURCES.txt'
[5.485s] running build
[5.485s] running build_py
[5.485s] running install
[5.486s] running install_lib
[5.490s] running install_data
[5.491s] running install_egg_info
[5.495s] removing '/root/ros2_code/humble/ros_bot/install/rosbot_utils/lib/python3.10/site-packages/rosbot_utils-0.0.0-py3.10.egg-info' (and everything under it)
[5.496s] Copying ../../build/rosbot_utils/rosbot_utils.egg-info to /root/ros2_code/humble/ros_bot/install/rosbot_utils/lib/python3.10/site-packages/rosbot_utils-0.0.0-py3.10.egg-info
[5.499s] running install_scripts
[5.534s] Installing flash_firmware script to /root/ros2_code/humble/ros_bot/install/rosbot_utils/lib/rosbot_utils
[5.535s] writing list of installed files to '/root/ros2_code/humble/ros_bot/build/rosbot_utils/install.log'
[6.146s] Invoked command in '/root/ros2_code/humble/ros_bot/src/rosbot_utils' returned '0': PYTHONPATH=/root/ros2_code/humble/ros_bot/build/rosbot_utils/prefix_override:/root/ros2_code/humble/ros_bot/install/rosbot_utils/lib/python3.10/site-packages:${PYTHONPATH} /usr/bin/python3 setup.py egg_info --egg-base ../../build/rosbot_utils build --build-base /root/ros2_code/humble/ros_bot/build/rosbot_utils/build install --record /root/ros2_code/humble/ros_bot/build/rosbot_utils/install.log --single-version-externally-managed
