[0.806s] Invoking command in '/root/ros2_code/humble/learning/src/ball_tracker-main': PYTHONPATH=/root/ros2_code/humble/learning/build/ball_tracker/prefix_override:/root/ros2_code/humble/learning/install/ball_tracker/lib/python3.10/site-packages:${PYTHONPATH} /usr/bin/python3 setup.py egg_info --egg-base ../../build/ball_tracker build --build-base /root/ros2_code/humble/learning/build/ball_tracker/build install --record /root/ros2_code/humble/learning/build/ball_tracker/install.log --single-version-externally-managed
[1.027s] running egg_info
[1.027s] writing ../../build/ball_tracker/ball_tracker.egg-info/PKG-INFO
[1.027s] writing dependency_links to ../../build/ball_tracker/ball_tracker.egg-info/dependency_links.txt
[1.028s] writing entry points to ../../build/ball_tracker/ball_tracker.egg-info/entry_points.txt
[1.028s] writing requirements to ../../build/ball_tracker/ball_tracker.egg-info/requires.txt
[1.028s] writing top-level names to ../../build/ball_tracker/ball_tracker.egg-info/top_level.txt
[1.029s] reading manifest file '../../build/ball_tracker/ball_tracker.egg-info/SOURCES.txt'
[1.030s] writing manifest file '../../build/ball_tracker/ball_tracker.egg-info/SOURCES.txt'
[1.030s] running build
[1.030s] running build_py
[1.030s] running install
[1.031s] running install_lib
[1.032s] running install_data
[1.032s] running install_egg_info
[1.033s] removing '/root/ros2_code/humble/learning/install/ball_tracker/lib/python3.10/site-packages/ball_tracker-0.0.0-py3.10.egg-info' (and everything under it)
[1.034s] Copying ../../build/ball_tracker/ball_tracker.egg-info to /root/ros2_code/humble/learning/install/ball_tracker/lib/python3.10/site-packages/ball_tracker-0.0.0-py3.10.egg-info
[1.035s] running install_scripts
[1.049s] Installing detect_ball script to /root/ros2_code/humble/learning/install/ball_tracker/lib/ball_tracker
[1.050s] Installing detect_ball_3d script to /root/ros2_code/humble/learning/install/ball_tracker/lib/ball_tracker
[1.050s] Installing follow_ball script to /root/ros2_code/humble/learning/install/ball_tracker/lib/ball_tracker
[1.050s] writing list of installed files to '/root/ros2_code/humble/learning/build/ball_tracker/install.log'
[1.076s] Invoked command in '/root/ros2_code/humble/learning/src/ball_tracker-main' returned '0': PYTHONPATH=/root/ros2_code/humble/learning/build/ball_tracker/prefix_override:/root/ros2_code/humble/learning/install/ball_tracker/lib/python3.10/site-packages:${PYTHONPATH} /usr/bin/python3 setup.py egg_info --egg-base ../../build/ball_tracker build --build-base /root/ros2_code/humble/learning/build/ball_tracker/build install --record /root/ros2_code/humble/learning/build/ball_tracker/install.log --single-version-externally-managed
