[2.063s] Invoking command in '/root/ros2_code/humble/vision/src/nav2_pkgs/path_planner_pkg': PYTHONPATH=/root/ros2_code/humble/vision/build/path_planner_pkg/prefix_override:/root/ros2_code/humble/vision/install/path_planner_pkg/lib/python3.10/site-packages:${PYTHONPATH} /usr/bin/python3 setup.py egg_info --egg-base ../../../build/path_planner_pkg build --build-base /root/ros2_code/humble/vision/build/path_planner_pkg/build install --record /root/ros2_code/humble/vision/build/path_planner_pkg/install.log --single-version-externally-managed
[2.332s] running egg_info
[2.333s] writing ../../../build/path_planner_pkg/path_planner_pkg.egg-info/PKG-INFO
[2.333s] writing dependency_links to ../../../build/path_planner_pkg/path_planner_pkg.egg-info/dependency_links.txt
[2.333s] writing entry points to ../../../build/path_planner_pkg/path_planner_pkg.egg-info/entry_points.txt
[2.333s] writing requirements to ../../../build/path_planner_pkg/path_planner_pkg.egg-info/requires.txt
[2.333s] writing top-level names to ../../../build/path_planner_pkg/path_planner_pkg.egg-info/top_level.txt
[2.335s] reading manifest file '../../../build/path_planner_pkg/path_planner_pkg.egg-info/SOURCES.txt'
[2.337s] writing manifest file '../../../build/path_planner_pkg/path_planner_pkg.egg-info/SOURCES.txt'
[2.337s] running build
[2.337s] running build_py
[2.337s] running install
[2.337s] running install_lib
[2.338s] running install_data
[2.339s] copying config/nav2_params.yaml -> /root/ros2_code/humble/vision/install/path_planner_pkg/share/path_planner_pkg/config
[2.339s] running install_egg_info
[2.342s] removing '/root/ros2_code/humble/vision/install/path_planner_pkg/lib/python3.10/site-packages/path_planner_pkg-0.0.0-py3.10.egg-info' (and everything under it)
[2.342s] Copying ../../../build/path_planner_pkg/path_planner_pkg.egg-info to /root/ros2_code/humble/vision/install/path_planner_pkg/lib/python3.10/site-packages/path_planner_pkg-0.0.0-py3.10.egg-info
[2.343s] running install_scripts
[2.362s] writing list of installed files to '/root/ros2_code/humble/vision/build/path_planner_pkg/install.log'
[2.433s] Invoked command in '/root/ros2_code/humble/vision/src/nav2_pkgs/path_planner_pkg' returned '0': PYTHONPATH=/root/ros2_code/humble/vision/build/path_planner_pkg/prefix_override:/root/ros2_code/humble/vision/install/path_planner_pkg/lib/python3.10/site-packages:${PYTHONPATH} /usr/bin/python3 setup.py egg_info --egg-base ../../../build/path_planner_pkg build --build-base /root/ros2_code/humble/vision/build/path_planner_pkg/build install --record /root/ros2_code/humble/vision/build/path_planner_pkg/install.log --single-version-externally-managed
