[2.504s] Invoking command in '/root/ros2_code/humble/dai_ws/build/depthai_descriptions': CMAKE_PREFIX_PATH=${CMAKE_PREFIX_PATH}:/root/ros2_code/humble/learning/install/ball_tracker:/opt/ros/humble /usr/bin/cmake --build /root/ros2_code/humble/dai_ws/build/depthai_descriptions -- -j12 -l12
[2.703s] Invoked command in '/root/ros2_code/humble/dai_ws/build/depthai_descriptions' returned '0': CMAKE_PREFIX_PATH=${CMAKE_PREFIX_PATH}:/root/ros2_code/humble/learning/install/ball_tracker:/opt/ros/humble /usr/bin/cmake --build /root/ros2_code/humble/dai_ws/build/depthai_descriptions -- -j12 -l12
[2.969s] Invoking command in '/root/ros2_code/humble/dai_ws/build/depthai_descriptions': CMAKE_PREFIX_PATH=${CMAKE_PREFIX_PATH}:/root/ros2_code/humble/learning/install/ball_tracker:/opt/ros/humble /usr/bin/cmake --install /root/ros2_code/humble/dai_ws/build/depthai_descriptions
[3.044s] -- Install configuration: ""
[3.049s] -- Execute custom install script
[3.054s] -- Up-to-date symlink: /root/ros2_code/humble/dai_ws/install/depthai_descriptions/share/depthai_descriptions/urdf/base_descr.urdf.xacro
[3.055s] -- Up-to-date symlink: /root/ros2_code/humble/dai_ws/install/depthai_descriptions/share/depthai_descriptions/urdf/depthai_descr.urdf.xacro
[3.056s] -- Up-to-date symlink: /root/ros2_code/humble/dai_ws/install/depthai_descriptions/share/depthai_descriptions/urdf/include/base_macro.urdf.xacro
[3.058s] -- Up-to-date symlink: /root/ros2_code/humble/dai_ws/install/depthai_descriptions/share/depthai_descriptions/urdf/include/depthai_macro.urdf.xacro
[3.059s] -- Up-to-date symlink: /root/ros2_code/humble/dai_ws/install/depthai_descriptions/share/depthai_descriptions/urdf/models/OAK-D-CM4-POE.stl
[3.059s] -- Up-to-date symlink: /root/ros2_code/humble/dai_ws/install/depthai_descriptions/share/depthai_descriptions/urdf/models/OAK-D-IOT-75.stl
[3.060s] -- Up-to-date symlink: /root/ros2_code/humble/dai_ws/install/depthai_descriptions/share/depthai_descriptions/urdf/models/OAK-D-LITE.stl
[3.061s] -- Up-to-date symlink: /root/ros2_code/humble/dai_ws/install/depthai_descriptions/share/depthai_descriptions/urdf/models/OAK-D-LR.stl
[3.062s] -- Up-to-date symlink: /root/ros2_code/humble/dai_ws/install/depthai_descriptions/share/depthai_descriptions/urdf/models/OAK-D-POE.stl
[3.063s] -- Up-to-date symlink: /root/ros2_code/humble/dai_ws/install/depthai_descriptions/share/depthai_descriptions/urdf/models/OAK-D-PRO-W.stl
[3.066s] -- Up-to-date symlink: /root/ros2_code/humble/dai_ws/install/depthai_descriptions/share/depthai_descriptions/urdf/models/OAK-D-PRO.stl
[3.067s] -- Up-to-date symlink: /root/ros2_code/humble/dai_ws/install/depthai_descriptions/share/depthai_descriptions/urdf/models/OAK-D-S2.stl
[3.067s] -- Up-to-date symlink: /root/ros2_code/humble/dai_ws/install/depthai_descriptions/share/depthai_descriptions/urdf/models/OAK-D-SR.stl
[3.070s] -- Up-to-date symlink: /root/ros2_code/humble/dai_ws/install/depthai_descriptions/share/depthai_descriptions/urdf/models/OAK-D.stl
[3.073s] -- Up-to-date symlink: /root/ros2_code/humble/dai_ws/install/depthai_descriptions/share/ament_index/resource_index/package_run_dependencies/depthai_descriptions
[3.074s] -- Up-to-date symlink: /root/ros2_code/humble/dai_ws/install/depthai_descriptions/share/ament_index/resource_index/parent_prefix_path/depthai_descriptions
[3.075s] -- Up-to-date symlink: /root/ros2_code/humble/dai_ws/install/depthai_descriptions/share/depthai_descriptions/environment/ament_prefix_path.sh
[3.075s] -- Up-to-date symlink: /root/ros2_code/humble/dai_ws/install/depthai_descriptions/share/depthai_descriptions/environment/ament_prefix_path.dsv
[3.082s] -- Up-to-date symlink: /root/ros2_code/humble/dai_ws/install/depthai_descriptions/share/depthai_descriptions/environment/path.sh
[3.082s] -- Up-to-date symlink: /root/ros2_code/humble/dai_ws/install/depthai_descriptions/share/depthai_descriptions/environment/path.dsv
[3.084s] -- Up-to-date symlink: /root/ros2_code/humble/dai_ws/install/depthai_descriptions/share/depthai_descriptions/local_setup.bash
[3.085s] -- Up-to-date symlink: /root/ros2_code/humble/dai_ws/install/depthai_descriptions/share/depthai_descriptions/local_setup.sh
[3.085s] -- Up-to-date symlink: /root/ros2_code/humble/dai_ws/install/depthai_descriptions/share/depthai_descriptions/local_setup.zsh
[3.086s] -- Up-to-date symlink: /root/ros2_code/humble/dai_ws/install/depthai_descriptions/share/depthai_descriptions/local_setup.dsv
[3.086s] -- Symlinking: /root/ros2_code/humble/dai_ws/install/depthai_descriptions/share/depthai_descriptions/package.dsv
[3.135s] -- Up-to-date symlink: /root/ros2_code/humble/dai_ws/install/depthai_descriptions/share/ament_index/resource_index/packages/depthai_descriptions
[3.138s] -- Up-to-date symlink: /root/ros2_code/humble/dai_ws/install/depthai_descriptions/share/depthai_descriptions/cmake/depthai_descriptionsConfig.cmake
[3.139s] -- Up-to-date symlink: /root/ros2_code/humble/dai_ws/install/depthai_descriptions/share/depthai_descriptions/cmake/depthai_descriptionsConfig-version.cmake
[3.142s] -- Up-to-date symlink: /root/ros2_code/humble/dai_ws/install/depthai_descriptions/share/depthai_descriptions/package.xml
[3.143s] -- Up-to-date: /root/ros2_code/humble/dai_ws/install/depthai_descriptions/share/depthai_descriptions/launch
[3.144s] -- Up-to-date: /root/ros2_code/humble/dai_ws/install/depthai_descriptions/share/depthai_descriptions/launch/urdf_launch.py
[3.170s] Invoked command in '/root/ros2_code/humble/dai_ws/build/depthai_descriptions' returned '0': CMAKE_PREFIX_PATH=${CMAKE_PREFIX_PATH}:/root/ros2_code/humble/learning/install/ball_tracker:/opt/ros/humble /usr/bin/cmake --install /root/ros2_code/humble/dai_ws/build/depthai_descriptions
