[4.099s] Invoking command in '/root/ros2_code/R2basic_concepts/src/publisher_pkg': PYTHONPATH=/root/ros2_code/R2basic_concepts/build/publisher_pkg/prefix_override:/root/ros2_code/R2basic_concepts/install/publisher_pkg/lib/python3.10/site-packages:${PYTHONPATH} /usr/bin/python3 setup.py egg_info --egg-base ../../build/publisher_pkg build --build-base /root/ros2_code/R2basic_concepts/build/publisher_pkg/build install --record /root/ros2_code/R2basic_concepts/build/publisher_pkg/install.log --single-version-externally-managed
[4.446s] running egg_info
[4.447s] creating ../../build/publisher_pkg/publisher_pkg.egg-info
[4.448s] writing ../../build/publisher_pkg/publisher_pkg.egg-info/PKG-INFO
[4.448s] writing dependency_links to ../../build/publisher_pkg/publisher_pkg.egg-info/dependency_links.txt
[4.448s] writing entry points to ../../build/publisher_pkg/publisher_pkg.egg-info/entry_points.txt
[4.448s] writing requirements to ../../build/publisher_pkg/publisher_pkg.egg-info/requires.txt
[4.448s] writing top-level names to ../../build/publisher_pkg/publisher_pkg.egg-info/top_level.txt
[4.449s] writing manifest file '../../build/publisher_pkg/publisher_pkg.egg-info/SOURCES.txt'
[4.451s] reading manifest file '../../build/publisher_pkg/publisher_pkg.egg-info/SOURCES.txt'
[4.452s] writing manifest file '../../build/publisher_pkg/publisher_pkg.egg-info/SOURCES.txt'
[4.453s] running build
[4.453s] running build_py
[4.453s] creating /root/ros2_code/R2basic_concepts/build/publisher_pkg/build
[4.453s] creating /root/ros2_code/R2basic_concepts/build/publisher_pkg/build/lib
[4.453s] creating /root/ros2_code/R2basic_concepts/build/publisher_pkg/build/lib/publisher_pkg
[4.453s] copying publisher_pkg/simple_publisher.py -> /root/ros2_code/R2basic_concepts/build/publisher_pkg/build/lib/publisher_pkg
[4.454s] copying publisher_pkg/__init__.py -> /root/ros2_code/R2basic_concepts/build/publisher_pkg/build/lib/publisher_pkg
[4.454s] running install
[4.454s] /usr/lib/python3/dist-packages/setuptools/command/install.py:34: SetuptoolsDeprecationWarning: setup.py install is deprecated. Use build and pip and other standards-based tools.
[4.454s]   warnings.warn(
[4.454s] running install_lib
[4.455s] creating /root/ros2_code/R2basic_concepts/install/publisher_pkg/lib/python3.10/site-packages/publisher_pkg
[4.456s] copying /root/ros2_code/R2basic_concepts/build/publisher_pkg/build/lib/publisher_pkg/simple_publisher.py -> /root/ros2_code/R2basic_concepts/install/publisher_pkg/lib/python3.10/site-packages/publisher_pkg
[4.456s] copying /root/ros2_code/R2basic_concepts/build/publisher_pkg/build/lib/publisher_pkg/__init__.py -> /root/ros2_code/R2basic_concepts/install/publisher_pkg/lib/python3.10/site-packages/publisher_pkg
[4.456s] byte-compiling /root/ros2_code/R2basic_concepts/install/publisher_pkg/lib/python3.10/site-packages/publisher_pkg/simple_publisher.py to simple_publisher.cpython-310.pyc
[4.457s] byte-compiling /root/ros2_code/R2basic_concepts/install/publisher_pkg/lib/python3.10/site-packages/publisher_pkg/__init__.py to __init__.cpython-310.pyc
[4.457s] running install_data
[4.458s] creating /root/ros2_code/R2basic_concepts/install/publisher_pkg/share/ament_index
[4.458s] creating /root/ros2_code/R2basic_concepts/install/publisher_pkg/share/ament_index/resource_index
[4.458s] creating /root/ros2_code/R2basic_concepts/install/publisher_pkg/share/ament_index/resource_index/packages
[4.459s] copying resource/publisher_pkg -> /root/ros2_code/R2basic_concepts/install/publisher_pkg/share/ament_index/resource_index/packages
[4.459s] copying package.xml -> /root/ros2_code/R2basic_concepts/install/publisher_pkg/share/publisher_pkg
[4.459s] copying launch/publisher_pkg_launch_file.launch.py -> /root/ros2_code/R2basic_concepts/install/publisher_pkg/share/publisher_pkg
[4.459s] running install_egg_info
[4.461s] Copying ../../build/publisher_pkg/publisher_pkg.egg-info to /root/ros2_code/R2basic_concepts/install/publisher_pkg/lib/python3.10/site-packages/publisher_pkg-0.0.0-py3.10.egg-info
[4.462s] running install_scripts
[4.494s] Installing simple_publisher script to /root/ros2_code/R2basic_concepts/install/publisher_pkg/lib/publisher_pkg
[4.494s] writing list of installed files to '/root/ros2_code/R2basic_concepts/build/publisher_pkg/install.log'
[4.534s] Invoked command in '/root/ros2_code/R2basic_concepts/src/publisher_pkg' returned '0': PYTHONPATH=/root/ros2_code/R2basic_concepts/build/publisher_pkg/prefix_override:/root/ros2_code/R2basic_concepts/install/publisher_pkg/lib/python3.10/site-packages:${PYTHONPATH} /usr/bin/python3 setup.py egg_info --egg-base ../../build/publisher_pkg build --build-base /root/ros2_code/R2basic_concepts/build/publisher_pkg/build install --record /root/ros2_code/R2basic_concepts/build/publisher_pkg/install.log --single-version-externally-managed
