[1.322s] Invoking command in '/root/ros2_code/learning/build/articubot_one': CMAKE_PREFIX_PATH=${CMAKE_PREFIX_PATH}:/root/ros2_code/learning/install/ball_tracker:/opt/ros/foxy /usr/bin/cmake /root/ros2_code/learning/src/articubot_one-main -DCMAKE_INSTALL_PREFIX=/root/ros2_code/learning/install/articubot_one
[1.533s] -- The C compiler identification is GNU 9.4.0
[1.767s] -- The CXX compiler identification is GNU 9.4.0
[1.784s] -- Check for working C compiler: /usr/bin/cc
[2.049s] -- Check for working C compiler: /usr/bin/cc -- works
[2.053s] -- Detecting C compiler ABI info
[2.336s] -- Detecting C compiler ABI info - done
[2.378s] -- Detecting C compile features
[2.380s] -- Detecting C compile features - done
[2.391s] -- Check for working CXX compiler: /usr/bin/c++
[2.726s] -- Check for working CXX compiler: /usr/bin/c++ -- works
[2.729s] -- Detecting CXX compiler ABI info
[3.082s] -- Detecting CXX compiler ABI info - done
[3.128s] -- Detecting CXX compile features
[3.130s] -- Detecting CXX compile features - done
[3.140s] -- Found ament_cmake: 0.9.12 (/opt/ros/foxy/share/ament_cmake/cmake)
[3.250s] -- Found PythonInterp: /usr/bin/python3 (found suitable version "3.8.10", minimum required is "3") 
[3.251s] -- Using PYTHON_EXECUTABLE: /usr/bin/python3
[4.074s] -- Found ament_lint_auto: 0.9.8 (/opt/ros/foxy/share/ament_lint_auto/cmake)
[4.402s] -- Added test 'copyright' to check source files copyright and LICENSE
[4.418s] -- Added test 'flake8' to check Python code syntax and style conventions
[4.423s] -- Added test 'lint_cmake' to check CMake code style
[4.427s] -- Added test 'pep257' to check Python code against some of the style conventions in PEP 257
[4.436s] -- Added test 'xmllint' to check XML markup files
[4.442s] -- Configuring done
[4.449s] -- Generating done
[4.451s] -- Build files have been written to: /root/ros2_code/learning/build/articubot_one
[4.469s] Invoked command in '/root/ros2_code/learning/build/articubot_one' returned '0': CMAKE_PREFIX_PATH=${CMAKE_PREFIX_PATH}:/root/ros2_code/learning/install/ball_tracker:/opt/ros/foxy /usr/bin/cmake /root/ros2_code/learning/src/articubot_one-main -DCMAKE_INSTALL_PREFIX=/root/ros2_code/learning/install/articubot_one
[4.482s] Invoking command in '/root/ros2_code/learning/build/articubot_one': CMAKE_PREFIX_PATH=${CMAKE_PREFIX_PATH}:/root/ros2_code/learning/install/ball_tracker:/opt/ros/foxy /usr/bin/cmake --build /root/ros2_code/learning/build/articubot_one -- -j12 -l12
[4.629s] Invoked command in '/root/ros2_code/learning/build/articubot_one' returned '0': CMAKE_PREFIX_PATH=${CMAKE_PREFIX_PATH}:/root/ros2_code/learning/install/ball_tracker:/opt/ros/foxy /usr/bin/cmake --build /root/ros2_code/learning/build/articubot_one -- -j12 -l12
[4.767s] Invoking command in '/root/ros2_code/learning/build/articubot_one': CMAKE_PREFIX_PATH=${CMAKE_PREFIX_PATH}:/root/ros2_code/learning/install/ball_tracker:/opt/ros/foxy /usr/bin/cmake --install /root/ros2_code/learning/build/articubot_one
[4.800s] -- Install configuration: ""
[4.801s] -- Installing: /root/ros2_code/learning/install/articubot_one/share/articubot_one/config
[4.801s] -- Installing: /root/ros2_code/learning/install/articubot_one/share/articubot_one/config/drive_bot.rviz
[4.801s] -- Installing: /root/ros2_code/learning/install/articubot_one/share/articubot_one/config/map.rviz
[4.802s] -- Installing: /root/ros2_code/learning/install/articubot_one/share/articubot_one/config/joystick.yaml
[4.802s] -- Installing: /root/ros2_code/learning/install/articubot_one/share/articubot_one/config/gazebo_params.yaml
[4.802s] -- Installing: /root/ros2_code/learning/install/articubot_one/share/articubot_one/config/ball_tracker_params_sim.yaml
[4.802s] -- Installing: /root/ros2_code/learning/install/articubot_one/share/articubot_one/config/nav2_params.yaml
[4.802s] -- Installing: /root/ros2_code/learning/install/articubot_one/share/articubot_one/config/mapper_params_online_async.yaml
[4.804s] -- Installing: /root/ros2_code/learning/install/articubot_one/share/articubot_one/config/empty.yaml
[4.805s] -- Installing: /root/ros2_code/learning/install/articubot_one/share/articubot_one/config/view_bot.rviz
[4.806s] -- Installing: /root/ros2_code/learning/install/articubot_one/share/articubot_one/config/gaz_ros2_ctl_use_sim.yaml
[4.806s] -- Installing: /root/ros2_code/learning/install/articubot_one/share/articubot_one/config/my_controllers.yaml
[4.806s] -- Installing: /root/ros2_code/learning/install/articubot_one/share/articubot_one/config/main.rviz
[4.807s] -- Installing: /root/ros2_code/learning/install/articubot_one/share/articubot_one/config/twist_mux.yaml
[4.807s] -- Installing: /root/ros2_code/learning/install/articubot_one/share/articubot_one/config/ball_tracker_params_robot.yaml
[4.807s] -- Installing: /root/ros2_code/learning/install/articubot_one/share/articubot_one/description
[4.807s] -- Installing: /root/ros2_code/learning/install/articubot_one/share/articubot_one/description/robot.urdf.xacro
[4.808s] -- Installing: /root/ros2_code/learning/install/articubot_one/share/articubot_one/description/gazebo_control.xacro
[4.808s] -- Installing: /root/ros2_code/learning/install/articubot_one/share/articubot_one/description/lidar.xacro
[4.808s] -- Installing: /root/ros2_code/learning/install/articubot_one/share/articubot_one/description/inertial_macros.xacro
[4.808s] -- Installing: /root/ros2_code/learning/install/articubot_one/share/articubot_one/description/face.xacro
[4.808s] -- Installing: /root/ros2_code/learning/install/articubot_one/share/articubot_one/description/robot_core.xacro
[4.808s] -- Installing: /root/ros2_code/learning/install/articubot_one/share/articubot_one/description/camera.xacro
[4.809s] -- Installing: /root/ros2_code/learning/install/articubot_one/share/articubot_one/description/depth_camera.xacro
[4.809s] -- Installing: /root/ros2_code/learning/install/articubot_one/share/articubot_one/description/ros2_control.xacro
[4.809s] -- Installing: /root/ros2_code/learning/install/articubot_one/share/articubot_one/launch
[4.809s] -- Installing: /root/ros2_code/learning/install/articubot_one/share/articubot_one/launch/launch_robot.launch.py
[4.809s] -- Installing: /root/ros2_code/learning/install/articubot_one/share/articubot_one/launch/localization_launch.py
[4.809s] -- Installing: /root/ros2_code/learning/install/articubot_one/share/articubot_one/launch/camera.launch.py
[4.810s] -- Installing: /root/ros2_code/learning/install/articubot_one/share/articubot_one/launch/joystick.launch.py
[4.810s] -- Installing: /root/ros2_code/learning/install/articubot_one/share/articubot_one/launch/navigation_launch.py
[4.810s] -- Installing: /root/ros2_code/learning/install/articubot_one/share/articubot_one/launch/ball_tracker.launch.py
[4.810s] -- Installing: /root/ros2_code/learning/install/articubot_one/share/articubot_one/launch/launch_sim.launch.py
[4.810s] -- Installing: /root/ros2_code/learning/install/articubot_one/share/articubot_one/launch/online_async_launch.py
[4.810s] -- Installing: /root/ros2_code/learning/install/articubot_one/share/articubot_one/launch/rsp.launch.py
[4.811s] -- Installing: /root/ros2_code/learning/install/articubot_one/share/articubot_one/launch/rplidar.launch.py
[4.812s] -- Installing: /root/ros2_code/learning/install/articubot_one/share/articubot_one/worlds
[4.813s] -- Installing: /root/ros2_code/learning/install/articubot_one/share/articubot_one/worlds/empty.world
[4.814s] -- Installing: /root/ros2_code/learning/install/articubot_one/share/articubot_one/worlds/obstacles.world
[4.814s] -- Installing: /root/ros2_code/learning/install/articubot_one/share/ament_index/resource_index/package_run_dependencies/articubot_one
[4.815s] -- Installing: /root/ros2_code/learning/install/articubot_one/share/ament_index/resource_index/parent_prefix_path/articubot_one
[4.815s] -- Installing: /root/ros2_code/learning/install/articubot_one/share/articubot_one/environment/ament_prefix_path.sh
[4.816s] -- Installing: /root/ros2_code/learning/install/articubot_one/share/articubot_one/environment/ament_prefix_path.dsv
[4.816s] -- Installing: /root/ros2_code/learning/install/articubot_one/share/articubot_one/environment/path.sh
[4.818s] -- Installing: /root/ros2_code/learning/install/articubot_one/share/articubot_one/environment/path.dsv
[4.822s] -- Installing: /root/ros2_code/learning/install/articubot_one/share/articubot_one/local_setup.bash
[4.823s] -- Installing: /root/ros2_code/learning/install/articubot_one/share/articubot_one/local_setup.sh
[4.823s] -- Installing: /root/ros2_code/learning/install/articubot_one/share/articubot_one/local_setup.zsh
[4.825s] -- Installing: /root/ros2_code/learning/install/articubot_one/share/articubot_one/local_setup.dsv
[4.826s] -- Installing: /root/ros2_code/learning/install/articubot_one/share/articubot_one/package.dsv
[4.827s] -- Installing: /root/ros2_code/learning/install/articubot_one/share/ament_index/resource_index/packages/articubot_one
[4.828s] -- Installing: /root/ros2_code/learning/install/articubot_one/share/articubot_one/cmake/articubot_oneConfig.cmake
[4.833s] -- Installing: /root/ros2_code/learning/install/articubot_one/share/articubot_one/cmake/articubot_oneConfig-version.cmake
[4.835s] -- Installing: /root/ros2_code/learning/install/articubot_one/share/articubot_one/package.xml
[4.844s] Invoked command in '/root/ros2_code/learning/build/articubot_one' returned '0': CMAKE_PREFIX_PATH=${CMAKE_PREFIX_PATH}:/root/ros2_code/learning/install/ball_tracker:/opt/ros/foxy /usr/bin/cmake --install /root/ros2_code/learning/build/articubot_one
