/root/ros2_code/humble/vision/install/path_planner_pkg/lib/python3.10/site-packages/path_planner_pkg/__init__.py
/root/ros2_code/humble/vision/install/path_planner_pkg/lib/python3.10/site-packages/path_planner_pkg/__pycache__/__init__.cpython-310.pyc
/root/ros2_code/humble/vision/install/path_planner_pkg/share/ament_index/resource_index/packages/path_planner_pkg
/root/ros2_code/humble/vision/install/path_planner_pkg/share/path_planner_pkg/package.xml
/root/ros2_code/humble/vision/install/path_planner_pkg/share/path_planner_pkg/launch/navigation.launch.py
/root/ros2_code/humble/vision/install/path_planner_pkg/share/path_planner_pkg/launch/pathplanner.launch.py
/root/ros2_code/humble/vision/install/path_planner_pkg/share/path_planner_pkg/config/amcl_config.yaml
/root/ros2_code/humble/vision/install/path_planner_pkg/share/path_planner_pkg/config/amcl_barista_demo.yaml
/root/ros2_code/humble/vision/install/path_planner_pkg/share/path_planner_pkg/config/recovery.yaml
/root/ros2_code/humble/vision/install/path_planner_pkg/share/path_planner_pkg/config/nav2_params.yaml
/root/ros2_code/humble/vision/install/path_planner_pkg/share/path_planner_pkg/config/bt_navigator.yaml
/root/ros2_code/humble/vision/install/path_planner_pkg/share/path_planner_pkg/config/controller.yaml
/root/ros2_code/humble/vision/install/path_planner_pkg/share/path_planner_pkg/config/filters.yaml
/root/ros2_code/humble/vision/install/path_planner_pkg/share/path_planner_pkg/config/planner_server.yaml
/root/ros2_code/humble/vision/install/path_planner_pkg/share/path_planner_pkg/rviz_config/pathplanning.rviz
/root/ros2_code/humble/vision/install/path_planner_pkg/share/path_planner_pkg/rviz_config/nav2_default_view.rviz
/root/ros2_code/humble/vision/install/path_planner_pkg/lib/python3.10/site-packages/path_planner_pkg-0.0.0-py3.10.egg-info/zip-safe
/root/ros2_code/humble/vision/install/path_planner_pkg/lib/python3.10/site-packages/path_planner_pkg-0.0.0-py3.10.egg-info/entry_points.txt
/root/ros2_code/humble/vision/install/path_planner_pkg/lib/python3.10/site-packages/path_planner_pkg-0.0.0-py3.10.egg-info/top_level.txt
/root/ros2_code/humble/vision/install/path_planner_pkg/lib/python3.10/site-packages/path_planner_pkg-0.0.0-py3.10.egg-info/PKG-INFO
/root/ros2_code/humble/vision/install/path_planner_pkg/lib/python3.10/site-packages/path_planner_pkg-0.0.0-py3.10.egg-info/requires.txt
/root/ros2_code/humble/vision/install/path_planner_pkg/lib/python3.10/site-packages/path_planner_pkg-0.0.0-py3.10.egg-info/dependency_links.txt
/root/ros2_code/humble/vision/install/path_planner_pkg/lib/python3.10/site-packages/path_planner_pkg-0.0.0-py3.10.egg-info/SOURCES.txt
