[3.305s] Invoking command in '/root/ros2_code/humble/dai_ws/build/depthai_ros_msgs': CMAKE_PREFIX_PATH=${CMAKE_PREFIX_PATH}:/root/ros2_code/humble/learning/install/ball_tracker:/opt/ros/humble /usr/bin/cmake --build /root/ros2_code/humble/dai_ws/build/depthai_ros_msgs -- -j12 -l12
[3.625s] [  0%] Built target depthai_ros_msgs__cpp
[3.674s] [ 12%] Built target depthai_ros_msgs__rosidl_generator_c
[3.688s] [ 12%] Built target ament_cmake_python_symlink_depthai_ros_msgs
[3.855s] [ 24%] Built target depthai_ros_msgs__rosidl_typesupport_cpp
[3.898s] [ 35%] Built target depthai_ros_msgs__rosidl_typesupport_fastrtps_cpp
[3.918s] [ 53%] Built target depthai_ros_msgs__rosidl_typesupport_fastrtps_c
[3.919s] [ 59%] Built target depthai_ros_msgs__rosidl_typesupport_introspection_cpp
[3.926s] [ 71%] Built target depthai_ros_msgs__rosidl_typesupport_introspection_c
[3.939s] [ 82%] Built target depthai_ros_msgs__rosidl_typesupport_c
[4.060s] [ 82%] Built target depthai_ros_msgs
[4.171s] [ 83%] Built target depthai_ros_msgs__py
[4.303s] [ 94%] Built target depthai_ros_msgs__rosidl_generator_py
[4.458s] [ 96%] Built target depthai_ros_msgs__rosidl_typesupport_fastrtps_c__pyext
[4.464s] [ 98%] Built target depthai_ros_msgs__rosidl_typesupport_c__pyext
[4.468s] [100%] Built target depthai_ros_msgs__rosidl_typesupport_introspection_c__pyext
[5.835s] running egg_info
[5.840s] writing depthai_ros_msgs.egg-info/PKG-INFO
[5.841s] writing dependency_links to depthai_ros_msgs.egg-info/dependency_links.txt
[5.842s] writing top-level names to depthai_ros_msgs.egg-info/top_level.txt
[5.860s] reading manifest file 'depthai_ros_msgs.egg-info/SOURCES.txt'
[5.865s] writing manifest file 'depthai_ros_msgs.egg-info/SOURCES.txt'
[6.004s] [100%] Built target ament_cmake_python_build_depthai_ros_msgs_egg
[6.866s] Invoked command in '/root/ros2_code/humble/dai_ws/build/depthai_ros_msgs' returned '0': CMAKE_PREFIX_PATH=${CMAKE_PREFIX_PATH}:/root/ros2_code/humble/learning/install/ball_tracker:/opt/ros/humble /usr/bin/cmake --build /root/ros2_code/humble/dai_ws/build/depthai_ros_msgs -- -j12 -l12
[8.470s] Invoking command in '/root/ros2_code/humble/dai_ws/build/depthai_ros_msgs': CMAKE_PREFIX_PATH=${CMAKE_PREFIX_PATH}:/root/ros2_code/humble/learning/install/ball_tracker:/opt/ros/humble /usr/bin/cmake --install /root/ros2_code/humble/dai_ws/build/depthai_ros_msgs
[8.511s] -- Install configuration: ""
[8.513s] -- Execute custom install script
[8.515s] -- Up-to-date symlink: /root/ros2_code/humble/dai_ws/install/depthai_ros_msgs/share/ament_index/resource_index/rosidl_interfaces/depthai_ros_msgs
[8.518s] -- Up-to-date symlink: /root/ros2_code/humble/dai_ws/install/depthai_ros_msgs/include/depthai_ros_msgs/depthai_ros_msgs/msg/auto_focus_ctrl.h
[8.519s] -- Up-to-date symlink: /root/ros2_code/humble/dai_ws/install/depthai_ros_msgs/include/depthai_ros_msgs/depthai_ros_msgs/msg/detail/auto_focus_ctrl__functions.h
[8.520s] -- Up-to-date symlink: /root/ros2_code/humble/dai_ws/install/depthai_ros_msgs/include/depthai_ros_msgs/depthai_ros_msgs/msg/detail/auto_focus_ctrl__struct.h
[8.521s] -- Up-to-date symlink: /root/ros2_code/humble/dai_ws/install/depthai_ros_msgs/include/depthai_ros_msgs/depthai_ros_msgs/msg/detail/auto_focus_ctrl__type_support.h
[8.522s] -- Up-to-date symlink: /root/ros2_code/humble/dai_ws/install/depthai_ros_msgs/include/depthai_ros_msgs/depthai_ros_msgs/msg/detail/hand_landmark__functions.h
[8.523s] -- Up-to-date symlink: /root/ros2_code/humble/dai_ws/install/depthai_ros_msgs/include/depthai_ros_msgs/depthai_ros_msgs/msg/detail/hand_landmark__struct.h
[8.524s] -- Up-to-date symlink: /root/ros2_code/humble/dai_ws/install/depthai_ros_msgs/include/depthai_ros_msgs/depthai_ros_msgs/msg/detail/hand_landmark__type_support.h
[8.525s] -- Up-to-date symlink: /root/ros2_code/humble/dai_ws/install/depthai_ros_msgs/include/depthai_ros_msgs/depthai_ros_msgs/msg/detail/hand_landmark_array__functions.h
[8.526s] -- Up-to-date symlink: /root/ros2_code/humble/dai_ws/install/depthai_ros_msgs/include/depthai_ros_msgs/depthai_ros_msgs/msg/detail/hand_landmark_array__struct.h
[8.527s] -- Up-to-date symlink: /root/ros2_code/humble/dai_ws/install/depthai_ros_msgs/include/depthai_ros_msgs/depthai_ros_msgs/msg/detail/hand_landmark_array__type_support.h
[8.528s] -- Up-to-date symlink: /root/ros2_code/humble/dai_ws/install/depthai_ros_msgs/include/depthai_ros_msgs/depthai_ros_msgs/msg/detail/imu_with_magnetic_field__functions.h
[8.529s] -- Up-to-date symlink: /root/ros2_code/humble/dai_ws/install/depthai_ros_msgs/include/depthai_ros_msgs/depthai_ros_msgs/msg/detail/imu_with_magnetic_field__struct.h
[8.531s] -- Up-to-date symlink: /root/ros2_code/humble/dai_ws/install/depthai_ros_msgs/include/depthai_ros_msgs/depthai_ros_msgs/msg/detail/imu_with_magnetic_field__type_support.h
[8.532s] -- Up-to-date symlink: /root/ros2_code/humble/dai_ws/install/depthai_ros_msgs/include/depthai_ros_msgs/depthai_ros_msgs/msg/detail/spatial_detection__functions.h
[8.532s] -- Up-to-date symlink: /root/ros2_code/humble/dai_ws/install/depthai_ros_msgs/include/depthai_ros_msgs/depthai_ros_msgs/msg/detail/spatial_detection__struct.h
[8.533s] -- Up-to-date symlink: /root/ros2_code/humble/dai_ws/install/depthai_ros_msgs/include/depthai_ros_msgs/depthai_ros_msgs/msg/detail/spatial_detection__type_support.h
[8.534s] -- Up-to-date symlink: /root/ros2_code/humble/dai_ws/install/depthai_ros_msgs/include/depthai_ros_msgs/depthai_ros_msgs/msg/detail/spatial_detection_array__functions.h
[8.534s] -- Up-to-date symlink: /root/ros2_code/humble/dai_ws/install/depthai_ros_msgs/include/depthai_ros_msgs/depthai_ros_msgs/msg/detail/spatial_detection_array__struct.h
[8.535s] -- Up-to-date symlink: /root/ros2_code/humble/dai_ws/install/depthai_ros_msgs/include/depthai_ros_msgs/depthai_ros_msgs/msg/detail/spatial_detection_array__type_support.h
[8.536s] -- Up-to-date symlink: /root/ros2_code/humble/dai_ws/install/depthai_ros_msgs/include/depthai_ros_msgs/depthai_ros_msgs/msg/detail/tracked_feature__functions.h
[8.537s] -- Up-to-date symlink: /root/ros2_code/humble/dai_ws/install/depthai_ros_msgs/include/depthai_ros_msgs/depthai_ros_msgs/msg/detail/tracked_feature__struct.h
[8.538s] -- Up-to-date symlink: /root/ros2_code/humble/dai_ws/install/depthai_ros_msgs/include/depthai_ros_msgs/depthai_ros_msgs/msg/detail/tracked_feature__type_support.h
[8.538s] -- Up-to-date symlink: /root/ros2_code/humble/dai_ws/install/depthai_ros_msgs/include/depthai_ros_msgs/depthai_ros_msgs/msg/detail/tracked_features__functions.h
[8.539s] -- Up-to-date symlink: /root/ros2_code/humble/dai_ws/install/depthai_ros_msgs/include/depthai_ros_msgs/depthai_ros_msgs/msg/detail/tracked_features__struct.h
[8.540s] -- Up-to-date symlink: /root/ros2_code/humble/dai_ws/install/depthai_ros_msgs/include/depthai_ros_msgs/depthai_ros_msgs/msg/detail/tracked_features__type_support.h
[8.541s] -- Up-to-date symlink: /root/ros2_code/humble/dai_ws/install/depthai_ros_msgs/include/depthai_ros_msgs/depthai_ros_msgs/msg/hand_landmark.h
[8.542s] -- Up-to-date symlink: /root/ros2_code/humble/dai_ws/install/depthai_ros_msgs/include/depthai_ros_msgs/depthai_ros_msgs/msg/hand_landmark_array.h
[8.543s] -- Up-to-date symlink: /root/ros2_code/humble/dai_ws/install/depthai_ros_msgs/include/depthai_ros_msgs/depthai_ros_msgs/msg/imu_with_magnetic_field.h
[8.544s] -- Up-to-date symlink: /root/ros2_code/humble/dai_ws/install/depthai_ros_msgs/include/depthai_ros_msgs/depthai_ros_msgs/msg/rosidl_generator_c__visibility_control.h
[8.545s] -- Up-to-date symlink: /root/ros2_code/humble/dai_ws/install/depthai_ros_msgs/include/depthai_ros_msgs/depthai_ros_msgs/msg/spatial_detection.h
[8.546s] -- Up-to-date symlink: /root/ros2_code/humble/dai_ws/install/depthai_ros_msgs/include/depthai_ros_msgs/depthai_ros_msgs/msg/spatial_detection_array.h
[8.547s] -- Up-to-date symlink: /root/ros2_code/humble/dai_ws/install/depthai_ros_msgs/include/depthai_ros_msgs/depthai_ros_msgs/msg/tracked_feature.h
[8.548s] -- Up-to-date symlink: /root/ros2_code/humble/dai_ws/install/depthai_ros_msgs/include/depthai_ros_msgs/depthai_ros_msgs/msg/tracked_features.h
[8.549s] -- Up-to-date symlink: /root/ros2_code/humble/dai_ws/install/depthai_ros_msgs/include/depthai_ros_msgs/depthai_ros_msgs/srv/detail/normalized_image_crop__functions.h
[8.550s] -- Up-to-date symlink: /root/ros2_code/humble/dai_ws/install/depthai_ros_msgs/include/depthai_ros_msgs/depthai_ros_msgs/srv/detail/normalized_image_crop__struct.h
[8.551s] -- Up-to-date symlink: /root/ros2_code/humble/dai_ws/install/depthai_ros_msgs/include/depthai_ros_msgs/depthai_ros_msgs/srv/detail/normalized_image_crop__type_support.h
[8.552s] -- Up-to-date symlink: /root/ros2_code/humble/dai_ws/install/depthai_ros_msgs/include/depthai_ros_msgs/depthai_ros_msgs/srv/detail/trigger_named__functions.h
[8.553s] -- Up-to-date symlink: /root/ros2_code/humble/dai_ws/install/depthai_ros_msgs/include/depthai_ros_msgs/depthai_ros_msgs/srv/detail/trigger_named__struct.h
[8.554s] -- Up-to-date symlink: /root/ros2_code/humble/dai_ws/install/depthai_ros_msgs/include/depthai_ros_msgs/depthai_ros_msgs/srv/detail/trigger_named__type_support.h
[8.555s] -- Up-to-date symlink: /root/ros2_code/humble/dai_ws/install/depthai_ros_msgs/include/depthai_ros_msgs/depthai_ros_msgs/srv/normalized_image_crop.h
[8.555s] -- Up-to-date symlink: /root/ros2_code/humble/dai_ws/install/depthai_ros_msgs/include/depthai_ros_msgs/depthai_ros_msgs/srv/trigger_named.h
[8.557s] -- Up-to-date symlink: /root/ros2_code/humble/dai_ws/install/depthai_ros_msgs/share/depthai_ros_msgs/environment/library_path.sh
[8.558s] -- Up-to-date symlink: /root/ros2_code/humble/dai_ws/install/depthai_ros_msgs/share/depthai_ros_msgs/environment/library_path.dsv
[8.564s] -- Up-to-date symlink: /root/ros2_code/humble/dai_ws/install/depthai_ros_msgs/include/depthai_ros_msgs/depthai_ros_msgs/msg/detail/auto_focus_ctrl__rosidl_typesupport_fastrtps_c.h
[8.564s] -- Up-to-date symlink: /root/ros2_code/humble/dai_ws/install/depthai_ros_msgs/include/depthai_ros_msgs/depthai_ros_msgs/msg/detail/hand_landmark__rosidl_typesupport_fastrtps_c.h
[8.565s] -- Up-to-date symlink: /root/ros2_code/humble/dai_ws/install/depthai_ros_msgs/include/depthai_ros_msgs/depthai_ros_msgs/msg/detail/hand_landmark_array__rosidl_typesupport_fastrtps_c.h
[8.566s] -- Up-to-date symlink: /root/ros2_code/humble/dai_ws/install/depthai_ros_msgs/include/depthai_ros_msgs/depthai_ros_msgs/msg/detail/imu_with_magnetic_field__rosidl_typesupport_fastrtps_c.h
[8.567s] -- Up-to-date symlink: /root/ros2_code/humble/dai_ws/install/depthai_ros_msgs/include/depthai_ros_msgs/depthai_ros_msgs/msg/detail/spatial_detection__rosidl_typesupport_fastrtps_c.h
[8.567s] -- Up-to-date symlink: /root/ros2_code/humble/dai_ws/install/depthai_ros_msgs/include/depthai_ros_msgs/depthai_ros_msgs/msg/detail/spatial_detection_array__rosidl_typesupport_fastrtps_c.h
[8.568s] -- Up-to-date symlink: /root/ros2_code/humble/dai_ws/install/depthai_ros_msgs/include/depthai_ros_msgs/depthai_ros_msgs/msg/detail/tracked_feature__rosidl_typesupport_fastrtps_c.h
[8.569s] -- Up-to-date symlink: /root/ros2_code/humble/dai_ws/install/depthai_ros_msgs/include/depthai_ros_msgs/depthai_ros_msgs/msg/detail/tracked_features__rosidl_typesupport_fastrtps_c.h
[8.570s] -- Up-to-date symlink: /root/ros2_code/humble/dai_ws/install/depthai_ros_msgs/include/depthai_ros_msgs/depthai_ros_msgs/msg/rosidl_typesupport_fastrtps_c__visibility_control.h
[8.570s] -- Up-to-date symlink: /root/ros2_code/humble/dai_ws/install/depthai_ros_msgs/include/depthai_ros_msgs/depthai_ros_msgs/srv/detail/normalized_image_crop__rosidl_typesupport_fastrtps_c.h
[8.571s] -- Up-to-date symlink: /root/ros2_code/humble/dai_ws/install/depthai_ros_msgs/include/depthai_ros_msgs/depthai_ros_msgs/srv/detail/trigger_named__rosidl_typesupport_fastrtps_c.h
[8.575s] -- Up-to-date symlink: /root/ros2_code/humble/dai_ws/install/depthai_ros_msgs/include/depthai_ros_msgs/depthai_ros_msgs/msg/auto_focus_ctrl.hpp
[8.576s] -- Up-to-date symlink: /root/ros2_code/humble/dai_ws/install/depthai_ros_msgs/include/depthai_ros_msgs/depthai_ros_msgs/msg/detail/auto_focus_ctrl__builder.hpp
[8.576s] -- Up-to-date symlink: /root/ros2_code/humble/dai_ws/install/depthai_ros_msgs/include/depthai_ros_msgs/depthai_ros_msgs/msg/detail/auto_focus_ctrl__struct.hpp
[8.577s] -- Up-to-date symlink: /root/ros2_code/humble/dai_ws/install/depthai_ros_msgs/include/depthai_ros_msgs/depthai_ros_msgs/msg/detail/auto_focus_ctrl__traits.hpp
[8.578s] -- Up-to-date symlink: /root/ros2_code/humble/dai_ws/install/depthai_ros_msgs/include/depthai_ros_msgs/depthai_ros_msgs/msg/detail/hand_landmark__builder.hpp
[8.579s] -- Up-to-date symlink: /root/ros2_code/humble/dai_ws/install/depthai_ros_msgs/include/depthai_ros_msgs/depthai_ros_msgs/msg/detail/hand_landmark__struct.hpp
[8.579s] -- Up-to-date symlink: /root/ros2_code/humble/dai_ws/install/depthai_ros_msgs/include/depthai_ros_msgs/depthai_ros_msgs/msg/detail/hand_landmark__traits.hpp
[8.580s] -- Up-to-date symlink: /root/ros2_code/humble/dai_ws/install/depthai_ros_msgs/include/depthai_ros_msgs/depthai_ros_msgs/msg/detail/hand_landmark_array__builder.hpp
[8.581s] -- Up-to-date symlink: /root/ros2_code/humble/dai_ws/install/depthai_ros_msgs/include/depthai_ros_msgs/depthai_ros_msgs/msg/detail/hand_landmark_array__struct.hpp
[8.581s] -- Up-to-date symlink: /root/ros2_code/humble/dai_ws/install/depthai_ros_msgs/include/depthai_ros_msgs/depthai_ros_msgs/msg/detail/hand_landmark_array__traits.hpp
[8.582s] -- Up-to-date symlink: /root/ros2_code/humble/dai_ws/install/depthai_ros_msgs/include/depthai_ros_msgs/depthai_ros_msgs/msg/detail/imu_with_magnetic_field__builder.hpp
[8.583s] -- Up-to-date symlink: /root/ros2_code/humble/dai_ws/install/depthai_ros_msgs/include/depthai_ros_msgs/depthai_ros_msgs/msg/detail/imu_with_magnetic_field__struct.hpp
[8.583s] -- Up-to-date symlink: /root/ros2_code/humble/dai_ws/install/depthai_ros_msgs/include/depthai_ros_msgs/depthai_ros_msgs/msg/detail/imu_with_magnetic_field__traits.hpp
[8.584s] -- Up-to-date symlink: /root/ros2_code/humble/dai_ws/install/depthai_ros_msgs/include/depthai_ros_msgs/depthai_ros_msgs/msg/detail/spatial_detection__builder.hpp
[8.585s] -- Up-to-date symlink: /root/ros2_code/humble/dai_ws/install/depthai_ros_msgs/include/depthai_ros_msgs/depthai_ros_msgs/msg/detail/spatial_detection__struct.hpp
[8.586s] -- Up-to-date symlink: /root/ros2_code/humble/dai_ws/install/depthai_ros_msgs/include/depthai_ros_msgs/depthai_ros_msgs/msg/detail/spatial_detection__traits.hpp
[8.586s] -- Up-to-date symlink: /root/ros2_code/humble/dai_ws/install/depthai_ros_msgs/include/depthai_ros_msgs/depthai_ros_msgs/msg/detail/spatial_detection_array__builder.hpp
[8.587s] -- Up-to-date symlink: /root/ros2_code/humble/dai_ws/install/depthai_ros_msgs/include/depthai_ros_msgs/depthai_ros_msgs/msg/detail/spatial_detection_array__struct.hpp
[8.588s] -- Up-to-date symlink: /root/ros2_code/humble/dai_ws/install/depthai_ros_msgs/include/depthai_ros_msgs/depthai_ros_msgs/msg/detail/spatial_detection_array__traits.hpp
[8.589s] -- Up-to-date symlink: /root/ros2_code/humble/dai_ws/install/depthai_ros_msgs/include/depthai_ros_msgs/depthai_ros_msgs/msg/detail/tracked_feature__builder.hpp
[8.590s] -- Up-to-date symlink: /root/ros2_code/humble/dai_ws/install/depthai_ros_msgs/include/depthai_ros_msgs/depthai_ros_msgs/msg/detail/tracked_feature__struct.hpp
[8.590s] -- Up-to-date symlink: /root/ros2_code/humble/dai_ws/install/depthai_ros_msgs/include/depthai_ros_msgs/depthai_ros_msgs/msg/detail/tracked_feature__traits.hpp
[8.591s] -- Up-to-date symlink: /root/ros2_code/humble/dai_ws/install/depthai_ros_msgs/include/depthai_ros_msgs/depthai_ros_msgs/msg/detail/tracked_features__builder.hpp
[8.592s] -- Up-to-date symlink: /root/ros2_code/humble/dai_ws/install/depthai_ros_msgs/include/depthai_ros_msgs/depthai_ros_msgs/msg/detail/tracked_features__struct.hpp
[8.593s] -- Up-to-date symlink: /root/ros2_code/humble/dai_ws/install/depthai_ros_msgs/include/depthai_ros_msgs/depthai_ros_msgs/msg/detail/tracked_features__traits.hpp
[8.594s] -- Up-to-date symlink: /root/ros2_code/humble/dai_ws/install/depthai_ros_msgs/include/depthai_ros_msgs/depthai_ros_msgs/msg/hand_landmark.hpp
[8.595s] -- Up-to-date symlink: /root/ros2_code/humble/dai_ws/install/depthai_ros_msgs/include/depthai_ros_msgs/depthai_ros_msgs/msg/hand_landmark_array.hpp
[8.595s] -- Up-to-date symlink: /root/ros2_code/humble/dai_ws/install/depthai_ros_msgs/include/depthai_ros_msgs/depthai_ros_msgs/msg/imu_with_magnetic_field.hpp
[8.596s] -- Up-to-date symlink: /root/ros2_code/humble/dai_ws/install/depthai_ros_msgs/include/depthai_ros_msgs/depthai_ros_msgs/msg/spatial_detection.hpp
[8.598s] -- Up-to-date symlink: /root/ros2_code/humble/dai_ws/install/depthai_ros_msgs/include/depthai_ros_msgs/depthai_ros_msgs/msg/spatial_detection_array.hpp
[8.598s] -- Up-to-date symlink: /root/ros2_code/humble/dai_ws/install/depthai_ros_msgs/include/depthai_ros_msgs/depthai_ros_msgs/msg/tracked_feature.hpp
[8.599s] -- Up-to-date symlink: /root/ros2_code/humble/dai_ws/install/depthai_ros_msgs/include/depthai_ros_msgs/depthai_ros_msgs/msg/tracked_features.hpp
[8.600s] -- Up-to-date symlink: /root/ros2_code/humble/dai_ws/install/depthai_ros_msgs/include/depthai_ros_msgs/depthai_ros_msgs/srv/detail/normalized_image_crop__builder.hpp
[8.600s] -- Up-to-date symlink: /root/ros2_code/humble/dai_ws/install/depthai_ros_msgs/include/depthai_ros_msgs/depthai_ros_msgs/srv/detail/normalized_image_crop__struct.hpp
[8.601s] -- Up-to-date symlink: /root/ros2_code/humble/dai_ws/install/depthai_ros_msgs/include/depthai_ros_msgs/depthai_ros_msgs/srv/detail/normalized_image_crop__traits.hpp
[8.602s] -- Up-to-date symlink: /root/ros2_code/humble/dai_ws/install/depthai_ros_msgs/include/depthai_ros_msgs/depthai_ros_msgs/srv/detail/trigger_named__builder.hpp
[8.603s] -- Up-to-date symlink: /root/ros2_code/humble/dai_ws/install/depthai_ros_msgs/include/depthai_ros_msgs/depthai_ros_msgs/srv/detail/trigger_named__struct.hpp
[8.605s] -- Up-to-date symlink: /root/ros2_code/humble/dai_ws/install/depthai_ros_msgs/include/depthai_ros_msgs/depthai_ros_msgs/srv/detail/trigger_named__traits.hpp
[8.606s] -- Up-to-date symlink: /root/ros2_code/humble/dai_ws/install/depthai_ros_msgs/include/depthai_ros_msgs/depthai_ros_msgs/srv/normalized_image_crop.hpp
[8.606s] -- Up-to-date symlink: /root/ros2_code/humble/dai_ws/install/depthai_ros_msgs/include/depthai_ros_msgs/depthai_ros_msgs/srv/trigger_named.hpp
[8.611s] -- Up-to-date symlink: /root/ros2_code/humble/dai_ws/install/depthai_ros_msgs/include/depthai_ros_msgs/depthai_ros_msgs/msg/detail/auto_focus_ctrl__rosidl_typesupport_fastrtps_cpp.hpp
[8.612s] -- Up-to-date symlink: /root/ros2_code/humble/dai_ws/install/depthai_ros_msgs/include/depthai_ros_msgs/depthai_ros_msgs/msg/detail/hand_landmark__rosidl_typesupport_fastrtps_cpp.hpp
[8.613s] -- Up-to-date symlink: /root/ros2_code/humble/dai_ws/install/depthai_ros_msgs/include/depthai_ros_msgs/depthai_ros_msgs/msg/detail/hand_landmark_array__rosidl_typesupport_fastrtps_cpp.hpp
[8.614s] -- Up-to-date symlink: /root/ros2_code/humble/dai_ws/install/depthai_ros_msgs/include/depthai_ros_msgs/depthai_ros_msgs/msg/detail/imu_with_magnetic_field__rosidl_typesupport_fastrtps_cpp.hpp
[8.615s] -- Up-to-date symlink: /root/ros2_code/humble/dai_ws/install/depthai_ros_msgs/include/depthai_ros_msgs/depthai_ros_msgs/msg/detail/spatial_detection__rosidl_typesupport_fastrtps_cpp.hpp
[8.615s] -- Up-to-date symlink: /root/ros2_code/humble/dai_ws/install/depthai_ros_msgs/include/depthai_ros_msgs/depthai_ros_msgs/msg/detail/spatial_detection_array__rosidl_typesupport_fastrtps_cpp.hpp
[8.616s] -- Up-to-date symlink: /root/ros2_code/humble/dai_ws/install/depthai_ros_msgs/include/depthai_ros_msgs/depthai_ros_msgs/msg/detail/tracked_feature__rosidl_typesupport_fastrtps_cpp.hpp
[8.617s] -- Up-to-date symlink: /root/ros2_code/humble/dai_ws/install/depthai_ros_msgs/include/depthai_ros_msgs/depthai_ros_msgs/msg/detail/tracked_features__rosidl_typesupport_fastrtps_cpp.hpp
[8.618s] -- Up-to-date symlink: /root/ros2_code/humble/dai_ws/install/depthai_ros_msgs/include/depthai_ros_msgs/depthai_ros_msgs/msg/rosidl_typesupport_fastrtps_cpp__visibility_control.h
[8.618s] -- Up-to-date symlink: /root/ros2_code/humble/dai_ws/install/depthai_ros_msgs/include/depthai_ros_msgs/depthai_ros_msgs/srv/detail/normalized_image_crop__rosidl_typesupport_fastrtps_cpp.hpp
[8.619s] -- Up-to-date symlink: /root/ros2_code/humble/dai_ws/install/depthai_ros_msgs/include/depthai_ros_msgs/depthai_ros_msgs/srv/detail/trigger_named__rosidl_typesupport_fastrtps_cpp.hpp
[8.621s] -- Up-to-date symlink: /root/ros2_code/humble/dai_ws/install/depthai_ros_msgs/include/depthai_ros_msgs/depthai_ros_msgs/msg/detail/auto_focus_ctrl__rosidl_typesupport_introspection_c.h
[8.622s] -- Up-to-date symlink: /root/ros2_code/humble/dai_ws/install/depthai_ros_msgs/include/depthai_ros_msgs/depthai_ros_msgs/msg/detail/hand_landmark__rosidl_typesupport_introspection_c.h
[8.623s] -- Up-to-date symlink: /root/ros2_code/humble/dai_ws/install/depthai_ros_msgs/include/depthai_ros_msgs/depthai_ros_msgs/msg/detail/hand_landmark_array__rosidl_typesupport_introspection_c.h
[8.624s] -- Up-to-date symlink: /root/ros2_code/humble/dai_ws/install/depthai_ros_msgs/include/depthai_ros_msgs/depthai_ros_msgs/msg/detail/imu_with_magnetic_field__rosidl_typesupport_introspection_c.h
[8.625s] -- Up-to-date symlink: /root/ros2_code/humble/dai_ws/install/depthai_ros_msgs/include/depthai_ros_msgs/depthai_ros_msgs/msg/detail/spatial_detection__rosidl_typesupport_introspection_c.h
[8.626s] -- Up-to-date symlink: /root/ros2_code/humble/dai_ws/install/depthai_ros_msgs/include/depthai_ros_msgs/depthai_ros_msgs/msg/detail/spatial_detection_array__rosidl_typesupport_introspection_c.h
[8.626s] -- Up-to-date symlink: /root/ros2_code/humble/dai_ws/install/depthai_ros_msgs/include/depthai_ros_msgs/depthai_ros_msgs/msg/detail/tracked_feature__rosidl_typesupport_introspection_c.h
[8.627s] -- Up-to-date symlink: /root/ros2_code/humble/dai_ws/install/depthai_ros_msgs/include/depthai_ros_msgs/depthai_ros_msgs/msg/detail/tracked_features__rosidl_typesupport_introspection_c.h
[8.628s] -- Up-to-date symlink: /root/ros2_code/humble/dai_ws/install/depthai_ros_msgs/include/depthai_ros_msgs/depthai_ros_msgs/msg/rosidl_typesupport_introspection_c__visibility_control.h
[8.629s] -- Up-to-date symlink: /root/ros2_code/humble/dai_ws/install/depthai_ros_msgs/include/depthai_ros_msgs/depthai_ros_msgs/srv/detail/normalized_image_crop__rosidl_typesupport_introspection_c.h
[8.630s] -- Up-to-date symlink: /root/ros2_code/humble/dai_ws/install/depthai_ros_msgs/include/depthai_ros_msgs/depthai_ros_msgs/srv/detail/trigger_named__rosidl_typesupport_introspection_c.h
[8.632s] -- Up-to-date symlink: /root/ros2_code/humble/dai_ws/install/depthai_ros_msgs/include/depthai_ros_msgs/depthai_ros_msgs/msg/detail/auto_focus_ctrl__rosidl_typesupport_introspection_cpp.hpp
[8.633s] -- Up-to-date symlink: /root/ros2_code/humble/dai_ws/install/depthai_ros_msgs/include/depthai_ros_msgs/depthai_ros_msgs/msg/detail/hand_landmark__rosidl_typesupport_introspection_cpp.hpp
[8.634s] -- Up-to-date symlink: /root/ros2_code/humble/dai_ws/install/depthai_ros_msgs/include/depthai_ros_msgs/depthai_ros_msgs/msg/detail/hand_landmark_array__rosidl_typesupport_introspection_cpp.hpp
[8.634s] -- Up-to-date symlink: /root/ros2_code/humble/dai_ws/install/depthai_ros_msgs/include/depthai_ros_msgs/depthai_ros_msgs/msg/detail/imu_with_magnetic_field__rosidl_typesupport_introspection_cpp.hpp
[8.635s] -- Up-to-date symlink: /root/ros2_code/humble/dai_ws/install/depthai_ros_msgs/include/depthai_ros_msgs/depthai_ros_msgs/msg/detail/spatial_detection__rosidl_typesupport_introspection_cpp.hpp
[8.636s] -- Up-to-date symlink: /root/ros2_code/humble/dai_ws/install/depthai_ros_msgs/include/depthai_ros_msgs/depthai_ros_msgs/msg/detail/spatial_detection_array__rosidl_typesupport_introspection_cpp.hpp
[8.636s] -- Up-to-date symlink: /root/ros2_code/humble/dai_ws/install/depthai_ros_msgs/include/depthai_ros_msgs/depthai_ros_msgs/msg/detail/tracked_feature__rosidl_typesupport_introspection_cpp.hpp
[8.637s] -- Up-to-date symlink: /root/ros2_code/humble/dai_ws/install/depthai_ros_msgs/include/depthai_ros_msgs/depthai_ros_msgs/msg/detail/tracked_features__rosidl_typesupport_introspection_cpp.hpp
[8.638s] -- Up-to-date symlink: /root/ros2_code/humble/dai_ws/install/depthai_ros_msgs/include/depthai_ros_msgs/depthai_ros_msgs/srv/detail/normalized_image_crop__rosidl_typesupport_introspection_cpp.hpp
[8.638s] -- Up-to-date symlink: /root/ros2_code/humble/dai_ws/install/depthai_ros_msgs/include/depthai_ros_msgs/depthai_ros_msgs/srv/detail/trigger_named__rosidl_typesupport_introspection_cpp.hpp
[8.639s] -- Up-to-date symlink: /root/ros2_code/humble/dai_ws/install/depthai_ros_msgs/share/depthai_ros_msgs/environment/pythonpath.sh
[8.640s] -- Up-to-date symlink: /root/ros2_code/humble/dai_ws/install/depthai_ros_msgs/share/depthai_ros_msgs/environment/pythonpath.dsv
[8.642s] -- Up-to-date symlink: /root/ros2_code/humble/dai_ws/install/depthai_ros_msgs/local/lib/python3.10/dist-packages/depthai_ros_msgs-2.9.0-py3.10.egg-info/PKG-INFO
[8.643s] -- Up-to-date symlink: /root/ros2_code/humble/dai_ws/install/depthai_ros_msgs/local/lib/python3.10/dist-packages/depthai_ros_msgs-2.9.0-py3.10.egg-info/SOURCES.txt
[8.644s] -- Up-to-date symlink: /root/ros2_code/humble/dai_ws/install/depthai_ros_msgs/local/lib/python3.10/dist-packages/depthai_ros_msgs-2.9.0-py3.10.egg-info/dependency_links.txt
[8.645s] -- Up-to-date symlink: /root/ros2_code/humble/dai_ws/install/depthai_ros_msgs/local/lib/python3.10/dist-packages/depthai_ros_msgs-2.9.0-py3.10.egg-info/top_level.txt
[8.650s] -- Up-to-date symlink: /root/ros2_code/humble/dai_ws/install/depthai_ros_msgs/local/lib/python3.10/dist-packages/depthai_ros_msgs/__init__.py
[8.651s] -- Up-to-date symlink: /root/ros2_code/humble/dai_ws/install/depthai_ros_msgs/local/lib/python3.10/dist-packages/depthai_ros_msgs/_depthai_ros_msgs_s.ep.rosidl_typesupport_c.c
[8.651s] -- Up-to-date symlink: /root/ros2_code/humble/dai_ws/install/depthai_ros_msgs/local/lib/python3.10/dist-packages/depthai_ros_msgs/_depthai_ros_msgs_s.ep.rosidl_typesupport_fastrtps_c.c
[8.652s] -- Up-to-date symlink: /root/ros2_code/humble/dai_ws/install/depthai_ros_msgs/local/lib/python3.10/dist-packages/depthai_ros_msgs/_depthai_ros_msgs_s.ep.rosidl_typesupport_introspection_c.c
[8.653s] -- Up-to-date symlink: /root/ros2_code/humble/dai_ws/install/depthai_ros_msgs/local/lib/python3.10/dist-packages/depthai_ros_msgs/depthai_ros_msgs_s__rosidl_typesupport_c.cpython-310-x86_64-linux-gnu.so
[8.654s] -- Up-to-date symlink: /root/ros2_code/humble/dai_ws/install/depthai_ros_msgs/local/lib/python3.10/dist-packages/depthai_ros_msgs/depthai_ros_msgs_s__rosidl_typesupport_fastrtps_c.cpython-310-x86_64-linux-gnu.so
[8.654s] -- Up-to-date symlink: /root/ros2_code/humble/dai_ws/install/depthai_ros_msgs/local/lib/python3.10/dist-packages/depthai_ros_msgs/depthai_ros_msgs_s__rosidl_typesupport_introspection_c.cpython-310-x86_64-linux-gnu.so
[8.655s] -- Up-to-date symlink: /root/ros2_code/humble/dai_ws/install/depthai_ros_msgs/local/lib/python3.10/dist-packages/depthai_ros_msgs/libdepthai_ros_msgs__rosidl_generator_py.so
[8.655s] -- Up-to-date symlink: /root/ros2_code/humble/dai_ws/install/depthai_ros_msgs/local/lib/python3.10/dist-packages/depthai_ros_msgs/msg/__init__.py
[8.656s] -- Up-to-date symlink: /root/ros2_code/humble/dai_ws/install/depthai_ros_msgs/local/lib/python3.10/dist-packages/depthai_ros_msgs/msg/_auto_focus_ctrl.py
[8.657s] -- Up-to-date symlink: /root/ros2_code/humble/dai_ws/install/depthai_ros_msgs/local/lib/python3.10/dist-packages/depthai_ros_msgs/msg/_auto_focus_ctrl_s.c
[8.658s] -- Up-to-date symlink: /root/ros2_code/humble/dai_ws/install/depthai_ros_msgs/local/lib/python3.10/dist-packages/depthai_ros_msgs/msg/_hand_landmark.py
[8.659s] -- Up-to-date symlink: /root/ros2_code/humble/dai_ws/install/depthai_ros_msgs/local/lib/python3.10/dist-packages/depthai_ros_msgs/msg/_hand_landmark_array.py
[8.659s] -- Up-to-date symlink: /root/ros2_code/humble/dai_ws/install/depthai_ros_msgs/local/lib/python3.10/dist-packages/depthai_ros_msgs/msg/_hand_landmark_array_s.c
[8.660s] -- Up-to-date symlink: /root/ros2_code/humble/dai_ws/install/depthai_ros_msgs/local/lib/python3.10/dist-packages/depthai_ros_msgs/msg/_hand_landmark_s.c
[8.660s] -- Up-to-date symlink: /root/ros2_code/humble/dai_ws/install/depthai_ros_msgs/local/lib/python3.10/dist-packages/depthai_ros_msgs/msg/_imu_with_magnetic_field.py
[8.662s] -- Up-to-date symlink: /root/ros2_code/humble/dai_ws/install/depthai_ros_msgs/local/lib/python3.10/dist-packages/depthai_ros_msgs/msg/_imu_with_magnetic_field_s.c
[8.663s] -- Up-to-date symlink: /root/ros2_code/humble/dai_ws/install/depthai_ros_msgs/local/lib/python3.10/dist-packages/depthai_ros_msgs/msg/_spatial_detection.py
[8.663s] -- Up-to-date symlink: /root/ros2_code/humble/dai_ws/install/depthai_ros_msgs/local/lib/python3.10/dist-packages/depthai_ros_msgs/msg/_spatial_detection_array.py
[8.664s] -- Up-to-date symlink: /root/ros2_code/humble/dai_ws/install/depthai_ros_msgs/local/lib/python3.10/dist-packages/depthai_ros_msgs/msg/_spatial_detection_array_s.c
[8.665s] -- Up-to-date symlink: /root/ros2_code/humble/dai_ws/install/depthai_ros_msgs/local/lib/python3.10/dist-packages/depthai_ros_msgs/msg/_spatial_detection_s.c
[8.665s] -- Up-to-date symlink: /root/ros2_code/humble/dai_ws/install/depthai_ros_msgs/local/lib/python3.10/dist-packages/depthai_ros_msgs/msg/_tracked_feature.py
[8.666s] -- Up-to-date symlink: /root/ros2_code/humble/dai_ws/install/depthai_ros_msgs/local/lib/python3.10/dist-packages/depthai_ros_msgs/msg/_tracked_feature_s.c
[8.666s] -- Up-to-date symlink: /root/ros2_code/humble/dai_ws/install/depthai_ros_msgs/local/lib/python3.10/dist-packages/depthai_ros_msgs/msg/_tracked_features.py
[8.667s] -- Up-to-date symlink: /root/ros2_code/humble/dai_ws/install/depthai_ros_msgs/local/lib/python3.10/dist-packages/depthai_ros_msgs/msg/_tracked_features_s.c
[8.668s] -- Up-to-date symlink: /root/ros2_code/humble/dai_ws/install/depthai_ros_msgs/local/lib/python3.10/dist-packages/depthai_ros_msgs/srv/__init__.py
[8.669s] -- Up-to-date symlink: /root/ros2_code/humble/dai_ws/install/depthai_ros_msgs/local/lib/python3.10/dist-packages/depthai_ros_msgs/srv/_normalized_image_crop.py
[8.670s] -- Up-to-date symlink: /root/ros2_code/humble/dai_ws/install/depthai_ros_msgs/local/lib/python3.10/dist-packages/depthai_ros_msgs/srv/_normalized_image_crop_s.c
[8.672s] -- Up-to-date symlink: /root/ros2_code/humble/dai_ws/install/depthai_ros_msgs/local/lib/python3.10/dist-packages/depthai_ros_msgs/srv/_trigger_named.py
[8.672s] -- Up-to-date symlink: /root/ros2_code/humble/dai_ws/install/depthai_ros_msgs/local/lib/python3.10/dist-packages/depthai_ros_msgs/srv/_trigger_named_s.c
[8.674s] -- Up-to-date symlink: /root/ros2_code/humble/dai_ws/install/depthai_ros_msgs/local/lib/python3.10/dist-packages/depthai_ros_msgs/depthai_ros_msgs_s__rosidl_typesupport_fastrtps_c.cpython-310-x86_64-linux-gnu.so
[8.675s] -- Up-to-date symlink: /root/ros2_code/humble/dai_ws/install/depthai_ros_msgs/local/lib/python3.10/dist-packages/depthai_ros_msgs/depthai_ros_msgs_s__rosidl_typesupport_introspection_c.cpython-310-x86_64-linux-gnu.so
[8.676s] -- Up-to-date symlink: /root/ros2_code/humble/dai_ws/install/depthai_ros_msgs/local/lib/python3.10/dist-packages/depthai_ros_msgs/depthai_ros_msgs_s__rosidl_typesupport_c.cpython-310-x86_64-linux-gnu.so
[8.677s] -- Up-to-date symlink: /root/ros2_code/humble/dai_ws/install/depthai_ros_msgs/share/depthai_ros_msgs/msg/AutoFocusCtrl.idl
[8.678s] -- Up-to-date symlink: /root/ros2_code/humble/dai_ws/install/depthai_ros_msgs/share/depthai_ros_msgs/msg/HandLandmark.idl
[8.679s] -- Up-to-date symlink: /root/ros2_code/humble/dai_ws/install/depthai_ros_msgs/share/depthai_ros_msgs/msg/HandLandmarkArray.idl
[8.680s] -- Up-to-date symlink: /root/ros2_code/humble/dai_ws/install/depthai_ros_msgs/share/depthai_ros_msgs/msg/ImuWithMagneticField.idl
[8.681s] -- Up-to-date symlink: /root/ros2_code/humble/dai_ws/install/depthai_ros_msgs/share/depthai_ros_msgs/msg/TrackedFeature.idl
[8.682s] -- Up-to-date symlink: /root/ros2_code/humble/dai_ws/install/depthai_ros_msgs/share/depthai_ros_msgs/msg/TrackedFeatures.idl
[8.683s] -- Up-to-date symlink: /root/ros2_code/humble/dai_ws/install/depthai_ros_msgs/share/depthai_ros_msgs/msg/SpatialDetection.idl
[8.684s] -- Up-to-date symlink: /root/ros2_code/humble/dai_ws/install/depthai_ros_msgs/share/depthai_ros_msgs/msg/SpatialDetectionArray.idl
[8.684s] -- Up-to-date symlink: /root/ros2_code/humble/dai_ws/install/depthai_ros_msgs/share/depthai_ros_msgs/srv/TriggerNamed.idl
[8.686s] -- Up-to-date symlink: /root/ros2_code/humble/dai_ws/install/depthai_ros_msgs/share/depthai_ros_msgs/srv/NormalizedImageCrop.idl
[8.686s] -- Up-to-date symlink: /root/ros2_code/humble/dai_ws/install/depthai_ros_msgs/share/depthai_ros_msgs/msg/AutoFocusCtrl.msg
[8.687s] -- Up-to-date symlink: /root/ros2_code/humble/dai_ws/install/depthai_ros_msgs/share/depthai_ros_msgs/msg/HandLandmark.msg
[8.688s] -- Up-to-date symlink: /root/ros2_code/humble/dai_ws/install/depthai_ros_msgs/share/depthai_ros_msgs/msg/HandLandmarkArray.msg
[8.689s] -- Up-to-date symlink: /root/ros2_code/humble/dai_ws/install/depthai_ros_msgs/share/depthai_ros_msgs/msg/ImuWithMagneticField.msg
[8.691s] -- Up-to-date symlink: /root/ros2_code/humble/dai_ws/install/depthai_ros_msgs/share/depthai_ros_msgs/msg/TrackedFeature.msg
[8.691s] -- Up-to-date symlink: /root/ros2_code/humble/dai_ws/install/depthai_ros_msgs/share/depthai_ros_msgs/msg/TrackedFeatures.msg
[8.693s] -- Up-to-date symlink: /root/ros2_code/humble/dai_ws/install/depthai_ros_msgs/share/depthai_ros_msgs/msg/SpatialDetection.msg
[8.694s] -- Up-to-date symlink: /root/ros2_code/humble/dai_ws/install/depthai_ros_msgs/share/depthai_ros_msgs/msg/SpatialDetectionArray.msg
[8.695s] -- Up-to-date symlink: /root/ros2_code/humble/dai_ws/install/depthai_ros_msgs/share/depthai_ros_msgs/srv/TriggerNamed.srv
[8.696s] -- Up-to-date symlink: /root/ros2_code/humble/dai_ws/install/depthai_ros_msgs/share/depthai_ros_msgs/srv/TriggerNamed_Request.msg
[8.697s] -- Up-to-date symlink: /root/ros2_code/humble/dai_ws/install/depthai_ros_msgs/share/depthai_ros_msgs/srv/TriggerNamed_Response.msg
[8.698s] -- Up-to-date symlink: /root/ros2_code/humble/dai_ws/install/depthai_ros_msgs/share/depthai_ros_msgs/srv/NormalizedImageCrop.srv
[8.699s] -- Up-to-date symlink: /root/ros2_code/humble/dai_ws/install/depthai_ros_msgs/share/depthai_ros_msgs/srv/NormalizedImageCrop_Request.msg
[8.701s] -- Up-to-date symlink: /root/ros2_code/humble/dai_ws/install/depthai_ros_msgs/share/depthai_ros_msgs/srv/NormalizedImageCrop_Response.msg
[8.702s] -- Up-to-date symlink: /root/ros2_code/humble/dai_ws/install/depthai_ros_msgs/share/ament_index/resource_index/package_run_dependencies/depthai_ros_msgs
[8.702s] -- Up-to-date symlink: /root/ros2_code/humble/dai_ws/install/depthai_ros_msgs/share/ament_index/resource_index/parent_prefix_path/depthai_ros_msgs
[8.704s] -- Up-to-date symlink: /root/ros2_code/humble/dai_ws/install/depthai_ros_msgs/share/depthai_ros_msgs/environment/ament_prefix_path.sh
[8.704s] -- Up-to-date symlink: /root/ros2_code/humble/dai_ws/install/depthai_ros_msgs/share/depthai_ros_msgs/environment/ament_prefix_path.dsv
[8.706s] -- Up-to-date symlink: /root/ros2_code/humble/dai_ws/install/depthai_ros_msgs/share/depthai_ros_msgs/environment/path.sh
[8.707s] -- Up-to-date symlink: /root/ros2_code/humble/dai_ws/install/depthai_ros_msgs/share/depthai_ros_msgs/environment/path.dsv
[8.708s] -- Up-to-date symlink: /root/ros2_code/humble/dai_ws/install/depthai_ros_msgs/share/depthai_ros_msgs/local_setup.bash
[8.709s] -- Up-to-date symlink: /root/ros2_code/humble/dai_ws/install/depthai_ros_msgs/share/depthai_ros_msgs/local_setup.sh
[8.710s] -- Up-to-date symlink: /root/ros2_code/humble/dai_ws/install/depthai_ros_msgs/share/depthai_ros_msgs/local_setup.zsh
[8.711s] -- Up-to-date symlink: /root/ros2_code/humble/dai_ws/install/depthai_ros_msgs/share/depthai_ros_msgs/local_setup.dsv
[8.712s] -- Symlinking: /root/ros2_code/humble/dai_ws/install/depthai_ros_msgs/share/depthai_ros_msgs/package.dsv
[8.757s] -- Up-to-date symlink: /root/ros2_code/humble/dai_ws/install/depthai_ros_msgs/share/ament_index/resource_index/packages/depthai_ros_msgs
[8.757s] -- Up-to-date symlink: /root/ros2_code/humble/dai_ws/install/depthai_ros_msgs/share/depthai_ros_msgs/cmake/rosidl_cmake-extras.cmake
[8.758s] -- Up-to-date symlink: /root/ros2_code/humble/dai_ws/install/depthai_ros_msgs/share/depthai_ros_msgs/cmake/ament_cmake_export_dependencies-extras.cmake
[8.759s] -- Up-to-date symlink: /root/ros2_code/humble/dai_ws/install/depthai_ros_msgs/share/depthai_ros_msgs/cmake/ament_cmake_export_include_directories-extras.cmake
[8.760s] -- Up-to-date symlink: /root/ros2_code/humble/dai_ws/install/depthai_ros_msgs/share/depthai_ros_msgs/cmake/ament_cmake_export_libraries-extras.cmake
[8.761s] -- Up-to-date symlink: /root/ros2_code/humble/dai_ws/install/depthai_ros_msgs/share/depthai_ros_msgs/cmake/ament_cmake_export_targets-extras.cmake
[8.762s] -- Up-to-date symlink: /root/ros2_code/humble/dai_ws/install/depthai_ros_msgs/share/depthai_ros_msgs/cmake/rosidl_cmake_export_typesupport_targets-extras.cmake
[8.762s] -- Up-to-date symlink: /root/ros2_code/humble/dai_ws/install/depthai_ros_msgs/share/depthai_ros_msgs/cmake/rosidl_cmake_export_typesupport_libraries-extras.cmake
[8.763s] -- Up-to-date symlink: /root/ros2_code/humble/dai_ws/install/depthai_ros_msgs/share/depthai_ros_msgs/cmake/depthai_ros_msgsConfig.cmake
[8.764s] -- Up-to-date symlink: /root/ros2_code/humble/dai_ws/install/depthai_ros_msgs/share/depthai_ros_msgs/cmake/depthai_ros_msgsConfig-version.cmake
[8.764s] -- Up-to-date symlink: /root/ros2_code/humble/dai_ws/install/depthai_ros_msgs/share/depthai_ros_msgs/package.xml
[8.766s] -- Up-to-date: /root/ros2_code/humble/dai_ws/install/depthai_ros_msgs/lib/libdepthai_ros_msgs__rosidl_generator_c.so
[8.768s] -- Up-to-date: /root/ros2_code/humble/dai_ws/install/depthai_ros_msgs/lib/libdepthai_ros_msgs__rosidl_typesupport_fastrtps_c.so
[8.770s] -- Up-to-date: /root/ros2_code/humble/dai_ws/install/depthai_ros_msgs/lib/libdepthai_ros_msgs__rosidl_typesupport_fastrtps_cpp.so
[8.772s] -- Up-to-date: /root/ros2_code/humble/dai_ws/install/depthai_ros_msgs/lib/libdepthai_ros_msgs__rosidl_typesupport_introspection_c.so
[8.774s] -- Up-to-date: /root/ros2_code/humble/dai_ws/install/depthai_ros_msgs/lib/libdepthai_ros_msgs__rosidl_typesupport_c.so
[8.775s] -- Up-to-date: /root/ros2_code/humble/dai_ws/install/depthai_ros_msgs/lib/libdepthai_ros_msgs__rosidl_typesupport_introspection_cpp.so
[8.777s] -- Up-to-date: /root/ros2_code/humble/dai_ws/install/depthai_ros_msgs/lib/libdepthai_ros_msgs__rosidl_typesupport_cpp.so
[8.975s] Listing '/root/ros2_code/humble/dai_ws/install/depthai_ros_msgs/local/lib/python3.10/dist-packages/depthai_ros_msgs'...
[8.976s] Listing '/root/ros2_code/humble/dai_ws/install/depthai_ros_msgs/local/lib/python3.10/dist-packages/depthai_ros_msgs/msg'...
[8.976s] Listing '/root/ros2_code/humble/dai_ws/install/depthai_ros_msgs/local/lib/python3.10/dist-packages/depthai_ros_msgs/srv'...
[8.999s] -- Up-to-date: /root/ros2_code/humble/dai_ws/install/depthai_ros_msgs/lib/libdepthai_ros_msgs__rosidl_generator_py.so
[9.001s] -- Up-to-date: /root/ros2_code/humble/dai_ws/install/depthai_ros_msgs/share/depthai_ros_msgs/cmake/export_depthai_ros_msgs__rosidl_generator_cExport.cmake
[9.001s] -- Up-to-date: /root/ros2_code/humble/dai_ws/install/depthai_ros_msgs/share/depthai_ros_msgs/cmake/export_depthai_ros_msgs__rosidl_generator_cExport-noconfig.cmake
[9.002s] -- Up-to-date: /root/ros2_code/humble/dai_ws/install/depthai_ros_msgs/share/depthai_ros_msgs/cmake/export_depthai_ros_msgs__rosidl_typesupport_fastrtps_cExport.cmake
[9.003s] -- Up-to-date: /root/ros2_code/humble/dai_ws/install/depthai_ros_msgs/share/depthai_ros_msgs/cmake/export_depthai_ros_msgs__rosidl_typesupport_fastrtps_cExport-noconfig.cmake
[9.003s] -- Up-to-date: /root/ros2_code/humble/dai_ws/install/depthai_ros_msgs/share/depthai_ros_msgs/cmake/export_depthai_ros_msgs__rosidl_generator_cppExport.cmake
[9.004s] -- Up-to-date: /root/ros2_code/humble/dai_ws/install/depthai_ros_msgs/share/depthai_ros_msgs/cmake/export_depthai_ros_msgs__rosidl_typesupport_fastrtps_cppExport.cmake
[9.006s] -- Up-to-date: /root/ros2_code/humble/dai_ws/install/depthai_ros_msgs/share/depthai_ros_msgs/cmake/export_depthai_ros_msgs__rosidl_typesupport_fastrtps_cppExport-noconfig.cmake
[9.006s] -- Up-to-date: /root/ros2_code/humble/dai_ws/install/depthai_ros_msgs/share/depthai_ros_msgs/cmake/depthai_ros_msgs__rosidl_typesupport_introspection_cExport.cmake
[9.007s] -- Up-to-date: /root/ros2_code/humble/dai_ws/install/depthai_ros_msgs/share/depthai_ros_msgs/cmake/depthai_ros_msgs__rosidl_typesupport_introspection_cExport-noconfig.cmake
[9.007s] -- Up-to-date: /root/ros2_code/humble/dai_ws/install/depthai_ros_msgs/share/depthai_ros_msgs/cmake/depthai_ros_msgs__rosidl_typesupport_cExport.cmake
[9.008s] -- Up-to-date: /root/ros2_code/humble/dai_ws/install/depthai_ros_msgs/share/depthai_ros_msgs/cmake/depthai_ros_msgs__rosidl_typesupport_cExport-noconfig.cmake
[9.009s] -- Up-to-date: /root/ros2_code/humble/dai_ws/install/depthai_ros_msgs/share/depthai_ros_msgs/cmake/depthai_ros_msgs__rosidl_typesupport_introspection_cppExport.cmake
[9.010s] -- Up-to-date: /root/ros2_code/humble/dai_ws/install/depthai_ros_msgs/share/depthai_ros_msgs/cmake/depthai_ros_msgs__rosidl_typesupport_introspection_cppExport-noconfig.cmake
[9.010s] -- Up-to-date: /root/ros2_code/humble/dai_ws/install/depthai_ros_msgs/share/depthai_ros_msgs/cmake/depthai_ros_msgs__rosidl_typesupport_cppExport.cmake
[9.011s] -- Up-to-date: /root/ros2_code/humble/dai_ws/install/depthai_ros_msgs/share/depthai_ros_msgs/cmake/depthai_ros_msgs__rosidl_typesupport_cppExport-noconfig.cmake
[9.011s] -- Up-to-date: /root/ros2_code/humble/dai_ws/install/depthai_ros_msgs/share/depthai_ros_msgs/cmake/export_depthai_ros_msgs__rosidl_generator_pyExport.cmake
[9.012s] -- Up-to-date: /root/ros2_code/humble/dai_ws/install/depthai_ros_msgs/share/depthai_ros_msgs/cmake/export_depthai_ros_msgs__rosidl_generator_pyExport-noconfig.cmake
[9.019s] Invoked command in '/root/ros2_code/humble/dai_ws/build/depthai_ros_msgs' returned '0': CMAKE_PREFIX_PATH=${CMAKE_PREFIX_PATH}:/root/ros2_code/humble/learning/install/ball_tracker:/opt/ros/humble /usr/bin/cmake --install /root/ros2_code/humble/dai_ws/build/depthai_ros_msgs
