-- Found ament_cmake: 1.3.6 (/opt/ros/humble/share/ament_cmake/cmake)
-- Override CMake install command with custom implementation using symlinks instead of copying resources
-- Found rclcpp: 16.0.7 (/opt/ros/humble/share/rclcpp/cmake)
-- Found rosidl_generator_c: 3.1.5 (/opt/ros/humble/share/rosidl_generator_c/cmake)
-- Found rosidl_adapter: 3.1.5 (/opt/ros/humble/share/rosidl_adapter/cmake)
-- Found rosidl_generator_cpp: 3.1.5 (/opt/ros/humble/share/rosidl_generator_cpp/cmake)
-- Using all available rosidl_typesupport_c: rosidl_typesupport_fastrtps_c;rosidl_typesupport_introspection_c
-- Using all available rosidl_typesupport_cpp: rosidl_typesupport_fastrtps_cpp;rosidl_typesupport_introspection_cpp
-- Found rmw_implementation_cmake: 6.1.1 (/opt/ros/humble/share/rmw_implementation_cmake/cmake)
-- Found rmw_cyclonedds_cpp: 1.3.4 (/opt/ros/humble/share/rmw_cyclonedds_cpp/cmake)
-- Using RMW implementation 'rmw_cyclonedds_cpp' as default
-- Looking for ignition-math6 -- found version 6.15.0
-- Searching for dependencies of ignition-math6
[31mCMake Error at CMakeLists.txt:81 (find_package):
  By not providing "Findignition-transport11.cmake" in CMAKE_MODULE_PATH this
  project has asked CMake to find a package configuration file provided by
  "ignition-transport11", but CMake did not find one.

  Could not find a package configuration file provided by
  "ignition-transport11" with any of the following names:

    ignition-transport11Config.cmake
    ignition-transport11-config.cmake

  Add the installation prefix of "ignition-transport11" to CMAKE_PREFIX_PATH
  or set "ignition-transport11_DIR" to a directory containing one of the
  above files.  If "ignition-transport11" provides a separate development
  package or SDK, be sure it has been installed.

[0m
-- Configuring incomplete, errors occurred!
See also "/root/ros2_code/humble/ros_bot/build/ros_gz_sim/CMakeFiles/CMakeOutput.log".
