[0.082s] Invoking command in '/root/ros2_code/humble/simulations/build/neo_simulation2': CMAKE_PREFIX_PATH=${CMAKE_PREFIX_PATH}:/root/ros2_code/humble/vision/install/navigation_pkg:/root/ros2_code/humble/vision/install/joystick_pkg:/root/ros2_code/humble/vision/install/cartographer_pkg:/opt/ros/humble /usr/bin/cmake /root/ros2_code/humble/simulations/src/neo_simulation2 -DCMAKE_INSTALL_PREFIX=/root/ros2_code/humble/simulations/install/neo_simulation2
[0.138s] -- The C compiler identification is GNU 11.4.0
[0.188s] -- The CXX compiler identification is GNU 11.4.0
[0.196s] -- Detecting C compiler ABI info
[0.268s] -- Detecting C compiler ABI info - done
[0.273s] -- Check for working C compiler: /usr/bin/cc - skipped
[0.273s] -- Detecting C compile features
[0.273s] -- Detecting C compile features - done
[0.276s] -- Detecting CXX compiler ABI info
[0.352s] -- Detecting CXX compiler ABI info - done
[0.358s] -- Check for working CXX compiler: /usr/bin/c++ - skipped
[0.358s] -- Detecting CXX compile features
[0.358s] -- Detecting CXX compile features - done
[0.363s] -- Found ament_cmake: 1.3.6 (/opt/ros/humble/share/ament_cmake/cmake)
[0.521s] -- Found Python3: /usr/bin/python3.10 (found version "3.10.12") found components: Interpreter 
[0.673s] -- Configuring done
[0.675s] -- Generating done
[0.676s] -- Build files have been written to: /root/ros2_code/humble/simulations/build/neo_simulation2
[0.680s] Invoked command in '/root/ros2_code/humble/simulations/build/neo_simulation2' returned '0': CMAKE_PREFIX_PATH=${CMAKE_PREFIX_PATH}:/root/ros2_code/humble/vision/install/navigation_pkg:/root/ros2_code/humble/vision/install/joystick_pkg:/root/ros2_code/humble/vision/install/cartographer_pkg:/opt/ros/humble /usr/bin/cmake /root/ros2_code/humble/simulations/src/neo_simulation2 -DCMAKE_INSTALL_PREFIX=/root/ros2_code/humble/simulations/install/neo_simulation2
[0.683s] Invoking command in '/root/ros2_code/humble/simulations/build/neo_simulation2': CMAKE_PREFIX_PATH=${CMAKE_PREFIX_PATH}:/root/ros2_code/humble/vision/install/navigation_pkg:/root/ros2_code/humble/vision/install/joystick_pkg:/root/ros2_code/humble/vision/install/cartographer_pkg:/opt/ros/humble /usr/bin/cmake --build /root/ros2_code/humble/simulations/build/neo_simulation2 -- -j12 -l12
[0.721s] Invoked command in '/root/ros2_code/humble/simulations/build/neo_simulation2' returned '0': CMAKE_PREFIX_PATH=${CMAKE_PREFIX_PATH}:/root/ros2_code/humble/vision/install/navigation_pkg:/root/ros2_code/humble/vision/install/joystick_pkg:/root/ros2_code/humble/vision/install/cartographer_pkg:/opt/ros/humble /usr/bin/cmake --build /root/ros2_code/humble/simulations/build/neo_simulation2 -- -j12 -l12
[0.760s] Invoking command in '/root/ros2_code/humble/simulations/build/neo_simulation2': CMAKE_PREFIX_PATH=${CMAKE_PREFIX_PATH}:/root/ros2_code/humble/vision/install/navigation_pkg:/root/ros2_code/humble/vision/install/joystick_pkg:/root/ros2_code/humble/vision/install/cartographer_pkg:/opt/ros/humble /usr/bin/cmake --install /root/ros2_code/humble/simulations/build/neo_simulation2
[0.767s] -- Install configuration: ""
[0.767s] -- Installing: /root/ros2_code/humble/simulations/install/neo_simulation2/share/neo_simulation2/launch
[0.767s] -- Installing: /root/ros2_code/humble/simulations/install/neo_simulation2/share/neo_simulation2/launch/navigation.launch.py
[0.768s] -- Installing: /root/ros2_code/humble/simulations/install/neo_simulation2/share/neo_simulation2/launch/multi_robot_simulation.py
[0.768s] -- Installing: /root/ros2_code/humble/simulations/install/neo_simulation2/share/neo_simulation2/launch/simulation.launch.py
[0.768s] -- Installing: /root/ros2_code/humble/simulations/install/neo_simulation2/share/neo_simulation2/configs
[0.768s] -- Installing: /root/ros2_code/humble/simulations/install/neo_simulation2/share/neo_simulation2/configs/mpo_700
[0.768s] -- Installing: /root/ros2_code/humble/simulations/install/neo_simulation2/share/neo_simulation2/configs/mpo_700/mapping.yaml
[0.768s] -- Installing: /root/ros2_code/humble/simulations/install/neo_simulation2/share/neo_simulation2/configs/mpo_700/navigation.yaml
[0.769s] -- Installing: /root/ros2_code/humble/simulations/install/neo_simulation2/share/neo_simulation2/configs/mp_500
[0.769s] -- Installing: /root/ros2_code/humble/simulations/install/neo_simulation2/share/neo_simulation2/configs/mp_500/mapping.yaml
[0.769s] -- Installing: /root/ros2_code/humble/simulations/install/neo_simulation2/share/neo_simulation2/configs/mp_500/navigation.yaml
[0.769s] -- Installing: /root/ros2_code/humble/simulations/install/neo_simulation2/share/neo_simulation2/configs/mp_400
[0.769s] -- Installing: /root/ros2_code/humble/simulations/install/neo_simulation2/share/neo_simulation2/configs/mp_400/mapping.yaml
[0.769s] -- Installing: /root/ros2_code/humble/simulations/install/neo_simulation2/share/neo_simulation2/configs/mp_400/navigation.yaml
[0.770s] -- Installing: /root/ros2_code/humble/simulations/install/neo_simulation2/share/neo_simulation2/configs/mpo_500
[0.770s] -- Installing: /root/ros2_code/humble/simulations/install/neo_simulation2/share/neo_simulation2/configs/mpo_500/mapping.yaml
[0.770s] -- Installing: /root/ros2_code/humble/simulations/install/neo_simulation2/share/neo_simulation2/configs/mpo_500/navigation.yaml
[0.770s] -- Installing: /root/ros2_code/humble/simulations/install/neo_simulation2/share/neo_simulation2/maps
[0.770s] -- Installing: /root/ros2_code/humble/simulations/install/neo_simulation2/share/neo_simulation2/maps/aws.yaml
[0.770s] -- Installing: /root/ros2_code/humble/simulations/install/neo_simulation2/share/neo_simulation2/maps/neo_track1.yaml
[0.771s] -- Installing: /root/ros2_code/humble/simulations/install/neo_simulation2/share/neo_simulation2/maps/neo_track1.pgm
[0.791s] -- Installing: /root/ros2_code/humble/simulations/install/neo_simulation2/share/neo_simulation2/maps/aws.pgm
[0.792s] -- Installing: /root/ros2_code/humble/simulations/install/neo_simulation2/share/neo_simulation2/maps/neo_workshop.pgm
[0.813s] -- Installing: /root/ros2_code/humble/simulations/install/neo_simulation2/share/neo_simulation2/maps/neo_workshop.yaml
[0.813s] -- Installing: /root/ros2_code/humble/simulations/install/neo_simulation2/share/neo_simulation2/worlds
[0.813s] -- Installing: /root/ros2_code/humble/simulations/install/neo_simulation2/share/neo_simulation2/worlds/neo_workshop.world
[0.813s] -- Installing: /root/ros2_code/humble/simulations/install/neo_simulation2/share/neo_simulation2/worlds/aws.world
[0.814s] -- Installing: /root/ros2_code/humble/simulations/install/neo_simulation2/share/neo_simulation2/worlds/neo_track2.world
[0.814s] -- Installing: /root/ros2_code/humble/simulations/install/neo_simulation2/share/neo_simulation2/worlds/neo_track1.world
[0.815s] -- Installing: /root/ros2_code/humble/simulations/install/neo_simulation2/share/neo_simulation2/robots
[0.815s] -- Installing: /root/ros2_code/humble/simulations/install/neo_simulation2/share/neo_simulation2/robots/mpo_700
[0.815s] -- Installing: /root/ros2_code/humble/simulations/install/neo_simulation2/share/neo_simulation2/robots/mpo_700/mpo_700.urdf
[0.815s] -- Installing: /root/ros2_code/humble/simulations/install/neo_simulation2/share/neo_simulation2/robots/mpo_700/meshes
[0.815s] -- Installing: /root/ros2_code/humble/simulations/install/neo_simulation2/share/neo_simulation2/robots/mpo_700/meshes/MPO-700-HEAD.dae
[0.816s] -- Installing: /root/ros2_code/humble/simulations/install/neo_simulation2/share/neo_simulation2/robots/mpo_700/meshes/MPO-700-charge-port.dae
[0.816s] -- Installing: /root/ros2_code/humble/simulations/install/neo_simulation2/share/neo_simulation2/robots/mpo_700/meshes/MPO-700-WHEEL.dae
[0.816s] -- Installing: /root/ros2_code/humble/simulations/install/neo_simulation2/share/neo_simulation2/robots/mpo_700/meshes/MPO-700-caster.dae
[0.817s] -- Installing: /root/ros2_code/humble/simulations/install/neo_simulation2/share/neo_simulation2/robots/mpo_700/meshes/MPO-700-BODY.dae
[0.818s] -- Installing: /root/ros2_code/humble/simulations/install/neo_simulation2/share/neo_simulation2/robots/mp_500
[0.818s] -- Installing: /root/ros2_code/humble/simulations/install/neo_simulation2/share/neo_simulation2/robots/mp_500/mp_500.urdf
[0.818s] -- Installing: /root/ros2_code/humble/simulations/install/neo_simulation2/share/neo_simulation2/robots/mp_500/meshes
[0.818s] -- Installing: /root/ros2_code/humble/simulations/install/neo_simulation2/share/neo_simulation2/robots/mp_500/meshes/MP-500-WHEEL-RIGHT.dae
[0.819s] -- Installing: /root/ros2_code/humble/simulations/install/neo_simulation2/share/neo_simulation2/robots/mp_500/meshes/MP-500-BODY.dae
[0.821s] -- Installing: /root/ros2_code/humble/simulations/install/neo_simulation2/share/neo_simulation2/robots/mp_500/meshes/MP-500-WHEEL-LEFT.dae
[0.822s] -- Installing: /root/ros2_code/humble/simulations/install/neo_simulation2/share/neo_simulation2/robots/mp_500/meshes/d435.dae
[0.849s] -- Installing: /root/ros2_code/humble/simulations/install/neo_simulation2/share/neo_simulation2/robots/mp_500/meshes/MP-500-WHEEL.dae
[0.849s] -- Installing: /root/ros2_code/humble/simulations/install/neo_simulation2/share/neo_simulation2/robots/mp_400
[0.850s] -- Installing: /root/ros2_code/humble/simulations/install/neo_simulation2/share/neo_simulation2/robots/mp_400/meshes
[0.850s] -- Installing: /root/ros2_code/humble/simulations/install/neo_simulation2/share/neo_simulation2/robots/mp_400/meshes/MP-400-CASTER-WHEEL.dae
[0.850s] -- Installing: /root/ros2_code/humble/simulations/install/neo_simulation2/share/neo_simulation2/robots/mp_400/meshes/MP-400-BODY.dae
[0.851s] -- Installing: /root/ros2_code/humble/simulations/install/neo_simulation2/share/neo_simulation2/robots/mp_400/meshes/MP-400-FIXED-WHEEL-RIGHT.dae
[0.852s] -- Installing: /root/ros2_code/humble/simulations/install/neo_simulation2/share/neo_simulation2/robots/mp_400/meshes/MP-400-FIXED-WHEEL-LEFT.dae
[0.852s] -- Installing: /root/ros2_code/humble/simulations/install/neo_simulation2/share/neo_simulation2/robots/mp_400/mp_400.urdf
[0.852s] -- Installing: /root/ros2_code/humble/simulations/install/neo_simulation2/share/neo_simulation2/robots/mpo_500
[0.853s] -- Installing: /root/ros2_code/humble/simulations/install/neo_simulation2/share/neo_simulation2/robots/mpo_500/mpo_500.urdf
[0.853s] -- Installing: /root/ros2_code/humble/simulations/install/neo_simulation2/share/neo_simulation2/robots/mpo_500/meshes
[0.853s] -- Installing: /root/ros2_code/humble/simulations/install/neo_simulation2/share/neo_simulation2/robots/mpo_500/meshes/MPO-500-BODY.dae
[0.854s] -- Installing: /root/ros2_code/humble/simulations/install/neo_simulation2/share/neo_simulation2/robots/mpo_500/meshes/MPO-500-WHEEL.dae
[0.865s] -- Installing: /root/ros2_code/humble/simulations/install/neo_simulation2/share/neo_simulation2/components
[0.865s] -- Installing: /root/ros2_code/humble/simulations/install/neo_simulation2/share/neo_simulation2/components/sensors
[0.866s] -- Installing: /root/ros2_code/humble/simulations/install/neo_simulation2/share/neo_simulation2/components/sensors/SICK-MICROSCAN3.dae
[0.873s] -- Installing: /root/ros2_code/humble/simulations/install/neo_simulation2/share/neo_simulation2/components/sensors/d435.dae
[0.899s] -- Installing: /root/ros2_code/humble/simulations/install/neo_simulation2/share/neo_simulation2/components/sensors/SICK-S300.dae
[0.900s] -- Installing: /root/ros2_code/humble/simulations/install/neo_simulation2/share/neo_simulation2/models
[0.901s] -- Installing: /root/ros2_code/humble/simulations/install/neo_simulation2/share/neo_simulation2/models/Ar_tags_nr2
[0.901s] -- Installing: /root/ros2_code/humble/simulations/install/neo_simulation2/share/neo_simulation2/models/Ar_tags_nr2/model.config
[0.901s] -- Installing: /root/ros2_code/humble/simulations/install/neo_simulation2/share/neo_simulation2/models/Ar_tags_nr2/meshes
[0.901s] -- Installing: /root/ros2_code/humble/simulations/install/neo_simulation2/share/neo_simulation2/models/Ar_tags_nr2/meshes/Ar_tag_nr2.dae
[0.901s] -- Installing: /root/ros2_code/humble/simulations/install/neo_simulation2/share/neo_simulation2/models/Ar_tags_nr2/meshes/plate.blend
[0.902s] -- Installing: /root/ros2_code/humble/simulations/install/neo_simulation2/share/neo_simulation2/models/Ar_tags_nr2/meshes/Ar_tag.dae
[0.902s] -- Installing: /root/ros2_code/humble/simulations/install/neo_simulation2/share/neo_simulation2/models/Ar_tags_nr2/materials
[0.902s] -- Installing: /root/ros2_code/humble/simulations/install/neo_simulation2/share/neo_simulation2/models/Ar_tags_nr2/materials/scripts
[0.902s] -- Installing: /root/ros2_code/humble/simulations/install/neo_simulation2/share/neo_simulation2/models/Ar_tags_nr2/materials/scripts/ar_tag.material
[0.902s] -- Installing: /root/ros2_code/humble/simulations/install/neo_simulation2/share/neo_simulation2/models/Ar_tags_nr2/materials/textures
[0.902s] -- Installing: /root/ros2_code/humble/simulations/install/neo_simulation2/share/neo_simulation2/models/Ar_tags_nr2/materials/textures/qrcode.png
[0.903s] -- Installing: /root/ros2_code/humble/simulations/install/neo_simulation2/share/neo_simulation2/models/Ar_tags_nr2/materials/textures/MarkerData_10.png
[0.903s] -- Installing: /root/ros2_code/humble/simulations/install/neo_simulation2/share/neo_simulation2/models/Ar_tags_nr2/materials/textures/MarkerData_2.png
[0.903s] -- Installing: /root/ros2_code/humble/simulations/install/neo_simulation2/share/neo_simulation2/models/Ar_tags_nr2/materials/textures/qrcode1.png
[0.903s] -- Installing: /root/ros2_code/humble/simulations/install/neo_simulation2/share/neo_simulation2/models/Ar_tags_nr2/model.sdf
[0.903s] -- Installing: /root/ros2_code/humble/simulations/install/neo_simulation2/share/neo_simulation2/models/office_env_w 2
[0.903s] -- Installing: /root/ros2_code/humble/simulations/install/neo_simulation2/share/neo_simulation2/models/office_env_w 2/model.config
[0.903s] -- Installing: /root/ros2_code/humble/simulations/install/neo_simulation2/share/neo_simulation2/models/office_env_w 2/materials
[0.903s] -- Installing: /root/ros2_code/humble/simulations/install/neo_simulation2/share/neo_simulation2/models/office_env_w 2/materials/scripts
[0.903s] -- Installing: /root/ros2_code/humble/simulations/install/neo_simulation2/share/neo_simulation2/models/office_env_w 2/materials/scripts/wall_white.material
[0.904s] -- Installing: /root/ros2_code/humble/simulations/install/neo_simulation2/share/neo_simulation2/models/office_env_w 2/materials/textures
[0.904s] -- Installing: /root/ros2_code/humble/simulations/install/neo_simulation2/share/neo_simulation2/models/office_env_w 2/materials/textures/wall_color_white.jpg
[0.904s] -- Installing: /root/ros2_code/humble/simulations/install/neo_simulation2/share/neo_simulation2/models/office_env_w 2/model.sdf
[0.904s] -- Installing: /root/ros2_code/humble/simulations/install/neo_simulation2/share/neo_simulation2/models/yellow_bin
[0.904s] -- Installing: /root/ros2_code/humble/simulations/install/neo_simulation2/share/neo_simulation2/models/yellow_bin/model.config
[0.904s] -- Installing: /root/ros2_code/humble/simulations/install/neo_simulation2/share/neo_simulation2/models/yellow_bin/meshes
[0.904s] -- Installing: /root/ros2_code/humble/simulations/install/neo_simulation2/share/neo_simulation2/models/yellow_bin/meshes/green_cylinder.stl
[0.905s] -- Installing: /root/ros2_code/humble/simulations/install/neo_simulation2/share/neo_simulation2/models/yellow_bin/model.sdf
[0.905s] -- Installing: /root/ros2_code/humble/simulations/install/neo_simulation2/share/neo_simulation2/models/aws_robomaker_warehouse_ShelfE_01
[0.905s] -- Installing: /root/ros2_code/humble/simulations/install/neo_simulation2/share/neo_simulation2/models/aws_robomaker_warehouse_ShelfE_01/model.config
[0.905s] -- Installing: /root/ros2_code/humble/simulations/install/neo_simulation2/share/neo_simulation2/models/aws_robomaker_warehouse_ShelfE_01/.DS_Store
[0.905s] -- Installing: /root/ros2_code/humble/simulations/install/neo_simulation2/share/neo_simulation2/models/aws_robomaker_warehouse_ShelfE_01/meshes
[0.905s] -- Installing: /root/ros2_code/humble/simulations/install/neo_simulation2/share/neo_simulation2/models/aws_robomaker_warehouse_ShelfE_01/meshes/aws_robomaker_warehouse_ShelfE_01_visual.DAE
[0.905s] -- Installing: /root/ros2_code/humble/simulations/install/neo_simulation2/share/neo_simulation2/models/aws_robomaker_warehouse_ShelfE_01/meshes/aws_robomaker_warehouse_ShelfE_01_collision.DAE
[0.906s] -- Installing: /root/ros2_code/humble/simulations/install/neo_simulation2/share/neo_simulation2/models/aws_robomaker_warehouse_ShelfE_01/materials
[0.906s] -- Installing: /root/ros2_code/humble/simulations/install/neo_simulation2/share/neo_simulation2/models/aws_robomaker_warehouse_ShelfE_01/materials/.DS_Store
[0.906s] -- Installing: /root/ros2_code/humble/simulations/install/neo_simulation2/share/neo_simulation2/models/aws_robomaker_warehouse_ShelfE_01/materials/textures
[0.906s] -- Installing: /root/ros2_code/humble/simulations/install/neo_simulation2/share/neo_simulation2/models/aws_robomaker_warehouse_ShelfE_01/materials/textures/aws_robomaker_warehouse_ShelfE_02.png
[0.906s] -- Installing: /root/ros2_code/humble/simulations/install/neo_simulation2/share/neo_simulation2/models/aws_robomaker_warehouse_ShelfE_01/materials/textures/aws_robomaker_warehouse_ShelfE_04.png
[0.907s] -- Installing: /root/ros2_code/humble/simulations/install/neo_simulation2/share/neo_simulation2/models/aws_robomaker_warehouse_ShelfE_01/materials/textures/aws_robomaker_warehouse_ShelfE_01.png
[0.907s] -- Installing: /root/ros2_code/humble/simulations/install/neo_simulation2/share/neo_simulation2/models/aws_robomaker_warehouse_ShelfE_01/materials/textures/aws_robomaker_warehouse_ShelfE_03.png
[0.907s] -- Installing: /root/ros2_code/humble/simulations/install/neo_simulation2/share/neo_simulation2/models/aws_robomaker_warehouse_ShelfE_01/model.sdf
[0.907s] -- Installing: /root/ros2_code/humble/simulations/install/neo_simulation2/share/neo_simulation2/models/aws_robomaker_warehouse_DeskC_01
[0.908s] -- Installing: /root/ros2_code/humble/simulations/install/neo_simulation2/share/neo_simulation2/models/aws_robomaker_warehouse_DeskC_01/model.config
[0.908s] -- Installing: /root/ros2_code/humble/simulations/install/neo_simulation2/share/neo_simulation2/models/aws_robomaker_warehouse_DeskC_01/meshes
[0.908s] -- Installing: /root/ros2_code/humble/simulations/install/neo_simulation2/share/neo_simulation2/models/aws_robomaker_warehouse_DeskC_01/meshes/aws_robomaker_warehouse_DeskC_01_collision.DAE
[0.908s] -- Installing: /root/ros2_code/humble/simulations/install/neo_simulation2/share/neo_simulation2/models/aws_robomaker_warehouse_DeskC_01/meshes/aws_robomaker_warehouse_DeskC_01_visual.DAE
[0.908s] -- Installing: /root/ros2_code/humble/simulations/install/neo_simulation2/share/neo_simulation2/models/aws_robomaker_warehouse_DeskC_01/materials
[0.908s] -- Installing: /root/ros2_code/humble/simulations/install/neo_simulation2/share/neo_simulation2/models/aws_robomaker_warehouse_DeskC_01/materials/.DS_Store
[0.909s] -- Installing: /root/ros2_code/humble/simulations/install/neo_simulation2/share/neo_simulation2/models/aws_robomaker_warehouse_DeskC_01/materials/textures
[0.909s] -- Installing: /root/ros2_code/humble/simulations/install/neo_simulation2/share/neo_simulation2/models/aws_robomaker_warehouse_DeskC_01/materials/textures/aws_robomaker_warehouse_DeskC_04.png
[0.909s] -- Installing: /root/ros2_code/humble/simulations/install/neo_simulation2/share/neo_simulation2/models/aws_robomaker_warehouse_DeskC_01/materials/textures/aws_robomaker_warehouse_DeskC_01.png
[0.910s] -- Installing: /root/ros2_code/humble/simulations/install/neo_simulation2/share/neo_simulation2/models/aws_robomaker_warehouse_DeskC_01/materials/textures/aws_robomaker_warehouse_DeskC_03.psd
[0.912s] -- Installing: /root/ros2_code/humble/simulations/install/neo_simulation2/share/neo_simulation2/models/aws_robomaker_warehouse_DeskC_01/materials/textures/aws_robomaker_warehouse_DeskC_03.png
[0.913s] -- Installing: /root/ros2_code/humble/simulations/install/neo_simulation2/share/neo_simulation2/models/aws_robomaker_warehouse_DeskC_01/materials/textures/aws_robomaker_warehouse_DeskC_02.png
[0.913s] -- Installing: /root/ros2_code/humble/simulations/install/neo_simulation2/share/neo_simulation2/models/aws_robomaker_warehouse_DeskC_01/model.sdf
[0.913s] -- Installing: /root/ros2_code/humble/simulations/install/neo_simulation2/share/neo_simulation2/models/office_env
[0.913s] -- Installing: /root/ros2_code/humble/simulations/install/neo_simulation2/share/neo_simulation2/models/office_env/model.config
[0.914s] -- Installing: /root/ros2_code/humble/simulations/install/neo_simulation2/share/neo_simulation2/models/office_env/materials
[0.914s] -- Installing: /root/ros2_code/humble/simulations/install/neo_simulation2/share/neo_simulation2/models/office_env/materials/scripts
[0.914s] -- Installing: /root/ros2_code/humble/simulations/install/neo_simulation2/share/neo_simulation2/models/office_env/materials/scripts/wall.material
[0.914s] -- Installing: /root/ros2_code/humble/simulations/install/neo_simulation2/share/neo_simulation2/models/office_env/materials/textures
[0.914s] -- Installing: /root/ros2_code/humble/simulations/install/neo_simulation2/share/neo_simulation2/models/office_env/materials/textures/wall_color.jpg
[0.914s] -- Installing: /root/ros2_code/humble/simulations/install/neo_simulation2/share/neo_simulation2/models/office_env/model.sdf
[0.914s] -- Installing: /root/ros2_code/humble/simulations/install/neo_simulation2/share/neo_simulation2/models/aws_robomaker_warehouse_ClutteringA_01
[0.914s] -- Installing: /root/ros2_code/humble/simulations/install/neo_simulation2/share/neo_simulation2/models/aws_robomaker_warehouse_ClutteringA_01/model.config
[0.914s] -- Installing: /root/ros2_code/humble/simulations/install/neo_simulation2/share/neo_simulation2/models/aws_robomaker_warehouse_ClutteringA_01/.DS_Store
[0.915s] -- Installing: /root/ros2_code/humble/simulations/install/neo_simulation2/share/neo_simulation2/models/aws_robomaker_warehouse_ClutteringA_01/meshes
[0.915s] -- Installing: /root/ros2_code/humble/simulations/install/neo_simulation2/share/neo_simulation2/models/aws_robomaker_warehouse_ClutteringA_01/meshes/aws_robomaker_warehouse_ClutteringA_01_collision.DAE
[0.915s] -- Installing: /root/ros2_code/humble/simulations/install/neo_simulation2/share/neo_simulation2/models/aws_robomaker_warehouse_ClutteringA_01/meshes/aws_robomaker_warehouse_ClutteringA_01_visual.DAE
[0.915s] -- Installing: /root/ros2_code/humble/simulations/install/neo_simulation2/share/neo_simulation2/models/aws_robomaker_warehouse_ClutteringA_01/materials
[0.915s] -- Installing: /root/ros2_code/humble/simulations/install/neo_simulation2/share/neo_simulation2/models/aws_robomaker_warehouse_ClutteringA_01/materials/.DS_Store
[0.915s] -- Installing: /root/ros2_code/humble/simulations/install/neo_simulation2/share/neo_simulation2/models/aws_robomaker_warehouse_ClutteringA_01/materials/textures
[0.915s] -- Installing: /root/ros2_code/humble/simulations/install/neo_simulation2/share/neo_simulation2/models/aws_robomaker_warehouse_ClutteringA_01/materials/textures/aws_robomaker_warehouse_ClutteringA_02.png
[0.916s] -- Installing: /root/ros2_code/humble/simulations/install/neo_simulation2/share/neo_simulation2/models/aws_robomaker_warehouse_ClutteringA_01/materials/textures/.DS_Store
[0.916s] -- Installing: /root/ros2_code/humble/simulations/install/neo_simulation2/share/neo_simulation2/models/aws_robomaker_warehouse_ClutteringA_01/materials/textures/aws_robomaker_warehouse_ClutteringA_01.png
[0.916s] -- Installing: /root/ros2_code/humble/simulations/install/neo_simulation2/share/neo_simulation2/models/aws_robomaker_warehouse_ClutteringA_01/materials/textures/aws_robomaker_warehouse_ClutteringA_03.png
[0.917s] -- Installing: /root/ros2_code/humble/simulations/install/neo_simulation2/share/neo_simulation2/models/aws_robomaker_warehouse_ClutteringA_01/model.sdf
[0.917s] -- Installing: /root/ros2_code/humble/simulations/install/neo_simulation2/share/neo_simulation2/models/aws_robomaker_warehouse_ClutteringD_01
[0.917s] -- Installing: /root/ros2_code/humble/simulations/install/neo_simulation2/share/neo_simulation2/models/aws_robomaker_warehouse_ClutteringD_01/model.config
[0.917s] -- Installing: /root/ros2_code/humble/simulations/install/neo_simulation2/share/neo_simulation2/models/aws_robomaker_warehouse_ClutteringD_01/meshes
[0.917s] -- Installing: /root/ros2_code/humble/simulations/install/neo_simulation2/share/neo_simulation2/models/aws_robomaker_warehouse_ClutteringD_01/meshes/aws_robomaker_warehouse_ClutteringD_01_visual.DAE
[0.917s] -- Installing: /root/ros2_code/humble/simulations/install/neo_simulation2/share/neo_simulation2/models/aws_robomaker_warehouse_ClutteringD_01/meshes/aws_robomaker_warehouse_ClutteringD_01_collision.DAE
[0.918s] -- Installing: /root/ros2_code/humble/simulations/install/neo_simulation2/share/neo_simulation2/models/aws_robomaker_warehouse_ClutteringD_01/materials
[0.918s] -- Installing: /root/ros2_code/humble/simulations/install/neo_simulation2/share/neo_simulation2/models/aws_robomaker_warehouse_ClutteringD_01/materials/textures
[0.918s] -- Installing: /root/ros2_code/humble/simulations/install/neo_simulation2/share/neo_simulation2/models/aws_robomaker_warehouse_ClutteringD_01/materials/textures/aws_robomaker_warehouse_ClutteringD_02.png
[0.918s] -- Installing: /root/ros2_code/humble/simulations/install/neo_simulation2/share/neo_simulation2/models/aws_robomaker_warehouse_ClutteringD_01/materials/textures/aws_robomaker_warehouse_ClutteringD_01.png
[0.918s] -- Installing: /root/ros2_code/humble/simulations/install/neo_simulation2/share/neo_simulation2/models/aws_robomaker_warehouse_ClutteringD_01/model.sdf
[0.919s] -- Installing: /root/ros2_code/humble/simulations/install/neo_simulation2/share/neo_simulation2/models/Ar_tags_nr12
[0.919s] -- Installing: /root/ros2_code/humble/simulations/install/neo_simulation2/share/neo_simulation2/models/Ar_tags_nr12/model.config
[0.919s] -- Installing: /root/ros2_code/humble/simulations/install/neo_simulation2/share/neo_simulation2/models/Ar_tags_nr12/meshes
[0.919s] -- Installing: /root/ros2_code/humble/simulations/install/neo_simulation2/share/neo_simulation2/models/Ar_tags_nr12/meshes/plate.blend
[0.920s] -- Installing: /root/ros2_code/humble/simulations/install/neo_simulation2/share/neo_simulation2/models/Ar_tags_nr12/meshes/Ar_tag_nr12.dae
[0.920s] -- Installing: /root/ros2_code/humble/simulations/install/neo_simulation2/share/neo_simulation2/models/Ar_tags_nr12/materials
[0.920s] -- Installing: /root/ros2_code/humble/simulations/install/neo_simulation2/share/neo_simulation2/models/Ar_tags_nr12/materials/scripts
[0.920s] -- Installing: /root/ros2_code/humble/simulations/install/neo_simulation2/share/neo_simulation2/models/Ar_tags_nr12/materials/scripts/ar_tag.material
[0.920s] -- Installing: /root/ros2_code/humble/simulations/install/neo_simulation2/share/neo_simulation2/models/Ar_tags_nr12/materials/textures
[0.920s] -- Installing: /root/ros2_code/humble/simulations/install/neo_simulation2/share/neo_simulation2/models/Ar_tags_nr12/materials/textures/MarkerData_12.png
[0.920s] -- Installing: /root/ros2_code/humble/simulations/install/neo_simulation2/share/neo_simulation2/models/Ar_tags_nr12/model.sdf
[0.920s] -- Installing: /root/ros2_code/humble/simulations/install/neo_simulation2/share/neo_simulation2/models/aws_robomaker_warehouse_GroundB_01
[0.921s] -- Installing: /root/ros2_code/humble/simulations/install/neo_simulation2/share/neo_simulation2/models/aws_robomaker_warehouse_GroundB_01/model.config
[0.921s] -- Installing: /root/ros2_code/humble/simulations/install/neo_simulation2/share/neo_simulation2/models/aws_robomaker_warehouse_GroundB_01/meshes
[0.921s] -- Installing: /root/ros2_code/humble/simulations/install/neo_simulation2/share/neo_simulation2/models/aws_robomaker_warehouse_GroundB_01/meshes/aws_robomaker_warehouse_GroundB_01_visual.DAE
[0.921s] -- Installing: /root/ros2_code/humble/simulations/install/neo_simulation2/share/neo_simulation2/models/aws_robomaker_warehouse_GroundB_01/meshes/aws_robomaker_warehouse_GroundB_01_collision.DAE
[0.921s] -- Installing: /root/ros2_code/humble/simulations/install/neo_simulation2/share/neo_simulation2/models/aws_robomaker_warehouse_GroundB_01/materials
[0.921s] -- Installing: /root/ros2_code/humble/simulations/install/neo_simulation2/share/neo_simulation2/models/aws_robomaker_warehouse_GroundB_01/materials/textures
[0.921s] -- Installing: /root/ros2_code/humble/simulations/install/neo_simulation2/share/neo_simulation2/models/aws_robomaker_warehouse_GroundB_01/materials/textures/aws_robomaker_warehouse_GroundB_01.png
[0.924s] -- Installing: /root/ros2_code/humble/simulations/install/neo_simulation2/share/neo_simulation2/models/aws_robomaker_warehouse_GroundB_01/materials/textures/aws_robomaker_warehouse_GroundB_02.png
[0.924s] -- Installing: /root/ros2_code/humble/simulations/install/neo_simulation2/share/neo_simulation2/models/aws_robomaker_warehouse_GroundB_01/model.sdf
[0.924s] -- Installing: /root/ros2_code/humble/simulations/install/neo_simulation2/share/neo_simulation2/models/neobotix_wall_stickers
[0.924s] -- Installing: /root/ros2_code/humble/simulations/install/neo_simulation2/share/neo_simulation2/models/neobotix_wall_stickers/model.config
[0.924s] -- Installing: /root/ros2_code/humble/simulations/install/neo_simulation2/share/neo_simulation2/models/neobotix_wall_stickers/materials
[0.924s] -- Installing: /root/ros2_code/humble/simulations/install/neo_simulation2/share/neo_simulation2/models/neobotix_wall_stickers/materials/scripts
[0.924s] -- Installing: /root/ros2_code/humble/simulations/install/neo_simulation2/share/neo_simulation2/models/neobotix_wall_stickers/materials/scripts/neobotix_ground_plane.material
[0.924s] -- Installing: /root/ros2_code/humble/simulations/install/neo_simulation2/share/neo_simulation2/models/neobotix_wall_stickers/materials/textures
[0.925s] -- Installing: /root/ros2_code/humble/simulations/install/neo_simulation2/share/neo_simulation2/models/neobotix_wall_stickers/materials/textures/MyImage.jpg
[0.925s] -- Installing: /root/ros2_code/humble/simulations/install/neo_simulation2/share/neo_simulation2/models/neobotix_wall_stickers/model.sdf
[0.925s] -- Installing: /root/ros2_code/humble/simulations/install/neo_simulation2/share/neo_simulation2/models/office_env_w
[0.925s] -- Installing: /root/ros2_code/humble/simulations/install/neo_simulation2/share/neo_simulation2/models/office_env_w/model.config
[0.925s] -- Installing: /root/ros2_code/humble/simulations/install/neo_simulation2/share/neo_simulation2/models/office_env_w/materials
[0.925s] -- Installing: /root/ros2_code/humble/simulations/install/neo_simulation2/share/neo_simulation2/models/office_env_w/materials/scripts
[0.925s] -- Installing: /root/ros2_code/humble/simulations/install/neo_simulation2/share/neo_simulation2/models/office_env_w/materials/scripts/wall_white.material
[0.925s] -- Installing: /root/ros2_code/humble/simulations/install/neo_simulation2/share/neo_simulation2/models/office_env_w/materials/textures
[0.925s] -- Installing: /root/ros2_code/humble/simulations/install/neo_simulation2/share/neo_simulation2/models/office_env_w/materials/textures/wall_color_white.jpg
[0.926s] -- Installing: /root/ros2_code/humble/simulations/install/neo_simulation2/share/neo_simulation2/models/office_env_w/model.sdf
[0.926s] -- Installing: /root/ros2_code/humble/simulations/install/neo_simulation2/share/neo_simulation2/models/aws_robomaker_warehouse_WallB_01
[0.926s] -- Installing: /root/ros2_code/humble/simulations/install/neo_simulation2/share/neo_simulation2/models/aws_robomaker_warehouse_WallB_01/model.config
[0.926s] -- Installing: /root/ros2_code/humble/simulations/install/neo_simulation2/share/neo_simulation2/models/aws_robomaker_warehouse_WallB_01/meshes
[0.926s] -- Installing: /root/ros2_code/humble/simulations/install/neo_simulation2/share/neo_simulation2/models/aws_robomaker_warehouse_WallB_01/meshes/aws_robomaker_warehouse_WallB_01_collision.DAE
[0.926s] -- Installing: /root/ros2_code/humble/simulations/install/neo_simulation2/share/neo_simulation2/models/aws_robomaker_warehouse_WallB_01/meshes/aws_robomaker_warehouse_WallB_01_visual.DAE
[0.927s] -- Installing: /root/ros2_code/humble/simulations/install/neo_simulation2/share/neo_simulation2/models/aws_robomaker_warehouse_WallB_01/materials
[0.927s] -- Installing: /root/ros2_code/humble/simulations/install/neo_simulation2/share/neo_simulation2/models/aws_robomaker_warehouse_WallB_01/materials/textures
[0.927s] -- Installing: /root/ros2_code/humble/simulations/install/neo_simulation2/share/neo_simulation2/models/aws_robomaker_warehouse_WallB_01/materials/textures/aws_robomaker_warehouse_WallB_01.png
[0.927s] -- Installing: /root/ros2_code/humble/simulations/install/neo_simulation2/share/neo_simulation2/models/aws_robomaker_warehouse_WallB_01/model.sdf
[0.927s] -- Installing: /root/ros2_code/humble/simulations/install/neo_simulation2/share/neo_simulation2/models/Ar_tags_nr9
[0.927s] -- Installing: /root/ros2_code/humble/simulations/install/neo_simulation2/share/neo_simulation2/models/Ar_tags_nr9/model.config
[0.928s] -- Installing: /root/ros2_code/humble/simulations/install/neo_simulation2/share/neo_simulation2/models/Ar_tags_nr9/meshes
[0.928s] -- Installing: /root/ros2_code/humble/simulations/install/neo_simulation2/share/neo_simulation2/models/Ar_tags_nr9/meshes/Ar_tag_nr2.dae
[0.928s] -- Installing: /root/ros2_code/humble/simulations/install/neo_simulation2/share/neo_simulation2/models/Ar_tags_nr9/meshes/plate.blend
[0.929s] -- Installing: /root/ros2_code/humble/simulations/install/neo_simulation2/share/neo_simulation2/models/Ar_tags_nr9/meshes/Ar_tag_nr9.dae
[0.929s] -- Installing: /root/ros2_code/humble/simulations/install/neo_simulation2/share/neo_simulation2/models/Ar_tags_nr9/materials
[0.929s] -- Installing: /root/ros2_code/humble/simulations/install/neo_simulation2/share/neo_simulation2/models/Ar_tags_nr9/materials/scripts
[0.929s] -- Installing: /root/ros2_code/humble/simulations/install/neo_simulation2/share/neo_simulation2/models/Ar_tags_nr9/materials/scripts/ar_tag.material
[0.929s] -- Installing: /root/ros2_code/humble/simulations/install/neo_simulation2/share/neo_simulation2/models/Ar_tags_nr9/materials/textures
[0.929s] -- Installing: /root/ros2_code/humble/simulations/install/neo_simulation2/share/neo_simulation2/models/Ar_tags_nr9/materials/textures/qrcode.png
[0.929s] -- Installing: /root/ros2_code/humble/simulations/install/neo_simulation2/share/neo_simulation2/models/Ar_tags_nr9/materials/textures/MarkerData_10.png
[0.929s] -- Installing: /root/ros2_code/humble/simulations/install/neo_simulation2/share/neo_simulation2/models/Ar_tags_nr9/materials/textures/MarkerData_2.png
[0.929s] -- Installing: /root/ros2_code/humble/simulations/install/neo_simulation2/share/neo_simulation2/models/Ar_tags_nr9/materials/textures/MarkerData_9.png
[0.930s] -- Installing: /root/ros2_code/humble/simulations/install/neo_simulation2/share/neo_simulation2/models/Ar_tags_nr9/materials/textures/qrcode1.png
[0.930s] -- Installing: /root/ros2_code/humble/simulations/install/neo_simulation2/share/neo_simulation2/models/Ar_tags_nr9/model.sdf
[0.930s] -- Installing: /root/ros2_code/humble/simulations/install/neo_simulation2/share/neo_simulation2/models/office_small
[0.930s] -- Installing: /root/ros2_code/humble/simulations/install/neo_simulation2/share/neo_simulation2/models/office_small/model.config
[0.930s] -- Installing: /root/ros2_code/humble/simulations/install/neo_simulation2/share/neo_simulation2/models/office_small/materials
[0.930s] -- Installing: /root/ros2_code/humble/simulations/install/neo_simulation2/share/neo_simulation2/models/office_small/materials/scripts
[0.930s] -- Installing: /root/ros2_code/humble/simulations/install/neo_simulation2/share/neo_simulation2/models/office_small/materials/scripts/Floor.material
[0.930s] -- Installing: /root/ros2_code/humble/simulations/install/neo_simulation2/share/neo_simulation2/models/office_small/materials/scripts/wall_white.material
[0.931s] -- Installing: /root/ros2_code/humble/simulations/install/neo_simulation2/share/neo_simulation2/models/office_small/materials/textures
[0.931s] -- Installing: /root/ros2_code/humble/simulations/install/neo_simulation2/share/neo_simulation2/models/office_small/materials/textures/cp11.jpg
[0.931s] -- Installing: /root/ros2_code/humble/simulations/install/neo_simulation2/share/neo_simulation2/models/office_small/materials/textures/cl6.jpg
[0.931s] -- Installing: /root/ros2_code/humble/simulations/install/neo_simulation2/share/neo_simulation2/models/office_small/materials/textures/cl4.jpg
[0.931s] -- Installing: /root/ros2_code/humble/simulations/install/neo_simulation2/share/neo_simulation2/models/office_small/materials/textures/cp10.jpg
[0.932s] -- Installing: /root/ros2_code/humble/simulations/install/neo_simulation2/share/neo_simulation2/models/office_small/materials/textures/cp3.jpg
[0.932s] -- Installing: /root/ros2_code/humble/simulations/install/neo_simulation2/share/neo_simulation2/models/office_small/materials/textures/hd5.jpg
[0.932s] -- Installing: /root/ros2_code/humble/simulations/install/neo_simulation2/share/neo_simulation2/models/office_small/materials/textures/cl5.jpg
[0.932s] -- Installing: /root/ros2_code/humble/simulations/install/neo_simulation2/share/neo_simulation2/models/office_small/materials/textures/cl3.jpg
[0.932s] -- Installing: /root/ros2_code/humble/simulations/install/neo_simulation2/share/neo_simulation2/models/office_small/materials/textures/cp2.jpg
[0.936s] -- Installing: /root/ros2_code/humble/simulations/install/neo_simulation2/share/neo_simulation2/models/office_small/materials/textures/cl2.jpg
[0.936s] -- Installing: /root/ros2_code/humble/simulations/install/neo_simulation2/share/neo_simulation2/models/office_small/materials/textures/cp9.jpg
[0.936s] -- Installing: /root/ros2_code/humble/simulations/install/neo_simulation2/share/neo_simulation2/models/office_small/materials/textures/hd3.jpg
[0.936s] -- Installing: /root/ros2_code/humble/simulations/install/neo_simulation2/share/neo_simulation2/models/office_small/materials/textures/cp5.png
[0.939s] -- Installing: /root/ros2_code/humble/simulations/install/neo_simulation2/share/neo_simulation2/models/office_small/materials/textures/cp12.jpg
[0.940s] -- Installing: /root/ros2_code/humble/simulations/install/neo_simulation2/share/neo_simulation2/models/office_small/materials/textures/hd2.gif
[0.940s] -- Installing: /root/ros2_code/humble/simulations/install/neo_simulation2/share/neo_simulation2/models/office_small/materials/textures/cp8.jpg
[0.940s] -- Installing: /root/ros2_code/humble/simulations/install/neo_simulation2/share/neo_simulation2/models/office_small/materials/textures/hd4.jpg
[0.940s] -- Installing: /root/ros2_code/humble/simulations/install/neo_simulation2/share/neo_simulation2/models/office_small/materials/textures/cp6.jpg
[0.941s] -- Installing: /root/ros2_code/humble/simulations/install/neo_simulation2/share/neo_simulation2/models/office_small/materials/textures/hd8.jpg
[0.941s] -- Installing: /root/ros2_code/humble/simulations/install/neo_simulation2/share/neo_simulation2/models/office_small/materials/textures/cl1.jpg
[0.942s] -- Installing: /root/ros2_code/humble/simulations/install/neo_simulation2/share/neo_simulation2/models/office_small/materials/textures/wall_color_white.jpg
[0.942s] -- Installing: /root/ros2_code/humble/simulations/install/neo_simulation2/share/neo_simulation2/models/office_small/materials/textures/hd6.png
[0.942s] -- Installing: /root/ros2_code/humble/simulations/install/neo_simulation2/share/neo_simulation2/models/office_small/materials/textures/hd1.jpg
[0.943s] -- Installing: /root/ros2_code/humble/simulations/install/neo_simulation2/share/neo_simulation2/models/office_small/materials/textures/cp4.jpg
[0.943s] -- Installing: /root/ros2_code/humble/simulations/install/neo_simulation2/share/neo_simulation2/models/office_small/materials/textures/cp7.jpg
[0.943s] -- Installing: /root/ros2_code/humble/simulations/install/neo_simulation2/share/neo_simulation2/models/office_small/materials/textures/cp1.jpg
[0.944s] -- Installing: /root/ros2_code/humble/simulations/install/neo_simulation2/share/neo_simulation2/models/office_small/materials/textures/hd7.jpg
[0.944s] -- Installing: /root/ros2_code/humble/simulations/install/neo_simulation2/share/neo_simulation2/models/office_small/model.sdf
[0.944s] -- Installing: /root/ros2_code/humble/simulations/install/neo_simulation2/share/neo_simulation2/models/neobotix_ground_plane
[0.944s] -- Installing: /root/ros2_code/humble/simulations/install/neo_simulation2/share/neo_simulation2/models/neobotix_ground_plane/model.config
[0.944s] -- Installing: /root/ros2_code/humble/simulations/install/neo_simulation2/share/neo_simulation2/models/neobotix_ground_plane/materials
[0.945s] -- Installing: /root/ros2_code/humble/simulations/install/neo_simulation2/share/neo_simulation2/models/neobotix_ground_plane/materials/scripts
[0.945s] -- Installing: /root/ros2_code/humble/simulations/install/neo_simulation2/share/neo_simulation2/models/neobotix_ground_plane/materials/scripts/neobotix_ground_plane.material
[0.945s] -- Installing: /root/ros2_code/humble/simulations/install/neo_simulation2/share/neo_simulation2/models/neobotix_ground_plane/materials/textures
[0.945s] -- Installing: /root/ros2_code/humble/simulations/install/neo_simulation2/share/neo_simulation2/models/neobotix_ground_plane/materials/textures/MyImage.jpg
[0.945s] -- Installing: /root/ros2_code/humble/simulations/install/neo_simulation2/share/neo_simulation2/models/neobotix_ground_plane/model.sdf
[0.945s] -- Installing: /root/ros2_code/humble/simulations/install/neo_simulation2/share/neo_simulation2/models/aws_robomaker_warehouse_Bucket_01
[0.945s] -- Installing: /root/ros2_code/humble/simulations/install/neo_simulation2/share/neo_simulation2/models/aws_robomaker_warehouse_Bucket_01/model.config
[0.945s] -- Installing: /root/ros2_code/humble/simulations/install/neo_simulation2/share/neo_simulation2/models/aws_robomaker_warehouse_Bucket_01/.DS_Store
[0.946s] -- Installing: /root/ros2_code/humble/simulations/install/neo_simulation2/share/neo_simulation2/models/aws_robomaker_warehouse_Bucket_01/meshes
[0.946s] -- Installing: /root/ros2_code/humble/simulations/install/neo_simulation2/share/neo_simulation2/models/aws_robomaker_warehouse_Bucket_01/meshes/aws_robomaker_warehouse_Bucket_01_collision.DAE
[0.946s] -- Installing: /root/ros2_code/humble/simulations/install/neo_simulation2/share/neo_simulation2/models/aws_robomaker_warehouse_Bucket_01/meshes/aws_robomaker_warehouse_Bucket_01_visual.DAE
[0.946s] -- Installing: /root/ros2_code/humble/simulations/install/neo_simulation2/share/neo_simulation2/models/aws_robomaker_warehouse_Bucket_01/materials
[0.946s] -- Installing: /root/ros2_code/humble/simulations/install/neo_simulation2/share/neo_simulation2/models/aws_robomaker_warehouse_Bucket_01/materials/.DS_Store
[0.946s] -- Installing: /root/ros2_code/humble/simulations/install/neo_simulation2/share/neo_simulation2/models/aws_robomaker_warehouse_Bucket_01/materials/textures
[0.946s] -- Installing: /root/ros2_code/humble/simulations/install/neo_simulation2/share/neo_simulation2/models/aws_robomaker_warehouse_Bucket_01/materials/textures/aws_robomaker_warehouse_Bucket_01.png
[0.947s] -- Installing: /root/ros2_code/humble/simulations/install/neo_simulation2/share/neo_simulation2/models/aws_robomaker_warehouse_Bucket_01/model.sdf
[0.947s] -- Installing: /root/ros2_code/humble/simulations/install/neo_simulation2/share/neo_simulation2/models/aws_robomaker_warehouse_ClutteringC_01
[0.947s] -- Installing: /root/ros2_code/humble/simulations/install/neo_simulation2/share/neo_simulation2/models/aws_robomaker_warehouse_ClutteringC_01/model.config
[0.947s] -- Installing: /root/ros2_code/humble/simulations/install/neo_simulation2/share/neo_simulation2/models/aws_robomaker_warehouse_ClutteringC_01/meshes
[0.947s] -- Installing: /root/ros2_code/humble/simulations/install/neo_simulation2/share/neo_simulation2/models/aws_robomaker_warehouse_ClutteringC_01/meshes/aws_robomaker_warehouse_ClutteringC_01_visual.DAE
[0.947s] -- Installing: /root/ros2_code/humble/simulations/install/neo_simulation2/share/neo_simulation2/models/aws_robomaker_warehouse_ClutteringC_01/meshes/aws_robomaker_warehouse_ClutteringC_01_collision.DAE
[0.947s] -- Installing: /root/ros2_code/humble/simulations/install/neo_simulation2/share/neo_simulation2/models/aws_robomaker_warehouse_ClutteringC_01/materials
[0.947s] -- Installing: /root/ros2_code/humble/simulations/install/neo_simulation2/share/neo_simulation2/models/aws_robomaker_warehouse_ClutteringC_01/materials/textures
[0.948s] -- Installing: /root/ros2_code/humble/simulations/install/neo_simulation2/share/neo_simulation2/models/aws_robomaker_warehouse_ClutteringC_01/materials/textures/aws_robomaker_warehouse_ClutteringC_01.png
[0.948s] -- Installing: /root/ros2_code/humble/simulations/install/neo_simulation2/share/neo_simulation2/models/aws_robomaker_warehouse_ClutteringC_01/materials/textures/aws_robomaker_warehouse_ClutteringC_02.png
[0.948s] -- Installing: /root/ros2_code/humble/simulations/install/neo_simulation2/share/neo_simulation2/models/aws_robomaker_warehouse_ClutteringC_01/model.sdf
[0.948s] -- Installing: /root/ros2_code/humble/simulations/install/neo_simulation2/share/neo_simulation2/models/door
[0.949s] -- Installing: /root/ros2_code/humble/simulations/install/neo_simulation2/share/neo_simulation2/models/door/model.config
[0.949s] -- Installing: /root/ros2_code/humble/simulations/install/neo_simulation2/share/neo_simulation2/models/door/materials
[0.949s] -- Installing: /root/ros2_code/humble/simulations/install/neo_simulation2/share/neo_simulation2/models/door/materials/scripts
[0.949s] -- Installing: /root/ros2_code/humble/simulations/install/neo_simulation2/share/neo_simulation2/models/door/materials/scripts/door.material
[0.949s] -- Installing: /root/ros2_code/humble/simulations/install/neo_simulation2/share/neo_simulation2/models/door/materials/textures
[0.949s] -- Installing: /root/ros2_code/humble/simulations/install/neo_simulation2/share/neo_simulation2/models/door/materials/textures/door.jpg
[0.949s] -- Installing: /root/ros2_code/humble/simulations/install/neo_simulation2/share/neo_simulation2/models/door/model.sdf
[0.949s] -- Installing: /root/ros2_code/humble/simulations/install/neo_simulation2/share/neo_simulation2/models/Ar_tags_nr13
[0.949s] -- Installing: /root/ros2_code/humble/simulations/install/neo_simulation2/share/neo_simulation2/models/Ar_tags_nr13/model.config
[0.950s] -- Installing: /root/ros2_code/humble/simulations/install/neo_simulation2/share/neo_simulation2/models/Ar_tags_nr13/meshes
[0.950s] -- Installing: /root/ros2_code/humble/simulations/install/neo_simulation2/share/neo_simulation2/models/Ar_tags_nr13/meshes/plate.blend
[0.950s] -- Installing: /root/ros2_code/humble/simulations/install/neo_simulation2/share/neo_simulation2/models/Ar_tags_nr13/meshes/Ar_tag_nr13.dae
[0.950s] -- Installing: /root/ros2_code/humble/simulations/install/neo_simulation2/share/neo_simulation2/models/Ar_tags_nr13/materials
[0.951s] -- Installing: /root/ros2_code/humble/simulations/install/neo_simulation2/share/neo_simulation2/models/Ar_tags_nr13/materials/scripts
[0.951s] -- Installing: /root/ros2_code/humble/simulations/install/neo_simulation2/share/neo_simulation2/models/Ar_tags_nr13/materials/scripts/ar_tag.material
[0.951s] -- Installing: /root/ros2_code/humble/simulations/install/neo_simulation2/share/neo_simulation2/models/Ar_tags_nr13/materials/textures
[0.951s] -- Installing: /root/ros2_code/humble/simulations/install/neo_simulation2/share/neo_simulation2/models/Ar_tags_nr13/materials/textures/MarkerData_13.png
[0.951s] -- Installing: /root/ros2_code/humble/simulations/install/neo_simulation2/share/neo_simulation2/models/Ar_tags_nr13/model.sdf
[0.951s] -- Installing: /root/ros2_code/humble/simulations/install/neo_simulation2/share/neo_simulation2/models/office_env_w_complete
[0.951s] -- Installing: /root/ros2_code/humble/simulations/install/neo_simulation2/share/neo_simulation2/models/office_env_w_complete/model.config
[0.951s] -- Installing: /root/ros2_code/humble/simulations/install/neo_simulation2/share/neo_simulation2/models/office_env_w_complete/materials
[0.951s] -- Installing: /root/ros2_code/humble/simulations/install/neo_simulation2/share/neo_simulation2/models/office_env_w_complete/materials/scripts
[0.952s] -- Installing: /root/ros2_code/humble/simulations/install/neo_simulation2/share/neo_simulation2/models/office_env_w_complete/materials/scripts/wall_white.material
[0.952s] -- Installing: /root/ros2_code/humble/simulations/install/neo_simulation2/share/neo_simulation2/models/office_env_w_complete/materials/textures
[0.952s] -- Installing: /root/ros2_code/humble/simulations/install/neo_simulation2/share/neo_simulation2/models/office_env_w_complete/materials/textures/wall_color_white.jpg
[0.952s] -- Installing: /root/ros2_code/humble/simulations/install/neo_simulation2/share/neo_simulation2/models/office_env_w_complete/model.sdf
[0.952s] -- Installing: /root/ros2_code/humble/simulations/install/neo_simulation2/share/neo_simulation2/models/aws_robomaker_warehouse_ShelfD_01
[0.952s] -- Installing: /root/ros2_code/humble/simulations/install/neo_simulation2/share/neo_simulation2/models/aws_robomaker_warehouse_ShelfD_01/model.config
[0.953s] -- Installing: /root/ros2_code/humble/simulations/install/neo_simulation2/share/neo_simulation2/models/aws_robomaker_warehouse_ShelfD_01/meshes
[0.953s] -- Installing: /root/ros2_code/humble/simulations/install/neo_simulation2/share/neo_simulation2/models/aws_robomaker_warehouse_ShelfD_01/meshes/aws_robomaker_warehouse_ShelfD_01_collision.DAE
[0.953s] -- Installing: /root/ros2_code/humble/simulations/install/neo_simulation2/share/neo_simulation2/models/aws_robomaker_warehouse_ShelfD_01/meshes/aws_robomaker_warehouse_ShelfD_01_visual.DAE
[0.953s] -- Installing: /root/ros2_code/humble/simulations/install/neo_simulation2/share/neo_simulation2/models/aws_robomaker_warehouse_ShelfD_01/materials
[0.953s] -- Installing: /root/ros2_code/humble/simulations/install/neo_simulation2/share/neo_simulation2/models/aws_robomaker_warehouse_ShelfD_01/materials/textures
[0.953s] -- Installing: /root/ros2_code/humble/simulations/install/neo_simulation2/share/neo_simulation2/models/aws_robomaker_warehouse_ShelfD_01/materials/textures/aws_robomaker_warehouse_ShelfD_03.png
[0.954s] -- Installing: /root/ros2_code/humble/simulations/install/neo_simulation2/share/neo_simulation2/models/aws_robomaker_warehouse_ShelfD_01/materials/textures/aws_robomaker_warehouse_ShelfD_04.png
[0.954s] -- Installing: /root/ros2_code/humble/simulations/install/neo_simulation2/share/neo_simulation2/models/aws_robomaker_warehouse_ShelfD_01/materials/textures/aws_robomaker_warehouse_ShelfD_02.png
[0.955s] -- Installing: /root/ros2_code/humble/simulations/install/neo_simulation2/share/neo_simulation2/models/aws_robomaker_warehouse_ShelfD_01/materials/textures/aws_robomaker_warehouse_ShelfD_01.png
[0.955s] -- Installing: /root/ros2_code/humble/simulations/install/neo_simulation2/share/neo_simulation2/models/aws_robomaker_warehouse_ShelfD_01/model.sdf
[0.955s] -- Installing: /root/ros2_code/humble/simulations/install/neo_simulation2/share/neo_simulation2/models/Ar_tag.dae
[0.955s] -- Installing: /root/ros2_code/humble/simulations/install/neo_simulation2/share/neo_simulation2/models/aws_robomaker_warehouse_TrashCanC_01
[0.955s] -- Installing: /root/ros2_code/humble/simulations/install/neo_simulation2/share/neo_simulation2/models/aws_robomaker_warehouse_TrashCanC_01/model.config
[0.955s] -- Installing: /root/ros2_code/humble/simulations/install/neo_simulation2/share/neo_simulation2/models/aws_robomaker_warehouse_TrashCanC_01/meshes
[0.955s] -- Installing: /root/ros2_code/humble/simulations/install/neo_simulation2/share/neo_simulation2/models/aws_robomaker_warehouse_TrashCanC_01/meshes/aws_robomaker_warehouse_TrashCanC_01_collision.DAE
[0.955s] -- Installing: /root/ros2_code/humble/simulations/install/neo_simulation2/share/neo_simulation2/models/aws_robomaker_warehouse_TrashCanC_01/meshes/aws_robomaker_warehouse_TrashCanC_01_visual.DAE
[0.956s] -- Installing: /root/ros2_code/humble/simulations/install/neo_simulation2/share/neo_simulation2/models/aws_robomaker_warehouse_TrashCanC_01/materials
[0.956s] -- Installing: /root/ros2_code/humble/simulations/install/neo_simulation2/share/neo_simulation2/models/aws_robomaker_warehouse_TrashCanC_01/materials/textures
[0.956s] -- Installing: /root/ros2_code/humble/simulations/install/neo_simulation2/share/neo_simulation2/models/aws_robomaker_warehouse_TrashCanC_01/materials/textures/aws_robomaker_warehouse_TrashCanC_01.png
[0.956s] -- Installing: /root/ros2_code/humble/simulations/install/neo_simulation2/share/neo_simulation2/models/aws_robomaker_warehouse_TrashCanC_01/model.sdf
[0.956s] -- Installing: /root/ros2_code/humble/simulations/install/neo_simulation2/share/neo_simulation2/models/docking_station
[0.956s] -- Installing: /root/ros2_code/humble/simulations/install/neo_simulation2/share/neo_simulation2/models/docking_station/model.config
[0.957s] -- Installing: /root/ros2_code/humble/simulations/install/neo_simulation2/share/neo_simulation2/models/docking_station/meshes
[0.957s] -- Installing: /root/ros2_code/humble/simulations/install/neo_simulation2/share/neo_simulation2/models/docking_station/meshes/d1.stl
[0.957s] -- Installing: /root/ros2_code/humble/simulations/install/neo_simulation2/share/neo_simulation2/models/docking_station/meshes/d1.dae
[0.957s] -- Installing: /root/ros2_code/humble/simulations/install/neo_simulation2/share/neo_simulation2/models/docking_station/meshes/d1_back1.dae
[0.957s] -- Installing: /root/ros2_code/humble/simulations/install/neo_simulation2/share/neo_simulation2/models/docking_station/materials
[0.958s] -- Installing: /root/ros2_code/humble/simulations/install/neo_simulation2/share/neo_simulation2/models/docking_station/materials/scripts
[0.958s] -- Installing: /root/ros2_code/humble/simulations/install/neo_simulation2/share/neo_simulation2/models/docking_station/materials/scripts/door_handle.material
[0.958s] -- Installing: /root/ros2_code/humble/simulations/install/neo_simulation2/share/neo_simulation2/models/docking_station/materials/scripts/door_3d.material
[0.958s] -- Installing: /root/ros2_code/humble/simulations/install/neo_simulation2/share/neo_simulation2/models/docking_station/materials/textures
[0.958s] -- Installing: /root/ros2_code/humble/simulations/install/neo_simulation2/share/neo_simulation2/models/docking_station/materials/textures/door_3d.jpg
[0.958s] -- Installing: /root/ros2_code/humble/simulations/install/neo_simulation2/share/neo_simulation2/models/docking_station/materials/textures/silver_door.jpg
[0.958s] -- Installing: /root/ros2_code/humble/simulations/install/neo_simulation2/share/neo_simulation2/models/docking_station/model.sdf
[0.958s] -- Installing: /root/ros2_code/humble/simulations/install/neo_simulation2/share/neo_simulation2/models/Ar_tags
[0.959s] -- Installing: /root/ros2_code/humble/simulations/install/neo_simulation2/share/neo_simulation2/models/Ar_tags/model.config
[0.959s] -- Installing: /root/ros2_code/humble/simulations/install/neo_simulation2/share/neo_simulation2/models/Ar_tags/meshes
[0.959s] -- Installing: /root/ros2_code/humble/simulations/install/neo_simulation2/share/neo_simulation2/models/Ar_tags/meshes/Ar_tag.dae
[0.959s] -- Installing: /root/ros2_code/humble/simulations/install/neo_simulation2/share/neo_simulation2/models/Ar_tags/materials
[0.959s] -- Installing: /root/ros2_code/humble/simulations/install/neo_simulation2/share/neo_simulation2/models/Ar_tags/materials/scripts
[0.959s] -- Installing: /root/ros2_code/humble/simulations/install/neo_simulation2/share/neo_simulation2/models/Ar_tags/materials/scripts/ar_tag.material
[0.959s] -- Installing: /root/ros2_code/humble/simulations/install/neo_simulation2/share/neo_simulation2/models/Ar_tags/materials/textures
[0.959s] -- Installing: /root/ros2_code/humble/simulations/install/neo_simulation2/share/neo_simulation2/models/Ar_tags/materials/textures/MarkerData_2.png
[0.960s] -- Installing: /root/ros2_code/humble/simulations/install/neo_simulation2/share/neo_simulation2/models/Ar_tags/model.sdf
[0.960s] -- Installing: /root/ros2_code/humble/simulations/install/neo_simulation2/share/neo_simulation2/models/drc_practice_straight
[0.960s] -- Installing: /root/ros2_code/humble/simulations/install/neo_simulation2/share/neo_simulation2/models/drc_practice_straight/model.config
[0.960s] -- Installing: /root/ros2_code/humble/simulations/install/neo_simulation2/share/neo_simulation2/models/drc_practice_straight/model.sdf
[0.960s] -- Installing: /root/ros2_code/humble/simulations/install/neo_simulation2/share/neo_simulation2/models/aws_robomaker_warehouse_RoofB_01
[0.960s] -- Installing: /root/ros2_code/humble/simulations/install/neo_simulation2/share/neo_simulation2/models/aws_robomaker_warehouse_RoofB_01/model.config
[0.960s] -- Installing: /root/ros2_code/humble/simulations/install/neo_simulation2/share/neo_simulation2/models/aws_robomaker_warehouse_RoofB_01/meshes
[0.960s] -- Installing: /root/ros2_code/humble/simulations/install/neo_simulation2/share/neo_simulation2/models/aws_robomaker_warehouse_RoofB_01/meshes/aws_robomaker_warehouse_RoofB_01_collision.DAE
[0.960s] -- Installing: /root/ros2_code/humble/simulations/install/neo_simulation2/share/neo_simulation2/models/aws_robomaker_warehouse_RoofB_01/meshes/aws_robomaker_warehouse_RoofB_01_visual.DAE
[0.961s] -- Installing: /root/ros2_code/humble/simulations/install/neo_simulation2/share/neo_simulation2/models/aws_robomaker_warehouse_RoofB_01/materials
[0.961s] -- Installing: /root/ros2_code/humble/simulations/install/neo_simulation2/share/neo_simulation2/models/aws_robomaker_warehouse_RoofB_01/materials/textures
[0.961s] -- Installing: /root/ros2_code/humble/simulations/install/neo_simulation2/share/neo_simulation2/models/aws_robomaker_warehouse_RoofB_01/materials/textures/aws_robomaker_warehouse_RoofB_01.png
[0.961s] -- Installing: /root/ros2_code/humble/simulations/install/neo_simulation2/share/neo_simulation2/models/aws_robomaker_warehouse_RoofB_01/model.sdf
[0.961s] -- Installing: /root/ros2_code/humble/simulations/install/neo_simulation2/share/neo_simulation2/models/Ar_tags_nr11
[0.961s] -- Installing: /root/ros2_code/humble/simulations/install/neo_simulation2/share/neo_simulation2/models/Ar_tags_nr11/model.config
[0.962s] -- Installing: /root/ros2_code/humble/simulations/install/neo_simulation2/share/neo_simulation2/models/Ar_tags_nr11/meshes
[0.962s] -- Installing: /root/ros2_code/humble/simulations/install/neo_simulation2/share/neo_simulation2/models/Ar_tags_nr11/meshes/plate.blend
[0.962s] -- Installing: /root/ros2_code/humble/simulations/install/neo_simulation2/share/neo_simulation2/models/Ar_tags_nr11/meshes/Ar_tag_nr11.dae
[0.962s] -- Installing: /root/ros2_code/humble/simulations/install/neo_simulation2/share/neo_simulation2/models/Ar_tags_nr11/materials
[0.963s] -- Installing: /root/ros2_code/humble/simulations/install/neo_simulation2/share/neo_simulation2/models/Ar_tags_nr11/materials/scripts
[0.963s] -- Installing: /root/ros2_code/humble/simulations/install/neo_simulation2/share/neo_simulation2/models/Ar_tags_nr11/materials/scripts/ar_tag.material
[0.963s] -- Installing: /root/ros2_code/humble/simulations/install/neo_simulation2/share/neo_simulation2/models/Ar_tags_nr11/materials/textures
[0.963s] -- Installing: /root/ros2_code/humble/simulations/install/neo_simulation2/share/neo_simulation2/models/Ar_tags_nr11/materials/textures/MarkerData_11.png
[0.963s] -- Installing: /root/ros2_code/humble/simulations/install/neo_simulation2/share/neo_simulation2/models/Ar_tags_nr11/model.sdf
[0.963s] -- Installing: /root/ros2_code/humble/simulations/install/neo_simulation2/share/neo_simulation2/models/window
[0.963s] -- Installing: /root/ros2_code/humble/simulations/install/neo_simulation2/share/neo_simulation2/models/window/model.config
[0.963s] -- Installing: /root/ros2_code/humble/simulations/install/neo_simulation2/share/neo_simulation2/models/window/model.sdf
[0.963s] -- Installing: /root/ros2_code/humble/simulations/install/neo_simulation2/share/neo_simulation2/models/construction_cone
[0.964s] -- Installing: /root/ros2_code/humble/simulations/install/neo_simulation2/share/neo_simulation2/models/construction_cone/model-1_3.sdf
[0.964s] -- Installing: /root/ros2_code/humble/simulations/install/neo_simulation2/share/neo_simulation2/models/construction_cone/model.config
[0.964s] -- Installing: /root/ros2_code/humble/simulations/install/neo_simulation2/share/neo_simulation2/models/construction_cone/meshes
[0.964s] -- Installing: /root/ros2_code/humble/simulations/install/neo_simulation2/share/neo_simulation2/models/construction_cone/meshes/construction_cone.dae
[0.964s] -- Installing: /root/ros2_code/humble/simulations/install/neo_simulation2/share/neo_simulation2/models/construction_cone/materials
[0.964s] -- Installing: /root/ros2_code/humble/simulations/install/neo_simulation2/share/neo_simulation2/models/construction_cone/materials/textures
[0.964s] -- Installing: /root/ros2_code/humble/simulations/install/neo_simulation2/share/neo_simulation2/models/construction_cone/materials/textures/Construction_Cone_Diffuse.png
[0.965s] -- Installing: /root/ros2_code/humble/simulations/install/neo_simulation2/share/neo_simulation2/models/construction_cone/model-1_4.sdf
[0.965s] -- Installing: /root/ros2_code/humble/simulations/install/neo_simulation2/share/neo_simulation2/models/construction_cone/model.sdf
[0.965s] -- Installing: /root/ros2_code/humble/simulations/install/neo_simulation2/share/neo_simulation2/models/aws_robomaker_warehouse_Lamp_01
[0.965s] -- Installing: /root/ros2_code/humble/simulations/install/neo_simulation2/share/neo_simulation2/models/aws_robomaker_warehouse_Lamp_01/model.config
[0.966s] -- Installing: /root/ros2_code/humble/simulations/install/neo_simulation2/share/neo_simulation2/models/aws_robomaker_warehouse_Lamp_01/meshes
[0.966s] -- Installing: /root/ros2_code/humble/simulations/install/neo_simulation2/share/neo_simulation2/models/aws_robomaker_warehouse_Lamp_01/meshes/aws_robomaker_warehouse_Lamp_01_collision.DAE
[0.966s] -- Installing: /root/ros2_code/humble/simulations/install/neo_simulation2/share/neo_simulation2/models/aws_robomaker_warehouse_Lamp_01/meshes/aws_robomaker_warehouse_Lamp_01_visual.DAE
[0.966s] -- Installing: /root/ros2_code/humble/simulations/install/neo_simulation2/share/neo_simulation2/models/aws_robomaker_warehouse_Lamp_01/materials
[0.966s] -- Installing: /root/ros2_code/humble/simulations/install/neo_simulation2/share/neo_simulation2/models/aws_robomaker_warehouse_Lamp_01/materials/textures
[0.966s] -- Installing: /root/ros2_code/humble/simulations/install/neo_simulation2/share/neo_simulation2/models/aws_robomaker_warehouse_Lamp_01/materials/textures/aws_robomaker_warehouse_Lamp_01.png
[0.966s] -- Installing: /root/ros2_code/humble/simulations/install/neo_simulation2/share/neo_simulation2/models/aws_robomaker_warehouse_Lamp_01/model.sdf
[0.966s] -- Installing: /root/ros2_code/humble/simulations/install/neo_simulation2/share/neo_simulation2/models/door_3d
[0.966s] -- Installing: /root/ros2_code/humble/simulations/install/neo_simulation2/share/neo_simulation2/models/door_3d/model.config
[0.967s] -- Installing: /root/ros2_code/humble/simulations/install/neo_simulation2/share/neo_simulation2/models/door_3d/meshes
[0.967s] -- Installing: /root/ros2_code/humble/simulations/install/neo_simulation2/share/neo_simulation2/models/door_3d/meshes/door_v2.dae
[0.967s] -- Installing: /root/ros2_code/humble/simulations/install/neo_simulation2/share/neo_simulation2/models/door_3d/meshes/door_v2_door.dae
[0.967s] -- Installing: /root/ros2_code/humble/simulations/install/neo_simulation2/share/neo_simulation2/models/door_3d/meshes/door_v2_handle.dae
[0.967s] -- Installing: /root/ros2_code/humble/simulations/install/neo_simulation2/share/neo_simulation2/models/door_3d/meshes/door.dae
[0.968s] -- Installing: /root/ros2_code/humble/simulations/install/neo_simulation2/share/neo_simulation2/models/door_3d/meshes/model.dae
[0.968s] -- Installing: /root/ros2_code/humble/simulations/install/neo_simulation2/share/neo_simulation2/models/door_3d/materials
[0.968s] -- Installing: /root/ros2_code/humble/simulations/install/neo_simulation2/share/neo_simulation2/models/door_3d/materials/scripts
[0.968s] -- Installing: /root/ros2_code/humble/simulations/install/neo_simulation2/share/neo_simulation2/models/door_3d/materials/scripts/door_handle.material
[0.969s] -- Installing: /root/ros2_code/humble/simulations/install/neo_simulation2/share/neo_simulation2/models/door_3d/materials/scripts/door_3d.material
[0.969s] -- Installing: /root/ros2_code/humble/simulations/install/neo_simulation2/share/neo_simulation2/models/door_3d/materials/textures
[0.969s] -- Installing: /root/ros2_code/humble/simulations/install/neo_simulation2/share/neo_simulation2/models/door_3d/materials/textures/door_3d.jpg
[0.969s] -- Installing: /root/ros2_code/humble/simulations/install/neo_simulation2/share/neo_simulation2/models/door_3d/materials/textures/silver_door.jpg
[0.969s] -- Installing: /root/ros2_code/humble/simulations/install/neo_simulation2/share/neo_simulation2/models/door_3d/model.sdf
[0.970s] -- Installing: /root/ros2_code/humble/simulations/install/neo_simulation2/share/neo_simulation2/models/aws_robomaker_warehouse_PalletJackB_01
[0.970s] -- Installing: /root/ros2_code/humble/simulations/install/neo_simulation2/share/neo_simulation2/models/aws_robomaker_warehouse_PalletJackB_01/model.config
[0.970s] -- Installing: /root/ros2_code/humble/simulations/install/neo_simulation2/share/neo_simulation2/models/aws_robomaker_warehouse_PalletJackB_01/.DS_Store
[0.970s] -- Installing: /root/ros2_code/humble/simulations/install/neo_simulation2/share/neo_simulation2/models/aws_robomaker_warehouse_PalletJackB_01/meshes
[0.970s] -- Installing: /root/ros2_code/humble/simulations/install/neo_simulation2/share/neo_simulation2/models/aws_robomaker_warehouse_PalletJackB_01/meshes/aws_robomaker_warehouse_PalletJackB_01_visual.DAE
[0.970s] -- Installing: /root/ros2_code/humble/simulations/install/neo_simulation2/share/neo_simulation2/models/aws_robomaker_warehouse_PalletJackB_01/meshes/aws_robomaker_warehouse_PalletJackB_01_collision.DAE
[0.971s] -- Installing: /root/ros2_code/humble/simulations/install/neo_simulation2/share/neo_simulation2/models/aws_robomaker_warehouse_PalletJackB_01/materials
[0.971s] -- Installing: /root/ros2_code/humble/simulations/install/neo_simulation2/share/neo_simulation2/models/aws_robomaker_warehouse_PalletJackB_01/materials/.DS_Store
[0.971s] -- Installing: /root/ros2_code/humble/simulations/install/neo_simulation2/share/neo_simulation2/models/aws_robomaker_warehouse_PalletJackB_01/materials/textures
[0.971s] -- Installing: /root/ros2_code/humble/simulations/install/neo_simulation2/share/neo_simulation2/models/aws_robomaker_warehouse_PalletJackB_01/materials/textures/aws_robomaker_warehouse_PalletJackB_02.png
[0.971s] -- Installing: /root/ros2_code/humble/simulations/install/neo_simulation2/share/neo_simulation2/models/aws_robomaker_warehouse_PalletJackB_01/materials/textures/aws_robomaker_warehouse_PalletJackB_01.png
[0.972s] -- Installing: /root/ros2_code/humble/simulations/install/neo_simulation2/share/neo_simulation2/models/aws_robomaker_warehouse_PalletJackB_01/model.sdf
[0.972s] -- Installing: /root/ros2_code/humble/simulations/install/neo_simulation2/share/neo_simulation2/models/office_env_w 1
[0.972s] -- Installing: /root/ros2_code/humble/simulations/install/neo_simulation2/share/neo_simulation2/models/office_env_w 1/model.config
[0.973s] -- Installing: /root/ros2_code/humble/simulations/install/neo_simulation2/share/neo_simulation2/models/office_env_w 1/materials
[0.973s] -- Installing: /root/ros2_code/humble/simulations/install/neo_simulation2/share/neo_simulation2/models/office_env_w 1/materials/scripts
[0.973s] -- Installing: /root/ros2_code/humble/simulations/install/neo_simulation2/share/neo_simulation2/models/office_env_w 1/materials/scripts/wall_white.material
[0.973s] -- Installing: /root/ros2_code/humble/simulations/install/neo_simulation2/share/neo_simulation2/models/office_env_w 1/materials/textures
[0.973s] -- Installing: /root/ros2_code/humble/simulations/install/neo_simulation2/share/neo_simulation2/models/office_env_w 1/materials/textures/wall_color_white.jpg
[0.973s] -- Installing: /root/ros2_code/humble/simulations/install/neo_simulation2/share/neo_simulation2/models/office_env_w 1/model.sdf
[0.974s] -- Installing: /root/ros2_code/humble/simulations/install/neo_simulation2/share/neo_simulation2/models/Ar_tags_nr8
[0.974s] -- Installing: /root/ros2_code/humble/simulations/install/neo_simulation2/share/neo_simulation2/models/Ar_tags_nr8/model.config
[0.974s] -- Installing: /root/ros2_code/humble/simulations/install/neo_simulation2/share/neo_simulation2/models/Ar_tags_nr8/meshes
[0.974s] -- Installing: /root/ros2_code/humble/simulations/install/neo_simulation2/share/neo_simulation2/models/Ar_tags_nr8/meshes/plate.blend
[0.975s] -- Installing: /root/ros2_code/humble/simulations/install/neo_simulation2/share/neo_simulation2/models/Ar_tags_nr8/meshes/Ar_tag_nr8.dae
[0.975s] -- Installing: /root/ros2_code/humble/simulations/install/neo_simulation2/share/neo_simulation2/models/Ar_tags_nr8/materials
[0.975s] -- Installing: /root/ros2_code/humble/simulations/install/neo_simulation2/share/neo_simulation2/models/Ar_tags_nr8/materials/scripts
[0.975s] -- Installing: /root/ros2_code/humble/simulations/install/neo_simulation2/share/neo_simulation2/models/Ar_tags_nr8/materials/scripts/ar_tag.material
[0.975s] -- Installing: /root/ros2_code/humble/simulations/install/neo_simulation2/share/neo_simulation2/models/Ar_tags_nr8/materials/textures
[0.975s] -- Installing: /root/ros2_code/humble/simulations/install/neo_simulation2/share/neo_simulation2/models/Ar_tags_nr8/materials/textures/MarkerData_8.png
[0.975s] -- Installing: /root/ros2_code/humble/simulations/install/neo_simulation2/share/neo_simulation2/models/Ar_tags_nr8/model.sdf
[0.975s] -- Installing: /root/ros2_code/humble/simulations/install/neo_simulation2/share/neo_simulation2/models/aws_robomaker_warehouse_ShelfF_01
[0.975s] -- Installing: /root/ros2_code/humble/simulations/install/neo_simulation2/share/neo_simulation2/models/aws_robomaker_warehouse_ShelfF_01/model.config
[0.976s] -- Installing: /root/ros2_code/humble/simulations/install/neo_simulation2/share/neo_simulation2/models/aws_robomaker_warehouse_ShelfF_01/meshes
[0.976s] -- Installing: /root/ros2_code/humble/simulations/install/neo_simulation2/share/neo_simulation2/models/aws_robomaker_warehouse_ShelfF_01/meshes/aws_robomaker_warehouse_ShelfF_01_visual.DAE
[0.976s] -- Installing: /root/ros2_code/humble/simulations/install/neo_simulation2/share/neo_simulation2/models/aws_robomaker_warehouse_ShelfF_01/meshes/aws_robomaker_warehouse_ShelfF_01_collision.DAE
[0.977s] -- Installing: /root/ros2_code/humble/simulations/install/neo_simulation2/share/neo_simulation2/models/aws_robomaker_warehouse_ShelfF_01/materials
[0.977s] -- Installing: /root/ros2_code/humble/simulations/install/neo_simulation2/share/neo_simulation2/models/aws_robomaker_warehouse_ShelfF_01/materials/textures
[0.977s] -- Installing: /root/ros2_code/humble/simulations/install/neo_simulation2/share/neo_simulation2/models/aws_robomaker_warehouse_ShelfF_01/materials/textures/aws_robomaker_warehouse_ShelfF_01.png
[0.977s] -- Installing: /root/ros2_code/humble/simulations/install/neo_simulation2/share/neo_simulation2/models/aws_robomaker_warehouse_ShelfF_01/materials/textures/aws_robomaker_warehouse_ShelfF_02.png
[0.977s] -- Installing: /root/ros2_code/humble/simulations/install/neo_simulation2/share/neo_simulation2/models/aws_robomaker_warehouse_ShelfF_01/materials/textures/aws_robomaker_warehouse_ShelfF_03.png
[0.978s] -- Installing: /root/ros2_code/humble/simulations/install/neo_simulation2/share/neo_simulation2/models/aws_robomaker_warehouse_ShelfF_01/model.sdf
[0.978s] -- Installing: /root/ros2_code/humble/simulations/install/neo_simulation2/share/ament_index/resource_index/package_run_dependencies/neo_simulation2
[0.978s] -- Installing: /root/ros2_code/humble/simulations/install/neo_simulation2/share/ament_index/resource_index/parent_prefix_path/neo_simulation2
[0.979s] -- Installing: /root/ros2_code/humble/simulations/install/neo_simulation2/share/neo_simulation2/environment/ament_prefix_path.sh
[0.979s] -- Installing: /root/ros2_code/humble/simulations/install/neo_simulation2/share/neo_simulation2/environment/ament_prefix_path.dsv
[0.979s] -- Installing: /root/ros2_code/humble/simulations/install/neo_simulation2/share/neo_simulation2/environment/path.sh
[0.979s] -- Installing: /root/ros2_code/humble/simulations/install/neo_simulation2/share/neo_simulation2/environment/path.dsv
[0.979s] -- Installing: /root/ros2_code/humble/simulations/install/neo_simulation2/share/neo_simulation2/local_setup.bash
[0.980s] -- Installing: /root/ros2_code/humble/simulations/install/neo_simulation2/share/neo_simulation2/local_setup.sh
[0.980s] -- Installing: /root/ros2_code/humble/simulations/install/neo_simulation2/share/neo_simulation2/local_setup.zsh
[0.980s] -- Installing: /root/ros2_code/humble/simulations/install/neo_simulation2/share/neo_simulation2/local_setup.dsv
[0.980s] -- Installing: /root/ros2_code/humble/simulations/install/neo_simulation2/share/neo_simulation2/package.dsv
[0.980s] -- Installing: /root/ros2_code/humble/simulations/install/neo_simulation2/share/ament_index/resource_index/packages/neo_simulation2
[0.981s] -- Installing: /root/ros2_code/humble/simulations/install/neo_simulation2/share/neo_simulation2/cmake/neo_simulation2Config.cmake
[0.981s] -- Installing: /root/ros2_code/humble/simulations/install/neo_simulation2/share/neo_simulation2/cmake/neo_simulation2Config-version.cmake
[0.981s] -- Installing: /root/ros2_code/humble/simulations/install/neo_simulation2/share/neo_simulation2/package.xml
[0.984s] Invoked command in '/root/ros2_code/humble/simulations/build/neo_simulation2' returned '0': CMAKE_PREFIX_PATH=${CMAKE_PREFIX_PATH}:/root/ros2_code/humble/vision/install/navigation_pkg:/root/ros2_code/humble/vision/install/joystick_pkg:/root/ros2_code/humble/vision/install/cartographer_pkg:/opt/ros/humble /usr/bin/cmake --install /root/ros2_code/humble/simulations/build/neo_simulation2
