[0.685s] Invoking command in '/root/ros2_code/humble/ros_bot/build/ros_components_description': CMAKE_PREFIX_PATH=${CMAKE_PREFIX_PATH}:/root/ros2_code/humble/ros_bot/install/tutorial_pkg:/root/ros2_code/humble/ros_bot/install/rosbot_utils:/root/ros2_code/humble/ros_bot/install/rosbot_gazebo:/root/ros2_code/humble/ros_bot/install/rosbot_bringup:/root/ros2_code/humble/ros_bot/install/rosbot_controller:/root/ros2_code/humble/vision/install/path_planner_pkg:/root/ros2_code/humble/vision/install/nav2_api_pkg:/root/ros2_code/humble/vision/install/joystick_pkg:/root/ros2_code/humble/vision/install/cartographer_pkg:/root/ros2_code/humble/nav2class/install/autonomous_tb3:/root/ros2_code/humble/simulations/install/path_planner_server:/root/ros2_code/humble/simulations/install/map_server:/root/ros2_code/humble/simulations/install/localization_server:/opt/ros/humble /usr/bin/cmake /root/ros2_code/humble/ros_bot/src/ros_components_description -DCMAKE_INSTALL_PREFIX=/root/ros2_code/humble/ros_bot/install/ros_components_description
[1.191s] -- The C compiler identification is GNU 11.4.0
[1.192s] -- The CXX compiler identification is GNU 11.4.0
[1.192s] -- Detecting C compiler ABI info
[1.193s] -- Detecting C compiler ABI info - done
[1.193s] -- Check for working C compiler: /usr/bin/cc - skipped
[1.193s] -- Detecting C compile features
[1.193s] -- Detecting C compile features - done
[1.193s] -- Detecting CXX compiler ABI info
[1.193s] -- Detecting CXX compiler ABI info - done
[1.193s] -- Check for working CXX compiler: /usr/bin/c++ - skipped
[1.194s] -- Detecting CXX compile features
[1.194s] -- Detecting CXX compile features - done
[1.195s] -- Found ament_cmake: 1.3.6 (/opt/ros/humble/share/ament_cmake/cmake)
[1.350s] -- Found Python3: /usr/bin/python3.10 (found version "3.10.12") found components: Interpreter 
[1.670s] -- Configuring done
[1.674s] -- Generating done
[1.675s] -- Build files have been written to: /root/ros2_code/humble/ros_bot/build/ros_components_description
[1.747s] Invoked command in '/root/ros2_code/humble/ros_bot/build/ros_components_description' returned '0': CMAKE_PREFIX_PATH=${CMAKE_PREFIX_PATH}:/root/ros2_code/humble/ros_bot/install/tutorial_pkg:/root/ros2_code/humble/ros_bot/install/rosbot_utils:/root/ros2_code/humble/ros_bot/install/rosbot_gazebo:/root/ros2_code/humble/ros_bot/install/rosbot_bringup:/root/ros2_code/humble/ros_bot/install/rosbot_controller:/root/ros2_code/humble/vision/install/path_planner_pkg:/root/ros2_code/humble/vision/install/nav2_api_pkg:/root/ros2_code/humble/vision/install/joystick_pkg:/root/ros2_code/humble/vision/install/cartographer_pkg:/root/ros2_code/humble/nav2class/install/autonomous_tb3:/root/ros2_code/humble/simulations/install/path_planner_server:/root/ros2_code/humble/simulations/install/map_server:/root/ros2_code/humble/simulations/install/localization_server:/opt/ros/humble /usr/bin/cmake /root/ros2_code/humble/ros_bot/src/ros_components_description -DCMAKE_INSTALL_PREFIX=/root/ros2_code/humble/ros_bot/install/ros_components_description
[1.749s] Invoking command in '/root/ros2_code/humble/ros_bot/build/ros_components_description': CMAKE_PREFIX_PATH=${CMAKE_PREFIX_PATH}:/root/ros2_code/humble/ros_bot/install/tutorial_pkg:/root/ros2_code/humble/ros_bot/install/rosbot_utils:/root/ros2_code/humble/ros_bot/install/rosbot_gazebo:/root/ros2_code/humble/ros_bot/install/rosbot_bringup:/root/ros2_code/humble/ros_bot/install/rosbot_controller:/root/ros2_code/humble/vision/install/path_planner_pkg:/root/ros2_code/humble/vision/install/nav2_api_pkg:/root/ros2_code/humble/vision/install/joystick_pkg:/root/ros2_code/humble/vision/install/cartographer_pkg:/root/ros2_code/humble/nav2class/install/autonomous_tb3:/root/ros2_code/humble/simulations/install/path_planner_server:/root/ros2_code/humble/simulations/install/map_server:/root/ros2_code/humble/simulations/install/localization_server:/opt/ros/humble /usr/bin/cmake --build /root/ros2_code/humble/ros_bot/build/ros_components_description -- -j12 -l12
[1.876s] Invoked command in '/root/ros2_code/humble/ros_bot/build/ros_components_description' returned '0': CMAKE_PREFIX_PATH=${CMAKE_PREFIX_PATH}:/root/ros2_code/humble/ros_bot/install/tutorial_pkg:/root/ros2_code/humble/ros_bot/install/rosbot_utils:/root/ros2_code/humble/ros_bot/install/rosbot_gazebo:/root/ros2_code/humble/ros_bot/install/rosbot_bringup:/root/ros2_code/humble/ros_bot/install/rosbot_controller:/root/ros2_code/humble/vision/install/path_planner_pkg:/root/ros2_code/humble/vision/install/nav2_api_pkg:/root/ros2_code/humble/vision/install/joystick_pkg:/root/ros2_code/humble/vision/install/cartographer_pkg:/root/ros2_code/humble/nav2class/install/autonomous_tb3:/root/ros2_code/humble/simulations/install/path_planner_server:/root/ros2_code/humble/simulations/install/map_server:/root/ros2_code/humble/simulations/install/localization_server:/opt/ros/humble /usr/bin/cmake --build /root/ros2_code/humble/ros_bot/build/ros_components_description -- -j12 -l12
[1.906s] Invoking command in '/root/ros2_code/humble/ros_bot/build/ros_components_description': CMAKE_PREFIX_PATH=${CMAKE_PREFIX_PATH}:/root/ros2_code/humble/ros_bot/install/tutorial_pkg:/root/ros2_code/humble/ros_bot/install/rosbot_utils:/root/ros2_code/humble/ros_bot/install/rosbot_gazebo:/root/ros2_code/humble/ros_bot/install/rosbot_bringup:/root/ros2_code/humble/ros_bot/install/rosbot_controller:/root/ros2_code/humble/vision/install/path_planner_pkg:/root/ros2_code/humble/vision/install/nav2_api_pkg:/root/ros2_code/humble/vision/install/joystick_pkg:/root/ros2_code/humble/vision/install/cartographer_pkg:/root/ros2_code/humble/nav2class/install/autonomous_tb3:/root/ros2_code/humble/simulations/install/path_planner_server:/root/ros2_code/humble/simulations/install/map_server:/root/ros2_code/humble/simulations/install/localization_server:/opt/ros/humble /usr/bin/cmake --install /root/ros2_code/humble/ros_bot/build/ros_components_description
[1.917s] -- Install configuration: ""
[1.917s] -- Installing: /root/ros2_code/humble/ros_bot/install/ros_components_description/share/ros_components_description/meshes
[1.918s] -- Installing: /root/ros2_code/humble/ros_bot/install/ros_components_description/share/ros_components_description/meshes/orbbec_astra.dae
[1.918s] -- Installing: /root/ros2_code/humble/ros_bot/install/ros_components_description/share/ros_components_description/meshes/zedxm.stl
[1.938s] -- Installing: /root/ros2_code/humble/ros_bot/install/ros_components_description/share/ros_components_description/meshes/slamtec_rplidar_s3.dae
[1.938s] -- Installing: /root/ros2_code/humble/ros_bot/install/ros_components_description/share/ros_components_description/meshes/slamtec_rplidar_s1.dae
[1.938s] -- Installing: /root/ros2_code/humble/ros_bot/install/ros_components_description/share/ros_components_description/meshes/slamtec_rplidar_a2m8.dae
[1.939s] -- Installing: /root/ros2_code/humble/ros_bot/install/ros_components_description/share/ros_components_description/meshes/zed2.stl
[1.939s] -- Installing: /root/ros2_code/humble/ros_bot/install/ros_components_description/share/ros_components_description/meshes/slamtec_rplidar_ax.dae
[1.939s] -- Installing: /root/ros2_code/humble/ros_bot/install/ros_components_description/share/ros_components_description/meshes/zedm.stl
[1.940s] -- Installing: /root/ros2_code/humble/ros_bot/install/ros_components_description/share/ros_components_description/meshes/ouster_os1_32.dae
[1.941s] -- Installing: /root/ros2_code/humble/ros_bot/install/ros_components_description/share/ros_components_description/meshes/zed.stl
[1.941s] -- Installing: /root/ros2_code/humble/ros_bot/install/ros_components_description/share/ros_components_description/meshes/slamtec_rplidar_s2.dae
[1.941s] -- Installing: /root/ros2_code/humble/ros_bot/install/ros_components_description/share/ros_components_description/meshes/zed2i.stl
[1.943s] -- Installing: /root/ros2_code/humble/ros_bot/install/ros_components_description/share/ros_components_description/meshes/zedx.stl
[1.963s] -- Installing: /root/ros2_code/humble/ros_bot/install/ros_components_description/share/ros_components_description/meshes/velodyne_puck.dae
[1.964s] -- Installing: /root/ros2_code/humble/ros_bot/install/ros_components_description/share/ros_components_description/meshes/intel_realsense_d435.dae
[1.965s] -- Installing: /root/ros2_code/humble/ros_bot/install/ros_components_description/share/ros_components_description/urdf
[1.965s] -- Installing: /root/ros2_code/humble/ros_bot/install/ros_components_description/share/ros_components_description/urdf/stereolabs_zed.urdf.xacro
[1.965s] -- Installing: /root/ros2_code/humble/ros_bot/install/ros_components_description/share/ros_components_description/urdf/ouster_os1_32.urdf.xacro
[1.965s] -- Installing: /root/ros2_code/humble/ros_bot/install/ros_components_description/share/ros_components_description/urdf/orbbec_astra.urdf.xacro
[1.965s] -- Installing: /root/ros2_code/humble/ros_bot/install/ros_components_description/share/ros_components_description/urdf/intel_realsense_d435.urdf.xacro
[1.965s] -- Installing: /root/ros2_code/humble/ros_bot/install/ros_components_description/share/ros_components_description/urdf/slamtec_rplidar_a3.urdf.xacro
[1.966s] -- Installing: /root/ros2_code/humble/ros_bot/install/ros_components_description/share/ros_components_description/urdf/slamtec_rplidar_s2.urdf.xacro
[1.966s] -- Installing: /root/ros2_code/humble/ros_bot/install/ros_components_description/share/ros_components_description/urdf/slamtec_rplidar_s3.urdf.xacro
[1.966s] -- Installing: /root/ros2_code/humble/ros_bot/install/ros_components_description/share/ros_components_description/urdf/slamtec_rplidar_a2.urdf.xacro
[1.966s] -- Installing: /root/ros2_code/humble/ros_bot/install/ros_components_description/share/ros_components_description/urdf/velodyne_puck.urdf.xacro
[1.966s] -- Installing: /root/ros2_code/humble/ros_bot/install/ros_components_description/share/ros_components_description/urdf/slamtec_rplidar_s1.urdf.xacro
[1.966s] -- Installing: /root/ros2_code/humble/ros_bot/install/ros_components_description/share/ros_components_description/environment/ros_components_description.sh
[1.967s] -- Installing: /root/ros2_code/humble/ros_bot/install/ros_components_description/share/ament_index/resource_index/package_run_dependencies/ros_components_description
[1.967s] -- Installing: /root/ros2_code/humble/ros_bot/install/ros_components_description/share/ament_index/resource_index/parent_prefix_path/ros_components_description
[1.967s] -- Installing: /root/ros2_code/humble/ros_bot/install/ros_components_description/share/ros_components_description/environment/ament_prefix_path.sh
[1.967s] -- Installing: /root/ros2_code/humble/ros_bot/install/ros_components_description/share/ros_components_description/environment/ament_prefix_path.dsv
[1.968s] -- Installing: /root/ros2_code/humble/ros_bot/install/ros_components_description/share/ros_components_description/environment/path.sh
[1.968s] -- Installing: /root/ros2_code/humble/ros_bot/install/ros_components_description/share/ros_components_description/environment/path.dsv
[1.968s] -- Installing: /root/ros2_code/humble/ros_bot/install/ros_components_description/share/ros_components_description/local_setup.bash
[1.969s] -- Installing: /root/ros2_code/humble/ros_bot/install/ros_components_description/share/ros_components_description/local_setup.sh
[1.969s] -- Installing: /root/ros2_code/humble/ros_bot/install/ros_components_description/share/ros_components_description/local_setup.zsh
[1.969s] -- Installing: /root/ros2_code/humble/ros_bot/install/ros_components_description/share/ros_components_description/local_setup.dsv
[1.969s] -- Installing: /root/ros2_code/humble/ros_bot/install/ros_components_description/share/ros_components_description/package.dsv
[1.969s] -- Installing: /root/ros2_code/humble/ros_bot/install/ros_components_description/share/ament_index/resource_index/packages/ros_components_description
[1.970s] -- Installing: /root/ros2_code/humble/ros_bot/install/ros_components_description/share/ros_components_description/cmake/ros_components_descriptionConfig.cmake
[1.970s] -- Installing: /root/ros2_code/humble/ros_bot/install/ros_components_description/share/ros_components_description/cmake/ros_components_descriptionConfig-version.cmake
[1.970s] -- Installing: /root/ros2_code/humble/ros_bot/install/ros_components_description/share/ros_components_description/package.xml
[1.974s] Invoked command in '/root/ros2_code/humble/ros_bot/build/ros_components_description' returned '0': CMAKE_PREFIX_PATH=${CMAKE_PREFIX_PATH}:/root/ros2_code/humble/ros_bot/install/tutorial_pkg:/root/ros2_code/humble/ros_bot/install/rosbot_utils:/root/ros2_code/humble/ros_bot/install/rosbot_gazebo:/root/ros2_code/humble/ros_bot/install/rosbot_bringup:/root/ros2_code/humble/ros_bot/install/rosbot_controller:/root/ros2_code/humble/vision/install/path_planner_pkg:/root/ros2_code/humble/vision/install/nav2_api_pkg:/root/ros2_code/humble/vision/install/joystick_pkg:/root/ros2_code/humble/vision/install/cartographer_pkg:/root/ros2_code/humble/nav2class/install/autonomous_tb3:/root/ros2_code/humble/simulations/install/path_planner_server:/root/ros2_code/humble/simulations/install/map_server:/root/ros2_code/humble/simulations/install/localization_server:/opt/ros/humble /usr/bin/cmake --install /root/ros2_code/humble/ros_bot/build/ros_components_description
