[0.927s] Invoking command in '/root/ros2_code/humble/vision/src/joystick_pkg': PYTHONPATH=/root/ros2_code/humble/vision/build/joystick_pkg/prefix_override:/root/ros2_code/humble/vision/install/joystick_pkg/lib/python3.10/site-packages:${PYTHONPATH} /usr/bin/python3 setup.py egg_info --egg-base ../../build/joystick_pkg build --build-base /root/ros2_code/humble/vision/build/joystick_pkg/build install --record /root/ros2_code/humble/vision/build/joystick_pkg/install.log --single-version-externally-managed
[1.176s] running egg_info
[1.177s] creating ../../build/joystick_pkg/joystick_pkg.egg-info
[1.177s] writing ../../build/joystick_pkg/joystick_pkg.egg-info/PKG-INFO
[1.177s] writing dependency_links to ../../build/joystick_pkg/joystick_pkg.egg-info/dependency_links.txt
[1.177s] writing entry points to ../../build/joystick_pkg/joystick_pkg.egg-info/entry_points.txt
[1.177s] writing requirements to ../../build/joystick_pkg/joystick_pkg.egg-info/requires.txt
[1.177s] writing top-level names to ../../build/joystick_pkg/joystick_pkg.egg-info/top_level.txt
[1.178s] writing manifest file '../../build/joystick_pkg/joystick_pkg.egg-info/SOURCES.txt'
[1.182s] reading manifest file '../../build/joystick_pkg/joystick_pkg.egg-info/SOURCES.txt'
[1.182s] writing manifest file '../../build/joystick_pkg/joystick_pkg.egg-info/SOURCES.txt'
[1.183s] running build
[1.183s] running build_py
[1.183s] creating /root/ros2_code/humble/vision/build/joystick_pkg/build
[1.183s] creating /root/ros2_code/humble/vision/build/joystick_pkg/build/lib
[1.183s] creating /root/ros2_code/humble/vision/build/joystick_pkg/build/lib/joystick_pkg
[1.183s] copying joystick_pkg/__init__.py -> /root/ros2_code/humble/vision/build/joystick_pkg/build/lib/joystick_pkg
[1.183s] running install
[1.184s] running install_lib
[1.184s] creating /root/ros2_code/humble/vision/install/joystick_pkg/lib/python3.10/site-packages/joystick_pkg
[1.184s] copying /root/ros2_code/humble/vision/build/joystick_pkg/build/lib/joystick_pkg/__init__.py -> /root/ros2_code/humble/vision/install/joystick_pkg/lib/python3.10/site-packages/joystick_pkg
[1.184s] byte-compiling /root/ros2_code/humble/vision/install/joystick_pkg/lib/python3.10/site-packages/joystick_pkg/__init__.py to __init__.cpython-310.pyc
[1.184s] running install_data
[1.185s] creating /root/ros2_code/humble/vision/install/joystick_pkg/share/ament_index
[1.185s] creating /root/ros2_code/humble/vision/install/joystick_pkg/share/ament_index/resource_index
[1.185s] creating /root/ros2_code/humble/vision/install/joystick_pkg/share/ament_index/resource_index/packages
[1.185s] copying resource/joystick_pkg -> /root/ros2_code/humble/vision/install/joystick_pkg/share/ament_index/resource_index/packages
[1.186s] copying package.xml -> /root/ros2_code/humble/vision/install/joystick_pkg/share/joystick_pkg
[1.186s] creating /root/ros2_code/humble/vision/install/joystick_pkg/share/joystick_pkg/launch
[1.186s] copying launch/joystick.launch.py -> /root/ros2_code/humble/vision/install/joystick_pkg/share/joystick_pkg/launch
[1.186s] creating /root/ros2_code/humble/vision/install/joystick_pkg/share/joystick_pkg/config
[1.186s] copying config/joystick.yaml -> /root/ros2_code/humble/vision/install/joystick_pkg/share/joystick_pkg/config
[1.186s] running install_egg_info
[1.187s] Copying ../../build/joystick_pkg/joystick_pkg.egg-info to /root/ros2_code/humble/vision/install/joystick_pkg/lib/python3.10/site-packages/joystick_pkg-0.0.0-py3.10.egg-info
[1.188s] running install_scripts
[1.203s] writing list of installed files to '/root/ros2_code/humble/vision/build/joystick_pkg/install.log'
[1.223s] Invoked command in '/root/ros2_code/humble/vision/src/joystick_pkg' returned '0': PYTHONPATH=/root/ros2_code/humble/vision/build/joystick_pkg/prefix_override:/root/ros2_code/humble/vision/install/joystick_pkg/lib/python3.10/site-packages:${PYTHONPATH} /usr/bin/python3 setup.py egg_info --egg-base ../../build/joystick_pkg build --build-base /root/ros2_code/humble/vision/build/joystick_pkg/build install --record /root/ros2_code/humble/vision/build/joystick_pkg/install.log --single-version-externally-managed
