[0.765s] Invoking command in '/root/ros2_code/humble/ros_bot/build/husarion_office_gz': CMAKE_PREFIX_PATH=${CMAKE_PREFIX_PATH}:/root/ros2_code/humble/ros_bot/install/rosbot_utils:/root/ros2_code/humble/ros_bot/install/rosbot_gazebo:/root/ros2_code/humble/ros_bot/install/rosbot_bringup:/root/ros2_code/humble/ros_bot/install/rosbot_controller:/root/ros2_code/humble/vision/install/path_planner_pkg:/root/ros2_code/humble/vision/install/nav2_api_pkg:/root/ros2_code/humble/vision/install/joystick_pkg:/root/ros2_code/humble/vision/install/cartographer_pkg:/root/ros2_code/humble/nav2class/install/autonomous_tb3:/root/ros2_code/humble/simulations/install/path_planner_server:/root/ros2_code/humble/simulations/install/map_server:/root/ros2_code/humble/simulations/install/localization_server:/opt/ros/humble /usr/bin/cmake --build /root/ros2_code/humble/ros_bot/build/husarion_office_gz -- -j12 -l12
[2.038s] Invoked command in '/root/ros2_code/humble/ros_bot/build/husarion_office_gz' returned '0': CMAKE_PREFIX_PATH=${CMAKE_PREFIX_PATH}:/root/ros2_code/humble/ros_bot/install/rosbot_utils:/root/ros2_code/humble/ros_bot/install/rosbot_gazebo:/root/ros2_code/humble/ros_bot/install/rosbot_bringup:/root/ros2_code/humble/ros_bot/install/rosbot_controller:/root/ros2_code/humble/vision/install/path_planner_pkg:/root/ros2_code/humble/vision/install/nav2_api_pkg:/root/ros2_code/humble/vision/install/joystick_pkg:/root/ros2_code/humble/vision/install/cartographer_pkg:/root/ros2_code/humble/nav2class/install/autonomous_tb3:/root/ros2_code/humble/simulations/install/path_planner_server:/root/ros2_code/humble/simulations/install/map_server:/root/ros2_code/humble/simulations/install/localization_server:/opt/ros/humble /usr/bin/cmake --build /root/ros2_code/humble/ros_bot/build/husarion_office_gz -- -j12 -l12
[2.094s] Invoking command in '/root/ros2_code/humble/ros_bot/build/husarion_office_gz': CMAKE_PREFIX_PATH=${CMAKE_PREFIX_PATH}:/root/ros2_code/humble/ros_bot/install/rosbot_utils:/root/ros2_code/humble/ros_bot/install/rosbot_gazebo:/root/ros2_code/humble/ros_bot/install/rosbot_bringup:/root/ros2_code/humble/ros_bot/install/rosbot_controller:/root/ros2_code/humble/vision/install/path_planner_pkg:/root/ros2_code/humble/vision/install/nav2_api_pkg:/root/ros2_code/humble/vision/install/joystick_pkg:/root/ros2_code/humble/vision/install/cartographer_pkg:/root/ros2_code/humble/nav2class/install/autonomous_tb3:/root/ros2_code/humble/simulations/install/path_planner_server:/root/ros2_code/humble/simulations/install/map_server:/root/ros2_code/humble/simulations/install/localization_server:/opt/ros/humble /usr/bin/cmake --install /root/ros2_code/humble/ros_bot/build/husarion_office_gz
[2.110s] -- Install configuration: ""
[2.112s] -- Execute custom install script
[2.113s] -- Up-to-date symlink: /root/ros2_code/humble/ros_bot/install/husarion_office_gz/share/husarion_office_gz/husarion_office_world.launch.py
[2.137s] -- Up-to-date symlink: /root/ros2_code/humble/ros_bot/install/husarion_office_gz/share/husarion_office_gz/worlds//empty_with_plugins.sdf
[2.140s] -- Up-to-date symlink: /root/ros2_code/humble/ros_bot/install/husarion_office_gz/share/husarion_office_gz/worlds//husarion_office.world
[2.140s] -- Up-to-date symlink: /root/ros2_code/humble/ros_bot/install/husarion_office_gz/share/husarion_office_gz/worlds//husarion_world.sdf
[2.141s] -- Up-to-date symlink: /root/ros2_code/humble/ros_bot/install/husarion_office_gz/share/husarion_office_gz/worlds//meshes/husarion_world.dae
[2.141s] -- Up-to-date symlink: /root/ros2_code/humble/ros_bot/install/husarion_office_gz/share/husarion_office_gz/worlds//models/AdjTable/meshes/AdjTable.mtl
[2.141s] -- Up-to-date symlink: /root/ros2_code/humble/ros_bot/install/husarion_office_gz/share/husarion_office_gz/worlds//models/AdjTable/meshes/AdjTable.obj
[2.142s] -- Up-to-date symlink: /root/ros2_code/humble/ros_bot/install/husarion_office_gz/share/husarion_office_gz/worlds//models/AdjTable/meshes/AdjTable_Col.mtl
[2.142s] -- Up-to-date symlink: /root/ros2_code/humble/ros_bot/install/husarion_office_gz/share/husarion_office_gz/worlds//models/AdjTable/meshes/AdjTable_Col.obj
[2.142s] -- Up-to-date symlink: /root/ros2_code/humble/ros_bot/install/husarion_office_gz/share/husarion_office_gz/worlds//models/AdjTable/meshes/texture.png
[2.152s] -- Up-to-date symlink: /root/ros2_code/humble/ros_bot/install/husarion_office_gz/share/husarion_office_gz/worlds//models/AdjTable/model.config
[2.152s] -- Up-to-date symlink: /root/ros2_code/humble/ros_bot/install/husarion_office_gz/share/husarion_office_gz/worlds//models/AdjTable/model.sdf
[2.152s] -- Up-to-date symlink: /root/ros2_code/humble/ros_bot/install/husarion_office_gz/share/husarion_office_gz/worlds//models/AdjTable/thumbnails/1.png
[2.152s] -- Up-to-date symlink: /root/ros2_code/humble/ros_bot/install/husarion_office_gz/share/husarion_office_gz/worlds//models/AdjTable/thumbnails/2.png
[2.152s] -- Up-to-date symlink: /root/ros2_code/humble/ros_bot/install/husarion_office_gz/share/husarion_office_gz/worlds//models/AdjTable/thumbnails/3.png
[2.153s] -- Up-to-date symlink: /root/ros2_code/humble/ros_bot/install/husarion_office_gz/share/husarion_office_gz/worlds//models/AdjTable/thumbnails/4.png
[2.153s] -- Up-to-date symlink: /root/ros2_code/humble/ros_bot/install/husarion_office_gz/share/husarion_office_gz/worlds//models/AdjTable/thumbnails/5.png
[2.153s] -- Up-to-date symlink: /root/ros2_code/humble/ros_bot/install/husarion_office_gz/share/husarion_office_gz/worlds//models/BathroomSink/meshes/BathroomSink.mtl
[2.153s] -- Up-to-date symlink: /root/ros2_code/humble/ros_bot/install/husarion_office_gz/share/husarion_office_gz/worlds//models/BathroomSink/meshes/BathroomSink.obj
[2.153s] -- Up-to-date symlink: /root/ros2_code/humble/ros_bot/install/husarion_office_gz/share/husarion_office_gz/worlds//models/BathroomSink/meshes/BathroomSink_Col.mtl
[2.153s] -- Up-to-date symlink: /root/ros2_code/humble/ros_bot/install/husarion_office_gz/share/husarion_office_gz/worlds//models/BathroomSink/meshes/BathroomSink_Col.obj
[2.154s] -- Up-to-date symlink: /root/ros2_code/humble/ros_bot/install/husarion_office_gz/share/husarion_office_gz/worlds//models/BathroomSink/meshes/BathroomSink_Diffuse.png
[2.154s] -- Up-to-date symlink: /root/ros2_code/humble/ros_bot/install/husarion_office_gz/share/husarion_office_gz/worlds//models/BathroomSink/meshes/BathroomSink_Metal.png
[2.154s] -- Up-to-date symlink: /root/ros2_code/humble/ros_bot/install/husarion_office_gz/share/husarion_office_gz/worlds//models/BathroomSink/meshes/BathroomSink_Rough.png
[2.155s] -- Up-to-date symlink: /root/ros2_code/humble/ros_bot/install/husarion_office_gz/share/husarion_office_gz/worlds//models/BathroomSink/model.config
[2.156s] -- Up-to-date symlink: /root/ros2_code/humble/ros_bot/install/husarion_office_gz/share/husarion_office_gz/worlds//models/BathroomSink/model.sdf
[2.156s] -- Up-to-date symlink: /root/ros2_code/humble/ros_bot/install/husarion_office_gz/share/husarion_office_gz/worlds//models/BathroomSink/thumbnails/1.png
[2.157s] -- Up-to-date symlink: /root/ros2_code/humble/ros_bot/install/husarion_office_gz/share/husarion_office_gz/worlds//models/BathroomSink/thumbnails/2.png
[2.157s] -- Up-to-date symlink: /root/ros2_code/humble/ros_bot/install/husarion_office_gz/share/husarion_office_gz/worlds//models/BathroomSink/thumbnails/3.png
[2.159s] -- Up-to-date symlink: /root/ros2_code/humble/ros_bot/install/husarion_office_gz/share/husarion_office_gz/worlds//models/BathroomSink/thumbnails/4.png
[2.159s] -- Up-to-date symlink: /root/ros2_code/humble/ros_bot/install/husarion_office_gz/share/husarion_office_gz/worlds//models/BathroomSink/thumbnails/5.png
[2.162s] -- Up-to-date symlink: /root/ros2_code/humble/ros_bot/install/husarion_office_gz/share/husarion_office_gz/worlds//models/CoffeeTable/meshes/CoffeeTable.mtl
[2.162s] -- Up-to-date symlink: /root/ros2_code/humble/ros_bot/install/husarion_office_gz/share/husarion_office_gz/worlds//models/CoffeeTable/meshes/CoffeeTable.obj
[2.162s] -- Up-to-date symlink: /root/ros2_code/humble/ros_bot/install/husarion_office_gz/share/husarion_office_gz/worlds//models/CoffeeTable/meshes/CoffeeTable_Diffuse.png
[2.163s] -- Up-to-date symlink: /root/ros2_code/humble/ros_bot/install/husarion_office_gz/share/husarion_office_gz/worlds//models/CoffeeTable/meshes/CoffeeTable_Normal.png
[2.163s] -- Up-to-date symlink: /root/ros2_code/humble/ros_bot/install/husarion_office_gz/share/husarion_office_gz/worlds//models/CoffeeTable/meshes/CoffeeTable_SpecGloss.png
[2.163s] -- Up-to-date symlink: /root/ros2_code/humble/ros_bot/install/husarion_office_gz/share/husarion_office_gz/worlds//models/CoffeeTable/model.config
[2.163s] -- Up-to-date symlink: /root/ros2_code/humble/ros_bot/install/husarion_office_gz/share/husarion_office_gz/worlds//models/CoffeeTable/model.sdf
[2.164s] -- Up-to-date symlink: /root/ros2_code/humble/ros_bot/install/husarion_office_gz/share/husarion_office_gz/worlds//models/CoffeeTable/thumbnails/1.png
[2.164s] -- Up-to-date symlink: /root/ros2_code/humble/ros_bot/install/husarion_office_gz/share/husarion_office_gz/worlds//models/CoffeeTable/thumbnails/2.png
[2.164s] -- Up-to-date symlink: /root/ros2_code/humble/ros_bot/install/husarion_office_gz/share/husarion_office_gz/worlds//models/CoffeeTable/thumbnails/3.png
[2.164s] -- Up-to-date symlink: /root/ros2_code/humble/ros_bot/install/husarion_office_gz/share/husarion_office_gz/worlds//models/CoffeeTable/thumbnails/4.png
[2.164s] -- Up-to-date symlink: /root/ros2_code/humble/ros_bot/install/husarion_office_gz/share/husarion_office_gz/worlds//models/CoffeeTable/thumbnails/5.png
[2.164s] -- Up-to-date symlink: /root/ros2_code/humble/ros_bot/install/husarion_office_gz/share/husarion_office_gz/worlds//models/ConfTable/meshes/ConfTable2.stl
[2.165s] -- Up-to-date symlink: /root/ros2_code/humble/ros_bot/install/husarion_office_gz/share/husarion_office_gz/worlds//models/ConfTable/model.config
[2.165s] -- Up-to-date symlink: /root/ros2_code/humble/ros_bot/install/husarion_office_gz/share/husarion_office_gz/worlds//models/ConfTable/model.sdf
[2.165s] -- Up-to-date symlink: /root/ros2_code/humble/ros_bot/install/husarion_office_gz/share/husarion_office_gz/worlds//models/DeskChair/materials/textures/DeskChair.png
[2.165s] -- Up-to-date symlink: /root/ros2_code/humble/ros_bot/install/husarion_office_gz/share/husarion_office_gz/worlds//models/DeskChair/meshes/DeskChair.mtl
[2.170s] -- Up-to-date symlink: /root/ros2_code/humble/ros_bot/install/husarion_office_gz/share/husarion_office_gz/worlds//models/DeskChair/meshes/DeskChair.obj
[2.171s] -- Up-to-date symlink: /root/ros2_code/humble/ros_bot/install/husarion_office_gz/share/husarion_office_gz/worlds//models/DeskChair/model.config
[2.172s] -- Up-to-date symlink: /root/ros2_code/humble/ros_bot/install/husarion_office_gz/share/husarion_office_gz/worlds//models/DeskChair/model.sdf
[2.172s] -- Up-to-date symlink: /root/ros2_code/humble/ros_bot/install/husarion_office_gz/share/husarion_office_gz/worlds//models/DeskChair/thumbnails/1.png
[2.172s] -- Up-to-date symlink: /root/ros2_code/humble/ros_bot/install/husarion_office_gz/share/husarion_office_gz/worlds//models/DeskChair/thumbnails/2.png
[2.172s] -- Up-to-date symlink: /root/ros2_code/humble/ros_bot/install/husarion_office_gz/share/husarion_office_gz/worlds//models/DeskChair/thumbnails/3.png
[2.173s] -- Up-to-date symlink: /root/ros2_code/humble/ros_bot/install/husarion_office_gz/share/husarion_office_gz/worlds//models/DeskChair/thumbnails/4.png
[2.173s] -- Up-to-date symlink: /root/ros2_code/humble/ros_bot/install/husarion_office_gz/share/husarion_office_gz/worlds//models/DeskChair/thumbnails/5.png
[2.173s] -- Up-to-date symlink: /root/ros2_code/humble/ros_bot/install/husarion_office_gz/share/husarion_office_gz/worlds//models/Door/meshes/door.stl
[2.173s] -- Up-to-date symlink: /root/ros2_code/humble/ros_bot/install/husarion_office_gz/share/husarion_office_gz/worlds//models/Door/model.config
[2.173s] -- Up-to-date symlink: /root/ros2_code/humble/ros_bot/install/husarion_office_gz/share/husarion_office_gz/worlds//models/Door/model.sdf
[2.173s] -- Up-to-date symlink: /root/ros2_code/humble/ros_bot/install/husarion_office_gz/share/husarion_office_gz/worlds//models/Drawer/meshes/Drawer.mtl
[2.173s] -- Up-to-date symlink: /root/ros2_code/humble/ros_bot/install/husarion_office_gz/share/husarion_office_gz/worlds//models/Drawer/meshes/Drawer.obj
[2.173s] -- Up-to-date symlink: /root/ros2_code/humble/ros_bot/install/husarion_office_gz/share/husarion_office_gz/worlds//models/Drawer/meshes/Drawer.png
[2.174s] -- Up-to-date symlink: /root/ros2_code/humble/ros_bot/install/husarion_office_gz/share/husarion_office_gz/worlds//models/Drawer/meshes/Drawer_Col.obj
[2.174s] -- Up-to-date symlink: /root/ros2_code/humble/ros_bot/install/husarion_office_gz/share/husarion_office_gz/worlds//models/Drawer/model.config
[2.174s] -- Up-to-date symlink: /root/ros2_code/humble/ros_bot/install/husarion_office_gz/share/husarion_office_gz/worlds//models/Drawer/model.sdf
[2.174s] -- Up-to-date symlink: /root/ros2_code/humble/ros_bot/install/husarion_office_gz/share/husarion_office_gz/worlds//models/Drawer/thumbnails/1.png
[2.174s] -- Up-to-date symlink: /root/ros2_code/humble/ros_bot/install/husarion_office_gz/share/husarion_office_gz/worlds//models/Drawer/thumbnails/2.png
[2.174s] -- Up-to-date symlink: /root/ros2_code/humble/ros_bot/install/husarion_office_gz/share/husarion_office_gz/worlds//models/Drawer/thumbnails/3.png
[2.175s] -- Up-to-date symlink: /root/ros2_code/humble/ros_bot/install/husarion_office_gz/share/husarion_office_gz/worlds//models/Drawer/thumbnails/4.png
[2.175s] -- Up-to-date symlink: /root/ros2_code/humble/ros_bot/install/husarion_office_gz/share/husarion_office_gz/worlds//models/Drawer/thumbnails/5.png
[2.175s] -- Up-to-date symlink: /root/ros2_code/humble/ros_bot/install/husarion_office_gz/share/husarion_office_gz/worlds//models/Fridge/meshes/Fridge.mtl
[2.176s] -- Up-to-date symlink: /root/ros2_code/humble/ros_bot/install/husarion_office_gz/share/husarion_office_gz/worlds//models/Fridge/meshes/Fridge.obj
[2.177s] -- Up-to-date symlink: /root/ros2_code/humble/ros_bot/install/husarion_office_gz/share/husarion_office_gz/worlds//models/Fridge/meshes/Fridge_Col.mtl
[2.177s] -- Up-to-date symlink: /root/ros2_code/humble/ros_bot/install/husarion_office_gz/share/husarion_office_gz/worlds//models/Fridge/meshes/Fridge_Col.obj
[2.178s] -- Up-to-date symlink: /root/ros2_code/humble/ros_bot/install/husarion_office_gz/share/husarion_office_gz/worlds//models/Fridge/meshes/Fridge_Diffuse.png
[2.178s] -- Up-to-date symlink: /root/ros2_code/humble/ros_bot/install/husarion_office_gz/share/husarion_office_gz/worlds//models/Fridge/model.config
[2.178s] -- Up-to-date symlink: /root/ros2_code/humble/ros_bot/install/husarion_office_gz/share/husarion_office_gz/worlds//models/Fridge/model.sdf
[2.179s] -- Up-to-date symlink: /root/ros2_code/humble/ros_bot/install/husarion_office_gz/share/husarion_office_gz/worlds//models/Fridge/thumbnails/1.png
[2.180s] -- Up-to-date symlink: /root/ros2_code/humble/ros_bot/install/husarion_office_gz/share/husarion_office_gz/worlds//models/Fridge/thumbnails/2.png
[2.180s] -- Up-to-date symlink: /root/ros2_code/humble/ros_bot/install/husarion_office_gz/share/husarion_office_gz/worlds//models/Fridge/thumbnails/3.png
[2.180s] -- Up-to-date symlink: /root/ros2_code/humble/ros_bot/install/husarion_office_gz/share/husarion_office_gz/worlds//models/Fridge/thumbnails/4.png
[2.181s] -- Up-to-date symlink: /root/ros2_code/humble/ros_bot/install/husarion_office_gz/share/husarion_office_gz/worlds//models/Fridge/thumbnails/5.png
[2.181s] -- Up-to-date symlink: /root/ros2_code/humble/ros_bot/install/husarion_office_gz/share/husarion_office_gz/worlds//models/Kitchen/meshes/kitchen.stl
[2.182s] -- Up-to-date symlink: /root/ros2_code/humble/ros_bot/install/husarion_office_gz/share/husarion_office_gz/worlds//models/Kitchen/model.config
[2.182s] -- Up-to-date symlink: /root/ros2_code/humble/ros_bot/install/husarion_office_gz/share/husarion_office_gz/worlds//models/Kitchen/model.sdf
[2.183s] -- Up-to-date symlink: /root/ros2_code/humble/ros_bot/install/husarion_office_gz/share/husarion_office_gz/worlds//models/Laptop/meshes/laptop.stl
[2.184s] -- Up-to-date symlink: /root/ros2_code/humble/ros_bot/install/husarion_office_gz/share/husarion_office_gz/worlds//models/Laptop/model.config
[2.184s] -- Up-to-date symlink: /root/ros2_code/humble/ros_bot/install/husarion_office_gz/share/husarion_office_gz/worlds//models/Laptop/model.sdf
[2.184s] -- Up-to-date symlink: /root/ros2_code/humble/ros_bot/install/husarion_office_gz/share/husarion_office_gz/worlds//models/MopCart2/meshes/BigRed.png
[2.184s] -- Up-to-date symlink: /root/ros2_code/humble/ros_bot/install/husarion_office_gz/share/husarion_office_gz/worlds//models/MopCart2/meshes/Blue.png
[2.185s] -- Up-to-date symlink: /root/ros2_code/humble/ros_bot/install/husarion_office_gz/share/husarion_office_gz/worlds//models/MopCart2/meshes/Broom.png
[2.185s] -- Up-to-date symlink: /root/ros2_code/humble/ros_bot/install/husarion_office_gz/share/husarion_office_gz/worlds//models/MopCart2/meshes/Cart2.png
[2.185s] -- Up-to-date symlink: /root/ros2_code/humble/ros_bot/install/husarion_office_gz/share/husarion_office_gz/worlds//models/MopCart2/meshes/Cloth.png
[2.186s] -- Up-to-date symlink: /root/ros2_code/humble/ros_bot/install/husarion_office_gz/share/husarion_office_gz/worlds//models/MopCart2/meshes/Duster.png
[2.186s] -- Up-to-date symlink: /root/ros2_code/humble/ros_bot/install/husarion_office_gz/share/husarion_office_gz/worlds//models/MopCart2/meshes/Mop.png
[2.186s] -- Up-to-date symlink: /root/ros2_code/humble/ros_bot/install/husarion_office_gz/share/husarion_office_gz/worlds//models/MopCart2/meshes/MopCart2.mtl
[2.187s] -- Up-to-date symlink: /root/ros2_code/humble/ros_bot/install/husarion_office_gz/share/husarion_office_gz/worlds//models/MopCart2/meshes/MopCart2.obj
[2.187s] -- Up-to-date symlink: /root/ros2_code/humble/ros_bot/install/husarion_office_gz/share/husarion_office_gz/worlds//models/MopCart2/meshes/Tongs.png
[2.189s] -- Up-to-date symlink: /root/ros2_code/humble/ros_bot/install/husarion_office_gz/share/husarion_office_gz/worlds//models/MopCart2/model.config
[2.189s] -- Up-to-date symlink: /root/ros2_code/humble/ros_bot/install/husarion_office_gz/share/husarion_office_gz/worlds//models/MopCart2/model.sdf
[2.189s] -- Up-to-date symlink: /root/ros2_code/humble/ros_bot/install/husarion_office_gz/share/husarion_office_gz/worlds//models/MopCart2/thumbnails/1.png
[2.189s] -- Up-to-date symlink: /root/ros2_code/humble/ros_bot/install/husarion_office_gz/share/husarion_office_gz/worlds//models/MopCart2/thumbnails/2.png
[2.189s] -- Up-to-date symlink: /root/ros2_code/humble/ros_bot/install/husarion_office_gz/share/husarion_office_gz/worlds//models/MopCart2/thumbnails/3.png
[2.191s] -- Up-to-date symlink: /root/ros2_code/humble/ros_bot/install/husarion_office_gz/share/husarion_office_gz/worlds//models/MopCart2/thumbnails/4.png
[2.192s] -- Up-to-date symlink: /root/ros2_code/humble/ros_bot/install/husarion_office_gz/share/husarion_office_gz/worlds//models/MopCart2/thumbnails/5.png
[2.192s] -- Up-to-date symlink: /root/ros2_code/humble/ros_bot/install/husarion_office_gz/share/husarion_office_gz/worlds//models/MopCart3/meshes/Blue.png
[2.193s] -- Up-to-date symlink: /root/ros2_code/humble/ros_bot/install/husarion_office_gz/share/husarion_office_gz/worlds//models/MopCart3/meshes/Cart.png
[2.193s] -- Up-to-date symlink: /root/ros2_code/humble/ros_bot/install/husarion_office_gz/share/husarion_office_gz/worlds//models/MopCart3/meshes/Cloth.png
[2.194s] -- Up-to-date symlink: /root/ros2_code/humble/ros_bot/install/husarion_office_gz/share/husarion_office_gz/worlds//models/MopCart3/meshes/Duster.png
[2.194s] -- Up-to-date symlink: /root/ros2_code/humble/ros_bot/install/husarion_office_gz/share/husarion_office_gz/worlds//models/MopCart3/meshes/Glove.png
[2.195s] -- Up-to-date symlink: /root/ros2_code/humble/ros_bot/install/husarion_office_gz/share/husarion_office_gz/worlds//models/MopCart3/meshes/Mop.png
[2.195s] -- Up-to-date symlink: /root/ros2_code/humble/ros_bot/install/husarion_office_gz/share/husarion_office_gz/worlds//models/MopCart3/meshes/MopCart3.mtl
[2.195s] -- Up-to-date symlink: /root/ros2_code/humble/ros_bot/install/husarion_office_gz/share/husarion_office_gz/worlds//models/MopCart3/meshes/MopCart3.obj
[2.195s] -- Up-to-date symlink: /root/ros2_code/humble/ros_bot/install/husarion_office_gz/share/husarion_office_gz/worlds//models/MopCart3/meshes/Parcel.png
[2.196s] -- Up-to-date symlink: /root/ros2_code/humble/ros_bot/install/husarion_office_gz/share/husarion_office_gz/worlds//models/MopCart3/meshes/Plastic.png
[2.196s] -- Up-to-date symlink: /root/ros2_code/humble/ros_bot/install/husarion_office_gz/share/husarion_office_gz/worlds//models/MopCart3/meshes/Red.png
[2.196s] -- Up-to-date symlink: /root/ros2_code/humble/ros_bot/install/husarion_office_gz/share/husarion_office_gz/worlds//models/MopCart3/meshes/Sign.png
[2.196s] -- Up-to-date symlink: /root/ros2_code/humble/ros_bot/install/husarion_office_gz/share/husarion_office_gz/worlds//models/MopCart3/meshes/Spray.png
[2.197s] -- Up-to-date symlink: /root/ros2_code/humble/ros_bot/install/husarion_office_gz/share/husarion_office_gz/worlds//models/MopCart3/model.config
[2.197s] -- Up-to-date symlink: /root/ros2_code/humble/ros_bot/install/husarion_office_gz/share/husarion_office_gz/worlds//models/MopCart3/model.sdf
[2.197s] -- Up-to-date symlink: /root/ros2_code/humble/ros_bot/install/husarion_office_gz/share/husarion_office_gz/worlds//models/MopCart3/thumbnails/1.png
[2.197s] -- Up-to-date symlink: /root/ros2_code/humble/ros_bot/install/husarion_office_gz/share/husarion_office_gz/worlds//models/MopCart3/thumbnails/2.png
[2.198s] -- Up-to-date symlink: /root/ros2_code/humble/ros_bot/install/husarion_office_gz/share/husarion_office_gz/worlds//models/MopCart3/thumbnails/3.png
[2.199s] -- Up-to-date symlink: /root/ros2_code/humble/ros_bot/install/husarion_office_gz/share/husarion_office_gz/worlds//models/MopCart3/thumbnails/4.png
[2.199s] -- Up-to-date symlink: /root/ros2_code/humble/ros_bot/install/husarion_office_gz/share/husarion_office_gz/worlds//models/MopCart3/thumbnails/5.png
[2.200s] -- Up-to-date symlink: /root/ros2_code/humble/ros_bot/install/husarion_office_gz/share/husarion_office_gz/worlds//models/MopCart4/meshes/Cart.png
[2.200s] -- Up-to-date symlink: /root/ros2_code/humble/ros_bot/install/husarion_office_gz/share/husarion_office_gz/worlds//models/MopCart4/meshes/MopCart4.mtl
[2.204s] -- Up-to-date symlink: /root/ros2_code/humble/ros_bot/install/husarion_office_gz/share/husarion_office_gz/worlds//models/MopCart4/meshes/MopCart4.obj
[2.204s] -- Up-to-date symlink: /root/ros2_code/humble/ros_bot/install/husarion_office_gz/share/husarion_office_gz/worlds//models/MopCart4/meshes/blue.png
[2.205s] -- Up-to-date symlink: /root/ros2_code/humble/ros_bot/install/husarion_office_gz/share/husarion_office_gz/worlds//models/MopCart4/meshes/red.png
[2.205s] -- Up-to-date symlink: /root/ros2_code/humble/ros_bot/install/husarion_office_gz/share/husarion_office_gz/worlds//models/MopCart4/model.config
[2.206s] -- Up-to-date symlink: /root/ros2_code/humble/ros_bot/install/husarion_office_gz/share/husarion_office_gz/worlds//models/MopCart4/model.sdf
[2.206s] -- Up-to-date symlink: /root/ros2_code/humble/ros_bot/install/husarion_office_gz/share/husarion_office_gz/worlds//models/MopCart4/thumbnails/1.png
[2.206s] -- Up-to-date symlink: /root/ros2_code/humble/ros_bot/install/husarion_office_gz/share/husarion_office_gz/worlds//models/MopCart4/thumbnails/2.png
[2.206s] -- Up-to-date symlink: /root/ros2_code/humble/ros_bot/install/husarion_office_gz/share/husarion_office_gz/worlds//models/MopCart4/thumbnails/3.png
[2.206s] -- Up-to-date symlink: /root/ros2_code/humble/ros_bot/install/husarion_office_gz/share/husarion_office_gz/worlds//models/MopCart4/thumbnails/4.png
[2.207s] -- Up-to-date symlink: /root/ros2_code/humble/ros_bot/install/husarion_office_gz/share/husarion_office_gz/worlds//models/MopCart4/thumbnails/5.png
[2.208s] -- Up-to-date symlink: /root/ros2_code/humble/ros_bot/install/husarion_office_gz/share/husarion_office_gz/worlds//models/OfficeChairBlack/meshes/OfficeChairBlack.mtl
[2.209s] -- Up-to-date symlink: /root/ros2_code/humble/ros_bot/install/husarion_office_gz/share/husarion_office_gz/worlds//models/OfficeChairBlack/meshes/OfficeChairBlack.obj
[2.211s] -- Up-to-date symlink: /root/ros2_code/humble/ros_bot/install/husarion_office_gz/share/husarion_office_gz/worlds//models/OfficeChairBlack/meshes/OfficeChairBlack.png
[2.212s] -- Up-to-date symlink: /root/ros2_code/humble/ros_bot/install/husarion_office_gz/share/husarion_office_gz/worlds//models/OfficeChairBlack/meshes/OfficeChairBlack_Col.mtl
[2.212s] -- Up-to-date symlink: /root/ros2_code/humble/ros_bot/install/husarion_office_gz/share/husarion_office_gz/worlds//models/OfficeChairBlack/meshes/OfficeChairBlack_Col.obj
[2.212s] -- Up-to-date symlink: /root/ros2_code/humble/ros_bot/install/husarion_office_gz/share/husarion_office_gz/worlds//models/OfficeChairBlack/model.config
[2.212s] -- Up-to-date symlink: /root/ros2_code/humble/ros_bot/install/husarion_office_gz/share/husarion_office_gz/worlds//models/OfficeChairBlack/model.sdf
[2.212s] -- Up-to-date symlink: /root/ros2_code/humble/ros_bot/install/husarion_office_gz/share/husarion_office_gz/worlds//models/OfficeChairBlack/thumbnails/1.png
[2.212s] -- Up-to-date symlink: /root/ros2_code/humble/ros_bot/install/husarion_office_gz/share/husarion_office_gz/worlds//models/OfficeChairBlack/thumbnails/2.png
[2.213s] -- Up-to-date symlink: /root/ros2_code/humble/ros_bot/install/husarion_office_gz/share/husarion_office_gz/worlds//models/OfficeChairBlack/thumbnails/3.png
[2.213s] -- Up-to-date symlink: /root/ros2_code/humble/ros_bot/install/husarion_office_gz/share/husarion_office_gz/worlds//models/OfficeChairBlack/thumbnails/4.png
[2.213s] -- Up-to-date symlink: /root/ros2_code/humble/ros_bot/install/husarion_office_gz/share/husarion_office_gz/worlds//models/OfficeChairBlack/thumbnails/5.png
[2.213s] -- Up-to-date symlink: /root/ros2_code/humble/ros_bot/install/husarion_office_gz/share/husarion_office_gz/worlds//models/OfficeChairBlack/thumbnails/meta/1.png
[2.213s] -- Up-to-date symlink: /root/ros2_code/humble/ros_bot/install/husarion_office_gz/share/husarion_office_gz/worlds//models/OfficeChairBlack/thumbnails/meta/2.png
[2.213s] -- Up-to-date symlink: /root/ros2_code/humble/ros_bot/install/husarion_office_gz/share/husarion_office_gz/worlds//models/OfficeChairBlack/thumbnails/meta/3.png
[2.213s] -- Up-to-date symlink: /root/ros2_code/humble/ros_bot/install/husarion_office_gz/share/husarion_office_gz/worlds//models/OfficeChairBlack/thumbnails/meta/4.png
[2.213s] -- Up-to-date symlink: /root/ros2_code/humble/ros_bot/install/husarion_office_gz/share/husarion_office_gz/worlds//models/OfficeChairBlack/thumbnails/meta/5.png
[2.213s] -- Up-to-date symlink: /root/ros2_code/humble/ros_bot/install/husarion_office_gz/share/husarion_office_gz/worlds//models/SquareShelf/meshes/SquareShelf.mtl
[2.214s] -- Up-to-date symlink: /root/ros2_code/humble/ros_bot/install/husarion_office_gz/share/husarion_office_gz/worlds//models/SquareShelf/meshes/SquareShelf.obj
[2.214s] -- Up-to-date symlink: /root/ros2_code/humble/ros_bot/install/husarion_office_gz/share/husarion_office_gz/worlds//models/SquareShelf/meshes/SquareShelf_Col.mtl
[2.214s] -- Up-to-date symlink: /root/ros2_code/humble/ros_bot/install/husarion_office_gz/share/husarion_office_gz/worlds//models/SquareShelf/meshes/SquareShelf_Col.obj
[2.214s] -- Up-to-date symlink: /root/ros2_code/humble/ros_bot/install/husarion_office_gz/share/husarion_office_gz/worlds//models/SquareShelf/meshes/SquareShelf_Diffuse.png
[2.214s] -- Up-to-date symlink: /root/ros2_code/humble/ros_bot/install/husarion_office_gz/share/husarion_office_gz/worlds//models/SquareShelf/model.config
[2.214s] -- Up-to-date symlink: /root/ros2_code/humble/ros_bot/install/husarion_office_gz/share/husarion_office_gz/worlds//models/SquareShelf/model.sdf
[2.214s] -- Up-to-date symlink: /root/ros2_code/humble/ros_bot/install/husarion_office_gz/share/husarion_office_gz/worlds//models/SquareShelf/thumbnails/1.png
[2.214s] -- Up-to-date symlink: /root/ros2_code/humble/ros_bot/install/husarion_office_gz/share/husarion_office_gz/worlds//models/SquareShelf/thumbnails/2.png
[2.214s] -- Up-to-date symlink: /root/ros2_code/humble/ros_bot/install/husarion_office_gz/share/husarion_office_gz/worlds//models/SquareShelf/thumbnails/3.png
[2.215s] -- Up-to-date symlink: /root/ros2_code/humble/ros_bot/install/husarion_office_gz/share/husarion_office_gz/worlds//models/SquareShelf/thumbnails/4.png
[2.215s] -- Up-to-date symlink: /root/ros2_code/humble/ros_bot/install/husarion_office_gz/share/husarion_office_gz/worlds//models/SquareShelf/thumbnails/5.png
[2.215s] -- Up-to-date symlink: /root/ros2_code/humble/ros_bot/install/husarion_office_gz/share/husarion_office_gz/worlds//models/Stairs/model.config
[2.215s] -- Up-to-date symlink: /root/ros2_code/humble/ros_bot/install/husarion_office_gz/share/husarion_office_gz/worlds//models/Stairs/model.sdf
[2.215s] -- Up-to-date symlink: /root/ros2_code/humble/ros_bot/install/husarion_office_gz/share/husarion_office_gz/worlds//models/Table/Table_Diffuse.jpg
[2.215s] -- Up-to-date symlink: /root/ros2_code/humble/ros_bot/install/husarion_office_gz/share/husarion_office_gz/worlds//models/Table/model-1_2.sdf
[2.215s] -- Up-to-date symlink: /root/ros2_code/humble/ros_bot/install/husarion_office_gz/share/husarion_office_gz/worlds//models/Table/model-1_3.sdf
[2.215s] -- Up-to-date symlink: /root/ros2_code/humble/ros_bot/install/husarion_office_gz/share/husarion_office_gz/worlds//models/Table/model-1_4.sdf
[2.215s] -- Up-to-date symlink: /root/ros2_code/humble/ros_bot/install/husarion_office_gz/share/husarion_office_gz/worlds//models/Table/model.config
[2.215s] -- Up-to-date symlink: /root/ros2_code/humble/ros_bot/install/husarion_office_gz/share/husarion_office_gz/worlds//models/Table/model.sdf
[2.216s] -- Up-to-date symlink: /root/ros2_code/humble/ros_bot/install/husarion_office_gz/share/husarion_office_gz/worlds//models/Table/thumbnails/1.png
[2.216s] -- Up-to-date symlink: /root/ros2_code/humble/ros_bot/install/husarion_office_gz/share/husarion_office_gz/worlds//models/Table/thumbnails/2.png
[2.216s] -- Up-to-date symlink: /root/ros2_code/humble/ros_bot/install/husarion_office_gz/share/husarion_office_gz/worlds//models/Table/thumbnails/3.png
[2.216s] -- Up-to-date symlink: /root/ros2_code/humble/ros_bot/install/husarion_office_gz/share/husarion_office_gz/worlds//models/Table/thumbnails/4.png
[2.216s] -- Up-to-date symlink: /root/ros2_code/humble/ros_bot/install/husarion_office_gz/share/husarion_office_gz/worlds//models/Table/thumbnails/5.png
[2.216s] -- Up-to-date symlink: /root/ros2_code/humble/ros_bot/install/husarion_office_gz/share/husarion_office_gz/worlds//models/Toilet/meshes/toilet.mtl
[2.216s] -- Up-to-date symlink: /root/ros2_code/humble/ros_bot/install/husarion_office_gz/share/husarion_office_gz/worlds//models/Toilet/meshes/toilet.obj
[2.216s] -- Up-to-date symlink: /root/ros2_code/humble/ros_bot/install/husarion_office_gz/share/husarion_office_gz/worlds//models/Toilet/model.config
[2.216s] -- Up-to-date symlink: /root/ros2_code/humble/ros_bot/install/husarion_office_gz/share/husarion_office_gz/worlds//models/Toilet/model.sdf
[2.216s] -- Up-to-date symlink: /root/ros2_code/humble/ros_bot/install/husarion_office_gz/share/husarion_office_gz/worlds//models/Toilet/thumbnails/1.png
[2.216s] -- Up-to-date symlink: /root/ros2_code/humble/ros_bot/install/husarion_office_gz/share/husarion_office_gz/worlds//models/Toilet/thumbnails/2.png
[2.217s] -- Up-to-date symlink: /root/ros2_code/humble/ros_bot/install/husarion_office_gz/share/husarion_office_gz/worlds//models/Toilet/thumbnails/3.png
[2.217s] -- Up-to-date symlink: /root/ros2_code/humble/ros_bot/install/husarion_office_gz/share/husarion_office_gz/worlds//models/Toilet/thumbnails/4.png
[2.220s] -- Up-to-date symlink: /root/ros2_code/humble/ros_bot/install/husarion_office_gz/share/husarion_office_gz/worlds//models/Toilet/thumbnails/5.png
[2.221s] -- Up-to-date symlink: /root/ros2_code/humble/ros_bot/install/husarion_office_gz/share/husarion_office_gz/worlds//models/TrashBin/meshes/TrashBin.mtl
[2.221s] -- Up-to-date symlink: /root/ros2_code/humble/ros_bot/install/husarion_office_gz/share/husarion_office_gz/worlds//models/TrashBin/meshes/TrashBin.obj
[2.222s] -- Up-to-date symlink: /root/ros2_code/humble/ros_bot/install/husarion_office_gz/share/husarion_office_gz/worlds//models/TrashBin/meshes/TrashBin_Diffuse.png
[2.222s] -- Up-to-date symlink: /root/ros2_code/humble/ros_bot/install/husarion_office_gz/share/husarion_office_gz/worlds//models/TrashBin/model.config
[2.222s] -- Up-to-date symlink: /root/ros2_code/humble/ros_bot/install/husarion_office_gz/share/husarion_office_gz/worlds//models/TrashBin/model.sdf
[2.222s] -- Up-to-date symlink: /root/ros2_code/humble/ros_bot/install/husarion_office_gz/share/husarion_office_gz/worlds//models/TrashBin/thumbnails/1.png
[2.223s] -- Up-to-date symlink: /root/ros2_code/humble/ros_bot/install/husarion_office_gz/share/husarion_office_gz/worlds//models/TrashBin/thumbnails/2.png
[2.223s] -- Up-to-date symlink: /root/ros2_code/humble/ros_bot/install/husarion_office_gz/share/husarion_office_gz/worlds//models/TrashBin/thumbnails/3.png
[2.223s] -- Up-to-date symlink: /root/ros2_code/humble/ros_bot/install/husarion_office_gz/share/husarion_office_gz/worlds//models/TrashBin/thumbnails/4.png
[2.226s] -- Up-to-date symlink: /root/ros2_code/humble/ros_bot/install/husarion_office_gz/share/husarion_office_gz/worlds//models/TrashBin/thumbnails/5.png
[2.226s] -- Up-to-date symlink: /root/ros2_code/humble/ros_bot/install/husarion_office_gz/share/husarion_office_gz/worlds//models/Tv/meshes/tv.stl
[2.227s] -- Up-to-date symlink: /root/ros2_code/humble/ros_bot/install/husarion_office_gz/share/husarion_office_gz/worlds//models/Tv/model.config
[2.227s] -- Up-to-date symlink: /root/ros2_code/humble/ros_bot/install/husarion_office_gz/share/husarion_office_gz/worlds//models/Tv/model.sdf
[2.228s] -- Up-to-date symlink: /root/ros2_code/humble/ros_bot/install/husarion_office_gz/share/husarion_office_gz/worlds//models/WaterDispenser/meshes/WaterDispenser.dae
[2.229s] -- Up-to-date symlink: /root/ros2_code/humble/ros_bot/install/husarion_office_gz/share/husarion_office_gz/worlds//models/WaterDispenser/model.config
[2.230s] -- Up-to-date symlink: /root/ros2_code/humble/ros_bot/install/husarion_office_gz/share/husarion_office_gz/worlds//models/WaterDispenser/model.sdf
[2.231s] -- Up-to-date symlink: /root/ros2_code/humble/ros_bot/install/husarion_office_gz/share/husarion_office_gz/worlds//models/WhiteCabinet/meshes/WhiteCabinet.mtl
[2.231s] -- Up-to-date symlink: /root/ros2_code/humble/ros_bot/install/husarion_office_gz/share/husarion_office_gz/worlds//models/WhiteCabinet/meshes/WhiteCabinet.obj
[2.231s] -- Up-to-date symlink: /root/ros2_code/humble/ros_bot/install/husarion_office_gz/share/husarion_office_gz/worlds//models/WhiteCabinet/meshes/WhiteCabinet.png
[2.232s] -- Up-to-date symlink: /root/ros2_code/humble/ros_bot/install/husarion_office_gz/share/husarion_office_gz/worlds//models/WhiteCabinet/model.config
[2.232s] -- Up-to-date symlink: /root/ros2_code/humble/ros_bot/install/husarion_office_gz/share/husarion_office_gz/worlds//models/WhiteCabinet/model.sdf
[2.232s] -- Up-to-date symlink: /root/ros2_code/humble/ros_bot/install/husarion_office_gz/share/husarion_office_gz/worlds//models/WhiteCabinet/thumbnails/1.png
[2.232s] -- Up-to-date symlink: /root/ros2_code/humble/ros_bot/install/husarion_office_gz/share/husarion_office_gz/worlds//models/WhiteCabinet/thumbnails/2.png
[2.232s] -- Up-to-date symlink: /root/ros2_code/humble/ros_bot/install/husarion_office_gz/share/husarion_office_gz/worlds//models/WhiteCabinet/thumbnails/3.png
[2.233s] -- Up-to-date symlink: /root/ros2_code/humble/ros_bot/install/husarion_office_gz/share/husarion_office_gz/worlds//models/WhiteCabinet/thumbnails/4.png
[2.233s] -- Up-to-date symlink: /root/ros2_code/humble/ros_bot/install/husarion_office_gz/share/husarion_office_gz/worlds//models/WhiteCabinet/thumbnails/5.png
[2.233s] -- Up-to-date symlink: /root/ros2_code/humble/ros_bot/install/husarion_office_gz/share/husarion_office_gz/worlds//models/WoodenChair/meshes/WoodenChair.mtl
[2.233s] -- Up-to-date symlink: /root/ros2_code/humble/ros_bot/install/husarion_office_gz/share/husarion_office_gz/worlds//models/WoodenChair/meshes/WoodenChair.obj
[2.233s] -- Up-to-date symlink: /root/ros2_code/humble/ros_bot/install/husarion_office_gz/share/husarion_office_gz/worlds//models/WoodenChair/meshes/WoodenChair_Col.mtl
[2.233s] -- Up-to-date symlink: /root/ros2_code/humble/ros_bot/install/husarion_office_gz/share/husarion_office_gz/worlds//models/WoodenChair/meshes/WoodenChair_Col.obj
[2.233s] -- Up-to-date symlink: /root/ros2_code/humble/ros_bot/install/husarion_office_gz/share/husarion_office_gz/worlds//models/WoodenChair/meshes/WoodenChair_Diffuse.png
[2.233s] -- Up-to-date symlink: /root/ros2_code/humble/ros_bot/install/husarion_office_gz/share/husarion_office_gz/worlds//models/WoodenChair/meshes/WoodenChair_Rough.png
[2.233s] -- Up-to-date symlink: /root/ros2_code/humble/ros_bot/install/husarion_office_gz/share/husarion_office_gz/worlds//models/WoodenChair/model.config
[2.233s] -- Up-to-date symlink: /root/ros2_code/humble/ros_bot/install/husarion_office_gz/share/husarion_office_gz/worlds//models/WoodenChair/model.sdf
[2.234s] -- Up-to-date symlink: /root/ros2_code/humble/ros_bot/install/husarion_office_gz/share/husarion_office_gz/worlds//models/WoodenChair/thumbnails/1.png
[2.234s] -- Up-to-date symlink: /root/ros2_code/humble/ros_bot/install/husarion_office_gz/share/husarion_office_gz/worlds//models/WoodenChair/thumbnails/2.png
[2.234s] -- Up-to-date symlink: /root/ros2_code/humble/ros_bot/install/husarion_office_gz/share/husarion_office_gz/worlds//models/WoodenChair/thumbnails/3.png
[2.234s] -- Up-to-date symlink: /root/ros2_code/humble/ros_bot/install/husarion_office_gz/share/husarion_office_gz/worlds//models/WoodenChair/thumbnails/4.png
[2.234s] -- Up-to-date symlink: /root/ros2_code/humble/ros_bot/install/husarion_office_gz/share/husarion_office_gz/worlds//models/WoodenChair/thumbnails/5.png
[2.234s] -- Up-to-date symlink: /root/ros2_code/humble/ros_bot/install/husarion_office_gz/share/husarion_office_gz/worlds//models/pradnicka_office_L1/meshes/black_concrete.png
[2.234s] -- Up-to-date symlink: /root/ros2_code/humble/ros_bot/install/husarion_office_gz/share/husarion_office_gz/worlds//models/pradnicka_office_L1/meshes/floor_1.mtl
[2.234s] -- Up-to-date symlink: /root/ros2_code/humble/ros_bot/install/husarion_office_gz/share/husarion_office_gz/worlds//models/pradnicka_office_L1/meshes/floor_1.obj
[2.234s] -- Up-to-date symlink: /root/ros2_code/humble/ros_bot/install/husarion_office_gz/share/husarion_office_gz/worlds//models/pradnicka_office_L1/meshes/floor_10.mtl
[2.234s] -- Up-to-date symlink: /root/ros2_code/humble/ros_bot/install/husarion_office_gz/share/husarion_office_gz/worlds//models/pradnicka_office_L1/meshes/floor_10.obj
[2.234s] -- Up-to-date symlink: /root/ros2_code/humble/ros_bot/install/husarion_office_gz/share/husarion_office_gz/worlds//models/pradnicka_office_L1/meshes/floor_11.mtl
[2.235s] -- Up-to-date symlink: /root/ros2_code/humble/ros_bot/install/husarion_office_gz/share/husarion_office_gz/worlds//models/pradnicka_office_L1/meshes/floor_11.obj
[2.235s] -- Up-to-date symlink: /root/ros2_code/humble/ros_bot/install/husarion_office_gz/share/husarion_office_gz/worlds//models/pradnicka_office_L1/meshes/floor_12.mtl
[2.235s] -- Up-to-date symlink: /root/ros2_code/humble/ros_bot/install/husarion_office_gz/share/husarion_office_gz/worlds//models/pradnicka_office_L1/meshes/floor_12.obj
[2.235s] -- Up-to-date symlink: /root/ros2_code/humble/ros_bot/install/husarion_office_gz/share/husarion_office_gz/worlds//models/pradnicka_office_L1/meshes/floor_13.mtl
[2.235s] -- Up-to-date symlink: /root/ros2_code/humble/ros_bot/install/husarion_office_gz/share/husarion_office_gz/worlds//models/pradnicka_office_L1/meshes/floor_13.obj
[2.235s] -- Up-to-date symlink: /root/ros2_code/humble/ros_bot/install/husarion_office_gz/share/husarion_office_gz/worlds//models/pradnicka_office_L1/meshes/floor_14.mtl
[2.235s] -- Up-to-date symlink: /root/ros2_code/humble/ros_bot/install/husarion_office_gz/share/husarion_office_gz/worlds//models/pradnicka_office_L1/meshes/floor_14.obj
[2.236s] -- Up-to-date symlink: /root/ros2_code/humble/ros_bot/install/husarion_office_gz/share/husarion_office_gz/worlds//models/pradnicka_office_L1/meshes/floor_2.mtl
[2.236s] -- Up-to-date symlink: /root/ros2_code/humble/ros_bot/install/husarion_office_gz/share/husarion_office_gz/worlds//models/pradnicka_office_L1/meshes/floor_2.obj
[2.236s] -- Up-to-date symlink: /root/ros2_code/humble/ros_bot/install/husarion_office_gz/share/husarion_office_gz/worlds//models/pradnicka_office_L1/meshes/floor_3.mtl
[2.237s] -- Up-to-date symlink: /root/ros2_code/humble/ros_bot/install/husarion_office_gz/share/husarion_office_gz/worlds//models/pradnicka_office_L1/meshes/floor_3.obj
[2.238s] -- Up-to-date symlink: /root/ros2_code/humble/ros_bot/install/husarion_office_gz/share/husarion_office_gz/worlds//models/pradnicka_office_L1/meshes/floor_4.mtl
[2.238s] -- Up-to-date symlink: /root/ros2_code/humble/ros_bot/install/husarion_office_gz/share/husarion_office_gz/worlds//models/pradnicka_office_L1/meshes/floor_4.obj
[2.238s] -- Up-to-date symlink: /root/ros2_code/humble/ros_bot/install/husarion_office_gz/share/husarion_office_gz/worlds//models/pradnicka_office_L1/meshes/floor_5.mtl
[2.239s] -- Up-to-date symlink: /root/ros2_code/humble/ros_bot/install/husarion_office_gz/share/husarion_office_gz/worlds//models/pradnicka_office_L1/meshes/floor_5.obj
[2.239s] -- Up-to-date symlink: /root/ros2_code/humble/ros_bot/install/husarion_office_gz/share/husarion_office_gz/worlds//models/pradnicka_office_L1/meshes/floor_6.mtl
[2.239s] -- Up-to-date symlink: /root/ros2_code/humble/ros_bot/install/husarion_office_gz/share/husarion_office_gz/worlds//models/pradnicka_office_L1/meshes/floor_6.obj
[2.240s] -- Up-to-date symlink: /root/ros2_code/humble/ros_bot/install/husarion_office_gz/share/husarion_office_gz/worlds//models/pradnicka_office_L1/meshes/floor_7.mtl
[2.240s] -- Up-to-date symlink: /root/ros2_code/humble/ros_bot/install/husarion_office_gz/share/husarion_office_gz/worlds//models/pradnicka_office_L1/meshes/floor_7.obj
[2.241s] -- Up-to-date symlink: /root/ros2_code/humble/ros_bot/install/husarion_office_gz/share/husarion_office_gz/worlds//models/pradnicka_office_L1/meshes/floor_8.mtl
[2.241s] -- Up-to-date symlink: /root/ros2_code/humble/ros_bot/install/husarion_office_gz/share/husarion_office_gz/worlds//models/pradnicka_office_L1/meshes/floor_8.obj
[2.241s] -- Up-to-date symlink: /root/ros2_code/humble/ros_bot/install/husarion_office_gz/share/husarion_office_gz/worlds//models/pradnicka_office_L1/meshes/floor_9.mtl
[2.241s] -- Up-to-date symlink: /root/ros2_code/humble/ros_bot/install/husarion_office_gz/share/husarion_office_gz/worlds//models/pradnicka_office_L1/meshes/floor_9.obj
[2.241s] -- Up-to-date symlink: /root/ros2_code/humble/ros_bot/install/husarion_office_gz/share/husarion_office_gz/worlds//models/pradnicka_office_L1/meshes/model.material
[2.243s] -- Up-to-date symlink: /root/ros2_code/humble/ros_bot/install/husarion_office_gz/share/husarion_office_gz/worlds//models/pradnicka_office_L1/meshes/wall_1.mtl
[2.243s] -- Up-to-date symlink: /root/ros2_code/humble/ros_bot/install/husarion_office_gz/share/husarion_office_gz/worlds//models/pradnicka_office_L1/meshes/wall_1.obj
[2.243s] -- Up-to-date symlink: /root/ros2_code/humble/ros_bot/install/husarion_office_gz/share/husarion_office_gz/worlds//models/pradnicka_office_L1/meshes/wall_2.mtl
[2.244s] -- Up-to-date symlink: /root/ros2_code/humble/ros_bot/install/husarion_office_gz/share/husarion_office_gz/worlds//models/pradnicka_office_L1/meshes/wall_2.obj
[2.244s] -- Up-to-date symlink: /root/ros2_code/humble/ros_bot/install/husarion_office_gz/share/husarion_office_gz/worlds//models/pradnicka_office_L1/meshes/white_carpet.png
[2.244s] -- Up-to-date symlink: /root/ros2_code/humble/ros_bot/install/husarion_office_gz/share/husarion_office_gz/worlds//models/pradnicka_office_L1/meshes/white_tiles.png
[2.244s] -- Up-to-date symlink: /root/ros2_code/humble/ros_bot/install/husarion_office_gz/share/husarion_office_gz/worlds//models/pradnicka_office_L1/meshes/white_wall.png
[2.244s] -- Up-to-date symlink: /root/ros2_code/humble/ros_bot/install/husarion_office_gz/share/husarion_office_gz/worlds//models/pradnicka_office_L1/meshes/wood1.png
[2.244s] -- Up-to-date symlink: /root/ros2_code/humble/ros_bot/install/husarion_office_gz/share/husarion_office_gz/worlds//models/pradnicka_office_L1/meshes/wood2.png
[2.245s] -- Up-to-date symlink: /root/ros2_code/humble/ros_bot/install/husarion_office_gz/share/husarion_office_gz/worlds//models/pradnicka_office_L1/model.config
[2.245s] -- Up-to-date symlink: /root/ros2_code/humble/ros_bot/install/husarion_office_gz/share/husarion_office_gz/worlds//models/pradnicka_office_L1/model.sdf
[2.245s] -- Up-to-date symlink: /root/ros2_code/humble/ros_bot/install/husarion_office_gz/share/husarion_office_gz/worlds//models/rosbot/meshes/astra.dae
[2.245s] -- Up-to-date symlink: /root/ros2_code/humble/ros_bot/install/husarion_office_gz/share/husarion_office_gz/worlds//models/rosbot/meshes/box.dae
[2.246s] -- Up-to-date symlink: /root/ros2_code/humble/ros_bot/install/husarion_office_gz/share/husarion_office_gz/worlds//models/rosbot/meshes/rplidar.dae
[2.246s] -- Up-to-date symlink: /root/ros2_code/humble/ros_bot/install/husarion_office_gz/share/husarion_office_gz/worlds//models/rosbot/meshes/upper.dae
[2.246s] -- Up-to-date symlink: /root/ros2_code/humble/ros_bot/install/husarion_office_gz/share/husarion_office_gz/worlds//models/rosbot/meshes/wheel-v2.stl
[2.246s] -- Up-to-date symlink: /root/ros2_code/humble/ros_bot/install/husarion_office_gz/share/husarion_office_gz/worlds//models/rosbot/meshes/wheel.dae
[2.246s] -- Up-to-date symlink: /root/ros2_code/humble/ros_bot/install/husarion_office_gz/share/husarion_office_gz/worlds//models/rosbot/model.config
[2.246s] -- Up-to-date symlink: /root/ros2_code/humble/ros_bot/install/husarion_office_gz/share/husarion_office_gz/worlds//models/rosbot/model.sdf
[2.246s] -- Up-to-date symlink: /root/ros2_code/humble/ros_bot/install/husarion_office_gz/share/husarion_office_gz/worlds//models/white_carpet.png
[2.247s] -- Up-to-date symlink: /root/ros2_code/humble/ros_bot/install/husarion_office_gz/share/husarion_office_gz/worlds//models/white_wall.png
[2.247s] -- Up-to-date symlink: /root/ros2_code/humble/ros_bot/install/husarion_office_gz/share/husarion_office_gz/worlds//models/wood1.png
[2.247s] -- Up-to-date symlink: /root/ros2_code/humble/ros_bot/install/husarion_office_gz/share/husarion_office_gz/worlds//models/wood2.png
[2.247s] -- Up-to-date symlink: /root/ros2_code/humble/ros_bot/install/husarion_office_gz/share/husarion_office_gz/worlds//nav2_maps/office_map.png
[2.247s] -- Up-to-date symlink: /root/ros2_code/humble/ros_bot/install/husarion_office_gz/share/husarion_office_gz/worlds//nav2_maps/office_map.yaml
[2.248s] -- Up-to-date symlink: /root/ros2_code/humble/ros_bot/install/husarion_office_gz/share/ament_index/resource_index/package_run_dependencies/husarion_office_gz
[2.248s] -- Up-to-date symlink: /root/ros2_code/humble/ros_bot/install/husarion_office_gz/share/ament_index/resource_index/parent_prefix_path/husarion_office_gz
[2.253s] -- Up-to-date symlink: /root/ros2_code/humble/ros_bot/install/husarion_office_gz/share/husarion_office_gz/environment/ament_prefix_path.sh
[2.253s] -- Up-to-date symlink: /root/ros2_code/humble/ros_bot/install/husarion_office_gz/share/husarion_office_gz/environment/ament_prefix_path.dsv
[2.254s] -- Up-to-date symlink: /root/ros2_code/humble/ros_bot/install/husarion_office_gz/share/husarion_office_gz/environment/path.sh
[2.254s] -- Up-to-date symlink: /root/ros2_code/humble/ros_bot/install/husarion_office_gz/share/husarion_office_gz/environment/path.dsv
[2.254s] -- Up-to-date symlink: /root/ros2_code/humble/ros_bot/install/husarion_office_gz/share/husarion_office_gz/local_setup.bash
[2.254s] -- Up-to-date symlink: /root/ros2_code/humble/ros_bot/install/husarion_office_gz/share/husarion_office_gz/local_setup.sh
[2.254s] -- Up-to-date symlink: /root/ros2_code/humble/ros_bot/install/husarion_office_gz/share/husarion_office_gz/local_setup.zsh
[2.254s] -- Up-to-date symlink: /root/ros2_code/humble/ros_bot/install/husarion_office_gz/share/husarion_office_gz/local_setup.dsv
[2.254s] -- Symlinking: /root/ros2_code/humble/ros_bot/install/husarion_office_gz/share/husarion_office_gz/package.dsv
[2.254s] -- Up-to-date symlink: /root/ros2_code/humble/ros_bot/install/husarion_office_gz/share/ament_index/resource_index/packages/husarion_office_gz
[2.254s] -- Up-to-date symlink: /root/ros2_code/humble/ros_bot/install/husarion_office_gz/share/husarion_office_gz/cmake/husarion_office_gzConfig.cmake
[2.254s] -- Up-to-date symlink: /root/ros2_code/humble/ros_bot/install/husarion_office_gz/share/husarion_office_gz/cmake/husarion_office_gzConfig-version.cmake
[2.254s] -- Up-to-date symlink: /root/ros2_code/humble/ros_bot/install/husarion_office_gz/share/husarion_office_gz/package.xml
[2.405s] Invoked command in '/root/ros2_code/humble/ros_bot/build/husarion_office_gz' returned '0': CMAKE_PREFIX_PATH=${CMAKE_PREFIX_PATH}:/root/ros2_code/humble/ros_bot/install/rosbot_utils:/root/ros2_code/humble/ros_bot/install/rosbot_gazebo:/root/ros2_code/humble/ros_bot/install/rosbot_bringup:/root/ros2_code/humble/ros_bot/install/rosbot_controller:/root/ros2_code/humble/vision/install/path_planner_pkg:/root/ros2_code/humble/vision/install/nav2_api_pkg:/root/ros2_code/humble/vision/install/joystick_pkg:/root/ros2_code/humble/vision/install/cartographer_pkg:/root/ros2_code/humble/nav2class/install/autonomous_tb3:/root/ros2_code/humble/simulations/install/path_planner_server:/root/ros2_code/humble/simulations/install/map_server:/root/ros2_code/humble/simulations/install/localization_server:/opt/ros/humble /usr/bin/cmake --install /root/ros2_code/humble/ros_bot/build/husarion_office_gz
