[2.426s] Invoking command in '/root/ros2_code/humble/ros_bot/src/rosbot_utils': PYTHONPATH=/root/ros2_code/humble/ros_bot/src/build/rosbot_utils/prefix_override:/root/ros2_code/humble/ros_bot/src/install/rosbot_utils/lib/python3.10/site-packages:${PYTHONPATH} /usr/bin/python3 setup.py egg_info --egg-base ../build/rosbot_utils build --build-base /root/ros2_code/humble/ros_bot/src/build/rosbot_utils/build install --record /root/ros2_code/humble/ros_bot/src/build/rosbot_utils/install.log --single-version-externally-managed
[2.801s] running egg_info
[2.801s] writing ../build/rosbot_utils/rosbot_utils.egg-info/PKG-INFO
[2.802s] writing dependency_links to ../build/rosbot_utils/rosbot_utils.egg-info/dependency_links.txt
[2.802s] writing entry points to ../build/rosbot_utils/rosbot_utils.egg-info/entry_points.txt
[2.802s] writing requirements to ../build/rosbot_utils/rosbot_utils.egg-info/requires.txt
[2.802s] writing top-level names to ../build/rosbot_utils/rosbot_utils.egg-info/top_level.txt
[2.805s] reading manifest file '../build/rosbot_utils/rosbot_utils.egg-info/SOURCES.txt'
[2.806s] writing manifest file '../build/rosbot_utils/rosbot_utils.egg-info/SOURCES.txt'
[2.806s] running build
[2.806s] running build_py
[2.809s] running install
[2.809s] running install_lib
[2.811s] running install_data
[2.811s] running install_egg_info
[2.813s] removing '/root/ros2_code/humble/ros_bot/src/install/rosbot_utils/lib/python3.10/site-packages/rosbot_utils-0.0.0-py3.10.egg-info' (and everything under it)
[2.816s] Copying ../build/rosbot_utils/rosbot_utils.egg-info to /root/ros2_code/humble/ros_bot/src/install/rosbot_utils/lib/python3.10/site-packages/rosbot_utils-0.0.0-py3.10.egg-info
[2.816s] running install_scripts
[2.841s] Installing flash_firmware script to /root/ros2_code/humble/ros_bot/src/install/rosbot_utils/lib/rosbot_utils
[2.841s] writing list of installed files to '/root/ros2_code/humble/ros_bot/src/build/rosbot_utils/install.log'
[3.126s] Invoked command in '/root/ros2_code/humble/ros_bot/src/rosbot_utils' returned '0': PYTHONPATH=/root/ros2_code/humble/ros_bot/src/build/rosbot_utils/prefix_override:/root/ros2_code/humble/ros_bot/src/install/rosbot_utils/lib/python3.10/site-packages:${PYTHONPATH} /usr/bin/python3 setup.py egg_info --egg-base ../build/rosbot_utils build --build-base /root/ros2_code/humble/ros_bot/src/build/rosbot_utils/build install --record /root/ros2_code/humble/ros_bot/src/build/rosbot_utils/install.log --single-version-externally-managed
