[35m[1mConsolidate compiler generated dependencies of target neo_srvs2__rosidl_generator_c[0m
[  0%] Built target neo_srvs2__cpp
[ 12%] Built target neo_srvs2__rosidl_generator_c
[35m[1mConsolidate compiler generated dependencies of target neo_srvs2__rosidl_typesupport_introspection_cpp[0m
[35m[1mConsolidate compiler generated dependencies of target neo_srvs2__rosidl_typesupport_fastrtps_cpp[0m
[ 12%] Built target ament_cmake_python_copy_neo_srvs2
[35m[1mConsolidate compiler generated dependencies of target neo_srvs2__rosidl_typesupport_cpp[0m
[35m[1mConsolidate compiler generated dependencies of target neo_srvs2__rosidl_typesupport_c[0m
[35m[1mConsolidate compiler generated dependencies of target neo_srvs2__rosidl_typesupport_introspection_c[0m
[ 35%] Built target neo_srvs2__rosidl_typesupport_introspection_cpp
[ 36%] Built target neo_srvs2__rosidl_typesupport_cpp
[35m[1mConsolidate compiler generated dependencies of target neo_srvs2__rosidl_typesupport_fastrtps_c[0m
[ 47%] Built target neo_srvs2__rosidl_typesupport_fastrtps_cpp
[ 59%] Built target neo_srvs2__rosidl_typesupport_c
[ 71%] Built target neo_srvs2__rosidl_typesupport_introspection_c
[ 83%] Built target neo_srvs2__rosidl_typesupport_fastrtps_c
[ 83%] Built target neo_srvs2
[ 84%] Built target neo_srvs2__py
[35m[1mConsolidate compiler generated dependencies of target neo_srvs2__rosidl_generator_py[0m
[ 95%] Built target neo_srvs2__rosidl_generator_py
[35m[1mConsolidate compiler generated dependencies of target neo_srvs2__rosidl_typesupport_fastrtps_c__pyext[0m
[35m[1mConsolidate compiler generated dependencies of target neo_srvs2__rosidl_typesupport_c__pyext[0m
[35m[1mConsolidate compiler generated dependencies of target neo_srvs2__rosidl_typesupport_introspection_c__pyext[0m
[ 98%] Built target neo_srvs2__rosidl_typesupport_c__pyext
[ 98%] Built target neo_srvs2__rosidl_typesupport_fastrtps_c__pyext
[100%] Built target neo_srvs2__rosidl_typesupport_introspection_c__pyext
running egg_info
writing neo_srvs2.egg-info/PKG-INFO
writing dependency_links to neo_srvs2.egg-info/dependency_links.txt
writing top-level names to neo_srvs2.egg-info/top_level.txt
reading manifest file 'neo_srvs2.egg-info/SOURCES.txt'
writing manifest file 'neo_srvs2.egg-info/SOURCES.txt'
[100%] Built target ament_cmake_python_build_neo_srvs2_egg
-- Install configuration: ""
-- Up-to-date: /root/ros2_code/humble/simulations/install/neo_srvs2/share/ament_index/resource_index/rosidl_interfaces/neo_srvs2
-- Up-to-date: /root/ros2_code/humble/simulations/install/neo_srvs2/include/neo_srvs2/neo_srvs2
-- Up-to-date: /root/ros2_code/humble/simulations/install/neo_srvs2/include/neo_srvs2/neo_srvs2/msg
-- Up-to-date: /root/ros2_code/humble/simulations/install/neo_srvs2/include/neo_srvs2/neo_srvs2/msg/rosidl_generator_c__visibility_control.h
-- Up-to-date: /root/ros2_code/humble/simulations/install/neo_srvs2/include/neo_srvs2/neo_srvs2/srv
-- Up-to-date: /root/ros2_code/humble/simulations/install/neo_srvs2/include/neo_srvs2/neo_srvs2/srv/relay_board_set_em_stop.h
-- Up-to-date: /root/ros2_code/humble/simulations/install/neo_srvs2/include/neo_srvs2/neo_srvs2/srv/set_safety_field.h
-- Up-to-date: /root/ros2_code/humble/simulations/install/neo_srvs2/include/neo_srvs2/neo_srvs2/srv/relay_board_set_lcd_msg.h
-- Up-to-date: /root/ros2_code/humble/simulations/install/neo_srvs2/include/neo_srvs2/neo_srvs2/srv/unlock_platform.h
-- Up-to-date: /root/ros2_code/humble/simulations/install/neo_srvs2/include/neo_srvs2/neo_srvs2/srv/lock_platform.h
-- Up-to-date: /root/ros2_code/humble/simulations/install/neo_srvs2/include/neo_srvs2/neo_srvs2/srv/detail
-- Up-to-date: /root/ros2_code/humble/simulations/install/neo_srvs2/include/neo_srvs2/neo_srvs2/srv/detail/relay_board_set_em_stop__functions.h
-- Up-to-date: /root/ros2_code/humble/simulations/install/neo_srvs2/include/neo_srvs2/neo_srvs2/srv/detail/optimizer__struct.h
-- Up-to-date: /root/ros2_code/humble/simulations/install/neo_srvs2/include/neo_srvs2/neo_srvs2/srv/detail/relay_board_set_lcd_msg__type_support.h
-- Up-to-date: /root/ros2_code/humble/simulations/install/neo_srvs2/include/neo_srvs2/neo_srvs2/srv/detail/optimizer__type_support.h
-- Up-to-date: /root/ros2_code/humble/simulations/install/neo_srvs2/include/neo_srvs2/neo_srvs2/srv/detail/io_board_set_dig_out__struct.h
-- Up-to-date: /root/ros2_code/humble/simulations/install/neo_srvs2/include/neo_srvs2/neo_srvs2/srv/detail/relay_board_un_set_em_stop__functions.h
-- Up-to-date: /root/ros2_code/humble/simulations/install/neo_srvs2/include/neo_srvs2/neo_srvs2/srv/detail/initialize_contour_matching__functions.c
-- Up-to-date: /root/ros2_code/humble/simulations/install/neo_srvs2/include/neo_srvs2/neo_srvs2/srv/detail/optimizer__functions.h
-- Up-to-date: /root/ros2_code/humble/simulations/install/neo_srvs2/include/neo_srvs2/neo_srvs2/srv/detail/initialize_contour_matching__type_support.h
-- Up-to-date: /root/ros2_code/humble/simulations/install/neo_srvs2/include/neo_srvs2/neo_srvs2/srv/detail/us_board_toggle_sensor__struct.h
-- Up-to-date: /root/ros2_code/humble/simulations/install/neo_srvs2/include/neo_srvs2/neo_srvs2/srv/detail/relay_board_set_relay__type_support.h
-- Up-to-date: /root/ros2_code/humble/simulations/install/neo_srvs2/include/neo_srvs2/neo_srvs2/srv/detail/relay_board_un_set_em_stop__functions.c
-- Up-to-date: /root/ros2_code/humble/simulations/install/neo_srvs2/include/neo_srvs2/neo_srvs2/srv/detail/relay_board_set_relay__struct.h
-- Up-to-date: /root/ros2_code/humble/simulations/install/neo_srvs2/include/neo_srvs2/neo_srvs2/srv/detail/set_safety_field__functions.h
-- Up-to-date: /root/ros2_code/humble/simulations/install/neo_srvs2/include/neo_srvs2/neo_srvs2/srv/detail/set_safety_field__functions.c
-- Up-to-date: /root/ros2_code/humble/simulations/install/neo_srvs2/include/neo_srvs2/neo_srvs2/srv/detail/reset_omni_wheels__functions.c
-- Up-to-date: /root/ros2_code/humble/simulations/install/neo_srvs2/include/neo_srvs2/neo_srvs2/srv/detail/set_safety_field__type_support.h
-- Up-to-date: /root/ros2_code/humble/simulations/install/neo_srvs2/include/neo_srvs2/neo_srvs2/srv/detail/lock_platform__functions.h
-- Up-to-date: /root/ros2_code/humble/simulations/install/neo_srvs2/include/neo_srvs2/neo_srvs2/srv/detail/unlock_platform__functions.c
-- Up-to-date: /root/ros2_code/humble/simulations/install/neo_srvs2/include/neo_srvs2/neo_srvs2/srv/detail/relay_board_set_em_stop__type_support.h
-- Up-to-date: /root/ros2_code/humble/simulations/install/neo_srvs2/include/neo_srvs2/neo_srvs2/srv/detail/optimizer__functions.c
-- Up-to-date: /root/ros2_code/humble/simulations/install/neo_srvs2/include/neo_srvs2/neo_srvs2/srv/detail/io_board_set_dig_out__type_support.h
-- Up-to-date: /root/ros2_code/humble/simulations/install/neo_srvs2/include/neo_srvs2/neo_srvs2/srv/detail/unlock_platform__functions.h
-- Up-to-date: /root/ros2_code/humble/simulations/install/neo_srvs2/include/neo_srvs2/neo_srvs2/srv/detail/relay_board_un_set_em_stop__struct.h
-- Up-to-date: /root/ros2_code/humble/simulations/install/neo_srvs2/include/neo_srvs2/neo_srvs2/srv/detail/lock_platform__type_support.h
-- Up-to-date: /root/ros2_code/humble/simulations/install/neo_srvs2/include/neo_srvs2/neo_srvs2/srv/detail/relay_board_set_relay__functions.h
-- Up-to-date: /root/ros2_code/humble/simulations/install/neo_srvs2/include/neo_srvs2/neo_srvs2/srv/detail/relay_board_set_em_stop__functions.c
-- Up-to-date: /root/ros2_code/humble/simulations/install/neo_srvs2/include/neo_srvs2/neo_srvs2/srv/detail/relay_board_set_em_stop__struct.h
-- Up-to-date: /root/ros2_code/humble/simulations/install/neo_srvs2/include/neo_srvs2/neo_srvs2/srv/detail/relay_board_un_set_em_stop__type_support.h
-- Up-to-date: /root/ros2_code/humble/simulations/install/neo_srvs2/include/neo_srvs2/neo_srvs2/srv/detail/relay_board_set_lcd_msg__struct.h
-- Up-to-date: /root/ros2_code/humble/simulations/install/neo_srvs2/include/neo_srvs2/neo_srvs2/srv/detail/io_board_set_dig_out__functions.c
-- Up-to-date: /root/ros2_code/humble/simulations/install/neo_srvs2/include/neo_srvs2/neo_srvs2/srv/detail/unlock_platform__type_support.h
-- Up-to-date: /root/ros2_code/humble/simulations/install/neo_srvs2/include/neo_srvs2/neo_srvs2/srv/detail/lock_platform__functions.c
-- Up-to-date: /root/ros2_code/humble/simulations/install/neo_srvs2/include/neo_srvs2/neo_srvs2/srv/detail/initialize_contour_matching__struct.h
-- Up-to-date: /root/ros2_code/humble/simulations/install/neo_srvs2/include/neo_srvs2/neo_srvs2/srv/detail/unlock_platform__struct.h
-- Up-to-date: /root/ros2_code/humble/simulations/install/neo_srvs2/include/neo_srvs2/neo_srvs2/srv/detail/us_board_toggle_sensor__functions.c
-- Up-to-date: /root/ros2_code/humble/simulations/install/neo_srvs2/include/neo_srvs2/neo_srvs2/srv/detail/us_board_toggle_sensor__type_support.h
-- Up-to-date: /root/ros2_code/humble/simulations/install/neo_srvs2/include/neo_srvs2/neo_srvs2/srv/detail/relay_board_set_lcd_msg__functions.c
-- Up-to-date: /root/ros2_code/humble/simulations/install/neo_srvs2/include/neo_srvs2/neo_srvs2/srv/detail/io_board_set_dig_out__functions.h
-- Up-to-date: /root/ros2_code/humble/simulations/install/neo_srvs2/include/neo_srvs2/neo_srvs2/srv/detail/relay_board_set_relay__functions.c
-- Up-to-date: /root/ros2_code/humble/simulations/install/neo_srvs2/include/neo_srvs2/neo_srvs2/srv/detail/relay_board_set_lcd_msg__functions.h
-- Up-to-date: /root/ros2_code/humble/simulations/install/neo_srvs2/include/neo_srvs2/neo_srvs2/srv/detail/lock_platform__struct.h
-- Up-to-date: /root/ros2_code/humble/simulations/install/neo_srvs2/include/neo_srvs2/neo_srvs2/srv/detail/us_board_toggle_sensor__functions.h
-- Up-to-date: /root/ros2_code/humble/simulations/install/neo_srvs2/include/neo_srvs2/neo_srvs2/srv/detail/set_safety_field__struct.h
-- Up-to-date: /root/ros2_code/humble/simulations/install/neo_srvs2/include/neo_srvs2/neo_srvs2/srv/detail/reset_omni_wheels__functions.h
-- Up-to-date: /root/ros2_code/humble/simulations/install/neo_srvs2/include/neo_srvs2/neo_srvs2/srv/detail/initialize_contour_matching__functions.h
-- Up-to-date: /root/ros2_code/humble/simulations/install/neo_srvs2/include/neo_srvs2/neo_srvs2/srv/detail/reset_omni_wheels__struct.h
-- Up-to-date: /root/ros2_code/humble/simulations/install/neo_srvs2/include/neo_srvs2/neo_srvs2/srv/detail/reset_omni_wheels__type_support.h
-- Up-to-date: /root/ros2_code/humble/simulations/install/neo_srvs2/include/neo_srvs2/neo_srvs2/srv/relay_board_un_set_em_stop.h
-- Up-to-date: /root/ros2_code/humble/simulations/install/neo_srvs2/include/neo_srvs2/neo_srvs2/srv/io_board_set_dig_out.h
-- Up-to-date: /root/ros2_code/humble/simulations/install/neo_srvs2/include/neo_srvs2/neo_srvs2/srv/us_board_toggle_sensor.h
-- Up-to-date: /root/ros2_code/humble/simulations/install/neo_srvs2/include/neo_srvs2/neo_srvs2/srv/initialize_contour_matching.h
-- Up-to-date: /root/ros2_code/humble/simulations/install/neo_srvs2/include/neo_srvs2/neo_srvs2/srv/optimizer.h
-- Up-to-date: /root/ros2_code/humble/simulations/install/neo_srvs2/include/neo_srvs2/neo_srvs2/srv/relay_board_set_relay.h
-- Up-to-date: /root/ros2_code/humble/simulations/install/neo_srvs2/include/neo_srvs2/neo_srvs2/srv/reset_omni_wheels.h
-- Up-to-date: /root/ros2_code/humble/simulations/install/neo_srvs2/share/neo_srvs2/environment/library_path.sh
-- Up-to-date: /root/ros2_code/humble/simulations/install/neo_srvs2/share/neo_srvs2/environment/library_path.dsv
-- Up-to-date: /root/ros2_code/humble/simulations/install/neo_srvs2/lib/libneo_srvs2__rosidl_generator_c.so
-- Up-to-date: /root/ros2_code/humble/simulations/install/neo_srvs2/include/neo_srvs2/neo_srvs2
-- Up-to-date: /root/ros2_code/humble/simulations/install/neo_srvs2/include/neo_srvs2/neo_srvs2/msg
-- Up-to-date: /root/ros2_code/humble/simulations/install/neo_srvs2/include/neo_srvs2/neo_srvs2/msg/rosidl_typesupport_fastrtps_c__visibility_control.h
-- Up-to-date: /root/ros2_code/humble/simulations/install/neo_srvs2/include/neo_srvs2/neo_srvs2/srv
-- Up-to-date: /root/ros2_code/humble/simulations/install/neo_srvs2/include/neo_srvs2/neo_srvs2/srv/detail
-- Up-to-date: /root/ros2_code/humble/simulations/install/neo_srvs2/include/neo_srvs2/neo_srvs2/srv/detail/relay_board_set_em_stop__rosidl_typesupport_fastrtps_c.h
-- Up-to-date: /root/ros2_code/humble/simulations/install/neo_srvs2/include/neo_srvs2/neo_srvs2/srv/detail/io_board_set_dig_out__rosidl_typesupport_fastrtps_c.h
-- Up-to-date: /root/ros2_code/humble/simulations/install/neo_srvs2/include/neo_srvs2/neo_srvs2/srv/detail/reset_omni_wheels__rosidl_typesupport_fastrtps_c.h
-- Up-to-date: /root/ros2_code/humble/simulations/install/neo_srvs2/include/neo_srvs2/neo_srvs2/srv/detail/set_safety_field__rosidl_typesupport_fastrtps_c.h
-- Up-to-date: /root/ros2_code/humble/simulations/install/neo_srvs2/include/neo_srvs2/neo_srvs2/srv/detail/us_board_toggle_sensor__rosidl_typesupport_fastrtps_c.h
-- Up-to-date: /root/ros2_code/humble/simulations/install/neo_srvs2/include/neo_srvs2/neo_srvs2/srv/detail/unlock_platform__rosidl_typesupport_fastrtps_c.h
-- Up-to-date: /root/ros2_code/humble/simulations/install/neo_srvs2/include/neo_srvs2/neo_srvs2/srv/detail/relay_board_un_set_em_stop__rosidl_typesupport_fastrtps_c.h
-- Up-to-date: /root/ros2_code/humble/simulations/install/neo_srvs2/include/neo_srvs2/neo_srvs2/srv/detail/optimizer__rosidl_typesupport_fastrtps_c.h
-- Up-to-date: /root/ros2_code/humble/simulations/install/neo_srvs2/include/neo_srvs2/neo_srvs2/srv/detail/relay_board_set_lcd_msg__rosidl_typesupport_fastrtps_c.h
-- Up-to-date: /root/ros2_code/humble/simulations/install/neo_srvs2/include/neo_srvs2/neo_srvs2/srv/detail/relay_board_set_relay__rosidl_typesupport_fastrtps_c.h
-- Up-to-date: /root/ros2_code/humble/simulations/install/neo_srvs2/include/neo_srvs2/neo_srvs2/srv/detail/lock_platform__rosidl_typesupport_fastrtps_c.h
-- Up-to-date: /root/ros2_code/humble/simulations/install/neo_srvs2/include/neo_srvs2/neo_srvs2/srv/detail/initialize_contour_matching__rosidl_typesupport_fastrtps_c.h
-- Up-to-date: /root/ros2_code/humble/simulations/install/neo_srvs2/lib/libneo_srvs2__rosidl_typesupport_fastrtps_c.so
-- Up-to-date: /root/ros2_code/humble/simulations/install/neo_srvs2/include/neo_srvs2/neo_srvs2
-- Up-to-date: /root/ros2_code/humble/simulations/install/neo_srvs2/include/neo_srvs2/neo_srvs2/msg
-- Up-to-date: /root/ros2_code/humble/simulations/install/neo_srvs2/include/neo_srvs2/neo_srvs2/msg/rosidl_typesupport_introspection_c__visibility_control.h
-- Up-to-date: /root/ros2_code/humble/simulations/install/neo_srvs2/include/neo_srvs2/neo_srvs2/srv
-- Up-to-date: /root/ros2_code/humble/simulations/install/neo_srvs2/include/neo_srvs2/neo_srvs2/srv/detail
-- Up-to-date: /root/ros2_code/humble/simulations/install/neo_srvs2/include/neo_srvs2/neo_srvs2/srv/detail/us_board_toggle_sensor__type_support.c
-- Up-to-date: /root/ros2_code/humble/simulations/install/neo_srvs2/include/neo_srvs2/neo_srvs2/srv/detail/set_safety_field__rosidl_typesupport_introspection_c.h
-- Up-to-date: /root/ros2_code/humble/simulations/install/neo_srvs2/include/neo_srvs2/neo_srvs2/srv/detail/io_board_set_dig_out__rosidl_typesupport_introspection_c.h
-- Up-to-date: /root/ros2_code/humble/simulations/install/neo_srvs2/include/neo_srvs2/neo_srvs2/srv/detail/relay_board_set_em_stop__rosidl_typesupport_introspection_c.h
-- Up-to-date: /root/ros2_code/humble/simulations/install/neo_srvs2/include/neo_srvs2/neo_srvs2/srv/detail/relay_board_un_set_em_stop__type_support.c
-- Up-to-date: /root/ros2_code/humble/simulations/install/neo_srvs2/include/neo_srvs2/neo_srvs2/srv/detail/lock_platform__type_support.c
-- Up-to-date: /root/ros2_code/humble/simulations/install/neo_srvs2/include/neo_srvs2/neo_srvs2/srv/detail/set_safety_field__type_support.c
-- Up-to-date: /root/ros2_code/humble/simulations/install/neo_srvs2/include/neo_srvs2/neo_srvs2/srv/detail/relay_board_set_em_stop__type_support.c
-- Up-to-date: /root/ros2_code/humble/simulations/install/neo_srvs2/include/neo_srvs2/neo_srvs2/srv/detail/relay_board_set_lcd_msg__rosidl_typesupport_introspection_c.h
-- Up-to-date: /root/ros2_code/humble/simulations/install/neo_srvs2/include/neo_srvs2/neo_srvs2/srv/detail/initialize_contour_matching__type_support.c
-- Up-to-date: /root/ros2_code/humble/simulations/install/neo_srvs2/include/neo_srvs2/neo_srvs2/srv/detail/unlock_platform__type_support.c
-- Up-to-date: /root/ros2_code/humble/simulations/install/neo_srvs2/include/neo_srvs2/neo_srvs2/srv/detail/optimizer__rosidl_typesupport_introspection_c.h
-- Up-to-date: /root/ros2_code/humble/simulations/install/neo_srvs2/include/neo_srvs2/neo_srvs2/srv/detail/reset_omni_wheels__rosidl_typesupport_introspection_c.h
-- Up-to-date: /root/ros2_code/humble/simulations/install/neo_srvs2/include/neo_srvs2/neo_srvs2/srv/detail/relay_board_set_relay__rosidl_typesupport_introspection_c.h
-- Up-to-date: /root/ros2_code/humble/simulations/install/neo_srvs2/include/neo_srvs2/neo_srvs2/srv/detail/relay_board_set_relay__type_support.c
-- Up-to-date: /root/ros2_code/humble/simulations/install/neo_srvs2/include/neo_srvs2/neo_srvs2/srv/detail/us_board_toggle_sensor__rosidl_typesupport_introspection_c.h
-- Up-to-date: /root/ros2_code/humble/simulations/install/neo_srvs2/include/neo_srvs2/neo_srvs2/srv/detail/relay_board_set_lcd_msg__type_support.c
-- Up-to-date: /root/ros2_code/humble/simulations/install/neo_srvs2/include/neo_srvs2/neo_srvs2/srv/detail/unlock_platform__rosidl_typesupport_introspection_c.h
-- Up-to-date: /root/ros2_code/humble/simulations/install/neo_srvs2/include/neo_srvs2/neo_srvs2/srv/detail/initialize_contour_matching__rosidl_typesupport_introspection_c.h
-- Up-to-date: /root/ros2_code/humble/simulations/install/neo_srvs2/include/neo_srvs2/neo_srvs2/srv/detail/lock_platform__rosidl_typesupport_introspection_c.h
-- Up-to-date: /root/ros2_code/humble/simulations/install/neo_srvs2/include/neo_srvs2/neo_srvs2/srv/detail/optimizer__type_support.c
-- Up-to-date: /root/ros2_code/humble/simulations/install/neo_srvs2/include/neo_srvs2/neo_srvs2/srv/detail/reset_omni_wheels__type_support.c
-- Up-to-date: /root/ros2_code/humble/simulations/install/neo_srvs2/include/neo_srvs2/neo_srvs2/srv/detail/io_board_set_dig_out__type_support.c
-- Up-to-date: /root/ros2_code/humble/simulations/install/neo_srvs2/include/neo_srvs2/neo_srvs2/srv/detail/relay_board_un_set_em_stop__rosidl_typesupport_introspection_c.h
-- Up-to-date: /root/ros2_code/humble/simulations/install/neo_srvs2/lib/libneo_srvs2__rosidl_typesupport_introspection_c.so
-- Up-to-date: /root/ros2_code/humble/simulations/install/neo_srvs2/lib/libneo_srvs2__rosidl_typesupport_c.so
-- Up-to-date: /root/ros2_code/humble/simulations/install/neo_srvs2/include/neo_srvs2/neo_srvs2
-- Up-to-date: /root/ros2_code/humble/simulations/install/neo_srvs2/include/neo_srvs2/neo_srvs2/srv
-- Up-to-date: /root/ros2_code/humble/simulations/install/neo_srvs2/include/neo_srvs2/neo_srvs2/srv/unlock_platform.hpp
-- Up-to-date: /root/ros2_code/humble/simulations/install/neo_srvs2/include/neo_srvs2/neo_srvs2/srv/set_safety_field.hpp
-- Up-to-date: /root/ros2_code/humble/simulations/install/neo_srvs2/include/neo_srvs2/neo_srvs2/srv/lock_platform.hpp
-- Up-to-date: /root/ros2_code/humble/simulations/install/neo_srvs2/include/neo_srvs2/neo_srvs2/srv/reset_omni_wheels.hpp
-- Up-to-date: /root/ros2_code/humble/simulations/install/neo_srvs2/include/neo_srvs2/neo_srvs2/srv/relay_board_set_lcd_msg.hpp
-- Up-to-date: /root/ros2_code/humble/simulations/install/neo_srvs2/include/neo_srvs2/neo_srvs2/srv/io_board_set_dig_out.hpp
-- Up-to-date: /root/ros2_code/humble/simulations/install/neo_srvs2/include/neo_srvs2/neo_srvs2/srv/relay_board_un_set_em_stop.hpp
-- Up-to-date: /root/ros2_code/humble/simulations/install/neo_srvs2/include/neo_srvs2/neo_srvs2/srv/detail
-- Up-to-date: /root/ros2_code/humble/simulations/install/neo_srvs2/include/neo_srvs2/neo_srvs2/srv/detail/unlock_platform__struct.hpp
-- Up-to-date: /root/ros2_code/humble/simulations/install/neo_srvs2/include/neo_srvs2/neo_srvs2/srv/detail/io_board_set_dig_out__struct.hpp
-- Up-to-date: /root/ros2_code/humble/simulations/install/neo_srvs2/include/neo_srvs2/neo_srvs2/srv/detail/lock_platform__traits.hpp
-- Up-to-date: /root/ros2_code/humble/simulations/install/neo_srvs2/include/neo_srvs2/neo_srvs2/srv/detail/reset_omni_wheels__struct.hpp
-- Up-to-date: /root/ros2_code/humble/simulations/install/neo_srvs2/include/neo_srvs2/neo_srvs2/srv/detail/lock_platform__struct.hpp
-- Up-to-date: /root/ros2_code/humble/simulations/install/neo_srvs2/include/neo_srvs2/neo_srvs2/srv/detail/set_safety_field__builder.hpp
-- Up-to-date: /root/ros2_code/humble/simulations/install/neo_srvs2/include/neo_srvs2/neo_srvs2/srv/detail/relay_board_un_set_em_stop__struct.hpp
-- Up-to-date: /root/ros2_code/humble/simulations/install/neo_srvs2/include/neo_srvs2/neo_srvs2/srv/detail/relay_board_set_em_stop__builder.hpp
-- Up-to-date: /root/ros2_code/humble/simulations/install/neo_srvs2/include/neo_srvs2/neo_srvs2/srv/detail/reset_omni_wheels__traits.hpp
-- Up-to-date: /root/ros2_code/humble/simulations/install/neo_srvs2/include/neo_srvs2/neo_srvs2/srv/detail/unlock_platform__builder.hpp
-- Up-to-date: /root/ros2_code/humble/simulations/install/neo_srvs2/include/neo_srvs2/neo_srvs2/srv/detail/optimizer__builder.hpp
-- Up-to-date: /root/ros2_code/humble/simulations/install/neo_srvs2/include/neo_srvs2/neo_srvs2/srv/detail/initialize_contour_matching__builder.hpp
-- Up-to-date: /root/ros2_code/humble/simulations/install/neo_srvs2/include/neo_srvs2/neo_srvs2/srv/detail/us_board_toggle_sensor__builder.hpp
-- Up-to-date: /root/ros2_code/humble/simulations/install/neo_srvs2/include/neo_srvs2/neo_srvs2/srv/detail/us_board_toggle_sensor__traits.hpp
-- Up-to-date: /root/ros2_code/humble/simulations/install/neo_srvs2/include/neo_srvs2/neo_srvs2/srv/detail/set_safety_field__struct.hpp
-- Up-to-date: /root/ros2_code/humble/simulations/install/neo_srvs2/include/neo_srvs2/neo_srvs2/srv/detail/us_board_toggle_sensor__struct.hpp
-- Up-to-date: /root/ros2_code/humble/simulations/install/neo_srvs2/include/neo_srvs2/neo_srvs2/srv/detail/relay_board_un_set_em_stop__builder.hpp
-- Up-to-date: /root/ros2_code/humble/simulations/install/neo_srvs2/include/neo_srvs2/neo_srvs2/srv/detail/initialize_contour_matching__struct.hpp
-- Up-to-date: /root/ros2_code/humble/simulations/install/neo_srvs2/include/neo_srvs2/neo_srvs2/srv/detail/relay_board_set_lcd_msg__struct.hpp
-- Up-to-date: /root/ros2_code/humble/simulations/install/neo_srvs2/include/neo_srvs2/neo_srvs2/srv/detail/reset_omni_wheels__builder.hpp
-- Up-to-date: /root/ros2_code/humble/simulations/install/neo_srvs2/include/neo_srvs2/neo_srvs2/srv/detail/relay_board_set_lcd_msg__traits.hpp
-- Up-to-date: /root/ros2_code/humble/simulations/install/neo_srvs2/include/neo_srvs2/neo_srvs2/srv/detail/lock_platform__builder.hpp
-- Up-to-date: /root/ros2_code/humble/simulations/install/neo_srvs2/include/neo_srvs2/neo_srvs2/srv/detail/initialize_contour_matching__traits.hpp
-- Up-to-date: /root/ros2_code/humble/simulations/install/neo_srvs2/include/neo_srvs2/neo_srvs2/srv/detail/relay_board_set_relay__traits.hpp
-- Up-to-date: /root/ros2_code/humble/simulations/install/neo_srvs2/include/neo_srvs2/neo_srvs2/srv/detail/relay_board_set_relay__struct.hpp
-- Up-to-date: /root/ros2_code/humble/simulations/install/neo_srvs2/include/neo_srvs2/neo_srvs2/srv/detail/relay_board_set_relay__builder.hpp
-- Up-to-date: /root/ros2_code/humble/simulations/install/neo_srvs2/include/neo_srvs2/neo_srvs2/srv/detail/optimizer__struct.hpp
-- Up-to-date: /root/ros2_code/humble/simulations/install/neo_srvs2/include/neo_srvs2/neo_srvs2/srv/detail/optimizer__traits.hpp
-- Up-to-date: /root/ros2_code/humble/simulations/install/neo_srvs2/include/neo_srvs2/neo_srvs2/srv/detail/io_board_set_dig_out__traits.hpp
-- Up-to-date: /root/ros2_code/humble/simulations/install/neo_srvs2/include/neo_srvs2/neo_srvs2/srv/detail/relay_board_un_set_em_stop__traits.hpp
-- Up-to-date: /root/ros2_code/humble/simulations/install/neo_srvs2/include/neo_srvs2/neo_srvs2/srv/detail/relay_board_set_em_stop__traits.hpp
-- Up-to-date: /root/ros2_code/humble/simulations/install/neo_srvs2/include/neo_srvs2/neo_srvs2/srv/detail/unlock_platform__traits.hpp
-- Up-to-date: /root/ros2_code/humble/simulations/install/neo_srvs2/include/neo_srvs2/neo_srvs2/srv/detail/relay_board_set_em_stop__struct.hpp
-- Up-to-date: /root/ros2_code/humble/simulations/install/neo_srvs2/include/neo_srvs2/neo_srvs2/srv/detail/set_safety_field__traits.hpp
-- Up-to-date: /root/ros2_code/humble/simulations/install/neo_srvs2/include/neo_srvs2/neo_srvs2/srv/detail/io_board_set_dig_out__builder.hpp
-- Up-to-date: /root/ros2_code/humble/simulations/install/neo_srvs2/include/neo_srvs2/neo_srvs2/srv/detail/relay_board_set_lcd_msg__builder.hpp
-- Up-to-date: /root/ros2_code/humble/simulations/install/neo_srvs2/include/neo_srvs2/neo_srvs2/srv/relay_board_set_em_stop.hpp
-- Up-to-date: /root/ros2_code/humble/simulations/install/neo_srvs2/include/neo_srvs2/neo_srvs2/srv/initialize_contour_matching.hpp
-- Up-to-date: /root/ros2_code/humble/simulations/install/neo_srvs2/include/neo_srvs2/neo_srvs2/srv/relay_board_set_relay.hpp
-- Up-to-date: /root/ros2_code/humble/simulations/install/neo_srvs2/include/neo_srvs2/neo_srvs2/srv/us_board_toggle_sensor.hpp
-- Up-to-date: /root/ros2_code/humble/simulations/install/neo_srvs2/include/neo_srvs2/neo_srvs2/srv/optimizer.hpp
-- Up-to-date: /root/ros2_code/humble/simulations/install/neo_srvs2/include/neo_srvs2/neo_srvs2
-- Up-to-date: /root/ros2_code/humble/simulations/install/neo_srvs2/include/neo_srvs2/neo_srvs2/msg
-- Up-to-date: /root/ros2_code/humble/simulations/install/neo_srvs2/include/neo_srvs2/neo_srvs2/msg/rosidl_typesupport_fastrtps_cpp__visibility_control.h
-- Up-to-date: /root/ros2_code/humble/simulations/install/neo_srvs2/include/neo_srvs2/neo_srvs2/srv
-- Up-to-date: /root/ros2_code/humble/simulations/install/neo_srvs2/include/neo_srvs2/neo_srvs2/srv/detail
-- Up-to-date: /root/ros2_code/humble/simulations/install/neo_srvs2/include/neo_srvs2/neo_srvs2/srv/detail/optimizer__rosidl_typesupport_fastrtps_cpp.hpp
-- Up-to-date: /root/ros2_code/humble/simulations/install/neo_srvs2/include/neo_srvs2/neo_srvs2/srv/detail/reset_omni_wheels__rosidl_typesupport_fastrtps_cpp.hpp
-- Up-to-date: /root/ros2_code/humble/simulations/install/neo_srvs2/include/neo_srvs2/neo_srvs2/srv/detail/us_board_toggle_sensor__rosidl_typesupport_fastrtps_cpp.hpp
-- Up-to-date: /root/ros2_code/humble/simulations/install/neo_srvs2/include/neo_srvs2/neo_srvs2/srv/detail/io_board_set_dig_out__rosidl_typesupport_fastrtps_cpp.hpp
-- Up-to-date: /root/ros2_code/humble/simulations/install/neo_srvs2/include/neo_srvs2/neo_srvs2/srv/detail/relay_board_set_lcd_msg__rosidl_typesupport_fastrtps_cpp.hpp
-- Up-to-date: /root/ros2_code/humble/simulations/install/neo_srvs2/include/neo_srvs2/neo_srvs2/srv/detail/relay_board_set_em_stop__rosidl_typesupport_fastrtps_cpp.hpp
-- Up-to-date: /root/ros2_code/humble/simulations/install/neo_srvs2/include/neo_srvs2/neo_srvs2/srv/detail/initialize_contour_matching__rosidl_typesupport_fastrtps_cpp.hpp
-- Up-to-date: /root/ros2_code/humble/simulations/install/neo_srvs2/include/neo_srvs2/neo_srvs2/srv/detail/set_safety_field__rosidl_typesupport_fastrtps_cpp.hpp
-- Up-to-date: /root/ros2_code/humble/simulations/install/neo_srvs2/include/neo_srvs2/neo_srvs2/srv/detail/unlock_platform__rosidl_typesupport_fastrtps_cpp.hpp
-- Up-to-date: /root/ros2_code/humble/simulations/install/neo_srvs2/include/neo_srvs2/neo_srvs2/srv/detail/dds_fastrtps
-- Up-to-date: /root/ros2_code/humble/simulations/install/neo_srvs2/include/neo_srvs2/neo_srvs2/srv/detail/lock_platform__rosidl_typesupport_fastrtps_cpp.hpp
-- Up-to-date: /root/ros2_code/humble/simulations/install/neo_srvs2/include/neo_srvs2/neo_srvs2/srv/detail/relay_board_set_relay__rosidl_typesupport_fastrtps_cpp.hpp
-- Up-to-date: /root/ros2_code/humble/simulations/install/neo_srvs2/include/neo_srvs2/neo_srvs2/srv/detail/relay_board_un_set_em_stop__rosidl_typesupport_fastrtps_cpp.hpp
-- Up-to-date: /root/ros2_code/humble/simulations/install/neo_srvs2/lib/libneo_srvs2__rosidl_typesupport_fastrtps_cpp.so
-- Up-to-date: /root/ros2_code/humble/simulations/install/neo_srvs2/include/neo_srvs2/neo_srvs2
-- Up-to-date: /root/ros2_code/humble/simulations/install/neo_srvs2/include/neo_srvs2/neo_srvs2/srv
-- Up-to-date: /root/ros2_code/humble/simulations/install/neo_srvs2/include/neo_srvs2/neo_srvs2/srv/detail
-- Up-to-date: /root/ros2_code/humble/simulations/install/neo_srvs2/include/neo_srvs2/neo_srvs2/srv/detail/lock_platform__type_support.cpp
-- Up-to-date: /root/ros2_code/humble/simulations/install/neo_srvs2/include/neo_srvs2/neo_srvs2/srv/detail/set_safety_field__type_support.cpp
-- Up-to-date: /root/ros2_code/humble/simulations/install/neo_srvs2/include/neo_srvs2/neo_srvs2/srv/detail/optimizer__rosidl_typesupport_introspection_cpp.hpp
-- Up-to-date: /root/ros2_code/humble/simulations/install/neo_srvs2/include/neo_srvs2/neo_srvs2/srv/detail/us_board_toggle_sensor__rosidl_typesupport_introspection_cpp.hpp
-- Up-to-date: /root/ros2_code/humble/simulations/install/neo_srvs2/include/neo_srvs2/neo_srvs2/srv/detail/us_board_toggle_sensor__type_support.cpp
-- Up-to-date: /root/ros2_code/humble/simulations/install/neo_srvs2/include/neo_srvs2/neo_srvs2/srv/detail/relay_board_un_set_em_stop__type_support.cpp
-- Up-to-date: /root/ros2_code/humble/simulations/install/neo_srvs2/include/neo_srvs2/neo_srvs2/srv/detail/optimizer__type_support.cpp
-- Up-to-date: /root/ros2_code/humble/simulations/install/neo_srvs2/include/neo_srvs2/neo_srvs2/srv/detail/io_board_set_dig_out__rosidl_typesupport_introspection_cpp.hpp
-- Up-to-date: /root/ros2_code/humble/simulations/install/neo_srvs2/include/neo_srvs2/neo_srvs2/srv/detail/initialize_contour_matching__type_support.cpp
-- Up-to-date: /root/ros2_code/humble/simulations/install/neo_srvs2/include/neo_srvs2/neo_srvs2/srv/detail/relay_board_set_lcd_msg__rosidl_typesupport_introspection_cpp.hpp
-- Up-to-date: /root/ros2_code/humble/simulations/install/neo_srvs2/include/neo_srvs2/neo_srvs2/srv/detail/unlock_platform__type_support.cpp
-- Up-to-date: /root/ros2_code/humble/simulations/install/neo_srvs2/include/neo_srvs2/neo_srvs2/srv/detail/relay_board_set_relay__type_support.cpp
-- Up-to-date: /root/ros2_code/humble/simulations/install/neo_srvs2/include/neo_srvs2/neo_srvs2/srv/detail/relay_board_un_set_em_stop__rosidl_typesupport_introspection_cpp.hpp
-- Up-to-date: /root/ros2_code/humble/simulations/install/neo_srvs2/include/neo_srvs2/neo_srvs2/srv/detail/relay_board_set_lcd_msg__type_support.cpp
-- Up-to-date: /root/ros2_code/humble/simulations/install/neo_srvs2/include/neo_srvs2/neo_srvs2/srv/detail/reset_omni_wheels__rosidl_typesupport_introspection_cpp.hpp
-- Up-to-date: /root/ros2_code/humble/simulations/install/neo_srvs2/include/neo_srvs2/neo_srvs2/srv/detail/lock_platform__rosidl_typesupport_introspection_cpp.hpp
-- Up-to-date: /root/ros2_code/humble/simulations/install/neo_srvs2/include/neo_srvs2/neo_srvs2/srv/detail/relay_board_set_relay__rosidl_typesupport_introspection_cpp.hpp
-- Up-to-date: /root/ros2_code/humble/simulations/install/neo_srvs2/include/neo_srvs2/neo_srvs2/srv/detail/set_safety_field__rosidl_typesupport_introspection_cpp.hpp
-- Up-to-date: /root/ros2_code/humble/simulations/install/neo_srvs2/include/neo_srvs2/neo_srvs2/srv/detail/initialize_contour_matching__rosidl_typesupport_introspection_cpp.hpp
-- Up-to-date: /root/ros2_code/humble/simulations/install/neo_srvs2/include/neo_srvs2/neo_srvs2/srv/detail/reset_omni_wheels__type_support.cpp
-- Up-to-date: /root/ros2_code/humble/simulations/install/neo_srvs2/include/neo_srvs2/neo_srvs2/srv/detail/relay_board_set_em_stop__rosidl_typesupport_introspection_cpp.hpp
-- Up-to-date: /root/ros2_code/humble/simulations/install/neo_srvs2/include/neo_srvs2/neo_srvs2/srv/detail/relay_board_set_em_stop__type_support.cpp
-- Up-to-date: /root/ros2_code/humble/simulations/install/neo_srvs2/include/neo_srvs2/neo_srvs2/srv/detail/unlock_platform__rosidl_typesupport_introspection_cpp.hpp
-- Up-to-date: /root/ros2_code/humble/simulations/install/neo_srvs2/include/neo_srvs2/neo_srvs2/srv/detail/io_board_set_dig_out__type_support.cpp
-- Up-to-date: /root/ros2_code/humble/simulations/install/neo_srvs2/lib/libneo_srvs2__rosidl_typesupport_introspection_cpp.so
-- Up-to-date: /root/ros2_code/humble/simulations/install/neo_srvs2/lib/libneo_srvs2__rosidl_typesupport_cpp.so
-- Up-to-date: /root/ros2_code/humble/simulations/install/neo_srvs2/share/neo_srvs2/environment/pythonpath.sh
-- Up-to-date: /root/ros2_code/humble/simulations/install/neo_srvs2/share/neo_srvs2/environment/pythonpath.dsv
-- Up-to-date: /root/ros2_code/humble/simulations/install/neo_srvs2/local/lib/python3.10/dist-packages/neo_srvs2-0.1.0-py3.10.egg-info
-- Installing: /root/ros2_code/humble/simulations/install/neo_srvs2/local/lib/python3.10/dist-packages/neo_srvs2-0.1.0-py3.10.egg-info/top_level.txt
-- Installing: /root/ros2_code/humble/simulations/install/neo_srvs2/local/lib/python3.10/dist-packages/neo_srvs2-0.1.0-py3.10.egg-info/PKG-INFO
-- Installing: /root/ros2_code/humble/simulations/install/neo_srvs2/local/lib/python3.10/dist-packages/neo_srvs2-0.1.0-py3.10.egg-info/dependency_links.txt
-- Installing: /root/ros2_code/humble/simulations/install/neo_srvs2/local/lib/python3.10/dist-packages/neo_srvs2-0.1.0-py3.10.egg-info/SOURCES.txt
-- Up-to-date: /root/ros2_code/humble/simulations/install/neo_srvs2/local/lib/python3.10/dist-packages/neo_srvs2
-- Up-to-date: /root/ros2_code/humble/simulations/install/neo_srvs2/local/lib/python3.10/dist-packages/neo_srvs2/neo_srvs2_s__rosidl_typesupport_c.cpython-310-x86_64-linux-gnu.so
-- Up-to-date: /root/ros2_code/humble/simulations/install/neo_srvs2/local/lib/python3.10/dist-packages/neo_srvs2/_neo_srvs2_s.ep.rosidl_typesupport_fastrtps_c.c
-- Up-to-date: /root/ros2_code/humble/simulations/install/neo_srvs2/local/lib/python3.10/dist-packages/neo_srvs2/neo_srvs2_s__rosidl_typesupport_introspection_c.cpython-310-x86_64-linux-gnu.so
-- Up-to-date: /root/ros2_code/humble/simulations/install/neo_srvs2/local/lib/python3.10/dist-packages/neo_srvs2/libneo_srvs2__rosidl_generator_py.so
-- Up-to-date: /root/ros2_code/humble/simulations/install/neo_srvs2/local/lib/python3.10/dist-packages/neo_srvs2/_neo_srvs2_s.ep.rosidl_typesupport_c.c
-- Up-to-date: /root/ros2_code/humble/simulations/install/neo_srvs2/local/lib/python3.10/dist-packages/neo_srvs2/neo_srvs2_s__rosidl_typesupport_fastrtps_c.cpython-310-x86_64-linux-gnu.so
-- Up-to-date: /root/ros2_code/humble/simulations/install/neo_srvs2/local/lib/python3.10/dist-packages/neo_srvs2/_neo_srvs2_s.ep.rosidl_typesupport_introspection_c.c
-- Up-to-date: /root/ros2_code/humble/simulations/install/neo_srvs2/local/lib/python3.10/dist-packages/neo_srvs2/__init__.py
-- Up-to-date: /root/ros2_code/humble/simulations/install/neo_srvs2/local/lib/python3.10/dist-packages/neo_srvs2/srv
-- Up-to-date: /root/ros2_code/humble/simulations/install/neo_srvs2/local/lib/python3.10/dist-packages/neo_srvs2/srv/_relay_board_set_em_stop_s.c
-- Up-to-date: /root/ros2_code/humble/simulations/install/neo_srvs2/local/lib/python3.10/dist-packages/neo_srvs2/srv/_initialize_contour_matching_s.c
-- Up-to-date: /root/ros2_code/humble/simulations/install/neo_srvs2/local/lib/python3.10/dist-packages/neo_srvs2/srv/_relay_board_set_relay.py
-- Up-to-date: /root/ros2_code/humble/simulations/install/neo_srvs2/local/lib/python3.10/dist-packages/neo_srvs2/srv/_lock_platform_s.c
-- Up-to-date: /root/ros2_code/humble/simulations/install/neo_srvs2/local/lib/python3.10/dist-packages/neo_srvs2/srv/_unlock_platform_s.c
-- Up-to-date: /root/ros2_code/humble/simulations/install/neo_srvs2/local/lib/python3.10/dist-packages/neo_srvs2/srv/_optimizer.py
-- Up-to-date: /root/ros2_code/humble/simulations/install/neo_srvs2/local/lib/python3.10/dist-packages/neo_srvs2/srv/_set_safety_field_s.c
-- Up-to-date: /root/ros2_code/humble/simulations/install/neo_srvs2/local/lib/python3.10/dist-packages/neo_srvs2/srv/_reset_omni_wheels.py
-- Up-to-date: /root/ros2_code/humble/simulations/install/neo_srvs2/local/lib/python3.10/dist-packages/neo_srvs2/srv/_io_board_set_dig_out_s.c
-- Up-to-date: /root/ros2_code/humble/simulations/install/neo_srvs2/local/lib/python3.10/dist-packages/neo_srvs2/srv/_set_safety_field.py
-- Up-to-date: /root/ros2_code/humble/simulations/install/neo_srvs2/local/lib/python3.10/dist-packages/neo_srvs2/srv/_unlock_platform.py
-- Up-to-date: /root/ros2_code/humble/simulations/install/neo_srvs2/local/lib/python3.10/dist-packages/neo_srvs2/srv/_relay_board_set_em_stop.py
-- Up-to-date: /root/ros2_code/humble/simulations/install/neo_srvs2/local/lib/python3.10/dist-packages/neo_srvs2/srv/_io_board_set_dig_out.py
-- Up-to-date: /root/ros2_code/humble/simulations/install/neo_srvs2/local/lib/python3.10/dist-packages/neo_srvs2/srv/_relay_board_set_lcd_msg_s.c
-- Up-to-date: /root/ros2_code/humble/simulations/install/neo_srvs2/local/lib/python3.10/dist-packages/neo_srvs2/srv/_reset_omni_wheels_s.c
-- Up-to-date: /root/ros2_code/humble/simulations/install/neo_srvs2/local/lib/python3.10/dist-packages/neo_srvs2/srv/_relay_board_set_lcd_msg.py
-- Up-to-date: /root/ros2_code/humble/simulations/install/neo_srvs2/local/lib/python3.10/dist-packages/neo_srvs2/srv/_relay_board_set_relay_s.c
-- Up-to-date: /root/ros2_code/humble/simulations/install/neo_srvs2/local/lib/python3.10/dist-packages/neo_srvs2/srv/_initialize_contour_matching.py
-- Up-to-date: /root/ros2_code/humble/simulations/install/neo_srvs2/local/lib/python3.10/dist-packages/neo_srvs2/srv/_us_board_toggle_sensor_s.c
-- Up-to-date: /root/ros2_code/humble/simulations/install/neo_srvs2/local/lib/python3.10/dist-packages/neo_srvs2/srv/_lock_platform.py
-- Up-to-date: /root/ros2_code/humble/simulations/install/neo_srvs2/local/lib/python3.10/dist-packages/neo_srvs2/srv/_optimizer_s.c
-- Up-to-date: /root/ros2_code/humble/simulations/install/neo_srvs2/local/lib/python3.10/dist-packages/neo_srvs2/srv/_relay_board_un_set_em_stop.py
-- Up-to-date: /root/ros2_code/humble/simulations/install/neo_srvs2/local/lib/python3.10/dist-packages/neo_srvs2/srv/__init__.py
-- Up-to-date: /root/ros2_code/humble/simulations/install/neo_srvs2/local/lib/python3.10/dist-packages/neo_srvs2/srv/_us_board_toggle_sensor.py
-- Up-to-date: /root/ros2_code/humble/simulations/install/neo_srvs2/local/lib/python3.10/dist-packages/neo_srvs2/srv/_relay_board_un_set_em_stop_s.c
Listing '/root/ros2_code/humble/simulations/install/neo_srvs2/local/lib/python3.10/dist-packages/neo_srvs2'...
Listing '/root/ros2_code/humble/simulations/install/neo_srvs2/local/lib/python3.10/dist-packages/neo_srvs2/srv'...
-- Up-to-date: /root/ros2_code/humble/simulations/install/neo_srvs2/local/lib/python3.10/dist-packages/neo_srvs2/neo_srvs2_s__rosidl_typesupport_fastrtps_c.cpython-310-x86_64-linux-gnu.so
-- Up-to-date: /root/ros2_code/humble/simulations/install/neo_srvs2/local/lib/python3.10/dist-packages/neo_srvs2/neo_srvs2_s__rosidl_typesupport_introspection_c.cpython-310-x86_64-linux-gnu.so
-- Up-to-date: /root/ros2_code/humble/simulations/install/neo_srvs2/local/lib/python3.10/dist-packages/neo_srvs2/neo_srvs2_s__rosidl_typesupport_c.cpython-310-x86_64-linux-gnu.so
-- Up-to-date: /root/ros2_code/humble/simulations/install/neo_srvs2/lib/libneo_srvs2__rosidl_generator_py.so
-- Up-to-date: /root/ros2_code/humble/simulations/install/neo_srvs2/share/neo_srvs2/srv/RelayBoardSetRelay.idl
-- Up-to-date: /root/ros2_code/humble/simulations/install/neo_srvs2/share/neo_srvs2/srv/IOBoardSetDigOut.idl
-- Up-to-date: /root/ros2_code/humble/simulations/install/neo_srvs2/share/neo_srvs2/srv/RelayBoardSetLCDMsg.idl
-- Up-to-date: /root/ros2_code/humble/simulations/install/neo_srvs2/share/neo_srvs2/srv/LockPlatform.idl
-- Up-to-date: /root/ros2_code/humble/simulations/install/neo_srvs2/share/neo_srvs2/srv/UnlockPlatform.idl
-- Up-to-date: /root/ros2_code/humble/simulations/install/neo_srvs2/share/neo_srvs2/srv/ResetOmniWheels.idl
-- Up-to-date: /root/ros2_code/humble/simulations/install/neo_srvs2/share/neo_srvs2/srv/RelayBoardSetEMStop.idl
-- Up-to-date: /root/ros2_code/humble/simulations/install/neo_srvs2/share/neo_srvs2/srv/RelayBoardUnSetEMStop.idl
-- Up-to-date: /root/ros2_code/humble/simulations/install/neo_srvs2/share/neo_srvs2/srv/USBoardToggleSensor.idl
-- Up-to-date: /root/ros2_code/humble/simulations/install/neo_srvs2/share/neo_srvs2/srv/Optimizer.idl
-- Up-to-date: /root/ros2_code/humble/simulations/install/neo_srvs2/share/neo_srvs2/srv/InitializeContourMatching.idl
-- Up-to-date: /root/ros2_code/humble/simulations/install/neo_srvs2/share/neo_srvs2/srv/SetSafetyField.idl
-- Up-to-date: /root/ros2_code/humble/simulations/install/neo_srvs2/share/neo_srvs2/srv/RelayBoardSetRelay.srv
-- Up-to-date: /root/ros2_code/humble/simulations/install/neo_srvs2/share/neo_srvs2/srv/RelayBoardSetRelay_Request.msg
-- Up-to-date: /root/ros2_code/humble/simulations/install/neo_srvs2/share/neo_srvs2/srv/RelayBoardSetRelay_Response.msg
-- Up-to-date: /root/ros2_code/humble/simulations/install/neo_srvs2/share/neo_srvs2/srv/IOBoardSetDigOut.srv
-- Up-to-date: /root/ros2_code/humble/simulations/install/neo_srvs2/share/neo_srvs2/srv/IOBoardSetDigOut_Request.msg
-- Up-to-date: /root/ros2_code/humble/simulations/install/neo_srvs2/share/neo_srvs2/srv/IOBoardSetDigOut_Response.msg
-- Up-to-date: /root/ros2_code/humble/simulations/install/neo_srvs2/share/neo_srvs2/srv/RelayBoardSetLCDMsg.srv
-- Up-to-date: /root/ros2_code/humble/simulations/install/neo_srvs2/share/neo_srvs2/srv/RelayBoardSetLCDMsg_Request.msg
-- Up-to-date: /root/ros2_code/humble/simulations/install/neo_srvs2/share/neo_srvs2/srv/RelayBoardSetLCDMsg_Response.msg
-- Up-to-date: /root/ros2_code/humble/simulations/install/neo_srvs2/share/neo_srvs2/srv/LockPlatform.srv
-- Up-to-date: /root/ros2_code/humble/simulations/install/neo_srvs2/share/neo_srvs2/srv/LockPlatform_Request.msg
-- Up-to-date: /root/ros2_code/humble/simulations/install/neo_srvs2/share/neo_srvs2/srv/LockPlatform_Response.msg
-- Up-to-date: /root/ros2_code/humble/simulations/install/neo_srvs2/share/neo_srvs2/srv/UnlockPlatform.srv
-- Up-to-date: /root/ros2_code/humble/simulations/install/neo_srvs2/share/neo_srvs2/srv/UnlockPlatform_Request.msg
-- Up-to-date: /root/ros2_code/humble/simulations/install/neo_srvs2/share/neo_srvs2/srv/UnlockPlatform_Response.msg
-- Up-to-date: /root/ros2_code/humble/simulations/install/neo_srvs2/share/neo_srvs2/srv/ResetOmniWheels.srv
-- Up-to-date: /root/ros2_code/humble/simulations/install/neo_srvs2/share/neo_srvs2/srv/ResetOmniWheels_Request.msg
-- Up-to-date: /root/ros2_code/humble/simulations/install/neo_srvs2/share/neo_srvs2/srv/ResetOmniWheels_Response.msg
-- Up-to-date: /root/ros2_code/humble/simulations/install/neo_srvs2/share/neo_srvs2/srv/RelayBoardSetEMStop.srv
-- Up-to-date: /root/ros2_code/humble/simulations/install/neo_srvs2/share/neo_srvs2/srv/RelayBoardSetEMStop_Request.msg
-- Up-to-date: /root/ros2_code/humble/simulations/install/neo_srvs2/share/neo_srvs2/srv/RelayBoardSetEMStop_Response.msg
-- Up-to-date: /root/ros2_code/humble/simulations/install/neo_srvs2/share/neo_srvs2/srv/RelayBoardUnSetEMStop.srv
-- Up-to-date: /root/ros2_code/humble/simulations/install/neo_srvs2/share/neo_srvs2/srv/RelayBoardUnSetEMStop_Request.msg
-- Up-to-date: /root/ros2_code/humble/simulations/install/neo_srvs2/share/neo_srvs2/srv/RelayBoardUnSetEMStop_Response.msg
-- Up-to-date: /root/ros2_code/humble/simulations/install/neo_srvs2/share/neo_srvs2/srv/USBoardToggleSensor.srv
-- Up-to-date: /root/ros2_code/humble/simulations/install/neo_srvs2/share/neo_srvs2/srv/USBoardToggleSensor_Request.msg
-- Up-to-date: /root/ros2_code/humble/simulations/install/neo_srvs2/share/neo_srvs2/srv/USBoardToggleSensor_Response.msg
-- Up-to-date: /root/ros2_code/humble/simulations/install/neo_srvs2/share/neo_srvs2/srv/Optimizer.srv
-- Up-to-date: /root/ros2_code/humble/simulations/install/neo_srvs2/share/neo_srvs2/srv/Optimizer_Request.msg
-- Up-to-date: /root/ros2_code/humble/simulations/install/neo_srvs2/share/neo_srvs2/srv/Optimizer_Response.msg
-- Up-to-date: /root/ros2_code/humble/simulations/install/neo_srvs2/share/neo_srvs2/srv/InitializeContourMatching.srv
-- Up-to-date: /root/ros2_code/humble/simulations/install/neo_srvs2/share/neo_srvs2/srv/InitializeContourMatching_Request.msg
-- Up-to-date: /root/ros2_code/humble/simulations/install/neo_srvs2/share/neo_srvs2/srv/InitializeContourMatching_Response.msg
-- Up-to-date: /root/ros2_code/humble/simulations/install/neo_srvs2/share/neo_srvs2/srv/SetSafetyField.srv
-- Up-to-date: /root/ros2_code/humble/simulations/install/neo_srvs2/share/neo_srvs2/srv/SetSafetyField_Request.msg
-- Up-to-date: /root/ros2_code/humble/simulations/install/neo_srvs2/share/neo_srvs2/srv/SetSafetyField_Response.msg
-- Up-to-date: /root/ros2_code/humble/simulations/install/neo_srvs2/share/ament_index/resource_index/package_run_dependencies/neo_srvs2
-- Up-to-date: /root/ros2_code/humble/simulations/install/neo_srvs2/share/ament_index/resource_index/parent_prefix_path/neo_srvs2
-- Up-to-date: /root/ros2_code/humble/simulations/install/neo_srvs2/share/neo_srvs2/environment/ament_prefix_path.sh
-- Up-to-date: /root/ros2_code/humble/simulations/install/neo_srvs2/share/neo_srvs2/environment/ament_prefix_path.dsv
-- Up-to-date: /root/ros2_code/humble/simulations/install/neo_srvs2/share/neo_srvs2/environment/path.sh
-- Up-to-date: /root/ros2_code/humble/simulations/install/neo_srvs2/share/neo_srvs2/environment/path.dsv
-- Up-to-date: /root/ros2_code/humble/simulations/install/neo_srvs2/share/neo_srvs2/local_setup.bash
-- Up-to-date: /root/ros2_code/humble/simulations/install/neo_srvs2/share/neo_srvs2/local_setup.sh
-- Up-to-date: /root/ros2_code/humble/simulations/install/neo_srvs2/share/neo_srvs2/local_setup.zsh
-- Up-to-date: /root/ros2_code/humble/simulations/install/neo_srvs2/share/neo_srvs2/local_setup.dsv
-- Installing: /root/ros2_code/humble/simulations/install/neo_srvs2/share/neo_srvs2/package.dsv
-- Up-to-date: /root/ros2_code/humble/simulations/install/neo_srvs2/share/ament_index/resource_index/packages/neo_srvs2
-- Up-to-date: /root/ros2_code/humble/simulations/install/neo_srvs2/share/neo_srvs2/cmake/export_neo_srvs2__rosidl_generator_cExport.cmake
-- Up-to-date: /root/ros2_code/humble/simulations/install/neo_srvs2/share/neo_srvs2/cmake/export_neo_srvs2__rosidl_generator_cExport-noconfig.cmake
-- Up-to-date: /root/ros2_code/humble/simulations/install/neo_srvs2/share/neo_srvs2/cmake/export_neo_srvs2__rosidl_typesupport_fastrtps_cExport.cmake
-- Up-to-date: /root/ros2_code/humble/simulations/install/neo_srvs2/share/neo_srvs2/cmake/export_neo_srvs2__rosidl_typesupport_fastrtps_cExport-noconfig.cmake
-- Up-to-date: /root/ros2_code/humble/simulations/install/neo_srvs2/share/neo_srvs2/cmake/neo_srvs2__rosidl_typesupport_introspection_cExport.cmake
-- Up-to-date: /root/ros2_code/humble/simulations/install/neo_srvs2/share/neo_srvs2/cmake/neo_srvs2__rosidl_typesupport_introspection_cExport-noconfig.cmake
-- Up-to-date: /root/ros2_code/humble/simulations/install/neo_srvs2/share/neo_srvs2/cmake/neo_srvs2__rosidl_typesupport_cExport.cmake
-- Up-to-date: /root/ros2_code/humble/simulations/install/neo_srvs2/share/neo_srvs2/cmake/neo_srvs2__rosidl_typesupport_cExport-noconfig.cmake
-- Up-to-date: /root/ros2_code/humble/simulations/install/neo_srvs2/share/neo_srvs2/cmake/export_neo_srvs2__rosidl_generator_cppExport.cmake
-- Up-to-date: /root/ros2_code/humble/simulations/install/neo_srvs2/share/neo_srvs2/cmake/export_neo_srvs2__rosidl_typesupport_fastrtps_cppExport.cmake
-- Up-to-date: /root/ros2_code/humble/simulations/install/neo_srvs2/share/neo_srvs2/cmake/export_neo_srvs2__rosidl_typesupport_fastrtps_cppExport-noconfig.cmake
-- Up-to-date: /root/ros2_code/humble/simulations/install/neo_srvs2/share/neo_srvs2/cmake/neo_srvs2__rosidl_typesupport_introspection_cppExport.cmake
-- Up-to-date: /root/ros2_code/humble/simulations/install/neo_srvs2/share/neo_srvs2/cmake/neo_srvs2__rosidl_typesupport_introspection_cppExport-noconfig.cmake
-- Up-to-date: /root/ros2_code/humble/simulations/install/neo_srvs2/share/neo_srvs2/cmake/neo_srvs2__rosidl_typesupport_cppExport.cmake
-- Up-to-date: /root/ros2_code/humble/simulations/install/neo_srvs2/share/neo_srvs2/cmake/neo_srvs2__rosidl_typesupport_cppExport-noconfig.cmake
-- Up-to-date: /root/ros2_code/humble/simulations/install/neo_srvs2/share/neo_srvs2/cmake/export_neo_srvs2__rosidl_generator_pyExport.cmake
-- Up-to-date: /root/ros2_code/humble/simulations/install/neo_srvs2/share/neo_srvs2/cmake/export_neo_srvs2__rosidl_generator_pyExport-noconfig.cmake
-- Up-to-date: /root/ros2_code/humble/simulations/install/neo_srvs2/share/neo_srvs2/cmake/rosidl_cmake-extras.cmake
-- Up-to-date: /root/ros2_code/humble/simulations/install/neo_srvs2/share/neo_srvs2/cmake/ament_cmake_export_dependencies-extras.cmake
-- Up-to-date: /root/ros2_code/humble/simulations/install/neo_srvs2/share/neo_srvs2/cmake/ament_cmake_export_include_directories-extras.cmake
-- Up-to-date: /root/ros2_code/humble/simulations/install/neo_srvs2/share/neo_srvs2/cmake/ament_cmake_export_libraries-extras.cmake
-- Up-to-date: /root/ros2_code/humble/simulations/install/neo_srvs2/share/neo_srvs2/cmake/ament_cmake_export_targets-extras.cmake
-- Up-to-date: /root/ros2_code/humble/simulations/install/neo_srvs2/share/neo_srvs2/cmake/rosidl_cmake_export_typesupport_targets-extras.cmake
-- Up-to-date: /root/ros2_code/humble/simulations/install/neo_srvs2/share/neo_srvs2/cmake/rosidl_cmake_export_typesupport_libraries-extras.cmake
-- Up-to-date: /root/ros2_code/humble/simulations/install/neo_srvs2/share/neo_srvs2/cmake/neo_srvs2Config.cmake
-- Up-to-date: /root/ros2_code/humble/simulations/install/neo_srvs2/share/neo_srvs2/cmake/neo_srvs2Config-version.cmake
-- Up-to-date: /root/ros2_code/humble/simulations/install/neo_srvs2/share/neo_srvs2/package.xml
