[2.589s] Invoking command in '/root/ros2_code/humble/tc_ros2_nav/src/path_planner_server': PYTHONPATH=/root/ros2_code/humble/tc_ros2_nav/build/path_planner_server/prefix_override:/root/ros2_code/humble/tc_ros2_nav/install/path_planner_server/lib/python3.10/site-packages:${PYTHONPATH} /usr/bin/python3 setup.py egg_info --egg-base ../../build/path_planner_server build --build-base /root/ros2_code/humble/tc_ros2_nav/build/path_planner_server/build install --record /root/ros2_code/humble/tc_ros2_nav/build/path_planner_server/install.log --single-version-externally-managed
[2.855s] running egg_info
[2.856s] writing ../../build/path_planner_server/path_planner_server.egg-info/PKG-INFO
[2.856s] writing dependency_links to ../../build/path_planner_server/path_planner_server.egg-info/dependency_links.txt
[2.856s] writing entry points to ../../build/path_planner_server/path_planner_server.egg-info/entry_points.txt
[2.856s] writing requirements to ../../build/path_planner_server/path_planner_server.egg-info/requires.txt
[2.856s] writing top-level names to ../../build/path_planner_server/path_planner_server.egg-info/top_level.txt
[2.858s] reading manifest file '../../build/path_planner_server/path_planner_server.egg-info/SOURCES.txt'
[2.859s] writing manifest file '../../build/path_planner_server/path_planner_server.egg-info/SOURCES.txt'
[2.859s] running build
[2.860s] running build_py
[2.860s] running install
[2.860s] running install_lib
[2.861s] running install_data
[2.862s] copying launch/pathplanner.launch.py -> /root/ros2_code/humble/tc_ros2_nav/install/path_planner_server/share/path_planner_server/launch
[2.862s] copying config/bt_navigator.yaml -> /root/ros2_code/humble/tc_ros2_nav/install/path_planner_server/share/path_planner_server/config
[2.862s] running install_egg_info
[2.864s] removing '/root/ros2_code/humble/tc_ros2_nav/install/path_planner_server/lib/python3.10/site-packages/path_planner_server-0.0.0-py3.10.egg-info' (and everything under it)
[2.864s] Copying ../../build/path_planner_server/path_planner_server.egg-info to /root/ros2_code/humble/tc_ros2_nav/install/path_planner_server/lib/python3.10/site-packages/path_planner_server-0.0.0-py3.10.egg-info
[2.866s] running install_scripts
[2.889s] writing list of installed files to '/root/ros2_code/humble/tc_ros2_nav/build/path_planner_server/install.log'
[2.967s] Invoked command in '/root/ros2_code/humble/tc_ros2_nav/src/path_planner_server' returned '0': PYTHONPATH=/root/ros2_code/humble/tc_ros2_nav/build/path_planner_server/prefix_override:/root/ros2_code/humble/tc_ros2_nav/install/path_planner_server/lib/python3.10/site-packages:${PYTHONPATH} /usr/bin/python3 setup.py egg_info --egg-base ../../build/path_planner_server build --build-base /root/ros2_code/humble/tc_ros2_nav/build/path_planner_server/build install --record /root/ros2_code/humble/tc_ros2_nav/build/path_planner_server/install.log --single-version-externally-managed
