[2.333s] Invoking command in '/root/ros2_code/humble/tc_ros2_nav/src/path_planner_server': PYTHONPATH=/root/ros2_code/humble/tc_ros2_nav/build/path_planner_server/prefix_override:/root/ros2_code/humble/tc_ros2_nav/install/path_planner_server/lib/python3.10/site-packages:${PYTHONPATH} /usr/bin/python3 setup.py egg_info --egg-base ../../build/path_planner_server build --build-base /root/ros2_code/humble/tc_ros2_nav/build/path_planner_server/build install --record /root/ros2_code/humble/tc_ros2_nav/build/path_planner_server/install.log --single-version-externally-managed
[2.665s] running egg_info
[2.666s] writing ../../build/path_planner_server/path_planner_server.egg-info/PKG-INFO
[2.666s] writing dependency_links to ../../build/path_planner_server/path_planner_server.egg-info/dependency_links.txt
[2.666s] writing entry points to ../../build/path_planner_server/path_planner_server.egg-info/entry_points.txt
[2.666s] writing requirements to ../../build/path_planner_server/path_planner_server.egg-info/requires.txt
[2.666s] writing top-level names to ../../build/path_planner_server/path_planner_server.egg-info/top_level.txt
[2.667s] reading manifest file '../../build/path_planner_server/path_planner_server.egg-info/SOURCES.txt'
[2.668s] writing manifest file '../../build/path_planner_server/path_planner_server.egg-info/SOURCES.txt'
[2.668s] running build
[2.668s] running build_py
[2.668s] running install
[2.669s] running install_lib
[2.670s] running install_data
[2.671s] copying config/planner_server.yaml -> /root/ros2_code/humble/tc_ros2_nav/install/path_planner_server/share/path_planner_server/config
[2.671s] running install_egg_info
[2.672s] removing '/root/ros2_code/humble/tc_ros2_nav/install/path_planner_server/lib/python3.10/site-packages/path_planner_server-0.0.0-py3.10.egg-info' (and everything under it)
[2.673s] Copying ../../build/path_planner_server/path_planner_server.egg-info to /root/ros2_code/humble/tc_ros2_nav/install/path_planner_server/lib/python3.10/site-packages/path_planner_server-0.0.0-py3.10.egg-info
[2.673s] running install_scripts
[2.689s] writing list of installed files to '/root/ros2_code/humble/tc_ros2_nav/build/path_planner_server/install.log'
[2.790s] Invoked command in '/root/ros2_code/humble/tc_ros2_nav/src/path_planner_server' returned '0': PYTHONPATH=/root/ros2_code/humble/tc_ros2_nav/build/path_planner_server/prefix_override:/root/ros2_code/humble/tc_ros2_nav/install/path_planner_server/lib/python3.10/site-packages:${PYTHONPATH} /usr/bin/python3 setup.py egg_info --egg-base ../../build/path_planner_server build --build-base /root/ros2_code/humble/tc_ros2_nav/build/path_planner_server/build install --record /root/ros2_code/humble/tc_ros2_nav/build/path_planner_server/install.log --single-version-externally-managed
