[0.745s] Invoking command in '/root/ros2_code/humble/frc9202/build/gazebo_setup_pkg': CMAKE_PREFIX_PATH=${CMAKE_PREFIX_PATH}:/opt/ros/humble /usr/bin/cmake /root/ros2_code/humble/frc9202/src/gazebo_setup_pkg -DCMAKE_INSTALL_PREFIX=/root/ros2_code/humble/frc9202/install/gazebo_setup_pkg
[1.024s] -- The C compiler identification is GNU 11.4.0
[1.307s] -- The CXX compiler identification is GNU 11.4.0
[1.337s] -- Detecting C compiler ABI info
[1.779s] -- Detecting C compiler ABI info - done
[1.793s] -- Check for working C compiler: /usr/bin/cc - skipped
[1.793s] -- Detecting C compile features
[1.794s] -- Detecting C compile features - done
[1.801s] -- Detecting CXX compiler ABI info
[2.222s] -- Detecting CXX compiler ABI info - done
[2.236s] -- Check for working CXX compiler: /usr/bin/c++ - skipped
[2.238s] -- Detecting CXX compile features
[2.239s] -- Detecting CXX compile features - done
[2.246s] -- Found ament_cmake: 1.3.6 (/opt/ros/humble/share/ament_cmake/cmake)
[2.831s] -- Found Python3: /usr/bin/python3.10 (found version "3.10.12") found components: Interpreter 
[3.190s] -- Found rclpy: 3.3.11 (/opt/ros/humble/share/rclpy/cmake)
[3.198s] -- Found ament_lint_auto: 0.12.9 (/opt/ros/humble/share/ament_lint_auto/cmake)
[3.541s] -- Added test 'copyright' to check source files copyright and LICENSE
[3.549s] -- Added test 'flake8' to check Python code syntax and style conventions
[3.551s] -- Added test 'lint_cmake' to check CMake code style
[3.552s] -- Added test 'pep257' to check Python code against some of the docstring style conventions in PEP 257
[3.558s] -- Added test 'xmllint' to check XML markup files
[3.564s] -- Configuring done
[3.586s] -- Generating done
[3.586s] -- Build files have been written to: /root/ros2_code/humble/frc9202/build/gazebo_setup_pkg
[3.622s] Invoked command in '/root/ros2_code/humble/frc9202/build/gazebo_setup_pkg' returned '0': CMAKE_PREFIX_PATH=${CMAKE_PREFIX_PATH}:/opt/ros/humble /usr/bin/cmake /root/ros2_code/humble/frc9202/src/gazebo_setup_pkg -DCMAKE_INSTALL_PREFIX=/root/ros2_code/humble/frc9202/install/gazebo_setup_pkg
[3.626s] Invoking command in '/root/ros2_code/humble/frc9202/build/gazebo_setup_pkg': CMAKE_PREFIX_PATH=${CMAKE_PREFIX_PATH}:/opt/ros/humble /usr/bin/cmake --build /root/ros2_code/humble/frc9202/build/gazebo_setup_pkg -- -j12 -l12
[3.765s] Invoked command in '/root/ros2_code/humble/frc9202/build/gazebo_setup_pkg' returned '0': CMAKE_PREFIX_PATH=${CMAKE_PREFIX_PATH}:/opt/ros/humble /usr/bin/cmake --build /root/ros2_code/humble/frc9202/build/gazebo_setup_pkg -- -j12 -l12
[3.802s] Invoking command in '/root/ros2_code/humble/frc9202/build/gazebo_setup_pkg': CMAKE_PREFIX_PATH=${CMAKE_PREFIX_PATH}:/opt/ros/humble /usr/bin/cmake --install /root/ros2_code/humble/frc9202/build/gazebo_setup_pkg
[3.814s] -- Install configuration: ""
[3.814s] -- Installing: /root/ros2_code/humble/frc9202/install/gazebo_setup_pkg/share/gazebo_setup_pkg/config
[3.815s] -- Installing: /root/ros2_code/humble/frc9202/install/gazebo_setup_pkg/share/gazebo_setup_pkg/config/drive_bot.rviz
[3.818s] -- Installing: /root/ros2_code/humble/frc9202/install/gazebo_setup_pkg/share/gazebo_setup_pkg/config/twist_mux.yaml
[3.818s] -- Installing: /root/ros2_code/humble/frc9202/install/gazebo_setup_pkg/share/gazebo_setup_pkg/config/mapper_params_online_async.yaml
[3.819s] -- Installing: /root/ros2_code/humble/frc9202/install/gazebo_setup_pkg/share/gazebo_setup_pkg/config/joystick.yaml
[3.819s] -- Installing: /root/ros2_code/humble/frc9202/install/gazebo_setup_pkg/share/gazebo_setup_pkg/config/map.rviz
[3.819s] -- Installing: /root/ros2_code/humble/frc9202/install/gazebo_setup_pkg/share/gazebo_setup_pkg/config/gazebo_params.yaml
[3.819s] -- Installing: /root/ros2_code/humble/frc9202/install/gazebo_setup_pkg/share/gazebo_setup_pkg/config/nav2_params.yaml
[3.820s] -- Installing: /root/ros2_code/humble/frc9202/install/gazebo_setup_pkg/share/gazebo_setup_pkg/config/view_bot.rviz
[3.820s] -- Installing: /root/ros2_code/humble/frc9202/install/gazebo_setup_pkg/share/gazebo_setup_pkg/config/gaz_ros2_ctl_use_sim.yaml
[3.820s] -- Installing: /root/ros2_code/humble/frc9202/install/gazebo_setup_pkg/share/gazebo_setup_pkg/config/my_controllers.yaml
[3.821s] -- Installing: /root/ros2_code/humble/frc9202/install/gazebo_setup_pkg/share/gazebo_setup_pkg/config/main.rviz
[3.821s] -- Installing: /root/ros2_code/humble/frc9202/install/gazebo_setup_pkg/share/gazebo_setup_pkg/config/ball_tracker_params_sim.yaml
[3.821s] -- Installing: /root/ros2_code/humble/frc9202/install/gazebo_setup_pkg/share/gazebo_setup_pkg/description
[3.821s] -- Installing: /root/ros2_code/humble/frc9202/install/gazebo_setup_pkg/share/gazebo_setup_pkg/description/face.xacro
[3.821s] -- Installing: /root/ros2_code/humble/frc9202/install/gazebo_setup_pkg/share/gazebo_setup_pkg/description/lidar.xacro
[3.821s] -- Installing: /root/ros2_code/humble/frc9202/install/gazebo_setup_pkg/share/gazebo_setup_pkg/description/robot_core.xacro
[3.821s] -- Installing: /root/ros2_code/humble/frc9202/install/gazebo_setup_pkg/share/gazebo_setup_pkg/description/inertial_macros.xacro
[3.822s] -- Installing: /root/ros2_code/humble/frc9202/install/gazebo_setup_pkg/share/gazebo_setup_pkg/description/ros2_control.xacro
[3.822s] -- Installing: /root/ros2_code/humble/frc9202/install/gazebo_setup_pkg/share/gazebo_setup_pkg/description/gazebo_control.xacro
[3.822s] -- Installing: /root/ros2_code/humble/frc9202/install/gazebo_setup_pkg/share/gazebo_setup_pkg/description/camera.xacro
[3.822s] -- Installing: /root/ros2_code/humble/frc9202/install/gazebo_setup_pkg/share/gazebo_setup_pkg/description/robot.urdf.xacro
[3.822s] -- Installing: /root/ros2_code/humble/frc9202/install/gazebo_setup_pkg/share/gazebo_setup_pkg/description/depth_camera.xacro
[3.822s] -- Installing: /root/ros2_code/humble/frc9202/install/gazebo_setup_pkg/share/gazebo_setup_pkg/launch
[3.822s] -- Installing: /root/ros2_code/humble/frc9202/install/gazebo_setup_pkg/share/gazebo_setup_pkg/launch/rsp.launch.py
[3.822s] -- Installing: /root/ros2_code/humble/frc9202/install/gazebo_setup_pkg/share/gazebo_setup_pkg/launch/joystick.launch.py
[3.822s] -- Installing: /root/ros2_code/humble/frc9202/install/gazebo_setup_pkg/share/gazebo_setup_pkg/launch/gazebo_sim_w.launch.py
[3.823s] -- Installing: /root/ros2_code/humble/frc9202/install/gazebo_setup_pkg/share/gazebo_setup_pkg/launch/gazebo_sim.launch.py
[3.823s] -- Installing: /root/ros2_code/humble/frc9202/install/gazebo_setup_pkg/share/gazebo_setup_pkg/worlds
[3.827s] -- Installing: /root/ros2_code/humble/frc9202/install/gazebo_setup_pkg/share/gazebo_setup_pkg/worlds/empty.world
[3.827s] -- Installing: /root/ros2_code/humble/frc9202/install/gazebo_setup_pkg/share/gazebo_setup_pkg/worlds/yolo_test.world
[3.828s] -- Installing: /root/ros2_code/humble/frc9202/install/gazebo_setup_pkg/share/gazebo_setup_pkg/worlds/obstacles.world
[3.828s] -- Installing: /root/ros2_code/humble/frc9202/install/gazebo_setup_pkg/share/ament_index/resource_index/package_run_dependencies/gazebo_setup_pkg
[3.828s] -- Installing: /root/ros2_code/humble/frc9202/install/gazebo_setup_pkg/share/ament_index/resource_index/parent_prefix_path/gazebo_setup_pkg
[3.829s] -- Installing: /root/ros2_code/humble/frc9202/install/gazebo_setup_pkg/share/gazebo_setup_pkg/environment/ament_prefix_path.sh
[3.830s] -- Installing: /root/ros2_code/humble/frc9202/install/gazebo_setup_pkg/share/gazebo_setup_pkg/environment/ament_prefix_path.dsv
[3.830s] -- Installing: /root/ros2_code/humble/frc9202/install/gazebo_setup_pkg/share/gazebo_setup_pkg/environment/path.sh
[3.831s] -- Installing: /root/ros2_code/humble/frc9202/install/gazebo_setup_pkg/share/gazebo_setup_pkg/environment/path.dsv
[3.831s] -- Installing: /root/ros2_code/humble/frc9202/install/gazebo_setup_pkg/share/gazebo_setup_pkg/local_setup.bash
[3.831s] -- Installing: /root/ros2_code/humble/frc9202/install/gazebo_setup_pkg/share/gazebo_setup_pkg/local_setup.sh
[3.832s] -- Installing: /root/ros2_code/humble/frc9202/install/gazebo_setup_pkg/share/gazebo_setup_pkg/local_setup.zsh
[3.832s] -- Installing: /root/ros2_code/humble/frc9202/install/gazebo_setup_pkg/share/gazebo_setup_pkg/local_setup.dsv
[3.832s] -- Installing: /root/ros2_code/humble/frc9202/install/gazebo_setup_pkg/share/gazebo_setup_pkg/package.dsv
[3.833s] -- Installing: /root/ros2_code/humble/frc9202/install/gazebo_setup_pkg/share/ament_index/resource_index/packages/gazebo_setup_pkg
[3.833s] -- Installing: /root/ros2_code/humble/frc9202/install/gazebo_setup_pkg/share/gazebo_setup_pkg/cmake/gazebo_setup_pkgConfig.cmake
[3.834s] -- Installing: /root/ros2_code/humble/frc9202/install/gazebo_setup_pkg/share/gazebo_setup_pkg/cmake/gazebo_setup_pkgConfig-version.cmake
[3.834s] -- Installing: /root/ros2_code/humble/frc9202/install/gazebo_setup_pkg/share/gazebo_setup_pkg/package.xml
[3.853s] Invoked command in '/root/ros2_code/humble/frc9202/build/gazebo_setup_pkg' returned '0': CMAKE_PREFIX_PATH=${CMAKE_PREFIX_PATH}:/opt/ros/humble /usr/bin/cmake --install /root/ros2_code/humble/frc9202/build/gazebo_setup_pkg
