[0.909s] Invoking command in '/root/ros2_code/humble/ros_bot/src/build/ign_ros2_control': CMAKE_PREFIX_PATH=${CMAKE_PREFIX_PATH}:/root/ros2_code/humble/ros_bot/src/install/rosbot_utils:/root/ros2_code/humble/ros_bot/src/install/rosbot_gazebo:/root/ros2_code/humble/ros_bot/src/install/rosbot_bringup:/root/ros2_code/humble/ros_bot/src/install/rosbot_controller:/root/ros2_code/humble/ros_bot/install/rosbot_utils:/root/ros2_code/humble/ros_bot/install/rosbot_gazebo:/root/ros2_code/humble/ros_bot/install/rosbot_bringup:/root/ros2_code/humble/ros_bot/install/rosbot_controller:/root/ros2_code/humble/vision/install/path_planner_pkg:/root/ros2_code/humble/vision/install/nav2_api_pkg:/root/ros2_code/humble/vision/install/joystick_pkg:/root/ros2_code/humble/vision/install/cartographer_pkg:/root/ros2_code/humble/nav2class/install/autonomous_tb3:/root/ros2_code/humble/simulations/install/path_planner_server:/root/ros2_code/humble/simulations/install/map_server:/root/ros2_code/humble/simulations/install/localization_server:/opt/ros/humble /usr/bin/cmake --build /root/ros2_code/humble/ros_bot/src/build/ign_ros2_control -- -j12 -l12
[1.762s] [35m[1mConsolidate compiler generated dependencies of target ign_ros2_control-system[0m
[1.762s] [35m[1mConsolidate compiler generated dependencies of target ign_hardware_plugins[0m
[1.763s] [100%] Built target ign_ros2_control-system
[1.763s] [100%] Built target ign_hardware_plugins
[1.769s] Invoked command in '/root/ros2_code/humble/ros_bot/src/build/ign_ros2_control' returned '0': CMAKE_PREFIX_PATH=${CMAKE_PREFIX_PATH}:/root/ros2_code/humble/ros_bot/src/install/rosbot_utils:/root/ros2_code/humble/ros_bot/src/install/rosbot_gazebo:/root/ros2_code/humble/ros_bot/src/install/rosbot_bringup:/root/ros2_code/humble/ros_bot/src/install/rosbot_controller:/root/ros2_code/humble/ros_bot/install/rosbot_utils:/root/ros2_code/humble/ros_bot/install/rosbot_gazebo:/root/ros2_code/humble/ros_bot/install/rosbot_bringup:/root/ros2_code/humble/ros_bot/install/rosbot_controller:/root/ros2_code/humble/vision/install/path_planner_pkg:/root/ros2_code/humble/vision/install/nav2_api_pkg:/root/ros2_code/humble/vision/install/joystick_pkg:/root/ros2_code/humble/vision/install/cartographer_pkg:/root/ros2_code/humble/nav2class/install/autonomous_tb3:/root/ros2_code/humble/simulations/install/path_planner_server:/root/ros2_code/humble/simulations/install/map_server:/root/ros2_code/humble/simulations/install/localization_server:/opt/ros/humble /usr/bin/cmake --build /root/ros2_code/humble/ros_bot/src/build/ign_ros2_control -- -j12 -l12
[1.807s] Invoking command in '/root/ros2_code/humble/ros_bot/src/build/ign_ros2_control': CMAKE_PREFIX_PATH=${CMAKE_PREFIX_PATH}:/root/ros2_code/humble/ros_bot/src/install/rosbot_utils:/root/ros2_code/humble/ros_bot/src/install/rosbot_gazebo:/root/ros2_code/humble/ros_bot/src/install/rosbot_bringup:/root/ros2_code/humble/ros_bot/src/install/rosbot_controller:/root/ros2_code/humble/ros_bot/install/rosbot_utils:/root/ros2_code/humble/ros_bot/install/rosbot_gazebo:/root/ros2_code/humble/ros_bot/install/rosbot_bringup:/root/ros2_code/humble/ros_bot/install/rosbot_controller:/root/ros2_code/humble/vision/install/path_planner_pkg:/root/ros2_code/humble/vision/install/nav2_api_pkg:/root/ros2_code/humble/vision/install/joystick_pkg:/root/ros2_code/humble/vision/install/cartographer_pkg:/root/ros2_code/humble/nav2class/install/autonomous_tb3:/root/ros2_code/humble/simulations/install/path_planner_server:/root/ros2_code/humble/simulations/install/map_server:/root/ros2_code/humble/simulations/install/localization_server:/opt/ros/humble /usr/bin/cmake --install /root/ros2_code/humble/ros_bot/src/build/ign_ros2_control
[1.824s] -- Install configuration: ""
[1.828s] -- Up-to-date: /root/ros2_code/humble/ros_bot/src/install/ign_ros2_control/lib/libign_hardware_plugins.so
[1.833s] -- Up-to-date: /root/ros2_code/humble/ros_bot/src/install/ign_ros2_control/include
[1.833s] -- Up-to-date: /root/ros2_code/humble/ros_bot/src/install/ign_ros2_control/include/ign_ros2_control
[1.833s] -- Up-to-date: /root/ros2_code/humble/ros_bot/src/install/ign_ros2_control/include/ign_ros2_control/ign_system_interface.hpp
[1.834s] -- Up-to-date: /root/ros2_code/humble/ros_bot/src/install/ign_ros2_control/include/ign_ros2_control/ign_system.hpp
[1.834s] -- Up-to-date: /root/ros2_code/humble/ros_bot/src/install/ign_ros2_control/include/ign_ros2_control/ign_ros2_control_plugin.hpp
[1.834s] -- Up-to-date: /root/ros2_code/humble/ros_bot/src/install/ign_ros2_control/share/ign_ros2_control/environment/library_path.sh
[1.834s] -- Up-to-date: /root/ros2_code/humble/ros_bot/src/install/ign_ros2_control/share/ign_ros2_control/environment/library_path.dsv
[1.834s] -- Up-to-date: /root/ros2_code/humble/ros_bot/src/install/ign_ros2_control/lib/libign_ros2_control-system.so
[1.835s] -- Up-to-date: /root/ros2_code/humble/ros_bot/src/install/ign_ros2_control/share/ign_ros2_control/ign_hardware_plugins.xml
[1.835s] -- Up-to-date: /root/ros2_code/humble/ros_bot/src/install/ign_ros2_control/share/ament_index/resource_index/package_run_dependencies/ign_ros2_control
[1.835s] -- Up-to-date: /root/ros2_code/humble/ros_bot/src/install/ign_ros2_control/share/ament_index/resource_index/parent_prefix_path/ign_ros2_control
[1.836s] -- Up-to-date: /root/ros2_code/humble/ros_bot/src/install/ign_ros2_control/share/ign_ros2_control/environment/ament_prefix_path.sh
[1.836s] -- Up-to-date: /root/ros2_code/humble/ros_bot/src/install/ign_ros2_control/share/ign_ros2_control/environment/ament_prefix_path.dsv
[1.836s] -- Up-to-date: /root/ros2_code/humble/ros_bot/src/install/ign_ros2_control/share/ign_ros2_control/environment/path.sh
[1.837s] -- Up-to-date: /root/ros2_code/humble/ros_bot/src/install/ign_ros2_control/share/ign_ros2_control/environment/path.dsv
[1.837s] -- Up-to-date: /root/ros2_code/humble/ros_bot/src/install/ign_ros2_control/share/ign_ros2_control/local_setup.bash
[1.838s] -- Up-to-date: /root/ros2_code/humble/ros_bot/src/install/ign_ros2_control/share/ign_ros2_control/local_setup.sh
[1.838s] -- Up-to-date: /root/ros2_code/humble/ros_bot/src/install/ign_ros2_control/share/ign_ros2_control/local_setup.zsh
[1.839s] -- Up-to-date: /root/ros2_code/humble/ros_bot/src/install/ign_ros2_control/share/ign_ros2_control/local_setup.dsv
[1.839s] -- Installing: /root/ros2_code/humble/ros_bot/src/install/ign_ros2_control/share/ign_ros2_control/package.dsv
[1.839s] -- Up-to-date: /root/ros2_code/humble/ros_bot/src/install/ign_ros2_control/share/ament_index/resource_index/packages/ign_ros2_control
[1.839s] -- Up-to-date: /root/ros2_code/humble/ros_bot/src/install/ign_ros2_control/share/ament_index/resource_index/ign_ros2_control__pluginlib__plugin/ign_ros2_control
[1.840s] -- Up-to-date: /root/ros2_code/humble/ros_bot/src/install/ign_ros2_control/share/ign_ros2_control/cmake/ament_cmake_export_include_directories-extras.cmake
[1.840s] -- Up-to-date: /root/ros2_code/humble/ros_bot/src/install/ign_ros2_control/share/ign_ros2_control/cmake/ament_cmake_export_libraries-extras.cmake
[1.840s] -- Up-to-date: /root/ros2_code/humble/ros_bot/src/install/ign_ros2_control/share/ign_ros2_control/cmake/ign_ros2_controlConfig.cmake
[1.841s] -- Up-to-date: /root/ros2_code/humble/ros_bot/src/install/ign_ros2_control/share/ign_ros2_control/cmake/ign_ros2_controlConfig-version.cmake
[1.841s] -- Up-to-date: /root/ros2_code/humble/ros_bot/src/install/ign_ros2_control/share/ign_ros2_control/package.xml
[1.926s] Invoked command in '/root/ros2_code/humble/ros_bot/src/build/ign_ros2_control' returned '0': CMAKE_PREFIX_PATH=${CMAKE_PREFIX_PATH}:/root/ros2_code/humble/ros_bot/src/install/rosbot_utils:/root/ros2_code/humble/ros_bot/src/install/rosbot_gazebo:/root/ros2_code/humble/ros_bot/src/install/rosbot_bringup:/root/ros2_code/humble/ros_bot/src/install/rosbot_controller:/root/ros2_code/humble/ros_bot/install/rosbot_utils:/root/ros2_code/humble/ros_bot/install/rosbot_gazebo:/root/ros2_code/humble/ros_bot/install/rosbot_bringup:/root/ros2_code/humble/ros_bot/install/rosbot_controller:/root/ros2_code/humble/vision/install/path_planner_pkg:/root/ros2_code/humble/vision/install/nav2_api_pkg:/root/ros2_code/humble/vision/install/joystick_pkg:/root/ros2_code/humble/vision/install/cartographer_pkg:/root/ros2_code/humble/nav2class/install/autonomous_tb3:/root/ros2_code/humble/simulations/install/path_planner_server:/root/ros2_code/humble/simulations/install/map_server:/root/ros2_code/humble/simulations/install/localization_server:/opt/ros/humble /usr/bin/cmake --install /root/ros2_code/humble/ros_bot/src/build/ign_ros2_control
