[0.232s] Invoking command in '/root/ros2_code/humble/four_ws_ros2/build/four_ws_control': CMAKE_PREFIX_PATH=${CMAKE_PREFIX_PATH}:/root/ros2_code/humble/vision/install/path_planner_pkg:/root/ros2_code/humble/vision/install/nav2_api_pkg:/root/ros2_code/humble/vision/install/joystick_pkg:/root/ros2_code/humble/vision/install/cartographer_pkg:/root/ros2_code/humble/nav2class/install/autonomous_tb3:/opt/ros/humble /usr/bin/cmake /root/ros2_code/humble/four_ws_ros2/src/four_ws_control -DCMAKE_INSTALL_PREFIX=/root/ros2_code/humble/four_ws_ros2/install/four_ws_control
[0.293s] -- The C compiler identification is GNU 11.4.0
[0.353s] -- The CXX compiler identification is GNU 11.4.0
[0.360s] -- Detecting C compiler ABI info
[0.446s] -- Detecting C compiler ABI info - done
[0.451s] -- Check for working C compiler: /usr/bin/cc - skipped
[0.451s] -- Detecting C compile features
[0.451s] -- Detecting C compile features - done
[0.454s] -- Detecting CXX compiler ABI info
[0.539s] -- Detecting CXX compiler ABI info - done
[0.544s] -- Check for working CXX compiler: /usr/bin/c++ - skipped
[0.544s] -- Detecting CXX compile features
[0.545s] -- Detecting CXX compile features - done
[0.550s] -- Found ament_cmake: 1.3.6 (/opt/ros/humble/share/ament_cmake/cmake)
[0.716s] -- Found Python3: /usr/bin/python3.10 (found version "3.10.12") found components: Interpreter 
[0.860s] -- Found ament_lint_auto: 0.12.9 (/opt/ros/humble/share/ament_lint_auto/cmake)
[0.961s] -- Added test 'copyright' to check source files copyright and LICENSE
[0.966s] -- Added test 'flake8' to check Python code syntax and style conventions
[0.967s] -- Added test 'lint_cmake' to check CMake code style
[0.968s] -- Added test 'pep257' to check Python code against some of the docstring style conventions in PEP 257
[0.969s] -- Added test 'xmllint' to check XML markup files
[0.972s] -- Configuring done
[0.976s] -- Generating done
[0.977s] -- Build files have been written to: /root/ros2_code/humble/four_ws_ros2/build/four_ws_control
[0.982s] Invoked command in '/root/ros2_code/humble/four_ws_ros2/build/four_ws_control' returned '0': CMAKE_PREFIX_PATH=${CMAKE_PREFIX_PATH}:/root/ros2_code/humble/vision/install/path_planner_pkg:/root/ros2_code/humble/vision/install/nav2_api_pkg:/root/ros2_code/humble/vision/install/joystick_pkg:/root/ros2_code/humble/vision/install/cartographer_pkg:/root/ros2_code/humble/nav2class/install/autonomous_tb3:/opt/ros/humble /usr/bin/cmake /root/ros2_code/humble/four_ws_ros2/src/four_ws_control -DCMAKE_INSTALL_PREFIX=/root/ros2_code/humble/four_ws_ros2/install/four_ws_control
[0.984s] Invoking command in '/root/ros2_code/humble/four_ws_ros2/build/four_ws_control': CMAKE_PREFIX_PATH=${CMAKE_PREFIX_PATH}:/root/ros2_code/humble/vision/install/path_planner_pkg:/root/ros2_code/humble/vision/install/nav2_api_pkg:/root/ros2_code/humble/vision/install/joystick_pkg:/root/ros2_code/humble/vision/install/cartographer_pkg:/root/ros2_code/humble/nav2class/install/autonomous_tb3:/opt/ros/humble /usr/bin/cmake --build /root/ros2_code/humble/four_ws_ros2/build/four_ws_control -- -j12 -l12
[1.033s] Invoked command in '/root/ros2_code/humble/four_ws_ros2/build/four_ws_control' returned '0': CMAKE_PREFIX_PATH=${CMAKE_PREFIX_PATH}:/root/ros2_code/humble/vision/install/path_planner_pkg:/root/ros2_code/humble/vision/install/nav2_api_pkg:/root/ros2_code/humble/vision/install/joystick_pkg:/root/ros2_code/humble/vision/install/cartographer_pkg:/root/ros2_code/humble/nav2class/install/autonomous_tb3:/opt/ros/humble /usr/bin/cmake --build /root/ros2_code/humble/four_ws_ros2/build/four_ws_control -- -j12 -l12
[1.071s] Invoking command in '/root/ros2_code/humble/four_ws_ros2/build/four_ws_control': CMAKE_PREFIX_PATH=${CMAKE_PREFIX_PATH}:/root/ros2_code/humble/vision/install/path_planner_pkg:/root/ros2_code/humble/vision/install/nav2_api_pkg:/root/ros2_code/humble/vision/install/joystick_pkg:/root/ros2_code/humble/vision/install/cartographer_pkg:/root/ros2_code/humble/nav2class/install/autonomous_tb3:/opt/ros/humble /usr/bin/cmake --install /root/ros2_code/humble/four_ws_ros2/build/four_ws_control
[1.081s] -- Install configuration: ""
[1.081s] -- Installing: /root/ros2_code/humble/four_ws_ros2/install/four_ws_control/share/four_ws_control//scripts
[1.082s] -- Installing: /root/ros2_code/humble/four_ws_ros2/install/four_ws_control/share/four_ws_control//scripts/robot_control.py
[1.082s] -- Installing: /root/ros2_code/humble/four_ws_ros2/install/four_ws_control/share/four_ws_control//launch
[1.082s] -- Installing: /root/ros2_code/humble/four_ws_ros2/install/four_ws_control/share/four_ws_control//launch/four_ws_control.launch.py
[1.082s] -- Installing: /root/ros2_code/humble/four_ws_ros2/install/four_ws_control/lib/four_ws_control/robot_control.py
[1.082s] -- Installing: /root/ros2_code/humble/four_ws_ros2/install/four_ws_control/lib/four_ws_control/four_ws_control.launch.py
[1.082s] -- Installing: /root/ros2_code/humble/four_ws_ros2/install/four_ws_control/share/ament_index/resource_index/package_run_dependencies/four_ws_control
[1.082s] -- Installing: /root/ros2_code/humble/four_ws_ros2/install/four_ws_control/share/ament_index/resource_index/parent_prefix_path/four_ws_control
[1.083s] -- Installing: /root/ros2_code/humble/four_ws_ros2/install/four_ws_control/share/four_ws_control/environment/ament_prefix_path.sh
[1.083s] -- Installing: /root/ros2_code/humble/four_ws_ros2/install/four_ws_control/share/four_ws_control/environment/ament_prefix_path.dsv
[1.083s] -- Installing: /root/ros2_code/humble/four_ws_ros2/install/four_ws_control/share/four_ws_control/environment/path.sh
[1.083s] -- Installing: /root/ros2_code/humble/four_ws_ros2/install/four_ws_control/share/four_ws_control/environment/path.dsv
[1.083s] -- Installing: /root/ros2_code/humble/four_ws_ros2/install/four_ws_control/share/four_ws_control/local_setup.bash
[1.083s] -- Installing: /root/ros2_code/humble/four_ws_ros2/install/four_ws_control/share/four_ws_control/local_setup.sh
[1.084s] -- Installing: /root/ros2_code/humble/four_ws_ros2/install/four_ws_control/share/four_ws_control/local_setup.zsh
[1.084s] -- Installing: /root/ros2_code/humble/four_ws_ros2/install/four_ws_control/share/four_ws_control/local_setup.dsv
[1.084s] -- Installing: /root/ros2_code/humble/four_ws_ros2/install/four_ws_control/share/four_ws_control/package.dsv
[1.084s] -- Installing: /root/ros2_code/humble/four_ws_ros2/install/four_ws_control/share/ament_index/resource_index/packages/four_ws_control
[1.084s] -- Installing: /root/ros2_code/humble/four_ws_ros2/install/four_ws_control/share/four_ws_control/cmake/four_ws_controlConfig.cmake
[1.084s] -- Installing: /root/ros2_code/humble/four_ws_ros2/install/four_ws_control/share/four_ws_control/cmake/four_ws_controlConfig-version.cmake
[1.085s] -- Installing: /root/ros2_code/humble/four_ws_ros2/install/four_ws_control/share/four_ws_control/package.xml
[1.087s] Invoked command in '/root/ros2_code/humble/four_ws_ros2/build/four_ws_control' returned '0': CMAKE_PREFIX_PATH=${CMAKE_PREFIX_PATH}:/root/ros2_code/humble/vision/install/path_planner_pkg:/root/ros2_code/humble/vision/install/nav2_api_pkg:/root/ros2_code/humble/vision/install/joystick_pkg:/root/ros2_code/humble/vision/install/cartographer_pkg:/root/ros2_code/humble/nav2class/install/autonomous_tb3:/opt/ros/humble /usr/bin/cmake --install /root/ros2_code/humble/four_ws_ros2/build/four_ws_control
