-- Install configuration: ""
-- Up-to-date: /root/ros2_code/humble/surround_view_ros/install/omni_robot_description/share/omni_robot_description/robots
-- Up-to-date: /root/ros2_code/humble/surround_view_ros/install/omni_robot_description/share/omni_robot_description/robots/robot.sdf
-- Up-to-date: /root/ros2_code/humble/surround_view_ros/install/omni_robot_description/share/omni_robot_description/robots/omni_robot.urdf.xacro
-- Up-to-date: /root/ros2_code/humble/surround_view_ros/install/omni_robot_description/share/omni_robot_description/robots/rs_robot.urdf
-- Up-to-date: /root/ros2_code/humble/surround_view_ros/install/omni_robot_description/share/omni_robot_description/urdf
-- Up-to-date: /root/ros2_code/humble/surround_view_ros/install/omni_robot_description/share/omni_robot_description/urdf/base
-- Up-to-date: /root/ros2_code/humble/surround_view_ros/install/omni_robot_description/share/omni_robot_description/urdf/base/base.urdf.xacro
-- Up-to-date: /root/ros2_code/humble/surround_view_ros/install/omni_robot_description/share/omni_robot_description/urdf/base/base.gazebo.xacro
-- Up-to-date: /root/ros2_code/humble/surround_view_ros/install/omni_robot_description/share/omni_robot_description/urdf/roller
-- Up-to-date: /root/ros2_code/humble/surround_view_ros/install/omni_robot_description/share/omni_robot_description/urdf/roller/roller.urdf.xacro
-- Up-to-date: /root/ros2_code/humble/surround_view_ros/install/omni_robot_description/share/omni_robot_description/urdf/roller/roller.gazebo.xacro
-- Up-to-date: /root/ros2_code/humble/surround_view_ros/install/omni_robot_description/share/omni_robot_description/urdf/roller/roller.transmission.xacro
-- Up-to-date: /root/ros2_code/humble/surround_view_ros/install/omni_robot_description/share/omni_robot_description/urdf/omni_wheel
-- Up-to-date: /root/ros2_code/humble/surround_view_ros/install/omni_robot_description/share/omni_robot_description/urdf/omni_wheel/omni_wheel.gazebo.xacro
-- Up-to-date: /root/ros2_code/humble/surround_view_ros/install/omni_robot_description/share/omni_robot_description/urdf/omni_wheel/omni_wheel.urdf.xacro
-- Up-to-date: /root/ros2_code/humble/surround_view_ros/install/omni_robot_description/share/omni_robot_description/urdf/omni_wheel/omni_wheel.transmission.xacro
-- Up-to-date: /root/ros2_code/humble/surround_view_ros/install/omni_robot_description/share/omni_robot_description/urdf/lrf
-- Up-to-date: /root/ros2_code/humble/surround_view_ros/install/omni_robot_description/share/omni_robot_description/urdf/lrf/lrf.gazebo.xacro
-- Up-to-date: /root/ros2_code/humble/surround_view_ros/install/omni_robot_description/share/omni_robot_description/urdf/lrf/lrf.urdf.xacro
-- Up-to-date: /root/ros2_code/humble/surround_view_ros/install/omni_robot_description/share/omni_robot_description/urdf/projectile.xacro
-- Up-to-date: /root/ros2_code/humble/surround_view_ros/install/omni_robot_description/share/ament_index/resource_index/package_run_dependencies/omni_robot_description
-- Up-to-date: /root/ros2_code/humble/surround_view_ros/install/omni_robot_description/share/ament_index/resource_index/parent_prefix_path/omni_robot_description
-- Up-to-date: /root/ros2_code/humble/surround_view_ros/install/omni_robot_description/share/omni_robot_description/environment/ament_prefix_path.sh
-- Up-to-date: /root/ros2_code/humble/surround_view_ros/install/omni_robot_description/share/omni_robot_description/environment/ament_prefix_path.dsv
-- Up-to-date: /root/ros2_code/humble/surround_view_ros/install/omni_robot_description/share/omni_robot_description/environment/path.sh
-- Up-to-date: /root/ros2_code/humble/surround_view_ros/install/omni_robot_description/share/omni_robot_description/environment/path.dsv
-- Up-to-date: /root/ros2_code/humble/surround_view_ros/install/omni_robot_description/share/omni_robot_description/local_setup.bash
-- Up-to-date: /root/ros2_code/humble/surround_view_ros/install/omni_robot_description/share/omni_robot_description/local_setup.sh
-- Up-to-date: /root/ros2_code/humble/surround_view_ros/install/omni_robot_description/share/omni_robot_description/local_setup.zsh
-- Up-to-date: /root/ros2_code/humble/surround_view_ros/install/omni_robot_description/share/omni_robot_description/local_setup.dsv
-- Up-to-date: /root/ros2_code/humble/surround_view_ros/install/omni_robot_description/share/omni_robot_description/package.dsv
-- Up-to-date: /root/ros2_code/humble/surround_view_ros/install/omni_robot_description/share/ament_index/resource_index/packages/omni_robot_description
-- Up-to-date: /root/ros2_code/humble/surround_view_ros/install/omni_robot_description/share/omni_robot_description/cmake/omni_robot_descriptionConfig.cmake
-- Up-to-date: /root/ros2_code/humble/surround_view_ros/install/omni_robot_description/share/omni_robot_description/cmake/omni_robot_descriptionConfig-version.cmake
-- Up-to-date: /root/ros2_code/humble/surround_view_ros/install/omni_robot_description/share/omni_robot_description/package.xml
