-- The C compiler identification is GNU 11.4.0
-- The CXX compiler identification is GNU 11.4.0
-- Detecting C compiler ABI info
-- Detecting C compiler ABI info - done
-- Check for working C compiler: /usr/bin/cc - skipped
-- Detecting C compile features
-- Detecting C compile features - done
-- Detecting CXX compiler ABI info
-- Detecting CXX compiler ABI info - done
-- Check for working CXX compiler: /usr/bin/c++ - skipped
-- Detecting CXX compile features
-- Detecting CXX compile features - done
-- Found ament_cmake: 1.3.6 (/opt/ros/humble/share/ament_cmake/cmake)
-- Found Python3: /usr/bin/python3.10 (found version "3.10.12") found components: Interpreter 
[33mCMake Warning (dev) at /usr/share/cmake-3.22/Modules/FindPackageHandleStandardArgs.cmake:438 (message):
  The package name passed to `find_package_handle_standard_args` (PkgConfig)
  does not match the name of the calling package (gazebo).  This can lead to
  problems in calling code that expects `find_package` result variables
  (e.g., `_FOUND`) to follow a certain pattern.
Call Stack (most recent call first):
  /usr/share/cmake-3.22/Modules/FindPkgConfig.cmake:99 (find_package_handle_standard_args)
  /usr/lib/x86_64-linux-gnu/cmake/gazebo/gazebo-config.cmake:72 (include)
  CMakeLists.txt:20 (find_package)
This warning is for project developers.  Use -Wno-dev to suppress it.
[0m
-- Found PkgConfig: /usr/bin/pkg-config (found version "0.29.2") 
-- Checking for module 'bullet>=2.82'
--   Found bullet, version 3.05
-- Found fcl: /usr/include (found suitable version "0.7.0", minimum required is "0.5.0") 
-- Found assimp: /usr/include (found version "5.2.0") 
-- Found DART: /usr/include (Required is at least version "6.6") found components: dart 
-- Found Boost: /usr/lib/x86_64-linux-gnu/cmake/Boost-1.74.0/BoostConfig.cmake (found suitable version "1.74.0", minimum required is "1.40.0") found components: thread system filesystem program_options regex iostreams date_time 
-- Found Protobuf: /usr/lib/x86_64-linux-gnu/libprotobuf.so (found version "3.12.4") 
-- Looking for ignition-math6 -- found version 6.15.0
-- Searching for dependencies of ignition-math6
-- Looking for OGRE...
-- OGRE_PREFIX_WATCH changed.
-- Checking for module 'OGRE'
--   Found OGRE, version 1.9.0
-- Found Ogre Ghadamon (1.9.0)
-- Found OGRE: optimized;/usr/lib/x86_64-linux-gnu/libOgreMain.so;debug;/usr/lib/x86_64-linux-gnu/libOgreMain.so
-- Looking for OGRE_Paging...
-- Found OGRE_Paging: optimized;/usr/lib/x86_64-linux-gnu/libOgrePaging.so;debug;/usr/lib/x86_64-linux-gnu/libOgrePaging.so
-- Looking for OGRE_Terrain...
-- Found OGRE_Terrain: optimized;/usr/lib/x86_64-linux-gnu/libOgreTerrain.so;debug;/usr/lib/x86_64-linux-gnu/libOgreTerrain.so
-- Looking for OGRE_Property...
-- Found OGRE_Property: optimized;/usr/lib/x86_64-linux-gnu/libOgreProperty.so;debug;/usr/lib/x86_64-linux-gnu/libOgreProperty.so
-- Looking for OGRE_RTShaderSystem...
-- Found OGRE_RTShaderSystem: optimized;/usr/lib/x86_64-linux-gnu/libOgreRTShaderSystem.so;debug;/usr/lib/x86_64-linux-gnu/libOgreRTShaderSystem.so
-- Looking for OGRE_Volume...
-- Found OGRE_Volume: optimized;/usr/lib/x86_64-linux-gnu/libOgreVolume.so;debug;/usr/lib/x86_64-linux-gnu/libOgreVolume.so
-- Looking for OGRE_Overlay...
-- Found OGRE_Overlay: optimized;/usr/lib/x86_64-linux-gnu/libOgreOverlay.so;debug;/usr/lib/x86_64-linux-gnu/libOgreOverlay.so
-- Looking for ignition-math6 -- found version 6.15.0
-- Looking for ignition-transport8 -- found version 8.2.1
-- Searching for dependencies of ignition-transport8
-- Found Protobuf: /usr/lib/x86_64-linux-gnu/libprotobuf.so (found suitable version "3.12.4", minimum required is "3") 
-- Config-file not installed for ZeroMQ -- checking for pkg-config
-- Checking for module 'libzmq >= 4'
--   Found libzmq , version 4.3.4
-- Found ZeroMQ: TRUE (Required is at least version "4") 
-- Checking for module 'uuid'
--   Found uuid, version 2.37.2
-- Found UUID: TRUE  
-- Looking for ignition-msgs5 -- found version 5.8.1
-- Searching for dependencies of ignition-msgs5
-- Looking for ignition-math6 -- found version 6.15.0
-- Checking for module 'tinyxml2'
--   Found tinyxml2, version 9.0.0
-- Looking for ignition-msgs5 -- found version 5.8.1
-- Looking for ignition-common3 -- found version 3.14.0
-- Searching for dependencies of ignition-common3
-- Looking for dlfcn.h - found
-- Looking for libdl - found
-- Found DL: TRUE  
-- Found tinyobjloader: /usr/lib/x86_64-linux-gnu/cmake/tinyobjloader/tinyobjloader-config.cmake (found version "2.0.0") 
-- Searching for <ignition-common3> component [graphics]
-- Looking for ignition-common3-graphics -- found version 3.14.0
-- Searching for dependencies of ignition-common3-graphics
-- Looking for ignition-math6 -- found version 6.15.0
-- Looking for ignition-fuel_tools4 -- found version 4.4.0
-- Searching for dependencies of ignition-fuel_tools4
-- Found CURL: /usr/lib/x86_64-linux-gnu/libcurl.so (found version "7.81.0")  
-- Checking for module 'jsoncpp'
--   Found jsoncpp, version 1.9.5
-- Found JSONCPP: TRUE  
-- Checking for module 'libzip'
--   Found libzip, version 1.7.3
-- Found ZIP: TRUE  
-- Looking for ignition-common3 -- found version 3.14.0
-- Looking for ignition-math6 -- found version 6.15.0
-- Looking for ignition-msgs5 -- found version 5.8.1
-- Found gazebo_ros_pkgs: 3.7.0 (/opt/ros/humble/share/gazebo_ros_pkgs/cmake)
-- Found geometry_msgs: 4.2.3 (/opt/ros/humble/share/geometry_msgs/cmake)
-- Found rosidl_generator_c: 3.1.5 (/opt/ros/humble/share/rosidl_generator_c/cmake)
-- Found rosidl_adapter: 3.1.5 (/opt/ros/humble/share/rosidl_adapter/cmake)
-- Found rosidl_generator_cpp: 3.1.5 (/opt/ros/humble/share/rosidl_generator_cpp/cmake)
-- Using all available rosidl_typesupport_c: rosidl_typesupport_fastrtps_c;rosidl_typesupport_introspection_c
-- Using all available rosidl_typesupport_cpp: rosidl_typesupport_fastrtps_cpp;rosidl_typesupport_introspection_cpp
-- Found rclcpp: 16.0.7 (/opt/ros/humble/share/rclcpp/cmake)
-- Found rmw_implementation_cmake: 6.1.1 (/opt/ros/humble/share/rmw_implementation_cmake/cmake)
-- Found rmw_cyclonedds_cpp: 1.3.4 (/opt/ros/humble/share/rmw_cyclonedds_cpp/cmake)
-- Using RMW implementation 'rmw_cyclonedds_cpp' as default
-- Found Threads: TRUE  
-- Found sensor_msgs: 4.2.3 (/opt/ros/humble/share/sensor_msgs/cmake)
-- Found tf2: 0.25.5 (/opt/ros/humble/share/tf2/cmake)
-- Configuring done
-- Generating done
-- Build files have been written to: /root/ros2_code/humble/surround_view_ros/build/gazebo_simulation
-- Install configuration: ""
-- Installing: /root/ros2_code/humble/surround_view_ros/install/gazebo_simulation/share/gazebo_simulation//launch
-- Installing: /root/ros2_code/humble/surround_view_ros/install/gazebo_simulation/share/gazebo_simulation//launch/robot_state_publisher.launch.py
-- Installing: /root/ros2_code/humble/surround_view_ros/install/gazebo_simulation/share/gazebo_simulation//launch/surround_view_calibration.launch.py
-- Installing: /root/ros2_code/humble/surround_view_ros/install/gazebo_simulation/share/gazebo_simulation//launch/camera_calibration.launch.py
-- Installing: /root/ros2_code/humble/surround_view_ros/install/gazebo_simulation/share/gazebo_simulation//launch/demo.launch.py
-- Installing: /root/ros2_code/humble/surround_view_ros/install/gazebo_simulation/share/gazebo_simulation//models
-- Installing: /root/ros2_code/humble/surround_view_ros/install/gazebo_simulation/share/gazebo_simulation//models/rs_robot
-- Installing: /root/ros2_code/humble/surround_view_ros/install/gazebo_simulation/share/gazebo_simulation//models/rs_robot/model.config
-- Installing: /root/ros2_code/humble/surround_view_ros/install/gazebo_simulation/share/gazebo_simulation//models/rs_robot/meshes
-- Installing: /root/ros2_code/humble/surround_view_ros/install/gazebo_simulation/share/gazebo_simulation//models/rs_robot/meshes/STL
-- Installing: /root/ros2_code/humble/surround_view_ros/install/gazebo_simulation/share/gazebo_simulation//models/rs_robot/meshes/STL/base
-- Installing: /root/ros2_code/humble/surround_view_ros/install/gazebo_simulation/share/gazebo_simulation//models/rs_robot/meshes/STL/base/base_link.stl
-- Installing: /root/ros2_code/humble/surround_view_ros/install/gazebo_simulation/share/gazebo_simulation//models/rs_robot/meshes/STL/roller
-- Installing: /root/ros2_code/humble/surround_view_ros/install/gazebo_simulation/share/gazebo_simulation//models/rs_robot/meshes/STL/roller/roller.stl
-- Installing: /root/ros2_code/humble/surround_view_ros/install/gazebo_simulation/share/gazebo_simulation//models/rs_robot/meshes/STL/omni_wheel
-- Installing: /root/ros2_code/humble/surround_view_ros/install/gazebo_simulation/share/gazebo_simulation//models/rs_robot/meshes/STL/omni_wheel/omni_wheel.stl
-- Installing: /root/ros2_code/humble/surround_view_ros/install/gazebo_simulation/share/gazebo_simulation//models/rs_robot/meshes/STL/camera
-- Installing: /root/ros2_code/humble/surround_view_ros/install/gazebo_simulation/share/gazebo_simulation//models/rs_robot/meshes/STL/camera/camera.stl
-- Installing: /root/ros2_code/humble/surround_view_ros/install/gazebo_simulation/share/gazebo_simulation//models/rs_robot/meshes/DAE
-- Installing: /root/ros2_code/humble/surround_view_ros/install/gazebo_simulation/share/gazebo_simulation//models/rs_robot/meshes/DAE/base
-- Installing: /root/ros2_code/humble/surround_view_ros/install/gazebo_simulation/share/gazebo_simulation//models/rs_robot/meshes/DAE/base/base_link.dae
-- Installing: /root/ros2_code/humble/surround_view_ros/install/gazebo_simulation/share/gazebo_simulation//models/rs_robot/meshes/DAE/base/base_camera.png
-- Installing: /root/ros2_code/humble/surround_view_ros/install/gazebo_simulation/share/gazebo_simulation//models/rs_robot/meshes/DAE/roller
-- Installing: /root/ros2_code/humble/surround_view_ros/install/gazebo_simulation/share/gazebo_simulation//models/rs_robot/meshes/DAE/roller/roller.dae
-- Installing: /root/ros2_code/humble/surround_view_ros/install/gazebo_simulation/share/gazebo_simulation//models/rs_robot/meshes/DAE/omni_wheel
-- Installing: /root/ros2_code/humble/surround_view_ros/install/gazebo_simulation/share/gazebo_simulation//models/rs_robot/meshes/DAE/omni_wheel/omni_wheel.dae
-- Installing: /root/ros2_code/humble/surround_view_ros/install/gazebo_simulation/share/gazebo_simulation//models/rs_robot/meshes/DAE/camera
-- Installing: /root/ros2_code/humble/surround_view_ros/install/gazebo_simulation/share/gazebo_simulation//models/rs_robot/meshes/DAE/camera/camera.dae
-- Installing: /root/ros2_code/humble/surround_view_ros/install/gazebo_simulation/share/gazebo_simulation//models/rs_robot/config
-- Installing: /root/ros2_code/humble/surround_view_ros/install/gazebo_simulation/share/gazebo_simulation//models/rs_robot/config/controllers.yaml
-- Installing: /root/ros2_code/humble/surround_view_ros/install/gazebo_simulation/share/gazebo_simulation//models/rs_robot/rs_robot.sdf
-- Installing: /root/ros2_code/humble/surround_view_ros/install/gazebo_simulation/share/gazebo_simulation//worlds
-- Installing: /root/ros2_code/humble/surround_view_ros/install/gazebo_simulation/share/gazebo_simulation//worlds/camera_calibration.model
-- Installing: /root/ros2_code/humble/surround_view_ros/install/gazebo_simulation/share/gazebo_simulation//worlds/surround_view_calibration.model
-- Installing: /root/ros2_code/humble/surround_view_ros/install/gazebo_simulation/share/gazebo_simulation//worlds/demo.model
-- Installing: /root/ros2_code/humble/surround_view_ros/install/gazebo_simulation/share/gazebo_simulation//urdf
-- Installing: /root/ros2_code/humble/surround_view_ros/install/gazebo_simulation/share/gazebo_simulation//urdf/rs_robot.urdf
-- Installing: /root/ros2_code/humble/surround_view_ros/install/gazebo_simulation/lib/gazebo_simulation/robot_state_publisher.launch.py
-- Installing: /root/ros2_code/humble/surround_view_ros/install/gazebo_simulation/lib/gazebo_simulation/surround_view_calibration.launch.py
-- Installing: /root/ros2_code/humble/surround_view_ros/install/gazebo_simulation/lib/gazebo_simulation/camera_calibration.launch.py
-- Installing: /root/ros2_code/humble/surround_view_ros/install/gazebo_simulation/share/ament_index/resource_index/package_run_dependencies/gazebo_simulation
-- Installing: /root/ros2_code/humble/surround_view_ros/install/gazebo_simulation/share/ament_index/resource_index/parent_prefix_path/gazebo_simulation
-- Installing: /root/ros2_code/humble/surround_view_ros/install/gazebo_simulation/share/gazebo_simulation/environment/ament_prefix_path.sh
-- Installing: /root/ros2_code/humble/surround_view_ros/install/gazebo_simulation/share/gazebo_simulation/environment/ament_prefix_path.dsv
-- Installing: /root/ros2_code/humble/surround_view_ros/install/gazebo_simulation/share/gazebo_simulation/environment/path.sh
-- Installing: /root/ros2_code/humble/surround_view_ros/install/gazebo_simulation/share/gazebo_simulation/environment/path.dsv
-- Installing: /root/ros2_code/humble/surround_view_ros/install/gazebo_simulation/share/gazebo_simulation/local_setup.bash
-- Installing: /root/ros2_code/humble/surround_view_ros/install/gazebo_simulation/share/gazebo_simulation/local_setup.sh
-- Installing: /root/ros2_code/humble/surround_view_ros/install/gazebo_simulation/share/gazebo_simulation/local_setup.zsh
-- Installing: /root/ros2_code/humble/surround_view_ros/install/gazebo_simulation/share/gazebo_simulation/local_setup.dsv
-- Installing: /root/ros2_code/humble/surround_view_ros/install/gazebo_simulation/share/gazebo_simulation/package.dsv
-- Installing: /root/ros2_code/humble/surround_view_ros/install/gazebo_simulation/share/ament_index/resource_index/packages/gazebo_simulation
-- Installing: /root/ros2_code/humble/surround_view_ros/install/gazebo_simulation/share/gazebo_simulation/cmake/ament_cmake_export_include_directories-extras.cmake
-- Installing: /root/ros2_code/humble/surround_view_ros/install/gazebo_simulation/share/gazebo_simulation/cmake/ament_cmake_export_dependencies-extras.cmake
-- Installing: /root/ros2_code/humble/surround_view_ros/install/gazebo_simulation/share/gazebo_simulation/cmake/gazebo_simulationConfig.cmake
-- Installing: /root/ros2_code/humble/surround_view_ros/install/gazebo_simulation/share/gazebo_simulation/cmake/gazebo_simulationConfig-version.cmake
-- Installing: /root/ros2_code/humble/surround_view_ros/install/gazebo_simulation/share/gazebo_simulation/package.xml
