[0.182s] Invoking command in '/root/ros2_code/humble/surround_view_ros/build/gazebo_simulation': CMAKE_PREFIX_PATH=${CMAKE_PREFIX_PATH}:/root/ros2_code/humble/learning/install/ball_tracker:/opt/ros/humble /usr/bin/cmake /root/ros2_code/humble/surround_view_ros/src/gazebo_simulation -DCMAKE_INSTALL_PREFIX=/root/ros2_code/humble/surround_view_ros/install/gazebo_simulation
[0.234s] -- The C compiler identification is GNU 11.4.0
[0.287s] -- The CXX compiler identification is GNU 11.4.0
[0.295s] -- Detecting C compiler ABI info
[0.361s] -- Detecting C compiler ABI info - done
[0.366s] -- Check for working C compiler: /usr/bin/cc - skipped
[0.367s] -- Detecting C compile features
[0.367s] -- Detecting C compile features - done
[0.369s] -- Detecting CXX compiler ABI info
[0.450s] -- Detecting CXX compiler ABI info - done
[0.457s] -- Check for working CXX compiler: /usr/bin/c++ - skipped
[0.458s] -- Detecting CXX compile features
[0.458s] -- Detecting CXX compile features - done
[0.462s] -- Found ament_cmake: 1.3.6 (/opt/ros/humble/share/ament_cmake/cmake)
[0.648s] -- Found Python3: /usr/bin/python3.10 (found version "3.10.12") found components: Interpreter 
[0.753s] [33mCMake Warning (dev) at /usr/share/cmake-3.22/Modules/FindPackageHandleStandardArgs.cmake:438 (message):
[0.753s]   The package name passed to `find_package_handle_standard_args` (PkgConfig)
[0.753s]   does not match the name of the calling package (gazebo).  This can lead to
[0.753s]   problems in calling code that expects `find_package` result variables
[0.753s]   (e.g., `_FOUND`) to follow a certain pattern.
[0.753s] Call Stack (most recent call first):
[0.753s]   /usr/share/cmake-3.22/Modules/FindPkgConfig.cmake:99 (find_package_handle_standard_args)
[0.753s]   /usr/lib/x86_64-linux-gnu/cmake/gazebo/gazebo-config.cmake:72 (include)
[0.754s]   CMakeLists.txt:20 (find_package)
[0.754s] This warning is for project developers.  Use -Wno-dev to suppress it.
[0.754s] [0m
[0.754s] -- Found PkgConfig: /usr/bin/pkg-config (found version "0.29.2") 
[0.757s] -- Checking for module 'bullet>=2.82'
[0.774s] --   Found bullet, version 3.05
[0.914s] -- Found fcl: /usr/include (found suitable version "0.7.0", minimum required is "0.5.0") 
[0.972s] -- Found assimp: /usr/include (found version "5.2.0") 
[1.007s] -- Found DART: /usr/include (Required is at least version "6.6") found components: dart 
[1.194s] -- Found Boost: /usr/lib/x86_64-linux-gnu/cmake/Boost-1.74.0/BoostConfig.cmake (found suitable version "1.74.0", minimum required is "1.40.0") found components: thread system filesystem program_options regex iostreams date_time 
[1.212s] -- Found Protobuf: /usr/lib/x86_64-linux-gnu/libprotobuf.so (found version "3.12.4") 
[1.224s] -- Looking for ignition-math6 -- found version 6.15.0
[1.231s] -- Searching for dependencies of ignition-math6
[1.232s] -- Looking for OGRE...
[1.233s] -- OGRE_PREFIX_WATCH changed.
[1.238s] -- Checking for module 'OGRE'
[1.253s] --   Found OGRE, version 1.9.0
[1.295s] -- Found Ogre Ghadamon (1.9.0)
[1.305s] -- Found OGRE: optimized;/usr/lib/x86_64-linux-gnu/libOgreMain.so;debug;/usr/lib/x86_64-linux-gnu/libOgreMain.so
[1.313s] -- Looking for OGRE_Paging...
[1.317s] -- Found OGRE_Paging: optimized;/usr/lib/x86_64-linux-gnu/libOgrePaging.so;debug;/usr/lib/x86_64-linux-gnu/libOgrePaging.so
[1.317s] -- Looking for OGRE_Terrain...
[1.321s] -- Found OGRE_Terrain: optimized;/usr/lib/x86_64-linux-gnu/libOgreTerrain.so;debug;/usr/lib/x86_64-linux-gnu/libOgreTerrain.so
[1.321s] -- Looking for OGRE_Property...
[1.324s] -- Found OGRE_Property: optimized;/usr/lib/x86_64-linux-gnu/libOgreProperty.so;debug;/usr/lib/x86_64-linux-gnu/libOgreProperty.so
[1.324s] -- Looking for OGRE_RTShaderSystem...
[1.327s] -- Found OGRE_RTShaderSystem: optimized;/usr/lib/x86_64-linux-gnu/libOgreRTShaderSystem.so;debug;/usr/lib/x86_64-linux-gnu/libOgreRTShaderSystem.so
[1.327s] -- Looking for OGRE_Volume...
[1.331s] -- Found OGRE_Volume: optimized;/usr/lib/x86_64-linux-gnu/libOgreVolume.so;debug;/usr/lib/x86_64-linux-gnu/libOgreVolume.so
[1.331s] -- Looking for OGRE_Overlay...
[1.334s] -- Found OGRE_Overlay: optimized;/usr/lib/x86_64-linux-gnu/libOgreOverlay.so;debug;/usr/lib/x86_64-linux-gnu/libOgreOverlay.so
[1.419s] -- Looking for ignition-math6 -- found version 6.15.0
[1.423s] -- Looking for ignition-transport8 -- found version 8.2.1
[1.423s] -- Searching for dependencies of ignition-transport8
[1.450s] -- Found Protobuf: /usr/lib/x86_64-linux-gnu/libprotobuf.so (found suitable version "3.12.4", minimum required is "3") 
[1.469s] -- Config-file not installed for ZeroMQ -- checking for pkg-config
[1.475s] -- Checking for module 'libzmq >= 4'
[1.494s] --   Found libzmq , version 4.3.4
[1.539s] -- Found ZeroMQ: TRUE (Required is at least version "4") 
[1.545s] -- Checking for module 'uuid'
[1.561s] --   Found uuid, version 2.37.2
[1.601s] -- Found UUID: TRUE  
[1.606s] -- Looking for ignition-msgs5 -- found version 5.8.1
[1.606s] -- Searching for dependencies of ignition-msgs5
[1.633s] -- Looking for ignition-math6 -- found version 6.15.0
[1.639s] -- Checking for module 'tinyxml2'
[1.657s] --   Found tinyxml2, version 9.0.0
[1.703s] -- Looking for ignition-msgs5 -- found version 5.8.1
[1.707s] -- Looking for ignition-common3 -- found version 3.14.0
[1.708s] -- Searching for dependencies of ignition-common3
[1.708s] -- Looking for dlfcn.h - found
[1.709s] -- Looking for libdl - found
[1.710s] -- Found DL: TRUE  
[1.724s] -- Found tinyobjloader: /usr/lib/x86_64-linux-gnu/cmake/tinyobjloader/tinyobjloader-config.cmake (found version "2.0.0") 
[1.724s] -- Searching for <ignition-common3> component [graphics]
[1.728s] -- Looking for ignition-common3-graphics -- found version 3.14.0
[1.729s] -- Searching for dependencies of ignition-common3-graphics
[1.729s] -- Looking for ignition-math6 -- found version 6.15.0
[1.734s] -- Looking for ignition-fuel_tools4 -- found version 4.4.0
[1.734s] -- Searching for dependencies of ignition-fuel_tools4
[1.842s] -- Found CURL: /usr/lib/x86_64-linux-gnu/libcurl.so (found version "7.81.0")  
[1.853s] -- Checking for module 'jsoncpp'
[1.870s] --   Found jsoncpp, version 1.9.5
[1.917s] -- Found JSONCPP: TRUE  
[1.923s] -- Checking for module 'libzip'
[1.940s] --   Found libzip, version 1.7.3
[1.988s] -- Found ZIP: TRUE  
[1.988s] -- Looking for ignition-common3 -- found version 3.14.0
[1.988s] -- Looking for ignition-math6 -- found version 6.15.0
[1.988s] -- Looking for ignition-msgs5 -- found version 5.8.1
[1.997s] -- Found gazebo_ros_pkgs: 3.7.0 (/opt/ros/humble/share/gazebo_ros_pkgs/cmake)
[2.000s] -- Found geometry_msgs: 4.2.3 (/opt/ros/humble/share/geometry_msgs/cmake)
[2.042s] -- Found rosidl_generator_c: 3.1.5 (/opt/ros/humble/share/rosidl_generator_c/cmake)
[2.049s] -- Found rosidl_adapter: 3.1.5 (/opt/ros/humble/share/rosidl_adapter/cmake)
[2.060s] -- Found rosidl_generator_cpp: 3.1.5 (/opt/ros/humble/share/rosidl_generator_cpp/cmake)
[2.075s] -- Using all available rosidl_typesupport_c: rosidl_typesupport_fastrtps_c;rosidl_typesupport_introspection_c
[2.095s] -- Using all available rosidl_typesupport_cpp: rosidl_typesupport_fastrtps_cpp;rosidl_typesupport_introspection_cpp
[2.187s] -- Found rclcpp: 16.0.7 (/opt/ros/humble/share/rclcpp/cmake)
[2.249s] -- Found rmw_implementation_cmake: 6.1.1 (/opt/ros/humble/share/rmw_implementation_cmake/cmake)
[2.253s] -- Found rmw_cyclonedds_cpp: 1.3.4 (/opt/ros/humble/share/rmw_cyclonedds_cpp/cmake)
[2.283s] -- Using RMW implementation 'rmw_cyclonedds_cpp' as default
[2.297s] -- Found Threads: TRUE  
[2.396s] -- Found sensor_msgs: 4.2.3 (/opt/ros/humble/share/sensor_msgs/cmake)
[2.459s] -- Found tf2: 0.25.5 (/opt/ros/humble/share/tf2/cmake)
[2.530s] -- Configuring done
[2.537s] -- Generating done
[2.539s] -- Build files have been written to: /root/ros2_code/humble/surround_view_ros/build/gazebo_simulation
[2.549s] Invoked command in '/root/ros2_code/humble/surround_view_ros/build/gazebo_simulation' returned '0': CMAKE_PREFIX_PATH=${CMAKE_PREFIX_PATH}:/root/ros2_code/humble/learning/install/ball_tracker:/opt/ros/humble /usr/bin/cmake /root/ros2_code/humble/surround_view_ros/src/gazebo_simulation -DCMAKE_INSTALL_PREFIX=/root/ros2_code/humble/surround_view_ros/install/gazebo_simulation
[2.551s] Invoking command in '/root/ros2_code/humble/surround_view_ros/build/gazebo_simulation': CMAKE_PREFIX_PATH=${CMAKE_PREFIX_PATH}:/root/ros2_code/humble/learning/install/ball_tracker:/opt/ros/humble /usr/bin/cmake --build /root/ros2_code/humble/surround_view_ros/build/gazebo_simulation -- -j12 -l12
[2.596s] Invoked command in '/root/ros2_code/humble/surround_view_ros/build/gazebo_simulation' returned '0': CMAKE_PREFIX_PATH=${CMAKE_PREFIX_PATH}:/root/ros2_code/humble/learning/install/ball_tracker:/opt/ros/humble /usr/bin/cmake --build /root/ros2_code/humble/surround_view_ros/build/gazebo_simulation -- -j12 -l12
[2.626s] Invoking command in '/root/ros2_code/humble/surround_view_ros/build/gazebo_simulation': CMAKE_PREFIX_PATH=${CMAKE_PREFIX_PATH}:/root/ros2_code/humble/learning/install/ball_tracker:/opt/ros/humble /usr/bin/cmake --install /root/ros2_code/humble/surround_view_ros/build/gazebo_simulation
[2.633s] -- Install configuration: ""
[2.634s] -- Installing: /root/ros2_code/humble/surround_view_ros/install/gazebo_simulation/share/gazebo_simulation//launch
[2.634s] -- Installing: /root/ros2_code/humble/surround_view_ros/install/gazebo_simulation/share/gazebo_simulation//launch/robot_state_publisher.launch.py
[2.634s] -- Installing: /root/ros2_code/humble/surround_view_ros/install/gazebo_simulation/share/gazebo_simulation//launch/surround_view_calibration.launch.py
[2.634s] -- Installing: /root/ros2_code/humble/surround_view_ros/install/gazebo_simulation/share/gazebo_simulation//launch/camera_calibration.launch.py
[2.634s] -- Installing: /root/ros2_code/humble/surround_view_ros/install/gazebo_simulation/share/gazebo_simulation//launch/demo.launch.py
[2.634s] -- Installing: /root/ros2_code/humble/surround_view_ros/install/gazebo_simulation/share/gazebo_simulation//models
[2.634s] -- Installing: /root/ros2_code/humble/surround_view_ros/install/gazebo_simulation/share/gazebo_simulation//models/rs_robot
[2.634s] -- Installing: /root/ros2_code/humble/surround_view_ros/install/gazebo_simulation/share/gazebo_simulation//models/rs_robot/model.config
[2.635s] -- Installing: /root/ros2_code/humble/surround_view_ros/install/gazebo_simulation/share/gazebo_simulation//models/rs_robot/meshes
[2.635s] -- Installing: /root/ros2_code/humble/surround_view_ros/install/gazebo_simulation/share/gazebo_simulation//models/rs_robot/meshes/STL
[2.635s] -- Installing: /root/ros2_code/humble/surround_view_ros/install/gazebo_simulation/share/gazebo_simulation//models/rs_robot/meshes/STL/base
[2.635s] -- Installing: /root/ros2_code/humble/surround_view_ros/install/gazebo_simulation/share/gazebo_simulation//models/rs_robot/meshes/STL/base/base_link.stl
[2.635s] -- Installing: /root/ros2_code/humble/surround_view_ros/install/gazebo_simulation/share/gazebo_simulation//models/rs_robot/meshes/STL/roller
[2.635s] -- Installing: /root/ros2_code/humble/surround_view_ros/install/gazebo_simulation/share/gazebo_simulation//models/rs_robot/meshes/STL/roller/roller.stl
[2.636s] -- Installing: /root/ros2_code/humble/surround_view_ros/install/gazebo_simulation/share/gazebo_simulation//models/rs_robot/meshes/STL/omni_wheel
[2.636s] -- Installing: /root/ros2_code/humble/surround_view_ros/install/gazebo_simulation/share/gazebo_simulation//models/rs_robot/meshes/STL/omni_wheel/omni_wheel.stl
[2.637s] -- Installing: /root/ros2_code/humble/surround_view_ros/install/gazebo_simulation/share/gazebo_simulation//models/rs_robot/meshes/STL/camera
[2.637s] -- Installing: /root/ros2_code/humble/surround_view_ros/install/gazebo_simulation/share/gazebo_simulation//models/rs_robot/meshes/STL/camera/camera.stl
[2.637s] -- Installing: /root/ros2_code/humble/surround_view_ros/install/gazebo_simulation/share/gazebo_simulation//models/rs_robot/meshes/DAE
[2.638s] -- Installing: /root/ros2_code/humble/surround_view_ros/install/gazebo_simulation/share/gazebo_simulation//models/rs_robot/meshes/DAE/base
[2.638s] -- Installing: /root/ros2_code/humble/surround_view_ros/install/gazebo_simulation/share/gazebo_simulation//models/rs_robot/meshes/DAE/base/base_link.dae
[2.638s] -- Installing: /root/ros2_code/humble/surround_view_ros/install/gazebo_simulation/share/gazebo_simulation//models/rs_robot/meshes/DAE/base/base_camera.png
[2.638s] -- Installing: /root/ros2_code/humble/surround_view_ros/install/gazebo_simulation/share/gazebo_simulation//models/rs_robot/meshes/DAE/roller
[2.638s] -- Installing: /root/ros2_code/humble/surround_view_ros/install/gazebo_simulation/share/gazebo_simulation//models/rs_robot/meshes/DAE/roller/roller.dae
[2.639s] -- Installing: /root/ros2_code/humble/surround_view_ros/install/gazebo_simulation/share/gazebo_simulation//models/rs_robot/meshes/DAE/omni_wheel
[2.639s] -- Installing: /root/ros2_code/humble/surround_view_ros/install/gazebo_simulation/share/gazebo_simulation//models/rs_robot/meshes/DAE/omni_wheel/omni_wheel.dae
[2.641s] -- Installing: /root/ros2_code/humble/surround_view_ros/install/gazebo_simulation/share/gazebo_simulation//models/rs_robot/meshes/DAE/camera
[2.641s] -- Installing: /root/ros2_code/humble/surround_view_ros/install/gazebo_simulation/share/gazebo_simulation//models/rs_robot/meshes/DAE/camera/camera.dae
[2.641s] -- Installing: /root/ros2_code/humble/surround_view_ros/install/gazebo_simulation/share/gazebo_simulation//models/rs_robot/config
[2.641s] -- Installing: /root/ros2_code/humble/surround_view_ros/install/gazebo_simulation/share/gazebo_simulation//models/rs_robot/config/controllers.yaml
[2.641s] -- Installing: /root/ros2_code/humble/surround_view_ros/install/gazebo_simulation/share/gazebo_simulation//models/rs_robot/rs_robot.sdf
[2.641s] -- Installing: /root/ros2_code/humble/surround_view_ros/install/gazebo_simulation/share/gazebo_simulation//worlds
[2.641s] -- Installing: /root/ros2_code/humble/surround_view_ros/install/gazebo_simulation/share/gazebo_simulation//worlds/camera_calibration.model
[2.642s] -- Installing: /root/ros2_code/humble/surround_view_ros/install/gazebo_simulation/share/gazebo_simulation//worlds/surround_view_calibration.model
[2.642s] -- Installing: /root/ros2_code/humble/surround_view_ros/install/gazebo_simulation/share/gazebo_simulation//worlds/demo.model
[2.642s] -- Installing: /root/ros2_code/humble/surround_view_ros/install/gazebo_simulation/share/gazebo_simulation//urdf
[2.642s] -- Installing: /root/ros2_code/humble/surround_view_ros/install/gazebo_simulation/share/gazebo_simulation//urdf/rs_robot.urdf
[2.642s] -- Installing: /root/ros2_code/humble/surround_view_ros/install/gazebo_simulation/lib/gazebo_simulation/robot_state_publisher.launch.py
[2.642s] -- Installing: /root/ros2_code/humble/surround_view_ros/install/gazebo_simulation/lib/gazebo_simulation/surround_view_calibration.launch.py
[2.642s] -- Installing: /root/ros2_code/humble/surround_view_ros/install/gazebo_simulation/lib/gazebo_simulation/camera_calibration.launch.py
[2.643s] -- Installing: /root/ros2_code/humble/surround_view_ros/install/gazebo_simulation/share/ament_index/resource_index/package_run_dependencies/gazebo_simulation
[2.643s] -- Installing: /root/ros2_code/humble/surround_view_ros/install/gazebo_simulation/share/ament_index/resource_index/parent_prefix_path/gazebo_simulation
[2.643s] -- Installing: /root/ros2_code/humble/surround_view_ros/install/gazebo_simulation/share/gazebo_simulation/environment/ament_prefix_path.sh
[2.643s] -- Installing: /root/ros2_code/humble/surround_view_ros/install/gazebo_simulation/share/gazebo_simulation/environment/ament_prefix_path.dsv
[2.643s] -- Installing: /root/ros2_code/humble/surround_view_ros/install/gazebo_simulation/share/gazebo_simulation/environment/path.sh
[2.644s] -- Installing: /root/ros2_code/humble/surround_view_ros/install/gazebo_simulation/share/gazebo_simulation/environment/path.dsv
[2.644s] -- Installing: /root/ros2_code/humble/surround_view_ros/install/gazebo_simulation/share/gazebo_simulation/local_setup.bash
[2.644s] -- Installing: /root/ros2_code/humble/surround_view_ros/install/gazebo_simulation/share/gazebo_simulation/local_setup.sh
[2.644s] -- Installing: /root/ros2_code/humble/surround_view_ros/install/gazebo_simulation/share/gazebo_simulation/local_setup.zsh
[2.644s] -- Installing: /root/ros2_code/humble/surround_view_ros/install/gazebo_simulation/share/gazebo_simulation/local_setup.dsv
[2.644s] -- Installing: /root/ros2_code/humble/surround_view_ros/install/gazebo_simulation/share/gazebo_simulation/package.dsv
[2.645s] -- Installing: /root/ros2_code/humble/surround_view_ros/install/gazebo_simulation/share/ament_index/resource_index/packages/gazebo_simulation
[2.645s] -- Installing: /root/ros2_code/humble/surround_view_ros/install/gazebo_simulation/share/gazebo_simulation/cmake/ament_cmake_export_include_directories-extras.cmake
[2.645s] -- Installing: /root/ros2_code/humble/surround_view_ros/install/gazebo_simulation/share/gazebo_simulation/cmake/ament_cmake_export_dependencies-extras.cmake
[2.645s] -- Installing: /root/ros2_code/humble/surround_view_ros/install/gazebo_simulation/share/gazebo_simulation/cmake/gazebo_simulationConfig.cmake
[2.645s] -- Installing: /root/ros2_code/humble/surround_view_ros/install/gazebo_simulation/share/gazebo_simulation/cmake/gazebo_simulationConfig-version.cmake
[2.645s] -- Installing: /root/ros2_code/humble/surround_view_ros/install/gazebo_simulation/share/gazebo_simulation/package.xml
[2.648s] Invoked command in '/root/ros2_code/humble/surround_view_ros/build/gazebo_simulation' returned '0': CMAKE_PREFIX_PATH=${CMAKE_PREFIX_PATH}:/root/ros2_code/humble/learning/install/ball_tracker:/opt/ros/humble /usr/bin/cmake --install /root/ros2_code/humble/surround_view_ros/build/gazebo_simulation
