-- Found cv_bridge: 3.2.1 (/opt/ros/humble/share/cv_bridge/cmake)
-- Override CMake install command with custom implementation using symlinks instead of copying resources
-- Found rosidl_generator_c: 3.1.5 (/opt/ros/humble/share/rosidl_generator_c/cmake)
-- Found rosidl_adapter: 3.1.5 (/opt/ros/humble/share/rosidl_adapter/cmake)
-- Found rosidl_generator_cpp: 3.1.5 (/opt/ros/humble/share/rosidl_generator_cpp/cmake)
-- Using all available rosidl_typesupport_c: rosidl_typesupport_fastrtps_c;rosidl_typesupport_introspection_c
-- Using all available rosidl_typesupport_cpp: rosidl_typesupport_fastrtps_cpp;rosidl_typesupport_introspection_cpp
-- Found rclcpp: 16.0.7 (/opt/ros/humble/share/rclcpp/cmake)
-- Found rmw_implementation_cmake: 6.1.1 (/opt/ros/humble/share/rmw_implementation_cmake/cmake)
-- Found rmw_cyclonedds_cpp: 1.3.4 (/opt/ros/humble/share/rmw_cyclonedds_cpp/cmake)
-- Using RMW implementation 'rmw_cyclonedds_cpp' as default
-- Found std_srvs: 4.2.3 (/opt/ros/humble/share/std_srvs/cmake)
-- Found tf2: 0.25.5 (/opt/ros/humble/share/tf2/cmake)
-- Found tf2_ros: 0.25.5 (/opt/ros/humble/share/tf2_ros/cmake)
-- Configuring done
-- Generating done
-- Build files have been written to: /root/ros2_code/humble/ros_bot/build/tutorial_pkg
[35m[1mConsolidate compiler generated dependencies of target my_first_node[0m
[35m[1mConsolidate compiler generated dependencies of target tf_broadcaster[0m
[35m[1mConsolidate compiler generated dependencies of target tf_listener[0m
[35m[1mConsolidate compiler generated dependencies of target tracker[0m
[ 25%] [32m[1mLinking CXX executable tf_listener[0m
[ 37%] [32m[1mLinking CXX executable tf_broadcaster[0m
[ 37%] [32m[1mLinking CXX executable my_first_node[0m
[ 50%] [32m[1mLinking CXX executable tracker[0m
[ 62%] Built target tf_broadcaster
[ 75%] Built target tf_listener
[ 87%] Built target my_first_node
[100%] Built target tracker
-- Install configuration: ""
-- Execute custom install script
-- Symlinking: /root/ros2_code/humble/ros_bot/install/tutorial_pkg/lib/tutorial_pkg/my_first_node
-- Symlinking: /root/ros2_code/humble/ros_bot/install/tutorial_pkg/lib/tutorial_pkg/tracker
-- Symlinking: /root/ros2_code/humble/ros_bot/install/tutorial_pkg/lib/tutorial_pkg/tf_broadcaster
-- Symlinking: /root/ros2_code/humble/ros_bot/install/tutorial_pkg/lib/tutorial_pkg/tf_listener
-- Symlinking: /root/ros2_code/humble/ros_bot/install/tutorial_pkg/share/tutorial_pkg/config/amcl.yaml
-- Symlinking: /root/ros2_code/humble/ros_bot/install/tutorial_pkg/share/tutorial_pkg/config/explore.yaml
-- Symlinking: /root/ros2_code/humble/ros_bot/install/tutorial_pkg/share/tutorial_pkg/config/navigation.yaml
-- Symlinking: /root/ros2_code/humble/ros_bot/install/tutorial_pkg/share/tutorial_pkg/config/slam.yaml
-- Symlinking: /root/ros2_code/humble/ros_bot/install/tutorial_pkg/share/tutorial_pkg/launch/amcl.launch.py
-- Symlinking: /root/ros2_code/humble/ros_bot/install/tutorial_pkg/share/tutorial_pkg/launch/explore.launch.py
-- Symlinking: /root/ros2_code/humble/ros_bot/install/tutorial_pkg/share/tutorial_pkg/launch/my_launch_file.launch.py
-- Symlinking: /root/ros2_code/humble/ros_bot/install/tutorial_pkg/share/tutorial_pkg/launch/my_launch_file.xml
-- Symlinking: /root/ros2_code/humble/ros_bot/install/tutorial_pkg/share/tutorial_pkg/launch/my_launch_file.yaml
-- Symlinking: /root/ros2_code/humble/ros_bot/install/tutorial_pkg/share/tutorial_pkg/launch/navigation.launch.py
-- Symlinking: /root/ros2_code/humble/ros_bot/install/tutorial_pkg/share/tutorial_pkg/launch/slam.launch.py
-- Symlinking: /root/ros2_code/humble/ros_bot/install/tutorial_pkg/share/tutorial_pkg/maps/map.pgm
-- Symlinking: /root/ros2_code/humble/ros_bot/install/tutorial_pkg/share/tutorial_pkg/maps/map.yaml
-- Symlinking: /root/ros2_code/humble/ros_bot/install/tutorial_pkg/share/tutorial_pkg/maps/map_serialized.data
-- Symlinking: /root/ros2_code/humble/ros_bot/install/tutorial_pkg/share/tutorial_pkg/maps/map_serialized.posegraph
-- Symlinking: /root/ros2_code/humble/ros_bot/install/tutorial_pkg/share/tutorial_pkg/rviz/amcl.rviz
-- Symlinking: /root/ros2_code/humble/ros_bot/install/tutorial_pkg/share/tutorial_pkg/rviz/explore.rviz
-- Symlinking: /root/ros2_code/humble/ros_bot/install/tutorial_pkg/share/tutorial_pkg/rviz/navigation.rviz
-- Symlinking: /root/ros2_code/humble/ros_bot/install/tutorial_pkg/share/tutorial_pkg/rviz/slam.rviz
-- Symlinking: /root/ros2_code/humble/ros_bot/install/tutorial_pkg/share/ament_index/resource_index/package_run_dependencies/tutorial_pkg
-- Symlinking: /root/ros2_code/humble/ros_bot/install/tutorial_pkg/share/ament_index/resource_index/parent_prefix_path/tutorial_pkg
-- Symlinking: /root/ros2_code/humble/ros_bot/install/tutorial_pkg/share/tutorial_pkg/environment/ament_prefix_path.sh
-- Symlinking: /root/ros2_code/humble/ros_bot/install/tutorial_pkg/share/tutorial_pkg/environment/ament_prefix_path.dsv
-- Symlinking: /root/ros2_code/humble/ros_bot/install/tutorial_pkg/share/tutorial_pkg/environment/path.sh
-- Symlinking: /root/ros2_code/humble/ros_bot/install/tutorial_pkg/share/tutorial_pkg/environment/path.dsv
-- Symlinking: /root/ros2_code/humble/ros_bot/install/tutorial_pkg/share/tutorial_pkg/local_setup.bash
-- Symlinking: /root/ros2_code/humble/ros_bot/install/tutorial_pkg/share/tutorial_pkg/local_setup.sh
-- Symlinking: /root/ros2_code/humble/ros_bot/install/tutorial_pkg/share/tutorial_pkg/local_setup.zsh
-- Symlinking: /root/ros2_code/humble/ros_bot/install/tutorial_pkg/share/tutorial_pkg/local_setup.dsv
-- Symlinking: /root/ros2_code/humble/ros_bot/install/tutorial_pkg/share/tutorial_pkg/package.dsv
-- Symlinking: /root/ros2_code/humble/ros_bot/install/tutorial_pkg/share/ament_index/resource_index/packages/tutorial_pkg
-- Symlinking: /root/ros2_code/humble/ros_bot/install/tutorial_pkg/share/tutorial_pkg/cmake/tutorial_pkgConfig.cmake
-- Symlinking: /root/ros2_code/humble/ros_bot/install/tutorial_pkg/share/tutorial_pkg/cmake/tutorial_pkgConfig-version.cmake
-- Symlinking: /root/ros2_code/humble/ros_bot/install/tutorial_pkg/share/tutorial_pkg/package.xml
