[2.813s] Invoking command in '/root/ros2_code/humble/tc_ros2_nav/src/path_planner_server': PYTHONPATH=/root/ros2_code/humble/tc_ros2_nav/build/path_planner_server/prefix_override:/root/ros2_code/humble/tc_ros2_nav/install/path_planner_server/lib/python3.10/site-packages:${PYTHONPATH} /usr/bin/python3 setup.py egg_info --egg-base ../../build/path_planner_server build --build-base /root/ros2_code/humble/tc_ros2_nav/build/path_planner_server/build install --record /root/ros2_code/humble/tc_ros2_nav/build/path_planner_server/install.log --single-version-externally-managed
[3.099s] running egg_info
[3.100s] writing ../../build/path_planner_server/path_planner_server.egg-info/PKG-INFO
[3.100s] writing dependency_links to ../../build/path_planner_server/path_planner_server.egg-info/dependency_links.txt
[3.101s] writing entry points to ../../build/path_planner_server/path_planner_server.egg-info/entry_points.txt
[3.101s] writing requirements to ../../build/path_planner_server/path_planner_server.egg-info/requires.txt
[3.101s] writing top-level names to ../../build/path_planner_server/path_planner_server.egg-info/top_level.txt
[3.102s] reading manifest file '../../build/path_planner_server/path_planner_server.egg-info/SOURCES.txt'
[3.104s] writing manifest file '../../build/path_planner_server/path_planner_server.egg-info/SOURCES.txt'
[3.104s] running build
[3.104s] running build_py
[3.104s] running install
[3.105s] running install_lib
[3.107s] running install_data
[3.108s] copying config/bt_navigator.yaml -> /root/ros2_code/humble/tc_ros2_nav/install/path_planner_server/share/path_planner_server/config
[3.108s] running install_egg_info
[3.111s] removing '/root/ros2_code/humble/tc_ros2_nav/install/path_planner_server/lib/python3.10/site-packages/path_planner_server-0.0.0-py3.10.egg-info' (and everything under it)
[3.111s] Copying ../../build/path_planner_server/path_planner_server.egg-info to /root/ros2_code/humble/tc_ros2_nav/install/path_planner_server/lib/python3.10/site-packages/path_planner_server-0.0.0-py3.10.egg-info
[3.112s] running install_scripts
[3.134s] writing list of installed files to '/root/ros2_code/humble/tc_ros2_nav/build/path_planner_server/install.log'
[3.303s] Invoked command in '/root/ros2_code/humble/tc_ros2_nav/src/path_planner_server' returned '0': PYTHONPATH=/root/ros2_code/humble/tc_ros2_nav/build/path_planner_server/prefix_override:/root/ros2_code/humble/tc_ros2_nav/install/path_planner_server/lib/python3.10/site-packages:${PYTHONPATH} /usr/bin/python3 setup.py egg_info --egg-base ../../build/path_planner_server build --build-base /root/ros2_code/humble/tc_ros2_nav/build/path_planner_server/build install --record /root/ros2_code/humble/tc_ros2_nav/build/path_planner_server/install.log --single-version-externally-managed
