[0.464s] Invoking command in '/root/ros2_code/humble/ros_bot/build/tutorial_pkg': CMAKE_PREFIX_PATH=${CMAKE_PREFIX_PATH}:/root/ros2_code/humble/ros_bot/install/rosbot_utils:/root/ros2_code/humble/ros_bot/install/rosbot_gazebo:/root/ros2_code/humble/ros_bot/install/rosbot_bringup:/root/ros2_code/humble/ros_bot/install/rosbot_controller:/root/ros2_code/humble/vision/install/path_planner_pkg:/root/ros2_code/humble/vision/install/nav2_api_pkg:/root/ros2_code/humble/vision/install/joystick_pkg:/root/ros2_code/humble/vision/install/cartographer_pkg:/root/ros2_code/humble/nav2class/install/autonomous_tb3:/root/ros2_code/humble/simulations/install/path_planner_server:/root/ros2_code/humble/simulations/install/map_server:/root/ros2_code/humble/simulations/install/localization_server:/opt/ros/humble /usr/bin/cmake /root/ros2_code/humble/ros_bot/src/tutorial_pkg -DCMAKE_INSTALL_PREFIX=/root/ros2_code/humble/ros_bot/install/tutorial_pkg
[0.601s] -- The C compiler identification is GNU 11.4.0
[0.737s] -- The CXX compiler identification is GNU 11.4.0
[0.746s] -- Detecting C compiler ABI info
[0.824s] -- Detecting C compiler ABI info - done
[0.832s] -- Check for working C compiler: /usr/bin/cc - skipped
[0.832s] -- Detecting C compile features
[0.833s] -- Detecting C compile features - done
[0.836s] -- Detecting CXX compiler ABI info
[0.925s] -- Detecting CXX compiler ABI info - done
[0.931s] -- Check for working CXX compiler: /usr/bin/c++ - skipped
[0.931s] -- Detecting CXX compile features
[0.931s] -- Detecting CXX compile features - done
[0.947s] -- Found OpenCV: /usr (found version "4.5.4") 
[0.953s] -- Found cv_bridge: 3.2.1 (/opt/ros/humble/share/cv_bridge/cmake)
[1.141s] -- Found Python3: /usr/bin/python3.10 (found version "3.10.12") found components: Interpreter 
[1.410s] -- Found rosidl_generator_c: 3.1.5 (/opt/ros/humble/share/rosidl_generator_c/cmake)
[1.426s] -- Found rosidl_adapter: 3.1.5 (/opt/ros/humble/share/rosidl_adapter/cmake)
[1.446s] -- Found rosidl_generator_cpp: 3.1.5 (/opt/ros/humble/share/rosidl_generator_cpp/cmake)
[1.472s] -- Using all available rosidl_typesupport_c: rosidl_typesupport_fastrtps_c;rosidl_typesupport_introspection_c
[1.508s] -- Using all available rosidl_typesupport_cpp: rosidl_typesupport_fastrtps_cpp;rosidl_typesupport_introspection_cpp
[1.717s] -- Found rclcpp: 16.0.7 (/opt/ros/humble/share/rclcpp/cmake)
[1.823s] -- Found rmw_implementation_cmake: 6.1.1 (/opt/ros/humble/share/rmw_implementation_cmake/cmake)
[1.831s] -- Found rmw_cyclonedds_cpp: 1.3.4 (/opt/ros/humble/share/rmw_cyclonedds_cpp/cmake)
[1.886s] -- Using RMW implementation 'rmw_cyclonedds_cpp' as default
[1.912s] -- Looking for pthread.h
[1.996s] -- Looking for pthread.h - found
[1.996s] -- Performing Test CMAKE_HAVE_LIBC_PTHREAD
[2.076s] -- Performing Test CMAKE_HAVE_LIBC_PTHREAD - Success
[2.077s] -- Found Threads: TRUE  
[2.201s] -- Found std_srvs: 4.2.3 (/opt/ros/humble/share/std_srvs/cmake)
[2.230s] -- Found tf2: 0.25.5 (/opt/ros/humble/share/tf2/cmake)
[2.260s] -- Found tf2_ros: 0.25.5 (/opt/ros/humble/share/tf2_ros/cmake)
[2.638s] -- Configuring done
[2.664s] -- Generating done
[2.666s] -- Build files have been written to: /root/ros2_code/humble/ros_bot/build/tutorial_pkg
[2.677s] Invoked command in '/root/ros2_code/humble/ros_bot/build/tutorial_pkg' returned '0': CMAKE_PREFIX_PATH=${CMAKE_PREFIX_PATH}:/root/ros2_code/humble/ros_bot/install/rosbot_utils:/root/ros2_code/humble/ros_bot/install/rosbot_gazebo:/root/ros2_code/humble/ros_bot/install/rosbot_bringup:/root/ros2_code/humble/ros_bot/install/rosbot_controller:/root/ros2_code/humble/vision/install/path_planner_pkg:/root/ros2_code/humble/vision/install/nav2_api_pkg:/root/ros2_code/humble/vision/install/joystick_pkg:/root/ros2_code/humble/vision/install/cartographer_pkg:/root/ros2_code/humble/nav2class/install/autonomous_tb3:/root/ros2_code/humble/simulations/install/path_planner_server:/root/ros2_code/humble/simulations/install/map_server:/root/ros2_code/humble/simulations/install/localization_server:/opt/ros/humble /usr/bin/cmake /root/ros2_code/humble/ros_bot/src/tutorial_pkg -DCMAKE_INSTALL_PREFIX=/root/ros2_code/humble/ros_bot/install/tutorial_pkg
[2.679s] Invoking command in '/root/ros2_code/humble/ros_bot/build/tutorial_pkg': CMAKE_PREFIX_PATH=${CMAKE_PREFIX_PATH}:/root/ros2_code/humble/ros_bot/install/rosbot_utils:/root/ros2_code/humble/ros_bot/install/rosbot_gazebo:/root/ros2_code/humble/ros_bot/install/rosbot_bringup:/root/ros2_code/humble/ros_bot/install/rosbot_controller:/root/ros2_code/humble/vision/install/path_planner_pkg:/root/ros2_code/humble/vision/install/nav2_api_pkg:/root/ros2_code/humble/vision/install/joystick_pkg:/root/ros2_code/humble/vision/install/cartographer_pkg:/root/ros2_code/humble/nav2class/install/autonomous_tb3:/root/ros2_code/humble/simulations/install/path_planner_server:/root/ros2_code/humble/simulations/install/map_server:/root/ros2_code/humble/simulations/install/localization_server:/opt/ros/humble /usr/bin/cmake --build /root/ros2_code/humble/ros_bot/build/tutorial_pkg -- -j12 -l12
[2.735s] [ 50%] [32mBuilding CXX object CMakeFiles/tf_listener.dir/src/tf_listener.cpp.o[0m
[2.735s] [ 50%] [32mBuilding CXX object CMakeFiles/my_first_node.dir/src/my_first_node.cpp.o[0m
[2.735s] [ 50%] [32mBuilding CXX object CMakeFiles/tracker.dir/src/tracker.cpp.o[0m
[2.735s] [ 50%] [32mBuilding CXX object CMakeFiles/tf_broadcaster.dir/src/tf_broadcaster.cpp.o[0m
[5.183s] [01m[K/root/ros2_code/humble/ros_bot/src/tutorial_pkg/src/my_first_node.cpp:[m[K In member function ‘[01m[Kvoid MyNode::counter_callback(std_srvs::srv::Trigger_Request_<std::allocator<void> >::SharedPtr, std_srvs::srv::Trigger_Response_<std::allocator<void> >::SharedPtr)[m[K’:
[5.183s] [01m[K/root/ros2_code/humble/ros_bot/src/tutorial_pkg/src/my_first_node.cpp:61:54:[m[K [01;35m[Kwarning: [m[Kunused parameter ‘[01m[Kreq[m[K’ [[01;35m[K-Wunused-parameter[m[K]
[5.183s]    61 |     [01;35m[Kconst std_srvs::srv::Trigger::Request::SharedPtr req[m[K,
[5.184s]       |     [01;35m[K~~~~~~~~~~~~~~~~~~~~~~~~~~~~~~~~~~~~~~~~~~~~~~~~~^~~[m[K
[5.741s] [ 62%] [32m[1mLinking CXX executable tf_listener[0m
[5.927s] [ 62%] Built target tf_listener
[6.438s] [ 75%] [32m[1mLinking CXX executable tf_broadcaster[0m
[6.620s] [ 75%] Built target tf_broadcaster
[10.813s] [ 87%] [32m[1mLinking CXX executable tracker[0m
[10.823s] [100%] [32m[1mLinking CXX executable my_first_node[0m
[11.219s] [100%] Built target my_first_node
[11.511s] [100%] Built target tracker
[11.523s] Invoked command in '/root/ros2_code/humble/ros_bot/build/tutorial_pkg' returned '0': CMAKE_PREFIX_PATH=${CMAKE_PREFIX_PATH}:/root/ros2_code/humble/ros_bot/install/rosbot_utils:/root/ros2_code/humble/ros_bot/install/rosbot_gazebo:/root/ros2_code/humble/ros_bot/install/rosbot_bringup:/root/ros2_code/humble/ros_bot/install/rosbot_controller:/root/ros2_code/humble/vision/install/path_planner_pkg:/root/ros2_code/humble/vision/install/nav2_api_pkg:/root/ros2_code/humble/vision/install/joystick_pkg:/root/ros2_code/humble/vision/install/cartographer_pkg:/root/ros2_code/humble/nav2class/install/autonomous_tb3:/root/ros2_code/humble/simulations/install/path_planner_server:/root/ros2_code/humble/simulations/install/map_server:/root/ros2_code/humble/simulations/install/localization_server:/opt/ros/humble /usr/bin/cmake --build /root/ros2_code/humble/ros_bot/build/tutorial_pkg -- -j12 -l12
[11.570s] Invoking command in '/root/ros2_code/humble/ros_bot/build/tutorial_pkg': CMAKE_PREFIX_PATH=${CMAKE_PREFIX_PATH}:/root/ros2_code/humble/ros_bot/install/rosbot_utils:/root/ros2_code/humble/ros_bot/install/rosbot_gazebo:/root/ros2_code/humble/ros_bot/install/rosbot_bringup:/root/ros2_code/humble/ros_bot/install/rosbot_controller:/root/ros2_code/humble/vision/install/path_planner_pkg:/root/ros2_code/humble/vision/install/nav2_api_pkg:/root/ros2_code/humble/vision/install/joystick_pkg:/root/ros2_code/humble/vision/install/cartographer_pkg:/root/ros2_code/humble/nav2class/install/autonomous_tb3:/root/ros2_code/humble/simulations/install/path_planner_server:/root/ros2_code/humble/simulations/install/map_server:/root/ros2_code/humble/simulations/install/localization_server:/opt/ros/humble /usr/bin/cmake --install /root/ros2_code/humble/ros_bot/build/tutorial_pkg
[11.578s] -- Install configuration: ""
[11.578s] -- Installing: /root/ros2_code/humble/ros_bot/install/tutorial_pkg/lib/tutorial_pkg/my_first_node
[11.583s] -- Set runtime path of "/root/ros2_code/humble/ros_bot/install/tutorial_pkg/lib/tutorial_pkg/my_first_node" to ""
[11.584s] -- Installing: /root/ros2_code/humble/ros_bot/install/tutorial_pkg/lib/tutorial_pkg/tracker
[11.588s] -- Set runtime path of "/root/ros2_code/humble/ros_bot/install/tutorial_pkg/lib/tutorial_pkg/tracker" to ""
[11.588s] -- Installing: /root/ros2_code/humble/ros_bot/install/tutorial_pkg/lib/tutorial_pkg/tf_broadcaster
[11.589s] -- Set runtime path of "/root/ros2_code/humble/ros_bot/install/tutorial_pkg/lib/tutorial_pkg/tf_broadcaster" to ""
[11.589s] -- Installing: /root/ros2_code/humble/ros_bot/install/tutorial_pkg/lib/tutorial_pkg/tf_listener
[11.590s] -- Set runtime path of "/root/ros2_code/humble/ros_bot/install/tutorial_pkg/lib/tutorial_pkg/tf_listener" to ""
[11.590s] -- Installing: /root/ros2_code/humble/ros_bot/install/tutorial_pkg/share/tutorial_pkg/config
[11.590s] -- Installing: /root/ros2_code/humble/ros_bot/install/tutorial_pkg/share/tutorial_pkg/config/amcl.yaml
[11.590s] -- Installing: /root/ros2_code/humble/ros_bot/install/tutorial_pkg/share/tutorial_pkg/config/explore.yaml
[11.590s] -- Installing: /root/ros2_code/humble/ros_bot/install/tutorial_pkg/share/tutorial_pkg/config/slam.yaml
[11.591s] -- Installing: /root/ros2_code/humble/ros_bot/install/tutorial_pkg/share/tutorial_pkg/config/navigation.yaml
[11.591s] -- Installing: /root/ros2_code/humble/ros_bot/install/tutorial_pkg/share/tutorial_pkg/launch
[11.591s] -- Installing: /root/ros2_code/humble/ros_bot/install/tutorial_pkg/share/tutorial_pkg/launch/my_launch_file.xml
[11.591s] -- Installing: /root/ros2_code/humble/ros_bot/install/tutorial_pkg/share/tutorial_pkg/launch/my_launch_file.launch.py
[11.591s] -- Installing: /root/ros2_code/humble/ros_bot/install/tutorial_pkg/share/tutorial_pkg/launch/explore.launch.py
[11.591s] -- Installing: /root/ros2_code/humble/ros_bot/install/tutorial_pkg/share/tutorial_pkg/launch/slam.launch.py
[11.592s] -- Installing: /root/ros2_code/humble/ros_bot/install/tutorial_pkg/share/tutorial_pkg/launch/navigation.launch.py
[11.592s] -- Installing: /root/ros2_code/humble/ros_bot/install/tutorial_pkg/share/tutorial_pkg/launch/my_launch_file.yaml
[11.592s] -- Installing: /root/ros2_code/humble/ros_bot/install/tutorial_pkg/share/tutorial_pkg/launch/amcl.launch.py
[11.592s] -- Installing: /root/ros2_code/humble/ros_bot/install/tutorial_pkg/share/tutorial_pkg/maps
[11.592s] -- Installing: /root/ros2_code/humble/ros_bot/install/tutorial_pkg/share/tutorial_pkg/maps/map.pgm
[11.593s] -- Installing: /root/ros2_code/humble/ros_bot/install/tutorial_pkg/share/tutorial_pkg/maps/map_serialized.data
[11.607s] -- Installing: /root/ros2_code/humble/ros_bot/install/tutorial_pkg/share/tutorial_pkg/maps/map.yaml
[11.608s] -- Installing: /root/ros2_code/humble/ros_bot/install/tutorial_pkg/share/tutorial_pkg/maps/map_serialized.posegraph
[11.643s] -- Installing: /root/ros2_code/humble/ros_bot/install/tutorial_pkg/share/tutorial_pkg/rviz
[11.643s] -- Installing: /root/ros2_code/humble/ros_bot/install/tutorial_pkg/share/tutorial_pkg/rviz/amcl.rviz
[11.643s] -- Installing: /root/ros2_code/humble/ros_bot/install/tutorial_pkg/share/tutorial_pkg/rviz/slam.rviz
[11.643s] -- Installing: /root/ros2_code/humble/ros_bot/install/tutorial_pkg/share/tutorial_pkg/rviz/navigation.rviz
[11.643s] -- Installing: /root/ros2_code/humble/ros_bot/install/tutorial_pkg/share/tutorial_pkg/rviz/explore.rviz
[11.643s] -- Installing: /root/ros2_code/humble/ros_bot/install/tutorial_pkg/share/ament_index/resource_index/package_run_dependencies/tutorial_pkg
[11.643s] -- Installing: /root/ros2_code/humble/ros_bot/install/tutorial_pkg/share/ament_index/resource_index/parent_prefix_path/tutorial_pkg
[11.644s] -- Installing: /root/ros2_code/humble/ros_bot/install/tutorial_pkg/share/tutorial_pkg/environment/ament_prefix_path.sh
[11.644s] -- Installing: /root/ros2_code/humble/ros_bot/install/tutorial_pkg/share/tutorial_pkg/environment/ament_prefix_path.dsv
[11.644s] -- Installing: /root/ros2_code/humble/ros_bot/install/tutorial_pkg/share/tutorial_pkg/environment/path.sh
[11.644s] -- Installing: /root/ros2_code/humble/ros_bot/install/tutorial_pkg/share/tutorial_pkg/environment/path.dsv
[11.644s] -- Installing: /root/ros2_code/humble/ros_bot/install/tutorial_pkg/share/tutorial_pkg/local_setup.bash
[11.644s] -- Installing: /root/ros2_code/humble/ros_bot/install/tutorial_pkg/share/tutorial_pkg/local_setup.sh
[11.645s] -- Installing: /root/ros2_code/humble/ros_bot/install/tutorial_pkg/share/tutorial_pkg/local_setup.zsh
[11.645s] -- Installing: /root/ros2_code/humble/ros_bot/install/tutorial_pkg/share/tutorial_pkg/local_setup.dsv
[11.645s] -- Installing: /root/ros2_code/humble/ros_bot/install/tutorial_pkg/share/tutorial_pkg/package.dsv
[11.645s] -- Installing: /root/ros2_code/humble/ros_bot/install/tutorial_pkg/share/ament_index/resource_index/packages/tutorial_pkg
[11.645s] -- Installing: /root/ros2_code/humble/ros_bot/install/tutorial_pkg/share/tutorial_pkg/cmake/tutorial_pkgConfig.cmake
[11.646s] -- Installing: /root/ros2_code/humble/ros_bot/install/tutorial_pkg/share/tutorial_pkg/cmake/tutorial_pkgConfig-version.cmake
[11.646s] -- Installing: /root/ros2_code/humble/ros_bot/install/tutorial_pkg/share/tutorial_pkg/package.xml
[11.649s] Invoked command in '/root/ros2_code/humble/ros_bot/build/tutorial_pkg' returned '0': CMAKE_PREFIX_PATH=${CMAKE_PREFIX_PATH}:/root/ros2_code/humble/ros_bot/install/rosbot_utils:/root/ros2_code/humble/ros_bot/install/rosbot_gazebo:/root/ros2_code/humble/ros_bot/install/rosbot_bringup:/root/ros2_code/humble/ros_bot/install/rosbot_controller:/root/ros2_code/humble/vision/install/path_planner_pkg:/root/ros2_code/humble/vision/install/nav2_api_pkg:/root/ros2_code/humble/vision/install/joystick_pkg:/root/ros2_code/humble/vision/install/cartographer_pkg:/root/ros2_code/humble/nav2class/install/autonomous_tb3:/root/ros2_code/humble/simulations/install/path_planner_server:/root/ros2_code/humble/simulations/install/map_server:/root/ros2_code/humble/simulations/install/localization_server:/opt/ros/humble /usr/bin/cmake --install /root/ros2_code/humble/ros_bot/build/tutorial_pkg
