[0.992s] DEBUG:colcon:Command line arguments: ['/usr/bin/colcon', 'build']
[0.992s] DEBUG:colcon:Parsed command line arguments: Namespace(log_base=None, log_level=None, verb_name='build', build_base='build', install_base='install', merge_install=False, symlink_install=False, test_result_base=None, continue_on_error=False, executor='parallel', parallel_workers=12, event_handlers=None, ignore_user_meta=False, metas=['./colcon.meta'], base_paths=['.'], packages_ignore=None, packages_ignore_regex=None, paths=None, packages_up_to=None, packages_up_to_regex=None, packages_above=None, packages_above_and_dependencies=None, packages_above_depth=None, packages_select_by_dep=None, packages_skip_by_dep=None, packages_skip_up_to=None, packages_select_build_failed=False, packages_skip_build_finished=False, packages_select_test_failures=False, packages_skip_test_passed=False, packages_select=None, packages_skip=None, packages_select_regex=None, packages_skip_regex=None, packages_start=None, packages_end=None, cmake_args=None, cmake_target=None, cmake_target_skip_unavailable=False, cmake_clean_cache=False, cmake_clean_first=False, cmake_force_configure=False, ament_cmake_args=None, catkin_cmake_args=None, catkin_skip_building_tests=False, verb_parser=<colcon_defaults.argument_parser.defaults.DefaultArgumentsDecorator object at 0x7fbb50f3f5b0>, verb_extension=<colcon_core.verb.build.BuildVerb object at 0x7fbb50f3c5b0>, main=<bound method BuildVerb.main of <colcon_core.verb.build.BuildVerb object at 0x7fbb50f3c5b0>>)
[1.038s] Level 1:colcon.colcon_core.package_discovery:discover_packages(colcon_meta) check parameters
[1.039s] Level 1:colcon.colcon_core.package_discovery:discover_packages(recursive) check parameters
[1.039s] Level 1:colcon.colcon_core.package_discovery:discover_packages(ignore) check parameters
[1.039s] Level 1:colcon.colcon_core.package_discovery:discover_packages(path) check parameters
[1.039s] Level 1:colcon.colcon_core.package_discovery:discover_packages(colcon_meta) discover
[1.039s] Level 1:colcon.colcon_core.package_discovery:discover_packages(recursive) discover
[1.039s] INFO:colcon.colcon_core.package_discovery:Crawling recursively for packages in '/root/ros2_code/humble/tc_ros2_nav'
[1.039s] Level 1:colcon.colcon_core.package_identification:_identify(.) by extensions ['ignore', 'ignore_ament_install']
[1.039s] Level 1:colcon.colcon_core.package_identification:_identify(.) by extension 'ignore'
[1.039s] Level 1:colcon.colcon_core.package_identification:_identify(.) by extension 'ignore_ament_install'
[1.039s] Level 1:colcon.colcon_core.package_identification:_identify(.) by extensions ['colcon_pkg']
[1.039s] Level 1:colcon.colcon_core.package_identification:_identify(.) by extension 'colcon_pkg'
[1.039s] Level 1:colcon.colcon_core.package_identification:_identify(.) by extensions ['colcon_meta']
[1.039s] Level 1:colcon.colcon_core.package_identification:_identify(.) by extension 'colcon_meta'
[1.039s] Level 1:colcon.colcon_core.package_identification:_identify(.) by extensions ['ros']
[1.039s] Level 1:colcon.colcon_core.package_identification:_identify(.) by extension 'ros'
[1.049s] Level 1:colcon.colcon_core.package_identification:_identify(.) by extensions ['cmake', 'python']
[1.049s] Level 1:colcon.colcon_core.package_identification:_identify(.) by extension 'cmake'
[1.050s] Level 1:colcon.colcon_core.package_identification:_identify(.) by extension 'python'
[1.050s] Level 1:colcon.colcon_core.package_identification:_identify(.) by extensions ['python_setup_py']
[1.050s] Level 1:colcon.colcon_core.package_identification:_identify(.) by extension 'python_setup_py'
[1.050s] Level 1:colcon.colcon_core.package_identification:_identify(build) by extensions ['ignore', 'ignore_ament_install']
[1.050s] Level 1:colcon.colcon_core.package_identification:_identify(build) by extension 'ignore'
[1.050s] Level 1:colcon.colcon_core.package_identification:_identify(build) ignored
[1.050s] Level 1:colcon.colcon_core.package_identification:_identify(install) by extensions ['ignore', 'ignore_ament_install']
[1.050s] Level 1:colcon.colcon_core.package_identification:_identify(install) by extension 'ignore'
[1.050s] Level 1:colcon.colcon_core.package_identification:_identify(install) ignored
[1.050s] Level 1:colcon.colcon_core.package_identification:_identify(log) by extensions ['ignore', 'ignore_ament_install']
[1.050s] Level 1:colcon.colcon_core.package_identification:_identify(log) by extension 'ignore'
[1.050s] Level 1:colcon.colcon_core.package_identification:_identify(log) ignored
[1.050s] Level 1:colcon.colcon_core.package_identification:_identify(src) by extensions ['ignore', 'ignore_ament_install']
[1.051s] Level 1:colcon.colcon_core.package_identification:_identify(src) by extension 'ignore'
[1.051s] Level 1:colcon.colcon_core.package_identification:_identify(src) by extension 'ignore_ament_install'
[1.051s] Level 1:colcon.colcon_core.package_identification:_identify(src) by extensions ['colcon_pkg']
[1.051s] Level 1:colcon.colcon_core.package_identification:_identify(src) by extension 'colcon_pkg'
[1.051s] Level 1:colcon.colcon_core.package_identification:_identify(src) by extensions ['colcon_meta']
[1.051s] Level 1:colcon.colcon_core.package_identification:_identify(src) by extension 'colcon_meta'
[1.051s] Level 1:colcon.colcon_core.package_identification:_identify(src) by extensions ['ros']
[1.051s] Level 1:colcon.colcon_core.package_identification:_identify(src) by extension 'ros'
[1.051s] Level 1:colcon.colcon_core.package_identification:_identify(src) by extensions ['cmake', 'python']
[1.051s] Level 1:colcon.colcon_core.package_identification:_identify(src) by extension 'cmake'
[1.051s] Level 1:colcon.colcon_core.package_identification:_identify(src) by extension 'python'
[1.051s] Level 1:colcon.colcon_core.package_identification:_identify(src) by extensions ['python_setup_py']
[1.051s] Level 1:colcon.colcon_core.package_identification:_identify(src) by extension 'python_setup_py'
[1.051s] Level 1:colcon.colcon_core.package_identification:_identify(src/amcl) by extensions ['ignore', 'ignore_ament_install']
[1.051s] Level 1:colcon.colcon_core.package_identification:_identify(src/amcl) by extension 'ignore'
[1.051s] Level 1:colcon.colcon_core.package_identification:_identify(src/amcl) by extension 'ignore_ament_install'
[1.051s] Level 1:colcon.colcon_core.package_identification:_identify(src/amcl) by extensions ['colcon_pkg']
[1.051s] Level 1:colcon.colcon_core.package_identification:_identify(src/amcl) by extension 'colcon_pkg'
[1.051s] Level 1:colcon.colcon_core.package_identification:_identify(src/amcl) by extensions ['colcon_meta']
[1.051s] Level 1:colcon.colcon_core.package_identification:_identify(src/amcl) by extension 'colcon_meta'
[1.051s] Level 1:colcon.colcon_core.package_identification:_identify(src/amcl) by extensions ['ros']
[1.051s] Level 1:colcon.colcon_core.package_identification:_identify(src/amcl) by extension 'ros'
[1.054s] DEBUG:colcon.colcon_core.package_identification:Package 'src/amcl' with type 'ros.ament_python' and name 'amcl'
[1.054s] Level 1:colcon.colcon_core.package_identification:_identify(src/cartographer_slam) by extensions ['ignore', 'ignore_ament_install']
[1.054s] Level 1:colcon.colcon_core.package_identification:_identify(src/cartographer_slam) by extension 'ignore'
[1.054s] Level 1:colcon.colcon_core.package_identification:_identify(src/cartographer_slam) by extension 'ignore_ament_install'
[1.054s] Level 1:colcon.colcon_core.package_identification:_identify(src/cartographer_slam) by extensions ['colcon_pkg']
[1.054s] Level 1:colcon.colcon_core.package_identification:_identify(src/cartographer_slam) by extension 'colcon_pkg'
[1.054s] Level 1:colcon.colcon_core.package_identification:_identify(src/cartographer_slam) by extensions ['colcon_meta']
[1.054s] Level 1:colcon.colcon_core.package_identification:_identify(src/cartographer_slam) by extension 'colcon_meta'
[1.054s] Level 1:colcon.colcon_core.package_identification:_identify(src/cartographer_slam) by extensions ['ros']
[1.054s] Level 1:colcon.colcon_core.package_identification:_identify(src/cartographer_slam) by extension 'ros'
[1.054s] DEBUG:colcon.colcon_core.package_identification:Package 'src/cartographer_slam' with type 'ros.ament_python' and name 'cartographer_slam'
[1.054s] Level 1:colcon.colcon_core.package_identification:_identify(src/localization_server) by extensions ['ignore', 'ignore_ament_install']
[1.055s] Level 1:colcon.colcon_core.package_identification:_identify(src/localization_server) by extension 'ignore'
[1.055s] Level 1:colcon.colcon_core.package_identification:_identify(src/localization_server) by extension 'ignore_ament_install'
[1.055s] Level 1:colcon.colcon_core.package_identification:_identify(src/localization_server) by extensions ['colcon_pkg']
[1.055s] Level 1:colcon.colcon_core.package_identification:_identify(src/localization_server) by extension 'colcon_pkg'
[1.055s] Level 1:colcon.colcon_core.package_identification:_identify(src/localization_server) by extensions ['colcon_meta']
[1.055s] Level 1:colcon.colcon_core.package_identification:_identify(src/localization_server) by extension 'colcon_meta'
[1.055s] Level 1:colcon.colcon_core.package_identification:_identify(src/localization_server) by extensions ['ros']
[1.055s] Level 1:colcon.colcon_core.package_identification:_identify(src/localization_server) by extension 'ros'
[1.055s] DEBUG:colcon.colcon_core.package_identification:Package 'src/localization_server' with type 'ros.ament_python' and name 'localization_server'
[1.055s] Level 1:colcon.colcon_core.package_identification:_identify(src/map_server) by extensions ['ignore', 'ignore_ament_install']
[1.055s] Level 1:colcon.colcon_core.package_identification:_identify(src/map_server) by extension 'ignore'
[1.055s] Level 1:colcon.colcon_core.package_identification:_identify(src/map_server) by extension 'ignore_ament_install'
[1.055s] Level 1:colcon.colcon_core.package_identification:_identify(src/map_server) by extensions ['colcon_pkg']
[1.055s] Level 1:colcon.colcon_core.package_identification:_identify(src/map_server) by extension 'colcon_pkg'
[1.055s] Level 1:colcon.colcon_core.package_identification:_identify(src/map_server) by extensions ['colcon_meta']
[1.055s] Level 1:colcon.colcon_core.package_identification:_identify(src/map_server) by extension 'colcon_meta'
[1.056s] Level 1:colcon.colcon_core.package_identification:_identify(src/map_server) by extensions ['ros']
[1.056s] Level 1:colcon.colcon_core.package_identification:_identify(src/map_server) by extension 'ros'
[1.056s] DEBUG:colcon.colcon_core.package_identification:Package 'src/map_server' with type 'ros.ament_python' and name 'map_server'
[1.056s] Level 1:colcon.colcon_core.package_identification:_identify(src/path_planner_server) by extensions ['ignore', 'ignore_ament_install']
[1.056s] Level 1:colcon.colcon_core.package_identification:_identify(src/path_planner_server) by extension 'ignore'
[1.056s] Level 1:colcon.colcon_core.package_identification:_identify(src/path_planner_server) by extension 'ignore_ament_install'
[1.056s] Level 1:colcon.colcon_core.package_identification:_identify(src/path_planner_server) by extensions ['colcon_pkg']
[1.056s] Level 1:colcon.colcon_core.package_identification:_identify(src/path_planner_server) by extension 'colcon_pkg'
[1.056s] Level 1:colcon.colcon_core.package_identification:_identify(src/path_planner_server) by extensions ['colcon_meta']
[1.056s] Level 1:colcon.colcon_core.package_identification:_identify(src/path_planner_server) by extension 'colcon_meta'
[1.056s] Level 1:colcon.colcon_core.package_identification:_identify(src/path_planner_server) by extensions ['ros']
[1.056s] Level 1:colcon.colcon_core.package_identification:_identify(src/path_planner_server) by extension 'ros'
[1.057s] DEBUG:colcon.colcon_core.package_identification:Package 'src/path_planner_server' with type 'ros.ament_python' and name 'path_planner_server'
[1.057s] Level 1:colcon.colcon_core.package_identification:_identify(src/ros2_nav_files) by extensions ['ignore', 'ignore_ament_install']
[1.057s] Level 1:colcon.colcon_core.package_identification:_identify(src/ros2_nav_files) by extension 'ignore'
[1.057s] Level 1:colcon.colcon_core.package_identification:_identify(src/ros2_nav_files) by extension 'ignore_ament_install'
[1.057s] Level 1:colcon.colcon_core.package_identification:_identify(src/ros2_nav_files) by extensions ['colcon_pkg']
[1.057s] Level 1:colcon.colcon_core.package_identification:_identify(src/ros2_nav_files) by extension 'colcon_pkg'
[1.057s] Level 1:colcon.colcon_core.package_identification:_identify(src/ros2_nav_files) by extensions ['colcon_meta']
[1.057s] Level 1:colcon.colcon_core.package_identification:_identify(src/ros2_nav_files) by extension 'colcon_meta'
[1.057s] Level 1:colcon.colcon_core.package_identification:_identify(src/ros2_nav_files) by extensions ['ros']
[1.057s] Level 1:colcon.colcon_core.package_identification:_identify(src/ros2_nav_files) by extension 'ros'
[1.057s] Level 1:colcon.colcon_core.package_identification:_identify(src/ros2_nav_files) by extensions ['cmake', 'python']
[1.057s] Level 1:colcon.colcon_core.package_identification:_identify(src/ros2_nav_files) by extension 'cmake'
[1.057s] Level 1:colcon.colcon_core.package_identification:_identify(src/ros2_nav_files) by extension 'python'
[1.057s] Level 1:colcon.colcon_core.package_identification:_identify(src/ros2_nav_files) by extensions ['python_setup_py']
[1.057s] Level 1:colcon.colcon_core.package_identification:_identify(src/ros2_nav_files) by extension 'python_setup_py'
[1.057s] Level 1:colcon.colcon_core.package_identification:_identify(src/ros2_nav_files/nav2_course) by extensions ['ignore', 'ignore_ament_install']
[1.057s] Level 1:colcon.colcon_core.package_identification:_identify(src/ros2_nav_files/nav2_course) by extension 'ignore'
[1.057s] Level 1:colcon.colcon_core.package_identification:_identify(src/ros2_nav_files/nav2_course) by extension 'ignore_ament_install'
[1.057s] Level 1:colcon.colcon_core.package_identification:_identify(src/ros2_nav_files/nav2_course) by extensions ['colcon_pkg']
[1.057s] Level 1:colcon.colcon_core.package_identification:_identify(src/ros2_nav_files/nav2_course) by extension 'colcon_pkg'
[1.057s] Level 1:colcon.colcon_core.package_identification:_identify(src/ros2_nav_files/nav2_course) by extensions ['colcon_meta']
[1.057s] Level 1:colcon.colcon_core.package_identification:_identify(src/ros2_nav_files/nav2_course) by extension 'colcon_meta'
[1.058s] Level 1:colcon.colcon_core.package_identification:_identify(src/ros2_nav_files/nav2_course) by extensions ['ros']
[1.058s] Level 1:colcon.colcon_core.package_identification:_identify(src/ros2_nav_files/nav2_course) by extension 'ros'
[1.058s] DEBUG:colcon.colcon_core.package_identification:Package 'src/ros2_nav_files/nav2_course' with type 'ros.ament_cmake' and name 'nav2_course'
[1.058s] Level 1:colcon.colcon_core.package_identification:_identify(src/ros2_nav_files/nav2_project) by extensions ['ignore', 'ignore_ament_install']
[1.058s] Level 1:colcon.colcon_core.package_identification:_identify(src/ros2_nav_files/nav2_project) by extension 'ignore'
[1.058s] Level 1:colcon.colcon_core.package_identification:_identify(src/ros2_nav_files/nav2_project) by extension 'ignore_ament_install'
[1.058s] Level 1:colcon.colcon_core.package_identification:_identify(src/ros2_nav_files/nav2_project) by extensions ['colcon_pkg']
[1.058s] Level 1:colcon.colcon_core.package_identification:_identify(src/ros2_nav_files/nav2_project) by extension 'colcon_pkg'
[1.058s] Level 1:colcon.colcon_core.package_identification:_identify(src/ros2_nav_files/nav2_project) by extensions ['colcon_meta']
[1.058s] Level 1:colcon.colcon_core.package_identification:_identify(src/ros2_nav_files/nav2_project) by extension 'colcon_meta'
[1.058s] Level 1:colcon.colcon_core.package_identification:_identify(src/ros2_nav_files/nav2_project) by extensions ['ros']
[1.058s] Level 1:colcon.colcon_core.package_identification:_identify(src/ros2_nav_files/nav2_project) by extension 'ros'
[1.059s] DEBUG:colcon.colcon_core.package_identification:Package 'src/ros2_nav_files/nav2_project' with type 'ros.ament_python' and name 'nav2_project'
[1.059s] Level 1:colcon.colcon_core.package_identification:_identify(src/ros2_nav_files/rviz) by extensions ['ignore', 'ignore_ament_install']
[1.059s] Level 1:colcon.colcon_core.package_identification:_identify(src/ros2_nav_files/rviz) by extension 'ignore'
[1.059s] Level 1:colcon.colcon_core.package_identification:_identify(src/ros2_nav_files/rviz) by extension 'ignore_ament_install'
[1.059s] Level 1:colcon.colcon_core.package_identification:_identify(src/ros2_nav_files/rviz) by extensions ['colcon_pkg']
[1.059s] Level 1:colcon.colcon_core.package_identification:_identify(src/ros2_nav_files/rviz) by extension 'colcon_pkg'
[1.059s] Level 1:colcon.colcon_core.package_identification:_identify(src/ros2_nav_files/rviz) by extensions ['colcon_meta']
[1.059s] Level 1:colcon.colcon_core.package_identification:_identify(src/ros2_nav_files/rviz) by extension 'colcon_meta'
[1.059s] Level 1:colcon.colcon_core.package_identification:_identify(src/ros2_nav_files/rviz) by extensions ['ros']
[1.059s] Level 1:colcon.colcon_core.package_identification:_identify(src/ros2_nav_files/rviz) by extension 'ros'
[1.059s] Level 1:colcon.colcon_core.package_identification:_identify(src/ros2_nav_files/rviz) by extensions ['cmake', 'python']
[1.059s] Level 1:colcon.colcon_core.package_identification:_identify(src/ros2_nav_files/rviz) by extension 'cmake'
[1.059s] Level 1:colcon.colcon_core.package_identification:_identify(src/ros2_nav_files/rviz) by extension 'python'
[1.059s] Level 1:colcon.colcon_core.package_identification:_identify(src/ros2_nav_files/rviz) by extensions ['python_setup_py']
[1.059s] Level 1:colcon.colcon_core.package_identification:_identify(src/ros2_nav_files/rviz) by extension 'python_setup_py'
[1.059s] Level 1:colcon.colcon_core.package_discovery:discover_packages(recursive) using defaults
[1.059s] Level 1:colcon.colcon_core.package_discovery:discover_packages(ignore) discover
[1.059s] Level 1:colcon.colcon_core.package_discovery:discover_packages(ignore) using defaults
[1.059s] Level 1:colcon.colcon_core.package_discovery:discover_packages(path) discover
[1.059s] Level 1:colcon.colcon_core.package_discovery:discover_packages(path) using defaults
[1.136s] Level 5:colcon.colcon_core.verb:set package 'amcl' build argument 'cmake_args' from command line to 'None'
[1.136s] Level 5:colcon.colcon_core.verb:set package 'amcl' build argument 'cmake_target' from command line to 'None'
[1.136s] Level 5:colcon.colcon_core.verb:set package 'amcl' build argument 'cmake_target_skip_unavailable' from command line to 'False'
[1.136s] Level 5:colcon.colcon_core.verb:set package 'amcl' build argument 'cmake_clean_cache' from command line to 'False'
[1.136s] Level 5:colcon.colcon_core.verb:set package 'amcl' build argument 'cmake_clean_first' from command line to 'False'
[1.136s] Level 5:colcon.colcon_core.verb:set package 'amcl' build argument 'cmake_force_configure' from command line to 'False'
[1.136s] Level 5:colcon.colcon_core.verb:set package 'amcl' build argument 'ament_cmake_args' from command line to 'None'
[1.136s] Level 5:colcon.colcon_core.verb:set package 'amcl' build argument 'catkin_cmake_args' from command line to 'None'
[1.136s] Level 5:colcon.colcon_core.verb:set package 'amcl' build argument 'catkin_skip_building_tests' from command line to 'False'
[1.136s] DEBUG:colcon.colcon_core.verb:Building package 'amcl' with the following arguments: {'ament_cmake_args': None, 'build_base': '/root/ros2_code/humble/tc_ros2_nav/build/amcl', 'catkin_cmake_args': None, 'catkin_skip_building_tests': False, 'cmake_args': None, 'cmake_clean_cache': False, 'cmake_clean_first': False, 'cmake_force_configure': False, 'cmake_target': None, 'cmake_target_skip_unavailable': False, 'install_base': '/root/ros2_code/humble/tc_ros2_nav/install/amcl', 'merge_install': False, 'path': '/root/ros2_code/humble/tc_ros2_nav/src/amcl', 'symlink_install': False, 'test_result_base': None}
[1.152s] Level 5:colcon.colcon_core.verb:set package 'cartographer_slam' build argument 'cmake_args' from command line to 'None'
[1.152s] Level 5:colcon.colcon_core.verb:set package 'cartographer_slam' build argument 'cmake_target' from command line to 'None'
[1.152s] Level 5:colcon.colcon_core.verb:set package 'cartographer_slam' build argument 'cmake_target_skip_unavailable' from command line to 'False'
[1.152s] Level 5:colcon.colcon_core.verb:set package 'cartographer_slam' build argument 'cmake_clean_cache' from command line to 'False'
[1.152s] Level 5:colcon.colcon_core.verb:set package 'cartographer_slam' build argument 'cmake_clean_first' from command line to 'False'
[1.152s] Level 5:colcon.colcon_core.verb:set package 'cartographer_slam' build argument 'cmake_force_configure' from command line to 'False'
[1.152s] Level 5:colcon.colcon_core.verb:set package 'cartographer_slam' build argument 'ament_cmake_args' from command line to 'None'
[1.152s] Level 5:colcon.colcon_core.verb:set package 'cartographer_slam' build argument 'catkin_cmake_args' from command line to 'None'
[1.152s] Level 5:colcon.colcon_core.verb:set package 'cartographer_slam' build argument 'catkin_skip_building_tests' from command line to 'False'
[1.152s] DEBUG:colcon.colcon_core.verb:Building package 'cartographer_slam' with the following arguments: {'ament_cmake_args': None, 'build_base': '/root/ros2_code/humble/tc_ros2_nav/build/cartographer_slam', 'catkin_cmake_args': None, 'catkin_skip_building_tests': False, 'cmake_args': None, 'cmake_clean_cache': False, 'cmake_clean_first': False, 'cmake_force_configure': False, 'cmake_target': None, 'cmake_target_skip_unavailable': False, 'install_base': '/root/ros2_code/humble/tc_ros2_nav/install/cartographer_slam', 'merge_install': False, 'path': '/root/ros2_code/humble/tc_ros2_nav/src/cartographer_slam', 'symlink_install': False, 'test_result_base': None}
[1.168s] Level 5:colcon.colcon_core.verb:set package 'localization_server' build argument 'cmake_args' from command line to 'None'
[1.168s] Level 5:colcon.colcon_core.verb:set package 'localization_server' build argument 'cmake_target' from command line to 'None'
[1.168s] Level 5:colcon.colcon_core.verb:set package 'localization_server' build argument 'cmake_target_skip_unavailable' from command line to 'False'
[1.168s] Level 5:colcon.colcon_core.verb:set package 'localization_server' build argument 'cmake_clean_cache' from command line to 'False'
[1.168s] Level 5:colcon.colcon_core.verb:set package 'localization_server' build argument 'cmake_clean_first' from command line to 'False'
[1.168s] Level 5:colcon.colcon_core.verb:set package 'localization_server' build argument 'cmake_force_configure' from command line to 'False'
[1.168s] Level 5:colcon.colcon_core.verb:set package 'localization_server' build argument 'ament_cmake_args' from command line to 'None'
[1.168s] Level 5:colcon.colcon_core.verb:set package 'localization_server' build argument 'catkin_cmake_args' from command line to 'None'
[1.168s] Level 5:colcon.colcon_core.verb:set package 'localization_server' build argument 'catkin_skip_building_tests' from command line to 'False'
[1.168s] DEBUG:colcon.colcon_core.verb:Building package 'localization_server' with the following arguments: {'ament_cmake_args': None, 'build_base': '/root/ros2_code/humble/tc_ros2_nav/build/localization_server', 'catkin_cmake_args': None, 'catkin_skip_building_tests': False, 'cmake_args': None, 'cmake_clean_cache': False, 'cmake_clean_first': False, 'cmake_force_configure': False, 'cmake_target': None, 'cmake_target_skip_unavailable': False, 'install_base': '/root/ros2_code/humble/tc_ros2_nav/install/localization_server', 'merge_install': False, 'path': '/root/ros2_code/humble/tc_ros2_nav/src/localization_server', 'symlink_install': False, 'test_result_base': None}
[1.183s] Level 5:colcon.colcon_core.verb:set package 'map_server' build argument 'cmake_args' from command line to 'None'
[1.183s] Level 5:colcon.colcon_core.verb:set package 'map_server' build argument 'cmake_target' from command line to 'None'
[1.183s] Level 5:colcon.colcon_core.verb:set package 'map_server' build argument 'cmake_target_skip_unavailable' from command line to 'False'
[1.183s] Level 5:colcon.colcon_core.verb:set package 'map_server' build argument 'cmake_clean_cache' from command line to 'False'
[1.183s] Level 5:colcon.colcon_core.verb:set package 'map_server' build argument 'cmake_clean_first' from command line to 'False'
[1.183s] Level 5:colcon.colcon_core.verb:set package 'map_server' build argument 'cmake_force_configure' from command line to 'False'
[1.183s] Level 5:colcon.colcon_core.verb:set package 'map_server' build argument 'ament_cmake_args' from command line to 'None'
[1.183s] Level 5:colcon.colcon_core.verb:set package 'map_server' build argument 'catkin_cmake_args' from command line to 'None'
[1.183s] Level 5:colcon.colcon_core.verb:set package 'map_server' build argument 'catkin_skip_building_tests' from command line to 'False'
[1.183s] DEBUG:colcon.colcon_core.verb:Building package 'map_server' with the following arguments: {'ament_cmake_args': None, 'build_base': '/root/ros2_code/humble/tc_ros2_nav/build/map_server', 'catkin_cmake_args': None, 'catkin_skip_building_tests': False, 'cmake_args': None, 'cmake_clean_cache': False, 'cmake_clean_first': False, 'cmake_force_configure': False, 'cmake_target': None, 'cmake_target_skip_unavailable': False, 'install_base': '/root/ros2_code/humble/tc_ros2_nav/install/map_server', 'merge_install': False, 'path': '/root/ros2_code/humble/tc_ros2_nav/src/map_server', 'symlink_install': False, 'test_result_base': None}
[1.198s] Level 5:colcon.colcon_core.verb:set package 'nav2_course' build argument 'cmake_args' from command line to 'None'
[1.199s] Level 5:colcon.colcon_core.verb:set package 'nav2_course' build argument 'cmake_target' from command line to 'None'
[1.199s] Level 5:colcon.colcon_core.verb:set package 'nav2_course' build argument 'cmake_target_skip_unavailable' from command line to 'False'
[1.199s] Level 5:colcon.colcon_core.verb:set package 'nav2_course' build argument 'cmake_clean_cache' from command line to 'False'
[1.199s] Level 5:colcon.colcon_core.verb:set package 'nav2_course' build argument 'cmake_clean_first' from command line to 'False'
[1.199s] Level 5:colcon.colcon_core.verb:set package 'nav2_course' build argument 'cmake_force_configure' from command line to 'False'
[1.199s] Level 5:colcon.colcon_core.verb:set package 'nav2_course' build argument 'ament_cmake_args' from command line to 'None'
[1.199s] Level 5:colcon.colcon_core.verb:set package 'nav2_course' build argument 'catkin_cmake_args' from command line to 'None'
[1.199s] Level 5:colcon.colcon_core.verb:set package 'nav2_course' build argument 'catkin_skip_building_tests' from command line to 'False'
[1.199s] DEBUG:colcon.colcon_core.verb:Building package 'nav2_course' with the following arguments: {'ament_cmake_args': None, 'build_base': '/root/ros2_code/humble/tc_ros2_nav/build/nav2_course', 'catkin_cmake_args': None, 'catkin_skip_building_tests': False, 'cmake_args': None, 'cmake_clean_cache': False, 'cmake_clean_first': False, 'cmake_force_configure': False, 'cmake_target': None, 'cmake_target_skip_unavailable': False, 'install_base': '/root/ros2_code/humble/tc_ros2_nav/install/nav2_course', 'merge_install': False, 'path': '/root/ros2_code/humble/tc_ros2_nav/src/ros2_nav_files/nav2_course', 'symlink_install': False, 'test_result_base': None}
[1.227s] Level 5:colcon.colcon_core.verb:set package 'nav2_project' build argument 'cmake_args' from command line to 'None'
[1.227s] Level 5:colcon.colcon_core.verb:set package 'nav2_project' build argument 'cmake_target' from command line to 'None'
[1.228s] Level 5:colcon.colcon_core.verb:set package 'nav2_project' build argument 'cmake_target_skip_unavailable' from command line to 'False'
[1.228s] Level 5:colcon.colcon_core.verb:set package 'nav2_project' build argument 'cmake_clean_cache' from command line to 'False'
[1.228s] Level 5:colcon.colcon_core.verb:set package 'nav2_project' build argument 'cmake_clean_first' from command line to 'False'
[1.228s] Level 5:colcon.colcon_core.verb:set package 'nav2_project' build argument 'cmake_force_configure' from command line to 'False'
[1.228s] Level 5:colcon.colcon_core.verb:set package 'nav2_project' build argument 'ament_cmake_args' from command line to 'None'
[1.228s] Level 5:colcon.colcon_core.verb:set package 'nav2_project' build argument 'catkin_cmake_args' from command line to 'None'
[1.228s] Level 5:colcon.colcon_core.verb:set package 'nav2_project' build argument 'catkin_skip_building_tests' from command line to 'False'
[1.228s] DEBUG:colcon.colcon_core.verb:Building package 'nav2_project' with the following arguments: {'ament_cmake_args': None, 'build_base': '/root/ros2_code/humble/tc_ros2_nav/build/nav2_project', 'catkin_cmake_args': None, 'catkin_skip_building_tests': False, 'cmake_args': None, 'cmake_clean_cache': False, 'cmake_clean_first': False, 'cmake_force_configure': False, 'cmake_target': None, 'cmake_target_skip_unavailable': False, 'install_base': '/root/ros2_code/humble/tc_ros2_nav/install/nav2_project', 'merge_install': False, 'path': '/root/ros2_code/humble/tc_ros2_nav/src/ros2_nav_files/nav2_project', 'symlink_install': False, 'test_result_base': None}
[1.241s] Level 5:colcon.colcon_core.verb:set package 'path_planner_server' build argument 'cmake_args' from command line to 'None'
[1.241s] Level 5:colcon.colcon_core.verb:set package 'path_planner_server' build argument 'cmake_target' from command line to 'None'
[1.241s] Level 5:colcon.colcon_core.verb:set package 'path_planner_server' build argument 'cmake_target_skip_unavailable' from command line to 'False'
[1.241s] Level 5:colcon.colcon_core.verb:set package 'path_planner_server' build argument 'cmake_clean_cache' from command line to 'False'
[1.241s] Level 5:colcon.colcon_core.verb:set package 'path_planner_server' build argument 'cmake_clean_first' from command line to 'False'
[1.241s] Level 5:colcon.colcon_core.verb:set package 'path_planner_server' build argument 'cmake_force_configure' from command line to 'False'
[1.241s] Level 5:colcon.colcon_core.verb:set package 'path_planner_server' build argument 'ament_cmake_args' from command line to 'None'
[1.241s] Level 5:colcon.colcon_core.verb:set package 'path_planner_server' build argument 'catkin_cmake_args' from command line to 'None'
[1.241s] Level 5:colcon.colcon_core.verb:set package 'path_planner_server' build argument 'catkin_skip_building_tests' from command line to 'False'
[1.242s] DEBUG:colcon.colcon_core.verb:Building package 'path_planner_server' with the following arguments: {'ament_cmake_args': None, 'build_base': '/root/ros2_code/humble/tc_ros2_nav/build/path_planner_server', 'catkin_cmake_args': None, 'catkin_skip_building_tests': False, 'cmake_args': None, 'cmake_clean_cache': False, 'cmake_clean_first': False, 'cmake_force_configure': False, 'cmake_target': None, 'cmake_target_skip_unavailable': False, 'install_base': '/root/ros2_code/humble/tc_ros2_nav/install/path_planner_server', 'merge_install': False, 'path': '/root/ros2_code/humble/tc_ros2_nav/src/path_planner_server', 'symlink_install': False, 'test_result_base': None}
[1.256s] INFO:colcon.colcon_core.executor:Executing jobs using 'parallel' executor
[1.272s] DEBUG:colcon.colcon_parallel_executor.executor.parallel:run_until_complete
[1.272s] INFO:colcon.colcon_ros.task.ament_python.build:Building ROS package in '/root/ros2_code/humble/tc_ros2_nav/src/amcl' with build type 'ament_python'
[1.272s] Level 1:colcon.colcon_core.shell:create_environment_hook('amcl', 'ament_prefix_path')
[1.291s] INFO:colcon.colcon_core.plugin_system:Skipping extension 'colcon_core.shell.bat': Not used on non-Windows systems
[1.292s] INFO:colcon.colcon_core.shell:Creating environment hook '/root/ros2_code/humble/tc_ros2_nav/install/amcl/share/amcl/hook/ament_prefix_path.ps1'
[1.292s] INFO:colcon.colcon_core.shell:Creating environment descriptor '/root/ros2_code/humble/tc_ros2_nav/install/amcl/share/amcl/hook/ament_prefix_path.dsv'
[1.293s] INFO:colcon.colcon_core.shell:Creating environment hook '/root/ros2_code/humble/tc_ros2_nav/install/amcl/share/amcl/hook/ament_prefix_path.sh'
[1.308s] INFO:colcon.colcon_core.shell:Skip shell extension 'powershell' for command environment: Not usable outside of PowerShell
[1.308s] DEBUG:colcon.colcon_core.shell:Skip shell extension 'dsv' for command environment
[1.362s] INFO:colcon.colcon_ros.task.ament_python.build:Building ROS package in '/root/ros2_code/humble/tc_ros2_nav/src/cartographer_slam' with build type 'ament_python'
[1.362s] Level 1:colcon.colcon_core.shell:create_environment_hook('cartographer_slam', 'ament_prefix_path')
[1.378s] INFO:colcon.colcon_core.shell:Creating environment hook '/root/ros2_code/humble/tc_ros2_nav/install/cartographer_slam/share/cartographer_slam/hook/ament_prefix_path.ps1'
[1.379s] INFO:colcon.colcon_core.shell:Creating environment descriptor '/root/ros2_code/humble/tc_ros2_nav/install/cartographer_slam/share/cartographer_slam/hook/ament_prefix_path.dsv'
[1.379s] INFO:colcon.colcon_core.shell:Creating environment hook '/root/ros2_code/humble/tc_ros2_nav/install/cartographer_slam/share/cartographer_slam/hook/ament_prefix_path.sh'
[1.396s] INFO:colcon.colcon_core.shell:Skip shell extension 'powershell' for command environment: Not usable outside of PowerShell
[1.396s] DEBUG:colcon.colcon_core.shell:Skip shell extension 'dsv' for command environment
[1.449s] INFO:colcon.colcon_ros.task.ament_python.build:Building ROS package in '/root/ros2_code/humble/tc_ros2_nav/src/localization_server' with build type 'ament_python'
[1.450s] Level 1:colcon.colcon_core.shell:create_environment_hook('localization_server', 'ament_prefix_path')
[1.465s] INFO:colcon.colcon_core.shell:Creating environment hook '/root/ros2_code/humble/tc_ros2_nav/install/localization_server/share/localization_server/hook/ament_prefix_path.ps1'
[1.465s] INFO:colcon.colcon_core.shell:Creating environment descriptor '/root/ros2_code/humble/tc_ros2_nav/install/localization_server/share/localization_server/hook/ament_prefix_path.dsv'
[1.466s] INFO:colcon.colcon_core.shell:Creating environment hook '/root/ros2_code/humble/tc_ros2_nav/install/localization_server/share/localization_server/hook/ament_prefix_path.sh'
[1.480s] INFO:colcon.colcon_core.shell:Skip shell extension 'powershell' for command environment: Not usable outside of PowerShell
[1.480s] DEBUG:colcon.colcon_core.shell:Skip shell extension 'dsv' for command environment
[1.533s] INFO:colcon.colcon_ros.task.ament_python.build:Building ROS package in '/root/ros2_code/humble/tc_ros2_nav/src/map_server' with build type 'ament_python'
[1.533s] Level 1:colcon.colcon_core.shell:create_environment_hook('map_server', 'ament_prefix_path')
[1.548s] INFO:colcon.colcon_core.shell:Creating environment hook '/root/ros2_code/humble/tc_ros2_nav/install/map_server/share/map_server/hook/ament_prefix_path.ps1'
[1.549s] INFO:colcon.colcon_core.shell:Creating environment descriptor '/root/ros2_code/humble/tc_ros2_nav/install/map_server/share/map_server/hook/ament_prefix_path.dsv'
[1.549s] INFO:colcon.colcon_core.shell:Creating environment hook '/root/ros2_code/humble/tc_ros2_nav/install/map_server/share/map_server/hook/ament_prefix_path.sh'
[1.565s] INFO:colcon.colcon_core.shell:Skip shell extension 'powershell' for command environment: Not usable outside of PowerShell
[1.565s] DEBUG:colcon.colcon_core.shell:Skip shell extension 'dsv' for command environment
[1.620s] INFO:colcon.colcon_ros.task.ament_cmake.build:Building ROS package in '/root/ros2_code/humble/tc_ros2_nav/src/ros2_nav_files/nav2_course' with build type 'ament_cmake'
[1.620s] INFO:colcon.colcon_cmake.task.cmake.build:Building CMake package in '/root/ros2_code/humble/tc_ros2_nav/src/ros2_nav_files/nav2_course'
[1.636s] INFO:colcon.colcon_core.shell:Skip shell extension 'powershell' for command environment: Not usable outside of PowerShell
[1.637s] DEBUG:colcon.colcon_core.shell:Skip shell extension 'dsv' for command environment
[1.691s] INFO:colcon.colcon_ros.task.ament_python.build:Building ROS package in '/root/ros2_code/humble/tc_ros2_nav/src/ros2_nav_files/nav2_project' with build type 'ament_python'
[1.692s] Level 1:colcon.colcon_core.shell:create_environment_hook('nav2_project', 'ament_prefix_path')
[1.708s] INFO:colcon.colcon_core.shell:Creating environment hook '/root/ros2_code/humble/tc_ros2_nav/install/nav2_project/share/nav2_project/hook/ament_prefix_path.ps1'
[1.709s] INFO:colcon.colcon_core.shell:Creating environment descriptor '/root/ros2_code/humble/tc_ros2_nav/install/nav2_project/share/nav2_project/hook/ament_prefix_path.dsv'
[1.710s] INFO:colcon.colcon_core.shell:Creating environment hook '/root/ros2_code/humble/tc_ros2_nav/install/nav2_project/share/nav2_project/hook/ament_prefix_path.sh'
[1.728s] INFO:colcon.colcon_core.shell:Skip shell extension 'powershell' for command environment: Not usable outside of PowerShell
[1.728s] DEBUG:colcon.colcon_core.shell:Skip shell extension 'dsv' for command environment
[1.778s] INFO:colcon.colcon_ros.task.ament_python.build:Building ROS package in '/root/ros2_code/humble/tc_ros2_nav/src/path_planner_server' with build type 'ament_python'
[1.778s] Level 1:colcon.colcon_core.shell:create_environment_hook('path_planner_server', 'ament_prefix_path')
[1.792s] INFO:colcon.colcon_core.shell:Creating environment hook '/root/ros2_code/humble/tc_ros2_nav/install/path_planner_server/share/path_planner_server/hook/ament_prefix_path.ps1'
[1.793s] INFO:colcon.colcon_core.shell:Creating environment descriptor '/root/ros2_code/humble/tc_ros2_nav/install/path_planner_server/share/path_planner_server/hook/ament_prefix_path.dsv'
[1.793s] INFO:colcon.colcon_core.shell:Creating environment hook '/root/ros2_code/humble/tc_ros2_nav/install/path_planner_server/share/path_planner_server/hook/ament_prefix_path.sh'
[1.809s] INFO:colcon.colcon_core.shell:Skip shell extension 'powershell' for command environment: Not usable outside of PowerShell
[1.809s] DEBUG:colcon.colcon_core.shell:Skip shell extension 'dsv' for command environment
[2.133s] INFO:colcon.colcon_core.task.python.build:Building Python package in '/root/ros2_code/humble/tc_ros2_nav/src/amcl'
[2.151s] INFO:colcon.colcon_core.shell:Skip shell extension 'powershell' for command environment: Not usable outside of PowerShell
[2.151s] DEBUG:colcon.colcon_core.shell:Skip shell extension 'dsv' for command environment
[2.468s] INFO:colcon.colcon_core.task.python.build:Building Python package in '/root/ros2_code/humble/tc_ros2_nav/src/cartographer_slam'
[2.482s] INFO:colcon.colcon_core.shell:Skip shell extension 'powershell' for command environment: Not usable outside of PowerShell
[2.482s] DEBUG:colcon.colcon_core.shell:Skip shell extension 'dsv' for command environment
[2.804s] INFO:colcon.colcon_core.task.python.build:Building Python package in '/root/ros2_code/humble/tc_ros2_nav/src/localization_server'
[2.821s] INFO:colcon.colcon_core.shell:Skip shell extension 'powershell' for command environment: Not usable outside of PowerShell
[2.821s] DEBUG:colcon.colcon_core.shell:Skip shell extension 'dsv' for command environment
[3.149s] INFO:colcon.colcon_core.task.python.build:Building Python package in '/root/ros2_code/humble/tc_ros2_nav/src/map_server'
[3.166s] INFO:colcon.colcon_core.shell:Skip shell extension 'powershell' for command environment: Not usable outside of PowerShell
[3.166s] DEBUG:colcon.colcon_core.shell:Skip shell extension 'dsv' for command environment
[3.219s] DEBUG:colcon.colcon_core.event_handler.log_command:Invoking command in '/root/ros2_code/humble/tc_ros2_nav/build/nav2_course': CMAKE_PREFIX_PATH=${CMAKE_PREFIX_PATH}:/root/ros2_code/humble/tc_ros2_nav/install/localization_server:/root/ros2_code/humble/tc_ros2_nav/install/amcl:/root/ros2_code/humble/tc_ros2_nav/install/path_planner_server:/root/ros2_code/humble/tc_ros2_nav/install/nav2_project:/root/ros2_code/humble/tc_ros2_nav/install/map_server:/root/ros2_code/humble/tc_ros2_nav/install/cartographer_slam:/opt/ros/humble /usr/bin/cmake --build /root/ros2_code/humble/tc_ros2_nav/build/nav2_course -- -j12 -l12
[3.497s] INFO:colcon.colcon_core.task.python.build:Building Python package in '/root/ros2_code/humble/tc_ros2_nav/src/ros2_nav_files/nav2_project'
[3.511s] INFO:colcon.colcon_core.shell:Skip shell extension 'powershell' for command environment: Not usable outside of PowerShell
[3.511s] DEBUG:colcon.colcon_core.shell:Skip shell extension 'dsv' for command environment
[3.567s] DEBUG:colcon.colcon_core.event_handler.log_command:Invoked command in '/root/ros2_code/humble/tc_ros2_nav/build/nav2_course' returned '0': CMAKE_PREFIX_PATH=${CMAKE_PREFIX_PATH}:/root/ros2_code/humble/tc_ros2_nav/install/localization_server:/root/ros2_code/humble/tc_ros2_nav/install/amcl:/root/ros2_code/humble/tc_ros2_nav/install/path_planner_server:/root/ros2_code/humble/tc_ros2_nav/install/nav2_project:/root/ros2_code/humble/tc_ros2_nav/install/map_server:/root/ros2_code/humble/tc_ros2_nav/install/cartographer_slam:/opt/ros/humble /usr/bin/cmake --build /root/ros2_code/humble/tc_ros2_nav/build/nav2_course -- -j12 -l12
[3.858s] INFO:colcon.colcon_core.task.python.build:Building Python package in '/root/ros2_code/humble/tc_ros2_nav/src/path_planner_server'
[3.873s] INFO:colcon.colcon_core.shell:Skip shell extension 'powershell' for command environment: Not usable outside of PowerShell
[3.873s] DEBUG:colcon.colcon_core.shell:Skip shell extension 'dsv' for command environment
[3.953s] DEBUG:colcon.colcon_core.event_handler.log_command:Invoking command in '/root/ros2_code/humble/tc_ros2_nav/build/nav2_course': CMAKE_PREFIX_PATH=${CMAKE_PREFIX_PATH}:/root/ros2_code/humble/tc_ros2_nav/install/localization_server:/root/ros2_code/humble/tc_ros2_nav/install/amcl:/root/ros2_code/humble/tc_ros2_nav/install/path_planner_server:/root/ros2_code/humble/tc_ros2_nav/install/nav2_project:/root/ros2_code/humble/tc_ros2_nav/install/map_server:/root/ros2_code/humble/tc_ros2_nav/install/cartographer_slam:/opt/ros/humble /usr/bin/cmake --install /root/ros2_code/humble/tc_ros2_nav/build/nav2_course
[3.972s] Level 1:colcon.colcon_core.environment:create_environment_scripts_only(nav2_course)
[3.973s] DEBUG:colcon.colcon_core.event_handler.log_command:Invoked command in '/root/ros2_code/humble/tc_ros2_nav/build/nav2_course' returned '0': CMAKE_PREFIX_PATH=${CMAKE_PREFIX_PATH}:/root/ros2_code/humble/tc_ros2_nav/install/localization_server:/root/ros2_code/humble/tc_ros2_nav/install/amcl:/root/ros2_code/humble/tc_ros2_nav/install/path_planner_server:/root/ros2_code/humble/tc_ros2_nav/install/nav2_project:/root/ros2_code/humble/tc_ros2_nav/install/map_server:/root/ros2_code/humble/tc_ros2_nav/install/cartographer_slam:/opt/ros/humble /usr/bin/cmake --install /root/ros2_code/humble/tc_ros2_nav/build/nav2_course
[3.997s] Level 1:colcon.colcon_core.environment:checking '/root/ros2_code/humble/tc_ros2_nav/install/nav2_course' for CMake module files
[3.997s] Level 1:colcon.colcon_core.environment:checking '/root/ros2_code/humble/tc_ros2_nav/install/nav2_course' for CMake config files
[3.998s] Level 1:colcon.colcon_core.shell:create_environment_hook('nav2_course', 'cmake_prefix_path')
[4.017s] INFO:colcon.colcon_core.shell:Creating environment hook '/root/ros2_code/humble/tc_ros2_nav/install/nav2_course/share/nav2_course/hook/cmake_prefix_path.ps1'
[4.017s] INFO:colcon.colcon_core.shell:Creating environment descriptor '/root/ros2_code/humble/tc_ros2_nav/install/nav2_course/share/nav2_course/hook/cmake_prefix_path.dsv'
[4.018s] INFO:colcon.colcon_core.shell:Creating environment hook '/root/ros2_code/humble/tc_ros2_nav/install/nav2_course/share/nav2_course/hook/cmake_prefix_path.sh'
[4.018s] Level 1:colcon.colcon_core.environment:checking '/root/ros2_code/humble/tc_ros2_nav/install/nav2_course/bin'
[4.019s] Level 1:colcon.colcon_core.environment:checking '/root/ros2_code/humble/tc_ros2_nav/install/nav2_course/lib/pkgconfig/nav2_course.pc'
[4.019s] Level 1:colcon.colcon_core.environment:checking '/root/ros2_code/humble/tc_ros2_nav/install/nav2_course/lib/python3.10/site-packages'
[4.019s] Level 1:colcon.colcon_core.environment:checking '/root/ros2_code/humble/tc_ros2_nav/install/nav2_course/bin'
[4.037s] INFO:colcon.colcon_core.shell:Creating package script '/root/ros2_code/humble/tc_ros2_nav/install/nav2_course/share/nav2_course/package.ps1'
[4.038s] INFO:colcon.colcon_core.shell:Creating package descriptor '/root/ros2_code/humble/tc_ros2_nav/install/nav2_course/share/nav2_course/package.dsv'
[4.038s] INFO:colcon.colcon_core.shell:Creating package script '/root/ros2_code/humble/tc_ros2_nav/install/nav2_course/share/nav2_course/package.sh'
[4.039s] INFO:colcon.colcon_core.shell:Creating package script '/root/ros2_code/humble/tc_ros2_nav/install/nav2_course/share/nav2_course/package.bash'
[4.039s] INFO:colcon.colcon_core.shell:Creating package script '/root/ros2_code/humble/tc_ros2_nav/install/nav2_course/share/nav2_course/package.zsh'
[4.040s] Level 1:colcon.colcon_core.environment:create_file_with_runtime_dependencies(/root/ros2_code/humble/tc_ros2_nav/install/nav2_course/share/colcon-core/packages/nav2_course)
[4.088s] Level 1:colcon.colcon_core.environment:create_environment_scripts_only(nav2_course)
[4.130s] Level 1:colcon.colcon_core.environment:checking '/root/ros2_code/humble/tc_ros2_nav/install/nav2_course' for CMake module files
[4.130s] Level 1:colcon.colcon_core.environment:checking '/root/ros2_code/humble/tc_ros2_nav/install/nav2_course' for CMake config files
[4.131s] Level 1:colcon.colcon_core.shell:create_environment_hook('nav2_course', 'cmake_prefix_path')
[4.148s] INFO:colcon.colcon_core.shell:Creating environment hook '/root/ros2_code/humble/tc_ros2_nav/install/nav2_course/share/nav2_course/hook/cmake_prefix_path.ps1'
[4.148s] INFO:colcon.colcon_core.shell:Creating environment descriptor '/root/ros2_code/humble/tc_ros2_nav/install/nav2_course/share/nav2_course/hook/cmake_prefix_path.dsv'
[4.149s] INFO:colcon.colcon_core.shell:Creating environment hook '/root/ros2_code/humble/tc_ros2_nav/install/nav2_course/share/nav2_course/hook/cmake_prefix_path.sh'
[4.150s] Level 1:colcon.colcon_core.environment:checking '/root/ros2_code/humble/tc_ros2_nav/install/nav2_course/bin'
[4.150s] Level 1:colcon.colcon_core.environment:checking '/root/ros2_code/humble/tc_ros2_nav/install/nav2_course/lib/pkgconfig/nav2_course.pc'
[4.150s] Level 1:colcon.colcon_core.environment:checking '/root/ros2_code/humble/tc_ros2_nav/install/nav2_course/lib/python3.10/site-packages'
[4.150s] Level 1:colcon.colcon_core.environment:checking '/root/ros2_code/humble/tc_ros2_nav/install/nav2_course/bin'
[4.174s] INFO:colcon.colcon_core.shell:Creating package script '/root/ros2_code/humble/tc_ros2_nav/install/nav2_course/share/nav2_course/package.ps1'
[4.175s] INFO:colcon.colcon_core.shell:Creating package descriptor '/root/ros2_code/humble/tc_ros2_nav/install/nav2_course/share/nav2_course/package.dsv'
[4.176s] INFO:colcon.colcon_core.shell:Creating package script '/root/ros2_code/humble/tc_ros2_nav/install/nav2_course/share/nav2_course/package.sh'
[4.177s] INFO:colcon.colcon_core.shell:Creating package script '/root/ros2_code/humble/tc_ros2_nav/install/nav2_course/share/nav2_course/package.bash'
[4.177s] INFO:colcon.colcon_core.shell:Creating package script '/root/ros2_code/humble/tc_ros2_nav/install/nav2_course/share/nav2_course/package.zsh'
[4.178s] Level 1:colcon.colcon_core.environment:create_file_with_runtime_dependencies(/root/ros2_code/humble/tc_ros2_nav/install/nav2_course/share/colcon-core/packages/nav2_course)
[4.406s] DEBUG:colcon.colcon_core.event_handler.log_command:Invoking command in '/root/ros2_code/humble/tc_ros2_nav/src/map_server': PYTHONPATH=/root/ros2_code/humble/tc_ros2_nav/build/map_server/prefix_override:/root/ros2_code/humble/tc_ros2_nav/install/map_server/lib/python3.10/site-packages:${PYTHONPATH} /usr/bin/python3 setup.py egg_info --egg-base ../../build/map_server build --build-base /root/ros2_code/humble/tc_ros2_nav/build/map_server/build install --record /root/ros2_code/humble/tc_ros2_nav/build/map_server/install.log --single-version-externally-managed
[4.427s] DEBUG:colcon.colcon_core.event_handler.log_command:Invoking command in '/root/ros2_code/humble/tc_ros2_nav/src/localization_server': PYTHONPATH=/root/ros2_code/humble/tc_ros2_nav/build/localization_server/prefix_override:/root/ros2_code/humble/tc_ros2_nav/install/localization_server/lib/python3.10/site-packages:${PYTHONPATH} /usr/bin/python3 setup.py egg_info --egg-base ../../build/localization_server build --build-base /root/ros2_code/humble/tc_ros2_nav/build/localization_server/build install --record /root/ros2_code/humble/tc_ros2_nav/build/localization_server/install.log --single-version-externally-managed
[4.521s] DEBUG:colcon.colcon_core.event_handler.log_command:Invoking command in '/root/ros2_code/humble/tc_ros2_nav/src/cartographer_slam': PYTHONPATH=/root/ros2_code/humble/tc_ros2_nav/build/cartographer_slam/prefix_override:/root/ros2_code/humble/tc_ros2_nav/install/cartographer_slam/lib/python3.10/site-packages:${PYTHONPATH} /usr/bin/python3 setup.py egg_info --egg-base ../../build/cartographer_slam build --build-base /root/ros2_code/humble/tc_ros2_nav/build/cartographer_slam/build install --record /root/ros2_code/humble/tc_ros2_nav/build/cartographer_slam/install.log --single-version-externally-managed
[4.525s] DEBUG:colcon.colcon_core.event_handler.log_command:Invoking command in '/root/ros2_code/humble/tc_ros2_nav/src/amcl': PYTHONPATH=/root/ros2_code/humble/tc_ros2_nav/build/amcl/prefix_override:/root/ros2_code/humble/tc_ros2_nav/install/amcl/lib/python3.10/site-packages:${PYTHONPATH} /usr/bin/python3 setup.py egg_info --egg-base ../../build/amcl build --build-base /root/ros2_code/humble/tc_ros2_nav/build/amcl/build install --record /root/ros2_code/humble/tc_ros2_nav/build/amcl/install.log --single-version-externally-managed
[4.543s] DEBUG:colcon.colcon_core.event_handler.log_command:Invoking command in '/root/ros2_code/humble/tc_ros2_nav/src/path_planner_server': PYTHONPATH=/root/ros2_code/humble/tc_ros2_nav/build/path_planner_server/prefix_override:/root/ros2_code/humble/tc_ros2_nav/install/path_planner_server/lib/python3.10/site-packages:${PYTHONPATH} /usr/bin/python3 setup.py egg_info --egg-base ../../build/path_planner_server build --build-base /root/ros2_code/humble/tc_ros2_nav/build/path_planner_server/build install --record /root/ros2_code/humble/tc_ros2_nav/build/path_planner_server/install.log --single-version-externally-managed
[4.551s] DEBUG:colcon.colcon_core.event_handler.log_command:Invoking command in '/root/ros2_code/humble/tc_ros2_nav/src/ros2_nav_files/nav2_project': PYTHONPATH=/root/ros2_code/humble/tc_ros2_nav/build/nav2_project/prefix_override:/root/ros2_code/humble/tc_ros2_nav/install/nav2_project/lib/python3.10/site-packages:${PYTHONPATH} /usr/bin/python3 setup.py egg_info --egg-base ../../../build/nav2_project build --build-base /root/ros2_code/humble/tc_ros2_nav/build/nav2_project/build install --record /root/ros2_code/humble/tc_ros2_nav/build/nav2_project/install.log --single-version-externally-managed
[4.861s] DEBUG:colcon.colcon_core.event_handler.log_command:Invoked command in '/root/ros2_code/humble/tc_ros2_nav/src/localization_server' returned '0': PYTHONPATH=/root/ros2_code/humble/tc_ros2_nav/build/localization_server/prefix_override:/root/ros2_code/humble/tc_ros2_nav/install/localization_server/lib/python3.10/site-packages:${PYTHONPATH} /usr/bin/python3 setup.py egg_info --egg-base ../../build/localization_server build --build-base /root/ros2_code/humble/tc_ros2_nav/build/localization_server/build install --record /root/ros2_code/humble/tc_ros2_nav/build/localization_server/install.log --single-version-externally-managed
[4.884s] Level 1:colcon.colcon_core.environment:checking '/root/ros2_code/humble/tc_ros2_nav/install/localization_server' for CMake module files
[4.884s] Level 1:colcon.colcon_core.environment:checking '/root/ros2_code/humble/tc_ros2_nav/install/localization_server' for CMake config files
[4.885s] Level 1:colcon.colcon_core.environment:checking '/root/ros2_code/humble/tc_ros2_nav/install/localization_server/lib'
[4.885s] Level 1:colcon.colcon_core.environment:checking '/root/ros2_code/humble/tc_ros2_nav/install/localization_server/bin'
[4.885s] Level 1:colcon.colcon_core.environment:checking '/root/ros2_code/humble/tc_ros2_nav/install/localization_server/lib/pkgconfig/localization_server.pc'
[4.886s] Level 1:colcon.colcon_core.environment:checking '/root/ros2_code/humble/tc_ros2_nav/install/localization_server/lib/python3.10/site-packages'
[4.886s] Level 1:colcon.colcon_core.shell:create_environment_hook('localization_server', 'pythonpath')
[4.907s] INFO:colcon.colcon_core.shell:Creating environment hook '/root/ros2_code/humble/tc_ros2_nav/install/localization_server/share/localization_server/hook/pythonpath.ps1'
[4.908s] INFO:colcon.colcon_core.shell:Creating environment descriptor '/root/ros2_code/humble/tc_ros2_nav/install/localization_server/share/localization_server/hook/pythonpath.dsv'
[4.909s] INFO:colcon.colcon_core.shell:Creating environment hook '/root/ros2_code/humble/tc_ros2_nav/install/localization_server/share/localization_server/hook/pythonpath.sh'
[4.909s] Level 1:colcon.colcon_core.environment:checking '/root/ros2_code/humble/tc_ros2_nav/install/localization_server/bin'
[4.909s] Level 1:colcon.colcon_core.environment:create_environment_scripts_only(localization_server)
[4.931s] INFO:colcon.colcon_core.shell:Creating package script '/root/ros2_code/humble/tc_ros2_nav/install/localization_server/share/localization_server/package.ps1'
[4.932s] INFO:colcon.colcon_core.shell:Creating package descriptor '/root/ros2_code/humble/tc_ros2_nav/install/localization_server/share/localization_server/package.dsv'
[4.932s] INFO:colcon.colcon_core.shell:Creating package script '/root/ros2_code/humble/tc_ros2_nav/install/localization_server/share/localization_server/package.sh'
[4.933s] INFO:colcon.colcon_core.shell:Creating package script '/root/ros2_code/humble/tc_ros2_nav/install/localization_server/share/localization_server/package.bash'
[4.933s] INFO:colcon.colcon_core.shell:Creating package script '/root/ros2_code/humble/tc_ros2_nav/install/localization_server/share/localization_server/package.zsh'
[4.933s] Level 1:colcon.colcon_core.environment:create_file_with_runtime_dependencies(/root/ros2_code/humble/tc_ros2_nav/install/localization_server/share/colcon-core/packages/localization_server)
[4.935s] DEBUG:colcon.colcon_core.event_handler.log_command:Invoked command in '/root/ros2_code/humble/tc_ros2_nav/src/map_server' returned '0': PYTHONPATH=/root/ros2_code/humble/tc_ros2_nav/build/map_server/prefix_override:/root/ros2_code/humble/tc_ros2_nav/install/map_server/lib/python3.10/site-packages:${PYTHONPATH} /usr/bin/python3 setup.py egg_info --egg-base ../../build/map_server build --build-base /root/ros2_code/humble/tc_ros2_nav/build/map_server/build install --record /root/ros2_code/humble/tc_ros2_nav/build/map_server/install.log --single-version-externally-managed
[4.956s] Level 1:colcon.colcon_core.environment:checking '/root/ros2_code/humble/tc_ros2_nav/install/map_server' for CMake module files
[4.957s] Level 1:colcon.colcon_core.environment:checking '/root/ros2_code/humble/tc_ros2_nav/install/map_server' for CMake config files
[4.958s] Level 1:colcon.colcon_core.environment:checking '/root/ros2_code/humble/tc_ros2_nav/install/map_server/lib'
[4.959s] Level 1:colcon.colcon_core.environment:checking '/root/ros2_code/humble/tc_ros2_nav/install/map_server/bin'
[4.959s] Level 1:colcon.colcon_core.environment:checking '/root/ros2_code/humble/tc_ros2_nav/install/map_server/lib/pkgconfig/map_server.pc'
[4.959s] Level 1:colcon.colcon_core.environment:checking '/root/ros2_code/humble/tc_ros2_nav/install/map_server/lib/python3.10/site-packages'
[4.959s] Level 1:colcon.colcon_core.shell:create_environment_hook('map_server', 'pythonpath')
[4.980s] INFO:colcon.colcon_core.shell:Creating environment hook '/root/ros2_code/humble/tc_ros2_nav/install/map_server/share/map_server/hook/pythonpath.ps1'
[4.981s] INFO:colcon.colcon_core.shell:Creating environment descriptor '/root/ros2_code/humble/tc_ros2_nav/install/map_server/share/map_server/hook/pythonpath.dsv'
[4.982s] INFO:colcon.colcon_core.shell:Creating environment hook '/root/ros2_code/humble/tc_ros2_nav/install/map_server/share/map_server/hook/pythonpath.sh'
[4.983s] Level 1:colcon.colcon_core.environment:checking '/root/ros2_code/humble/tc_ros2_nav/install/map_server/bin'
[4.983s] Level 1:colcon.colcon_core.environment:create_environment_scripts_only(map_server)
[5.000s] INFO:colcon.colcon_core.shell:Creating package script '/root/ros2_code/humble/tc_ros2_nav/install/map_server/share/map_server/package.ps1'
[5.001s] INFO:colcon.colcon_core.shell:Creating package descriptor '/root/ros2_code/humble/tc_ros2_nav/install/map_server/share/map_server/package.dsv'
[5.001s] INFO:colcon.colcon_core.shell:Creating package script '/root/ros2_code/humble/tc_ros2_nav/install/map_server/share/map_server/package.sh'
[5.002s] INFO:colcon.colcon_core.shell:Creating package script '/root/ros2_code/humble/tc_ros2_nav/install/map_server/share/map_server/package.bash'
[5.002s] INFO:colcon.colcon_core.shell:Creating package script '/root/ros2_code/humble/tc_ros2_nav/install/map_server/share/map_server/package.zsh'
[5.002s] Level 1:colcon.colcon_core.environment:create_file_with_runtime_dependencies(/root/ros2_code/humble/tc_ros2_nav/install/map_server/share/colcon-core/packages/map_server)
[5.004s] DEBUG:colcon.colcon_core.event_handler.log_command:Invoked command in '/root/ros2_code/humble/tc_ros2_nav/src/amcl' returned '0': PYTHONPATH=/root/ros2_code/humble/tc_ros2_nav/build/amcl/prefix_override:/root/ros2_code/humble/tc_ros2_nav/install/amcl/lib/python3.10/site-packages:${PYTHONPATH} /usr/bin/python3 setup.py egg_info --egg-base ../../build/amcl build --build-base /root/ros2_code/humble/tc_ros2_nav/build/amcl/build install --record /root/ros2_code/humble/tc_ros2_nav/build/amcl/install.log --single-version-externally-managed
[5.021s] Level 1:colcon.colcon_core.environment:checking '/root/ros2_code/humble/tc_ros2_nav/install/amcl' for CMake module files
[5.022s] Level 1:colcon.colcon_core.environment:checking '/root/ros2_code/humble/tc_ros2_nav/install/amcl' for CMake config files
[5.022s] Level 1:colcon.colcon_core.environment:checking '/root/ros2_code/humble/tc_ros2_nav/install/amcl/lib'
[5.023s] Level 1:colcon.colcon_core.environment:checking '/root/ros2_code/humble/tc_ros2_nav/install/amcl/bin'
[5.023s] Level 1:colcon.colcon_core.environment:checking '/root/ros2_code/humble/tc_ros2_nav/install/amcl/lib/pkgconfig/amcl.pc'
[5.023s] Level 1:colcon.colcon_core.environment:checking '/root/ros2_code/humble/tc_ros2_nav/install/amcl/lib/python3.10/site-packages'
[5.023s] Level 1:colcon.colcon_core.shell:create_environment_hook('amcl', 'pythonpath')
[5.040s] INFO:colcon.colcon_core.shell:Creating environment hook '/root/ros2_code/humble/tc_ros2_nav/install/amcl/share/amcl/hook/pythonpath.ps1'
[5.040s] INFO:colcon.colcon_core.shell:Creating environment descriptor '/root/ros2_code/humble/tc_ros2_nav/install/amcl/share/amcl/hook/pythonpath.dsv'
[5.041s] INFO:colcon.colcon_core.shell:Creating environment hook '/root/ros2_code/humble/tc_ros2_nav/install/amcl/share/amcl/hook/pythonpath.sh'
[5.042s] Level 1:colcon.colcon_core.environment:checking '/root/ros2_code/humble/tc_ros2_nav/install/amcl/bin'
[5.042s] Level 1:colcon.colcon_core.environment:create_environment_scripts_only(amcl)
[5.058s] INFO:colcon.colcon_core.shell:Creating package script '/root/ros2_code/humble/tc_ros2_nav/install/amcl/share/amcl/package.ps1'
[5.059s] INFO:colcon.colcon_core.shell:Creating package descriptor '/root/ros2_code/humble/tc_ros2_nav/install/amcl/share/amcl/package.dsv'
[5.059s] INFO:colcon.colcon_core.shell:Creating package script '/root/ros2_code/humble/tc_ros2_nav/install/amcl/share/amcl/package.sh'
[5.060s] INFO:colcon.colcon_core.shell:Creating package script '/root/ros2_code/humble/tc_ros2_nav/install/amcl/share/amcl/package.bash'
[5.060s] INFO:colcon.colcon_core.shell:Creating package script '/root/ros2_code/humble/tc_ros2_nav/install/amcl/share/amcl/package.zsh'
[5.060s] Level 1:colcon.colcon_core.environment:create_file_with_runtime_dependencies(/root/ros2_code/humble/tc_ros2_nav/install/amcl/share/colcon-core/packages/amcl)
[5.062s] DEBUG:colcon.colcon_core.event_handler.log_command:Invoked command in '/root/ros2_code/humble/tc_ros2_nav/src/cartographer_slam' returned '0': PYTHONPATH=/root/ros2_code/humble/tc_ros2_nav/build/cartographer_slam/prefix_override:/root/ros2_code/humble/tc_ros2_nav/install/cartographer_slam/lib/python3.10/site-packages:${PYTHONPATH} /usr/bin/python3 setup.py egg_info --egg-base ../../build/cartographer_slam build --build-base /root/ros2_code/humble/tc_ros2_nav/build/cartographer_slam/build install --record /root/ros2_code/humble/tc_ros2_nav/build/cartographer_slam/install.log --single-version-externally-managed
[5.087s] Level 1:colcon.colcon_core.environment:checking '/root/ros2_code/humble/tc_ros2_nav/install/cartographer_slam' for CMake module files
[5.087s] Level 1:colcon.colcon_core.environment:checking '/root/ros2_code/humble/tc_ros2_nav/install/cartographer_slam' for CMake config files
[5.088s] Level 1:colcon.colcon_core.environment:checking '/root/ros2_code/humble/tc_ros2_nav/install/cartographer_slam/lib'
[5.088s] Level 1:colcon.colcon_core.environment:checking '/root/ros2_code/humble/tc_ros2_nav/install/cartographer_slam/bin'
[5.088s] Level 1:colcon.colcon_core.environment:checking '/root/ros2_code/humble/tc_ros2_nav/install/cartographer_slam/lib/pkgconfig/cartographer_slam.pc'
[5.088s] Level 1:colcon.colcon_core.environment:checking '/root/ros2_code/humble/tc_ros2_nav/install/cartographer_slam/lib/python3.10/site-packages'
[5.088s] Level 1:colcon.colcon_core.shell:create_environment_hook('cartographer_slam', 'pythonpath')
[5.110s] INFO:colcon.colcon_core.shell:Creating environment hook '/root/ros2_code/humble/tc_ros2_nav/install/cartographer_slam/share/cartographer_slam/hook/pythonpath.ps1'
[5.111s] INFO:colcon.colcon_core.shell:Creating environment descriptor '/root/ros2_code/humble/tc_ros2_nav/install/cartographer_slam/share/cartographer_slam/hook/pythonpath.dsv'
[5.112s] INFO:colcon.colcon_core.shell:Creating environment hook '/root/ros2_code/humble/tc_ros2_nav/install/cartographer_slam/share/cartographer_slam/hook/pythonpath.sh'
[5.113s] Level 1:colcon.colcon_core.environment:checking '/root/ros2_code/humble/tc_ros2_nav/install/cartographer_slam/bin'
[5.113s] Level 1:colcon.colcon_core.environment:create_environment_scripts_only(cartographer_slam)
[5.138s] INFO:colcon.colcon_core.shell:Creating package script '/root/ros2_code/humble/tc_ros2_nav/install/cartographer_slam/share/cartographer_slam/package.ps1'
[5.139s] INFO:colcon.colcon_core.shell:Creating package descriptor '/root/ros2_code/humble/tc_ros2_nav/install/cartographer_slam/share/cartographer_slam/package.dsv'
[5.139s] INFO:colcon.colcon_core.shell:Creating package script '/root/ros2_code/humble/tc_ros2_nav/install/cartographer_slam/share/cartographer_slam/package.sh'
[5.140s] INFO:colcon.colcon_core.shell:Creating package script '/root/ros2_code/humble/tc_ros2_nav/install/cartographer_slam/share/cartographer_slam/package.bash'
[5.140s] INFO:colcon.colcon_core.shell:Creating package script '/root/ros2_code/humble/tc_ros2_nav/install/cartographer_slam/share/cartographer_slam/package.zsh'
[5.140s] Level 1:colcon.colcon_core.environment:create_file_with_runtime_dependencies(/root/ros2_code/humble/tc_ros2_nav/install/cartographer_slam/share/colcon-core/packages/cartographer_slam)
[5.142s] DEBUG:colcon.colcon_core.event_handler.log_command:Invoked command in '/root/ros2_code/humble/tc_ros2_nav/src/path_planner_server' returned '0': PYTHONPATH=/root/ros2_code/humble/tc_ros2_nav/build/path_planner_server/prefix_override:/root/ros2_code/humble/tc_ros2_nav/install/path_planner_server/lib/python3.10/site-packages:${PYTHONPATH} /usr/bin/python3 setup.py egg_info --egg-base ../../build/path_planner_server build --build-base /root/ros2_code/humble/tc_ros2_nav/build/path_planner_server/build install --record /root/ros2_code/humble/tc_ros2_nav/build/path_planner_server/install.log --single-version-externally-managed
[5.164s] Level 1:colcon.colcon_core.environment:checking '/root/ros2_code/humble/tc_ros2_nav/install/path_planner_server' for CMake module files
[5.164s] Level 1:colcon.colcon_core.environment:checking '/root/ros2_code/humble/tc_ros2_nav/install/path_planner_server' for CMake config files
[5.165s] Level 1:colcon.colcon_core.environment:checking '/root/ros2_code/humble/tc_ros2_nav/install/path_planner_server/lib'
[5.165s] Level 1:colcon.colcon_core.environment:checking '/root/ros2_code/humble/tc_ros2_nav/install/path_planner_server/bin'
[5.165s] Level 1:colcon.colcon_core.environment:checking '/root/ros2_code/humble/tc_ros2_nav/install/path_planner_server/lib/pkgconfig/path_planner_server.pc'
[5.166s] Level 1:colcon.colcon_core.environment:checking '/root/ros2_code/humble/tc_ros2_nav/install/path_planner_server/lib/python3.10/site-packages'
[5.166s] Level 1:colcon.colcon_core.shell:create_environment_hook('path_planner_server', 'pythonpath')
[5.188s] INFO:colcon.colcon_core.shell:Creating environment hook '/root/ros2_code/humble/tc_ros2_nav/install/path_planner_server/share/path_planner_server/hook/pythonpath.ps1'
[5.188s] INFO:colcon.colcon_core.shell:Creating environment descriptor '/root/ros2_code/humble/tc_ros2_nav/install/path_planner_server/share/path_planner_server/hook/pythonpath.dsv'
[5.188s] INFO:colcon.colcon_core.shell:Creating environment hook '/root/ros2_code/humble/tc_ros2_nav/install/path_planner_server/share/path_planner_server/hook/pythonpath.sh'
[5.189s] Level 1:colcon.colcon_core.environment:checking '/root/ros2_code/humble/tc_ros2_nav/install/path_planner_server/bin'
[5.189s] Level 1:colcon.colcon_core.environment:create_environment_scripts_only(path_planner_server)
[5.206s] INFO:colcon.colcon_core.shell:Creating package script '/root/ros2_code/humble/tc_ros2_nav/install/path_planner_server/share/path_planner_server/package.ps1'
[5.207s] INFO:colcon.colcon_core.shell:Creating package descriptor '/root/ros2_code/humble/tc_ros2_nav/install/path_planner_server/share/path_planner_server/package.dsv'
[5.207s] INFO:colcon.colcon_core.shell:Creating package script '/root/ros2_code/humble/tc_ros2_nav/install/path_planner_server/share/path_planner_server/package.sh'
[5.208s] INFO:colcon.colcon_core.shell:Creating package script '/root/ros2_code/humble/tc_ros2_nav/install/path_planner_server/share/path_planner_server/package.bash'
[5.208s] INFO:colcon.colcon_core.shell:Creating package script '/root/ros2_code/humble/tc_ros2_nav/install/path_planner_server/share/path_planner_server/package.zsh'
[5.209s] Level 1:colcon.colcon_core.environment:create_file_with_runtime_dependencies(/root/ros2_code/humble/tc_ros2_nav/install/path_planner_server/share/colcon-core/packages/path_planner_server)
[5.211s] DEBUG:colcon.colcon_core.event_handler.log_command:Invoked command in '/root/ros2_code/humble/tc_ros2_nav/src/ros2_nav_files/nav2_project' returned '0': PYTHONPATH=/root/ros2_code/humble/tc_ros2_nav/build/nav2_project/prefix_override:/root/ros2_code/humble/tc_ros2_nav/install/nav2_project/lib/python3.10/site-packages:${PYTHONPATH} /usr/bin/python3 setup.py egg_info --egg-base ../../../build/nav2_project build --build-base /root/ros2_code/humble/tc_ros2_nav/build/nav2_project/build install --record /root/ros2_code/humble/tc_ros2_nav/build/nav2_project/install.log --single-version-externally-managed
[5.231s] Level 1:colcon.colcon_core.environment:checking '/root/ros2_code/humble/tc_ros2_nav/install/nav2_project' for CMake module files
[5.231s] Level 1:colcon.colcon_core.environment:checking '/root/ros2_code/humble/tc_ros2_nav/install/nav2_project' for CMake config files
[5.232s] Level 1:colcon.colcon_core.environment:checking '/root/ros2_code/humble/tc_ros2_nav/install/nav2_project/lib'
[5.232s] Level 1:colcon.colcon_core.environment:checking '/root/ros2_code/humble/tc_ros2_nav/install/nav2_project/bin'
[5.232s] Level 1:colcon.colcon_core.environment:checking '/root/ros2_code/humble/tc_ros2_nav/install/nav2_project/lib/pkgconfig/nav2_project.pc'
[5.232s] Level 1:colcon.colcon_core.environment:checking '/root/ros2_code/humble/tc_ros2_nav/install/nav2_project/lib/python3.10/site-packages'
[5.232s] Level 1:colcon.colcon_core.shell:create_environment_hook('nav2_project', 'pythonpath')
[5.254s] INFO:colcon.colcon_core.shell:Creating environment hook '/root/ros2_code/humble/tc_ros2_nav/install/nav2_project/share/nav2_project/hook/pythonpath.ps1'
[5.255s] INFO:colcon.colcon_core.shell:Creating environment descriptor '/root/ros2_code/humble/tc_ros2_nav/install/nav2_project/share/nav2_project/hook/pythonpath.dsv'
[5.255s] INFO:colcon.colcon_core.shell:Creating environment hook '/root/ros2_code/humble/tc_ros2_nav/install/nav2_project/share/nav2_project/hook/pythonpath.sh'
[5.256s] Level 1:colcon.colcon_core.environment:checking '/root/ros2_code/humble/tc_ros2_nav/install/nav2_project/bin'
[5.256s] Level 1:colcon.colcon_core.environment:create_environment_scripts_only(nav2_project)
[5.281s] INFO:colcon.colcon_core.shell:Creating package script '/root/ros2_code/humble/tc_ros2_nav/install/nav2_project/share/nav2_project/package.ps1'
[5.283s] INFO:colcon.colcon_core.shell:Creating package descriptor '/root/ros2_code/humble/tc_ros2_nav/install/nav2_project/share/nav2_project/package.dsv'
[5.284s] INFO:colcon.colcon_core.shell:Creating package script '/root/ros2_code/humble/tc_ros2_nav/install/nav2_project/share/nav2_project/package.sh'
[5.285s] INFO:colcon.colcon_core.shell:Creating package script '/root/ros2_code/humble/tc_ros2_nav/install/nav2_project/share/nav2_project/package.bash'
[5.285s] INFO:colcon.colcon_core.shell:Creating package script '/root/ros2_code/humble/tc_ros2_nav/install/nav2_project/share/nav2_project/package.zsh'
[5.286s] Level 1:colcon.colcon_core.environment:create_file_with_runtime_dependencies(/root/ros2_code/humble/tc_ros2_nav/install/nav2_project/share/colcon-core/packages/nav2_project)
[5.286s] DEBUG:colcon.colcon_parallel_executor.executor.parallel:closing loop
[5.286s] DEBUG:colcon.colcon_parallel_executor.executor.parallel:loop closed
[5.287s] DEBUG:colcon.colcon_parallel_executor.executor.parallel:run_until_complete finished with '0'
[5.287s] DEBUG:colcon.colcon_core.event_reactor:joining thread
[5.317s] INFO:colcon.colcon_core.plugin_system:Skipping extension 'colcon_notification.desktop_notification.notify_send': Could not find 'notify-send'
[5.317s] INFO:colcon.colcon_core.plugin_system:Skipping extension 'colcon_notification.desktop_notification.terminal_notifier': Not used on non-Darwin systems
[5.318s] INFO:colcon.colcon_core.plugin_system:Skipping extension 'colcon_notification.desktop_notification.win32': Not used on non-Windows systems
[5.318s] INFO:colcon.colcon_notification.desktop_notification:Sending desktop notification using 'notify2'
[5.325s] DEBUG:colcon.colcon_notification.desktop_notification.notify2:Failed to initialize notify2: org.freedesktop.DBus.Error.Spawn.ExecFailed: /usr/bin/dbus-launch terminated abnormally without any error message
[5.326s] DEBUG:colcon.colcon_core.event_reactor:joined thread
[5.348s] INFO:colcon.colcon_core.shell:Creating prefix script '/root/ros2_code/humble/tc_ros2_nav/install/local_setup.ps1'
[5.349s] INFO:colcon.colcon_core.shell:Creating prefix util module '/root/ros2_code/humble/tc_ros2_nav/install/_local_setup_util_ps1.py'
[5.351s] INFO:colcon.colcon_core.shell:Creating prefix chain script '/root/ros2_code/humble/tc_ros2_nav/install/setup.ps1'
[5.373s] INFO:colcon.colcon_core.shell:Creating prefix script '/root/ros2_code/humble/tc_ros2_nav/install/local_setup.sh'
[5.374s] INFO:colcon.colcon_core.shell:Creating prefix util module '/root/ros2_code/humble/tc_ros2_nav/install/_local_setup_util_sh.py'
[5.375s] INFO:colcon.colcon_core.shell:Creating prefix chain script '/root/ros2_code/humble/tc_ros2_nav/install/setup.sh'
[5.396s] INFO:colcon.colcon_core.shell:Creating prefix script '/root/ros2_code/humble/tc_ros2_nav/install/local_setup.bash'
[5.396s] INFO:colcon.colcon_core.shell:Creating prefix chain script '/root/ros2_code/humble/tc_ros2_nav/install/setup.bash'
[5.414s] INFO:colcon.colcon_core.shell:Creating prefix script '/root/ros2_code/humble/tc_ros2_nav/install/local_setup.zsh'
[5.415s] INFO:colcon.colcon_core.shell:Creating prefix chain script '/root/ros2_code/humble/tc_ros2_nav/install/setup.zsh'
