running egg_info
writing ../../build/amcl/amcl.egg-info/PKG-INFO
writing dependency_links to ../../build/amcl/amcl.egg-info/dependency_links.txt
writing entry points to ../../build/amcl/amcl.egg-info/entry_points.txt
writing requirements to ../../build/amcl/amcl.egg-info/requires.txt
writing top-level names to ../../build/amcl/amcl.egg-info/top_level.txt
reading manifest file '../../build/amcl/amcl.egg-info/SOURCES.txt'
writing manifest file '../../build/amcl/amcl.egg-info/SOURCES.txt'
running build
running build_py
copying amcl/__init__.py -> /root/ros2_code/humble/tc_ros2_nav/build/amcl/build/lib/amcl
running install
running install_lib
copying /root/ros2_code/humble/tc_ros2_nav/build/amcl/build/lib/amcl/__init__.py -> /root/ros2_code/humble/tc_ros2_nav/install/amcl/lib/python3.10/site-packages/amcl
byte-compiling /root/ros2_code/humble/tc_ros2_nav/install/amcl/lib/python3.10/site-packages/amcl/__init__.py to __init__.cpython-310.pyc
running install_data
copying resource/amcl -> /root/ros2_code/humble/tc_ros2_nav/install/amcl/share/ament_index/resource_index/packages
copying package.xml -> /root/ros2_code/humble/tc_ros2_nav/install/amcl/share/amcl
running install_egg_info
removing '/root/ros2_code/humble/tc_ros2_nav/install/amcl/lib/python3.10/site-packages/amcl-0.0.0-py3.10.egg-info' (and everything under it)
Copying ../../build/amcl/amcl.egg-info to /root/ros2_code/humble/tc_ros2_nav/install/amcl/lib/python3.10/site-packages/amcl-0.0.0-py3.10.egg-info
running install_scripts
writing list of installed files to '/root/ros2_code/humble/tc_ros2_nav/build/amcl/install.log'
