[2.281s] Invoking command in '/root/ros2_code/humble/ros_bot/src/rqt_tf_tree': PYTHONPATH=/root/ros2_code/humble/ros_bot/src/build/rqt_tf_tree/prefix_override:/root/ros2_code/humble/ros_bot/src/install/rqt_tf_tree/lib/python3.10/site-packages:${PYTHONPATH} /usr/bin/python3 setup.py egg_info --egg-base ../build/rqt_tf_tree build --build-base /root/ros2_code/humble/ros_bot/src/build/rqt_tf_tree/build install --record /root/ros2_code/humble/ros_bot/src/build/rqt_tf_tree/install.log --single-version-externally-managed
[2.617s] running egg_info
[2.617s] creating ../build/rqt_tf_tree/rqt_tf_tree.egg-info
[2.617s] writing ../build/rqt_tf_tree/rqt_tf_tree.egg-info/PKG-INFO
[2.618s] writing dependency_links to ../build/rqt_tf_tree/rqt_tf_tree.egg-info/dependency_links.txt
[2.618s] writing entry points to ../build/rqt_tf_tree/rqt_tf_tree.egg-info/entry_points.txt
[2.618s] writing requirements to ../build/rqt_tf_tree/rqt_tf_tree.egg-info/requires.txt
[2.618s] writing top-level names to ../build/rqt_tf_tree/rqt_tf_tree.egg-info/top_level.txt
[2.618s] writing manifest file '../build/rqt_tf_tree/rqt_tf_tree.egg-info/SOURCES.txt'
[2.620s] reading manifest file '../build/rqt_tf_tree/rqt_tf_tree.egg-info/SOURCES.txt'
[2.620s] adding license file 'LICENSE'
[2.621s] writing manifest file '../build/rqt_tf_tree/rqt_tf_tree.egg-info/SOURCES.txt'
[2.621s] running build
[2.621s] running build_py
[2.621s] creating /root/ros2_code/humble/ros_bot/src/build/rqt_tf_tree/build
[2.621s] creating /root/ros2_code/humble/ros_bot/src/build/rqt_tf_tree/build/lib
[2.622s] creating /root/ros2_code/humble/ros_bot/src/build/rqt_tf_tree/build/lib/rqt_tf_tree
[2.622s] copying src/rqt_tf_tree/tf_tree.py -> /root/ros2_code/humble/ros_bot/src/build/rqt_tf_tree/build/lib/rqt_tf_tree
[2.622s] copying src/rqt_tf_tree/main.py -> /root/ros2_code/humble/ros_bot/src/build/rqt_tf_tree/build/lib/rqt_tf_tree
[2.622s] copying src/rqt_tf_tree/dotcode_tf.py -> /root/ros2_code/humble/ros_bot/src/build/rqt_tf_tree/build/lib/rqt_tf_tree
[2.622s] copying src/rqt_tf_tree/__init__.py -> /root/ros2_code/humble/ros_bot/src/build/rqt_tf_tree/build/lib/rqt_tf_tree
[2.622s] running install
[2.622s] running install_lib
[2.623s] creating /root/ros2_code/humble/ros_bot/src/install/rqt_tf_tree/lib/python3.10/site-packages/rqt_tf_tree
[2.623s] copying /root/ros2_code/humble/ros_bot/src/build/rqt_tf_tree/build/lib/rqt_tf_tree/tf_tree.py -> /root/ros2_code/humble/ros_bot/src/install/rqt_tf_tree/lib/python3.10/site-packages/rqt_tf_tree
[2.624s] copying /root/ros2_code/humble/ros_bot/src/build/rqt_tf_tree/build/lib/rqt_tf_tree/main.py -> /root/ros2_code/humble/ros_bot/src/install/rqt_tf_tree/lib/python3.10/site-packages/rqt_tf_tree
[2.624s] copying /root/ros2_code/humble/ros_bot/src/build/rqt_tf_tree/build/lib/rqt_tf_tree/dotcode_tf.py -> /root/ros2_code/humble/ros_bot/src/install/rqt_tf_tree/lib/python3.10/site-packages/rqt_tf_tree
[2.624s] copying /root/ros2_code/humble/ros_bot/src/build/rqt_tf_tree/build/lib/rqt_tf_tree/__init__.py -> /root/ros2_code/humble/ros_bot/src/install/rqt_tf_tree/lib/python3.10/site-packages/rqt_tf_tree
[2.625s] byte-compiling /root/ros2_code/humble/ros_bot/src/install/rqt_tf_tree/lib/python3.10/site-packages/rqt_tf_tree/tf_tree.py to tf_tree.cpython-310.pyc
[2.627s] byte-compiling /root/ros2_code/humble/ros_bot/src/install/rqt_tf_tree/lib/python3.10/site-packages/rqt_tf_tree/main.py to main.cpython-310.pyc
[2.628s] byte-compiling /root/ros2_code/humble/ros_bot/src/install/rqt_tf_tree/lib/python3.10/site-packages/rqt_tf_tree/dotcode_tf.py to dotcode_tf.cpython-310.pyc
[2.628s] byte-compiling /root/ros2_code/humble/ros_bot/src/install/rqt_tf_tree/lib/python3.10/site-packages/rqt_tf_tree/__init__.py to __init__.cpython-310.pyc
[2.628s] running install_data
[2.629s] creating /root/ros2_code/humble/ros_bot/src/install/rqt_tf_tree/share/ament_index
[2.629s] creating /root/ros2_code/humble/ros_bot/src/install/rqt_tf_tree/share/ament_index/resource_index
[2.629s] creating /root/ros2_code/humble/ros_bot/src/install/rqt_tf_tree/share/ament_index/resource_index/packages
[2.629s] copying resource/rqt_tf_tree -> /root/ros2_code/humble/ros_bot/src/install/rqt_tf_tree/share/ament_index/resource_index/packages
[2.629s] creating /root/ros2_code/humble/ros_bot/src/install/rqt_tf_tree/share/rqt_tf_tree/resource
[2.629s] copying resource/RosTfTree.ui -> /root/ros2_code/humble/ros_bot/src/install/rqt_tf_tree/share/rqt_tf_tree/resource
[2.630s] copying package.xml -> /root/ros2_code/humble/ros_bot/src/install/rqt_tf_tree/share/rqt_tf_tree
[2.630s] copying plugin.xml -> /root/ros2_code/humble/ros_bot/src/install/rqt_tf_tree/share/rqt_tf_tree
[2.630s] running install_egg_info
[2.632s] Copying ../build/rqt_tf_tree/rqt_tf_tree.egg-info to /root/ros2_code/humble/ros_bot/src/install/rqt_tf_tree/lib/python3.10/site-packages/rqt_tf_tree-1.0.4-py3.10.egg-info
[2.633s] running install_scripts
[2.656s] Installing rqt_tf_tree script to /root/ros2_code/humble/ros_bot/src/install/rqt_tf_tree/lib/rqt_tf_tree
[2.656s] writing list of installed files to '/root/ros2_code/humble/ros_bot/src/build/rqt_tf_tree/install.log'
[2.915s] Invoked command in '/root/ros2_code/humble/ros_bot/src/rqt_tf_tree' returned '0': PYTHONPATH=/root/ros2_code/humble/ros_bot/src/build/rqt_tf_tree/prefix_override:/root/ros2_code/humble/ros_bot/src/install/rqt_tf_tree/lib/python3.10/site-packages:${PYTHONPATH} /usr/bin/python3 setup.py egg_info --egg-base ../build/rqt_tf_tree build --build-base /root/ros2_code/humble/ros_bot/src/build/rqt_tf_tree/build install --record /root/ros2_code/humble/ros_bot/src/build/rqt_tf_tree/install.log --single-version-externally-managed
