[0.881s] DEBUG:colcon:Command line arguments: ['/usr/bin/colcon', 'build']
[0.881s] DEBUG:colcon:Parsed command line arguments: Namespace(log_base=None, log_level=None, verb_name='build', build_base='build', install_base='install', merge_install=False, symlink_install=False, test_result_base=None, continue_on_error=False, executor='parallel', parallel_workers=12, event_handlers=None, ignore_user_meta=False, metas=['./colcon.meta'], base_paths=['.'], packages_ignore=None, packages_ignore_regex=None, paths=None, packages_up_to=None, packages_up_to_regex=None, packages_above=None, packages_above_and_dependencies=None, packages_above_depth=None, packages_select_by_dep=None, packages_skip_by_dep=None, packages_skip_up_to=None, packages_select_build_failed=False, packages_skip_build_finished=False, packages_select_test_failures=False, packages_skip_test_passed=False, packages_select=None, packages_skip=None, packages_select_regex=None, packages_skip_regex=None, packages_start=None, packages_end=None, cmake_args=None, cmake_target=None, cmake_target_skip_unavailable=False, cmake_clean_cache=False, cmake_clean_first=False, cmake_force_configure=False, ament_cmake_args=None, catkin_cmake_args=None, catkin_skip_building_tests=False, verb_parser=<colcon_defaults.argument_parser.defaults.DefaultArgumentsDecorator object at 0x7f2ea62ac070>, verb_extension=<colcon_core.verb.build.BuildVerb object at 0x7f2ea62affa0>, main=<bound method BuildVerb.main of <colcon_core.verb.build.BuildVerb object at 0x7f2ea62affa0>>)
[0.923s] Level 1:colcon.colcon_core.package_discovery:discover_packages(colcon_meta) check parameters
[0.923s] Level 1:colcon.colcon_core.package_discovery:discover_packages(recursive) check parameters
[0.923s] Level 1:colcon.colcon_core.package_discovery:discover_packages(ignore) check parameters
[0.923s] Level 1:colcon.colcon_core.package_discovery:discover_packages(path) check parameters
[0.923s] Level 1:colcon.colcon_core.package_discovery:discover_packages(colcon_meta) discover
[0.923s] Level 1:colcon.colcon_core.package_discovery:discover_packages(recursive) discover
[0.923s] INFO:colcon.colcon_core.package_discovery:Crawling recursively for packages in '/root/ros2_code/humble/four_ws_ros2'
[0.923s] Level 1:colcon.colcon_core.package_identification:_identify(.) by extensions ['ignore', 'ignore_ament_install']
[0.924s] Level 1:colcon.colcon_core.package_identification:_identify(.) by extension 'ignore'
[0.924s] Level 1:colcon.colcon_core.package_identification:_identify(.) by extension 'ignore_ament_install'
[0.924s] Level 1:colcon.colcon_core.package_identification:_identify(.) by extensions ['colcon_pkg']
[0.924s] Level 1:colcon.colcon_core.package_identification:_identify(.) by extension 'colcon_pkg'
[0.924s] Level 1:colcon.colcon_core.package_identification:_identify(.) by extensions ['colcon_meta']
[0.924s] Level 1:colcon.colcon_core.package_identification:_identify(.) by extension 'colcon_meta'
[0.924s] Level 1:colcon.colcon_core.package_identification:_identify(.) by extensions ['ros']
[0.924s] Level 1:colcon.colcon_core.package_identification:_identify(.) by extension 'ros'
[0.932s] Level 1:colcon.colcon_core.package_identification:_identify(.) by extensions ['cmake', 'python']
[0.932s] Level 1:colcon.colcon_core.package_identification:_identify(.) by extension 'cmake'
[0.932s] Level 1:colcon.colcon_core.package_identification:_identify(.) by extension 'python'
[0.932s] Level 1:colcon.colcon_core.package_identification:_identify(.) by extensions ['python_setup_py']
[0.932s] Level 1:colcon.colcon_core.package_identification:_identify(.) by extension 'python_setup_py'
[0.932s] Level 1:colcon.colcon_core.package_identification:_identify(build) by extensions ['ignore', 'ignore_ament_install']
[0.932s] Level 1:colcon.colcon_core.package_identification:_identify(build) by extension 'ignore'
[0.932s] Level 1:colcon.colcon_core.package_identification:_identify(build) ignored
[0.932s] Level 1:colcon.colcon_core.package_identification:_identify(install) by extensions ['ignore', 'ignore_ament_install']
[0.932s] Level 1:colcon.colcon_core.package_identification:_identify(install) by extension 'ignore'
[0.932s] Level 1:colcon.colcon_core.package_identification:_identify(install) ignored
[0.932s] Level 1:colcon.colcon_core.package_identification:_identify(log) by extensions ['ignore', 'ignore_ament_install']
[0.932s] Level 1:colcon.colcon_core.package_identification:_identify(log) by extension 'ignore'
[0.933s] Level 1:colcon.colcon_core.package_identification:_identify(log) ignored
[0.933s] Level 1:colcon.colcon_core.package_identification:_identify(src) by extensions ['ignore', 'ignore_ament_install']
[0.933s] Level 1:colcon.colcon_core.package_identification:_identify(src) by extension 'ignore'
[0.933s] Level 1:colcon.colcon_core.package_identification:_identify(src) by extension 'ignore_ament_install'
[0.933s] Level 1:colcon.colcon_core.package_identification:_identify(src) by extensions ['colcon_pkg']
[0.933s] Level 1:colcon.colcon_core.package_identification:_identify(src) by extension 'colcon_pkg'
[0.933s] Level 1:colcon.colcon_core.package_identification:_identify(src) by extensions ['colcon_meta']
[0.933s] Level 1:colcon.colcon_core.package_identification:_identify(src) by extension 'colcon_meta'
[0.933s] Level 1:colcon.colcon_core.package_identification:_identify(src) by extensions ['ros']
[0.933s] Level 1:colcon.colcon_core.package_identification:_identify(src) by extension 'ros'
[0.933s] Level 1:colcon.colcon_core.package_identification:_identify(src) by extensions ['cmake', 'python']
[0.933s] Level 1:colcon.colcon_core.package_identification:_identify(src) by extension 'cmake'
[0.933s] Level 1:colcon.colcon_core.package_identification:_identify(src) by extension 'python'
[0.933s] Level 1:colcon.colcon_core.package_identification:_identify(src) by extensions ['python_setup_py']
[0.933s] Level 1:colcon.colcon_core.package_identification:_identify(src) by extension 'python_setup_py'
[0.933s] Level 1:colcon.colcon_core.package_identification:_identify(src/four_ws_control) by extensions ['ignore', 'ignore_ament_install']
[0.933s] Level 1:colcon.colcon_core.package_identification:_identify(src/four_ws_control) by extension 'ignore'
[0.933s] Level 1:colcon.colcon_core.package_identification:_identify(src/four_ws_control) by extension 'ignore_ament_install'
[0.933s] Level 1:colcon.colcon_core.package_identification:_identify(src/four_ws_control) by extensions ['colcon_pkg']
[0.933s] Level 1:colcon.colcon_core.package_identification:_identify(src/four_ws_control) by extension 'colcon_pkg'
[0.933s] Level 1:colcon.colcon_core.package_identification:_identify(src/four_ws_control) by extensions ['colcon_meta']
[0.933s] Level 1:colcon.colcon_core.package_identification:_identify(src/four_ws_control) by extension 'colcon_meta'
[0.933s] Level 1:colcon.colcon_core.package_identification:_identify(src/four_ws_control) by extensions ['ros']
[0.934s] Level 1:colcon.colcon_core.package_identification:_identify(src/four_ws_control) by extension 'ros'
[0.935s] DEBUG:colcon.colcon_core.package_identification:Package 'src/four_ws_control' with type 'ros.ament_cmake' and name 'four_ws_control'
[0.935s] Level 1:colcon.colcon_core.package_identification:_identify(src/gazebo_simulation) by extensions ['ignore', 'ignore_ament_install']
[0.935s] Level 1:colcon.colcon_core.package_identification:_identify(src/gazebo_simulation) by extension 'ignore'
[0.935s] Level 1:colcon.colcon_core.package_identification:_identify(src/gazebo_simulation) by extension 'ignore_ament_install'
[0.935s] Level 1:colcon.colcon_core.package_identification:_identify(src/gazebo_simulation) by extensions ['colcon_pkg']
[0.935s] Level 1:colcon.colcon_core.package_identification:_identify(src/gazebo_simulation) by extension 'colcon_pkg'
[0.936s] Level 1:colcon.colcon_core.package_identification:_identify(src/gazebo_simulation) by extensions ['colcon_meta']
[0.936s] Level 1:colcon.colcon_core.package_identification:_identify(src/gazebo_simulation) by extension 'colcon_meta'
[0.936s] Level 1:colcon.colcon_core.package_identification:_identify(src/gazebo_simulation) by extensions ['ros']
[0.936s] Level 1:colcon.colcon_core.package_identification:_identify(src/gazebo_simulation) by extension 'ros'
[0.936s] DEBUG:colcon.colcon_core.package_identification:Package 'src/gazebo_simulation' with type 'ros.ament_cmake' and name 'gazebo_simulation'
[0.936s] Level 1:colcon.colcon_core.package_discovery:discover_packages(recursive) using defaults
[0.936s] Level 1:colcon.colcon_core.package_discovery:discover_packages(ignore) discover
[0.936s] Level 1:colcon.colcon_core.package_discovery:discover_packages(ignore) using defaults
[0.936s] Level 1:colcon.colcon_core.package_discovery:discover_packages(path) discover
[0.936s] Level 1:colcon.colcon_core.package_discovery:discover_packages(path) using defaults
[1.008s] Level 5:colcon.colcon_core.verb:set package 'four_ws_control' build argument 'cmake_args' from command line to 'None'
[1.008s] Level 5:colcon.colcon_core.verb:set package 'four_ws_control' build argument 'cmake_target' from command line to 'None'
[1.008s] Level 5:colcon.colcon_core.verb:set package 'four_ws_control' build argument 'cmake_target_skip_unavailable' from command line to 'False'
[1.008s] Level 5:colcon.colcon_core.verb:set package 'four_ws_control' build argument 'cmake_clean_cache' from command line to 'False'
[1.008s] Level 5:colcon.colcon_core.verb:set package 'four_ws_control' build argument 'cmake_clean_first' from command line to 'False'
[1.008s] Level 5:colcon.colcon_core.verb:set package 'four_ws_control' build argument 'cmake_force_configure' from command line to 'False'
[1.008s] Level 5:colcon.colcon_core.verb:set package 'four_ws_control' build argument 'ament_cmake_args' from command line to 'None'
[1.008s] Level 5:colcon.colcon_core.verb:set package 'four_ws_control' build argument 'catkin_cmake_args' from command line to 'None'
[1.008s] Level 5:colcon.colcon_core.verb:set package 'four_ws_control' build argument 'catkin_skip_building_tests' from command line to 'False'
[1.008s] DEBUG:colcon.colcon_core.verb:Building package 'four_ws_control' with the following arguments: {'ament_cmake_args': None, 'build_base': '/root/ros2_code/humble/four_ws_ros2/build/four_ws_control', 'catkin_cmake_args': None, 'catkin_skip_building_tests': False, 'cmake_args': None, 'cmake_clean_cache': False, 'cmake_clean_first': False, 'cmake_force_configure': False, 'cmake_target': None, 'cmake_target_skip_unavailable': False, 'install_base': '/root/ros2_code/humble/four_ws_ros2/install/four_ws_control', 'merge_install': False, 'path': '/root/ros2_code/humble/four_ws_ros2/src/four_ws_control', 'symlink_install': False, 'test_result_base': None}
[1.021s] Level 5:colcon.colcon_core.verb:set package 'gazebo_simulation' build argument 'cmake_args' from command line to 'None'
[1.021s] Level 5:colcon.colcon_core.verb:set package 'gazebo_simulation' build argument 'cmake_target' from command line to 'None'
[1.021s] Level 5:colcon.colcon_core.verb:set package 'gazebo_simulation' build argument 'cmake_target_skip_unavailable' from command line to 'False'
[1.021s] Level 5:colcon.colcon_core.verb:set package 'gazebo_simulation' build argument 'cmake_clean_cache' from command line to 'False'
[1.021s] Level 5:colcon.colcon_core.verb:set package 'gazebo_simulation' build argument 'cmake_clean_first' from command line to 'False'
[1.021s] Level 5:colcon.colcon_core.verb:set package 'gazebo_simulation' build argument 'cmake_force_configure' from command line to 'False'
[1.021s] Level 5:colcon.colcon_core.verb:set package 'gazebo_simulation' build argument 'ament_cmake_args' from command line to 'None'
[1.021s] Level 5:colcon.colcon_core.verb:set package 'gazebo_simulation' build argument 'catkin_cmake_args' from command line to 'None'
[1.021s] Level 5:colcon.colcon_core.verb:set package 'gazebo_simulation' build argument 'catkin_skip_building_tests' from command line to 'False'
[1.021s] DEBUG:colcon.colcon_core.verb:Building package 'gazebo_simulation' with the following arguments: {'ament_cmake_args': None, 'build_base': '/root/ros2_code/humble/four_ws_ros2/build/gazebo_simulation', 'catkin_cmake_args': None, 'catkin_skip_building_tests': False, 'cmake_args': None, 'cmake_clean_cache': False, 'cmake_clean_first': False, 'cmake_force_configure': False, 'cmake_target': None, 'cmake_target_skip_unavailable': False, 'install_base': '/root/ros2_code/humble/four_ws_ros2/install/gazebo_simulation', 'merge_install': False, 'path': '/root/ros2_code/humble/four_ws_ros2/src/gazebo_simulation', 'symlink_install': False, 'test_result_base': None}
[1.034s] INFO:colcon.colcon_core.executor:Executing jobs using 'parallel' executor
[1.048s] DEBUG:colcon.colcon_parallel_executor.executor.parallel:run_until_complete
[1.048s] INFO:colcon.colcon_ros.task.ament_cmake.build:Building ROS package in '/root/ros2_code/humble/four_ws_ros2/src/four_ws_control' with build type 'ament_cmake'
[1.048s] INFO:colcon.colcon_cmake.task.cmake.build:Building CMake package in '/root/ros2_code/humble/four_ws_ros2/src/four_ws_control'
[1.062s] INFO:colcon.colcon_core.plugin_system:Skipping extension 'colcon_core.shell.bat': Not used on non-Windows systems
[1.062s] INFO:colcon.colcon_core.shell:Skip shell extension 'powershell' for command environment: Not usable outside of PowerShell
[1.062s] DEBUG:colcon.colcon_core.shell:Skip shell extension 'dsv' for command environment
[1.173s] INFO:colcon.colcon_ros.task.ament_cmake.build:Building ROS package in '/root/ros2_code/humble/four_ws_ros2/src/gazebo_simulation' with build type 'ament_cmake'
[1.174s] INFO:colcon.colcon_cmake.task.cmake.build:Building CMake package in '/root/ros2_code/humble/four_ws_ros2/src/gazebo_simulation'
[1.186s] INFO:colcon.colcon_core.shell:Skip shell extension 'powershell' for command environment: Not usable outside of PowerShell
[1.186s] DEBUG:colcon.colcon_core.shell:Skip shell extension 'dsv' for command environment
[1.305s] DEBUG:colcon.colcon_core.event_handler.log_command:Invoking command in '/root/ros2_code/humble/four_ws_ros2/build/four_ws_control': CMAKE_PREFIX_PATH=${CMAKE_PREFIX_PATH}:/root/ros2_code/humble/vision/install/path_planner_pkg:/root/ros2_code/humble/vision/install/nav2_api_pkg:/root/ros2_code/humble/vision/install/joystick_pkg:/root/ros2_code/humble/vision/install/cartographer_pkg:/root/ros2_code/humble/nav2class/install/autonomous_tb3:/opt/ros/humble /usr/bin/cmake --build /root/ros2_code/humble/four_ws_ros2/build/four_ws_control -- -j12 -l12
[1.309s] DEBUG:colcon.colcon_core.event_handler.log_command:Invoking command in '/root/ros2_code/humble/four_ws_ros2/build/gazebo_simulation': CMAKE_PREFIX_PATH=${CMAKE_PREFIX_PATH}:/root/ros2_code/humble/vision/install/path_planner_pkg:/root/ros2_code/humble/vision/install/nav2_api_pkg:/root/ros2_code/humble/vision/install/joystick_pkg:/root/ros2_code/humble/vision/install/cartographer_pkg:/root/ros2_code/humble/nav2class/install/autonomous_tb3:/opt/ros/humble /usr/bin/cmake --build /root/ros2_code/humble/four_ws_ros2/build/gazebo_simulation -- -j12 -l12
[1.349s] DEBUG:colcon.colcon_core.event_handler.log_command:Invoked command in '/root/ros2_code/humble/four_ws_ros2/build/four_ws_control' returned '0': CMAKE_PREFIX_PATH=${CMAKE_PREFIX_PATH}:/root/ros2_code/humble/vision/install/path_planner_pkg:/root/ros2_code/humble/vision/install/nav2_api_pkg:/root/ros2_code/humble/vision/install/joystick_pkg:/root/ros2_code/humble/vision/install/cartographer_pkg:/root/ros2_code/humble/nav2class/install/autonomous_tb3:/opt/ros/humble /usr/bin/cmake --build /root/ros2_code/humble/four_ws_ros2/build/four_ws_control -- -j12 -l12
[1.357s] DEBUG:colcon.colcon_core.event_handler.log_command:Invoked command in '/root/ros2_code/humble/four_ws_ros2/build/gazebo_simulation' returned '0': CMAKE_PREFIX_PATH=${CMAKE_PREFIX_PATH}:/root/ros2_code/humble/vision/install/path_planner_pkg:/root/ros2_code/humble/vision/install/nav2_api_pkg:/root/ros2_code/humble/vision/install/joystick_pkg:/root/ros2_code/humble/vision/install/cartographer_pkg:/root/ros2_code/humble/nav2class/install/autonomous_tb3:/opt/ros/humble /usr/bin/cmake --build /root/ros2_code/humble/four_ws_ros2/build/gazebo_simulation -- -j12 -l12
[1.383s] DEBUG:colcon.colcon_core.event_handler.log_command:Invoking command in '/root/ros2_code/humble/four_ws_ros2/build/four_ws_control': CMAKE_PREFIX_PATH=${CMAKE_PREFIX_PATH}:/root/ros2_code/humble/vision/install/path_planner_pkg:/root/ros2_code/humble/vision/install/nav2_api_pkg:/root/ros2_code/humble/vision/install/joystick_pkg:/root/ros2_code/humble/vision/install/cartographer_pkg:/root/ros2_code/humble/nav2class/install/autonomous_tb3:/opt/ros/humble /usr/bin/cmake --install /root/ros2_code/humble/four_ws_ros2/build/four_ws_control
[1.385s] DEBUG:colcon.colcon_core.event_handler.log_command:Invoking command in '/root/ros2_code/humble/four_ws_ros2/build/gazebo_simulation': CMAKE_PREFIX_PATH=${CMAKE_PREFIX_PATH}:/root/ros2_code/humble/vision/install/path_planner_pkg:/root/ros2_code/humble/vision/install/nav2_api_pkg:/root/ros2_code/humble/vision/install/joystick_pkg:/root/ros2_code/humble/vision/install/cartographer_pkg:/root/ros2_code/humble/nav2class/install/autonomous_tb3:/opt/ros/humble /usr/bin/cmake --install /root/ros2_code/humble/four_ws_ros2/build/gazebo_simulation
[1.394s] Level 1:colcon.colcon_core.environment:create_environment_scripts_only(four_ws_control)
[1.401s] DEBUG:colcon.colcon_core.event_handler.log_command:Invoked command in '/root/ros2_code/humble/four_ws_ros2/build/four_ws_control' returned '0': CMAKE_PREFIX_PATH=${CMAKE_PREFIX_PATH}:/root/ros2_code/humble/vision/install/path_planner_pkg:/root/ros2_code/humble/vision/install/nav2_api_pkg:/root/ros2_code/humble/vision/install/joystick_pkg:/root/ros2_code/humble/vision/install/cartographer_pkg:/root/ros2_code/humble/nav2class/install/autonomous_tb3:/opt/ros/humble /usr/bin/cmake --install /root/ros2_code/humble/four_ws_ros2/build/four_ws_control
[1.418s] Level 1:colcon.colcon_core.environment:checking '/root/ros2_code/humble/four_ws_ros2/install/four_ws_control' for CMake module files
[1.418s] Level 1:colcon.colcon_core.environment:checking '/root/ros2_code/humble/four_ws_ros2/install/four_ws_control' for CMake config files
[1.419s] Level 1:colcon.colcon_core.shell:create_environment_hook('four_ws_control', 'cmake_prefix_path')
[1.436s] INFO:colcon.colcon_core.shell:Creating environment hook '/root/ros2_code/humble/four_ws_ros2/install/four_ws_control/share/four_ws_control/hook/cmake_prefix_path.ps1'
[1.437s] INFO:colcon.colcon_core.shell:Creating environment descriptor '/root/ros2_code/humble/four_ws_ros2/install/four_ws_control/share/four_ws_control/hook/cmake_prefix_path.dsv'
[1.437s] INFO:colcon.colcon_core.shell:Creating environment hook '/root/ros2_code/humble/four_ws_ros2/install/four_ws_control/share/four_ws_control/hook/cmake_prefix_path.sh'
[1.438s] Level 1:colcon.colcon_core.environment:checking '/root/ros2_code/humble/four_ws_ros2/install/four_ws_control/lib'
[1.438s] Level 1:colcon.colcon_core.environment:checking '/root/ros2_code/humble/four_ws_ros2/install/four_ws_control/bin'
[1.438s] Level 1:colcon.colcon_core.environment:checking '/root/ros2_code/humble/four_ws_ros2/install/four_ws_control/lib/pkgconfig/four_ws_control.pc'
[1.440s] Level 1:colcon.colcon_core.environment:checking '/root/ros2_code/humble/four_ws_ros2/install/four_ws_control/lib/python3.10/site-packages'
[1.440s] Level 1:colcon.colcon_core.environment:checking '/root/ros2_code/humble/four_ws_ros2/install/four_ws_control/bin'
[1.453s] INFO:colcon.colcon_core.shell:Creating package script '/root/ros2_code/humble/four_ws_ros2/install/four_ws_control/share/four_ws_control/package.ps1'
[1.454s] INFO:colcon.colcon_core.shell:Creating package descriptor '/root/ros2_code/humble/four_ws_ros2/install/four_ws_control/share/four_ws_control/package.dsv'
[1.454s] INFO:colcon.colcon_core.shell:Creating package script '/root/ros2_code/humble/four_ws_ros2/install/four_ws_control/share/four_ws_control/package.sh'
[1.455s] INFO:colcon.colcon_core.shell:Creating package script '/root/ros2_code/humble/four_ws_ros2/install/four_ws_control/share/four_ws_control/package.bash'
[1.455s] INFO:colcon.colcon_core.shell:Creating package script '/root/ros2_code/humble/four_ws_ros2/install/four_ws_control/share/four_ws_control/package.zsh'
[1.456s] Level 1:colcon.colcon_core.environment:create_file_with_runtime_dependencies(/root/ros2_code/humble/four_ws_ros2/install/four_ws_control/share/colcon-core/packages/four_ws_control)
[1.459s] Level 1:colcon.colcon_core.environment:create_environment_scripts_only(gazebo_simulation)
[1.459s] DEBUG:colcon.colcon_core.event_handler.log_command:Invoked command in '/root/ros2_code/humble/four_ws_ros2/build/gazebo_simulation' returned '0': CMAKE_PREFIX_PATH=${CMAKE_PREFIX_PATH}:/root/ros2_code/humble/vision/install/path_planner_pkg:/root/ros2_code/humble/vision/install/nav2_api_pkg:/root/ros2_code/humble/vision/install/joystick_pkg:/root/ros2_code/humble/vision/install/cartographer_pkg:/root/ros2_code/humble/nav2class/install/autonomous_tb3:/opt/ros/humble /usr/bin/cmake --install /root/ros2_code/humble/four_ws_ros2/build/gazebo_simulation
[1.473s] Level 1:colcon.colcon_core.environment:checking '/root/ros2_code/humble/four_ws_ros2/install/gazebo_simulation' for CMake module files
[1.473s] Level 1:colcon.colcon_core.environment:checking '/root/ros2_code/humble/four_ws_ros2/install/gazebo_simulation' for CMake config files
[1.474s] Level 1:colcon.colcon_core.shell:create_environment_hook('gazebo_simulation', 'cmake_prefix_path')
[1.487s] INFO:colcon.colcon_core.shell:Creating environment hook '/root/ros2_code/humble/four_ws_ros2/install/gazebo_simulation/share/gazebo_simulation/hook/cmake_prefix_path.ps1'
[1.488s] INFO:colcon.colcon_core.shell:Creating environment descriptor '/root/ros2_code/humble/four_ws_ros2/install/gazebo_simulation/share/gazebo_simulation/hook/cmake_prefix_path.dsv'
[1.488s] INFO:colcon.colcon_core.shell:Creating environment hook '/root/ros2_code/humble/four_ws_ros2/install/gazebo_simulation/share/gazebo_simulation/hook/cmake_prefix_path.sh'
[1.488s] Level 1:colcon.colcon_core.environment:checking '/root/ros2_code/humble/four_ws_ros2/install/gazebo_simulation/lib'
[1.488s] Level 1:colcon.colcon_core.environment:checking '/root/ros2_code/humble/four_ws_ros2/install/gazebo_simulation/bin'
[1.489s] Level 1:colcon.colcon_core.environment:checking '/root/ros2_code/humble/four_ws_ros2/install/gazebo_simulation/lib/pkgconfig/gazebo_simulation.pc'
[1.489s] Level 1:colcon.colcon_core.environment:checking '/root/ros2_code/humble/four_ws_ros2/install/gazebo_simulation/lib/python3.10/site-packages'
[1.489s] Level 1:colcon.colcon_core.environment:checking '/root/ros2_code/humble/four_ws_ros2/install/gazebo_simulation/bin'
[1.509s] INFO:colcon.colcon_core.shell:Creating package script '/root/ros2_code/humble/four_ws_ros2/install/gazebo_simulation/share/gazebo_simulation/package.ps1'
[1.510s] INFO:colcon.colcon_core.shell:Creating package descriptor '/root/ros2_code/humble/four_ws_ros2/install/gazebo_simulation/share/gazebo_simulation/package.dsv'
[1.510s] INFO:colcon.colcon_core.shell:Creating package script '/root/ros2_code/humble/four_ws_ros2/install/gazebo_simulation/share/gazebo_simulation/package.sh'
[1.510s] INFO:colcon.colcon_core.shell:Creating package script '/root/ros2_code/humble/four_ws_ros2/install/gazebo_simulation/share/gazebo_simulation/package.bash'
[1.510s] INFO:colcon.colcon_core.shell:Creating package script '/root/ros2_code/humble/four_ws_ros2/install/gazebo_simulation/share/gazebo_simulation/package.zsh'
[1.511s] Level 1:colcon.colcon_core.environment:create_file_with_runtime_dependencies(/root/ros2_code/humble/four_ws_ros2/install/gazebo_simulation/share/colcon-core/packages/gazebo_simulation)
[1.526s] Level 1:colcon.colcon_core.environment:create_environment_scripts_only(four_ws_control)
[1.539s] Level 1:colcon.colcon_core.environment:checking '/root/ros2_code/humble/four_ws_ros2/install/four_ws_control' for CMake module files
[1.539s] Level 1:colcon.colcon_core.environment:checking '/root/ros2_code/humble/four_ws_ros2/install/four_ws_control' for CMake config files
[1.540s] Level 1:colcon.colcon_core.shell:create_environment_hook('four_ws_control', 'cmake_prefix_path')
[1.556s] INFO:colcon.colcon_core.shell:Creating environment hook '/root/ros2_code/humble/four_ws_ros2/install/four_ws_control/share/four_ws_control/hook/cmake_prefix_path.ps1'
[1.557s] INFO:colcon.colcon_core.shell:Creating environment descriptor '/root/ros2_code/humble/four_ws_ros2/install/four_ws_control/share/four_ws_control/hook/cmake_prefix_path.dsv'
[1.557s] INFO:colcon.colcon_core.shell:Creating environment hook '/root/ros2_code/humble/four_ws_ros2/install/four_ws_control/share/four_ws_control/hook/cmake_prefix_path.sh'
[1.557s] Level 1:colcon.colcon_core.environment:checking '/root/ros2_code/humble/four_ws_ros2/install/four_ws_control/lib'
[1.557s] Level 1:colcon.colcon_core.environment:checking '/root/ros2_code/humble/four_ws_ros2/install/four_ws_control/bin'
[1.557s] Level 1:colcon.colcon_core.environment:checking '/root/ros2_code/humble/four_ws_ros2/install/four_ws_control/lib/pkgconfig/four_ws_control.pc'
[1.558s] Level 1:colcon.colcon_core.environment:checking '/root/ros2_code/humble/four_ws_ros2/install/four_ws_control/lib/python3.10/site-packages'
[1.558s] Level 1:colcon.colcon_core.environment:checking '/root/ros2_code/humble/four_ws_ros2/install/four_ws_control/bin'
[1.571s] INFO:colcon.colcon_core.shell:Creating package script '/root/ros2_code/humble/four_ws_ros2/install/four_ws_control/share/four_ws_control/package.ps1'
[1.571s] INFO:colcon.colcon_core.shell:Creating package descriptor '/root/ros2_code/humble/four_ws_ros2/install/four_ws_control/share/four_ws_control/package.dsv'
[1.571s] INFO:colcon.colcon_core.shell:Creating package script '/root/ros2_code/humble/four_ws_ros2/install/four_ws_control/share/four_ws_control/package.sh'
[1.572s] INFO:colcon.colcon_core.shell:Creating package script '/root/ros2_code/humble/four_ws_ros2/install/four_ws_control/share/four_ws_control/package.bash'
[1.572s] INFO:colcon.colcon_core.shell:Creating package script '/root/ros2_code/humble/four_ws_ros2/install/four_ws_control/share/four_ws_control/package.zsh'
[1.572s] Level 1:colcon.colcon_core.environment:create_file_with_runtime_dependencies(/root/ros2_code/humble/four_ws_ros2/install/four_ws_control/share/colcon-core/packages/four_ws_control)
[1.587s] Level 1:colcon.colcon_core.environment:create_environment_scripts_only(gazebo_simulation)
[1.604s] Level 1:colcon.colcon_core.environment:checking '/root/ros2_code/humble/four_ws_ros2/install/gazebo_simulation' for CMake module files
[1.604s] Level 1:colcon.colcon_core.environment:checking '/root/ros2_code/humble/four_ws_ros2/install/gazebo_simulation' for CMake config files
[1.605s] Level 1:colcon.colcon_core.shell:create_environment_hook('gazebo_simulation', 'cmake_prefix_path')
[1.620s] INFO:colcon.colcon_core.shell:Creating environment hook '/root/ros2_code/humble/four_ws_ros2/install/gazebo_simulation/share/gazebo_simulation/hook/cmake_prefix_path.ps1'
[1.620s] INFO:colcon.colcon_core.shell:Creating environment descriptor '/root/ros2_code/humble/four_ws_ros2/install/gazebo_simulation/share/gazebo_simulation/hook/cmake_prefix_path.dsv'
[1.621s] INFO:colcon.colcon_core.shell:Creating environment hook '/root/ros2_code/humble/four_ws_ros2/install/gazebo_simulation/share/gazebo_simulation/hook/cmake_prefix_path.sh'
[1.621s] Level 1:colcon.colcon_core.environment:checking '/root/ros2_code/humble/four_ws_ros2/install/gazebo_simulation/lib'
[1.621s] Level 1:colcon.colcon_core.environment:checking '/root/ros2_code/humble/four_ws_ros2/install/gazebo_simulation/bin'
[1.621s] Level 1:colcon.colcon_core.environment:checking '/root/ros2_code/humble/four_ws_ros2/install/gazebo_simulation/lib/pkgconfig/gazebo_simulation.pc'
[1.622s] Level 1:colcon.colcon_core.environment:checking '/root/ros2_code/humble/four_ws_ros2/install/gazebo_simulation/lib/python3.10/site-packages'
[1.622s] Level 1:colcon.colcon_core.environment:checking '/root/ros2_code/humble/four_ws_ros2/install/gazebo_simulation/bin'
[1.635s] INFO:colcon.colcon_core.shell:Creating package script '/root/ros2_code/humble/four_ws_ros2/install/gazebo_simulation/share/gazebo_simulation/package.ps1'
[1.635s] INFO:colcon.colcon_core.shell:Creating package descriptor '/root/ros2_code/humble/four_ws_ros2/install/gazebo_simulation/share/gazebo_simulation/package.dsv'
[1.636s] INFO:colcon.colcon_core.shell:Creating package script '/root/ros2_code/humble/four_ws_ros2/install/gazebo_simulation/share/gazebo_simulation/package.sh'
[1.636s] INFO:colcon.colcon_core.shell:Creating package script '/root/ros2_code/humble/four_ws_ros2/install/gazebo_simulation/share/gazebo_simulation/package.bash'
[1.636s] INFO:colcon.colcon_core.shell:Creating package script '/root/ros2_code/humble/four_ws_ros2/install/gazebo_simulation/share/gazebo_simulation/package.zsh'
[1.637s] Level 1:colcon.colcon_core.environment:create_file_with_runtime_dependencies(/root/ros2_code/humble/four_ws_ros2/install/gazebo_simulation/share/colcon-core/packages/gazebo_simulation)
[1.637s] DEBUG:colcon.colcon_parallel_executor.executor.parallel:closing loop
[1.637s] DEBUG:colcon.colcon_parallel_executor.executor.parallel:loop closed
[1.637s] DEBUG:colcon.colcon_parallel_executor.executor.parallel:run_until_complete finished with '0'
[1.638s] DEBUG:colcon.colcon_core.event_reactor:joining thread
[1.655s] INFO:colcon.colcon_core.plugin_system:Skipping extension 'colcon_notification.desktop_notification.notify_send': Could not find 'notify-send'
[1.655s] INFO:colcon.colcon_core.plugin_system:Skipping extension 'colcon_notification.desktop_notification.terminal_notifier': Not used on non-Darwin systems
[1.655s] INFO:colcon.colcon_core.plugin_system:Skipping extension 'colcon_notification.desktop_notification.win32': Not used on non-Windows systems
[1.655s] INFO:colcon.colcon_notification.desktop_notification:Sending desktop notification using 'notify2'
[1.657s] DEBUG:colcon.colcon_notification.desktop_notification.notify2:Failed to initialize notify2: org.freedesktop.DBus.Error.Spawn.ExecFailed: /usr/bin/dbus-launch terminated abnormally without any error message
[1.658s] DEBUG:colcon.colcon_core.event_reactor:joined thread
[1.671s] INFO:colcon.colcon_core.shell:Creating prefix script '/root/ros2_code/humble/four_ws_ros2/install/local_setup.ps1'
[1.672s] INFO:colcon.colcon_core.shell:Creating prefix util module '/root/ros2_code/humble/four_ws_ros2/install/_local_setup_util_ps1.py'
[1.673s] INFO:colcon.colcon_core.shell:Creating prefix chain script '/root/ros2_code/humble/four_ws_ros2/install/setup.ps1'
[1.686s] INFO:colcon.colcon_core.shell:Creating prefix script '/root/ros2_code/humble/four_ws_ros2/install/local_setup.sh'
[1.687s] INFO:colcon.colcon_core.shell:Creating prefix util module '/root/ros2_code/humble/four_ws_ros2/install/_local_setup_util_sh.py'
[1.687s] INFO:colcon.colcon_core.shell:Creating prefix chain script '/root/ros2_code/humble/four_ws_ros2/install/setup.sh'
[1.703s] INFO:colcon.colcon_core.shell:Creating prefix script '/root/ros2_code/humble/four_ws_ros2/install/local_setup.bash'
[1.704s] INFO:colcon.colcon_core.shell:Creating prefix chain script '/root/ros2_code/humble/four_ws_ros2/install/setup.bash'
[1.720s] INFO:colcon.colcon_core.shell:Creating prefix script '/root/ros2_code/humble/four_ws_ros2/install/local_setup.zsh'
[1.720s] INFO:colcon.colcon_core.shell:Creating prefix chain script '/root/ros2_code/humble/four_ws_ros2/install/setup.zsh'
