-- Install configuration: ""
-- Up-to-date: /root/ros2_code/humble/simulations/install/neo_common2/include
-- Up-to-date: /root/ros2_code/humble/simulations/install/neo_common2/include/neo_common2
-- Up-to-date: /root/ros2_code/humble/simulations/install/neo_common2/include/neo_common2/MatrixX.h
-- Up-to-date: /root/ros2_code/humble/simulations/install/neo_common2/include/neo_common2/Matrix.h
-- Up-to-date: /root/ros2_code/humble/simulations/install/neo_common2/share/ament_index/resource_index/package_run_dependencies/neo_common2
-- Up-to-date: /root/ros2_code/humble/simulations/install/neo_common2/share/ament_index/resource_index/parent_prefix_path/neo_common2
-- Up-to-date: /root/ros2_code/humble/simulations/install/neo_common2/share/neo_common2/environment/ament_prefix_path.sh
-- Up-to-date: /root/ros2_code/humble/simulations/install/neo_common2/share/neo_common2/environment/ament_prefix_path.dsv
-- Up-to-date: /root/ros2_code/humble/simulations/install/neo_common2/share/neo_common2/environment/path.sh
-- Up-to-date: /root/ros2_code/humble/simulations/install/neo_common2/share/neo_common2/environment/path.dsv
-- Up-to-date: /root/ros2_code/humble/simulations/install/neo_common2/share/neo_common2/local_setup.bash
-- Up-to-date: /root/ros2_code/humble/simulations/install/neo_common2/share/neo_common2/local_setup.sh
-- Up-to-date: /root/ros2_code/humble/simulations/install/neo_common2/share/neo_common2/local_setup.zsh
-- Up-to-date: /root/ros2_code/humble/simulations/install/neo_common2/share/neo_common2/local_setup.dsv
-- Up-to-date: /root/ros2_code/humble/simulations/install/neo_common2/share/neo_common2/package.dsv
-- Up-to-date: /root/ros2_code/humble/simulations/install/neo_common2/share/ament_index/resource_index/packages/neo_common2
-- Up-to-date: /root/ros2_code/humble/simulations/install/neo_common2/share/neo_common2/cmake/ament_cmake_export_include_directories-extras.cmake
-- Up-to-date: /root/ros2_code/humble/simulations/install/neo_common2/share/neo_common2/cmake/neo_common2Config.cmake
-- Up-to-date: /root/ros2_code/humble/simulations/install/neo_common2/share/neo_common2/cmake/neo_common2Config-version.cmake
-- Up-to-date: /root/ros2_code/humble/simulations/install/neo_common2/share/neo_common2/package.xml
