[2.514s] Invoking command in '/root/ros2_code/humble/tc_ros2_nav/src/localization_server': PYTHONPATH=/root/ros2_code/humble/tc_ros2_nav/build/localization_server/prefix_override:/root/ros2_code/humble/tc_ros2_nav/install/localization_server/lib/python3.10/site-packages:${PYTHONPATH} /usr/bin/python3 setup.py egg_info --egg-base ../../build/localization_server build --build-base /root/ros2_code/humble/tc_ros2_nav/build/localization_server/build install --record /root/ros2_code/humble/tc_ros2_nav/build/localization_server/install.log --single-version-externally-managed
[2.754s] running egg_info
[2.755s] creating ../../build/localization_server/localization_server.egg-info
[2.755s] writing ../../build/localization_server/localization_server.egg-info/PKG-INFO
[2.755s] writing dependency_links to ../../build/localization_server/localization_server.egg-info/dependency_links.txt
[2.755s] writing entry points to ../../build/localization_server/localization_server.egg-info/entry_points.txt
[2.756s] writing requirements to ../../build/localization_server/localization_server.egg-info/requires.txt
[2.756s] writing top-level names to ../../build/localization_server/localization_server.egg-info/top_level.txt
[2.756s] writing manifest file '../../build/localization_server/localization_server.egg-info/SOURCES.txt'
[2.757s] reading manifest file '../../build/localization_server/localization_server.egg-info/SOURCES.txt'
[2.758s] writing manifest file '../../build/localization_server/localization_server.egg-info/SOURCES.txt'
[2.758s] running build
[2.759s] running build_py
[2.759s] creating /root/ros2_code/humble/tc_ros2_nav/build/localization_server/build
[2.759s] creating /root/ros2_code/humble/tc_ros2_nav/build/localization_server/build/lib
[2.759s] creating /root/ros2_code/humble/tc_ros2_nav/build/localization_server/build/lib/localization_server
[2.759s] copying localization_server/__init__.py -> /root/ros2_code/humble/tc_ros2_nav/build/localization_server/build/lib/localization_server
[2.759s] running install
[2.759s] running install_lib
[2.760s] creating /root/ros2_code/humble/tc_ros2_nav/install/localization_server/lib/python3.10/site-packages/localization_server
[2.760s] copying /root/ros2_code/humble/tc_ros2_nav/build/localization_server/build/lib/localization_server/__init__.py -> /root/ros2_code/humble/tc_ros2_nav/install/localization_server/lib/python3.10/site-packages/localization_server
[2.761s] byte-compiling /root/ros2_code/humble/tc_ros2_nav/install/localization_server/lib/python3.10/site-packages/localization_server/__init__.py to __init__.cpython-310.pyc
[2.761s] running install_data
[2.762s] creating /root/ros2_code/humble/tc_ros2_nav/install/localization_server/share/ament_index
[2.762s] creating /root/ros2_code/humble/tc_ros2_nav/install/localization_server/share/ament_index/resource_index
[2.762s] creating /root/ros2_code/humble/tc_ros2_nav/install/localization_server/share/ament_index/resource_index/packages
[2.762s] copying resource/localization_server -> /root/ros2_code/humble/tc_ros2_nav/install/localization_server/share/ament_index/resource_index/packages
[2.762s] copying package.xml -> /root/ros2_code/humble/tc_ros2_nav/install/localization_server/share/localization_server
[2.762s] creating /root/ros2_code/humble/tc_ros2_nav/install/localization_server/share/localization_server/launch
[2.763s] copying launch/localization.launch.py -> /root/ros2_code/humble/tc_ros2_nav/install/localization_server/share/localization_server/launch
[2.763s] creating /root/ros2_code/humble/tc_ros2_nav/install/localization_server/share/localization_server/config
[2.763s] running install_egg_info
[2.764s] Copying ../../build/localization_server/localization_server.egg-info to /root/ros2_code/humble/tc_ros2_nav/install/localization_server/lib/python3.10/site-packages/localization_server-0.0.0-py3.10.egg-info
[2.766s] running install_scripts
[2.784s] writing list of installed files to '/root/ros2_code/humble/tc_ros2_nav/build/localization_server/install.log'
[2.915s] Invoked command in '/root/ros2_code/humble/tc_ros2_nav/src/localization_server' returned '0': PYTHONPATH=/root/ros2_code/humble/tc_ros2_nav/build/localization_server/prefix_override:/root/ros2_code/humble/tc_ros2_nav/install/localization_server/lib/python3.10/site-packages:${PYTHONPATH} /usr/bin/python3 setup.py egg_info --egg-base ../../build/localization_server build --build-base /root/ros2_code/humble/tc_ros2_nav/build/localization_server/build install --record /root/ros2_code/humble/tc_ros2_nav/build/localization_server/install.log --single-version-externally-managed
