[4.587s] Invoking command in '/root/ros2_code/R2basic_concepts/src/service_server_pkg': PYTHONPATH=/root/ros2_code/R2basic_concepts/build/service_server_pkg/prefix_override:/root/ros2_code/R2basic_concepts/install/service_server_pkg/lib/python3.10/site-packages:${PYTHONPATH} /usr/bin/python3 setup.py egg_info --egg-base ../../build/service_server_pkg build --build-base /root/ros2_code/R2basic_concepts/build/service_server_pkg/build install --record /root/ros2_code/R2basic_concepts/build/service_server_pkg/install.log --single-version-externally-managed
[5.078s] running egg_info
[5.079s] writing ../../build/service_server_pkg/service_server_pkg.egg-info/PKG-INFO
[5.079s] writing dependency_links to ../../build/service_server_pkg/service_server_pkg.egg-info/dependency_links.txt
[5.079s] writing entry points to ../../build/service_server_pkg/service_server_pkg.egg-info/entry_points.txt
[5.079s] writing requirements to ../../build/service_server_pkg/service_server_pkg.egg-info/requires.txt
[5.080s] writing top-level names to ../../build/service_server_pkg/service_server_pkg.egg-info/top_level.txt
[5.082s] reading manifest file '../../build/service_server_pkg/service_server_pkg.egg-info/SOURCES.txt'
[5.084s] writing manifest file '../../build/service_server_pkg/service_server_pkg.egg-info/SOURCES.txt'
[5.085s] running build
[5.085s] running build_py
[5.086s] running install
[5.086s] running install_lib
[5.086s] running install_data
[5.087s] running install_egg_info
[5.091s] removing '/root/ros2_code/R2basic_concepts/install/service_server_pkg/lib/python3.10/site-packages/service_server_pkg-0.0.0-py3.10.egg-info' (and everything under it)
[5.091s] Copying ../../build/service_server_pkg/service_server_pkg.egg-info to /root/ros2_code/R2basic_concepts/install/service_server_pkg/lib/python3.10/site-packages/service_server_pkg-0.0.0-py3.10.egg-info
[5.092s] running install_scripts
[5.125s] Installing exercise42 script to /root/ros2_code/R2basic_concepts/install/service_server_pkg/lib/service_server_pkg
[5.125s] writing list of installed files to '/root/ros2_code/R2basic_concepts/build/service_server_pkg/install.log'
[5.479s] Invoked command in '/root/ros2_code/R2basic_concepts/src/service_server_pkg' returned '0': PYTHONPATH=/root/ros2_code/R2basic_concepts/build/service_server_pkg/prefix_override:/root/ros2_code/R2basic_concepts/install/service_server_pkg/lib/python3.10/site-packages:${PYTHONPATH} /usr/bin/python3 setup.py egg_info --egg-base ../../build/service_server_pkg build --build-base /root/ros2_code/R2basic_concepts/build/service_server_pkg/build install --record /root/ros2_code/R2basic_concepts/build/service_server_pkg/install.log --single-version-externally-managed
