-- Install configuration: ""
-- Up-to-date: /root/ros2_code/R2basic_concepts/install/basics_ros2_multithreading/share/basics_ros2_multithreading/scripts
-- Up-to-date: /root/ros2_code/R2basic_concepts/install/basics_ros2_multithreading/share/basics_ros2_multithreading/scripts/function.py
-- Up-to-date: /root/ros2_code/R2basic_concepts/install/basics_ros2_multithreading/share/basics_ros2_multithreading/scripts/haarcascade_frontalface.xml
-- Up-to-date: /root/ros2_code/R2basic_concepts/install/basics_ros2_multithreading/share/basics_ros2_multithreading/scripts/yello_tshirt_detector.py
-- Up-to-date: /root/ros2_code/R2basic_concepts/install/basics_ros2_multithreading/share/basics_ros2_multithreading/scripts/callback_function.py
-- Up-to-date: /root/ros2_code/R2basic_concepts/install/basics_ros2_multithreading/share/basics_ros2_multithreading/scripts/face_searcher_multithreading_callbackgroups.py
-- Up-to-date: /root/ros2_code/R2basic_concepts/install/basics_ros2_multithreading/share/basics_ros2_multithreading/scripts/deepbot_movehead.py
-- Up-to-date: /root/ros2_code/R2basic_concepts/install/basics_ros2_multithreading/share/basics_ros2_multithreading/scripts/callback_spinonce_function.py
-- Up-to-date: /root/ros2_code/R2basic_concepts/install/basics_ros2_multithreading/share/basics_ros2_multithreading/scripts/face_searcher_multithreading.py
-- Up-to-date: /root/ros2_code/R2basic_concepts/install/basics_ros2_multithreading/share/basics_ros2_multithreading/scripts/face_searcher.py
-- Up-to-date: /root/ros2_code/R2basic_concepts/install/basics_ros2_multithreading/share/basics_ros2_multithreading/launch
-- Up-to-date: /root/ros2_code/R2basic_concepts/install/basics_ros2_multithreading/share/basics_ros2_multithreading/launch/face_searcher_multithreading.launch.py
-- Up-to-date: /root/ros2_code/R2basic_concepts/install/basics_ros2_multithreading/share/basics_ros2_multithreading/launch/yello_tshirt_detector.launch.py
-- Up-to-date: /root/ros2_code/R2basic_concepts/install/basics_ros2_multithreading/share/basics_ros2_multithreading/launch/face_searcher_multithreading_callbackgroups.launch.py
-- Up-to-date: /root/ros2_code/R2basic_concepts/install/basics_ros2_multithreading/share/basics_ros2_multithreading/launch/face_searcher.launch.py
-- Up-to-date: /root/ros2_code/R2basic_concepts/install/basics_ros2_multithreading/share/basics_ros2_multithreading/launch/callback_function.launch.py
-- Up-to-date: /root/ros2_code/R2basic_concepts/install/basics_ros2_multithreading/lib/basics_ros2_multithreading/function.py
-- Up-to-date: /root/ros2_code/R2basic_concepts/install/basics_ros2_multithreading/lib/basics_ros2_multithreading/callback_function.py
-- Up-to-date: /root/ros2_code/R2basic_concepts/install/basics_ros2_multithreading/lib/basics_ros2_multithreading/callback_spinonce_function.py
-- Up-to-date: /root/ros2_code/R2basic_concepts/install/basics_ros2_multithreading/lib/basics_ros2_multithreading/face_searcher.py
-- Up-to-date: /root/ros2_code/R2basic_concepts/install/basics_ros2_multithreading/lib/basics_ros2_multithreading/face_searcher_multithreading.py
-- Up-to-date: /root/ros2_code/R2basic_concepts/install/basics_ros2_multithreading/lib/basics_ros2_multithreading/face_searcher_multithreading_callbackgroups.py
-- Up-to-date: /root/ros2_code/R2basic_concepts/install/basics_ros2_multithreading/lib/basics_ros2_multithreading/yello_tshirt_detector.py
-- Up-to-date: /root/ros2_code/R2basic_concepts/install/basics_ros2_multithreading/share/ament_index/resource_index/package_run_dependencies/basics_ros2_multithreading
-- Up-to-date: /root/ros2_code/R2basic_concepts/install/basics_ros2_multithreading/share/ament_index/resource_index/parent_prefix_path/basics_ros2_multithreading
-- Up-to-date: /root/ros2_code/R2basic_concepts/install/basics_ros2_multithreading/share/basics_ros2_multithreading/environment/ament_prefix_path.sh
-- Up-to-date: /root/ros2_code/R2basic_concepts/install/basics_ros2_multithreading/share/basics_ros2_multithreading/environment/ament_prefix_path.dsv
-- Up-to-date: /root/ros2_code/R2basic_concepts/install/basics_ros2_multithreading/share/basics_ros2_multithreading/environment/path.sh
-- Up-to-date: /root/ros2_code/R2basic_concepts/install/basics_ros2_multithreading/share/basics_ros2_multithreading/environment/path.dsv
-- Up-to-date: /root/ros2_code/R2basic_concepts/install/basics_ros2_multithreading/share/basics_ros2_multithreading/local_setup.bash
-- Up-to-date: /root/ros2_code/R2basic_concepts/install/basics_ros2_multithreading/share/basics_ros2_multithreading/local_setup.sh
-- Up-to-date: /root/ros2_code/R2basic_concepts/install/basics_ros2_multithreading/share/basics_ros2_multithreading/local_setup.zsh
-- Up-to-date: /root/ros2_code/R2basic_concepts/install/basics_ros2_multithreading/share/basics_ros2_multithreading/local_setup.dsv
-- Installing: /root/ros2_code/R2basic_concepts/install/basics_ros2_multithreading/share/basics_ros2_multithreading/package.dsv
-- Up-to-date: /root/ros2_code/R2basic_concepts/install/basics_ros2_multithreading/share/ament_index/resource_index/packages/basics_ros2_multithreading
-- Up-to-date: /root/ros2_code/R2basic_concepts/install/basics_ros2_multithreading/share/basics_ros2_multithreading/cmake/basics_ros2_multithreadingConfig.cmake
-- Up-to-date: /root/ros2_code/R2basic_concepts/install/basics_ros2_multithreading/share/basics_ros2_multithreading/cmake/basics_ros2_multithreadingConfig-version.cmake
-- Up-to-date: /root/ros2_code/R2basic_concepts/install/basics_ros2_multithreading/share/basics_ros2_multithreading/package.xml
