[1.028s] DEBUG:colcon:Command line arguments: ['/usr/bin/colcon', 'build']
[1.028s] DEBUG:colcon:Parsed command line arguments: Namespace(log_base=None, log_level=None, verb_name='build', build_base='build', install_base='install', merge_install=False, symlink_install=False, test_result_base=None, continue_on_error=False, executor='parallel', parallel_workers=12, event_handlers=None, ignore_user_meta=False, metas=['./colcon.meta'], base_paths=['.'], packages_ignore=None, packages_ignore_regex=None, paths=None, packages_up_to=None, packages_up_to_regex=None, packages_above=None, packages_above_and_dependencies=None, packages_above_depth=None, packages_select_by_dep=None, packages_skip_by_dep=None, packages_skip_up_to=None, packages_select_build_failed=False, packages_skip_build_finished=False, packages_select_test_failures=False, packages_skip_test_passed=False, packages_select=None, packages_skip=None, packages_select_regex=None, packages_skip_regex=None, packages_start=None, packages_end=None, cmake_args=None, cmake_target=None, cmake_target_skip_unavailable=False, cmake_clean_cache=False, cmake_clean_first=False, cmake_force_configure=False, ament_cmake_args=None, catkin_cmake_args=None, catkin_skip_building_tests=False, verb_parser=<colcon_defaults.argument_parser.defaults.DefaultArgumentsDecorator object at 0x7f4a4fd993f0>, verb_extension=<colcon_core.verb.build.BuildVerb object at 0x7f4a4fd8b7c0>, main=<bound method BuildVerb.main of <colcon_core.verb.build.BuildVerb object at 0x7f4a4fd8b7c0>>)
[1.080s] Level 1:colcon.colcon_core.package_discovery:discover_packages(colcon_meta) check parameters
[1.081s] Level 1:colcon.colcon_core.package_discovery:discover_packages(recursive) check parameters
[1.081s] Level 1:colcon.colcon_core.package_discovery:discover_packages(ignore) check parameters
[1.081s] Level 1:colcon.colcon_core.package_discovery:discover_packages(path) check parameters
[1.081s] Level 1:colcon.colcon_core.package_discovery:discover_packages(colcon_meta) discover
[1.081s] Level 1:colcon.colcon_core.package_discovery:discover_packages(recursive) discover
[1.081s] INFO:colcon.colcon_core.package_discovery:Crawling recursively for packages in '/root/ros2_code/humble/tc_ros2_nav'
[1.081s] Level 1:colcon.colcon_core.package_identification:_identify(.) by extensions ['ignore', 'ignore_ament_install']
[1.081s] Level 1:colcon.colcon_core.package_identification:_identify(.) by extension 'ignore'
[1.081s] Level 1:colcon.colcon_core.package_identification:_identify(.) by extension 'ignore_ament_install'
[1.081s] Level 1:colcon.colcon_core.package_identification:_identify(.) by extensions ['colcon_pkg']
[1.081s] Level 1:colcon.colcon_core.package_identification:_identify(.) by extension 'colcon_pkg'
[1.081s] Level 1:colcon.colcon_core.package_identification:_identify(.) by extensions ['colcon_meta']
[1.081s] Level 1:colcon.colcon_core.package_identification:_identify(.) by extension 'colcon_meta'
[1.081s] Level 1:colcon.colcon_core.package_identification:_identify(.) by extensions ['ros']
[1.081s] Level 1:colcon.colcon_core.package_identification:_identify(.) by extension 'ros'
[1.090s] Level 1:colcon.colcon_core.package_identification:_identify(.) by extensions ['cmake', 'python']
[1.090s] Level 1:colcon.colcon_core.package_identification:_identify(.) by extension 'cmake'
[1.090s] Level 1:colcon.colcon_core.package_identification:_identify(.) by extension 'python'
[1.090s] Level 1:colcon.colcon_core.package_identification:_identify(.) by extensions ['python_setup_py']
[1.090s] Level 1:colcon.colcon_core.package_identification:_identify(.) by extension 'python_setup_py'
[1.091s] Level 1:colcon.colcon_core.package_identification:_identify(build) by extensions ['ignore', 'ignore_ament_install']
[1.091s] Level 1:colcon.colcon_core.package_identification:_identify(build) by extension 'ignore'
[1.091s] Level 1:colcon.colcon_core.package_identification:_identify(build) ignored
[1.091s] Level 1:colcon.colcon_core.package_identification:_identify(install) by extensions ['ignore', 'ignore_ament_install']
[1.091s] Level 1:colcon.colcon_core.package_identification:_identify(install) by extension 'ignore'
[1.091s] Level 1:colcon.colcon_core.package_identification:_identify(install) ignored
[1.091s] Level 1:colcon.colcon_core.package_identification:_identify(log) by extensions ['ignore', 'ignore_ament_install']
[1.091s] Level 1:colcon.colcon_core.package_identification:_identify(log) by extension 'ignore'
[1.091s] Level 1:colcon.colcon_core.package_identification:_identify(log) ignored
[1.091s] Level 1:colcon.colcon_core.package_identification:_identify(maps) by extensions ['ignore', 'ignore_ament_install']
[1.091s] Level 1:colcon.colcon_core.package_identification:_identify(maps) by extension 'ignore'
[1.092s] Level 1:colcon.colcon_core.package_identification:_identify(maps) by extension 'ignore_ament_install'
[1.092s] Level 1:colcon.colcon_core.package_identification:_identify(maps) by extensions ['colcon_pkg']
[1.092s] Level 1:colcon.colcon_core.package_identification:_identify(maps) by extension 'colcon_pkg'
[1.092s] Level 1:colcon.colcon_core.package_identification:_identify(maps) by extensions ['colcon_meta']
[1.092s] Level 1:colcon.colcon_core.package_identification:_identify(maps) by extension 'colcon_meta'
[1.092s] Level 1:colcon.colcon_core.package_identification:_identify(maps) by extensions ['ros']
[1.092s] Level 1:colcon.colcon_core.package_identification:_identify(maps) by extension 'ros'
[1.092s] Level 1:colcon.colcon_core.package_identification:_identify(maps) by extensions ['cmake', 'python']
[1.092s] Level 1:colcon.colcon_core.package_identification:_identify(maps) by extension 'cmake'
[1.092s] Level 1:colcon.colcon_core.package_identification:_identify(maps) by extension 'python'
[1.092s] Level 1:colcon.colcon_core.package_identification:_identify(maps) by extensions ['python_setup_py']
[1.092s] Level 1:colcon.colcon_core.package_identification:_identify(maps) by extension 'python_setup_py'
[1.092s] Level 1:colcon.colcon_core.package_identification:_identify(src) by extensions ['ignore', 'ignore_ament_install']
[1.092s] Level 1:colcon.colcon_core.package_identification:_identify(src) by extension 'ignore'
[1.092s] Level 1:colcon.colcon_core.package_identification:_identify(src) by extension 'ignore_ament_install'
[1.092s] Level 1:colcon.colcon_core.package_identification:_identify(src) by extensions ['colcon_pkg']
[1.092s] Level 1:colcon.colcon_core.package_identification:_identify(src) by extension 'colcon_pkg'
[1.092s] Level 1:colcon.colcon_core.package_identification:_identify(src) by extensions ['colcon_meta']
[1.092s] Level 1:colcon.colcon_core.package_identification:_identify(src) by extension 'colcon_meta'
[1.092s] Level 1:colcon.colcon_core.package_identification:_identify(src) by extensions ['ros']
[1.092s] Level 1:colcon.colcon_core.package_identification:_identify(src) by extension 'ros'
[1.093s] Level 1:colcon.colcon_core.package_identification:_identify(src) by extensions ['cmake', 'python']
[1.093s] Level 1:colcon.colcon_core.package_identification:_identify(src) by extension 'cmake'
[1.093s] Level 1:colcon.colcon_core.package_identification:_identify(src) by extension 'python'
[1.093s] Level 1:colcon.colcon_core.package_identification:_identify(src) by extensions ['python_setup_py']
[1.093s] Level 1:colcon.colcon_core.package_identification:_identify(src) by extension 'python_setup_py'
[1.093s] Level 1:colcon.colcon_core.package_identification:_identify(src/amcl) by extensions ['ignore', 'ignore_ament_install']
[1.093s] Level 1:colcon.colcon_core.package_identification:_identify(src/amcl) by extension 'ignore'
[1.093s] Level 1:colcon.colcon_core.package_identification:_identify(src/amcl) by extension 'ignore_ament_install'
[1.093s] Level 1:colcon.colcon_core.package_identification:_identify(src/amcl) by extensions ['colcon_pkg']
[1.093s] Level 1:colcon.colcon_core.package_identification:_identify(src/amcl) by extension 'colcon_pkg'
[1.093s] Level 1:colcon.colcon_core.package_identification:_identify(src/amcl) by extensions ['colcon_meta']
[1.093s] Level 1:colcon.colcon_core.package_identification:_identify(src/amcl) by extension 'colcon_meta'
[1.093s] Level 1:colcon.colcon_core.package_identification:_identify(src/amcl) by extensions ['ros']
[1.093s] Level 1:colcon.colcon_core.package_identification:_identify(src/amcl) by extension 'ros'
[1.096s] DEBUG:colcon.colcon_core.package_identification:Package 'src/amcl' with type 'ros.ament_python' and name 'amcl'
[1.096s] Level 1:colcon.colcon_core.package_identification:_identify(src/cartographer_slam) by extensions ['ignore', 'ignore_ament_install']
[1.096s] Level 1:colcon.colcon_core.package_identification:_identify(src/cartographer_slam) by extension 'ignore'
[1.096s] Level 1:colcon.colcon_core.package_identification:_identify(src/cartographer_slam) by extension 'ignore_ament_install'
[1.096s] Level 1:colcon.colcon_core.package_identification:_identify(src/cartographer_slam) by extensions ['colcon_pkg']
[1.096s] Level 1:colcon.colcon_core.package_identification:_identify(src/cartographer_slam) by extension 'colcon_pkg'
[1.096s] Level 1:colcon.colcon_core.package_identification:_identify(src/cartographer_slam) by extensions ['colcon_meta']
[1.096s] Level 1:colcon.colcon_core.package_identification:_identify(src/cartographer_slam) by extension 'colcon_meta'
[1.096s] Level 1:colcon.colcon_core.package_identification:_identify(src/cartographer_slam) by extensions ['ros']
[1.097s] Level 1:colcon.colcon_core.package_identification:_identify(src/cartographer_slam) by extension 'ros'
[1.097s] DEBUG:colcon.colcon_core.package_identification:Package 'src/cartographer_slam' with type 'ros.ament_python' and name 'cartographer_slam'
[1.097s] Level 1:colcon.colcon_core.package_identification:_identify(src/localization_server) by extensions ['ignore', 'ignore_ament_install']
[1.097s] Level 1:colcon.colcon_core.package_identification:_identify(src/localization_server) by extension 'ignore'
[1.097s] Level 1:colcon.colcon_core.package_identification:_identify(src/localization_server) by extension 'ignore_ament_install'
[1.097s] Level 1:colcon.colcon_core.package_identification:_identify(src/localization_server) by extensions ['colcon_pkg']
[1.097s] Level 1:colcon.colcon_core.package_identification:_identify(src/localization_server) by extension 'colcon_pkg'
[1.098s] Level 1:colcon.colcon_core.package_identification:_identify(src/localization_server) by extensions ['colcon_meta']
[1.098s] Level 1:colcon.colcon_core.package_identification:_identify(src/localization_server) by extension 'colcon_meta'
[1.098s] Level 1:colcon.colcon_core.package_identification:_identify(src/localization_server) by extensions ['ros']
[1.098s] Level 1:colcon.colcon_core.package_identification:_identify(src/localization_server) by extension 'ros'
[1.098s] DEBUG:colcon.colcon_core.package_identification:Package 'src/localization_server' with type 'ros.ament_python' and name 'localization_server'
[1.098s] Level 1:colcon.colcon_core.package_identification:_identify(src/map_server) by extensions ['ignore', 'ignore_ament_install']
[1.098s] Level 1:colcon.colcon_core.package_identification:_identify(src/map_server) by extension 'ignore'
[1.098s] Level 1:colcon.colcon_core.package_identification:_identify(src/map_server) by extension 'ignore_ament_install'
[1.098s] Level 1:colcon.colcon_core.package_identification:_identify(src/map_server) by extensions ['colcon_pkg']
[1.098s] Level 1:colcon.colcon_core.package_identification:_identify(src/map_server) by extension 'colcon_pkg'
[1.098s] Level 1:colcon.colcon_core.package_identification:_identify(src/map_server) by extensions ['colcon_meta']
[1.099s] Level 1:colcon.colcon_core.package_identification:_identify(src/map_server) by extension 'colcon_meta'
[1.099s] Level 1:colcon.colcon_core.package_identification:_identify(src/map_server) by extensions ['ros']
[1.099s] Level 1:colcon.colcon_core.package_identification:_identify(src/map_server) by extension 'ros'
[1.099s] DEBUG:colcon.colcon_core.package_identification:Package 'src/map_server' with type 'ros.ament_python' and name 'map_server'
[1.099s] Level 1:colcon.colcon_core.package_identification:_identify(src/navigation) by extensions ['ignore', 'ignore_ament_install']
[1.099s] Level 1:colcon.colcon_core.package_identification:_identify(src/navigation) by extension 'ignore'
[1.099s] Level 1:colcon.colcon_core.package_identification:_identify(src/navigation) by extension 'ignore_ament_install'
[1.099s] Level 1:colcon.colcon_core.package_identification:_identify(src/navigation) by extensions ['colcon_pkg']
[1.099s] Level 1:colcon.colcon_core.package_identification:_identify(src/navigation) by extension 'colcon_pkg'
[1.099s] Level 1:colcon.colcon_core.package_identification:_identify(src/navigation) by extensions ['colcon_meta']
[1.099s] Level 1:colcon.colcon_core.package_identification:_identify(src/navigation) by extension 'colcon_meta'
[1.099s] Level 1:colcon.colcon_core.package_identification:_identify(src/navigation) by extensions ['ros']
[1.099s] Level 1:colcon.colcon_core.package_identification:_identify(src/navigation) by extension 'ros'
[1.100s] DEBUG:colcon.colcon_core.package_identification:Package 'src/navigation' with type 'ros.ament_python' and name 'navigation'
[1.100s] Level 1:colcon.colcon_core.package_identification:_identify(src/path_planner_server) by extensions ['ignore', 'ignore_ament_install']
[1.100s] Level 1:colcon.colcon_core.package_identification:_identify(src/path_planner_server) by extension 'ignore'
[1.100s] Level 1:colcon.colcon_core.package_identification:_identify(src/path_planner_server) by extension 'ignore_ament_install'
[1.100s] Level 1:colcon.colcon_core.package_identification:_identify(src/path_planner_server) by extensions ['colcon_pkg']
[1.100s] Level 1:colcon.colcon_core.package_identification:_identify(src/path_planner_server) by extension 'colcon_pkg'
[1.100s] Level 1:colcon.colcon_core.package_identification:_identify(src/path_planner_server) by extensions ['colcon_meta']
[1.100s] Level 1:colcon.colcon_core.package_identification:_identify(src/path_planner_server) by extension 'colcon_meta'
[1.100s] Level 1:colcon.colcon_core.package_identification:_identify(src/path_planner_server) by extensions ['ros']
[1.100s] Level 1:colcon.colcon_core.package_identification:_identify(src/path_planner_server) by extension 'ros'
[1.102s] DEBUG:colcon.colcon_core.package_identification:Package 'src/path_planner_server' with type 'ros.ament_python' and name 'path_planner_server'
[1.102s] Level 1:colcon.colcon_core.package_discovery:discover_packages(recursive) using defaults
[1.102s] Level 1:colcon.colcon_core.package_discovery:discover_packages(ignore) discover
[1.102s] Level 1:colcon.colcon_core.package_discovery:discover_packages(ignore) using defaults
[1.102s] Level 1:colcon.colcon_core.package_discovery:discover_packages(path) discover
[1.102s] Level 1:colcon.colcon_core.package_discovery:discover_packages(path) using defaults
[1.182s] Level 5:colcon.colcon_core.verb:set package 'amcl' build argument 'cmake_args' from command line to 'None'
[1.182s] Level 5:colcon.colcon_core.verb:set package 'amcl' build argument 'cmake_target' from command line to 'None'
[1.182s] Level 5:colcon.colcon_core.verb:set package 'amcl' build argument 'cmake_target_skip_unavailable' from command line to 'False'
[1.182s] Level 5:colcon.colcon_core.verb:set package 'amcl' build argument 'cmake_clean_cache' from command line to 'False'
[1.182s] Level 5:colcon.colcon_core.verb:set package 'amcl' build argument 'cmake_clean_first' from command line to 'False'
[1.182s] Level 5:colcon.colcon_core.verb:set package 'amcl' build argument 'cmake_force_configure' from command line to 'False'
[1.182s] Level 5:colcon.colcon_core.verb:set package 'amcl' build argument 'ament_cmake_args' from command line to 'None'
[1.182s] Level 5:colcon.colcon_core.verb:set package 'amcl' build argument 'catkin_cmake_args' from command line to 'None'
[1.182s] Level 5:colcon.colcon_core.verb:set package 'amcl' build argument 'catkin_skip_building_tests' from command line to 'False'
[1.182s] DEBUG:colcon.colcon_core.verb:Building package 'amcl' with the following arguments: {'ament_cmake_args': None, 'build_base': '/root/ros2_code/humble/tc_ros2_nav/build/amcl', 'catkin_cmake_args': None, 'catkin_skip_building_tests': False, 'cmake_args': None, 'cmake_clean_cache': False, 'cmake_clean_first': False, 'cmake_force_configure': False, 'cmake_target': None, 'cmake_target_skip_unavailable': False, 'install_base': '/root/ros2_code/humble/tc_ros2_nav/install/amcl', 'merge_install': False, 'path': '/root/ros2_code/humble/tc_ros2_nav/src/amcl', 'symlink_install': False, 'test_result_base': None}
[1.196s] Level 5:colcon.colcon_core.verb:set package 'cartographer_slam' build argument 'cmake_args' from command line to 'None'
[1.196s] Level 5:colcon.colcon_core.verb:set package 'cartographer_slam' build argument 'cmake_target' from command line to 'None'
[1.196s] Level 5:colcon.colcon_core.verb:set package 'cartographer_slam' build argument 'cmake_target_skip_unavailable' from command line to 'False'
[1.196s] Level 5:colcon.colcon_core.verb:set package 'cartographer_slam' build argument 'cmake_clean_cache' from command line to 'False'
[1.196s] Level 5:colcon.colcon_core.verb:set package 'cartographer_slam' build argument 'cmake_clean_first' from command line to 'False'
[1.196s] Level 5:colcon.colcon_core.verb:set package 'cartographer_slam' build argument 'cmake_force_configure' from command line to 'False'
[1.196s] Level 5:colcon.colcon_core.verb:set package 'cartographer_slam' build argument 'ament_cmake_args' from command line to 'None'
[1.196s] Level 5:colcon.colcon_core.verb:set package 'cartographer_slam' build argument 'catkin_cmake_args' from command line to 'None'
[1.196s] Level 5:colcon.colcon_core.verb:set package 'cartographer_slam' build argument 'catkin_skip_building_tests' from command line to 'False'
[1.196s] DEBUG:colcon.colcon_core.verb:Building package 'cartographer_slam' with the following arguments: {'ament_cmake_args': None, 'build_base': '/root/ros2_code/humble/tc_ros2_nav/build/cartographer_slam', 'catkin_cmake_args': None, 'catkin_skip_building_tests': False, 'cmake_args': None, 'cmake_clean_cache': False, 'cmake_clean_first': False, 'cmake_force_configure': False, 'cmake_target': None, 'cmake_target_skip_unavailable': False, 'install_base': '/root/ros2_code/humble/tc_ros2_nav/install/cartographer_slam', 'merge_install': False, 'path': '/root/ros2_code/humble/tc_ros2_nav/src/cartographer_slam', 'symlink_install': False, 'test_result_base': None}
[1.210s] Level 5:colcon.colcon_core.verb:set package 'localization_server' build argument 'cmake_args' from command line to 'None'
[1.210s] Level 5:colcon.colcon_core.verb:set package 'localization_server' build argument 'cmake_target' from command line to 'None'
[1.210s] Level 5:colcon.colcon_core.verb:set package 'localization_server' build argument 'cmake_target_skip_unavailable' from command line to 'False'
[1.210s] Level 5:colcon.colcon_core.verb:set package 'localization_server' build argument 'cmake_clean_cache' from command line to 'False'
[1.210s] Level 5:colcon.colcon_core.verb:set package 'localization_server' build argument 'cmake_clean_first' from command line to 'False'
[1.210s] Level 5:colcon.colcon_core.verb:set package 'localization_server' build argument 'cmake_force_configure' from command line to 'False'
[1.210s] Level 5:colcon.colcon_core.verb:set package 'localization_server' build argument 'ament_cmake_args' from command line to 'None'
[1.210s] Level 5:colcon.colcon_core.verb:set package 'localization_server' build argument 'catkin_cmake_args' from command line to 'None'
[1.210s] Level 5:colcon.colcon_core.verb:set package 'localization_server' build argument 'catkin_skip_building_tests' from command line to 'False'
[1.211s] DEBUG:colcon.colcon_core.verb:Building package 'localization_server' with the following arguments: {'ament_cmake_args': None, 'build_base': '/root/ros2_code/humble/tc_ros2_nav/build/localization_server', 'catkin_cmake_args': None, 'catkin_skip_building_tests': False, 'cmake_args': None, 'cmake_clean_cache': False, 'cmake_clean_first': False, 'cmake_force_configure': False, 'cmake_target': None, 'cmake_target_skip_unavailable': False, 'install_base': '/root/ros2_code/humble/tc_ros2_nav/install/localization_server', 'merge_install': False, 'path': '/root/ros2_code/humble/tc_ros2_nav/src/localization_server', 'symlink_install': False, 'test_result_base': None}
[1.223s] Level 5:colcon.colcon_core.verb:set package 'map_server' build argument 'cmake_args' from command line to 'None'
[1.223s] Level 5:colcon.colcon_core.verb:set package 'map_server' build argument 'cmake_target' from command line to 'None'
[1.224s] Level 5:colcon.colcon_core.verb:set package 'map_server' build argument 'cmake_target_skip_unavailable' from command line to 'False'
[1.224s] Level 5:colcon.colcon_core.verb:set package 'map_server' build argument 'cmake_clean_cache' from command line to 'False'
[1.224s] Level 5:colcon.colcon_core.verb:set package 'map_server' build argument 'cmake_clean_first' from command line to 'False'
[1.224s] Level 5:colcon.colcon_core.verb:set package 'map_server' build argument 'cmake_force_configure' from command line to 'False'
[1.224s] Level 5:colcon.colcon_core.verb:set package 'map_server' build argument 'ament_cmake_args' from command line to 'None'
[1.224s] Level 5:colcon.colcon_core.verb:set package 'map_server' build argument 'catkin_cmake_args' from command line to 'None'
[1.224s] Level 5:colcon.colcon_core.verb:set package 'map_server' build argument 'catkin_skip_building_tests' from command line to 'False'
[1.224s] DEBUG:colcon.colcon_core.verb:Building package 'map_server' with the following arguments: {'ament_cmake_args': None, 'build_base': '/root/ros2_code/humble/tc_ros2_nav/build/map_server', 'catkin_cmake_args': None, 'catkin_skip_building_tests': False, 'cmake_args': None, 'cmake_clean_cache': False, 'cmake_clean_first': False, 'cmake_force_configure': False, 'cmake_target': None, 'cmake_target_skip_unavailable': False, 'install_base': '/root/ros2_code/humble/tc_ros2_nav/install/map_server', 'merge_install': False, 'path': '/root/ros2_code/humble/tc_ros2_nav/src/map_server', 'symlink_install': False, 'test_result_base': None}
[1.240s] Level 5:colcon.colcon_core.verb:set package 'navigation' build argument 'cmake_args' from command line to 'None'
[1.240s] Level 5:colcon.colcon_core.verb:set package 'navigation' build argument 'cmake_target' from command line to 'None'
[1.240s] Level 5:colcon.colcon_core.verb:set package 'navigation' build argument 'cmake_target_skip_unavailable' from command line to 'False'
[1.240s] Level 5:colcon.colcon_core.verb:set package 'navigation' build argument 'cmake_clean_cache' from command line to 'False'
[1.240s] Level 5:colcon.colcon_core.verb:set package 'navigation' build argument 'cmake_clean_first' from command line to 'False'
[1.240s] Level 5:colcon.colcon_core.verb:set package 'navigation' build argument 'cmake_force_configure' from command line to 'False'
[1.240s] Level 5:colcon.colcon_core.verb:set package 'navigation' build argument 'ament_cmake_args' from command line to 'None'
[1.240s] Level 5:colcon.colcon_core.verb:set package 'navigation' build argument 'catkin_cmake_args' from command line to 'None'
[1.240s] Level 5:colcon.colcon_core.verb:set package 'navigation' build argument 'catkin_skip_building_tests' from command line to 'False'
[1.240s] DEBUG:colcon.colcon_core.verb:Building package 'navigation' with the following arguments: {'ament_cmake_args': None, 'build_base': '/root/ros2_code/humble/tc_ros2_nav/build/navigation', 'catkin_cmake_args': None, 'catkin_skip_building_tests': False, 'cmake_args': None, 'cmake_clean_cache': False, 'cmake_clean_first': False, 'cmake_force_configure': False, 'cmake_target': None, 'cmake_target_skip_unavailable': False, 'install_base': '/root/ros2_code/humble/tc_ros2_nav/install/navigation', 'merge_install': False, 'path': '/root/ros2_code/humble/tc_ros2_nav/src/navigation', 'symlink_install': False, 'test_result_base': None}
[1.271s] Level 5:colcon.colcon_core.verb:set package 'path_planner_server' build argument 'cmake_args' from command line to 'None'
[1.271s] Level 5:colcon.colcon_core.verb:set package 'path_planner_server' build argument 'cmake_target' from command line to 'None'
[1.271s] Level 5:colcon.colcon_core.verb:set package 'path_planner_server' build argument 'cmake_target_skip_unavailable' from command line to 'False'
[1.271s] Level 5:colcon.colcon_core.verb:set package 'path_planner_server' build argument 'cmake_clean_cache' from command line to 'False'
[1.271s] Level 5:colcon.colcon_core.verb:set package 'path_planner_server' build argument 'cmake_clean_first' from command line to 'False'
[1.271s] Level 5:colcon.colcon_core.verb:set package 'path_planner_server' build argument 'cmake_force_configure' from command line to 'False'
[1.271s] Level 5:colcon.colcon_core.verb:set package 'path_planner_server' build argument 'ament_cmake_args' from command line to 'None'
[1.271s] Level 5:colcon.colcon_core.verb:set package 'path_planner_server' build argument 'catkin_cmake_args' from command line to 'None'
[1.271s] Level 5:colcon.colcon_core.verb:set package 'path_planner_server' build argument 'catkin_skip_building_tests' from command line to 'False'
[1.271s] DEBUG:colcon.colcon_core.verb:Building package 'path_planner_server' with the following arguments: {'ament_cmake_args': None, 'build_base': '/root/ros2_code/humble/tc_ros2_nav/build/path_planner_server', 'catkin_cmake_args': None, 'catkin_skip_building_tests': False, 'cmake_args': None, 'cmake_clean_cache': False, 'cmake_clean_first': False, 'cmake_force_configure': False, 'cmake_target': None, 'cmake_target_skip_unavailable': False, 'install_base': '/root/ros2_code/humble/tc_ros2_nav/install/path_planner_server', 'merge_install': False, 'path': '/root/ros2_code/humble/tc_ros2_nav/src/path_planner_server', 'symlink_install': False, 'test_result_base': None}
[1.285s] INFO:colcon.colcon_core.executor:Executing jobs using 'parallel' executor
[1.302s] DEBUG:colcon.colcon_parallel_executor.executor.parallel:run_until_complete
[1.303s] INFO:colcon.colcon_ros.task.ament_python.build:Building ROS package in '/root/ros2_code/humble/tc_ros2_nav/src/amcl' with build type 'ament_python'
[1.303s] Level 1:colcon.colcon_core.shell:create_environment_hook('amcl', 'ament_prefix_path')
[1.321s] INFO:colcon.colcon_core.plugin_system:Skipping extension 'colcon_core.shell.bat': Not used on non-Windows systems
[1.321s] INFO:colcon.colcon_core.shell:Creating environment hook '/root/ros2_code/humble/tc_ros2_nav/install/amcl/share/amcl/hook/ament_prefix_path.ps1'
[1.322s] INFO:colcon.colcon_core.shell:Creating environment descriptor '/root/ros2_code/humble/tc_ros2_nav/install/amcl/share/amcl/hook/ament_prefix_path.dsv'
[1.322s] INFO:colcon.colcon_core.shell:Creating environment hook '/root/ros2_code/humble/tc_ros2_nav/install/amcl/share/amcl/hook/ament_prefix_path.sh'
[1.338s] INFO:colcon.colcon_core.shell:Skip shell extension 'powershell' for command environment: Not usable outside of PowerShell
[1.338s] DEBUG:colcon.colcon_core.shell:Skip shell extension 'dsv' for command environment
[1.405s] INFO:colcon.colcon_ros.task.ament_python.build:Building ROS package in '/root/ros2_code/humble/tc_ros2_nav/src/cartographer_slam' with build type 'ament_python'
[1.405s] Level 1:colcon.colcon_core.shell:create_environment_hook('cartographer_slam', 'ament_prefix_path')
[1.421s] INFO:colcon.colcon_core.shell:Creating environment hook '/root/ros2_code/humble/tc_ros2_nav/install/cartographer_slam/share/cartographer_slam/hook/ament_prefix_path.ps1'
[1.422s] INFO:colcon.colcon_core.shell:Creating environment descriptor '/root/ros2_code/humble/tc_ros2_nav/install/cartographer_slam/share/cartographer_slam/hook/ament_prefix_path.dsv'
[1.422s] INFO:colcon.colcon_core.shell:Creating environment hook '/root/ros2_code/humble/tc_ros2_nav/install/cartographer_slam/share/cartographer_slam/hook/ament_prefix_path.sh'
[1.438s] INFO:colcon.colcon_core.shell:Skip shell extension 'powershell' for command environment: Not usable outside of PowerShell
[1.438s] DEBUG:colcon.colcon_core.shell:Skip shell extension 'dsv' for command environment
[1.506s] INFO:colcon.colcon_ros.task.ament_python.build:Building ROS package in '/root/ros2_code/humble/tc_ros2_nav/src/localization_server' with build type 'ament_python'
[1.506s] Level 1:colcon.colcon_core.shell:create_environment_hook('localization_server', 'ament_prefix_path')
[1.520s] INFO:colcon.colcon_core.shell:Creating environment hook '/root/ros2_code/humble/tc_ros2_nav/install/localization_server/share/localization_server/hook/ament_prefix_path.ps1'
[1.521s] INFO:colcon.colcon_core.shell:Creating environment descriptor '/root/ros2_code/humble/tc_ros2_nav/install/localization_server/share/localization_server/hook/ament_prefix_path.dsv'
[1.521s] INFO:colcon.colcon_core.shell:Creating environment hook '/root/ros2_code/humble/tc_ros2_nav/install/localization_server/share/localization_server/hook/ament_prefix_path.sh'
[1.536s] INFO:colcon.colcon_core.shell:Skip shell extension 'powershell' for command environment: Not usable outside of PowerShell
[1.536s] DEBUG:colcon.colcon_core.shell:Skip shell extension 'dsv' for command environment
[1.600s] INFO:colcon.colcon_ros.task.ament_python.build:Building ROS package in '/root/ros2_code/humble/tc_ros2_nav/src/map_server' with build type 'ament_python'
[1.600s] Level 1:colcon.colcon_core.shell:create_environment_hook('map_server', 'ament_prefix_path')
[1.616s] INFO:colcon.colcon_core.shell:Creating environment hook '/root/ros2_code/humble/tc_ros2_nav/install/map_server/share/map_server/hook/ament_prefix_path.ps1'
[1.616s] INFO:colcon.colcon_core.shell:Creating environment descriptor '/root/ros2_code/humble/tc_ros2_nav/install/map_server/share/map_server/hook/ament_prefix_path.dsv'
[1.616s] INFO:colcon.colcon_core.shell:Creating environment hook '/root/ros2_code/humble/tc_ros2_nav/install/map_server/share/map_server/hook/ament_prefix_path.sh'
[1.637s] INFO:colcon.colcon_core.shell:Skip shell extension 'powershell' for command environment: Not usable outside of PowerShell
[1.637s] DEBUG:colcon.colcon_core.shell:Skip shell extension 'dsv' for command environment
[1.704s] INFO:colcon.colcon_ros.task.ament_python.build:Building ROS package in '/root/ros2_code/humble/tc_ros2_nav/src/navigation' with build type 'ament_python'
[1.704s] Level 1:colcon.colcon_core.shell:create_environment_hook('navigation', 'ament_prefix_path')
[1.721s] INFO:colcon.colcon_core.shell:Creating environment hook '/root/ros2_code/humble/tc_ros2_nav/install/navigation/share/navigation/hook/ament_prefix_path.ps1'
[1.721s] INFO:colcon.colcon_core.shell:Creating environment descriptor '/root/ros2_code/humble/tc_ros2_nav/install/navigation/share/navigation/hook/ament_prefix_path.dsv'
[1.722s] INFO:colcon.colcon_core.shell:Creating environment hook '/root/ros2_code/humble/tc_ros2_nav/install/navigation/share/navigation/hook/ament_prefix_path.sh'
[1.738s] INFO:colcon.colcon_core.shell:Skip shell extension 'powershell' for command environment: Not usable outside of PowerShell
[1.738s] DEBUG:colcon.colcon_core.shell:Skip shell extension 'dsv' for command environment
[1.801s] INFO:colcon.colcon_ros.task.ament_python.build:Building ROS package in '/root/ros2_code/humble/tc_ros2_nav/src/path_planner_server' with build type 'ament_python'
[1.802s] Level 1:colcon.colcon_core.shell:create_environment_hook('path_planner_server', 'ament_prefix_path')
[1.817s] INFO:colcon.colcon_core.shell:Creating environment hook '/root/ros2_code/humble/tc_ros2_nav/install/path_planner_server/share/path_planner_server/hook/ament_prefix_path.ps1'
[1.818s] INFO:colcon.colcon_core.shell:Creating environment descriptor '/root/ros2_code/humble/tc_ros2_nav/install/path_planner_server/share/path_planner_server/hook/ament_prefix_path.dsv'
[1.818s] INFO:colcon.colcon_core.shell:Creating environment hook '/root/ros2_code/humble/tc_ros2_nav/install/path_planner_server/share/path_planner_server/hook/ament_prefix_path.sh'
[1.832s] INFO:colcon.colcon_core.shell:Skip shell extension 'powershell' for command environment: Not usable outside of PowerShell
[1.832s] DEBUG:colcon.colcon_core.shell:Skip shell extension 'dsv' for command environment
[2.180s] INFO:colcon.colcon_core.task.python.build:Building Python package in '/root/ros2_code/humble/tc_ros2_nav/src/amcl'
[2.194s] INFO:colcon.colcon_core.shell:Skip shell extension 'powershell' for command environment: Not usable outside of PowerShell
[2.195s] DEBUG:colcon.colcon_core.shell:Skip shell extension 'dsv' for command environment
[2.537s] INFO:colcon.colcon_core.task.python.build:Building Python package in '/root/ros2_code/humble/tc_ros2_nav/src/cartographer_slam'
[2.556s] INFO:colcon.colcon_core.shell:Skip shell extension 'powershell' for command environment: Not usable outside of PowerShell
[2.556s] DEBUG:colcon.colcon_core.shell:Skip shell extension 'dsv' for command environment
[2.907s] INFO:colcon.colcon_core.task.python.build:Building Python package in '/root/ros2_code/humble/tc_ros2_nav/src/localization_server'
[2.921s] INFO:colcon.colcon_core.shell:Skip shell extension 'powershell' for command environment: Not usable outside of PowerShell
[2.921s] DEBUG:colcon.colcon_core.shell:Skip shell extension 'dsv' for command environment
[3.262s] INFO:colcon.colcon_core.task.python.build:Building Python package in '/root/ros2_code/humble/tc_ros2_nav/src/map_server'
[3.277s] INFO:colcon.colcon_core.shell:Skip shell extension 'powershell' for command environment: Not usable outside of PowerShell
[3.277s] DEBUG:colcon.colcon_core.shell:Skip shell extension 'dsv' for command environment
[3.607s] INFO:colcon.colcon_core.task.python.build:Building Python package in '/root/ros2_code/humble/tc_ros2_nav/src/navigation'
[3.623s] INFO:colcon.colcon_core.shell:Skip shell extension 'powershell' for command environment: Not usable outside of PowerShell
[3.623s] DEBUG:colcon.colcon_core.shell:Skip shell extension 'dsv' for command environment
[3.955s] INFO:colcon.colcon_core.task.python.build:Building Python package in '/root/ros2_code/humble/tc_ros2_nav/src/path_planner_server'
[3.971s] INFO:colcon.colcon_core.shell:Skip shell extension 'powershell' for command environment: Not usable outside of PowerShell
[3.971s] DEBUG:colcon.colcon_core.shell:Skip shell extension 'dsv' for command environment
[4.530s] DEBUG:colcon.colcon_core.event_handler.log_command:Invoking command in '/root/ros2_code/humble/tc_ros2_nav/src/navigation': PYTHONPATH=/root/ros2_code/humble/tc_ros2_nav/build/navigation/prefix_override:/root/ros2_code/humble/tc_ros2_nav/install/navigation/lib/python3.10/site-packages:${PYTHONPATH} /usr/bin/python3 setup.py egg_info --egg-base ../../build/navigation build --build-base /root/ros2_code/humble/tc_ros2_nav/build/navigation/build install --record /root/ros2_code/humble/tc_ros2_nav/build/navigation/install.log --single-version-externally-managed
[4.537s] DEBUG:colcon.colcon_core.event_handler.log_command:Invoking command in '/root/ros2_code/humble/tc_ros2_nav/src/localization_server': PYTHONPATH=/root/ros2_code/humble/tc_ros2_nav/build/localization_server/prefix_override:/root/ros2_code/humble/tc_ros2_nav/install/localization_server/lib/python3.10/site-packages:${PYTHONPATH} /usr/bin/python3 setup.py egg_info --egg-base ../../build/localization_server build --build-base /root/ros2_code/humble/tc_ros2_nav/build/localization_server/build install --record /root/ros2_code/humble/tc_ros2_nav/build/localization_server/install.log --single-version-externally-managed
[4.540s] DEBUG:colcon.colcon_core.event_handler.log_command:Invoking command in '/root/ros2_code/humble/tc_ros2_nav/src/cartographer_slam': PYTHONPATH=/root/ros2_code/humble/tc_ros2_nav/build/cartographer_slam/prefix_override:/root/ros2_code/humble/tc_ros2_nav/install/cartographer_slam/lib/python3.10/site-packages:${PYTHONPATH} /usr/bin/python3 setup.py egg_info --egg-base ../../build/cartographer_slam build --build-base /root/ros2_code/humble/tc_ros2_nav/build/cartographer_slam/build install --record /root/ros2_code/humble/tc_ros2_nav/build/cartographer_slam/install.log --single-version-externally-managed
[4.560s] DEBUG:colcon.colcon_core.event_handler.log_command:Invoking command in '/root/ros2_code/humble/tc_ros2_nav/src/amcl': PYTHONPATH=/root/ros2_code/humble/tc_ros2_nav/build/amcl/prefix_override:/root/ros2_code/humble/tc_ros2_nav/install/amcl/lib/python3.10/site-packages:${PYTHONPATH} /usr/bin/python3 setup.py egg_info --egg-base ../../build/amcl build --build-base /root/ros2_code/humble/tc_ros2_nav/build/amcl/build install --record /root/ros2_code/humble/tc_ros2_nav/build/amcl/install.log --single-version-externally-managed
[4.683s] DEBUG:colcon.colcon_core.event_handler.log_command:Invoking command in '/root/ros2_code/humble/tc_ros2_nav/src/path_planner_server': PYTHONPATH=/root/ros2_code/humble/tc_ros2_nav/build/path_planner_server/prefix_override:/root/ros2_code/humble/tc_ros2_nav/install/path_planner_server/lib/python3.10/site-packages:${PYTHONPATH} /usr/bin/python3 setup.py egg_info --egg-base ../../build/path_planner_server build --build-base /root/ros2_code/humble/tc_ros2_nav/build/path_planner_server/build install --record /root/ros2_code/humble/tc_ros2_nav/build/path_planner_server/install.log --single-version-externally-managed
[4.686s] DEBUG:colcon.colcon_core.event_handler.log_command:Invoking command in '/root/ros2_code/humble/tc_ros2_nav/src/map_server': PYTHONPATH=/root/ros2_code/humble/tc_ros2_nav/build/map_server/prefix_override:/root/ros2_code/humble/tc_ros2_nav/install/map_server/lib/python3.10/site-packages:${PYTHONPATH} /usr/bin/python3 setup.py egg_info --egg-base ../../build/map_server build --build-base /root/ros2_code/humble/tc_ros2_nav/build/map_server/build install --record /root/ros2_code/humble/tc_ros2_nav/build/map_server/install.log --single-version-externally-managed
[4.898s] DEBUG:colcon.colcon_core.event_handler.log_command:Invoked command in '/root/ros2_code/humble/tc_ros2_nav/src/navigation' returned '0': PYTHONPATH=/root/ros2_code/humble/tc_ros2_nav/build/navigation/prefix_override:/root/ros2_code/humble/tc_ros2_nav/install/navigation/lib/python3.10/site-packages:${PYTHONPATH} /usr/bin/python3 setup.py egg_info --egg-base ../../build/navigation build --build-base /root/ros2_code/humble/tc_ros2_nav/build/navigation/build install --record /root/ros2_code/humble/tc_ros2_nav/build/navigation/install.log --single-version-externally-managed
[4.925s] Level 1:colcon.colcon_core.environment:checking '/root/ros2_code/humble/tc_ros2_nav/install/navigation' for CMake module files
[4.926s] Level 1:colcon.colcon_core.environment:checking '/root/ros2_code/humble/tc_ros2_nav/install/navigation' for CMake config files
[4.927s] Level 1:colcon.colcon_core.environment:checking '/root/ros2_code/humble/tc_ros2_nav/install/navigation/lib'
[4.927s] Level 1:colcon.colcon_core.environment:checking '/root/ros2_code/humble/tc_ros2_nav/install/navigation/bin'
[4.928s] Level 1:colcon.colcon_core.environment:checking '/root/ros2_code/humble/tc_ros2_nav/install/navigation/lib/pkgconfig/navigation.pc'
[4.928s] Level 1:colcon.colcon_core.environment:checking '/root/ros2_code/humble/tc_ros2_nav/install/navigation/lib/python3.10/site-packages'
[4.928s] Level 1:colcon.colcon_core.shell:create_environment_hook('navigation', 'pythonpath')
[4.947s] INFO:colcon.colcon_core.shell:Creating environment hook '/root/ros2_code/humble/tc_ros2_nav/install/navigation/share/navigation/hook/pythonpath.ps1'
[4.948s] INFO:colcon.colcon_core.shell:Creating environment descriptor '/root/ros2_code/humble/tc_ros2_nav/install/navigation/share/navigation/hook/pythonpath.dsv'
[4.948s] INFO:colcon.colcon_core.shell:Creating environment hook '/root/ros2_code/humble/tc_ros2_nav/install/navigation/share/navigation/hook/pythonpath.sh'
[4.949s] Level 1:colcon.colcon_core.environment:checking '/root/ros2_code/humble/tc_ros2_nav/install/navigation/bin'
[4.949s] Level 1:colcon.colcon_core.environment:create_environment_scripts_only(navigation)
[4.966s] INFO:colcon.colcon_core.shell:Creating package script '/root/ros2_code/humble/tc_ros2_nav/install/navigation/share/navigation/package.ps1'
[4.967s] INFO:colcon.colcon_core.shell:Creating package descriptor '/root/ros2_code/humble/tc_ros2_nav/install/navigation/share/navigation/package.dsv'
[4.967s] INFO:colcon.colcon_core.shell:Creating package script '/root/ros2_code/humble/tc_ros2_nav/install/navigation/share/navigation/package.sh'
[4.971s] INFO:colcon.colcon_core.shell:Creating package script '/root/ros2_code/humble/tc_ros2_nav/install/navigation/share/navigation/package.bash'
[4.972s] INFO:colcon.colcon_core.shell:Creating package script '/root/ros2_code/humble/tc_ros2_nav/install/navigation/share/navigation/package.zsh'
[4.972s] Level 1:colcon.colcon_core.environment:create_file_with_runtime_dependencies(/root/ros2_code/humble/tc_ros2_nav/install/navigation/share/colcon-core/packages/navigation)
[4.975s] DEBUG:colcon.colcon_core.event_handler.log_command:Invoked command in '/root/ros2_code/humble/tc_ros2_nav/src/localization_server' returned '0': PYTHONPATH=/root/ros2_code/humble/tc_ros2_nav/build/localization_server/prefix_override:/root/ros2_code/humble/tc_ros2_nav/install/localization_server/lib/python3.10/site-packages:${PYTHONPATH} /usr/bin/python3 setup.py egg_info --egg-base ../../build/localization_server build --build-base /root/ros2_code/humble/tc_ros2_nav/build/localization_server/build install --record /root/ros2_code/humble/tc_ros2_nav/build/localization_server/install.log --single-version-externally-managed
[4.995s] Level 1:colcon.colcon_core.environment:checking '/root/ros2_code/humble/tc_ros2_nav/install/localization_server' for CMake module files
[4.995s] Level 1:colcon.colcon_core.environment:checking '/root/ros2_code/humble/tc_ros2_nav/install/localization_server' for CMake config files
[4.996s] Level 1:colcon.colcon_core.environment:checking '/root/ros2_code/humble/tc_ros2_nav/install/localization_server/lib'
[4.996s] Level 1:colcon.colcon_core.environment:checking '/root/ros2_code/humble/tc_ros2_nav/install/localization_server/bin'
[4.996s] Level 1:colcon.colcon_core.environment:checking '/root/ros2_code/humble/tc_ros2_nav/install/localization_server/lib/pkgconfig/localization_server.pc'
[4.996s] Level 1:colcon.colcon_core.environment:checking '/root/ros2_code/humble/tc_ros2_nav/install/localization_server/lib/python3.10/site-packages'
[4.996s] Level 1:colcon.colcon_core.shell:create_environment_hook('localization_server', 'pythonpath')
[5.014s] INFO:colcon.colcon_core.shell:Creating environment hook '/root/ros2_code/humble/tc_ros2_nav/install/localization_server/share/localization_server/hook/pythonpath.ps1'
[5.015s] INFO:colcon.colcon_core.shell:Creating environment descriptor '/root/ros2_code/humble/tc_ros2_nav/install/localization_server/share/localization_server/hook/pythonpath.dsv'
[5.016s] INFO:colcon.colcon_core.shell:Creating environment hook '/root/ros2_code/humble/tc_ros2_nav/install/localization_server/share/localization_server/hook/pythonpath.sh'
[5.017s] Level 1:colcon.colcon_core.environment:checking '/root/ros2_code/humble/tc_ros2_nav/install/localization_server/bin'
[5.017s] Level 1:colcon.colcon_core.environment:create_environment_scripts_only(localization_server)
[5.038s] INFO:colcon.colcon_core.shell:Creating package script '/root/ros2_code/humble/tc_ros2_nav/install/localization_server/share/localization_server/package.ps1'
[5.039s] INFO:colcon.colcon_core.shell:Creating package descriptor '/root/ros2_code/humble/tc_ros2_nav/install/localization_server/share/localization_server/package.dsv'
[5.040s] INFO:colcon.colcon_core.shell:Creating package script '/root/ros2_code/humble/tc_ros2_nav/install/localization_server/share/localization_server/package.sh'
[5.041s] INFO:colcon.colcon_core.shell:Creating package script '/root/ros2_code/humble/tc_ros2_nav/install/localization_server/share/localization_server/package.bash'
[5.041s] INFO:colcon.colcon_core.shell:Creating package script '/root/ros2_code/humble/tc_ros2_nav/install/localization_server/share/localization_server/package.zsh'
[5.042s] Level 1:colcon.colcon_core.environment:create_file_with_runtime_dependencies(/root/ros2_code/humble/tc_ros2_nav/install/localization_server/share/colcon-core/packages/localization_server)
[5.044s] DEBUG:colcon.colcon_core.event_handler.log_command:Invoked command in '/root/ros2_code/humble/tc_ros2_nav/src/cartographer_slam' returned '0': PYTHONPATH=/root/ros2_code/humble/tc_ros2_nav/build/cartographer_slam/prefix_override:/root/ros2_code/humble/tc_ros2_nav/install/cartographer_slam/lib/python3.10/site-packages:${PYTHONPATH} /usr/bin/python3 setup.py egg_info --egg-base ../../build/cartographer_slam build --build-base /root/ros2_code/humble/tc_ros2_nav/build/cartographer_slam/build install --record /root/ros2_code/humble/tc_ros2_nav/build/cartographer_slam/install.log --single-version-externally-managed
[5.063s] Level 1:colcon.colcon_core.environment:checking '/root/ros2_code/humble/tc_ros2_nav/install/cartographer_slam' for CMake module files
[5.064s] Level 1:colcon.colcon_core.environment:checking '/root/ros2_code/humble/tc_ros2_nav/install/cartographer_slam' for CMake config files
[5.064s] Level 1:colcon.colcon_core.environment:checking '/root/ros2_code/humble/tc_ros2_nav/install/cartographer_slam/lib'
[5.064s] Level 1:colcon.colcon_core.environment:checking '/root/ros2_code/humble/tc_ros2_nav/install/cartographer_slam/bin'
[5.065s] Level 1:colcon.colcon_core.environment:checking '/root/ros2_code/humble/tc_ros2_nav/install/cartographer_slam/lib/pkgconfig/cartographer_slam.pc'
[5.065s] Level 1:colcon.colcon_core.environment:checking '/root/ros2_code/humble/tc_ros2_nav/install/cartographer_slam/lib/python3.10/site-packages'
[5.065s] Level 1:colcon.colcon_core.shell:create_environment_hook('cartographer_slam', 'pythonpath')
[5.079s] INFO:colcon.colcon_core.shell:Creating environment hook '/root/ros2_code/humble/tc_ros2_nav/install/cartographer_slam/share/cartographer_slam/hook/pythonpath.ps1'
[5.080s] INFO:colcon.colcon_core.shell:Creating environment descriptor '/root/ros2_code/humble/tc_ros2_nav/install/cartographer_slam/share/cartographer_slam/hook/pythonpath.dsv'
[5.080s] INFO:colcon.colcon_core.shell:Creating environment hook '/root/ros2_code/humble/tc_ros2_nav/install/cartographer_slam/share/cartographer_slam/hook/pythonpath.sh'
[5.081s] Level 1:colcon.colcon_core.environment:checking '/root/ros2_code/humble/tc_ros2_nav/install/cartographer_slam/bin'
[5.081s] Level 1:colcon.colcon_core.environment:create_environment_scripts_only(cartographer_slam)
[5.095s] INFO:colcon.colcon_core.shell:Creating package script '/root/ros2_code/humble/tc_ros2_nav/install/cartographer_slam/share/cartographer_slam/package.ps1'
[5.095s] INFO:colcon.colcon_core.shell:Creating package descriptor '/root/ros2_code/humble/tc_ros2_nav/install/cartographer_slam/share/cartographer_slam/package.dsv'
[5.095s] INFO:colcon.colcon_core.shell:Creating package script '/root/ros2_code/humble/tc_ros2_nav/install/cartographer_slam/share/cartographer_slam/package.sh'
[5.096s] INFO:colcon.colcon_core.shell:Creating package script '/root/ros2_code/humble/tc_ros2_nav/install/cartographer_slam/share/cartographer_slam/package.bash'
[5.096s] INFO:colcon.colcon_core.shell:Creating package script '/root/ros2_code/humble/tc_ros2_nav/install/cartographer_slam/share/cartographer_slam/package.zsh'
[5.096s] Level 1:colcon.colcon_core.environment:create_file_with_runtime_dependencies(/root/ros2_code/humble/tc_ros2_nav/install/cartographer_slam/share/colcon-core/packages/cartographer_slam)
[5.098s] DEBUG:colcon.colcon_core.event_handler.log_command:Invoked command in '/root/ros2_code/humble/tc_ros2_nav/src/amcl' returned '0': PYTHONPATH=/root/ros2_code/humble/tc_ros2_nav/build/amcl/prefix_override:/root/ros2_code/humble/tc_ros2_nav/install/amcl/lib/python3.10/site-packages:${PYTHONPATH} /usr/bin/python3 setup.py egg_info --egg-base ../../build/amcl build --build-base /root/ros2_code/humble/tc_ros2_nav/build/amcl/build install --record /root/ros2_code/humble/tc_ros2_nav/build/amcl/install.log --single-version-externally-managed
[5.113s] Level 1:colcon.colcon_core.environment:checking '/root/ros2_code/humble/tc_ros2_nav/install/amcl' for CMake module files
[5.113s] Level 1:colcon.colcon_core.environment:checking '/root/ros2_code/humble/tc_ros2_nav/install/amcl' for CMake config files
[5.114s] Level 1:colcon.colcon_core.environment:checking '/root/ros2_code/humble/tc_ros2_nav/install/amcl/lib'
[5.114s] Level 1:colcon.colcon_core.environment:checking '/root/ros2_code/humble/tc_ros2_nav/install/amcl/bin'
[5.114s] Level 1:colcon.colcon_core.environment:checking '/root/ros2_code/humble/tc_ros2_nav/install/amcl/lib/pkgconfig/amcl.pc'
[5.115s] Level 1:colcon.colcon_core.environment:checking '/root/ros2_code/humble/tc_ros2_nav/install/amcl/lib/python3.10/site-packages'
[5.115s] Level 1:colcon.colcon_core.shell:create_environment_hook('amcl', 'pythonpath')
[5.132s] INFO:colcon.colcon_core.shell:Creating environment hook '/root/ros2_code/humble/tc_ros2_nav/install/amcl/share/amcl/hook/pythonpath.ps1'
[5.132s] INFO:colcon.colcon_core.shell:Creating environment descriptor '/root/ros2_code/humble/tc_ros2_nav/install/amcl/share/amcl/hook/pythonpath.dsv'
[5.133s] INFO:colcon.colcon_core.shell:Creating environment hook '/root/ros2_code/humble/tc_ros2_nav/install/amcl/share/amcl/hook/pythonpath.sh'
[5.133s] Level 1:colcon.colcon_core.environment:checking '/root/ros2_code/humble/tc_ros2_nav/install/amcl/bin'
[5.133s] Level 1:colcon.colcon_core.environment:create_environment_scripts_only(amcl)
[5.148s] INFO:colcon.colcon_core.shell:Creating package script '/root/ros2_code/humble/tc_ros2_nav/install/amcl/share/amcl/package.ps1'
[5.149s] INFO:colcon.colcon_core.shell:Creating package descriptor '/root/ros2_code/humble/tc_ros2_nav/install/amcl/share/amcl/package.dsv'
[5.149s] INFO:colcon.colcon_core.shell:Creating package script '/root/ros2_code/humble/tc_ros2_nav/install/amcl/share/amcl/package.sh'
[5.149s] INFO:colcon.colcon_core.shell:Creating package script '/root/ros2_code/humble/tc_ros2_nav/install/amcl/share/amcl/package.bash'
[5.150s] INFO:colcon.colcon_core.shell:Creating package script '/root/ros2_code/humble/tc_ros2_nav/install/amcl/share/amcl/package.zsh'
[5.150s] Level 1:colcon.colcon_core.environment:create_file_with_runtime_dependencies(/root/ros2_code/humble/tc_ros2_nav/install/amcl/share/colcon-core/packages/amcl)
[5.152s] DEBUG:colcon.colcon_core.event_handler.log_command:Invoked command in '/root/ros2_code/humble/tc_ros2_nav/src/path_planner_server' returned '0': PYTHONPATH=/root/ros2_code/humble/tc_ros2_nav/build/path_planner_server/prefix_override:/root/ros2_code/humble/tc_ros2_nav/install/path_planner_server/lib/python3.10/site-packages:${PYTHONPATH} /usr/bin/python3 setup.py egg_info --egg-base ../../build/path_planner_server build --build-base /root/ros2_code/humble/tc_ros2_nav/build/path_planner_server/build install --record /root/ros2_code/humble/tc_ros2_nav/build/path_planner_server/install.log --single-version-externally-managed
[5.165s] Level 1:colcon.colcon_core.environment:checking '/root/ros2_code/humble/tc_ros2_nav/install/path_planner_server' for CMake module files
[5.166s] Level 1:colcon.colcon_core.environment:checking '/root/ros2_code/humble/tc_ros2_nav/install/path_planner_server' for CMake config files
[5.166s] Level 1:colcon.colcon_core.environment:checking '/root/ros2_code/humble/tc_ros2_nav/install/path_planner_server/lib'
[5.166s] Level 1:colcon.colcon_core.environment:checking '/root/ros2_code/humble/tc_ros2_nav/install/path_planner_server/bin'
[5.167s] Level 1:colcon.colcon_core.environment:checking '/root/ros2_code/humble/tc_ros2_nav/install/path_planner_server/lib/pkgconfig/path_planner_server.pc'
[5.167s] Level 1:colcon.colcon_core.environment:checking '/root/ros2_code/humble/tc_ros2_nav/install/path_planner_server/lib/python3.10/site-packages'
[5.167s] Level 1:colcon.colcon_core.shell:create_environment_hook('path_planner_server', 'pythonpath')
[5.180s] INFO:colcon.colcon_core.shell:Creating environment hook '/root/ros2_code/humble/tc_ros2_nav/install/path_planner_server/share/path_planner_server/hook/pythonpath.ps1'
[5.181s] INFO:colcon.colcon_core.shell:Creating environment descriptor '/root/ros2_code/humble/tc_ros2_nav/install/path_planner_server/share/path_planner_server/hook/pythonpath.dsv'
[5.181s] INFO:colcon.colcon_core.shell:Creating environment hook '/root/ros2_code/humble/tc_ros2_nav/install/path_planner_server/share/path_planner_server/hook/pythonpath.sh'
[5.182s] Level 1:colcon.colcon_core.environment:checking '/root/ros2_code/humble/tc_ros2_nav/install/path_planner_server/bin'
[5.182s] Level 1:colcon.colcon_core.environment:create_environment_scripts_only(path_planner_server)
[5.195s] INFO:colcon.colcon_core.shell:Creating package script '/root/ros2_code/humble/tc_ros2_nav/install/path_planner_server/share/path_planner_server/package.ps1'
[5.196s] INFO:colcon.colcon_core.shell:Creating package descriptor '/root/ros2_code/humble/tc_ros2_nav/install/path_planner_server/share/path_planner_server/package.dsv'
[5.197s] INFO:colcon.colcon_core.shell:Creating package script '/root/ros2_code/humble/tc_ros2_nav/install/path_planner_server/share/path_planner_server/package.sh'
[5.197s] INFO:colcon.colcon_core.shell:Creating package script '/root/ros2_code/humble/tc_ros2_nav/install/path_planner_server/share/path_planner_server/package.bash'
[5.198s] INFO:colcon.colcon_core.shell:Creating package script '/root/ros2_code/humble/tc_ros2_nav/install/path_planner_server/share/path_planner_server/package.zsh'
[5.198s] Level 1:colcon.colcon_core.environment:create_file_with_runtime_dependencies(/root/ros2_code/humble/tc_ros2_nav/install/path_planner_server/share/colcon-core/packages/path_planner_server)
[5.200s] DEBUG:colcon.colcon_core.event_handler.log_command:Invoked command in '/root/ros2_code/humble/tc_ros2_nav/src/map_server' returned '0': PYTHONPATH=/root/ros2_code/humble/tc_ros2_nav/build/map_server/prefix_override:/root/ros2_code/humble/tc_ros2_nav/install/map_server/lib/python3.10/site-packages:${PYTHONPATH} /usr/bin/python3 setup.py egg_info --egg-base ../../build/map_server build --build-base /root/ros2_code/humble/tc_ros2_nav/build/map_server/build install --record /root/ros2_code/humble/tc_ros2_nav/build/map_server/install.log --single-version-externally-managed
[5.218s] Level 1:colcon.colcon_core.environment:checking '/root/ros2_code/humble/tc_ros2_nav/install/map_server' for CMake module files
[5.219s] Level 1:colcon.colcon_core.environment:checking '/root/ros2_code/humble/tc_ros2_nav/install/map_server' for CMake config files
[5.219s] Level 1:colcon.colcon_core.environment:checking '/root/ros2_code/humble/tc_ros2_nav/install/map_server/lib'
[5.219s] Level 1:colcon.colcon_core.environment:checking '/root/ros2_code/humble/tc_ros2_nav/install/map_server/bin'
[5.219s] Level 1:colcon.colcon_core.environment:checking '/root/ros2_code/humble/tc_ros2_nav/install/map_server/lib/pkgconfig/map_server.pc'
[5.219s] Level 1:colcon.colcon_core.environment:checking '/root/ros2_code/humble/tc_ros2_nav/install/map_server/lib/python3.10/site-packages'
[5.220s] Level 1:colcon.colcon_core.shell:create_environment_hook('map_server', 'pythonpath')
[5.236s] INFO:colcon.colcon_core.shell:Creating environment hook '/root/ros2_code/humble/tc_ros2_nav/install/map_server/share/map_server/hook/pythonpath.ps1'
[5.236s] INFO:colcon.colcon_core.shell:Creating environment descriptor '/root/ros2_code/humble/tc_ros2_nav/install/map_server/share/map_server/hook/pythonpath.dsv'
[5.237s] INFO:colcon.colcon_core.shell:Creating environment hook '/root/ros2_code/humble/tc_ros2_nav/install/map_server/share/map_server/hook/pythonpath.sh'
[5.237s] Level 1:colcon.colcon_core.environment:checking '/root/ros2_code/humble/tc_ros2_nav/install/map_server/bin'
[5.237s] Level 1:colcon.colcon_core.environment:create_environment_scripts_only(map_server)
[5.252s] INFO:colcon.colcon_core.shell:Creating package script '/root/ros2_code/humble/tc_ros2_nav/install/map_server/share/map_server/package.ps1'
[5.252s] INFO:colcon.colcon_core.shell:Creating package descriptor '/root/ros2_code/humble/tc_ros2_nav/install/map_server/share/map_server/package.dsv'
[5.253s] INFO:colcon.colcon_core.shell:Creating package script '/root/ros2_code/humble/tc_ros2_nav/install/map_server/share/map_server/package.sh'
[5.253s] INFO:colcon.colcon_core.shell:Creating package script '/root/ros2_code/humble/tc_ros2_nav/install/map_server/share/map_server/package.bash'
[5.253s] INFO:colcon.colcon_core.shell:Creating package script '/root/ros2_code/humble/tc_ros2_nav/install/map_server/share/map_server/package.zsh'
[5.254s] Level 1:colcon.colcon_core.environment:create_file_with_runtime_dependencies(/root/ros2_code/humble/tc_ros2_nav/install/map_server/share/colcon-core/packages/map_server)
[5.254s] DEBUG:colcon.colcon_parallel_executor.executor.parallel:closing loop
[5.254s] DEBUG:colcon.colcon_parallel_executor.executor.parallel:loop closed
[5.254s] DEBUG:colcon.colcon_parallel_executor.executor.parallel:run_until_complete finished with '0'
[5.255s] DEBUG:colcon.colcon_core.event_reactor:joining thread
[5.275s] INFO:colcon.colcon_core.plugin_system:Skipping extension 'colcon_notification.desktop_notification.notify_send': Could not find 'notify-send'
[5.275s] INFO:colcon.colcon_core.plugin_system:Skipping extension 'colcon_notification.desktop_notification.terminal_notifier': Not used on non-Darwin systems
[5.275s] INFO:colcon.colcon_core.plugin_system:Skipping extension 'colcon_notification.desktop_notification.win32': Not used on non-Windows systems
[5.275s] INFO:colcon.colcon_notification.desktop_notification:Sending desktop notification using 'notify2'
[5.279s] DEBUG:colcon.colcon_notification.desktop_notification.notify2:Failed to initialize notify2: org.freedesktop.DBus.Error.Spawn.ExecFailed: /usr/bin/dbus-launch terminated abnormally without any error message
[5.279s] DEBUG:colcon.colcon_core.event_reactor:joined thread
[5.296s] INFO:colcon.colcon_core.shell:Creating prefix script '/root/ros2_code/humble/tc_ros2_nav/install/local_setup.ps1'
[5.297s] INFO:colcon.colcon_core.shell:Creating prefix util module '/root/ros2_code/humble/tc_ros2_nav/install/_local_setup_util_ps1.py'
[5.298s] INFO:colcon.colcon_core.shell:Creating prefix chain script '/root/ros2_code/humble/tc_ros2_nav/install/setup.ps1'
[5.316s] INFO:colcon.colcon_core.shell:Creating prefix script '/root/ros2_code/humble/tc_ros2_nav/install/local_setup.sh'
[5.317s] INFO:colcon.colcon_core.shell:Creating prefix util module '/root/ros2_code/humble/tc_ros2_nav/install/_local_setup_util_sh.py'
[5.317s] INFO:colcon.colcon_core.shell:Creating prefix chain script '/root/ros2_code/humble/tc_ros2_nav/install/setup.sh'
[5.334s] INFO:colcon.colcon_core.shell:Creating prefix script '/root/ros2_code/humble/tc_ros2_nav/install/local_setup.bash'
[5.334s] INFO:colcon.colcon_core.shell:Creating prefix chain script '/root/ros2_code/humble/tc_ros2_nav/install/setup.bash'
[5.351s] INFO:colcon.colcon_core.shell:Creating prefix script '/root/ros2_code/humble/tc_ros2_nav/install/local_setup.zsh'
[5.351s] INFO:colcon.colcon_core.shell:Creating prefix chain script '/root/ros2_code/humble/tc_ros2_nav/install/setup.zsh'
