[3.666s] Invoking command in '/root/ros2_code/humble/tc_ros2_nav/src/map_server': PYTHONPATH=/root/ros2_code/humble/tc_ros2_nav/build/map_server/prefix_override:/root/ros2_code/humble/tc_ros2_nav/install/map_server/lib/python3.10/site-packages:${PYTHONPATH} /usr/bin/python3 setup.py egg_info --egg-base ../../build/map_server build --build-base /root/ros2_code/humble/tc_ros2_nav/build/map_server/build install --record /root/ros2_code/humble/tc_ros2_nav/build/map_server/install.log --single-version-externally-managed
[4.067s] running egg_info
[4.068s] writing ../../build/map_server/map_server.egg-info/PKG-INFO
[4.069s] writing dependency_links to ../../build/map_server/map_server.egg-info/dependency_links.txt
[4.069s] writing entry points to ../../build/map_server/map_server.egg-info/entry_points.txt
[4.069s] writing requirements to ../../build/map_server/map_server.egg-info/requires.txt
[4.069s] writing top-level names to ../../build/map_server/map_server.egg-info/top_level.txt
[4.072s] reading manifest file '../../build/map_server/map_server.egg-info/SOURCES.txt'
[4.073s] writing manifest file '../../build/map_server/map_server.egg-info/SOURCES.txt'
[4.073s] running build
[4.074s] running build_py
[4.074s] running install
[4.075s] running install_lib
[4.076s] running install_data
[4.078s] running install_egg_info
[4.080s] removing '/root/ros2_code/humble/tc_ros2_nav/install/map_server/lib/python3.10/site-packages/map_server-0.0.0-py3.10.egg-info' (and everything under it)
[4.081s] Copying ../../build/map_server/map_server.egg-info to /root/ros2_code/humble/tc_ros2_nav/install/map_server/lib/python3.10/site-packages/map_server-0.0.0-py3.10.egg-info
[4.082s] running install_scripts
[4.111s] writing list of installed files to '/root/ros2_code/humble/tc_ros2_nav/build/map_server/install.log'
[4.316s] Invoked command in '/root/ros2_code/humble/tc_ros2_nav/src/map_server' returned '0': PYTHONPATH=/root/ros2_code/humble/tc_ros2_nav/build/map_server/prefix_override:/root/ros2_code/humble/tc_ros2_nav/install/map_server/lib/python3.10/site-packages:${PYTHONPATH} /usr/bin/python3 setup.py egg_info --egg-base ../../build/map_server build --build-base /root/ros2_code/humble/tc_ros2_nav/build/map_server/build install --record /root/ros2_code/humble/tc_ros2_nav/build/map_server/install.log --single-version-externally-managed
