[0.142s] Invoking command in '/root/ros2_code/humble/tc_ros2_urdf/build/my_box_bot_gazebo': AMENT_PREFIX_PATH=/root/ros2_code/humble/tc_ros2_urdf/install/my_box_bot_description:${AMENT_PREFIX_PATH} CMAKE_PREFIX_PATH=/root/ros2_code/humble/tc_ros2_urdf/install/my_box_bot_description:/root/cyglidar_ws/install/cyglidar_d1_ros2:/root/dai_ws/install/depthai-ros:/root/dai_ws/install/depthai_ros_driver:/root/dai_ws/install/depthai_filters:/root/dai_ws/install/depthai_examples:/root/dai_ws/install/depthai_bridge:/root/dai_ws/install/depthai_ros_msgs:/root/dai_ws/install/depthai_descriptions:/root/ros2_code/humble/learning/install/articubot_one:/root/ros2_code/humble/frc9202/install/yolov8_msgs:/root/ros2_code/humble/frc9202/install/yolo_recognition:/root/ros2_code/humble/frc9202/install/gazebo_setup_pkg:/root/ros2_code/humble/surround_view_ros/install/omni_robot_description:/root/ros2_code/humble/surround_view_ros/install/omni_control:/root/ros2_code/humble/surround_view_ros/install/gazebo_simulation:/root/ros2_code/humble/learning/install/ball_tracker:/opt/ros/humble /usr/bin/cmake /root/ros2_code/humble/tc_ros2_urdf/src/my_box_bot_gazebo -DAMENT_CMAKE_SYMLINK_INSTALL=1 -DCMAKE_INSTALL_PREFIX=/root/ros2_code/humble/tc_ros2_urdf/install/my_box_bot_gazebo
[0.233s] -- The C compiler identification is Clang 14.0.0
[0.341s] -- The CXX compiler identification is Clang 14.0.0
[0.350s] -- Detecting C compiler ABI info
[0.483s] -- Detecting C compiler ABI info - done
[0.504s] -- Check for working C compiler: /usr/bin/clang - skipped
[0.505s] -- Detecting C compile features
[0.505s] -- Detecting C compile features - done
[0.509s] -- Detecting CXX compiler ABI info
[0.689s] -- Detecting CXX compiler ABI info - done
[0.695s] -- Check for working CXX compiler: /usr/bin/clang++ - skipped
[0.695s] -- Detecting CXX compile features
[0.695s] -- Detecting CXX compile features - done
[0.703s] -- Found ament_cmake: 1.3.7 (/opt/ros/humble/share/ament_cmake/cmake)
[0.907s] -- Found Python3: /usr/bin/python3.10 (found version "3.10.12") found components: Interpreter 
[0.972s] -- Override CMake install command with custom implementation using symlinks instead of copying resources
[1.086s] -- Found rclpy: 3.3.11 (/opt/ros/humble/share/rclpy/cmake)
[1.093s] -- Found gazebo_ros: 3.7.0 (/opt/ros/humble/share/gazebo_ros/cmake)
[1.238s] -- Found rosidl_generator_c: 3.1.5 (/opt/ros/humble/share/rosidl_generator_c/cmake)
[1.255s] -- Found rosidl_adapter: 3.1.5 (/opt/ros/humble/share/rosidl_adapter/cmake)
[1.278s] -- Found rosidl_generator_cpp: 3.1.5 (/opt/ros/humble/share/rosidl_generator_cpp/cmake)
[1.312s] -- Using all available rosidl_typesupport_c: rosidl_typesupport_fastrtps_c;rosidl_typesupport_introspection_c
[1.355s] -- Using all available rosidl_typesupport_cpp: rosidl_typesupport_fastrtps_cpp;rosidl_typesupport_introspection_cpp
[1.494s] -- Found rmw_implementation_cmake: 6.1.1 (/opt/ros/humble/share/rmw_implementation_cmake/cmake)
[1.503s] -- Found rmw_cyclonedds_cpp: 1.3.4 (/opt/ros/humble/share/rmw_cyclonedds_cpp/cmake)
[1.566s] -- Using RMW implementation 'rmw_cyclonedds_cpp' as default
[1.593s] -- Looking for pthread.h
[1.761s] -- Looking for pthread.h - found
[1.761s] -- Performing Test CMAKE_HAVE_LIBC_PTHREAD
[1.939s] -- Performing Test CMAKE_HAVE_LIBC_PTHREAD - Success
[1.943s] -- Found Threads: TRUE  
[2.310s] -- Found PkgConfig: /usr/bin/pkg-config (found version "0.29.2") 
[2.311s] -- Checking for module 'bullet>=2.82'
[2.334s] --   Found bullet, version 3.05
[2.494s] -- Found fcl: /usr/include (found suitable version "0.7.0", minimum required is "0.5.0") 
[2.541s] -- Found assimp: /usr/include (found version "5.2.0") 
[2.623s] -- Found DART: /usr/include (Required is at least version "6.6") found components: dart 
[2.707s] -- Found Boost: /usr/lib/x86_64-linux-gnu/cmake/Boost-1.74.0/BoostConfig.cmake (found suitable version "1.74.0", minimum required is "1.40.0") found components: thread system filesystem program_options regex iostreams date_time 
[2.745s] -- Found Protobuf: /usr/lib/x86_64-linux-gnu/libprotobuf.so (found version "3.12.4") 
[2.777s] -- Looking for ignition-math6 -- found version 6.15.1
[2.798s] -- Searching for dependencies of ignition-math6
[2.804s] -- Looking for OGRE...
[2.805s] -- OGRE_PREFIX_WATCH changed.
[2.810s] -- Checking for module 'OGRE'
[2.822s] --   Found OGRE, version 1.9.0
[2.869s] -- Found Ogre Ghadamon (1.9.0)
[2.886s] -- Found OGRE: optimized;/usr/lib/x86_64-linux-gnu/libOgreMain.so;debug;/usr/lib/x86_64-linux-gnu/libOgreMain.so
[2.896s] -- Looking for OGRE_Paging...
[2.902s] -- Found OGRE_Paging: optimized;/usr/lib/x86_64-linux-gnu/libOgrePaging.so;debug;/usr/lib/x86_64-linux-gnu/libOgrePaging.so
[2.902s] -- Looking for OGRE_Terrain...
[2.908s] -- Found OGRE_Terrain: optimized;/usr/lib/x86_64-linux-gnu/libOgreTerrain.so;debug;/usr/lib/x86_64-linux-gnu/libOgreTerrain.so
[2.908s] -- Looking for OGRE_Property...
[2.913s] -- Found OGRE_Property: optimized;/usr/lib/x86_64-linux-gnu/libOgreProperty.so;debug;/usr/lib/x86_64-linux-gnu/libOgreProperty.so
[2.914s] -- Looking for OGRE_RTShaderSystem...
[2.933s] -- Found OGRE_RTShaderSystem: optimized;/usr/lib/x86_64-linux-gnu/libOgreRTShaderSystem.so;debug;/usr/lib/x86_64-linux-gnu/libOgreRTShaderSystem.so
[2.933s] -- Looking for OGRE_Volume...
[2.943s] -- Found OGRE_Volume: optimized;/usr/lib/x86_64-linux-gnu/libOgreVolume.so;debug;/usr/lib/x86_64-linux-gnu/libOgreVolume.so
[2.943s] -- Looking for OGRE_Overlay...
[2.952s] -- Found OGRE_Overlay: optimized;/usr/lib/x86_64-linux-gnu/libOgreOverlay.so;debug;/usr/lib/x86_64-linux-gnu/libOgreOverlay.so
[3.183s] -- Looking for ignition-math6 -- found version 6.15.1
[3.192s] -- Looking for ignition-transport8 -- found version 8.2.1
[3.193s] -- Searching for dependencies of ignition-transport8
[3.242s] -- Found Protobuf: /usr/lib/x86_64-linux-gnu/libprotobuf.so (found suitable version "3.12.4", minimum required is "3") 
[3.287s] -- Config-file not installed for ZeroMQ -- checking for pkg-config
[3.291s] -- Checking for module 'libzmq >= 4'
[3.305s] --   Found libzmq , version 4.3.4
[3.337s] -- Found ZeroMQ: TRUE (Required is at least version "4") 
[3.343s] -- Checking for module 'uuid'
[3.360s] --   Found uuid, version 2.37.2
[3.393s] -- Found UUID: TRUE  
[3.405s] -- Looking for ignition-msgs5 -- found version 5.8.1
[3.406s] -- Searching for dependencies of ignition-msgs5
[3.437s] -- Looking for ignition-math6 -- found version 6.15.1
[3.443s] -- Checking for module 'tinyxml2'
[3.458s] --   Found tinyxml2, version 9.0.0
[3.489s] -- Looking for ignition-msgs5 -- found version 5.8.1
[3.498s] -- Looking for ignition-common3 -- found version 3.14.0
[3.498s] -- Searching for dependencies of ignition-common3
[3.499s] -- Looking for dlfcn.h - found
[3.500s] -- Looking for libdl - found
[3.502s] -- Found DL: TRUE  
[3.520s] -- Found tinyobjloader: /usr/lib/x86_64-linux-gnu/cmake/tinyobjloader/tinyobjloader-config.cmake (found version "2.0.0") 
[3.521s] -- Searching for <ignition-common3> component [graphics]
[3.528s] -- Looking for ignition-common3-graphics -- found version 3.14.0
[3.529s] -- Searching for dependencies of ignition-common3-graphics
[3.529s] -- Looking for ignition-math6 -- found version 6.15.1
[3.538s] -- Looking for ignition-fuel_tools4 -- found version 4.4.0
[3.539s] -- Searching for dependencies of ignition-fuel_tools4
[3.650s] -- Found CURL: /usr/lib/x86_64-linux-gnu/libcurl.so (found version "7.81.0")  
[3.666s] -- Checking for module 'jsoncpp'
[3.694s] --   Found jsoncpp, version 1.9.5
[3.726s] -- Found JSONCPP: TRUE  
[3.732s] -- Checking for module 'libzip'
[3.761s] --   Found libzip, version 1.7.3
[3.798s] -- Found ZIP: TRUE  
[3.798s] -- Looking for ignition-common3 -- found version 3.14.0
[3.799s] -- Looking for ignition-math6 -- found version 6.15.1
[3.799s] -- Looking for ignition-msgs5 -- found version 5.8.1
[3.809s] -- Gazebo version: 11.10
[3.810s] -- Checking for module 'tbb'
[3.823s] --   Found tbb, version 2021.5.0
[3.881s] -- Found my_box_bot_description: 0.0.0 (/root/ros2_code/humble/tc_ros2_urdf/install/my_box_bot_description/share/my_box_bot_description/cmake)
[3.887s] -- Found ament_lint_auto: 0.12.10 (/opt/ros/humble/share/ament_lint_auto/cmake)
[4.047s] -- Added test 'copyright' to check source files copyright and LICENSE
[4.064s] -- Added test 'flake8' to check Python code syntax and style conventions
[4.067s] -- Added test 'lint_cmake' to check CMake code style
[4.069s] -- Added test 'pep257' to check Python code against some of the docstring style conventions in PEP 257
[4.073s] -- Added test 'xmllint' to check XML markup files
[4.076s] -- Configuring done
[4.086s] -- Generating done
[4.089s] -- Build files have been written to: /root/ros2_code/humble/tc_ros2_urdf/build/my_box_bot_gazebo
[4.107s] Invoked command in '/root/ros2_code/humble/tc_ros2_urdf/build/my_box_bot_gazebo' returned '0': AMENT_PREFIX_PATH=/root/ros2_code/humble/tc_ros2_urdf/install/my_box_bot_description:${AMENT_PREFIX_PATH} CMAKE_PREFIX_PATH=/root/ros2_code/humble/tc_ros2_urdf/install/my_box_bot_description:/root/cyglidar_ws/install/cyglidar_d1_ros2:/root/dai_ws/install/depthai-ros:/root/dai_ws/install/depthai_ros_driver:/root/dai_ws/install/depthai_filters:/root/dai_ws/install/depthai_examples:/root/dai_ws/install/depthai_bridge:/root/dai_ws/install/depthai_ros_msgs:/root/dai_ws/install/depthai_descriptions:/root/ros2_code/humble/learning/install/articubot_one:/root/ros2_code/humble/frc9202/install/yolov8_msgs:/root/ros2_code/humble/frc9202/install/yolo_recognition:/root/ros2_code/humble/frc9202/install/gazebo_setup_pkg:/root/ros2_code/humble/surround_view_ros/install/omni_robot_description:/root/ros2_code/humble/surround_view_ros/install/omni_control:/root/ros2_code/humble/surround_view_ros/install/gazebo_simulation:/root/ros2_code/humble/learning/install/ball_tracker:/opt/ros/humble /usr/bin/cmake /root/ros2_code/humble/tc_ros2_urdf/src/my_box_bot_gazebo -DAMENT_CMAKE_SYMLINK_INSTALL=1 -DCMAKE_INSTALL_PREFIX=/root/ros2_code/humble/tc_ros2_urdf/install/my_box_bot_gazebo
[4.112s] Invoking command in '/root/ros2_code/humble/tc_ros2_urdf/build/my_box_bot_gazebo': AMENT_PREFIX_PATH=/root/ros2_code/humble/tc_ros2_urdf/install/my_box_bot_description:${AMENT_PREFIX_PATH} CMAKE_PREFIX_PATH=/root/ros2_code/humble/tc_ros2_urdf/install/my_box_bot_description:/root/cyglidar_ws/install/cyglidar_d1_ros2:/root/dai_ws/install/depthai-ros:/root/dai_ws/install/depthai_ros_driver:/root/dai_ws/install/depthai_filters:/root/dai_ws/install/depthai_examples:/root/dai_ws/install/depthai_bridge:/root/dai_ws/install/depthai_ros_msgs:/root/dai_ws/install/depthai_descriptions:/root/ros2_code/humble/learning/install/articubot_one:/root/ros2_code/humble/frc9202/install/yolov8_msgs:/root/ros2_code/humble/frc9202/install/yolo_recognition:/root/ros2_code/humble/frc9202/install/gazebo_setup_pkg:/root/ros2_code/humble/surround_view_ros/install/omni_robot_description:/root/ros2_code/humble/surround_view_ros/install/omni_control:/root/ros2_code/humble/surround_view_ros/install/gazebo_simulation:/root/ros2_code/humble/learning/install/ball_tracker:/opt/ros/humble /usr/bin/cmake --build /root/ros2_code/humble/tc_ros2_urdf/build/my_box_bot_gazebo -- -j12 -l12
[4.176s] Invoked command in '/root/ros2_code/humble/tc_ros2_urdf/build/my_box_bot_gazebo' returned '0': AMENT_PREFIX_PATH=/root/ros2_code/humble/tc_ros2_urdf/install/my_box_bot_description:${AMENT_PREFIX_PATH} CMAKE_PREFIX_PATH=/root/ros2_code/humble/tc_ros2_urdf/install/my_box_bot_description:/root/cyglidar_ws/install/cyglidar_d1_ros2:/root/dai_ws/install/depthai-ros:/root/dai_ws/install/depthai_ros_driver:/root/dai_ws/install/depthai_filters:/root/dai_ws/install/depthai_examples:/root/dai_ws/install/depthai_bridge:/root/dai_ws/install/depthai_ros_msgs:/root/dai_ws/install/depthai_descriptions:/root/ros2_code/humble/learning/install/articubot_one:/root/ros2_code/humble/frc9202/install/yolov8_msgs:/root/ros2_code/humble/frc9202/install/yolo_recognition:/root/ros2_code/humble/frc9202/install/gazebo_setup_pkg:/root/ros2_code/humble/surround_view_ros/install/omni_robot_description:/root/ros2_code/humble/surround_view_ros/install/omni_control:/root/ros2_code/humble/surround_view_ros/install/gazebo_simulation:/root/ros2_code/humble/learning/install/ball_tracker:/opt/ros/humble /usr/bin/cmake --build /root/ros2_code/humble/tc_ros2_urdf/build/my_box_bot_gazebo -- -j12 -l12
[4.204s] Invoking command in '/root/ros2_code/humble/tc_ros2_urdf/build/my_box_bot_gazebo': AMENT_PREFIX_PATH=/root/ros2_code/humble/tc_ros2_urdf/install/my_box_bot_description:${AMENT_PREFIX_PATH} CMAKE_PREFIX_PATH=/root/ros2_code/humble/tc_ros2_urdf/install/my_box_bot_description:/root/cyglidar_ws/install/cyglidar_d1_ros2:/root/dai_ws/install/depthai-ros:/root/dai_ws/install/depthai_ros_driver:/root/dai_ws/install/depthai_filters:/root/dai_ws/install/depthai_examples:/root/dai_ws/install/depthai_bridge:/root/dai_ws/install/depthai_ros_msgs:/root/dai_ws/install/depthai_descriptions:/root/ros2_code/humble/learning/install/articubot_one:/root/ros2_code/humble/frc9202/install/yolov8_msgs:/root/ros2_code/humble/frc9202/install/yolo_recognition:/root/ros2_code/humble/frc9202/install/gazebo_setup_pkg:/root/ros2_code/humble/surround_view_ros/install/omni_robot_description:/root/ros2_code/humble/surround_view_ros/install/omni_control:/root/ros2_code/humble/surround_view_ros/install/gazebo_simulation:/root/ros2_code/humble/learning/install/ball_tracker:/opt/ros/humble /usr/bin/cmake --install /root/ros2_code/humble/tc_ros2_urdf/build/my_box_bot_gazebo
[4.223s] -- Install configuration: ""
[4.224s] -- Execute custom install script
[4.225s] -- Symlinking: /root/ros2_code/humble/tc_ros2_urdf/install/my_box_bot_gazebo/share/my_box_bot_gazebo//launch/control.launch.py
[4.235s] -- Symlinking: /root/ros2_code/humble/tc_ros2_urdf/install/my_box_bot_gazebo/share/my_box_bot_gazebo//launch/control_position_velocity.launch.py
[4.244s] -- Symlinking: /root/ros2_code/humble/tc_ros2_urdf/install/my_box_bot_gazebo/share/my_box_bot_gazebo//launch/spawn_robot_description.launch.py
[4.263s] -- Symlinking: /root/ros2_code/humble/tc_ros2_urdf/install/my_box_bot_gazebo/share/my_box_bot_gazebo//launch/spawn_robot_ros2.launch.xml
[4.278s] -- Symlinking: /root/ros2_code/humble/tc_ros2_urdf/install/my_box_bot_gazebo/share/my_box_bot_gazebo//launch/spawn_robot_ros2_control.launch.xml
[4.288s] -- Symlinking: /root/ros2_code/humble/tc_ros2_urdf/install/my_box_bot_gazebo/share/my_box_bot_gazebo//launch/spawn_robot_ros2_control_complete.launch.xml
[4.296s] -- Symlinking: /root/ros2_code/humble/tc_ros2_urdf/install/my_box_bot_gazebo/share/my_box_bot_gazebo//launch/spawn_robot_ros2_control_velocity.launch.xml
[4.311s] -- Symlinking: /root/ros2_code/humble/tc_ros2_urdf/install/my_box_bot_gazebo/share/my_box_bot_gazebo//launch/spawn_robot_ros2_final.launch.xml
[4.327s] -- Symlinking: /root/ros2_code/humble/tc_ros2_urdf/install/my_box_bot_gazebo/share/my_box_bot_gazebo//launch/spawn_robot_ros2_physical.launch.xml
[4.337s] -- Symlinking: /root/ros2_code/humble/tc_ros2_urdf/install/my_box_bot_gazebo/share/my_box_bot_gazebo//launch/spawn_robot_ros2_sensor.launch.xml
[4.345s] -- Symlinking: /root/ros2_code/humble/tc_ros2_urdf/install/my_box_bot_gazebo/share/my_box_bot_gazebo//launch/start_world.launch.py
[4.367s] -- Symlinking: /root/ros2_code/humble/tc_ros2_urdf/install/my_box_bot_gazebo/share/my_box_bot_gazebo//worlds/box_bot_empty.world
[4.380s] -- Symlinking: /root/ros2_code/humble/tc_ros2_urdf/install/my_box_bot_gazebo/share/my_box_bot_gazebo//models/box_room/meshes/box_room.dae
[4.389s] -- Symlinking: /root/ros2_code/humble/tc_ros2_urdf/install/my_box_bot_gazebo/share/my_box_bot_gazebo//models/box_room/meshes/chambre.png
[4.396s] -- Symlinking: /root/ros2_code/humble/tc_ros2_urdf/install/my_box_bot_gazebo/share/my_box_bot_gazebo//models/box_room/model.config
[4.403s] -- Symlinking: /root/ros2_code/humble/tc_ros2_urdf/install/my_box_bot_gazebo/share/my_box_bot_gazebo//models/box_room/model.sdf
[4.410s] -- Symlinking: /root/ros2_code/humble/tc_ros2_urdf/install/my_box_bot_gazebo/lib/my_box_bot_gazebo/move_laser.py
[4.418s] -- Symlinking: /root/ros2_code/humble/tc_ros2_urdf/install/my_box_bot_gazebo/share/ament_index/resource_index/package_run_dependencies/my_box_bot_gazebo
[4.425s] -- Symlinking: /root/ros2_code/humble/tc_ros2_urdf/install/my_box_bot_gazebo/share/ament_index/resource_index/parent_prefix_path/my_box_bot_gazebo
[4.432s] -- Symlinking: /root/ros2_code/humble/tc_ros2_urdf/install/my_box_bot_gazebo/share/my_box_bot_gazebo/environment/ament_prefix_path.sh
[4.439s] -- Symlinking: /root/ros2_code/humble/tc_ros2_urdf/install/my_box_bot_gazebo/share/my_box_bot_gazebo/environment/ament_prefix_path.dsv
[4.449s] -- Symlinking: /root/ros2_code/humble/tc_ros2_urdf/install/my_box_bot_gazebo/share/my_box_bot_gazebo/environment/path.sh
[4.471s] -- Symlinking: /root/ros2_code/humble/tc_ros2_urdf/install/my_box_bot_gazebo/share/my_box_bot_gazebo/environment/path.dsv
[4.481s] -- Symlinking: /root/ros2_code/humble/tc_ros2_urdf/install/my_box_bot_gazebo/share/my_box_bot_gazebo/local_setup.bash
[4.489s] -- Symlinking: /root/ros2_code/humble/tc_ros2_urdf/install/my_box_bot_gazebo/share/my_box_bot_gazebo/local_setup.sh
[4.506s] -- Symlinking: /root/ros2_code/humble/tc_ros2_urdf/install/my_box_bot_gazebo/share/my_box_bot_gazebo/local_setup.zsh
[4.522s] -- Symlinking: /root/ros2_code/humble/tc_ros2_urdf/install/my_box_bot_gazebo/share/my_box_bot_gazebo/local_setup.dsv
[4.551s] -- Symlinking: /root/ros2_code/humble/tc_ros2_urdf/install/my_box_bot_gazebo/share/my_box_bot_gazebo/package.dsv
[4.569s] -- Symlinking: /root/ros2_code/humble/tc_ros2_urdf/install/my_box_bot_gazebo/share/ament_index/resource_index/packages/my_box_bot_gazebo
[4.579s] -- Symlinking: /root/ros2_code/humble/tc_ros2_urdf/install/my_box_bot_gazebo/share/my_box_bot_gazebo/cmake/my_box_bot_gazeboConfig.cmake
[4.588s] -- Symlinking: /root/ros2_code/humble/tc_ros2_urdf/install/my_box_bot_gazebo/share/my_box_bot_gazebo/cmake/my_box_bot_gazeboConfig-version.cmake
[4.597s] -- Symlinking: /root/ros2_code/humble/tc_ros2_urdf/install/my_box_bot_gazebo/share/my_box_bot_gazebo/package.xml
[4.619s] Invoked command in '/root/ros2_code/humble/tc_ros2_urdf/build/my_box_bot_gazebo' returned '0': AMENT_PREFIX_PATH=/root/ros2_code/humble/tc_ros2_urdf/install/my_box_bot_description:${AMENT_PREFIX_PATH} CMAKE_PREFIX_PATH=/root/ros2_code/humble/tc_ros2_urdf/install/my_box_bot_description:/root/cyglidar_ws/install/cyglidar_d1_ros2:/root/dai_ws/install/depthai-ros:/root/dai_ws/install/depthai_ros_driver:/root/dai_ws/install/depthai_filters:/root/dai_ws/install/depthai_examples:/root/dai_ws/install/depthai_bridge:/root/dai_ws/install/depthai_ros_msgs:/root/dai_ws/install/depthai_descriptions:/root/ros2_code/humble/learning/install/articubot_one:/root/ros2_code/humble/frc9202/install/yolov8_msgs:/root/ros2_code/humble/frc9202/install/yolo_recognition:/root/ros2_code/humble/frc9202/install/gazebo_setup_pkg:/root/ros2_code/humble/surround_view_ros/install/omni_robot_description:/root/ros2_code/humble/surround_view_ros/install/omni_control:/root/ros2_code/humble/surround_view_ros/install/gazebo_simulation:/root/ros2_code/humble/learning/install/ball_tracker:/opt/ros/humble /usr/bin/cmake --install /root/ros2_code/humble/tc_ros2_urdf/build/my_box_bot_gazebo
