[0.345s] Invoking command in '/root/ros2_code/humble/ros_bot/src/build/husarion_office_gz': CMAKE_PREFIX_PATH=${CMAKE_PREFIX_PATH}:/root/ros2_code/humble/ros_bot/install/tutorial_pkg:/root/ros2_code/humble/ros_bot/install/rosbot_utils:/root/ros2_code/humble/ros_bot/install/rosbot_gazebo:/root/ros2_code/humble/ros_bot/install/rosbot_bringup:/root/ros2_code/humble/ros_bot/install/rosbot_controller:/root/ros2_code/humble/vision/install/path_planner_pkg:/root/ros2_code/humble/vision/install/nav2_api_pkg:/root/ros2_code/humble/vision/install/joystick_pkg:/root/ros2_code/humble/vision/install/cartographer_pkg:/root/ros2_code/humble/nav2class/install/autonomous_tb3:/root/ros2_code/humble/simulations/install/path_planner_server:/root/ros2_code/humble/simulations/install/map_server:/root/ros2_code/humble/simulations/install/localization_server:/opt/ros/humble /usr/bin/cmake /root/ros2_code/humble/ros_bot/src/husarion_office_gz -DCMAKE_INSTALL_PREFIX=/root/ros2_code/humble/ros_bot/src/install/husarion_office_gz
[0.715s] -- The C compiler identification is GNU 11.4.0
[0.715s] -- The CXX compiler identification is GNU 11.4.0
[0.715s] -- Detecting C compiler ABI info
[0.715s] -- Detecting C compiler ABI info - done
[0.715s] -- Check for working C compiler: /usr/bin/cc - skipped
[0.715s] -- Detecting C compile features
[0.715s] -- Detecting C compile features - done
[0.715s] -- Detecting CXX compiler ABI info
[0.715s] -- Detecting CXX compiler ABI info - done
[0.715s] -- Check for working CXX compiler: /usr/bin/c++ - skipped
[0.715s] -- Detecting CXX compile features
[0.716s] -- Detecting CXX compile features - done
[0.716s] -- Found ament_cmake: 1.3.6 (/opt/ros/humble/share/ament_cmake/cmake)
[0.828s] -- Found Python3: /usr/bin/python3.10 (found version "3.10.12") found components: Interpreter 
[1.002s] -- Found rclcpp: 16.0.7 (/opt/ros/humble/share/rclcpp/cmake)
[1.117s] -- Found rosidl_generator_c: 3.1.5 (/opt/ros/humble/share/rosidl_generator_c/cmake)
[1.133s] -- Found rosidl_adapter: 3.1.5 (/opt/ros/humble/share/rosidl_adapter/cmake)
[1.153s] -- Found rosidl_generator_cpp: 3.1.5 (/opt/ros/humble/share/rosidl_generator_cpp/cmake)
[1.177s] -- Using all available rosidl_typesupport_c: rosidl_typesupport_fastrtps_c;rosidl_typesupport_introspection_c
[1.212s] -- Using all available rosidl_typesupport_cpp: rosidl_typesupport_fastrtps_cpp;rosidl_typesupport_introspection_cpp
[1.340s] -- Found rmw_implementation_cmake: 6.1.1 (/opt/ros/humble/share/rmw_implementation_cmake/cmake)
[1.348s] -- Found rmw_cyclonedds_cpp: 1.3.4 (/opt/ros/humble/share/rmw_cyclonedds_cpp/cmake)
[1.403s] -- Using RMW implementation 'rmw_cyclonedds_cpp' as default
[1.430s] -- Looking for pthread.h
[1.514s] -- Looking for pthread.h - found
[1.514s] -- Performing Test CMAKE_HAVE_LIBC_PTHREAD
[1.593s] -- Performing Test CMAKE_HAVE_LIBC_PTHREAD - Success
[1.594s] -- Found Threads: TRUE  
[1.797s] -- Configuring done
[1.802s] -- Generating done
[1.803s] -- Build files have been written to: /root/ros2_code/humble/ros_bot/src/build/husarion_office_gz
[1.997s] Invoked command in '/root/ros2_code/humble/ros_bot/src/build/husarion_office_gz' returned '0': CMAKE_PREFIX_PATH=${CMAKE_PREFIX_PATH}:/root/ros2_code/humble/ros_bot/install/tutorial_pkg:/root/ros2_code/humble/ros_bot/install/rosbot_utils:/root/ros2_code/humble/ros_bot/install/rosbot_gazebo:/root/ros2_code/humble/ros_bot/install/rosbot_bringup:/root/ros2_code/humble/ros_bot/install/rosbot_controller:/root/ros2_code/humble/vision/install/path_planner_pkg:/root/ros2_code/humble/vision/install/nav2_api_pkg:/root/ros2_code/humble/vision/install/joystick_pkg:/root/ros2_code/humble/vision/install/cartographer_pkg:/root/ros2_code/humble/nav2class/install/autonomous_tb3:/root/ros2_code/humble/simulations/install/path_planner_server:/root/ros2_code/humble/simulations/install/map_server:/root/ros2_code/humble/simulations/install/localization_server:/opt/ros/humble /usr/bin/cmake /root/ros2_code/humble/ros_bot/src/husarion_office_gz -DCMAKE_INSTALL_PREFIX=/root/ros2_code/humble/ros_bot/src/install/husarion_office_gz
[1.998s] Invoking command in '/root/ros2_code/humble/ros_bot/src/build/husarion_office_gz': CMAKE_PREFIX_PATH=${CMAKE_PREFIX_PATH}:/root/ros2_code/humble/ros_bot/install/tutorial_pkg:/root/ros2_code/humble/ros_bot/install/rosbot_utils:/root/ros2_code/humble/ros_bot/install/rosbot_gazebo:/root/ros2_code/humble/ros_bot/install/rosbot_bringup:/root/ros2_code/humble/ros_bot/install/rosbot_controller:/root/ros2_code/humble/vision/install/path_planner_pkg:/root/ros2_code/humble/vision/install/nav2_api_pkg:/root/ros2_code/humble/vision/install/joystick_pkg:/root/ros2_code/humble/vision/install/cartographer_pkg:/root/ros2_code/humble/nav2class/install/autonomous_tb3:/root/ros2_code/humble/simulations/install/path_planner_server:/root/ros2_code/humble/simulations/install/map_server:/root/ros2_code/humble/simulations/install/localization_server:/opt/ros/humble /usr/bin/cmake --build /root/ros2_code/humble/ros_bot/src/build/husarion_office_gz -- -j12 -l12
[2.045s] Invoked command in '/root/ros2_code/humble/ros_bot/src/build/husarion_office_gz' returned '0': CMAKE_PREFIX_PATH=${CMAKE_PREFIX_PATH}:/root/ros2_code/humble/ros_bot/install/tutorial_pkg:/root/ros2_code/humble/ros_bot/install/rosbot_utils:/root/ros2_code/humble/ros_bot/install/rosbot_gazebo:/root/ros2_code/humble/ros_bot/install/rosbot_bringup:/root/ros2_code/humble/ros_bot/install/rosbot_controller:/root/ros2_code/humble/vision/install/path_planner_pkg:/root/ros2_code/humble/vision/install/nav2_api_pkg:/root/ros2_code/humble/vision/install/joystick_pkg:/root/ros2_code/humble/vision/install/cartographer_pkg:/root/ros2_code/humble/nav2class/install/autonomous_tb3:/root/ros2_code/humble/simulations/install/path_planner_server:/root/ros2_code/humble/simulations/install/map_server:/root/ros2_code/humble/simulations/install/localization_server:/opt/ros/humble /usr/bin/cmake --build /root/ros2_code/humble/ros_bot/src/build/husarion_office_gz -- -j12 -l12
[2.072s] Invoking command in '/root/ros2_code/humble/ros_bot/src/build/husarion_office_gz': CMAKE_PREFIX_PATH=${CMAKE_PREFIX_PATH}:/root/ros2_code/humble/ros_bot/install/tutorial_pkg:/root/ros2_code/humble/ros_bot/install/rosbot_utils:/root/ros2_code/humble/ros_bot/install/rosbot_gazebo:/root/ros2_code/humble/ros_bot/install/rosbot_bringup:/root/ros2_code/humble/ros_bot/install/rosbot_controller:/root/ros2_code/humble/vision/install/path_planner_pkg:/root/ros2_code/humble/vision/install/nav2_api_pkg:/root/ros2_code/humble/vision/install/joystick_pkg:/root/ros2_code/humble/vision/install/cartographer_pkg:/root/ros2_code/humble/nav2class/install/autonomous_tb3:/root/ros2_code/humble/simulations/install/path_planner_server:/root/ros2_code/humble/simulations/install/map_server:/root/ros2_code/humble/simulations/install/localization_server:/opt/ros/humble /usr/bin/cmake --install /root/ros2_code/humble/ros_bot/src/build/husarion_office_gz
[2.080s] -- Install configuration: ""
[2.080s] -- Installing: /root/ros2_code/humble/ros_bot/src/install/husarion_office_gz/share/husarion_office_gz
[2.081s] -- Installing: /root/ros2_code/humble/ros_bot/src/install/husarion_office_gz/share/husarion_office_gz/husarion_office_world.launch.py
[2.081s] -- Installing: /root/ros2_code/humble/ros_bot/src/install/husarion_office_gz/share/husarion_office_gz/worlds/
[2.081s] -- Installing: /root/ros2_code/humble/ros_bot/src/install/husarion_office_gz/share/husarion_office_gz/worlds//husarion_world.sdf
[2.081s] -- Installing: /root/ros2_code/humble/ros_bot/src/install/husarion_office_gz/share/husarion_office_gz/worlds//husarion_office.world
[2.081s] -- Installing: /root/ros2_code/humble/ros_bot/src/install/husarion_office_gz/share/husarion_office_gz/worlds//meshes
[2.081s] -- Installing: /root/ros2_code/humble/ros_bot/src/install/husarion_office_gz/share/husarion_office_gz/worlds//meshes/husarion_world.dae
[2.082s] -- Installing: /root/ros2_code/humble/ros_bot/src/install/husarion_office_gz/share/husarion_office_gz/worlds//nav2_maps
[2.082s] -- Installing: /root/ros2_code/humble/ros_bot/src/install/husarion_office_gz/share/husarion_office_gz/worlds//nav2_maps/office_map.yaml
[2.082s] -- Installing: /root/ros2_code/humble/ros_bot/src/install/husarion_office_gz/share/husarion_office_gz/worlds//nav2_maps/office_map.png
[2.082s] -- Installing: /root/ros2_code/humble/ros_bot/src/install/husarion_office_gz/share/husarion_office_gz/worlds//models
[2.082s] -- Installing: /root/ros2_code/humble/ros_bot/src/install/husarion_office_gz/share/husarion_office_gz/worlds//models/pradnicka_office_L1
[2.082s] -- Installing: /root/ros2_code/humble/ros_bot/src/install/husarion_office_gz/share/husarion_office_gz/worlds//models/pradnicka_office_L1/model.config
[2.082s] -- Installing: /root/ros2_code/humble/ros_bot/src/install/husarion_office_gz/share/husarion_office_gz/worlds//models/pradnicka_office_L1/meshes
[2.083s] -- Installing: /root/ros2_code/humble/ros_bot/src/install/husarion_office_gz/share/husarion_office_gz/worlds//models/pradnicka_office_L1/meshes/floor_1.mtl
[2.083s] -- Installing: /root/ros2_code/humble/ros_bot/src/install/husarion_office_gz/share/husarion_office_gz/worlds//models/pradnicka_office_L1/meshes/floor_12.mtl
[2.083s] -- Installing: /root/ros2_code/humble/ros_bot/src/install/husarion_office_gz/share/husarion_office_gz/worlds//models/pradnicka_office_L1/meshes/floor_11.obj
[2.083s] -- Installing: /root/ros2_code/humble/ros_bot/src/install/husarion_office_gz/share/husarion_office_gz/worlds//models/pradnicka_office_L1/meshes/floor_6.obj
[2.083s] -- Installing: /root/ros2_code/humble/ros_bot/src/install/husarion_office_gz/share/husarion_office_gz/worlds//models/pradnicka_office_L1/meshes/floor_1.obj
[2.083s] -- Installing: /root/ros2_code/humble/ros_bot/src/install/husarion_office_gz/share/husarion_office_gz/worlds//models/pradnicka_office_L1/meshes/wall_2.mtl
[2.084s] -- Installing: /root/ros2_code/humble/ros_bot/src/install/husarion_office_gz/share/husarion_office_gz/worlds//models/pradnicka_office_L1/meshes/floor_7.obj
[2.084s] -- Installing: /root/ros2_code/humble/ros_bot/src/install/husarion_office_gz/share/husarion_office_gz/worlds//models/pradnicka_office_L1/meshes/floor_2.obj
[2.084s] -- Installing: /root/ros2_code/humble/ros_bot/src/install/husarion_office_gz/share/husarion_office_gz/worlds//models/pradnicka_office_L1/meshes/floor_4.obj
[2.084s] -- Installing: /root/ros2_code/humble/ros_bot/src/install/husarion_office_gz/share/husarion_office_gz/worlds//models/pradnicka_office_L1/meshes/floor_10.obj
[2.084s] -- Installing: /root/ros2_code/humble/ros_bot/src/install/husarion_office_gz/share/husarion_office_gz/worlds//models/pradnicka_office_L1/meshes/floor_8.mtl
[2.084s] -- Installing: /root/ros2_code/humble/ros_bot/src/install/husarion_office_gz/share/husarion_office_gz/worlds//models/pradnicka_office_L1/meshes/wall_1.mtl
[2.085s] -- Installing: /root/ros2_code/humble/ros_bot/src/install/husarion_office_gz/share/husarion_office_gz/worlds//models/pradnicka_office_L1/meshes/wood1.png
[2.085s] -- Installing: /root/ros2_code/humble/ros_bot/src/install/husarion_office_gz/share/husarion_office_gz/worlds//models/pradnicka_office_L1/meshes/floor_6.mtl
[2.085s] -- Installing: /root/ros2_code/humble/ros_bot/src/install/husarion_office_gz/share/husarion_office_gz/worlds//models/pradnicka_office_L1/meshes/white_wall.png
[2.086s] -- Installing: /root/ros2_code/humble/ros_bot/src/install/husarion_office_gz/share/husarion_office_gz/worlds//models/pradnicka_office_L1/meshes/floor_14.obj
[2.086s] -- Installing: /root/ros2_code/humble/ros_bot/src/install/husarion_office_gz/share/husarion_office_gz/worlds//models/pradnicka_office_L1/meshes/floor_10.mtl
[2.086s] -- Installing: /root/ros2_code/humble/ros_bot/src/install/husarion_office_gz/share/husarion_office_gz/worlds//models/pradnicka_office_L1/meshes/wood2.png
[2.087s] -- Installing: /root/ros2_code/humble/ros_bot/src/install/husarion_office_gz/share/husarion_office_gz/worlds//models/pradnicka_office_L1/meshes/floor_8.obj
[2.087s] -- Installing: /root/ros2_code/humble/ros_bot/src/install/husarion_office_gz/share/husarion_office_gz/worlds//models/pradnicka_office_L1/meshes/floor_2.mtl
[2.087s] -- Installing: /root/ros2_code/humble/ros_bot/src/install/husarion_office_gz/share/husarion_office_gz/worlds//models/pradnicka_office_L1/meshes/wall_1.obj
[2.087s] -- Installing: /root/ros2_code/humble/ros_bot/src/install/husarion_office_gz/share/husarion_office_gz/worlds//models/pradnicka_office_L1/meshes/floor_4.mtl
[2.088s] -- Installing: /root/ros2_code/humble/ros_bot/src/install/husarion_office_gz/share/husarion_office_gz/worlds//models/pradnicka_office_L1/meshes/floor_12.obj
[2.088s] -- Installing: /root/ros2_code/humble/ros_bot/src/install/husarion_office_gz/share/husarion_office_gz/worlds//models/pradnicka_office_L1/meshes/white_carpet.png
[2.091s] -- Installing: /root/ros2_code/humble/ros_bot/src/install/husarion_office_gz/share/husarion_office_gz/worlds//models/pradnicka_office_L1/meshes/floor_9.obj
[2.091s] -- Installing: /root/ros2_code/humble/ros_bot/src/install/husarion_office_gz/share/husarion_office_gz/worlds//models/pradnicka_office_L1/meshes/floor_5.mtl
[2.092s] -- Installing: /root/ros2_code/humble/ros_bot/src/install/husarion_office_gz/share/husarion_office_gz/worlds//models/pradnicka_office_L1/meshes/model.material
[2.092s] -- Installing: /root/ros2_code/humble/ros_bot/src/install/husarion_office_gz/share/husarion_office_gz/worlds//models/pradnicka_office_L1/meshes/floor_14.mtl
[2.092s] -- Installing: /root/ros2_code/humble/ros_bot/src/install/husarion_office_gz/share/husarion_office_gz/worlds//models/pradnicka_office_L1/meshes/floor_5.obj
[2.092s] -- Installing: /root/ros2_code/humble/ros_bot/src/install/husarion_office_gz/share/husarion_office_gz/worlds//models/pradnicka_office_L1/meshes/floor_11.mtl
[2.092s] -- Installing: /root/ros2_code/humble/ros_bot/src/install/husarion_office_gz/share/husarion_office_gz/worlds//models/pradnicka_office_L1/meshes/floor_7.mtl
[2.092s] -- Installing: /root/ros2_code/humble/ros_bot/src/install/husarion_office_gz/share/husarion_office_gz/worlds//models/pradnicka_office_L1/meshes/floor_13.mtl
[2.092s] -- Installing: /root/ros2_code/humble/ros_bot/src/install/husarion_office_gz/share/husarion_office_gz/worlds//models/pradnicka_office_L1/meshes/white_tiles.png
[2.093s] -- Installing: /root/ros2_code/humble/ros_bot/src/install/husarion_office_gz/share/husarion_office_gz/worlds//models/pradnicka_office_L1/meshes/floor_13.obj
[2.093s] -- Installing: /root/ros2_code/humble/ros_bot/src/install/husarion_office_gz/share/husarion_office_gz/worlds//models/pradnicka_office_L1/meshes/floor_3.mtl
[2.093s] -- Installing: /root/ros2_code/humble/ros_bot/src/install/husarion_office_gz/share/husarion_office_gz/worlds//models/pradnicka_office_L1/meshes/floor_3.obj
[2.093s] -- Installing: /root/ros2_code/humble/ros_bot/src/install/husarion_office_gz/share/husarion_office_gz/worlds//models/pradnicka_office_L1/meshes/floor_9.mtl
[2.093s] -- Installing: /root/ros2_code/humble/ros_bot/src/install/husarion_office_gz/share/husarion_office_gz/worlds//models/pradnicka_office_L1/meshes/black_concrete.png
[2.094s] -- Installing: /root/ros2_code/humble/ros_bot/src/install/husarion_office_gz/share/husarion_office_gz/worlds//models/pradnicka_office_L1/meshes/wall_2.obj
[2.094s] -- Installing: /root/ros2_code/humble/ros_bot/src/install/husarion_office_gz/share/husarion_office_gz/worlds//models/pradnicka_office_L1/model.sdf
[2.094s] -- Installing: /root/ros2_code/humble/ros_bot/src/install/husarion_office_gz/share/husarion_office_gz/worlds//models/DeskChair
[2.094s] -- Installing: /root/ros2_code/humble/ros_bot/src/install/husarion_office_gz/share/husarion_office_gz/worlds//models/DeskChair/thumbnails
[2.094s] -- Installing: /root/ros2_code/humble/ros_bot/src/install/husarion_office_gz/share/husarion_office_gz/worlds//models/DeskChair/thumbnails/4.png
[2.095s] -- Installing: /root/ros2_code/humble/ros_bot/src/install/husarion_office_gz/share/husarion_office_gz/worlds//models/DeskChair/thumbnails/3.png
[2.095s] -- Installing: /root/ros2_code/humble/ros_bot/src/install/husarion_office_gz/share/husarion_office_gz/worlds//models/DeskChair/thumbnails/2.png
[2.095s] -- Installing: /root/ros2_code/humble/ros_bot/src/install/husarion_office_gz/share/husarion_office_gz/worlds//models/DeskChair/thumbnails/1.png
[2.095s] -- Installing: /root/ros2_code/humble/ros_bot/src/install/husarion_office_gz/share/husarion_office_gz/worlds//models/DeskChair/thumbnails/5.png
[2.095s] -- Installing: /root/ros2_code/humble/ros_bot/src/install/husarion_office_gz/share/husarion_office_gz/worlds//models/DeskChair/model.config
[2.096s] -- Installing: /root/ros2_code/humble/ros_bot/src/install/husarion_office_gz/share/husarion_office_gz/worlds//models/DeskChair/meshes
[2.096s] -- Installing: /root/ros2_code/humble/ros_bot/src/install/husarion_office_gz/share/husarion_office_gz/worlds//models/DeskChair/meshes/DeskChair.obj
[2.096s] -- Installing: /root/ros2_code/humble/ros_bot/src/install/husarion_office_gz/share/husarion_office_gz/worlds//models/DeskChair/meshes/DeskChair.mtl
[2.096s] -- Installing: /root/ros2_code/humble/ros_bot/src/install/husarion_office_gz/share/husarion_office_gz/worlds//models/DeskChair/materials
[2.096s] -- Installing: /root/ros2_code/humble/ros_bot/src/install/husarion_office_gz/share/husarion_office_gz/worlds//models/DeskChair/materials/textures
[2.096s] -- Installing: /root/ros2_code/humble/ros_bot/src/install/husarion_office_gz/share/husarion_office_gz/worlds//models/DeskChair/materials/textures/DeskChair.png
[2.100s] -- Installing: /root/ros2_code/humble/ros_bot/src/install/husarion_office_gz/share/husarion_office_gz/worlds//models/DeskChair/model.sdf
[2.100s] -- Installing: /root/ros2_code/humble/ros_bot/src/install/husarion_office_gz/share/husarion_office_gz/worlds//models/rosbot
[2.100s] -- Installing: /root/ros2_code/humble/ros_bot/src/install/husarion_office_gz/share/husarion_office_gz/worlds//models/rosbot/model.config
[2.101s] -- Installing: /root/ros2_code/humble/ros_bot/src/install/husarion_office_gz/share/husarion_office_gz/worlds//models/rosbot/meshes
[2.101s] -- Installing: /root/ros2_code/humble/ros_bot/src/install/husarion_office_gz/share/husarion_office_gz/worlds//models/rosbot/meshes/upper.dae
[2.101s] -- Installing: /root/ros2_code/humble/ros_bot/src/install/husarion_office_gz/share/husarion_office_gz/worlds//models/rosbot/meshes/wheel-v2.stl
[2.105s] -- Installing: /root/ros2_code/humble/ros_bot/src/install/husarion_office_gz/share/husarion_office_gz/worlds//models/rosbot/meshes/box.dae
[2.107s] -- Installing: /root/ros2_code/humble/ros_bot/src/install/husarion_office_gz/share/husarion_office_gz/worlds//models/rosbot/meshes/astra.dae
[2.107s] -- Installing: /root/ros2_code/humble/ros_bot/src/install/husarion_office_gz/share/husarion_office_gz/worlds//models/rosbot/meshes/wheel.dae
[2.108s] -- Installing: /root/ros2_code/humble/ros_bot/src/install/husarion_office_gz/share/husarion_office_gz/worlds//models/rosbot/meshes/rplidar.dae
[2.108s] -- Installing: /root/ros2_code/humble/ros_bot/src/install/husarion_office_gz/share/husarion_office_gz/worlds//models/rosbot/model.sdf
[2.108s] -- Installing: /root/ros2_code/humble/ros_bot/src/install/husarion_office_gz/share/husarion_office_gz/worlds//models/Table
[2.108s] -- Installing: /root/ros2_code/humble/ros_bot/src/install/husarion_office_gz/share/husarion_office_gz/worlds//models/Table/Table_Diffuse.jpg
[2.109s] -- Installing: /root/ros2_code/humble/ros_bot/src/install/husarion_office_gz/share/husarion_office_gz/worlds//models/Table/thumbnails
[2.109s] -- Installing: /root/ros2_code/humble/ros_bot/src/install/husarion_office_gz/share/husarion_office_gz/worlds//models/Table/thumbnails/4.png
[2.110s] -- Installing: /root/ros2_code/humble/ros_bot/src/install/husarion_office_gz/share/husarion_office_gz/worlds//models/Table/thumbnails/3.png
[2.110s] -- Installing: /root/ros2_code/humble/ros_bot/src/install/husarion_office_gz/share/husarion_office_gz/worlds//models/Table/thumbnails/2.png
[2.110s] -- Installing: /root/ros2_code/humble/ros_bot/src/install/husarion_office_gz/share/husarion_office_gz/worlds//models/Table/thumbnails/1.png
[2.110s] -- Installing: /root/ros2_code/humble/ros_bot/src/install/husarion_office_gz/share/husarion_office_gz/worlds//models/Table/thumbnails/5.png
[2.110s] -- Installing: /root/ros2_code/humble/ros_bot/src/install/husarion_office_gz/share/husarion_office_gz/worlds//models/Table/model-1_3.sdf
[2.111s] -- Installing: /root/ros2_code/humble/ros_bot/src/install/husarion_office_gz/share/husarion_office_gz/worlds//models/Table/model.config
[2.111s] -- Installing: /root/ros2_code/humble/ros_bot/src/install/husarion_office_gz/share/husarion_office_gz/worlds//models/Table/model-1_2.sdf
[2.111s] -- Installing: /root/ros2_code/humble/ros_bot/src/install/husarion_office_gz/share/husarion_office_gz/worlds//models/Table/model-1_4.sdf
[2.111s] -- Installing: /root/ros2_code/humble/ros_bot/src/install/husarion_office_gz/share/husarion_office_gz/worlds//models/Table/model.sdf
[2.111s] -- Installing: /root/ros2_code/humble/ros_bot/src/install/husarion_office_gz/share/husarion_office_gz/worlds//models/WhiteCabinet
[2.111s] -- Installing: /root/ros2_code/humble/ros_bot/src/install/husarion_office_gz/share/husarion_office_gz/worlds//models/WhiteCabinet/thumbnails
[2.111s] -- Installing: /root/ros2_code/humble/ros_bot/src/install/husarion_office_gz/share/husarion_office_gz/worlds//models/WhiteCabinet/thumbnails/4.png
[2.112s] -- Installing: /root/ros2_code/humble/ros_bot/src/install/husarion_office_gz/share/husarion_office_gz/worlds//models/WhiteCabinet/thumbnails/3.png
[2.112s] -- Installing: /root/ros2_code/humble/ros_bot/src/install/husarion_office_gz/share/husarion_office_gz/worlds//models/WhiteCabinet/thumbnails/2.png
[2.112s] -- Installing: /root/ros2_code/humble/ros_bot/src/install/husarion_office_gz/share/husarion_office_gz/worlds//models/WhiteCabinet/thumbnails/1.png
[2.112s] -- Installing: /root/ros2_code/humble/ros_bot/src/install/husarion_office_gz/share/husarion_office_gz/worlds//models/WhiteCabinet/thumbnails/5.png
[2.112s] -- Installing: /root/ros2_code/humble/ros_bot/src/install/husarion_office_gz/share/husarion_office_gz/worlds//models/WhiteCabinet/model.config
[2.112s] -- Installing: /root/ros2_code/humble/ros_bot/src/install/husarion_office_gz/share/husarion_office_gz/worlds//models/WhiteCabinet/meshes
[2.113s] -- Installing: /root/ros2_code/humble/ros_bot/src/install/husarion_office_gz/share/husarion_office_gz/worlds//models/WhiteCabinet/meshes/WhiteCabinet.mtl
[2.113s] -- Installing: /root/ros2_code/humble/ros_bot/src/install/husarion_office_gz/share/husarion_office_gz/worlds//models/WhiteCabinet/meshes/WhiteCabinet.obj
[2.113s] -- Installing: /root/ros2_code/humble/ros_bot/src/install/husarion_office_gz/share/husarion_office_gz/worlds//models/WhiteCabinet/meshes/WhiteCabinet.png
[2.113s] -- Installing: /root/ros2_code/humble/ros_bot/src/install/husarion_office_gz/share/husarion_office_gz/worlds//models/WhiteCabinet/model.sdf
[2.113s] -- Installing: /root/ros2_code/humble/ros_bot/src/install/husarion_office_gz/share/husarion_office_gz/worlds//models/Tv
[2.113s] -- Installing: /root/ros2_code/humble/ros_bot/src/install/husarion_office_gz/share/husarion_office_gz/worlds//models/Tv/model.config
[2.114s] -- Installing: /root/ros2_code/humble/ros_bot/src/install/husarion_office_gz/share/husarion_office_gz/worlds//models/Tv/meshes
[2.114s] -- Installing: /root/ros2_code/humble/ros_bot/src/install/husarion_office_gz/share/husarion_office_gz/worlds//models/Tv/meshes/tv.stl
[2.114s] -- Installing: /root/ros2_code/humble/ros_bot/src/install/husarion_office_gz/share/husarion_office_gz/worlds//models/Tv/model.sdf
[2.114s] -- Installing: /root/ros2_code/humble/ros_bot/src/install/husarion_office_gz/share/husarion_office_gz/worlds//models/OfficeChairBlack
[2.115s] -- Installing: /root/ros2_code/humble/ros_bot/src/install/husarion_office_gz/share/husarion_office_gz/worlds//models/OfficeChairBlack/thumbnails
[2.115s] -- Installing: /root/ros2_code/humble/ros_bot/src/install/husarion_office_gz/share/husarion_office_gz/worlds//models/OfficeChairBlack/thumbnails/meta
[2.115s] -- Installing: /root/ros2_code/humble/ros_bot/src/install/husarion_office_gz/share/husarion_office_gz/worlds//models/OfficeChairBlack/thumbnails/meta/4.png
[2.115s] -- Installing: /root/ros2_code/humble/ros_bot/src/install/husarion_office_gz/share/husarion_office_gz/worlds//models/OfficeChairBlack/thumbnails/meta/3.png
[2.115s] -- Installing: /root/ros2_code/humble/ros_bot/src/install/husarion_office_gz/share/husarion_office_gz/worlds//models/OfficeChairBlack/thumbnails/meta/2.png
[2.115s] -- Installing: /root/ros2_code/humble/ros_bot/src/install/husarion_office_gz/share/husarion_office_gz/worlds//models/OfficeChairBlack/thumbnails/meta/1.png
[2.116s] -- Installing: /root/ros2_code/humble/ros_bot/src/install/husarion_office_gz/share/husarion_office_gz/worlds//models/OfficeChairBlack/thumbnails/meta/5.png
[2.116s] -- Installing: /root/ros2_code/humble/ros_bot/src/install/husarion_office_gz/share/husarion_office_gz/worlds//models/OfficeChairBlack/thumbnails/4.png
[2.116s] -- Installing: /root/ros2_code/humble/ros_bot/src/install/husarion_office_gz/share/husarion_office_gz/worlds//models/OfficeChairBlack/thumbnails/3.png
[2.116s] -- Installing: /root/ros2_code/humble/ros_bot/src/install/husarion_office_gz/share/husarion_office_gz/worlds//models/OfficeChairBlack/thumbnails/2.png
[2.116s] -- Installing: /root/ros2_code/humble/ros_bot/src/install/husarion_office_gz/share/husarion_office_gz/worlds//models/OfficeChairBlack/thumbnails/1.png
[2.117s] -- Installing: /root/ros2_code/humble/ros_bot/src/install/husarion_office_gz/share/husarion_office_gz/worlds//models/OfficeChairBlack/thumbnails/5.png
[2.117s] -- Installing: /root/ros2_code/humble/ros_bot/src/install/husarion_office_gz/share/husarion_office_gz/worlds//models/OfficeChairBlack/model.config
[2.117s] -- Installing: /root/ros2_code/humble/ros_bot/src/install/husarion_office_gz/share/husarion_office_gz/worlds//models/OfficeChairBlack/meshes
[2.117s] -- Installing: /root/ros2_code/humble/ros_bot/src/install/husarion_office_gz/share/husarion_office_gz/worlds//models/OfficeChairBlack/meshes/OfficeChairBlack.obj
[2.117s] -- Installing: /root/ros2_code/humble/ros_bot/src/install/husarion_office_gz/share/husarion_office_gz/worlds//models/OfficeChairBlack/meshes/OfficeChairBlack.mtl
[2.117s] -- Installing: /root/ros2_code/humble/ros_bot/src/install/husarion_office_gz/share/husarion_office_gz/worlds//models/OfficeChairBlack/meshes/OfficeChairBlack_Col.mtl
[2.118s] -- Installing: /root/ros2_code/humble/ros_bot/src/install/husarion_office_gz/share/husarion_office_gz/worlds//models/OfficeChairBlack/meshes/OfficeChairBlack.png
[2.118s] -- Installing: /root/ros2_code/humble/ros_bot/src/install/husarion_office_gz/share/husarion_office_gz/worlds//models/OfficeChairBlack/meshes/OfficeChairBlack_Col.obj
[2.118s] -- Installing: /root/ros2_code/humble/ros_bot/src/install/husarion_office_gz/share/husarion_office_gz/worlds//models/OfficeChairBlack/model.sdf
[2.118s] -- Installing: /root/ros2_code/humble/ros_bot/src/install/husarion_office_gz/share/husarion_office_gz/worlds//models/Fridge
[2.119s] -- Installing: /root/ros2_code/humble/ros_bot/src/install/husarion_office_gz/share/husarion_office_gz/worlds//models/Fridge/thumbnails
[2.119s] -- Installing: /root/ros2_code/humble/ros_bot/src/install/husarion_office_gz/share/husarion_office_gz/worlds//models/Fridge/thumbnails/4.png
[2.119s] -- Installing: /root/ros2_code/humble/ros_bot/src/install/husarion_office_gz/share/husarion_office_gz/worlds//models/Fridge/thumbnails/3.png
[2.119s] -- Installing: /root/ros2_code/humble/ros_bot/src/install/husarion_office_gz/share/husarion_office_gz/worlds//models/Fridge/thumbnails/2.png
[2.119s] -- Installing: /root/ros2_code/humble/ros_bot/src/install/husarion_office_gz/share/husarion_office_gz/worlds//models/Fridge/thumbnails/1.png
[2.119s] -- Installing: /root/ros2_code/humble/ros_bot/src/install/husarion_office_gz/share/husarion_office_gz/worlds//models/Fridge/thumbnails/5.png
[2.120s] -- Installing: /root/ros2_code/humble/ros_bot/src/install/husarion_office_gz/share/husarion_office_gz/worlds//models/Fridge/model.config
[2.120s] -- Installing: /root/ros2_code/humble/ros_bot/src/install/husarion_office_gz/share/husarion_office_gz/worlds//models/Fridge/meshes
[2.120s] -- Installing: /root/ros2_code/humble/ros_bot/src/install/husarion_office_gz/share/husarion_office_gz/worlds//models/Fridge/meshes/Fridge_Col.mtl
[2.120s] -- Installing: /root/ros2_code/humble/ros_bot/src/install/husarion_office_gz/share/husarion_office_gz/worlds//models/Fridge/meshes/Fridge_Col.obj
[2.120s] -- Installing: /root/ros2_code/humble/ros_bot/src/install/husarion_office_gz/share/husarion_office_gz/worlds//models/Fridge/meshes/Fridge.mtl
[2.120s] -- Installing: /root/ros2_code/humble/ros_bot/src/install/husarion_office_gz/share/husarion_office_gz/worlds//models/Fridge/meshes/Fridge.obj
[2.120s] -- Installing: /root/ros2_code/humble/ros_bot/src/install/husarion_office_gz/share/husarion_office_gz/worlds//models/Fridge/meshes/Fridge_Diffuse.png
[2.121s] -- Installing: /root/ros2_code/humble/ros_bot/src/install/husarion_office_gz/share/husarion_office_gz/worlds//models/Fridge/model.sdf
[2.121s] -- Installing: /root/ros2_code/humble/ros_bot/src/install/husarion_office_gz/share/husarion_office_gz/worlds//models/wood1.png
[2.122s] -- Installing: /root/ros2_code/humble/ros_bot/src/install/husarion_office_gz/share/husarion_office_gz/worlds//models/white_wall.png
[2.122s] -- Installing: /root/ros2_code/humble/ros_bot/src/install/husarion_office_gz/share/husarion_office_gz/worlds//models/Door
[2.122s] -- Installing: /root/ros2_code/humble/ros_bot/src/install/husarion_office_gz/share/husarion_office_gz/worlds//models/Door/model.config
[2.122s] -- Installing: /root/ros2_code/humble/ros_bot/src/install/husarion_office_gz/share/husarion_office_gz/worlds//models/Door/meshes
[2.123s] -- Installing: /root/ros2_code/humble/ros_bot/src/install/husarion_office_gz/share/husarion_office_gz/worlds//models/Door/meshes/door.stl
[2.131s] -- Installing: /root/ros2_code/humble/ros_bot/src/install/husarion_office_gz/share/husarion_office_gz/worlds//models/Door/model.sdf
[2.131s] -- Installing: /root/ros2_code/humble/ros_bot/src/install/husarion_office_gz/share/husarion_office_gz/worlds//models/ConfTable
[2.131s] -- Installing: /root/ros2_code/humble/ros_bot/src/install/husarion_office_gz/share/husarion_office_gz/worlds//models/ConfTable/model.config
[2.131s] -- Installing: /root/ros2_code/humble/ros_bot/src/install/husarion_office_gz/share/husarion_office_gz/worlds//models/ConfTable/meshes
[2.131s] -- Installing: /root/ros2_code/humble/ros_bot/src/install/husarion_office_gz/share/husarion_office_gz/worlds//models/ConfTable/meshes/ConfTable2.stl
[2.131s] -- Installing: /root/ros2_code/humble/ros_bot/src/install/husarion_office_gz/share/husarion_office_gz/worlds//models/ConfTable/model.sdf
[2.131s] -- Installing: /root/ros2_code/humble/ros_bot/src/install/husarion_office_gz/share/husarion_office_gz/worlds//models/wood2.png
[2.133s] -- Installing: /root/ros2_code/humble/ros_bot/src/install/husarion_office_gz/share/husarion_office_gz/worlds//models/WaterDispenser
[2.133s] -- Installing: /root/ros2_code/humble/ros_bot/src/install/husarion_office_gz/share/husarion_office_gz/worlds//models/WaterDispenser/model.config
[2.133s] -- Installing: /root/ros2_code/humble/ros_bot/src/install/husarion_office_gz/share/husarion_office_gz/worlds//models/WaterDispenser/meshes
[2.133s] -- Installing: /root/ros2_code/humble/ros_bot/src/install/husarion_office_gz/share/husarion_office_gz/worlds//models/WaterDispenser/meshes/WaterDispenser.dae
[2.139s] -- Installing: /root/ros2_code/humble/ros_bot/src/install/husarion_office_gz/share/husarion_office_gz/worlds//models/WaterDispenser/model.sdf
[2.140s] -- Installing: /root/ros2_code/humble/ros_bot/src/install/husarion_office_gz/share/husarion_office_gz/worlds//models/WoodenChair
[2.140s] -- Installing: /root/ros2_code/humble/ros_bot/src/install/husarion_office_gz/share/husarion_office_gz/worlds//models/WoodenChair/thumbnails
[2.140s] -- Installing: /root/ros2_code/humble/ros_bot/src/install/husarion_office_gz/share/husarion_office_gz/worlds//models/WoodenChair/thumbnails/4.png
[2.140s] -- Installing: /root/ros2_code/humble/ros_bot/src/install/husarion_office_gz/share/husarion_office_gz/worlds//models/WoodenChair/thumbnails/3.png
[2.140s] -- Installing: /root/ros2_code/humble/ros_bot/src/install/husarion_office_gz/share/husarion_office_gz/worlds//models/WoodenChair/thumbnails/2.png
[2.140s] -- Installing: /root/ros2_code/humble/ros_bot/src/install/husarion_office_gz/share/husarion_office_gz/worlds//models/WoodenChair/thumbnails/1.png
[2.140s] -- Installing: /root/ros2_code/humble/ros_bot/src/install/husarion_office_gz/share/husarion_office_gz/worlds//models/WoodenChair/thumbnails/5.png
[2.141s] -- Installing: /root/ros2_code/humble/ros_bot/src/install/husarion_office_gz/share/husarion_office_gz/worlds//models/WoodenChair/model.config
[2.141s] -- Installing: /root/ros2_code/humble/ros_bot/src/install/husarion_office_gz/share/husarion_office_gz/worlds//models/WoodenChair/meshes
[2.141s] -- Installing: /root/ros2_code/humble/ros_bot/src/install/husarion_office_gz/share/husarion_office_gz/worlds//models/WoodenChair/meshes/WoodenChair.mtl
[2.141s] -- Installing: /root/ros2_code/humble/ros_bot/src/install/husarion_office_gz/share/husarion_office_gz/worlds//models/WoodenChair/meshes/WoodenChair_Diffuse.png
[2.141s] -- Installing: /root/ros2_code/humble/ros_bot/src/install/husarion_office_gz/share/husarion_office_gz/worlds//models/WoodenChair/meshes/WoodenChair_Col.mtl
[2.142s] -- Installing: /root/ros2_code/humble/ros_bot/src/install/husarion_office_gz/share/husarion_office_gz/worlds//models/WoodenChair/meshes/WoodenChair_Rough.png
[2.142s] -- Installing: /root/ros2_code/humble/ros_bot/src/install/husarion_office_gz/share/husarion_office_gz/worlds//models/WoodenChair/meshes/WoodenChair.obj
[2.142s] -- Installing: /root/ros2_code/humble/ros_bot/src/install/husarion_office_gz/share/husarion_office_gz/worlds//models/WoodenChair/meshes/WoodenChair_Col.obj
[2.142s] -- Installing: /root/ros2_code/humble/ros_bot/src/install/husarion_office_gz/share/husarion_office_gz/worlds//models/WoodenChair/model.sdf
[2.142s] -- Installing: /root/ros2_code/humble/ros_bot/src/install/husarion_office_gz/share/husarion_office_gz/worlds//models/MopCart4
[2.142s] -- Installing: /root/ros2_code/humble/ros_bot/src/install/husarion_office_gz/share/husarion_office_gz/worlds//models/MopCart4/thumbnails
[2.142s] -- Installing: /root/ros2_code/humble/ros_bot/src/install/husarion_office_gz/share/husarion_office_gz/worlds//models/MopCart4/thumbnails/4.png
[2.143s] -- Installing: /root/ros2_code/humble/ros_bot/src/install/husarion_office_gz/share/husarion_office_gz/worlds//models/MopCart4/thumbnails/3.png
[2.143s] -- Installing: /root/ros2_code/humble/ros_bot/src/install/husarion_office_gz/share/husarion_office_gz/worlds//models/MopCart4/thumbnails/2.png
[2.143s] -- Installing: /root/ros2_code/humble/ros_bot/src/install/husarion_office_gz/share/husarion_office_gz/worlds//models/MopCart4/thumbnails/1.png
[2.143s] -- Installing: /root/ros2_code/humble/ros_bot/src/install/husarion_office_gz/share/husarion_office_gz/worlds//models/MopCart4/thumbnails/5.png
[2.144s] -- Installing: /root/ros2_code/humble/ros_bot/src/install/husarion_office_gz/share/husarion_office_gz/worlds//models/MopCart4/model.config
[2.144s] -- Installing: /root/ros2_code/humble/ros_bot/src/install/husarion_office_gz/share/husarion_office_gz/worlds//models/MopCart4/meshes
[2.144s] -- Installing: /root/ros2_code/humble/ros_bot/src/install/husarion_office_gz/share/husarion_office_gz/worlds//models/MopCart4/meshes/Cart.png
[2.145s] -- Installing: /root/ros2_code/humble/ros_bot/src/install/husarion_office_gz/share/husarion_office_gz/worlds//models/MopCart4/meshes/MopCart4.mtl
[2.145s] -- Installing: /root/ros2_code/humble/ros_bot/src/install/husarion_office_gz/share/husarion_office_gz/worlds//models/MopCart4/meshes/MopCart4.obj
[2.145s] -- Installing: /root/ros2_code/humble/ros_bot/src/install/husarion_office_gz/share/husarion_office_gz/worlds//models/MopCart4/meshes/blue.png
[2.145s] -- Installing: /root/ros2_code/humble/ros_bot/src/install/husarion_office_gz/share/husarion_office_gz/worlds//models/MopCart4/meshes/red.png
[2.145s] -- Installing: /root/ros2_code/humble/ros_bot/src/install/husarion_office_gz/share/husarion_office_gz/worlds//models/MopCart4/model.sdf
[2.145s] -- Installing: /root/ros2_code/humble/ros_bot/src/install/husarion_office_gz/share/husarion_office_gz/worlds//models/Drawer
[2.145s] -- Installing: /root/ros2_code/humble/ros_bot/src/install/husarion_office_gz/share/husarion_office_gz/worlds//models/Drawer/thumbnails
[2.146s] -- Installing: /root/ros2_code/humble/ros_bot/src/install/husarion_office_gz/share/husarion_office_gz/worlds//models/Drawer/thumbnails/4.png
[2.146s] -- Installing: /root/ros2_code/humble/ros_bot/src/install/husarion_office_gz/share/husarion_office_gz/worlds//models/Drawer/thumbnails/3.png
[2.146s] -- Installing: /root/ros2_code/humble/ros_bot/src/install/husarion_office_gz/share/husarion_office_gz/worlds//models/Drawer/thumbnails/2.png
[2.146s] -- Installing: /root/ros2_code/humble/ros_bot/src/install/husarion_office_gz/share/husarion_office_gz/worlds//models/Drawer/thumbnails/1.png
[2.146s] -- Installing: /root/ros2_code/humble/ros_bot/src/install/husarion_office_gz/share/husarion_office_gz/worlds//models/Drawer/thumbnails/5.png
[2.146s] -- Installing: /root/ros2_code/humble/ros_bot/src/install/husarion_office_gz/share/husarion_office_gz/worlds//models/Drawer/model.config
[2.147s] -- Installing: /root/ros2_code/humble/ros_bot/src/install/husarion_office_gz/share/husarion_office_gz/worlds//models/Drawer/meshes
[2.147s] -- Installing: /root/ros2_code/humble/ros_bot/src/install/husarion_office_gz/share/husarion_office_gz/worlds//models/Drawer/meshes/Drawer.mtl
[2.147s] -- Installing: /root/ros2_code/humble/ros_bot/src/install/husarion_office_gz/share/husarion_office_gz/worlds//models/Drawer/meshes/Drawer_Col.obj
[2.147s] -- Installing: /root/ros2_code/humble/ros_bot/src/install/husarion_office_gz/share/husarion_office_gz/worlds//models/Drawer/meshes/Drawer.png
[2.147s] -- Installing: /root/ros2_code/humble/ros_bot/src/install/husarion_office_gz/share/husarion_office_gz/worlds//models/Drawer/meshes/Drawer.obj
[2.147s] -- Installing: /root/ros2_code/humble/ros_bot/src/install/husarion_office_gz/share/husarion_office_gz/worlds//models/Drawer/model.sdf
[2.147s] -- Installing: /root/ros2_code/humble/ros_bot/src/install/husarion_office_gz/share/husarion_office_gz/worlds//models/SquareShelf
[2.148s] -- Installing: /root/ros2_code/humble/ros_bot/src/install/husarion_office_gz/share/husarion_office_gz/worlds//models/SquareShelf/thumbnails
[2.148s] -- Installing: /root/ros2_code/humble/ros_bot/src/install/husarion_office_gz/share/husarion_office_gz/worlds//models/SquareShelf/thumbnails/4.png
[2.148s] -- Installing: /root/ros2_code/humble/ros_bot/src/install/husarion_office_gz/share/husarion_office_gz/worlds//models/SquareShelf/thumbnails/3.png
[2.148s] -- Installing: /root/ros2_code/humble/ros_bot/src/install/husarion_office_gz/share/husarion_office_gz/worlds//models/SquareShelf/thumbnails/2.png
[2.148s] -- Installing: /root/ros2_code/humble/ros_bot/src/install/husarion_office_gz/share/husarion_office_gz/worlds//models/SquareShelf/thumbnails/1.png
[2.148s] -- Installing: /root/ros2_code/humble/ros_bot/src/install/husarion_office_gz/share/husarion_office_gz/worlds//models/SquareShelf/thumbnails/5.png
[2.149s] -- Installing: /root/ros2_code/humble/ros_bot/src/install/husarion_office_gz/share/husarion_office_gz/worlds//models/SquareShelf/model.config
[2.149s] -- Installing: /root/ros2_code/humble/ros_bot/src/install/husarion_office_gz/share/husarion_office_gz/worlds//models/SquareShelf/meshes
[2.149s] -- Installing: /root/ros2_code/humble/ros_bot/src/install/husarion_office_gz/share/husarion_office_gz/worlds//models/SquareShelf/meshes/SquareShelf_Col.obj
[2.149s] -- Installing: /root/ros2_code/humble/ros_bot/src/install/husarion_office_gz/share/husarion_office_gz/worlds//models/SquareShelf/meshes/SquareShelf_Diffuse.png
[2.149s] -- Installing: /root/ros2_code/humble/ros_bot/src/install/husarion_office_gz/share/husarion_office_gz/worlds//models/SquareShelf/meshes/SquareShelf.obj
[2.150s] -- Installing: /root/ros2_code/humble/ros_bot/src/install/husarion_office_gz/share/husarion_office_gz/worlds//models/SquareShelf/meshes/SquareShelf.mtl
[2.150s] -- Installing: /root/ros2_code/humble/ros_bot/src/install/husarion_office_gz/share/husarion_office_gz/worlds//models/SquareShelf/meshes/SquareShelf_Col.mtl
[2.150s] -- Installing: /root/ros2_code/humble/ros_bot/src/install/husarion_office_gz/share/husarion_office_gz/worlds//models/SquareShelf/model.sdf
[2.150s] -- Installing: /root/ros2_code/humble/ros_bot/src/install/husarion_office_gz/share/husarion_office_gz/worlds//models/white_carpet.png
[2.152s] -- Installing: /root/ros2_code/humble/ros_bot/src/install/husarion_office_gz/share/husarion_office_gz/worlds//models/MopCart2
[2.152s] -- Installing: /root/ros2_code/humble/ros_bot/src/install/husarion_office_gz/share/husarion_office_gz/worlds//models/MopCart2/thumbnails
[2.152s] -- Installing: /root/ros2_code/humble/ros_bot/src/install/husarion_office_gz/share/husarion_office_gz/worlds//models/MopCart2/thumbnails/4.png
[2.152s] -- Installing: /root/ros2_code/humble/ros_bot/src/install/husarion_office_gz/share/husarion_office_gz/worlds//models/MopCart2/thumbnails/3.png
[2.152s] -- Installing: /root/ros2_code/humble/ros_bot/src/install/husarion_office_gz/share/husarion_office_gz/worlds//models/MopCart2/thumbnails/2.png
[2.152s] -- Installing: /root/ros2_code/humble/ros_bot/src/install/husarion_office_gz/share/husarion_office_gz/worlds//models/MopCart2/thumbnails/1.png
[2.153s] -- Installing: /root/ros2_code/humble/ros_bot/src/install/husarion_office_gz/share/husarion_office_gz/worlds//models/MopCart2/thumbnails/5.png
[2.153s] -- Installing: /root/ros2_code/humble/ros_bot/src/install/husarion_office_gz/share/husarion_office_gz/worlds//models/MopCart2/model.config
[2.153s] -- Installing: /root/ros2_code/humble/ros_bot/src/install/husarion_office_gz/share/husarion_office_gz/worlds//models/MopCart2/meshes
[2.153s] -- Installing: /root/ros2_code/humble/ros_bot/src/install/husarion_office_gz/share/husarion_office_gz/worlds//models/MopCart2/meshes/Tongs.png
[2.154s] -- Installing: /root/ros2_code/humble/ros_bot/src/install/husarion_office_gz/share/husarion_office_gz/worlds//models/MopCart2/meshes/MopCart2.mtl
[2.154s] -- Installing: /root/ros2_code/humble/ros_bot/src/install/husarion_office_gz/share/husarion_office_gz/worlds//models/MopCart2/meshes/Cloth.png
[2.156s] -- Installing: /root/ros2_code/humble/ros_bot/src/install/husarion_office_gz/share/husarion_office_gz/worlds//models/MopCart2/meshes/Mop.png
[2.157s] -- Installing: /root/ros2_code/humble/ros_bot/src/install/husarion_office_gz/share/husarion_office_gz/worlds//models/MopCart2/meshes/Broom.png
[2.157s] -- Installing: /root/ros2_code/humble/ros_bot/src/install/husarion_office_gz/share/husarion_office_gz/worlds//models/MopCart2/meshes/BigRed.png
[2.158s] -- Installing: /root/ros2_code/humble/ros_bot/src/install/husarion_office_gz/share/husarion_office_gz/worlds//models/MopCart2/meshes/Blue.png
[2.158s] -- Installing: /root/ros2_code/humble/ros_bot/src/install/husarion_office_gz/share/husarion_office_gz/worlds//models/MopCart2/meshes/Cart2.png
[2.159s] -- Installing: /root/ros2_code/humble/ros_bot/src/install/husarion_office_gz/share/husarion_office_gz/worlds//models/MopCart2/meshes/MopCart2.obj
[2.160s] -- Installing: /root/ros2_code/humble/ros_bot/src/install/husarion_office_gz/share/husarion_office_gz/worlds//models/MopCart2/meshes/Duster.png
[2.160s] -- Installing: /root/ros2_code/humble/ros_bot/src/install/husarion_office_gz/share/husarion_office_gz/worlds//models/MopCart2/model.sdf
[2.160s] -- Installing: /root/ros2_code/humble/ros_bot/src/install/husarion_office_gz/share/husarion_office_gz/worlds//models/Toilet
[2.160s] -- Installing: /root/ros2_code/humble/ros_bot/src/install/husarion_office_gz/share/husarion_office_gz/worlds//models/Toilet/thumbnails
[2.160s] -- Installing: /root/ros2_code/humble/ros_bot/src/install/husarion_office_gz/share/husarion_office_gz/worlds//models/Toilet/thumbnails/4.png
[2.160s] -- Installing: /root/ros2_code/humble/ros_bot/src/install/husarion_office_gz/share/husarion_office_gz/worlds//models/Toilet/thumbnails/3.png
[2.161s] -- Installing: /root/ros2_code/humble/ros_bot/src/install/husarion_office_gz/share/husarion_office_gz/worlds//models/Toilet/thumbnails/2.png
[2.161s] -- Installing: /root/ros2_code/humble/ros_bot/src/install/husarion_office_gz/share/husarion_office_gz/worlds//models/Toilet/thumbnails/1.png
[2.161s] -- Installing: /root/ros2_code/humble/ros_bot/src/install/husarion_office_gz/share/husarion_office_gz/worlds//models/Toilet/thumbnails/5.png
[2.161s] -- Installing: /root/ros2_code/humble/ros_bot/src/install/husarion_office_gz/share/husarion_office_gz/worlds//models/Toilet/model.config
[2.161s] -- Installing: /root/ros2_code/humble/ros_bot/src/install/husarion_office_gz/share/husarion_office_gz/worlds//models/Toilet/meshes
[2.161s] -- Installing: /root/ros2_code/humble/ros_bot/src/install/husarion_office_gz/share/husarion_office_gz/worlds//models/Toilet/meshes/toilet.obj
[2.162s] -- Installing: /root/ros2_code/humble/ros_bot/src/install/husarion_office_gz/share/husarion_office_gz/worlds//models/Toilet/meshes/toilet.mtl
[2.162s] -- Installing: /root/ros2_code/humble/ros_bot/src/install/husarion_office_gz/share/husarion_office_gz/worlds//models/Toilet/model.sdf
[2.162s] -- Installing: /root/ros2_code/humble/ros_bot/src/install/husarion_office_gz/share/husarion_office_gz/worlds//models/AdjTable
[2.162s] -- Installing: /root/ros2_code/humble/ros_bot/src/install/husarion_office_gz/share/husarion_office_gz/worlds//models/AdjTable/thumbnails
[2.162s] -- Installing: /root/ros2_code/humble/ros_bot/src/install/husarion_office_gz/share/husarion_office_gz/worlds//models/AdjTable/thumbnails/4.png
[2.162s] -- Installing: /root/ros2_code/humble/ros_bot/src/install/husarion_office_gz/share/husarion_office_gz/worlds//models/AdjTable/thumbnails/3.png
[2.162s] -- Installing: /root/ros2_code/humble/ros_bot/src/install/husarion_office_gz/share/husarion_office_gz/worlds//models/AdjTable/thumbnails/2.png
[2.163s] -- Installing: /root/ros2_code/humble/ros_bot/src/install/husarion_office_gz/share/husarion_office_gz/worlds//models/AdjTable/thumbnails/1.png
[2.163s] -- Installing: /root/ros2_code/humble/ros_bot/src/install/husarion_office_gz/share/husarion_office_gz/worlds//models/AdjTable/thumbnails/5.png
[2.163s] -- Installing: /root/ros2_code/humble/ros_bot/src/install/husarion_office_gz/share/husarion_office_gz/worlds//models/AdjTable/model.config
[2.163s] -- Installing: /root/ros2_code/humble/ros_bot/src/install/husarion_office_gz/share/husarion_office_gz/worlds//models/AdjTable/meshes
[2.163s] -- Installing: /root/ros2_code/humble/ros_bot/src/install/husarion_office_gz/share/husarion_office_gz/worlds//models/AdjTable/meshes/AdjTable.mtl
[2.163s] -- Installing: /root/ros2_code/humble/ros_bot/src/install/husarion_office_gz/share/husarion_office_gz/worlds//models/AdjTable/meshes/texture.png
[2.169s] -- Installing: /root/ros2_code/humble/ros_bot/src/install/husarion_office_gz/share/husarion_office_gz/worlds//models/AdjTable/meshes/AdjTable.obj
[2.169s] -- Installing: /root/ros2_code/humble/ros_bot/src/install/husarion_office_gz/share/husarion_office_gz/worlds//models/AdjTable/meshes/AdjTable_Col.mtl
[2.169s] -- Installing: /root/ros2_code/humble/ros_bot/src/install/husarion_office_gz/share/husarion_office_gz/worlds//models/AdjTable/meshes/AdjTable_Col.obj
[2.169s] -- Installing: /root/ros2_code/humble/ros_bot/src/install/husarion_office_gz/share/husarion_office_gz/worlds//models/AdjTable/model.sdf
[2.169s] -- Installing: /root/ros2_code/humble/ros_bot/src/install/husarion_office_gz/share/husarion_office_gz/worlds//models/Laptop
[2.169s] -- Installing: /root/ros2_code/humble/ros_bot/src/install/husarion_office_gz/share/husarion_office_gz/worlds//models/Laptop/model.config
[2.169s] -- Installing: /root/ros2_code/humble/ros_bot/src/install/husarion_office_gz/share/husarion_office_gz/worlds//models/Laptop/meshes
[2.170s] -- Installing: /root/ros2_code/humble/ros_bot/src/install/husarion_office_gz/share/husarion_office_gz/worlds//models/Laptop/meshes/laptop.stl
[2.181s] -- Installing: /root/ros2_code/humble/ros_bot/src/install/husarion_office_gz/share/husarion_office_gz/worlds//models/Laptop/model.sdf
[2.181s] -- Installing: /root/ros2_code/humble/ros_bot/src/install/husarion_office_gz/share/husarion_office_gz/worlds//models/TrashBin
[2.181s] -- Installing: /root/ros2_code/humble/ros_bot/src/install/husarion_office_gz/share/husarion_office_gz/worlds//models/TrashBin/thumbnails
[2.181s] -- Installing: /root/ros2_code/humble/ros_bot/src/install/husarion_office_gz/share/husarion_office_gz/worlds//models/TrashBin/thumbnails/4.png
[2.181s] -- Installing: /root/ros2_code/humble/ros_bot/src/install/husarion_office_gz/share/husarion_office_gz/worlds//models/TrashBin/thumbnails/3.png
[2.181s] -- Installing: /root/ros2_code/humble/ros_bot/src/install/husarion_office_gz/share/husarion_office_gz/worlds//models/TrashBin/thumbnails/2.png
[2.182s] -- Installing: /root/ros2_code/humble/ros_bot/src/install/husarion_office_gz/share/husarion_office_gz/worlds//models/TrashBin/thumbnails/1.png
[2.182s] -- Installing: /root/ros2_code/humble/ros_bot/src/install/husarion_office_gz/share/husarion_office_gz/worlds//models/TrashBin/thumbnails/5.png
[2.182s] -- Installing: /root/ros2_code/humble/ros_bot/src/install/husarion_office_gz/share/husarion_office_gz/worlds//models/TrashBin/model.config
[2.182s] -- Installing: /root/ros2_code/humble/ros_bot/src/install/husarion_office_gz/share/husarion_office_gz/worlds//models/TrashBin/meshes
[2.182s] -- Installing: /root/ros2_code/humble/ros_bot/src/install/husarion_office_gz/share/husarion_office_gz/worlds//models/TrashBin/meshes/TrashBin_Diffuse.png
[2.183s] -- Installing: /root/ros2_code/humble/ros_bot/src/install/husarion_office_gz/share/husarion_office_gz/worlds//models/TrashBin/meshes/TrashBin.mtl
[2.184s] -- Installing: /root/ros2_code/humble/ros_bot/src/install/husarion_office_gz/share/husarion_office_gz/worlds//models/TrashBin/meshes/TrashBin.obj
[2.184s] -- Installing: /root/ros2_code/humble/ros_bot/src/install/husarion_office_gz/share/husarion_office_gz/worlds//models/TrashBin/model.sdf
[2.184s] -- Installing: /root/ros2_code/humble/ros_bot/src/install/husarion_office_gz/share/husarion_office_gz/worlds//models/Stairs
[2.184s] -- Installing: /root/ros2_code/humble/ros_bot/src/install/husarion_office_gz/share/husarion_office_gz/worlds//models/Stairs/model.config
[2.184s] -- Installing: /root/ros2_code/humble/ros_bot/src/install/husarion_office_gz/share/husarion_office_gz/worlds//models/Stairs/model.sdf
[2.184s] -- Installing: /root/ros2_code/humble/ros_bot/src/install/husarion_office_gz/share/husarion_office_gz/worlds//models/CoffeeTable
[2.184s] -- Installing: /root/ros2_code/humble/ros_bot/src/install/husarion_office_gz/share/husarion_office_gz/worlds//models/CoffeeTable/thumbnails
[2.185s] -- Installing: /root/ros2_code/humble/ros_bot/src/install/husarion_office_gz/share/husarion_office_gz/worlds//models/CoffeeTable/thumbnails/4.png
[2.185s] -- Installing: /root/ros2_code/humble/ros_bot/src/install/husarion_office_gz/share/husarion_office_gz/worlds//models/CoffeeTable/thumbnails/3.png
[2.185s] -- Installing: /root/ros2_code/humble/ros_bot/src/install/husarion_office_gz/share/husarion_office_gz/worlds//models/CoffeeTable/thumbnails/2.png
[2.185s] -- Installing: /root/ros2_code/humble/ros_bot/src/install/husarion_office_gz/share/husarion_office_gz/worlds//models/CoffeeTable/thumbnails/1.png
[2.185s] -- Installing: /root/ros2_code/humble/ros_bot/src/install/husarion_office_gz/share/husarion_office_gz/worlds//models/CoffeeTable/thumbnails/5.png
[2.185s] -- Installing: /root/ros2_code/humble/ros_bot/src/install/husarion_office_gz/share/husarion_office_gz/worlds//models/CoffeeTable/model.config
[2.186s] -- Installing: /root/ros2_code/humble/ros_bot/src/install/husarion_office_gz/share/husarion_office_gz/worlds//models/CoffeeTable/meshes
[2.186s] -- Installing: /root/ros2_code/humble/ros_bot/src/install/husarion_office_gz/share/husarion_office_gz/worlds//models/CoffeeTable/meshes/CoffeeTable_Diffuse.png
[2.186s] -- Installing: /root/ros2_code/humble/ros_bot/src/install/husarion_office_gz/share/husarion_office_gz/worlds//models/CoffeeTable/meshes/CoffeeTable_Normal.png
[2.186s] -- Installing: /root/ros2_code/humble/ros_bot/src/install/husarion_office_gz/share/husarion_office_gz/worlds//models/CoffeeTable/meshes/CoffeeTable.mtl
[2.186s] -- Installing: /root/ros2_code/humble/ros_bot/src/install/husarion_office_gz/share/husarion_office_gz/worlds//models/CoffeeTable/meshes/CoffeeTable.obj
[2.187s] -- Installing: /root/ros2_code/humble/ros_bot/src/install/husarion_office_gz/share/husarion_office_gz/worlds//models/CoffeeTable/meshes/CoffeeTable_SpecGloss.png
[2.187s] -- Installing: /root/ros2_code/humble/ros_bot/src/install/husarion_office_gz/share/husarion_office_gz/worlds//models/CoffeeTable/model.sdf
[2.187s] -- Installing: /root/ros2_code/humble/ros_bot/src/install/husarion_office_gz/share/husarion_office_gz/worlds//models/MopCart3
[2.187s] -- Installing: /root/ros2_code/humble/ros_bot/src/install/husarion_office_gz/share/husarion_office_gz/worlds//models/MopCart3/thumbnails
[2.187s] -- Installing: /root/ros2_code/humble/ros_bot/src/install/husarion_office_gz/share/husarion_office_gz/worlds//models/MopCart3/thumbnails/4.png
[2.187s] -- Installing: /root/ros2_code/humble/ros_bot/src/install/husarion_office_gz/share/husarion_office_gz/worlds//models/MopCart3/thumbnails/3.png
[2.187s] -- Installing: /root/ros2_code/humble/ros_bot/src/install/husarion_office_gz/share/husarion_office_gz/worlds//models/MopCart3/thumbnails/2.png
[2.188s] -- Installing: /root/ros2_code/humble/ros_bot/src/install/husarion_office_gz/share/husarion_office_gz/worlds//models/MopCart3/thumbnails/1.png
[2.188s] -- Installing: /root/ros2_code/humble/ros_bot/src/install/husarion_office_gz/share/husarion_office_gz/worlds//models/MopCart3/thumbnails/5.png
[2.188s] -- Installing: /root/ros2_code/humble/ros_bot/src/install/husarion_office_gz/share/husarion_office_gz/worlds//models/MopCart3/model.config
[2.188s] -- Installing: /root/ros2_code/humble/ros_bot/src/install/husarion_office_gz/share/husarion_office_gz/worlds//models/MopCart3/meshes
[2.188s] -- Installing: /root/ros2_code/humble/ros_bot/src/install/husarion_office_gz/share/husarion_office_gz/worlds//models/MopCart3/meshes/Cart.png
[2.189s] -- Installing: /root/ros2_code/humble/ros_bot/src/install/husarion_office_gz/share/husarion_office_gz/worlds//models/MopCart3/meshes/Glove.png
[2.190s] -- Installing: /root/ros2_code/humble/ros_bot/src/install/husarion_office_gz/share/husarion_office_gz/worlds//models/MopCart3/meshes/Plastic.png
[2.191s] -- Installing: /root/ros2_code/humble/ros_bot/src/install/husarion_office_gz/share/husarion_office_gz/worlds//models/MopCart3/meshes/Cloth.png
[2.193s] -- Installing: /root/ros2_code/humble/ros_bot/src/install/husarion_office_gz/share/husarion_office_gz/worlds//models/MopCart3/meshes/Mop.png
[2.194s] -- Installing: /root/ros2_code/humble/ros_bot/src/install/husarion_office_gz/share/husarion_office_gz/worlds//models/MopCart3/meshes/Sign.png
[2.194s] -- Installing: /root/ros2_code/humble/ros_bot/src/install/husarion_office_gz/share/husarion_office_gz/worlds//models/MopCart3/meshes/Spray.png
[2.195s] -- Installing: /root/ros2_code/humble/ros_bot/src/install/husarion_office_gz/share/husarion_office_gz/worlds//models/MopCart3/meshes/Red.png
[2.195s] -- Installing: /root/ros2_code/humble/ros_bot/src/install/husarion_office_gz/share/husarion_office_gz/worlds//models/MopCart3/meshes/Blue.png
[2.196s] -- Installing: /root/ros2_code/humble/ros_bot/src/install/husarion_office_gz/share/husarion_office_gz/worlds//models/MopCart3/meshes/Parcel.png
[2.197s] -- Installing: /root/ros2_code/humble/ros_bot/src/install/husarion_office_gz/share/husarion_office_gz/worlds//models/MopCart3/meshes/MopCart3.mtl
[2.197s] -- Installing: /root/ros2_code/humble/ros_bot/src/install/husarion_office_gz/share/husarion_office_gz/worlds//models/MopCart3/meshes/Duster.png
[2.197s] -- Installing: /root/ros2_code/humble/ros_bot/src/install/husarion_office_gz/share/husarion_office_gz/worlds//models/MopCart3/meshes/MopCart3.obj
[2.198s] -- Installing: /root/ros2_code/humble/ros_bot/src/install/husarion_office_gz/share/husarion_office_gz/worlds//models/MopCart3/model.sdf
[2.198s] -- Installing: /root/ros2_code/humble/ros_bot/src/install/husarion_office_gz/share/husarion_office_gz/worlds//models/BathroomSink
[2.198s] -- Installing: /root/ros2_code/humble/ros_bot/src/install/husarion_office_gz/share/husarion_office_gz/worlds//models/BathroomSink/thumbnails
[2.199s] -- Installing: /root/ros2_code/humble/ros_bot/src/install/husarion_office_gz/share/husarion_office_gz/worlds//models/BathroomSink/thumbnails/4.png
[2.199s] -- Installing: /root/ros2_code/humble/ros_bot/src/install/husarion_office_gz/share/husarion_office_gz/worlds//models/BathroomSink/thumbnails/3.png
[2.199s] -- Installing: /root/ros2_code/humble/ros_bot/src/install/husarion_office_gz/share/husarion_office_gz/worlds//models/BathroomSink/thumbnails/2.png
[2.199s] -- Installing: /root/ros2_code/humble/ros_bot/src/install/husarion_office_gz/share/husarion_office_gz/worlds//models/BathroomSink/thumbnails/1.png
[2.200s] -- Installing: /root/ros2_code/humble/ros_bot/src/install/husarion_office_gz/share/husarion_office_gz/worlds//models/BathroomSink/thumbnails/5.png
[2.200s] -- Installing: /root/ros2_code/humble/ros_bot/src/install/husarion_office_gz/share/husarion_office_gz/worlds//models/BathroomSink/model.config
[2.200s] -- Installing: /root/ros2_code/humble/ros_bot/src/install/husarion_office_gz/share/husarion_office_gz/worlds//models/BathroomSink/meshes
[2.200s] -- Installing: /root/ros2_code/humble/ros_bot/src/install/husarion_office_gz/share/husarion_office_gz/worlds//models/BathroomSink/meshes/BathroomSink.obj
[2.200s] -- Installing: /root/ros2_code/humble/ros_bot/src/install/husarion_office_gz/share/husarion_office_gz/worlds//models/BathroomSink/meshes/BathroomSink.mtl
[2.200s] -- Installing: /root/ros2_code/humble/ros_bot/src/install/husarion_office_gz/share/husarion_office_gz/worlds//models/BathroomSink/meshes/BathroomSink_Metal.png
[2.201s] -- Installing: /root/ros2_code/humble/ros_bot/src/install/husarion_office_gz/share/husarion_office_gz/worlds//models/BathroomSink/meshes/BathroomSink_Col.mtl
[2.201s] -- Installing: /root/ros2_code/humble/ros_bot/src/install/husarion_office_gz/share/husarion_office_gz/worlds//models/BathroomSink/meshes/BathroomSink_Diffuse.png
[2.201s] -- Installing: /root/ros2_code/humble/ros_bot/src/install/husarion_office_gz/share/husarion_office_gz/worlds//models/BathroomSink/meshes/BathroomSink_Col.obj
[2.201s] -- Installing: /root/ros2_code/humble/ros_bot/src/install/husarion_office_gz/share/husarion_office_gz/worlds//models/BathroomSink/meshes/BathroomSink_Rough.png
[2.202s] -- Installing: /root/ros2_code/humble/ros_bot/src/install/husarion_office_gz/share/husarion_office_gz/worlds//models/BathroomSink/model.sdf
[2.202s] -- Installing: /root/ros2_code/humble/ros_bot/src/install/husarion_office_gz/share/husarion_office_gz/worlds//models/Kitchen
[2.202s] -- Installing: /root/ros2_code/humble/ros_bot/src/install/husarion_office_gz/share/husarion_office_gz/worlds//models/Kitchen/model.config
[2.202s] -- Installing: /root/ros2_code/humble/ros_bot/src/install/husarion_office_gz/share/husarion_office_gz/worlds//models/Kitchen/meshes
[2.202s] -- Installing: /root/ros2_code/humble/ros_bot/src/install/husarion_office_gz/share/husarion_office_gz/worlds//models/Kitchen/meshes/kitchen.stl
[2.205s] -- Installing: /root/ros2_code/humble/ros_bot/src/install/husarion_office_gz/share/husarion_office_gz/worlds//models/Kitchen/model.sdf
[2.205s] -- Installing: /root/ros2_code/humble/ros_bot/src/install/husarion_office_gz/share/husarion_office_gz/worlds//empty_with_plugins.sdf
[2.206s] -- Installing: /root/ros2_code/humble/ros_bot/src/install/husarion_office_gz/share/ament_index/resource_index/package_run_dependencies/husarion_office_gz
[2.206s] -- Installing: /root/ros2_code/humble/ros_bot/src/install/husarion_office_gz/share/ament_index/resource_index/parent_prefix_path/husarion_office_gz
[2.206s] -- Installing: /root/ros2_code/humble/ros_bot/src/install/husarion_office_gz/share/husarion_office_gz/environment/ament_prefix_path.sh
[2.207s] -- Installing: /root/ros2_code/humble/ros_bot/src/install/husarion_office_gz/share/husarion_office_gz/environment/ament_prefix_path.dsv
[2.207s] -- Installing: /root/ros2_code/humble/ros_bot/src/install/husarion_office_gz/share/husarion_office_gz/environment/path.sh
[2.207s] -- Installing: /root/ros2_code/humble/ros_bot/src/install/husarion_office_gz/share/husarion_office_gz/environment/path.dsv
[2.207s] -- Installing: /root/ros2_code/humble/ros_bot/src/install/husarion_office_gz/share/husarion_office_gz/local_setup.bash
[2.208s] -- Installing: /root/ros2_code/humble/ros_bot/src/install/husarion_office_gz/share/husarion_office_gz/local_setup.sh
[2.208s] -- Installing: /root/ros2_code/humble/ros_bot/src/install/husarion_office_gz/share/husarion_office_gz/local_setup.zsh
[2.208s] -- Installing: /root/ros2_code/humble/ros_bot/src/install/husarion_office_gz/share/husarion_office_gz/local_setup.dsv
[2.208s] -- Installing: /root/ros2_code/humble/ros_bot/src/install/husarion_office_gz/share/husarion_office_gz/package.dsv
[2.208s] -- Installing: /root/ros2_code/humble/ros_bot/src/install/husarion_office_gz/share/ament_index/resource_index/packages/husarion_office_gz
[2.209s] -- Installing: /root/ros2_code/humble/ros_bot/src/install/husarion_office_gz/share/husarion_office_gz/cmake/husarion_office_gzConfig.cmake
[2.209s] -- Installing: /root/ros2_code/humble/ros_bot/src/install/husarion_office_gz/share/husarion_office_gz/cmake/husarion_office_gzConfig-version.cmake
[2.209s] -- Installing: /root/ros2_code/humble/ros_bot/src/install/husarion_office_gz/share/husarion_office_gz/package.xml
[2.211s] Invoked command in '/root/ros2_code/humble/ros_bot/src/build/husarion_office_gz' returned '0': CMAKE_PREFIX_PATH=${CMAKE_PREFIX_PATH}:/root/ros2_code/humble/ros_bot/install/tutorial_pkg:/root/ros2_code/humble/ros_bot/install/rosbot_utils:/root/ros2_code/humble/ros_bot/install/rosbot_gazebo:/root/ros2_code/humble/ros_bot/install/rosbot_bringup:/root/ros2_code/humble/ros_bot/install/rosbot_controller:/root/ros2_code/humble/vision/install/path_planner_pkg:/root/ros2_code/humble/vision/install/nav2_api_pkg:/root/ros2_code/humble/vision/install/joystick_pkg:/root/ros2_code/humble/vision/install/cartographer_pkg:/root/ros2_code/humble/nav2class/install/autonomous_tb3:/root/ros2_code/humble/simulations/install/path_planner_server:/root/ros2_code/humble/simulations/install/map_server:/root/ros2_code/humble/simulations/install/localization_server:/opt/ros/humble /usr/bin/cmake --install /root/ros2_code/humble/ros_bot/src/build/husarion_office_gz
