[1.097s] Invoking command in '/root/ros2_code/humble/ros_bot/build/rosbot_description': CMAKE_PREFIX_PATH=${CMAKE_PREFIX_PATH}:/root/ros2_code/humble/ros_bot/install/rosbot_utils:/root/ros2_code/humble/ros_bot/install/rosbot_gazebo:/root/ros2_code/humble/ros_bot/install/rosbot_bringup:/root/ros2_code/humble/ros_bot/install/rosbot_controller:/root/ros2_code/humble/vision/install/path_planner_pkg:/root/ros2_code/humble/vision/install/nav2_api_pkg:/root/ros2_code/humble/vision/install/joystick_pkg:/root/ros2_code/humble/vision/install/cartographer_pkg:/root/ros2_code/humble/nav2class/install/autonomous_tb3:/root/ros2_code/humble/simulations/install/path_planner_server:/root/ros2_code/humble/simulations/install/map_server:/root/ros2_code/humble/simulations/install/localization_server:/opt/ros/humble /usr/bin/cmake --build /root/ros2_code/humble/ros_bot/build/rosbot_description -- -j12 -l12
[2.380s] Invoked command in '/root/ros2_code/humble/ros_bot/build/rosbot_description' returned '0': CMAKE_PREFIX_PATH=${CMAKE_PREFIX_PATH}:/root/ros2_code/humble/ros_bot/install/rosbot_utils:/root/ros2_code/humble/ros_bot/install/rosbot_gazebo:/root/ros2_code/humble/ros_bot/install/rosbot_bringup:/root/ros2_code/humble/ros_bot/install/rosbot_controller:/root/ros2_code/humble/vision/install/path_planner_pkg:/root/ros2_code/humble/vision/install/nav2_api_pkg:/root/ros2_code/humble/vision/install/joystick_pkg:/root/ros2_code/humble/vision/install/cartographer_pkg:/root/ros2_code/humble/nav2class/install/autonomous_tb3:/root/ros2_code/humble/simulations/install/path_planner_server:/root/ros2_code/humble/simulations/install/map_server:/root/ros2_code/humble/simulations/install/localization_server:/opt/ros/humble /usr/bin/cmake --build /root/ros2_code/humble/ros_bot/build/rosbot_description -- -j12 -l12
[2.441s] Invoking command in '/root/ros2_code/humble/ros_bot/build/rosbot_description': CMAKE_PREFIX_PATH=${CMAKE_PREFIX_PATH}:/root/ros2_code/humble/ros_bot/install/rosbot_utils:/root/ros2_code/humble/ros_bot/install/rosbot_gazebo:/root/ros2_code/humble/ros_bot/install/rosbot_bringup:/root/ros2_code/humble/ros_bot/install/rosbot_controller:/root/ros2_code/humble/vision/install/path_planner_pkg:/root/ros2_code/humble/vision/install/nav2_api_pkg:/root/ros2_code/humble/vision/install/joystick_pkg:/root/ros2_code/humble/vision/install/cartographer_pkg:/root/ros2_code/humble/nav2class/install/autonomous_tb3:/root/ros2_code/humble/simulations/install/path_planner_server:/root/ros2_code/humble/simulations/install/map_server:/root/ros2_code/humble/simulations/install/localization_server:/opt/ros/humble /usr/bin/cmake --install /root/ros2_code/humble/ros_bot/build/rosbot_description
[2.459s] -- Install configuration: ""
[2.486s] -- Execute custom install script
[2.486s] -- Up-to-date symlink: /root/ros2_code/humble/ros_bot/install/rosbot_description/share/rosbot_description/meshes/body.stl
[2.486s] -- Up-to-date symlink: /root/ros2_code/humble/ros_bot/install/rosbot_description/share/rosbot_description/meshes/cover.stl
[2.489s] -- Up-to-date symlink: /root/ros2_code/humble/ros_bot/install/rosbot_description/share/rosbot_description/meshes/mecanum_a.dae
[2.489s] -- Up-to-date symlink: /root/ros2_code/humble/ros_bot/install/rosbot_description/share/rosbot_description/meshes/mecanum_b.dae
[2.493s] -- Up-to-date symlink: /root/ros2_code/humble/ros_bot/install/rosbot_description/share/rosbot_description/meshes/wheel_a.dae
[2.493s] -- Up-to-date symlink: /root/ros2_code/humble/ros_bot/install/rosbot_description/share/rosbot_description/meshes/wheel_b.dae
[2.493s] -- Up-to-date symlink: /root/ros2_code/humble/ros_bot/install/rosbot_description/share/rosbot_description/urdf/body.urdf.xacro
[2.494s] -- Up-to-date symlink: /root/ros2_code/humble/ros_bot/install/rosbot_description/share/rosbot_description/urdf/components/vl53lox.urdf.xacro
[2.494s] -- Up-to-date symlink: /root/ros2_code/humble/ros_bot/install/rosbot_description/share/rosbot_description/urdf/rosbot.urdf.xacro
[2.496s] -- Up-to-date symlink: /root/ros2_code/humble/ros_bot/install/rosbot_description/share/rosbot_description/urdf/rosbot_macro.urdf.xacro
[2.496s] -- Up-to-date symlink: /root/ros2_code/humble/ros_bot/install/rosbot_description/share/rosbot_description/urdf/wheel.urdf.xacro
[2.497s] -- Up-to-date symlink: /root/ros2_code/humble/ros_bot/install/rosbot_description/share/rosbot_description/environment/rosbot_description.sh
[2.497s] -- Up-to-date symlink: /root/ros2_code/humble/ros_bot/install/rosbot_description/share/ament_index/resource_index/package_run_dependencies/rosbot_description
[2.497s] -- Up-to-date symlink: /root/ros2_code/humble/ros_bot/install/rosbot_description/share/ament_index/resource_index/parent_prefix_path/rosbot_description
[2.500s] -- Up-to-date symlink: /root/ros2_code/humble/ros_bot/install/rosbot_description/share/rosbot_description/environment/ament_prefix_path.sh
[2.500s] -- Up-to-date symlink: /root/ros2_code/humble/ros_bot/install/rosbot_description/share/rosbot_description/environment/ament_prefix_path.dsv
[2.501s] -- Up-to-date symlink: /root/ros2_code/humble/ros_bot/install/rosbot_description/share/rosbot_description/environment/path.sh
[2.501s] -- Up-to-date symlink: /root/ros2_code/humble/ros_bot/install/rosbot_description/share/rosbot_description/environment/path.dsv
[2.501s] -- Up-to-date symlink: /root/ros2_code/humble/ros_bot/install/rosbot_description/share/rosbot_description/local_setup.bash
[2.502s] -- Up-to-date symlink: /root/ros2_code/humble/ros_bot/install/rosbot_description/share/rosbot_description/local_setup.sh
[2.505s] -- Up-to-date symlink: /root/ros2_code/humble/ros_bot/install/rosbot_description/share/rosbot_description/local_setup.zsh
[2.505s] -- Up-to-date symlink: /root/ros2_code/humble/ros_bot/install/rosbot_description/share/rosbot_description/local_setup.dsv
[2.505s] -- Symlinking: /root/ros2_code/humble/ros_bot/install/rosbot_description/share/rosbot_description/package.dsv
[2.553s] -- Up-to-date symlink: /root/ros2_code/humble/ros_bot/install/rosbot_description/share/ament_index/resource_index/packages/rosbot_description
[2.553s] -- Up-to-date symlink: /root/ros2_code/humble/ros_bot/install/rosbot_description/share/rosbot_description/cmake/rosbot_descriptionConfig.cmake
[2.553s] -- Up-to-date symlink: /root/ros2_code/humble/ros_bot/install/rosbot_description/share/rosbot_description/cmake/rosbot_descriptionConfig-version.cmake
[2.554s] -- Up-to-date symlink: /root/ros2_code/humble/ros_bot/install/rosbot_description/share/rosbot_description/package.xml
[2.649s] Invoked command in '/root/ros2_code/humble/ros_bot/build/rosbot_description' returned '0': CMAKE_PREFIX_PATH=${CMAKE_PREFIX_PATH}:/root/ros2_code/humble/ros_bot/install/rosbot_utils:/root/ros2_code/humble/ros_bot/install/rosbot_gazebo:/root/ros2_code/humble/ros_bot/install/rosbot_bringup:/root/ros2_code/humble/ros_bot/install/rosbot_controller:/root/ros2_code/humble/vision/install/path_planner_pkg:/root/ros2_code/humble/vision/install/nav2_api_pkg:/root/ros2_code/humble/vision/install/joystick_pkg:/root/ros2_code/humble/vision/install/cartographer_pkg:/root/ros2_code/humble/nav2class/install/autonomous_tb3:/root/ros2_code/humble/simulations/install/path_planner_server:/root/ros2_code/humble/simulations/install/map_server:/root/ros2_code/humble/simulations/install/localization_server:/opt/ros/humble /usr/bin/cmake --install /root/ros2_code/humble/ros_bot/build/rosbot_description
