/root/ros2_code/humble/tc_ros2_advance_nav/install/map_server/lib/python3.10/site-packages/map_server/__init__.py
/root/ros2_code/humble/tc_ros2_advance_nav/install/map_server/lib/python3.10/site-packages/map_server/__pycache__/__init__.cpython-310.pyc
/root/ros2_code/humble/tc_ros2_advance_nav/install/map_server/share/ament_index/resource_index/packages/map_server
/root/ros2_code/humble/tc_ros2_advance_nav/install/map_server/share/map_server/package.xml
/root/ros2_code/humble/tc_ros2_advance_nav/install/map_server/share/map_server/launch/nav2_map_server.launch.py
/root/ros2_code/humble/tc_ros2_advance_nav/install/map_server/share/map_server/rviz_config
/root/ros2_code/humble/tc_ros2_advance_nav/install/map_server/share/map_server/maps/map.pgm
/root/ros2_code/humble/tc_ros2_advance_nav/install/map_server/share/map_server/maps/neobotix_area.pgm
/root/ros2_code/humble/tc_ros2_advance_nav/install/map_server/share/map_server/maps/map_keepout.png
/root/ros2_code/humble/tc_ros2_advance_nav/install/map_server/share/map_server/maps/map_rotated2.pgm
/root/ros2_code/humble/tc_ros2_advance_nav/install/map_server/share/map_server/maps/map_speeds.pgm
/root/ros2_code/humble/tc_ros2_advance_nav/install/map_server/share/map_server/maps/map_keepout.yaml
/root/ros2_code/humble/tc_ros2_advance_nav/install/map_server/share/map_server/maps/map_rotated.pgm
/root/ros2_code/humble/tc_ros2_advance_nav/install/map_server/share/map_server/maps/map_keepout.pgm
/root/ros2_code/humble/tc_ros2_advance_nav/install/map_server/share/map_server/maps/map.yaml
/root/ros2_code/humble/tc_ros2_advance_nav/install/map_server/share/map_server/maps/map_rotated.png
/root/ros2_code/humble/tc_ros2_advance_nav/install/map_server/share/map_server/maps/map_speeds.yaml
/root/ros2_code/humble/tc_ros2_advance_nav/install/map_server/share/map_server/maps/neobotix_area.yaml
/root/ros2_code/humble/tc_ros2_advance_nav/install/map_server/share/map_server/maps/map_keepout2.pgm
/root/ros2_code/humble/tc_ros2_advance_nav/install/map_server/lib/python3.10/site-packages/map_server-0.0.0-py3.10.egg-info/zip-safe
/root/ros2_code/humble/tc_ros2_advance_nav/install/map_server/lib/python3.10/site-packages/map_server-0.0.0-py3.10.egg-info/entry_points.txt
/root/ros2_code/humble/tc_ros2_advance_nav/install/map_server/lib/python3.10/site-packages/map_server-0.0.0-py3.10.egg-info/top_level.txt
/root/ros2_code/humble/tc_ros2_advance_nav/install/map_server/lib/python3.10/site-packages/map_server-0.0.0-py3.10.egg-info/PKG-INFO
/root/ros2_code/humble/tc_ros2_advance_nav/install/map_server/lib/python3.10/site-packages/map_server-0.0.0-py3.10.egg-info/requires.txt
/root/ros2_code/humble/tc_ros2_advance_nav/install/map_server/lib/python3.10/site-packages/map_server-0.0.0-py3.10.egg-info/dependency_links.txt
/root/ros2_code/humble/tc_ros2_advance_nav/install/map_server/lib/python3.10/site-packages/map_server-0.0.0-py3.10.egg-info/SOURCES.txt
