[5.117s] Invoking command in '/root/ros2_code/R2basic_concepts/src/client_pkg': PYTHONPATH=/root/ros2_code/R2basic_concepts/build/client_pkg/prefix_override:/root/ros2_code/R2basic_concepts/install/client_pkg/lib/python3.10/site-packages:${PYTHONPATH} /usr/bin/python3 setup.py egg_info --egg-base ../../build/client_pkg build --build-base /root/ros2_code/R2basic_concepts/build/client_pkg/build install --record /root/ros2_code/R2basic_concepts/build/client_pkg/install.log --single-version-externally-managed
[5.587s] running egg_info
[5.587s] writing ../../build/client_pkg/client_pkg.egg-info/PKG-INFO
[5.588s] writing dependency_links to ../../build/client_pkg/client_pkg.egg-info/dependency_links.txt
[5.588s] writing entry points to ../../build/client_pkg/client_pkg.egg-info/entry_points.txt
[5.589s] writing requirements to ../../build/client_pkg/client_pkg.egg-info/requires.txt
[5.589s] writing top-level names to ../../build/client_pkg/client_pkg.egg-info/top_level.txt
[5.589s] reading manifest file '../../build/client_pkg/client_pkg.egg-info/SOURCES.txt'
[5.590s] writing manifest file '../../build/client_pkg/client_pkg.egg-info/SOURCES.txt'
[5.590s] running build
[5.590s] running build_py
[5.590s] running install
[5.590s] running install_lib
[5.604s] running install_data
[5.605s] running install_egg_info
[5.606s] removing '/root/ros2_code/R2basic_concepts/install/client_pkg/lib/python3.10/site-packages/client_pkg-0.0.0-py3.10.egg-info' (and everything under it)
[5.606s] Copying ../../build/client_pkg/client_pkg.egg-info to /root/ros2_code/R2basic_concepts/install/client_pkg/lib/python3.10/site-packages/client_pkg-0.0.0-py3.10.egg-info
[5.606s] running install_scripts
[5.627s] Installing service_client script to /root/ros2_code/R2basic_concepts/install/client_pkg/lib/client_pkg
[5.627s] Installing stop_client script to /root/ros2_code/R2basic_concepts/install/client_pkg/lib/client_pkg
[5.628s] writing list of installed files to '/root/ros2_code/R2basic_concepts/build/client_pkg/install.log'
[5.909s] Invoked command in '/root/ros2_code/R2basic_concepts/src/client_pkg' returned '0': PYTHONPATH=/root/ros2_code/R2basic_concepts/build/client_pkg/prefix_override:/root/ros2_code/R2basic_concepts/install/client_pkg/lib/python3.10/site-packages:${PYTHONPATH} /usr/bin/python3 setup.py egg_info --egg-base ../../build/client_pkg build --build-base /root/ros2_code/R2basic_concepts/build/client_pkg/build install --record /root/ros2_code/R2basic_concepts/build/client_pkg/install.log --single-version-externally-managed
