-- Install configuration: ""
-- Up-to-date: /root/ros2_code/foxy/learning/install/articubot_one/share/articubot_one/config
-- Up-to-date: /root/ros2_code/foxy/learning/install/articubot_one/share/articubot_one/config/joystick.yaml
-- Up-to-date: /root/ros2_code/foxy/learning/install/articubot_one/share/articubot_one/config/drive_bot.rviz
-- Up-to-date: /root/ros2_code/foxy/learning/install/articubot_one/share/articubot_one/config/view_bot.rviz
-- Up-to-date: /root/ros2_code/foxy/learning/install/articubot_one/share/articubot_one/config/ball_tracker_params_robot.yaml
-- Up-to-date: /root/ros2_code/foxy/learning/install/articubot_one/share/articubot_one/config/ball_tracker_params_example.yaml
-- Up-to-date: /root/ros2_code/foxy/learning/install/articubot_one/share/articubot_one/config/gaz_ros2_ctl_use_sim.yaml
-- Up-to-date: /root/ros2_code/foxy/learning/install/articubot_one/share/articubot_one/config/twist_mux.yaml
-- Installing: /root/ros2_code/foxy/learning/install/articubot_one/share/articubot_one/config/mapper_params_online_async.yaml
-- Up-to-date: /root/ros2_code/foxy/learning/install/articubot_one/share/articubot_one/config/empty.yaml
-- Up-to-date: /root/ros2_code/foxy/learning/install/articubot_one/share/articubot_one/config/gazebo_params.yaml
-- Up-to-date: /root/ros2_code/foxy/learning/install/articubot_one/share/articubot_one/config/ball_tracker_params_sim.yaml
-- Up-to-date: /root/ros2_code/foxy/learning/install/articubot_one/share/articubot_one/config/my_controllers.yaml
-- Up-to-date: /root/ros2_code/foxy/learning/install/articubot_one/share/articubot_one/config/map.rviz
-- Up-to-date: /root/ros2_code/foxy/learning/install/articubot_one/share/articubot_one/config/main.rviz
-- Up-to-date: /root/ros2_code/foxy/learning/install/articubot_one/share/articubot_one/config/nav2_params.yaml
-- Up-to-date: /root/ros2_code/foxy/learning/install/articubot_one/share/articubot_one/description
-- Up-to-date: /root/ros2_code/foxy/learning/install/articubot_one/share/articubot_one/description/face.xacro
-- Up-to-date: /root/ros2_code/foxy/learning/install/articubot_one/share/articubot_one/description/lidar.xacro
-- Up-to-date: /root/ros2_code/foxy/learning/install/articubot_one/share/articubot_one/description/robot.urdf.xacro
-- Up-to-date: /root/ros2_code/foxy/learning/install/articubot_one/share/articubot_one/description/depth_camera.xacro
-- Up-to-date: /root/ros2_code/foxy/learning/install/articubot_one/share/articubot_one/description/inertial_macros.xacro
-- Up-to-date: /root/ros2_code/foxy/learning/install/articubot_one/share/articubot_one/description/camera.xacro
-- Up-to-date: /root/ros2_code/foxy/learning/install/articubot_one/share/articubot_one/description/robot_core.xacro
-- Up-to-date: /root/ros2_code/foxy/learning/install/articubot_one/share/articubot_one/description/gazebo_control.xacro
-- Up-to-date: /root/ros2_code/foxy/learning/install/articubot_one/share/articubot_one/description/ros2_control.xacro
-- Up-to-date: /root/ros2_code/foxy/learning/install/articubot_one/share/articubot_one/launch
-- Up-to-date: /root/ros2_code/foxy/learning/install/articubot_one/share/articubot_one/launch/ball_tracker.launch.py
-- Up-to-date: /root/ros2_code/foxy/learning/install/articubot_one/share/articubot_one/launch/rsp.launch.py
-- Up-to-date: /root/ros2_code/foxy/learning/install/articubot_one/share/articubot_one/launch/joystick.launch.py
-- Up-to-date: /root/ros2_code/foxy/learning/install/articubot_one/share/articubot_one/launch/launch_sim.launch.py
-- Up-to-date: /root/ros2_code/foxy/learning/install/articubot_one/share/articubot_one/launch/rplidar.launch.py
-- Up-to-date: /root/ros2_code/foxy/learning/install/articubot_one/share/articubot_one/launch/launch_robot.launch.py
-- Up-to-date: /root/ros2_code/foxy/learning/install/articubot_one/share/articubot_one/launch/camera.launch.py
-- Up-to-date: /root/ros2_code/foxy/learning/install/articubot_one/share/articubot_one/launch/navigation_launch.py
-- Up-to-date: /root/ros2_code/foxy/learning/install/articubot_one/share/articubot_one/launch/localization_launch.py
-- Up-to-date: /root/ros2_code/foxy/learning/install/articubot_one/share/articubot_one/launch/online_async_launch.py
-- Up-to-date: /root/ros2_code/foxy/learning/install/articubot_one/share/articubot_one/worlds
-- Up-to-date: /root/ros2_code/foxy/learning/install/articubot_one/share/articubot_one/worlds/empty.world
-- Up-to-date: /root/ros2_code/foxy/learning/install/articubot_one/share/articubot_one/worlds/obstacles.world
-- Up-to-date: /root/ros2_code/foxy/learning/install/articubot_one/share/ament_index/resource_index/package_run_dependencies/articubot_one
-- Up-to-date: /root/ros2_code/foxy/learning/install/articubot_one/share/ament_index/resource_index/parent_prefix_path/articubot_one
-- Up-to-date: /root/ros2_code/foxy/learning/install/articubot_one/share/articubot_one/environment/ament_prefix_path.sh
-- Up-to-date: /root/ros2_code/foxy/learning/install/articubot_one/share/articubot_one/environment/ament_prefix_path.dsv
-- Up-to-date: /root/ros2_code/foxy/learning/install/articubot_one/share/articubot_one/environment/path.sh
-- Up-to-date: /root/ros2_code/foxy/learning/install/articubot_one/share/articubot_one/environment/path.dsv
-- Up-to-date: /root/ros2_code/foxy/learning/install/articubot_one/share/articubot_one/local_setup.bash
-- Up-to-date: /root/ros2_code/foxy/learning/install/articubot_one/share/articubot_one/local_setup.sh
-- Up-to-date: /root/ros2_code/foxy/learning/install/articubot_one/share/articubot_one/local_setup.zsh
-- Up-to-date: /root/ros2_code/foxy/learning/install/articubot_one/share/articubot_one/local_setup.dsv
-- Installing: /root/ros2_code/foxy/learning/install/articubot_one/share/articubot_one/package.dsv
-- Up-to-date: /root/ros2_code/foxy/learning/install/articubot_one/share/ament_index/resource_index/packages/articubot_one
-- Up-to-date: /root/ros2_code/foxy/learning/install/articubot_one/share/articubot_one/cmake/articubot_oneConfig.cmake
-- Up-to-date: /root/ros2_code/foxy/learning/install/articubot_one/share/articubot_one/cmake/articubot_oneConfig-version.cmake
-- Up-to-date: /root/ros2_code/foxy/learning/install/articubot_one/share/articubot_one/package.xml
