[1.092s] Invoking command in '/root/ros2_code/humble/ros_bot/build/husarion_office_gz': CMAKE_PREFIX_PATH=${CMAKE_PREFIX_PATH}:/root/ros2_code/humble/ros_bot/install/rqt_tf_tree:/root/ros2_code/humble/ros_bot/install/rosbot_xl_gazebo:/root/ros2_code/humble/ros_bot/install/rosbot_xl_bringup:/root/ros2_code/humble/ros_bot/install/rosbot_xl_controller:/root/ros2_code/humble/ros_bot/install/rosbot_utils:/root/ros2_code/humble/ros_bot/install/rosbot_gazebo:/root/ros2_code/humble/ros_bot/install/rosbot_bringup:/root/ros2_code/humble/ros_bot/install/rosbot_controller:/root/ros2_code/humble/vision/install/path_planner_pkg:/root/ros2_code/humble/vision/install/nav2_api_pkg:/root/ros2_code/humble/vision/install/joystick_pkg:/root/ros2_code/humble/vision/install/cartographer_pkg:/root/ros2_code/humble/nav2class/install/autonomous_tb3:/root/ros2_code/humble/simulations/install/path_planner_server:/root/ros2_code/humble/simulations/install/map_server:/root/ros2_code/humble/simulations/install/localization_server:/opt/ros/humble /usr/bin/cmake --build /root/ros2_code/humble/ros_bot/build/husarion_office_gz -- -j12 -l12
[2.774s] Invoked command in '/root/ros2_code/humble/ros_bot/build/husarion_office_gz' returned '0': CMAKE_PREFIX_PATH=${CMAKE_PREFIX_PATH}:/root/ros2_code/humble/ros_bot/install/rqt_tf_tree:/root/ros2_code/humble/ros_bot/install/rosbot_xl_gazebo:/root/ros2_code/humble/ros_bot/install/rosbot_xl_bringup:/root/ros2_code/humble/ros_bot/install/rosbot_xl_controller:/root/ros2_code/humble/ros_bot/install/rosbot_utils:/root/ros2_code/humble/ros_bot/install/rosbot_gazebo:/root/ros2_code/humble/ros_bot/install/rosbot_bringup:/root/ros2_code/humble/ros_bot/install/rosbot_controller:/root/ros2_code/humble/vision/install/path_planner_pkg:/root/ros2_code/humble/vision/install/nav2_api_pkg:/root/ros2_code/humble/vision/install/joystick_pkg:/root/ros2_code/humble/vision/install/cartographer_pkg:/root/ros2_code/humble/nav2class/install/autonomous_tb3:/root/ros2_code/humble/simulations/install/path_planner_server:/root/ros2_code/humble/simulations/install/map_server:/root/ros2_code/humble/simulations/install/localization_server:/opt/ros/humble /usr/bin/cmake --build /root/ros2_code/humble/ros_bot/build/husarion_office_gz -- -j12 -l12
[2.906s] Invoking command in '/root/ros2_code/humble/ros_bot/build/husarion_office_gz': CMAKE_PREFIX_PATH=${CMAKE_PREFIX_PATH}:/root/ros2_code/humble/ros_bot/install/rqt_tf_tree:/root/ros2_code/humble/ros_bot/install/rosbot_xl_gazebo:/root/ros2_code/humble/ros_bot/install/rosbot_xl_bringup:/root/ros2_code/humble/ros_bot/install/rosbot_xl_controller:/root/ros2_code/humble/ros_bot/install/rosbot_utils:/root/ros2_code/humble/ros_bot/install/rosbot_gazebo:/root/ros2_code/humble/ros_bot/install/rosbot_bringup:/root/ros2_code/humble/ros_bot/install/rosbot_controller:/root/ros2_code/humble/vision/install/path_planner_pkg:/root/ros2_code/humble/vision/install/nav2_api_pkg:/root/ros2_code/humble/vision/install/joystick_pkg:/root/ros2_code/humble/vision/install/cartographer_pkg:/root/ros2_code/humble/nav2class/install/autonomous_tb3:/root/ros2_code/humble/simulations/install/path_planner_server:/root/ros2_code/humble/simulations/install/map_server:/root/ros2_code/humble/simulations/install/localization_server:/opt/ros/humble /usr/bin/cmake --install /root/ros2_code/humble/ros_bot/build/husarion_office_gz
[2.930s] -- Install configuration: ""
[2.931s] -- Execute custom install script
[2.932s] -- Up-to-date symlink: /root/ros2_code/humble/ros_bot/install/husarion_office_gz/share/husarion_office_gz/husarion_office_world.launch.py
[2.959s] -- Up-to-date symlink: /root/ros2_code/humble/ros_bot/install/husarion_office_gz/share/husarion_office_gz/worlds//empty_with_plugins.sdf
[2.962s] -- Up-to-date symlink: /root/ros2_code/humble/ros_bot/install/husarion_office_gz/share/husarion_office_gz/worlds//husarion_office.world
[2.963s] -- Up-to-date symlink: /root/ros2_code/humble/ros_bot/install/husarion_office_gz/share/husarion_office_gz/worlds//husarion_world.sdf
[2.963s] -- Up-to-date symlink: /root/ros2_code/humble/ros_bot/install/husarion_office_gz/share/husarion_office_gz/worlds//meshes/husarion_world.dae
[2.963s] -- Up-to-date symlink: /root/ros2_code/humble/ros_bot/install/husarion_office_gz/share/husarion_office_gz/worlds//models/AdjTable/meshes/AdjTable.mtl
[2.963s] -- Up-to-date symlink: /root/ros2_code/humble/ros_bot/install/husarion_office_gz/share/husarion_office_gz/worlds//models/AdjTable/meshes/AdjTable.obj
[2.964s] -- Up-to-date symlink: /root/ros2_code/humble/ros_bot/install/husarion_office_gz/share/husarion_office_gz/worlds//models/AdjTable/meshes/AdjTable_Col.mtl
[2.967s] -- Up-to-date symlink: /root/ros2_code/humble/ros_bot/install/husarion_office_gz/share/husarion_office_gz/worlds//models/AdjTable/meshes/AdjTable_Col.obj
[2.968s] -- Up-to-date symlink: /root/ros2_code/humble/ros_bot/install/husarion_office_gz/share/husarion_office_gz/worlds//models/AdjTable/meshes/texture.png
[2.970s] -- Up-to-date symlink: /root/ros2_code/humble/ros_bot/install/husarion_office_gz/share/husarion_office_gz/worlds//models/AdjTable/model.config
[2.970s] -- Up-to-date symlink: /root/ros2_code/humble/ros_bot/install/husarion_office_gz/share/husarion_office_gz/worlds//models/AdjTable/model.sdf
[2.972s] -- Up-to-date symlink: /root/ros2_code/humble/ros_bot/install/husarion_office_gz/share/husarion_office_gz/worlds//models/AdjTable/thumbnails/1.png
[2.972s] -- Up-to-date symlink: /root/ros2_code/humble/ros_bot/install/husarion_office_gz/share/husarion_office_gz/worlds//models/AdjTable/thumbnails/2.png
[2.972s] -- Up-to-date symlink: /root/ros2_code/humble/ros_bot/install/husarion_office_gz/share/husarion_office_gz/worlds//models/AdjTable/thumbnails/3.png
[2.973s] -- Up-to-date symlink: /root/ros2_code/humble/ros_bot/install/husarion_office_gz/share/husarion_office_gz/worlds//models/AdjTable/thumbnails/4.png
[2.973s] -- Up-to-date symlink: /root/ros2_code/humble/ros_bot/install/husarion_office_gz/share/husarion_office_gz/worlds//models/AdjTable/thumbnails/5.png
[2.973s] -- Up-to-date symlink: /root/ros2_code/humble/ros_bot/install/husarion_office_gz/share/husarion_office_gz/worlds//models/BathroomSink/meshes/BathroomSink.mtl
[2.973s] -- Up-to-date symlink: /root/ros2_code/humble/ros_bot/install/husarion_office_gz/share/husarion_office_gz/worlds//models/BathroomSink/meshes/BathroomSink.obj
[2.973s] -- Up-to-date symlink: /root/ros2_code/humble/ros_bot/install/husarion_office_gz/share/husarion_office_gz/worlds//models/BathroomSink/meshes/BathroomSink_Col.mtl
[2.991s] -- Up-to-date symlink: /root/ros2_code/humble/ros_bot/install/husarion_office_gz/share/husarion_office_gz/worlds//models/BathroomSink/meshes/BathroomSink_Col.obj
[2.993s] -- Up-to-date symlink: /root/ros2_code/humble/ros_bot/install/husarion_office_gz/share/husarion_office_gz/worlds//models/BathroomSink/meshes/BathroomSink_Diffuse.png
[2.994s] -- Up-to-date symlink: /root/ros2_code/humble/ros_bot/install/husarion_office_gz/share/husarion_office_gz/worlds//models/BathroomSink/meshes/BathroomSink_Metal.png
[2.995s] -- Up-to-date symlink: /root/ros2_code/humble/ros_bot/install/husarion_office_gz/share/husarion_office_gz/worlds//models/BathroomSink/meshes/BathroomSink_Rough.png
[2.995s] -- Up-to-date symlink: /root/ros2_code/humble/ros_bot/install/husarion_office_gz/share/husarion_office_gz/worlds//models/BathroomSink/model.config
[2.996s] -- Up-to-date symlink: /root/ros2_code/humble/ros_bot/install/husarion_office_gz/share/husarion_office_gz/worlds//models/BathroomSink/model.sdf
[2.998s] -- Up-to-date symlink: /root/ros2_code/humble/ros_bot/install/husarion_office_gz/share/husarion_office_gz/worlds//models/BathroomSink/thumbnails/1.png
[2.998s] -- Up-to-date symlink: /root/ros2_code/humble/ros_bot/install/husarion_office_gz/share/husarion_office_gz/worlds//models/BathroomSink/thumbnails/2.png
[2.999s] -- Up-to-date symlink: /root/ros2_code/humble/ros_bot/install/husarion_office_gz/share/husarion_office_gz/worlds//models/BathroomSink/thumbnails/3.png
[3.001s] -- Up-to-date symlink: /root/ros2_code/humble/ros_bot/install/husarion_office_gz/share/husarion_office_gz/worlds//models/BathroomSink/thumbnails/4.png
[3.001s] -- Up-to-date symlink: /root/ros2_code/humble/ros_bot/install/husarion_office_gz/share/husarion_office_gz/worlds//models/BathroomSink/thumbnails/5.png
[3.002s] -- Up-to-date symlink: /root/ros2_code/humble/ros_bot/install/husarion_office_gz/share/husarion_office_gz/worlds//models/CoffeeTable/meshes/CoffeeTable.mtl
[3.002s] -- Up-to-date symlink: /root/ros2_code/humble/ros_bot/install/husarion_office_gz/share/husarion_office_gz/worlds//models/CoffeeTable/meshes/CoffeeTable.obj
[3.002s] -- Up-to-date symlink: /root/ros2_code/humble/ros_bot/install/husarion_office_gz/share/husarion_office_gz/worlds//models/CoffeeTable/meshes/CoffeeTable_Diffuse.png
[3.002s] -- Up-to-date symlink: /root/ros2_code/humble/ros_bot/install/husarion_office_gz/share/husarion_office_gz/worlds//models/CoffeeTable/meshes/CoffeeTable_Normal.png
[3.003s] -- Up-to-date symlink: /root/ros2_code/humble/ros_bot/install/husarion_office_gz/share/husarion_office_gz/worlds//models/CoffeeTable/meshes/CoffeeTable_SpecGloss.png
[3.003s] -- Up-to-date symlink: /root/ros2_code/humble/ros_bot/install/husarion_office_gz/share/husarion_office_gz/worlds//models/CoffeeTable/model.config
[3.003s] -- Up-to-date symlink: /root/ros2_code/humble/ros_bot/install/husarion_office_gz/share/husarion_office_gz/worlds//models/CoffeeTable/model.sdf
[3.004s] -- Up-to-date symlink: /root/ros2_code/humble/ros_bot/install/husarion_office_gz/share/husarion_office_gz/worlds//models/CoffeeTable/thumbnails/1.png
[3.004s] -- Up-to-date symlink: /root/ros2_code/humble/ros_bot/install/husarion_office_gz/share/husarion_office_gz/worlds//models/CoffeeTable/thumbnails/2.png
[3.004s] -- Up-to-date symlink: /root/ros2_code/humble/ros_bot/install/husarion_office_gz/share/husarion_office_gz/worlds//models/CoffeeTable/thumbnails/3.png
[3.004s] -- Up-to-date symlink: /root/ros2_code/humble/ros_bot/install/husarion_office_gz/share/husarion_office_gz/worlds//models/CoffeeTable/thumbnails/4.png
[3.005s] -- Up-to-date symlink: /root/ros2_code/humble/ros_bot/install/husarion_office_gz/share/husarion_office_gz/worlds//models/CoffeeTable/thumbnails/5.png
[3.005s] -- Up-to-date symlink: /root/ros2_code/humble/ros_bot/install/husarion_office_gz/share/husarion_office_gz/worlds//models/ConfTable/meshes/ConfTable2.stl
[3.005s] -- Up-to-date symlink: /root/ros2_code/humble/ros_bot/install/husarion_office_gz/share/husarion_office_gz/worlds//models/ConfTable/model.config
[3.006s] -- Up-to-date symlink: /root/ros2_code/humble/ros_bot/install/husarion_office_gz/share/husarion_office_gz/worlds//models/ConfTable/model.sdf
[3.006s] -- Up-to-date symlink: /root/ros2_code/humble/ros_bot/install/husarion_office_gz/share/husarion_office_gz/worlds//models/DeskChair/materials/textures/DeskChair.png
[3.006s] -- Up-to-date symlink: /root/ros2_code/humble/ros_bot/install/husarion_office_gz/share/husarion_office_gz/worlds//models/DeskChair/meshes/DeskChair.mtl
[3.007s] -- Up-to-date symlink: /root/ros2_code/humble/ros_bot/install/husarion_office_gz/share/husarion_office_gz/worlds//models/DeskChair/meshes/DeskChair.obj
[3.007s] -- Up-to-date symlink: /root/ros2_code/humble/ros_bot/install/husarion_office_gz/share/husarion_office_gz/worlds//models/DeskChair/model.config
[3.008s] -- Up-to-date symlink: /root/ros2_code/humble/ros_bot/install/husarion_office_gz/share/husarion_office_gz/worlds//models/DeskChair/model.sdf
[3.008s] -- Up-to-date symlink: /root/ros2_code/humble/ros_bot/install/husarion_office_gz/share/husarion_office_gz/worlds//models/DeskChair/thumbnails/1.png
[3.009s] -- Up-to-date symlink: /root/ros2_code/humble/ros_bot/install/husarion_office_gz/share/husarion_office_gz/worlds//models/DeskChair/thumbnails/2.png
[3.009s] -- Up-to-date symlink: /root/ros2_code/humble/ros_bot/install/husarion_office_gz/share/husarion_office_gz/worlds//models/DeskChair/thumbnails/3.png
[3.009s] -- Up-to-date symlink: /root/ros2_code/humble/ros_bot/install/husarion_office_gz/share/husarion_office_gz/worlds//models/DeskChair/thumbnails/4.png
[3.010s] -- Up-to-date symlink: /root/ros2_code/humble/ros_bot/install/husarion_office_gz/share/husarion_office_gz/worlds//models/DeskChair/thumbnails/5.png
[3.010s] -- Up-to-date symlink: /root/ros2_code/humble/ros_bot/install/husarion_office_gz/share/husarion_office_gz/worlds//models/Door/meshes/door.stl
[3.011s] -- Up-to-date symlink: /root/ros2_code/humble/ros_bot/install/husarion_office_gz/share/husarion_office_gz/worlds//models/Door/model.config
[3.011s] -- Up-to-date symlink: /root/ros2_code/humble/ros_bot/install/husarion_office_gz/share/husarion_office_gz/worlds//models/Door/model.sdf
[3.011s] -- Up-to-date symlink: /root/ros2_code/humble/ros_bot/install/husarion_office_gz/share/husarion_office_gz/worlds//models/Drawer/meshes/Drawer.mtl
[3.012s] -- Up-to-date symlink: /root/ros2_code/humble/ros_bot/install/husarion_office_gz/share/husarion_office_gz/worlds//models/Drawer/meshes/Drawer.obj
[3.012s] -- Up-to-date symlink: /root/ros2_code/humble/ros_bot/install/husarion_office_gz/share/husarion_office_gz/worlds//models/Drawer/meshes/Drawer.png
[3.014s] -- Up-to-date symlink: /root/ros2_code/humble/ros_bot/install/husarion_office_gz/share/husarion_office_gz/worlds//models/Drawer/meshes/Drawer_Col.obj
[3.014s] -- Up-to-date symlink: /root/ros2_code/humble/ros_bot/install/husarion_office_gz/share/husarion_office_gz/worlds//models/Drawer/model.config
[3.014s] -- Up-to-date symlink: /root/ros2_code/humble/ros_bot/install/husarion_office_gz/share/husarion_office_gz/worlds//models/Drawer/model.sdf
[3.014s] -- Up-to-date symlink: /root/ros2_code/humble/ros_bot/install/husarion_office_gz/share/husarion_office_gz/worlds//models/Drawer/thumbnails/1.png
[3.015s] -- Up-to-date symlink: /root/ros2_code/humble/ros_bot/install/husarion_office_gz/share/husarion_office_gz/worlds//models/Drawer/thumbnails/2.png
[3.015s] -- Up-to-date symlink: /root/ros2_code/humble/ros_bot/install/husarion_office_gz/share/husarion_office_gz/worlds//models/Drawer/thumbnails/3.png
[3.015s] -- Up-to-date symlink: /root/ros2_code/humble/ros_bot/install/husarion_office_gz/share/husarion_office_gz/worlds//models/Drawer/thumbnails/4.png
[3.015s] -- Up-to-date symlink: /root/ros2_code/humble/ros_bot/install/husarion_office_gz/share/husarion_office_gz/worlds//models/Drawer/thumbnails/5.png
[3.015s] -- Up-to-date symlink: /root/ros2_code/humble/ros_bot/install/husarion_office_gz/share/husarion_office_gz/worlds//models/Fridge/meshes/Fridge.mtl
[3.016s] -- Up-to-date symlink: /root/ros2_code/humble/ros_bot/install/husarion_office_gz/share/husarion_office_gz/worlds//models/Fridge/meshes/Fridge.obj
[3.016s] -- Up-to-date symlink: /root/ros2_code/humble/ros_bot/install/husarion_office_gz/share/husarion_office_gz/worlds//models/Fridge/meshes/Fridge_Col.mtl
[3.016s] -- Up-to-date symlink: /root/ros2_code/humble/ros_bot/install/husarion_office_gz/share/husarion_office_gz/worlds//models/Fridge/meshes/Fridge_Col.obj
[3.017s] -- Up-to-date symlink: /root/ros2_code/humble/ros_bot/install/husarion_office_gz/share/husarion_office_gz/worlds//models/Fridge/meshes/Fridge_Diffuse.png
[3.017s] -- Up-to-date symlink: /root/ros2_code/humble/ros_bot/install/husarion_office_gz/share/husarion_office_gz/worlds//models/Fridge/model.config
[3.018s] -- Up-to-date symlink: /root/ros2_code/humble/ros_bot/install/husarion_office_gz/share/husarion_office_gz/worlds//models/Fridge/model.sdf
[3.018s] -- Up-to-date symlink: /root/ros2_code/humble/ros_bot/install/husarion_office_gz/share/husarion_office_gz/worlds//models/Fridge/thumbnails/1.png
[3.019s] -- Up-to-date symlink: /root/ros2_code/humble/ros_bot/install/husarion_office_gz/share/husarion_office_gz/worlds//models/Fridge/thumbnails/2.png
[3.019s] -- Up-to-date symlink: /root/ros2_code/humble/ros_bot/install/husarion_office_gz/share/husarion_office_gz/worlds//models/Fridge/thumbnails/3.png
[3.019s] -- Up-to-date symlink: /root/ros2_code/humble/ros_bot/install/husarion_office_gz/share/husarion_office_gz/worlds//models/Fridge/thumbnails/4.png
[3.019s] -- Up-to-date symlink: /root/ros2_code/humble/ros_bot/install/husarion_office_gz/share/husarion_office_gz/worlds//models/Fridge/thumbnails/5.png
[3.020s] -- Up-to-date symlink: /root/ros2_code/humble/ros_bot/install/husarion_office_gz/share/husarion_office_gz/worlds//models/Kitchen/meshes/kitchen.stl
[3.020s] -- Up-to-date symlink: /root/ros2_code/humble/ros_bot/install/husarion_office_gz/share/husarion_office_gz/worlds//models/Kitchen/model.config
[3.020s] -- Up-to-date symlink: /root/ros2_code/humble/ros_bot/install/husarion_office_gz/share/husarion_office_gz/worlds//models/Kitchen/model.sdf
[3.021s] -- Up-to-date symlink: /root/ros2_code/humble/ros_bot/install/husarion_office_gz/share/husarion_office_gz/worlds//models/Laptop/meshes/laptop.stl
[3.021s] -- Up-to-date symlink: /root/ros2_code/humble/ros_bot/install/husarion_office_gz/share/husarion_office_gz/worlds//models/Laptop/model.config
[3.022s] -- Up-to-date symlink: /root/ros2_code/humble/ros_bot/install/husarion_office_gz/share/husarion_office_gz/worlds//models/Laptop/model.sdf
[3.022s] -- Up-to-date symlink: /root/ros2_code/humble/ros_bot/install/husarion_office_gz/share/husarion_office_gz/worlds//models/MopCart2/meshes/BigRed.png
[3.022s] -- Up-to-date symlink: /root/ros2_code/humble/ros_bot/install/husarion_office_gz/share/husarion_office_gz/worlds//models/MopCart2/meshes/Blue.png
[3.022s] -- Up-to-date symlink: /root/ros2_code/humble/ros_bot/install/husarion_office_gz/share/husarion_office_gz/worlds//models/MopCart2/meshes/Broom.png
[3.022s] -- Up-to-date symlink: /root/ros2_code/humble/ros_bot/install/husarion_office_gz/share/husarion_office_gz/worlds//models/MopCart2/meshes/Cart2.png
[3.023s] -- Up-to-date symlink: /root/ros2_code/humble/ros_bot/install/husarion_office_gz/share/husarion_office_gz/worlds//models/MopCart2/meshes/Cloth.png
[3.023s] -- Up-to-date symlink: /root/ros2_code/humble/ros_bot/install/husarion_office_gz/share/husarion_office_gz/worlds//models/MopCart2/meshes/Duster.png
[3.024s] -- Up-to-date symlink: /root/ros2_code/humble/ros_bot/install/husarion_office_gz/share/husarion_office_gz/worlds//models/MopCart2/meshes/Mop.png
[3.024s] -- Up-to-date symlink: /root/ros2_code/humble/ros_bot/install/husarion_office_gz/share/husarion_office_gz/worlds//models/MopCart2/meshes/MopCart2.mtl
[3.027s] -- Up-to-date symlink: /root/ros2_code/humble/ros_bot/install/husarion_office_gz/share/husarion_office_gz/worlds//models/MopCart2/meshes/MopCart2.obj
[3.028s] -- Up-to-date symlink: /root/ros2_code/humble/ros_bot/install/husarion_office_gz/share/husarion_office_gz/worlds//models/MopCart2/meshes/Tongs.png
[3.028s] -- Up-to-date symlink: /root/ros2_code/humble/ros_bot/install/husarion_office_gz/share/husarion_office_gz/worlds//models/MopCart2/model.config
[3.028s] -- Up-to-date symlink: /root/ros2_code/humble/ros_bot/install/husarion_office_gz/share/husarion_office_gz/worlds//models/MopCart2/model.sdf
[3.029s] -- Up-to-date symlink: /root/ros2_code/humble/ros_bot/install/husarion_office_gz/share/husarion_office_gz/worlds//models/MopCart2/thumbnails/1.png
[3.029s] -- Up-to-date symlink: /root/ros2_code/humble/ros_bot/install/husarion_office_gz/share/husarion_office_gz/worlds//models/MopCart2/thumbnails/2.png
[3.030s] -- Up-to-date symlink: /root/ros2_code/humble/ros_bot/install/husarion_office_gz/share/husarion_office_gz/worlds//models/MopCart2/thumbnails/3.png
[3.030s] -- Up-to-date symlink: /root/ros2_code/humble/ros_bot/install/husarion_office_gz/share/husarion_office_gz/worlds//models/MopCart2/thumbnails/4.png
[3.030s] -- Up-to-date symlink: /root/ros2_code/humble/ros_bot/install/husarion_office_gz/share/husarion_office_gz/worlds//models/MopCart2/thumbnails/5.png
[3.031s] -- Up-to-date symlink: /root/ros2_code/humble/ros_bot/install/husarion_office_gz/share/husarion_office_gz/worlds//models/MopCart3/meshes/Blue.png
[3.032s] -- Up-to-date symlink: /root/ros2_code/humble/ros_bot/install/husarion_office_gz/share/husarion_office_gz/worlds//models/MopCart3/meshes/Cart.png
[3.032s] -- Up-to-date symlink: /root/ros2_code/humble/ros_bot/install/husarion_office_gz/share/husarion_office_gz/worlds//models/MopCart3/meshes/Cloth.png
[3.032s] -- Up-to-date symlink: /root/ros2_code/humble/ros_bot/install/husarion_office_gz/share/husarion_office_gz/worlds//models/MopCart3/meshes/Duster.png
[3.032s] -- Up-to-date symlink: /root/ros2_code/humble/ros_bot/install/husarion_office_gz/share/husarion_office_gz/worlds//models/MopCart3/meshes/Glove.png
[3.033s] -- Up-to-date symlink: /root/ros2_code/humble/ros_bot/install/husarion_office_gz/share/husarion_office_gz/worlds//models/MopCart3/meshes/Mop.png
[3.033s] -- Up-to-date symlink: /root/ros2_code/humble/ros_bot/install/husarion_office_gz/share/husarion_office_gz/worlds//models/MopCart3/meshes/MopCart3.mtl
[3.034s] -- Up-to-date symlink: /root/ros2_code/humble/ros_bot/install/husarion_office_gz/share/husarion_office_gz/worlds//models/MopCart3/meshes/MopCart3.obj
[3.034s] -- Up-to-date symlink: /root/ros2_code/humble/ros_bot/install/husarion_office_gz/share/husarion_office_gz/worlds//models/MopCart3/meshes/Parcel.png
[3.034s] -- Up-to-date symlink: /root/ros2_code/humble/ros_bot/install/husarion_office_gz/share/husarion_office_gz/worlds//models/MopCart3/meshes/Plastic.png
[3.034s] -- Up-to-date symlink: /root/ros2_code/humble/ros_bot/install/husarion_office_gz/share/husarion_office_gz/worlds//models/MopCart3/meshes/Red.png
[3.034s] -- Up-to-date symlink: /root/ros2_code/humble/ros_bot/install/husarion_office_gz/share/husarion_office_gz/worlds//models/MopCart3/meshes/Sign.png
[3.035s] -- Up-to-date symlink: /root/ros2_code/humble/ros_bot/install/husarion_office_gz/share/husarion_office_gz/worlds//models/MopCart3/meshes/Spray.png
[3.035s] -- Up-to-date symlink: /root/ros2_code/humble/ros_bot/install/husarion_office_gz/share/husarion_office_gz/worlds//models/MopCart3/model.config
[3.039s] -- Up-to-date symlink: /root/ros2_code/humble/ros_bot/install/husarion_office_gz/share/husarion_office_gz/worlds//models/MopCart3/model.sdf
[3.039s] -- Up-to-date symlink: /root/ros2_code/humble/ros_bot/install/husarion_office_gz/share/husarion_office_gz/worlds//models/MopCart3/thumbnails/1.png
[3.039s] -- Up-to-date symlink: /root/ros2_code/humble/ros_bot/install/husarion_office_gz/share/husarion_office_gz/worlds//models/MopCart3/thumbnails/2.png
[3.040s] -- Up-to-date symlink: /root/ros2_code/humble/ros_bot/install/husarion_office_gz/share/husarion_office_gz/worlds//models/MopCart3/thumbnails/3.png
[3.041s] -- Up-to-date symlink: /root/ros2_code/humble/ros_bot/install/husarion_office_gz/share/husarion_office_gz/worlds//models/MopCart3/thumbnails/4.png
[3.044s] -- Up-to-date symlink: /root/ros2_code/humble/ros_bot/install/husarion_office_gz/share/husarion_office_gz/worlds//models/MopCart3/thumbnails/5.png
[3.044s] -- Up-to-date symlink: /root/ros2_code/humble/ros_bot/install/husarion_office_gz/share/husarion_office_gz/worlds//models/MopCart4/meshes/Cart.png
[3.044s] -- Up-to-date symlink: /root/ros2_code/humble/ros_bot/install/husarion_office_gz/share/husarion_office_gz/worlds//models/MopCart4/meshes/MopCart4.mtl
[3.045s] -- Up-to-date symlink: /root/ros2_code/humble/ros_bot/install/husarion_office_gz/share/husarion_office_gz/worlds//models/MopCart4/meshes/MopCart4.obj
[3.045s] -- Up-to-date symlink: /root/ros2_code/humble/ros_bot/install/husarion_office_gz/share/husarion_office_gz/worlds//models/MopCart4/meshes/blue.png
[3.045s] -- Up-to-date symlink: /root/ros2_code/humble/ros_bot/install/husarion_office_gz/share/husarion_office_gz/worlds//models/MopCart4/meshes/red.png
[3.045s] -- Up-to-date symlink: /root/ros2_code/humble/ros_bot/install/husarion_office_gz/share/husarion_office_gz/worlds//models/MopCart4/model.config
[3.045s] -- Up-to-date symlink: /root/ros2_code/humble/ros_bot/install/husarion_office_gz/share/husarion_office_gz/worlds//models/MopCart4/model.sdf
[3.045s] -- Up-to-date symlink: /root/ros2_code/humble/ros_bot/install/husarion_office_gz/share/husarion_office_gz/worlds//models/MopCart4/thumbnails/1.png
[3.045s] -- Up-to-date symlink: /root/ros2_code/humble/ros_bot/install/husarion_office_gz/share/husarion_office_gz/worlds//models/MopCart4/thumbnails/2.png
[3.045s] -- Up-to-date symlink: /root/ros2_code/humble/ros_bot/install/husarion_office_gz/share/husarion_office_gz/worlds//models/MopCart4/thumbnails/3.png
[3.045s] -- Up-to-date symlink: /root/ros2_code/humble/ros_bot/install/husarion_office_gz/share/husarion_office_gz/worlds//models/MopCart4/thumbnails/4.png
[3.045s] -- Up-to-date symlink: /root/ros2_code/humble/ros_bot/install/husarion_office_gz/share/husarion_office_gz/worlds//models/MopCart4/thumbnails/5.png
[3.046s] -- Up-to-date symlink: /root/ros2_code/humble/ros_bot/install/husarion_office_gz/share/husarion_office_gz/worlds//models/OfficeChairBlack/meshes/OfficeChairBlack.mtl
[3.048s] -- Up-to-date symlink: /root/ros2_code/humble/ros_bot/install/husarion_office_gz/share/husarion_office_gz/worlds//models/OfficeChairBlack/meshes/OfficeChairBlack.obj
[3.048s] -- Up-to-date symlink: /root/ros2_code/humble/ros_bot/install/husarion_office_gz/share/husarion_office_gz/worlds//models/OfficeChairBlack/meshes/OfficeChairBlack.png
[3.048s] -- Up-to-date symlink: /root/ros2_code/humble/ros_bot/install/husarion_office_gz/share/husarion_office_gz/worlds//models/OfficeChairBlack/meshes/OfficeChairBlack_Col.mtl
[3.049s] -- Up-to-date symlink: /root/ros2_code/humble/ros_bot/install/husarion_office_gz/share/husarion_office_gz/worlds//models/OfficeChairBlack/meshes/OfficeChairBlack_Col.obj
[3.049s] -- Up-to-date symlink: /root/ros2_code/humble/ros_bot/install/husarion_office_gz/share/husarion_office_gz/worlds//models/OfficeChairBlack/model.config
[3.049s] -- Up-to-date symlink: /root/ros2_code/humble/ros_bot/install/husarion_office_gz/share/husarion_office_gz/worlds//models/OfficeChairBlack/model.sdf
[3.049s] -- Up-to-date symlink: /root/ros2_code/humble/ros_bot/install/husarion_office_gz/share/husarion_office_gz/worlds//models/OfficeChairBlack/thumbnails/1.png
[3.049s] -- Up-to-date symlink: /root/ros2_code/humble/ros_bot/install/husarion_office_gz/share/husarion_office_gz/worlds//models/OfficeChairBlack/thumbnails/2.png
[3.049s] -- Up-to-date symlink: /root/ros2_code/humble/ros_bot/install/husarion_office_gz/share/husarion_office_gz/worlds//models/OfficeChairBlack/thumbnails/3.png
[3.049s] -- Up-to-date symlink: /root/ros2_code/humble/ros_bot/install/husarion_office_gz/share/husarion_office_gz/worlds//models/OfficeChairBlack/thumbnails/4.png
[3.050s] -- Up-to-date symlink: /root/ros2_code/humble/ros_bot/install/husarion_office_gz/share/husarion_office_gz/worlds//models/OfficeChairBlack/thumbnails/5.png
[3.050s] -- Up-to-date symlink: /root/ros2_code/humble/ros_bot/install/husarion_office_gz/share/husarion_office_gz/worlds//models/OfficeChairBlack/thumbnails/meta/1.png
[3.051s] -- Up-to-date symlink: /root/ros2_code/humble/ros_bot/install/husarion_office_gz/share/husarion_office_gz/worlds//models/OfficeChairBlack/thumbnails/meta/2.png
[3.052s] -- Up-to-date symlink: /root/ros2_code/humble/ros_bot/install/husarion_office_gz/share/husarion_office_gz/worlds//models/OfficeChairBlack/thumbnails/meta/3.png
[3.052s] -- Up-to-date symlink: /root/ros2_code/humble/ros_bot/install/husarion_office_gz/share/husarion_office_gz/worlds//models/OfficeChairBlack/thumbnails/meta/4.png
[3.052s] -- Up-to-date symlink: /root/ros2_code/humble/ros_bot/install/husarion_office_gz/share/husarion_office_gz/worlds//models/OfficeChairBlack/thumbnails/meta/5.png
[3.053s] -- Up-to-date symlink: /root/ros2_code/humble/ros_bot/install/husarion_office_gz/share/husarion_office_gz/worlds//models/SquareShelf/meshes/SquareShelf.mtl
[3.053s] -- Up-to-date symlink: /root/ros2_code/humble/ros_bot/install/husarion_office_gz/share/husarion_office_gz/worlds//models/SquareShelf/meshes/SquareShelf.obj
[3.053s] -- Up-to-date symlink: /root/ros2_code/humble/ros_bot/install/husarion_office_gz/share/husarion_office_gz/worlds//models/SquareShelf/meshes/SquareShelf_Col.mtl
[3.053s] -- Up-to-date symlink: /root/ros2_code/humble/ros_bot/install/husarion_office_gz/share/husarion_office_gz/worlds//models/SquareShelf/meshes/SquareShelf_Col.obj
[3.053s] -- Up-to-date symlink: /root/ros2_code/humble/ros_bot/install/husarion_office_gz/share/husarion_office_gz/worlds//models/SquareShelf/meshes/SquareShelf_Diffuse.png
[3.054s] -- Up-to-date symlink: /root/ros2_code/humble/ros_bot/install/husarion_office_gz/share/husarion_office_gz/worlds//models/SquareShelf/model.config
[3.054s] -- Up-to-date symlink: /root/ros2_code/humble/ros_bot/install/husarion_office_gz/share/husarion_office_gz/worlds//models/SquareShelf/model.sdf
[3.054s] -- Up-to-date symlink: /root/ros2_code/humble/ros_bot/install/husarion_office_gz/share/husarion_office_gz/worlds//models/SquareShelf/thumbnails/1.png
[3.054s] -- Up-to-date symlink: /root/ros2_code/humble/ros_bot/install/husarion_office_gz/share/husarion_office_gz/worlds//models/SquareShelf/thumbnails/2.png
[3.054s] -- Up-to-date symlink: /root/ros2_code/humble/ros_bot/install/husarion_office_gz/share/husarion_office_gz/worlds//models/SquareShelf/thumbnails/3.png
[3.054s] -- Up-to-date symlink: /root/ros2_code/humble/ros_bot/install/husarion_office_gz/share/husarion_office_gz/worlds//models/SquareShelf/thumbnails/4.png
[3.055s] -- Up-to-date symlink: /root/ros2_code/humble/ros_bot/install/husarion_office_gz/share/husarion_office_gz/worlds//models/SquareShelf/thumbnails/5.png
[3.059s] -- Up-to-date symlink: /root/ros2_code/humble/ros_bot/install/husarion_office_gz/share/husarion_office_gz/worlds//models/Stairs/model.config
[3.059s] -- Up-to-date symlink: /root/ros2_code/humble/ros_bot/install/husarion_office_gz/share/husarion_office_gz/worlds//models/Stairs/model.sdf
[3.059s] -- Up-to-date symlink: /root/ros2_code/humble/ros_bot/install/husarion_office_gz/share/husarion_office_gz/worlds//models/Table/Table_Diffuse.jpg
[3.060s] -- Up-to-date symlink: /root/ros2_code/humble/ros_bot/install/husarion_office_gz/share/husarion_office_gz/worlds//models/Table/model-1_2.sdf
[3.060s] -- Up-to-date symlink: /root/ros2_code/humble/ros_bot/install/husarion_office_gz/share/husarion_office_gz/worlds//models/Table/model-1_3.sdf
[3.060s] -- Up-to-date symlink: /root/ros2_code/humble/ros_bot/install/husarion_office_gz/share/husarion_office_gz/worlds//models/Table/model-1_4.sdf
[3.060s] -- Up-to-date symlink: /root/ros2_code/humble/ros_bot/install/husarion_office_gz/share/husarion_office_gz/worlds//models/Table/model.config
[3.060s] -- Up-to-date symlink: /root/ros2_code/humble/ros_bot/install/husarion_office_gz/share/husarion_office_gz/worlds//models/Table/model.sdf
[3.060s] -- Up-to-date symlink: /root/ros2_code/humble/ros_bot/install/husarion_office_gz/share/husarion_office_gz/worlds//models/Table/thumbnails/1.png
[3.060s] -- Up-to-date symlink: /root/ros2_code/humble/ros_bot/install/husarion_office_gz/share/husarion_office_gz/worlds//models/Table/thumbnails/2.png
[3.066s] -- Up-to-date symlink: /root/ros2_code/humble/ros_bot/install/husarion_office_gz/share/husarion_office_gz/worlds//models/Table/thumbnails/3.png
[3.067s] -- Up-to-date symlink: /root/ros2_code/humble/ros_bot/install/husarion_office_gz/share/husarion_office_gz/worlds//models/Table/thumbnails/4.png
[3.067s] -- Up-to-date symlink: /root/ros2_code/humble/ros_bot/install/husarion_office_gz/share/husarion_office_gz/worlds//models/Table/thumbnails/5.png
[3.067s] -- Up-to-date symlink: /root/ros2_code/humble/ros_bot/install/husarion_office_gz/share/husarion_office_gz/worlds//models/Toilet/meshes/toilet.mtl
[3.067s] -- Up-to-date symlink: /root/ros2_code/humble/ros_bot/install/husarion_office_gz/share/husarion_office_gz/worlds//models/Toilet/meshes/toilet.obj
[3.068s] -- Up-to-date symlink: /root/ros2_code/humble/ros_bot/install/husarion_office_gz/share/husarion_office_gz/worlds//models/Toilet/model.config
[3.068s] -- Up-to-date symlink: /root/ros2_code/humble/ros_bot/install/husarion_office_gz/share/husarion_office_gz/worlds//models/Toilet/model.sdf
[3.068s] -- Up-to-date symlink: /root/ros2_code/humble/ros_bot/install/husarion_office_gz/share/husarion_office_gz/worlds//models/Toilet/thumbnails/1.png
[3.068s] -- Up-to-date symlink: /root/ros2_code/humble/ros_bot/install/husarion_office_gz/share/husarion_office_gz/worlds//models/Toilet/thumbnails/2.png
[3.068s] -- Up-to-date symlink: /root/ros2_code/humble/ros_bot/install/husarion_office_gz/share/husarion_office_gz/worlds//models/Toilet/thumbnails/3.png
[3.068s] -- Up-to-date symlink: /root/ros2_code/humble/ros_bot/install/husarion_office_gz/share/husarion_office_gz/worlds//models/Toilet/thumbnails/4.png
[3.068s] -- Up-to-date symlink: /root/ros2_code/humble/ros_bot/install/husarion_office_gz/share/husarion_office_gz/worlds//models/Toilet/thumbnails/5.png
[3.069s] -- Up-to-date symlink: /root/ros2_code/humble/ros_bot/install/husarion_office_gz/share/husarion_office_gz/worlds//models/TrashBin/meshes/TrashBin.mtl
[3.069s] -- Up-to-date symlink: /root/ros2_code/humble/ros_bot/install/husarion_office_gz/share/husarion_office_gz/worlds//models/TrashBin/meshes/TrashBin.obj
[3.069s] -- Up-to-date symlink: /root/ros2_code/humble/ros_bot/install/husarion_office_gz/share/husarion_office_gz/worlds//models/TrashBin/meshes/TrashBin_Diffuse.png
[3.069s] -- Up-to-date symlink: /root/ros2_code/humble/ros_bot/install/husarion_office_gz/share/husarion_office_gz/worlds//models/TrashBin/model.config
[3.070s] -- Up-to-date symlink: /root/ros2_code/humble/ros_bot/install/husarion_office_gz/share/husarion_office_gz/worlds//models/TrashBin/model.sdf
[3.070s] -- Up-to-date symlink: /root/ros2_code/humble/ros_bot/install/husarion_office_gz/share/husarion_office_gz/worlds//models/TrashBin/thumbnails/1.png
[3.071s] -- Up-to-date symlink: /root/ros2_code/humble/ros_bot/install/husarion_office_gz/share/husarion_office_gz/worlds//models/TrashBin/thumbnails/2.png
[3.071s] -- Up-to-date symlink: /root/ros2_code/humble/ros_bot/install/husarion_office_gz/share/husarion_office_gz/worlds//models/TrashBin/thumbnails/3.png
[3.071s] -- Up-to-date symlink: /root/ros2_code/humble/ros_bot/install/husarion_office_gz/share/husarion_office_gz/worlds//models/TrashBin/thumbnails/4.png
[3.071s] -- Up-to-date symlink: /root/ros2_code/humble/ros_bot/install/husarion_office_gz/share/husarion_office_gz/worlds//models/TrashBin/thumbnails/5.png
[3.071s] -- Up-to-date symlink: /root/ros2_code/humble/ros_bot/install/husarion_office_gz/share/husarion_office_gz/worlds//models/Tv/meshes/tv.stl
[3.071s] -- Up-to-date symlink: /root/ros2_code/humble/ros_bot/install/husarion_office_gz/share/husarion_office_gz/worlds//models/Tv/model.config
[3.072s] -- Up-to-date symlink: /root/ros2_code/humble/ros_bot/install/husarion_office_gz/share/husarion_office_gz/worlds//models/Tv/model.sdf
[3.074s] -- Up-to-date symlink: /root/ros2_code/humble/ros_bot/install/husarion_office_gz/share/husarion_office_gz/worlds//models/WaterDispenser/meshes/WaterDispenser.dae
[3.077s] -- Up-to-date symlink: /root/ros2_code/humble/ros_bot/install/husarion_office_gz/share/husarion_office_gz/worlds//models/WaterDispenser/model.config
[3.077s] -- Up-to-date symlink: /root/ros2_code/humble/ros_bot/install/husarion_office_gz/share/husarion_office_gz/worlds//models/WaterDispenser/model.sdf
[3.077s] -- Up-to-date symlink: /root/ros2_code/humble/ros_bot/install/husarion_office_gz/share/husarion_office_gz/worlds//models/WhiteCabinet/meshes/WhiteCabinet.mtl
[3.077s] -- Up-to-date symlink: /root/ros2_code/humble/ros_bot/install/husarion_office_gz/share/husarion_office_gz/worlds//models/WhiteCabinet/meshes/WhiteCabinet.obj
[3.077s] -- Up-to-date symlink: /root/ros2_code/humble/ros_bot/install/husarion_office_gz/share/husarion_office_gz/worlds//models/WhiteCabinet/meshes/WhiteCabinet.png
[3.077s] -- Up-to-date symlink: /root/ros2_code/humble/ros_bot/install/husarion_office_gz/share/husarion_office_gz/worlds//models/WhiteCabinet/model.config
[3.078s] -- Up-to-date symlink: /root/ros2_code/humble/ros_bot/install/husarion_office_gz/share/husarion_office_gz/worlds//models/WhiteCabinet/model.sdf
[3.078s] -- Up-to-date symlink: /root/ros2_code/humble/ros_bot/install/husarion_office_gz/share/husarion_office_gz/worlds//models/WhiteCabinet/thumbnails/1.png
[3.078s] -- Up-to-date symlink: /root/ros2_code/humble/ros_bot/install/husarion_office_gz/share/husarion_office_gz/worlds//models/WhiteCabinet/thumbnails/2.png
[3.078s] -- Up-to-date symlink: /root/ros2_code/humble/ros_bot/install/husarion_office_gz/share/husarion_office_gz/worlds//models/WhiteCabinet/thumbnails/3.png
[3.078s] -- Up-to-date symlink: /root/ros2_code/humble/ros_bot/install/husarion_office_gz/share/husarion_office_gz/worlds//models/WhiteCabinet/thumbnails/4.png
[3.079s] -- Up-to-date symlink: /root/ros2_code/humble/ros_bot/install/husarion_office_gz/share/husarion_office_gz/worlds//models/WhiteCabinet/thumbnails/5.png
[3.079s] -- Up-to-date symlink: /root/ros2_code/humble/ros_bot/install/husarion_office_gz/share/husarion_office_gz/worlds//models/WoodenChair/meshes/WoodenChair.mtl
[3.079s] -- Up-to-date symlink: /root/ros2_code/humble/ros_bot/install/husarion_office_gz/share/husarion_office_gz/worlds//models/WoodenChair/meshes/WoodenChair.obj
[3.080s] -- Up-to-date symlink: /root/ros2_code/humble/ros_bot/install/husarion_office_gz/share/husarion_office_gz/worlds//models/WoodenChair/meshes/WoodenChair_Col.mtl
[3.083s] -- Up-to-date symlink: /root/ros2_code/humble/ros_bot/install/husarion_office_gz/share/husarion_office_gz/worlds//models/WoodenChair/meshes/WoodenChair_Col.obj
[3.083s] -- Up-to-date symlink: /root/ros2_code/humble/ros_bot/install/husarion_office_gz/share/husarion_office_gz/worlds//models/WoodenChair/meshes/WoodenChair_Diffuse.png
[3.084s] -- Up-to-date symlink: /root/ros2_code/humble/ros_bot/install/husarion_office_gz/share/husarion_office_gz/worlds//models/WoodenChair/meshes/WoodenChair_Rough.png
[3.084s] -- Up-to-date symlink: /root/ros2_code/humble/ros_bot/install/husarion_office_gz/share/husarion_office_gz/worlds//models/WoodenChair/model.config
[3.084s] -- Up-to-date symlink: /root/ros2_code/humble/ros_bot/install/husarion_office_gz/share/husarion_office_gz/worlds//models/WoodenChair/model.sdf
[3.085s] -- Up-to-date symlink: /root/ros2_code/humble/ros_bot/install/husarion_office_gz/share/husarion_office_gz/worlds//models/WoodenChair/thumbnails/1.png
[3.085s] -- Up-to-date symlink: /root/ros2_code/humble/ros_bot/install/husarion_office_gz/share/husarion_office_gz/worlds//models/WoodenChair/thumbnails/2.png
[3.085s] -- Up-to-date symlink: /root/ros2_code/humble/ros_bot/install/husarion_office_gz/share/husarion_office_gz/worlds//models/WoodenChair/thumbnails/3.png
[3.085s] -- Up-to-date symlink: /root/ros2_code/humble/ros_bot/install/husarion_office_gz/share/husarion_office_gz/worlds//models/WoodenChair/thumbnails/4.png
[3.085s] -- Up-to-date symlink: /root/ros2_code/humble/ros_bot/install/husarion_office_gz/share/husarion_office_gz/worlds//models/WoodenChair/thumbnails/5.png
[3.085s] -- Up-to-date symlink: /root/ros2_code/humble/ros_bot/install/husarion_office_gz/share/husarion_office_gz/worlds//models/pradnicka_office_L1/meshes/black_concrete.png
[3.086s] -- Up-to-date symlink: /root/ros2_code/humble/ros_bot/install/husarion_office_gz/share/husarion_office_gz/worlds//models/pradnicka_office_L1/meshes/floor_1.mtl
[3.086s] -- Up-to-date symlink: /root/ros2_code/humble/ros_bot/install/husarion_office_gz/share/husarion_office_gz/worlds//models/pradnicka_office_L1/meshes/floor_1.obj
[3.086s] -- Up-to-date symlink: /root/ros2_code/humble/ros_bot/install/husarion_office_gz/share/husarion_office_gz/worlds//models/pradnicka_office_L1/meshes/floor_10.mtl
[3.091s] -- Up-to-date symlink: /root/ros2_code/humble/ros_bot/install/husarion_office_gz/share/husarion_office_gz/worlds//models/pradnicka_office_L1/meshes/floor_10.obj
[3.091s] -- Up-to-date symlink: /root/ros2_code/humble/ros_bot/install/husarion_office_gz/share/husarion_office_gz/worlds//models/pradnicka_office_L1/meshes/floor_11.mtl
[3.091s] -- Up-to-date symlink: /root/ros2_code/humble/ros_bot/install/husarion_office_gz/share/husarion_office_gz/worlds//models/pradnicka_office_L1/meshes/floor_11.obj
[3.091s] -- Up-to-date symlink: /root/ros2_code/humble/ros_bot/install/husarion_office_gz/share/husarion_office_gz/worlds//models/pradnicka_office_L1/meshes/floor_12.mtl
[3.091s] -- Up-to-date symlink: /root/ros2_code/humble/ros_bot/install/husarion_office_gz/share/husarion_office_gz/worlds//models/pradnicka_office_L1/meshes/floor_12.obj
[3.091s] -- Up-to-date symlink: /root/ros2_code/humble/ros_bot/install/husarion_office_gz/share/husarion_office_gz/worlds//models/pradnicka_office_L1/meshes/floor_13.mtl
[3.091s] -- Up-to-date symlink: /root/ros2_code/humble/ros_bot/install/husarion_office_gz/share/husarion_office_gz/worlds//models/pradnicka_office_L1/meshes/floor_13.obj
[3.092s] -- Up-to-date symlink: /root/ros2_code/humble/ros_bot/install/husarion_office_gz/share/husarion_office_gz/worlds//models/pradnicka_office_L1/meshes/floor_14.mtl
[3.092s] -- Up-to-date symlink: /root/ros2_code/humble/ros_bot/install/husarion_office_gz/share/husarion_office_gz/worlds//models/pradnicka_office_L1/meshes/floor_14.obj
[3.092s] -- Up-to-date symlink: /root/ros2_code/humble/ros_bot/install/husarion_office_gz/share/husarion_office_gz/worlds//models/pradnicka_office_L1/meshes/floor_2.mtl
[3.092s] -- Up-to-date symlink: /root/ros2_code/humble/ros_bot/install/husarion_office_gz/share/husarion_office_gz/worlds//models/pradnicka_office_L1/meshes/floor_2.obj
[3.092s] -- Up-to-date symlink: /root/ros2_code/humble/ros_bot/install/husarion_office_gz/share/husarion_office_gz/worlds//models/pradnicka_office_L1/meshes/floor_3.mtl
[3.092s] -- Up-to-date symlink: /root/ros2_code/humble/ros_bot/install/husarion_office_gz/share/husarion_office_gz/worlds//models/pradnicka_office_L1/meshes/floor_3.obj
[3.092s] -- Up-to-date symlink: /root/ros2_code/humble/ros_bot/install/husarion_office_gz/share/husarion_office_gz/worlds//models/pradnicka_office_L1/meshes/floor_4.mtl
[3.092s] -- Up-to-date symlink: /root/ros2_code/humble/ros_bot/install/husarion_office_gz/share/husarion_office_gz/worlds//models/pradnicka_office_L1/meshes/floor_4.obj
[3.092s] -- Up-to-date symlink: /root/ros2_code/humble/ros_bot/install/husarion_office_gz/share/husarion_office_gz/worlds//models/pradnicka_office_L1/meshes/floor_5.mtl
[3.093s] -- Up-to-date symlink: /root/ros2_code/humble/ros_bot/install/husarion_office_gz/share/husarion_office_gz/worlds//models/pradnicka_office_L1/meshes/floor_5.obj
[3.093s] -- Up-to-date symlink: /root/ros2_code/humble/ros_bot/install/husarion_office_gz/share/husarion_office_gz/worlds//models/pradnicka_office_L1/meshes/floor_6.mtl
[3.093s] -- Up-to-date symlink: /root/ros2_code/humble/ros_bot/install/husarion_office_gz/share/husarion_office_gz/worlds//models/pradnicka_office_L1/meshes/floor_6.obj
[3.093s] -- Up-to-date symlink: /root/ros2_code/humble/ros_bot/install/husarion_office_gz/share/husarion_office_gz/worlds//models/pradnicka_office_L1/meshes/floor_7.mtl
[3.093s] -- Up-to-date symlink: /root/ros2_code/humble/ros_bot/install/husarion_office_gz/share/husarion_office_gz/worlds//models/pradnicka_office_L1/meshes/floor_7.obj
[3.093s] -- Up-to-date symlink: /root/ros2_code/humble/ros_bot/install/husarion_office_gz/share/husarion_office_gz/worlds//models/pradnicka_office_L1/meshes/floor_8.mtl
[3.093s] -- Up-to-date symlink: /root/ros2_code/humble/ros_bot/install/husarion_office_gz/share/husarion_office_gz/worlds//models/pradnicka_office_L1/meshes/floor_8.obj
[3.093s] -- Up-to-date symlink: /root/ros2_code/humble/ros_bot/install/husarion_office_gz/share/husarion_office_gz/worlds//models/pradnicka_office_L1/meshes/floor_9.mtl
[3.093s] -- Up-to-date symlink: /root/ros2_code/humble/ros_bot/install/husarion_office_gz/share/husarion_office_gz/worlds//models/pradnicka_office_L1/meshes/floor_9.obj
[3.094s] -- Up-to-date symlink: /root/ros2_code/humble/ros_bot/install/husarion_office_gz/share/husarion_office_gz/worlds//models/pradnicka_office_L1/meshes/model.material
[3.094s] -- Up-to-date symlink: /root/ros2_code/humble/ros_bot/install/husarion_office_gz/share/husarion_office_gz/worlds//models/pradnicka_office_L1/meshes/wall_1.mtl
[3.095s] -- Up-to-date symlink: /root/ros2_code/humble/ros_bot/install/husarion_office_gz/share/husarion_office_gz/worlds//models/pradnicka_office_L1/meshes/wall_1.obj
[3.095s] -- Up-to-date symlink: /root/ros2_code/humble/ros_bot/install/husarion_office_gz/share/husarion_office_gz/worlds//models/pradnicka_office_L1/meshes/wall_2.mtl
[3.095s] -- Up-to-date symlink: /root/ros2_code/humble/ros_bot/install/husarion_office_gz/share/husarion_office_gz/worlds//models/pradnicka_office_L1/meshes/wall_2.obj
[3.095s] -- Up-to-date symlink: /root/ros2_code/humble/ros_bot/install/husarion_office_gz/share/husarion_office_gz/worlds//models/pradnicka_office_L1/meshes/white_carpet.png
[3.095s] -- Up-to-date symlink: /root/ros2_code/humble/ros_bot/install/husarion_office_gz/share/husarion_office_gz/worlds//models/pradnicka_office_L1/meshes/white_tiles.png
[3.095s] -- Up-to-date symlink: /root/ros2_code/humble/ros_bot/install/husarion_office_gz/share/husarion_office_gz/worlds//models/pradnicka_office_L1/meshes/white_wall.png
[3.095s] -- Up-to-date symlink: /root/ros2_code/humble/ros_bot/install/husarion_office_gz/share/husarion_office_gz/worlds//models/pradnicka_office_L1/meshes/wood1.png
[3.095s] -- Up-to-date symlink: /root/ros2_code/humble/ros_bot/install/husarion_office_gz/share/husarion_office_gz/worlds//models/pradnicka_office_L1/meshes/wood2.png
[3.095s] -- Up-to-date symlink: /root/ros2_code/humble/ros_bot/install/husarion_office_gz/share/husarion_office_gz/worlds//models/pradnicka_office_L1/model.config
[3.096s] -- Up-to-date symlink: /root/ros2_code/humble/ros_bot/install/husarion_office_gz/share/husarion_office_gz/worlds//models/pradnicka_office_L1/model.sdf
[3.096s] -- Up-to-date symlink: /root/ros2_code/humble/ros_bot/install/husarion_office_gz/share/husarion_office_gz/worlds//models/rosbot/meshes/astra.dae
[3.096s] -- Up-to-date symlink: /root/ros2_code/humble/ros_bot/install/husarion_office_gz/share/husarion_office_gz/worlds//models/rosbot/meshes/box.dae
[3.096s] -- Up-to-date symlink: /root/ros2_code/humble/ros_bot/install/husarion_office_gz/share/husarion_office_gz/worlds//models/rosbot/meshes/rplidar.dae
[3.096s] -- Up-to-date symlink: /root/ros2_code/humble/ros_bot/install/husarion_office_gz/share/husarion_office_gz/worlds//models/rosbot/meshes/upper.dae
[3.096s] -- Up-to-date symlink: /root/ros2_code/humble/ros_bot/install/husarion_office_gz/share/husarion_office_gz/worlds//models/rosbot/meshes/wheel-v2.stl
[3.096s] -- Up-to-date symlink: /root/ros2_code/humble/ros_bot/install/husarion_office_gz/share/husarion_office_gz/worlds//models/rosbot/meshes/wheel.dae
[3.096s] -- Up-to-date symlink: /root/ros2_code/humble/ros_bot/install/husarion_office_gz/share/husarion_office_gz/worlds//models/rosbot/model.config
[3.096s] -- Up-to-date symlink: /root/ros2_code/humble/ros_bot/install/husarion_office_gz/share/husarion_office_gz/worlds//models/rosbot/model.sdf
[3.096s] -- Up-to-date symlink: /root/ros2_code/humble/ros_bot/install/husarion_office_gz/share/husarion_office_gz/worlds//models/white_carpet.png
[3.097s] -- Up-to-date symlink: /root/ros2_code/humble/ros_bot/install/husarion_office_gz/share/husarion_office_gz/worlds//models/white_wall.png
[3.097s] -- Up-to-date symlink: /root/ros2_code/humble/ros_bot/install/husarion_office_gz/share/husarion_office_gz/worlds//models/wood1.png
[3.097s] -- Up-to-date symlink: /root/ros2_code/humble/ros_bot/install/husarion_office_gz/share/husarion_office_gz/worlds//models/wood2.png
[3.099s] -- Up-to-date symlink: /root/ros2_code/humble/ros_bot/install/husarion_office_gz/share/husarion_office_gz/worlds//nav2_maps/office_map.png
[3.099s] -- Up-to-date symlink: /root/ros2_code/humble/ros_bot/install/husarion_office_gz/share/husarion_office_gz/worlds//nav2_maps/office_map.yaml
[3.099s] -- Up-to-date symlink: /root/ros2_code/humble/ros_bot/install/husarion_office_gz/share/ament_index/resource_index/package_run_dependencies/husarion_office_gz
[3.099s] -- Up-to-date symlink: /root/ros2_code/humble/ros_bot/install/husarion_office_gz/share/ament_index/resource_index/parent_prefix_path/husarion_office_gz
[3.099s] -- Up-to-date symlink: /root/ros2_code/humble/ros_bot/install/husarion_office_gz/share/husarion_office_gz/environment/ament_prefix_path.sh
[3.099s] -- Up-to-date symlink: /root/ros2_code/humble/ros_bot/install/husarion_office_gz/share/husarion_office_gz/environment/ament_prefix_path.dsv
[3.099s] -- Up-to-date symlink: /root/ros2_code/humble/ros_bot/install/husarion_office_gz/share/husarion_office_gz/environment/path.sh
[3.099s] -- Up-to-date symlink: /root/ros2_code/humble/ros_bot/install/husarion_office_gz/share/husarion_office_gz/environment/path.dsv
[3.100s] -- Up-to-date symlink: /root/ros2_code/humble/ros_bot/install/husarion_office_gz/share/husarion_office_gz/local_setup.bash
[3.100s] -- Up-to-date symlink: /root/ros2_code/humble/ros_bot/install/husarion_office_gz/share/husarion_office_gz/local_setup.sh
[3.100s] -- Up-to-date symlink: /root/ros2_code/humble/ros_bot/install/husarion_office_gz/share/husarion_office_gz/local_setup.zsh
[3.100s] -- Up-to-date symlink: /root/ros2_code/humble/ros_bot/install/husarion_office_gz/share/husarion_office_gz/local_setup.dsv
[3.100s] -- Symlinking: /root/ros2_code/humble/ros_bot/install/husarion_office_gz/share/husarion_office_gz/package.dsv
[3.100s] -- Up-to-date symlink: /root/ros2_code/humble/ros_bot/install/husarion_office_gz/share/ament_index/resource_index/packages/husarion_office_gz
[3.100s] -- Up-to-date symlink: /root/ros2_code/humble/ros_bot/install/husarion_office_gz/share/husarion_office_gz/cmake/husarion_office_gzConfig.cmake
[3.100s] -- Up-to-date symlink: /root/ros2_code/humble/ros_bot/install/husarion_office_gz/share/husarion_office_gz/cmake/husarion_office_gzConfig-version.cmake
[3.100s] -- Up-to-date symlink: /root/ros2_code/humble/ros_bot/install/husarion_office_gz/share/husarion_office_gz/package.xml
[3.492s] Invoked command in '/root/ros2_code/humble/ros_bot/build/husarion_office_gz' returned '0': CMAKE_PREFIX_PATH=${CMAKE_PREFIX_PATH}:/root/ros2_code/humble/ros_bot/install/rqt_tf_tree:/root/ros2_code/humble/ros_bot/install/rosbot_xl_gazebo:/root/ros2_code/humble/ros_bot/install/rosbot_xl_bringup:/root/ros2_code/humble/ros_bot/install/rosbot_xl_controller:/root/ros2_code/humble/ros_bot/install/rosbot_utils:/root/ros2_code/humble/ros_bot/install/rosbot_gazebo:/root/ros2_code/humble/ros_bot/install/rosbot_bringup:/root/ros2_code/humble/ros_bot/install/rosbot_controller:/root/ros2_code/humble/vision/install/path_planner_pkg:/root/ros2_code/humble/vision/install/nav2_api_pkg:/root/ros2_code/humble/vision/install/joystick_pkg:/root/ros2_code/humble/vision/install/cartographer_pkg:/root/ros2_code/humble/nav2class/install/autonomous_tb3:/root/ros2_code/humble/simulations/install/path_planner_server:/root/ros2_code/humble/simulations/install/map_server:/root/ros2_code/humble/simulations/install/localization_server:/opt/ros/humble /usr/bin/cmake --install /root/ros2_code/humble/ros_bot/build/husarion_office_gz
