[2.031s] Invoking command in '/root/ros2_code/humble/tc_ros2_nav/src/ros2_nav_files/nav2_project': PYTHONPATH=/root/ros2_code/humble/tc_ros2_nav/build/nav2_project/prefix_override:/root/ros2_code/humble/tc_ros2_nav/install/nav2_project/lib/python3.10/site-packages:${PYTHONPATH} /usr/bin/python3 setup.py egg_info --egg-base ../../../build/nav2_project build --build-base /root/ros2_code/humble/tc_ros2_nav/build/nav2_project/build install --record /root/ros2_code/humble/tc_ros2_nav/build/nav2_project/install.log --install-scripts $base/lib/nav2_project --single-version-externally-managed
[2.300s] /usr/local/lib/python3.10/dist-packages/setuptools/dist.py:717: UserWarning: Usage of dash-separated 'script-dir' will not be supported in future versions. Please use the underscore name 'script_dir' instead
[2.300s]   warnings.warn(
[2.339s] running egg_info
[2.341s] writing ../../../build/nav2_project/nav2_project.egg-info/PKG-INFO
[2.341s] writing dependency_links to ../../../build/nav2_project/nav2_project.egg-info/dependency_links.txt
[2.341s] writing entry points to ../../../build/nav2_project/nav2_project.egg-info/entry_points.txt
[2.342s] writing requirements to ../../../build/nav2_project/nav2_project.egg-info/requires.txt
[2.342s] writing top-level names to ../../../build/nav2_project/nav2_project.egg-info/top_level.txt
[2.345s] reading manifest file '../../../build/nav2_project/nav2_project.egg-info/SOURCES.txt'
[2.347s] writing manifest file '../../../build/nav2_project/nav2_project.egg-info/SOURCES.txt'
[2.347s] running build
[2.347s] running build_py
[2.348s] running install
[2.348s] running install_lib
[2.350s] running install_data
[2.352s] running install_egg_info
[2.354s] removing '/root/ros2_code/humble/tc_ros2_nav/install/nav2_project/lib/python3.10/site-packages/nav2_project-0.0.0-py3.10.egg-info' (and everything under it)
[2.355s] Copying ../../../build/nav2_project/nav2_project.egg-info to /root/ros2_code/humble/tc_ros2_nav/install/nav2_project/lib/python3.10/site-packages/nav2_project-0.0.0-py3.10.egg-info
[2.357s] running install_scripts
[2.393s] Installing go_to_pose script to /root/ros2_code/humble/tc_ros2_nav/install/nav2_project/lib/nav2_project
[2.393s] Installing spot_recorder script to /root/ros2_code/humble/tc_ros2_nav/install/nav2_project/lib/nav2_project
[2.393s] writing list of installed files to '/root/ros2_code/humble/tc_ros2_nav/build/nav2_project/install.log'
[2.462s] Invoked command in '/root/ros2_code/humble/tc_ros2_nav/src/ros2_nav_files/nav2_project' returned '0': PYTHONPATH=/root/ros2_code/humble/tc_ros2_nav/build/nav2_project/prefix_override:/root/ros2_code/humble/tc_ros2_nav/install/nav2_project/lib/python3.10/site-packages:${PYTHONPATH} /usr/bin/python3 setup.py egg_info --egg-base ../../../build/nav2_project build --build-base /root/ros2_code/humble/tc_ros2_nav/build/nav2_project/build install --record /root/ros2_code/humble/tc_ros2_nav/build/nav2_project/install.log --install-scripts $base/lib/nav2_project --single-version-externally-managed
