running egg_info
creating ../../build/cartographer_pkg/cartographer_pkg.egg-info
writing ../../build/cartographer_pkg/cartographer_pkg.egg-info/PKG-INFO
writing dependency_links to ../../build/cartographer_pkg/cartographer_pkg.egg-info/dependency_links.txt
writing entry points to ../../build/cartographer_pkg/cartographer_pkg.egg-info/entry_points.txt
writing requirements to ../../build/cartographer_pkg/cartographer_pkg.egg-info/requires.txt
writing top-level names to ../../build/cartographer_pkg/cartographer_pkg.egg-info/top_level.txt
writing manifest file '../../build/cartographer_pkg/cartographer_pkg.egg-info/SOURCES.txt'
reading manifest file '../../build/cartographer_pkg/cartographer_pkg.egg-info/SOURCES.txt'
writing manifest file '../../build/cartographer_pkg/cartographer_pkg.egg-info/SOURCES.txt'
running build
running build_py
creating /root/ros2_code/humble/vision/build/cartographer_pkg/build
creating /root/ros2_code/humble/vision/build/cartographer_pkg/build/lib
creating /root/ros2_code/humble/vision/build/cartographer_pkg/build/lib/cartographer_pkg
copying cartographer_pkg/__init__.py -> /root/ros2_code/humble/vision/build/cartographer_pkg/build/lib/cartographer_pkg
running install
running install_lib
creating /root/ros2_code/humble/vision/install/cartographer_pkg/lib/python3.10/site-packages/cartographer_pkg
copying /root/ros2_code/humble/vision/build/cartographer_pkg/build/lib/cartographer_pkg/__init__.py -> /root/ros2_code/humble/vision/install/cartographer_pkg/lib/python3.10/site-packages/cartographer_pkg
byte-compiling /root/ros2_code/humble/vision/install/cartographer_pkg/lib/python3.10/site-packages/cartographer_pkg/__init__.py to __init__.cpython-310.pyc
running install_data
creating /root/ros2_code/humble/vision/install/cartographer_pkg/share/ament_index
creating /root/ros2_code/humble/vision/install/cartographer_pkg/share/ament_index/resource_index
creating /root/ros2_code/humble/vision/install/cartographer_pkg/share/ament_index/resource_index/packages
copying resource/cartographer_pkg -> /root/ros2_code/humble/vision/install/cartographer_pkg/share/ament_index/resource_index/packages
copying package.xml -> /root/ros2_code/humble/vision/install/cartographer_pkg/share/cartographer_pkg
creating /root/ros2_code/humble/vision/install/cartographer_pkg/share/cartographer_pkg/launch
copying launch/cartographer.launch.py -> /root/ros2_code/humble/vision/install/cartographer_pkg/share/cartographer_pkg/launch
creating /root/ros2_code/humble/vision/install/cartographer_pkg/share/cartographer_pkg/config
copying config/cartographer.lua -> /root/ros2_code/humble/vision/install/cartographer_pkg/share/cartographer_pkg/config
copying config/cartographer_slam_setup.rviz -> /root/ros2_code/humble/vision/install/cartographer_pkg/share/cartographer_pkg/config
running install_egg_info
Copying ../../build/cartographer_pkg/cartographer_pkg.egg-info to /root/ros2_code/humble/vision/install/cartographer_pkg/lib/python3.10/site-packages/cartographer_pkg-0.0.0-py3.10.egg-info
running install_scripts
writing list of installed files to '/root/ros2_code/humble/vision/build/cartographer_pkg/install.log'
