[0.902s] Invoking command in '/root/ros2_code/humble/dai_ws/build/pointcloud_to_laserscan': CMAKE_PREFIX_PATH=${CMAKE_PREFIX_PATH}:/root/ros2_code/humble/learning/install/ball_tracker:/opt/ros/humble /usr/bin/cmake --build /root/ros2_code/humble/dai_ws/build/pointcloud_to_laserscan -- -j12 -l12
[1.244s] [ 20%] Built target laserscan_to_pointcloud_node
[1.307s] [ 40%] Built target pointcloud_to_laserscan_node
[1.322s] [ 60%] Built target laserscan_to_pointcloud
[1.543s] [ 80%] Built target pointcloud_to_laserscan
[1.679s] [100%] Built target dummy_pointcloud_publisher
[1.954s] Invoked command in '/root/ros2_code/humble/dai_ws/build/pointcloud_to_laserscan' returned '0': CMAKE_PREFIX_PATH=${CMAKE_PREFIX_PATH}:/root/ros2_code/humble/learning/install/ball_tracker:/opt/ros/humble /usr/bin/cmake --build /root/ros2_code/humble/dai_ws/build/pointcloud_to_laserscan -- -j12 -l12
[2.530s] Invoking command in '/root/ros2_code/humble/dai_ws/build/pointcloud_to_laserscan': CMAKE_PREFIX_PATH=${CMAKE_PREFIX_PATH}:/root/ros2_code/humble/learning/install/ball_tracker:/opt/ros/humble /usr/bin/cmake --install /root/ros2_code/humble/dai_ws/build/pointcloud_to_laserscan
[2.563s] -- Install configuration: ""
[2.565s] -- Execute custom install script
[2.568s] -- Up-to-date symlink: /root/ros2_code/humble/dai_ws/install/pointcloud_to_laserscan/lib/pointcloud_to_laserscan/laserscan_to_pointcloud_node
[2.570s] -- Up-to-date symlink: /root/ros2_code/humble/dai_ws/install/pointcloud_to_laserscan/lib/pointcloud_to_laserscan/pointcloud_to_laserscan_node
[2.571s] -- Up-to-date symlink: /root/ros2_code/humble/dai_ws/install/pointcloud_to_laserscan/include/pointcloud_to_laserscan/laserscan_to_pointcloud_node.hpp
[2.573s] -- Up-to-date symlink: /root/ros2_code/humble/dai_ws/install/pointcloud_to_laserscan/include/pointcloud_to_laserscan/pointcloud_to_laserscan_node.hpp
[2.573s] -- Up-to-date symlink: /root/ros2_code/humble/dai_ws/install/pointcloud_to_laserscan/include/pointcloud_to_laserscan/visibility_control.h
[2.576s] -- Up-to-date symlink: /root/ros2_code/humble/dai_ws/install/pointcloud_to_laserscan/share/pointcloud_to_laserscan/environment/library_path.sh
[2.577s] -- Up-to-date symlink: /root/ros2_code/humble/dai_ws/install/pointcloud_to_laserscan/share/pointcloud_to_laserscan/environment/library_path.dsv
[2.578s] -- Up-to-date symlink: /root/ros2_code/humble/dai_ws/install/pointcloud_to_laserscan/lib/liblaserscan_to_pointcloud.so
[2.580s] -- Up-to-date symlink: /root/ros2_code/humble/dai_ws/install/pointcloud_to_laserscan/lib/libpointcloud_to_laserscan.so
[2.583s] -- Up-to-date symlink: /root/ros2_code/humble/dai_ws/install/pointcloud_to_laserscan/lib/pointcloud_to_laserscan/dummy_pointcloud_publisher
[2.584s] -- Up-to-date symlink: /root/ros2_code/humble/dai_ws/install/pointcloud_to_laserscan/share/pointcloud_to_laserscan/launch/sample_laserscan_to_pointcloud_launch.py
[2.585s] -- Up-to-date symlink: /root/ros2_code/humble/dai_ws/install/pointcloud_to_laserscan/share/pointcloud_to_laserscan/launch/sample_pointcloud_to_laserscan_launch.py
[2.586s] -- Up-to-date symlink: /root/ros2_code/humble/dai_ws/install/pointcloud_to_laserscan/share/ament_index/resource_index/package_run_dependencies/pointcloud_to_laserscan
[2.587s] -- Up-to-date symlink: /root/ros2_code/humble/dai_ws/install/pointcloud_to_laserscan/share/ament_index/resource_index/parent_prefix_path/pointcloud_to_laserscan
[2.588s] -- Up-to-date symlink: /root/ros2_code/humble/dai_ws/install/pointcloud_to_laserscan/share/pointcloud_to_laserscan/environment/ament_prefix_path.sh
[2.589s] -- Up-to-date symlink: /root/ros2_code/humble/dai_ws/install/pointcloud_to_laserscan/share/pointcloud_to_laserscan/environment/ament_prefix_path.dsv
[2.589s] -- Up-to-date symlink: /root/ros2_code/humble/dai_ws/install/pointcloud_to_laserscan/share/pointcloud_to_laserscan/environment/path.sh
[2.590s] -- Up-to-date symlink: /root/ros2_code/humble/dai_ws/install/pointcloud_to_laserscan/share/pointcloud_to_laserscan/environment/path.dsv
[2.591s] -- Up-to-date symlink: /root/ros2_code/humble/dai_ws/install/pointcloud_to_laserscan/share/pointcloud_to_laserscan/local_setup.bash
[2.592s] -- Up-to-date symlink: /root/ros2_code/humble/dai_ws/install/pointcloud_to_laserscan/share/pointcloud_to_laserscan/local_setup.sh
[2.593s] -- Up-to-date symlink: /root/ros2_code/humble/dai_ws/install/pointcloud_to_laserscan/share/pointcloud_to_laserscan/local_setup.zsh
[2.594s] -- Up-to-date symlink: /root/ros2_code/humble/dai_ws/install/pointcloud_to_laserscan/share/pointcloud_to_laserscan/local_setup.dsv
[2.595s] -- Symlinking: /root/ros2_code/humble/dai_ws/install/pointcloud_to_laserscan/share/pointcloud_to_laserscan/package.dsv
[2.638s] -- Up-to-date symlink: /root/ros2_code/humble/dai_ws/install/pointcloud_to_laserscan/share/ament_index/resource_index/packages/pointcloud_to_laserscan
[2.639s] -- Up-to-date symlink: /root/ros2_code/humble/dai_ws/install/pointcloud_to_laserscan/share/ament_index/resource_index/rclcpp_components/pointcloud_to_laserscan
[2.639s] -- Up-to-date symlink: /root/ros2_code/humble/dai_ws/install/pointcloud_to_laserscan/share/pointcloud_to_laserscan/cmake/ament_cmake_export_dependencies-extras.cmake
[2.640s] -- Up-to-date symlink: /root/ros2_code/humble/dai_ws/install/pointcloud_to_laserscan/share/pointcloud_to_laserscan/cmake/ament_cmake_export_include_directories-extras.cmake
[2.641s] -- Up-to-date symlink: /root/ros2_code/humble/dai_ws/install/pointcloud_to_laserscan/share/pointcloud_to_laserscan/cmake/ament_cmake_export_libraries-extras.cmake
[2.642s] -- Up-to-date symlink: /root/ros2_code/humble/dai_ws/install/pointcloud_to_laserscan/share/pointcloud_to_laserscan/cmake/pointcloud_to_laserscanConfig.cmake
[2.643s] -- Up-to-date symlink: /root/ros2_code/humble/dai_ws/install/pointcloud_to_laserscan/share/pointcloud_to_laserscan/cmake/pointcloud_to_laserscanConfig-version.cmake
[2.644s] -- Up-to-date symlink: /root/ros2_code/humble/dai_ws/install/pointcloud_to_laserscan/share/pointcloud_to_laserscan/package.xml
[3.134s] Invoked command in '/root/ros2_code/humble/dai_ws/build/pointcloud_to_laserscan' returned '0': CMAKE_PREFIX_PATH=${CMAKE_PREFIX_PATH}:/root/ros2_code/humble/learning/install/ball_tracker:/opt/ros/humble /usr/bin/cmake --install /root/ros2_code/humble/dai_ws/build/pointcloud_to_laserscan
