[7.271s] DEBUG:colcon:Command line arguments: ['/usr/bin/colcon', 'build']
[7.271s] DEBUG:colcon:Parsed command line arguments: Namespace(ament_cmake_args=None, base_paths=['.'], build_base='build', catkin_cmake_args=None, catkin_skip_building_tests=False, cmake_args=None, cmake_clean_cache=False, cmake_clean_first=False, cmake_force_configure=False, cmake_target=None, cmake_target_skip_unavailable=False, continue_on_error=False, event_handlers=None, executor='parallel', ignore_user_meta=False, install_base='install', log_base=None, log_level=None, main=<bound method BuildVerb.main of <colcon_core.verb.build.BuildVerb object at 0x7f04b5263be0>>, merge_install=False, metas=['./colcon.meta'], packages_above=None, packages_above_and_dependencies=None, packages_above_depth=None, packages_end=None, packages_ignore=None, packages_ignore_regex=None, packages_select=None, packages_select_build_failed=False, packages_select_by_dep=None, packages_select_regex=None, packages_select_test_failures=False, packages_skip=None, packages_skip_build_finished=False, packages_skip_by_dep=None, packages_skip_regex=None, packages_skip_test_passed=False, packages_skip_up_to=None, packages_start=None, packages_up_to=None, packages_up_to_regex=None, parallel_workers=12, paths=None, symlink_install=False, test_result_base=None, verb_extension=<colcon_core.verb.build.BuildVerb object at 0x7f04b5263be0>, verb_name='build', verb_parser=<colcon_defaults.argument_parser.defaults.DefaultArgumentsDecorator object at 0x7f04b4f3a2e0>)
[7.636s] Level 1:colcon.colcon_core.package_discovery:discover_packages(colcon_meta) check parameters
[7.636s] Level 1:colcon.colcon_core.package_discovery:discover_packages(recursive) check parameters
[7.636s] Level 1:colcon.colcon_core.package_discovery:discover_packages(ignore) check parameters
[7.636s] Level 1:colcon.colcon_core.package_discovery:discover_packages(path) check parameters
[7.636s] Level 1:colcon.colcon_core.package_discovery:discover_packages(colcon_meta) discover
[7.636s] Level 1:colcon.colcon_core.package_discovery:discover_packages(recursive) discover
[7.636s] INFO:colcon.colcon_core.package_discovery:Crawling recursively for packages in '/root/ros2_code/learning'
[7.637s] Level 1:colcon.colcon_core.package_identification:_identify(.) by extensions ['ignore', 'ignore_ament_install']
[7.637s] Level 1:colcon.colcon_core.package_identification:_identify(.) by extension 'ignore'
[7.637s] Level 1:colcon.colcon_core.package_identification:_identify(.) by extension 'ignore_ament_install'
[7.637s] Level 1:colcon.colcon_core.package_identification:_identify(.) by extensions ['colcon_pkg']
[7.637s] Level 1:colcon.colcon_core.package_identification:_identify(.) by extension 'colcon_pkg'
[7.637s] Level 1:colcon.colcon_core.package_identification:_identify(.) by extensions ['colcon_meta']
[7.637s] Level 1:colcon.colcon_core.package_identification:_identify(.) by extension 'colcon_meta'
[7.637s] Level 1:colcon.colcon_core.package_identification:_identify(.) by extensions ['ros']
[7.637s] Level 1:colcon.colcon_core.package_identification:_identify(.) by extension 'ros'
[7.690s] Level 1:colcon.colcon_core.package_identification:_identify(.) by extensions ['cmake', 'python']
[7.690s] Level 1:colcon.colcon_core.package_identification:_identify(.) by extension 'cmake'
[7.690s] Level 1:colcon.colcon_core.package_identification:_identify(.) by extension 'python'
[7.690s] Level 1:colcon.colcon_core.package_identification:_identify(.) by extensions ['python_setup_py']
[7.690s] Level 1:colcon.colcon_core.package_identification:_identify(.) by extension 'python_setup_py'
[7.690s] Level 1:colcon.colcon_core.package_identification:_identify(build) by extensions ['ignore', 'ignore_ament_install']
[7.691s] Level 1:colcon.colcon_core.package_identification:_identify(build) by extension 'ignore'
[7.691s] Level 1:colcon.colcon_core.package_identification:_identify(build) ignored
[7.691s] Level 1:colcon.colcon_core.package_identification:_identify(install) by extensions ['ignore', 'ignore_ament_install']
[7.691s] Level 1:colcon.colcon_core.package_identification:_identify(install) by extension 'ignore'
[7.691s] Level 1:colcon.colcon_core.package_identification:_identify(install) ignored
[7.691s] Level 1:colcon.colcon_core.package_identification:_identify(log) by extensions ['ignore', 'ignore_ament_install']
[7.691s] Level 1:colcon.colcon_core.package_identification:_identify(log) by extension 'ignore'
[7.692s] Level 1:colcon.colcon_core.package_identification:_identify(log) ignored
[7.692s] Level 1:colcon.colcon_core.package_identification:_identify(src) by extensions ['ignore', 'ignore_ament_install']
[7.692s] Level 1:colcon.colcon_core.package_identification:_identify(src) by extension 'ignore'
[7.692s] Level 1:colcon.colcon_core.package_identification:_identify(src) by extension 'ignore_ament_install'
[7.692s] Level 1:colcon.colcon_core.package_identification:_identify(src) by extensions ['colcon_pkg']
[7.692s] Level 1:colcon.colcon_core.package_identification:_identify(src) by extension 'colcon_pkg'
[7.692s] Level 1:colcon.colcon_core.package_identification:_identify(src) by extensions ['colcon_meta']
[7.692s] Level 1:colcon.colcon_core.package_identification:_identify(src) by extension 'colcon_meta'
[7.692s] Level 1:colcon.colcon_core.package_identification:_identify(src) by extensions ['ros']
[7.692s] Level 1:colcon.colcon_core.package_identification:_identify(src) by extension 'ros'
[7.693s] Level 1:colcon.colcon_core.package_identification:_identify(src) by extensions ['cmake', 'python']
[7.693s] Level 1:colcon.colcon_core.package_identification:_identify(src) by extension 'cmake'
[7.693s] Level 1:colcon.colcon_core.package_identification:_identify(src) by extension 'python'
[7.693s] Level 1:colcon.colcon_core.package_identification:_identify(src) by extensions ['python_setup_py']
[7.693s] Level 1:colcon.colcon_core.package_identification:_identify(src) by extension 'python_setup_py'
[7.693s] Level 1:colcon.colcon_core.package_identification:_identify(src/articubot_one-main) by extensions ['ignore', 'ignore_ament_install']
[7.693s] Level 1:colcon.colcon_core.package_identification:_identify(src/articubot_one-main) by extension 'ignore'
[7.693s] Level 1:colcon.colcon_core.package_identification:_identify(src/articubot_one-main) by extension 'ignore_ament_install'
[7.693s] Level 1:colcon.colcon_core.package_identification:_identify(src/articubot_one-main) by extensions ['colcon_pkg']
[7.693s] Level 1:colcon.colcon_core.package_identification:_identify(src/articubot_one-main) by extension 'colcon_pkg'
[7.693s] Level 1:colcon.colcon_core.package_identification:_identify(src/articubot_one-main) by extensions ['colcon_meta']
[7.693s] Level 1:colcon.colcon_core.package_identification:_identify(src/articubot_one-main) by extension 'colcon_meta'
[7.694s] Level 1:colcon.colcon_core.package_identification:_identify(src/articubot_one-main) by extensions ['ros']
[7.694s] Level 1:colcon.colcon_core.package_identification:_identify(src/articubot_one-main) by extension 'ros'
[7.705s] DEBUG:colcon.colcon_core.package_identification:Package 'src/articubot_one-main' with type 'ros.ament_cmake' and name 'articubot_one'
[7.706s] Level 1:colcon.colcon_core.package_identification:_identify(src/ball_tracker-main) by extensions ['ignore', 'ignore_ament_install']
[7.707s] Level 1:colcon.colcon_core.package_identification:_identify(src/ball_tracker-main) by extension 'ignore'
[7.708s] Level 1:colcon.colcon_core.package_identification:_identify(src/ball_tracker-main) by extension 'ignore_ament_install'
[7.709s] Level 1:colcon.colcon_core.package_identification:_identify(src/ball_tracker-main) by extensions ['colcon_pkg']
[7.709s] Level 1:colcon.colcon_core.package_identification:_identify(src/ball_tracker-main) by extension 'colcon_pkg'
[7.709s] Level 1:colcon.colcon_core.package_identification:_identify(src/ball_tracker-main) by extensions ['colcon_meta']
[7.709s] Level 1:colcon.colcon_core.package_identification:_identify(src/ball_tracker-main) by extension 'colcon_meta'
[7.710s] Level 1:colcon.colcon_core.package_identification:_identify(src/ball_tracker-main) by extensions ['ros']
[7.710s] Level 1:colcon.colcon_core.package_identification:_identify(src/ball_tracker-main) by extension 'ros'
[7.712s] DEBUG:colcon.colcon_core.package_identification:Package 'src/ball_tracker-main' with type 'ros.ament_python' and name 'ball_tracker'
[7.712s] Level 1:colcon.colcon_core.package_discovery:discover_packages(recursive) using defaults
[7.712s] Level 1:colcon.colcon_core.package_discovery:discover_packages(ignore) discover
[7.712s] Level 1:colcon.colcon_core.package_discovery:discover_packages(ignore) using defaults
[7.712s] Level 1:colcon.colcon_core.package_discovery:discover_packages(path) discover
[7.713s] Level 1:colcon.colcon_core.package_discovery:discover_packages(path) using defaults
[8.330s] Level 5:colcon.colcon_core.verb:set package 'articubot_one' build argument 'cmake_args' from command line to 'None'
[8.331s] Level 5:colcon.colcon_core.verb:set package 'articubot_one' build argument 'cmake_target' from command line to 'None'
[8.331s] Level 5:colcon.colcon_core.verb:set package 'articubot_one' build argument 'cmake_target_skip_unavailable' from command line to 'False'
[8.331s] Level 5:colcon.colcon_core.verb:set package 'articubot_one' build argument 'cmake_clean_cache' from command line to 'False'
[8.332s] Level 5:colcon.colcon_core.verb:set package 'articubot_one' build argument 'cmake_clean_first' from command line to 'False'
[8.332s] Level 5:colcon.colcon_core.verb:set package 'articubot_one' build argument 'cmake_force_configure' from command line to 'False'
[8.332s] Level 5:colcon.colcon_core.verb:set package 'articubot_one' build argument 'ament_cmake_args' from command line to 'None'
[8.332s] Level 5:colcon.colcon_core.verb:set package 'articubot_one' build argument 'catkin_cmake_args' from command line to 'None'
[8.332s] Level 5:colcon.colcon_core.verb:set package 'articubot_one' build argument 'catkin_skip_building_tests' from command line to 'False'
[8.332s] DEBUG:colcon.colcon_core.verb:Building package 'articubot_one' with the following arguments: {'ament_cmake_args': None, 'build_base': '/root/ros2_code/learning/build/articubot_one', 'catkin_cmake_args': None, 'catkin_skip_building_tests': False, 'cmake_args': None, 'cmake_clean_cache': False, 'cmake_clean_first': False, 'cmake_force_configure': False, 'cmake_target': None, 'cmake_target_skip_unavailable': False, 'install_base': '/root/ros2_code/learning/install/articubot_one', 'merge_install': False, 'path': '/root/ros2_code/learning/src/articubot_one-main', 'symlink_install': False, 'test_result_base': None}
[8.479s] Level 5:colcon.colcon_core.verb:set package 'ball_tracker' build argument 'cmake_args' from command line to 'None'
[8.479s] Level 5:colcon.colcon_core.verb:set package 'ball_tracker' build argument 'cmake_target' from command line to 'None'
[8.479s] Level 5:colcon.colcon_core.verb:set package 'ball_tracker' build argument 'cmake_target_skip_unavailable' from command line to 'False'
[8.480s] Level 5:colcon.colcon_core.verb:set package 'ball_tracker' build argument 'cmake_clean_cache' from command line to 'False'
[8.480s] Level 5:colcon.colcon_core.verb:set package 'ball_tracker' build argument 'cmake_clean_first' from command line to 'False'
[8.480s] Level 5:colcon.colcon_core.verb:set package 'ball_tracker' build argument 'cmake_force_configure' from command line to 'False'
[8.480s] Level 5:colcon.colcon_core.verb:set package 'ball_tracker' build argument 'ament_cmake_args' from command line to 'None'
[8.480s] Level 5:colcon.colcon_core.verb:set package 'ball_tracker' build argument 'catkin_cmake_args' from command line to 'None'
[8.481s] Level 5:colcon.colcon_core.verb:set package 'ball_tracker' build argument 'catkin_skip_building_tests' from command line to 'False'
[8.481s] DEBUG:colcon.colcon_core.verb:Building package 'ball_tracker' with the following arguments: {'ament_cmake_args': None, 'build_base': '/root/ros2_code/learning/build/ball_tracker', 'catkin_cmake_args': None, 'catkin_skip_building_tests': False, 'cmake_args': None, 'cmake_clean_cache': False, 'cmake_clean_first': False, 'cmake_force_configure': False, 'cmake_target': None, 'cmake_target_skip_unavailable': False, 'install_base': '/root/ros2_code/learning/install/ball_tracker', 'merge_install': False, 'path': '/root/ros2_code/learning/src/ball_tracker-main', 'symlink_install': False, 'test_result_base': None}
[8.619s] INFO:colcon.colcon_core.executor:Executing jobs using 'parallel' executor
[8.755s] DEBUG:colcon.colcon_parallel_executor.executor.parallel:run_until_complete
[8.757s] INFO:colcon.colcon_ros.task.ament_cmake.build:Building ROS package in '/root/ros2_code/learning/src/articubot_one-main' with build type 'ament_cmake'
[8.758s] INFO:colcon.colcon_cmake.task.cmake.build:Building CMake package in '/root/ros2_code/learning/src/articubot_one-main'
[8.933s] INFO:colcon.colcon_core.plugin_system:Skipping extension 'colcon_core.shell.bat': Not used on non-Windows systems
[8.933s] INFO:colcon.colcon_core.shell:Skip shell extension 'powershell' for command environment: Not usable outside of PowerShell
[8.934s] DEBUG:colcon.colcon_core.shell:Skip shell extension 'dsv' for command environment
[9.063s] WARNING:colcon.colcon_ros.prefix_path.ament:The path '/root/ros2_code/learning/install/ball_tracker' in the environment variable AMENT_PREFIX_PATH doesn't exist
[9.063s] WARNING:colcon.colcon_ros.prefix_path.ament:The path '/root/ros2_code/learning/install/articubot_one' in the environment variable AMENT_PREFIX_PATH doesn't exist
[9.064s] WARNING:colcon.colcon_ros.prefix_path.catkin:The path '/root/ros2_code/learning/install/articubot_one' in the environment variable CMAKE_PREFIX_PATH doesn't exist
[9.331s] INFO:colcon.colcon_ros.task.ament_python.build:Building ROS package in '/root/ros2_code/learning/src/ball_tracker-main' with build type 'ament_python'
[9.332s] Level 1:colcon.colcon_core.shell:create_environment_hook('ball_tracker', 'ament_prefix_path')
[9.507s] INFO:colcon.colcon_core.shell:Creating environment hook '/root/ros2_code/learning/install/ball_tracker/share/ball_tracker/hook/ament_prefix_path.ps1'
[9.511s] INFO:colcon.colcon_core.shell:Creating environment descriptor '/root/ros2_code/learning/install/ball_tracker/share/ball_tracker/hook/ament_prefix_path.dsv'
[9.513s] INFO:colcon.colcon_core.shell:Creating environment hook '/root/ros2_code/learning/install/ball_tracker/share/ball_tracker/hook/ament_prefix_path.sh'
[9.657s] INFO:colcon.colcon_core.shell:Skip shell extension 'powershell' for command environment: Not usable outside of PowerShell
[9.657s] DEBUG:colcon.colcon_core.shell:Skip shell extension 'dsv' for command environment
[10.080s] DEBUG:colcon.colcon_core.event_handler.log_command:Invoking command in '/root/ros2_code/learning/build/articubot_one': CMAKE_PREFIX_PATH=${CMAKE_PREFIX_PATH}:/root/ros2_code/learning/install/ball_tracker:/opt/ros/foxy /usr/bin/cmake /root/ros2_code/learning/src/articubot_one-main -DCMAKE_INSTALL_PREFIX=/root/ros2_code/learning/install/articubot_one
[11.073s] INFO:colcon.colcon_core.task.python.build:Building Python package in '/root/ros2_code/learning/src/ball_tracker-main'
[11.261s] INFO:colcon.colcon_core.shell:Skip shell extension 'powershell' for command environment: Not usable outside of PowerShell
[11.261s] DEBUG:colcon.colcon_core.shell:Skip shell extension 'dsv' for command environment
[13.227s] DEBUG:colcon.colcon_core.event_handler.log_command:Invoked command in '/root/ros2_code/learning/build/articubot_one' returned '0': CMAKE_PREFIX_PATH=${CMAKE_PREFIX_PATH}:/root/ros2_code/learning/install/ball_tracker:/opt/ros/foxy /usr/bin/cmake /root/ros2_code/learning/src/articubot_one-main -DCMAKE_INSTALL_PREFIX=/root/ros2_code/learning/install/articubot_one
[13.241s] DEBUG:colcon.colcon_core.event_handler.log_command:Invoking command in '/root/ros2_code/learning/build/articubot_one': CMAKE_PREFIX_PATH=${CMAKE_PREFIX_PATH}:/root/ros2_code/learning/install/ball_tracker:/opt/ros/foxy /usr/bin/cmake --build /root/ros2_code/learning/build/articubot_one -- -j12 -l12
[13.388s] DEBUG:colcon.colcon_core.event_handler.log_command:Invoked command in '/root/ros2_code/learning/build/articubot_one' returned '0': CMAKE_PREFIX_PATH=${CMAKE_PREFIX_PATH}:/root/ros2_code/learning/install/ball_tracker:/opt/ros/foxy /usr/bin/cmake --build /root/ros2_code/learning/build/articubot_one -- -j12 -l12
[13.526s] DEBUG:colcon.colcon_core.event_handler.log_command:Invoking command in '/root/ros2_code/learning/build/articubot_one': CMAKE_PREFIX_PATH=${CMAKE_PREFIX_PATH}:/root/ros2_code/learning/install/ball_tracker:/opt/ros/foxy /usr/bin/cmake --install /root/ros2_code/learning/build/articubot_one
[13.600s] Level 1:colcon.colcon_core.environment:create_environment_scripts_only(articubot_one)
[13.601s] DEBUG:colcon.colcon_core.event_handler.log_command:Invoking command in '/root/ros2_code/learning/src/ball_tracker-main': PYTHONPATH=/root/ros2_code/learning/build/ball_tracker/prefix_override:/root/ros2_code/learning/install/ball_tracker/lib/python3.8/site-packages:${PYTHONPATH} /usr/bin/python3 setup.py egg_info --egg-base ../../build/ball_tracker build --build-base /root/ros2_code/learning/build/ball_tracker/build install --record /root/ros2_code/learning/build/ball_tracker/install.log --single-version-externally-managed
[13.602s] DEBUG:colcon.colcon_core.event_handler.log_command:Invoked command in '/root/ros2_code/learning/build/articubot_one' returned '0': CMAKE_PREFIX_PATH=${CMAKE_PREFIX_PATH}:/root/ros2_code/learning/install/ball_tracker:/opt/ros/foxy /usr/bin/cmake --install /root/ros2_code/learning/build/articubot_one
[13.757s] Level 1:colcon.colcon_core.environment:checking '/root/ros2_code/learning/install/articubot_one' for CMake module files
[13.758s] Level 1:colcon.colcon_core.environment:checking '/root/ros2_code/learning/install/articubot_one' for CMake config files
[13.759s] Level 1:colcon.colcon_core.shell:create_environment_hook('articubot_one', 'cmake_prefix_path')
[13.907s] INFO:colcon.colcon_core.shell:Creating environment hook '/root/ros2_code/learning/install/articubot_one/share/articubot_one/hook/cmake_prefix_path.ps1'
[13.910s] INFO:colcon.colcon_core.shell:Creating environment descriptor '/root/ros2_code/learning/install/articubot_one/share/articubot_one/hook/cmake_prefix_path.dsv'
[13.911s] INFO:colcon.colcon_core.shell:Creating environment hook '/root/ros2_code/learning/install/articubot_one/share/articubot_one/hook/cmake_prefix_path.sh'
[13.917s] Level 1:colcon.colcon_core.environment:checking '/root/ros2_code/learning/install/articubot_one/bin'
[13.917s] Level 1:colcon.colcon_core.environment:checking '/root/ros2_code/learning/install/articubot_one/lib/pkgconfig/articubot_one.pc'
[13.918s] Level 1:colcon.colcon_core.environment:checking '/root/ros2_code/learning/install/articubot_one/lib/python3.8/site-packages'
[13.919s] Level 1:colcon.colcon_core.environment:checking '/root/ros2_code/learning/install/articubot_one/bin'
[14.056s] INFO:colcon.colcon_core.shell:Creating package script '/root/ros2_code/learning/install/articubot_one/share/articubot_one/package.ps1'
[14.059s] INFO:colcon.colcon_core.shell:Creating package descriptor '/root/ros2_code/learning/install/articubot_one/share/articubot_one/package.dsv'
[14.061s] INFO:colcon.colcon_core.shell:Creating package script '/root/ros2_code/learning/install/articubot_one/share/articubot_one/package.sh'
[14.063s] INFO:colcon.colcon_core.shell:Creating package script '/root/ros2_code/learning/install/articubot_one/share/articubot_one/package.bash'
[14.066s] INFO:colcon.colcon_core.shell:Creating package script '/root/ros2_code/learning/install/articubot_one/share/articubot_one/package.zsh'
[14.069s] Level 1:colcon.colcon_core.environment:create_file_with_runtime_dependencies(/root/ros2_code/learning/install/articubot_one/share/colcon-core/packages/articubot_one)
[14.275s] Level 1:colcon.colcon_core.environment:create_environment_scripts_only(articubot_one)
[14.422s] Level 1:colcon.colcon_core.environment:checking '/root/ros2_code/learning/install/articubot_one' for CMake module files
[14.424s] Level 1:colcon.colcon_core.environment:checking '/root/ros2_code/learning/install/articubot_one' for CMake config files
[14.425s] Level 1:colcon.colcon_core.shell:create_environment_hook('articubot_one', 'cmake_prefix_path')
[14.613s] INFO:colcon.colcon_core.shell:Creating environment hook '/root/ros2_code/learning/install/articubot_one/share/articubot_one/hook/cmake_prefix_path.ps1'
[14.615s] INFO:colcon.colcon_core.shell:Creating environment descriptor '/root/ros2_code/learning/install/articubot_one/share/articubot_one/hook/cmake_prefix_path.dsv'
[14.617s] INFO:colcon.colcon_core.shell:Creating environment hook '/root/ros2_code/learning/install/articubot_one/share/articubot_one/hook/cmake_prefix_path.sh'
[14.619s] Level 1:colcon.colcon_core.environment:checking '/root/ros2_code/learning/install/articubot_one/bin'
[14.620s] Level 1:colcon.colcon_core.environment:checking '/root/ros2_code/learning/install/articubot_one/lib/pkgconfig/articubot_one.pc'
[14.620s] Level 1:colcon.colcon_core.environment:checking '/root/ros2_code/learning/install/articubot_one/lib/python3.8/site-packages'
[14.621s] Level 1:colcon.colcon_core.environment:checking '/root/ros2_code/learning/install/articubot_one/bin'
[14.769s] INFO:colcon.colcon_core.shell:Creating package script '/root/ros2_code/learning/install/articubot_one/share/articubot_one/package.ps1'
[14.775s] INFO:colcon.colcon_core.shell:Creating package descriptor '/root/ros2_code/learning/install/articubot_one/share/articubot_one/package.dsv'
[14.777s] INFO:colcon.colcon_core.shell:Creating package script '/root/ros2_code/learning/install/articubot_one/share/articubot_one/package.sh'
[14.781s] INFO:colcon.colcon_core.shell:Creating package script '/root/ros2_code/learning/install/articubot_one/share/articubot_one/package.bash'
[14.783s] INFO:colcon.colcon_core.shell:Creating package script '/root/ros2_code/learning/install/articubot_one/share/articubot_one/package.zsh'
[14.784s] Level 1:colcon.colcon_core.environment:create_file_with_runtime_dependencies(/root/ros2_code/learning/install/articubot_one/share/colcon-core/packages/articubot_one)
[14.790s] DEBUG:colcon.colcon_core.event_handler.log_command:Invoked command in '/root/ros2_code/learning/src/ball_tracker-main' returned '0': PYTHONPATH=/root/ros2_code/learning/build/ball_tracker/prefix_override:/root/ros2_code/learning/install/ball_tracker/lib/python3.8/site-packages:${PYTHONPATH} /usr/bin/python3 setup.py egg_info --egg-base ../../build/ball_tracker build --build-base /root/ros2_code/learning/build/ball_tracker/build install --record /root/ros2_code/learning/build/ball_tracker/install.log --single-version-externally-managed
[14.939s] Level 1:colcon.colcon_core.environment:checking '/root/ros2_code/learning/install/ball_tracker' for CMake module files
[14.941s] Level 1:colcon.colcon_core.environment:checking '/root/ros2_code/learning/install/ball_tracker' for CMake config files
[14.945s] Level 1:colcon.colcon_core.environment:checking '/root/ros2_code/learning/install/ball_tracker/lib'
[14.946s] Level 1:colcon.colcon_core.environment:checking '/root/ros2_code/learning/install/ball_tracker/bin'
[14.946s] Level 1:colcon.colcon_core.environment:checking '/root/ros2_code/learning/install/ball_tracker/lib/pkgconfig/ball_tracker.pc'
[14.946s] Level 1:colcon.colcon_core.environment:checking '/root/ros2_code/learning/install/ball_tracker/lib/python3.8/site-packages'
[14.947s] Level 1:colcon.colcon_core.shell:create_environment_hook('ball_tracker', 'pythonpath')
[15.092s] INFO:colcon.colcon_core.shell:Creating environment hook '/root/ros2_code/learning/install/ball_tracker/share/ball_tracker/hook/pythonpath.ps1'
[15.093s] INFO:colcon.colcon_core.shell:Creating environment descriptor '/root/ros2_code/learning/install/ball_tracker/share/ball_tracker/hook/pythonpath.dsv'
[15.093s] INFO:colcon.colcon_core.shell:Creating environment hook '/root/ros2_code/learning/install/ball_tracker/share/ball_tracker/hook/pythonpath.sh'
[15.095s] Level 1:colcon.colcon_core.environment:checking '/root/ros2_code/learning/install/ball_tracker/bin'
[15.096s] Level 1:colcon.colcon_core.environment:create_environment_scripts_only(ball_tracker)
[15.262s] INFO:colcon.colcon_core.shell:Creating package script '/root/ros2_code/learning/install/ball_tracker/share/ball_tracker/package.ps1'
[15.263s] INFO:colcon.colcon_core.shell:Creating package descriptor '/root/ros2_code/learning/install/ball_tracker/share/ball_tracker/package.dsv'
[15.266s] INFO:colcon.colcon_core.shell:Creating package script '/root/ros2_code/learning/install/ball_tracker/share/ball_tracker/package.sh'
[15.268s] INFO:colcon.colcon_core.shell:Creating package script '/root/ros2_code/learning/install/ball_tracker/share/ball_tracker/package.bash'
[15.269s] INFO:colcon.colcon_core.shell:Creating package script '/root/ros2_code/learning/install/ball_tracker/share/ball_tracker/package.zsh'
[15.271s] Level 1:colcon.colcon_core.environment:create_file_with_runtime_dependencies(/root/ros2_code/learning/install/ball_tracker/share/colcon-core/packages/ball_tracker)
[15.272s] DEBUG:colcon.colcon_parallel_executor.executor.parallel:closing loop
[15.273s] DEBUG:colcon.colcon_parallel_executor.executor.parallel:loop closed
[15.275s] DEBUG:colcon.colcon_parallel_executor.executor.parallel:run_until_complete finished with '0'
[15.275s] DEBUG:colcon.colcon_core.event_reactor:joining thread
[15.426s] INFO:colcon.colcon_core.plugin_system:Skipping extension 'colcon_notification.desktop_notification.notify_send': Could not find 'notify-send'
[15.426s] INFO:colcon.colcon_core.plugin_system:Skipping extension 'colcon_notification.desktop_notification.terminal_notifier': Not used on non-Darwin systems
[15.427s] INFO:colcon.colcon_core.plugin_system:Skipping extension 'colcon_notification.desktop_notification.win32': Not used on non-Windows systems
[15.427s] INFO:colcon.colcon_notification.desktop_notification:Sending desktop notification using 'notify2'
[15.435s] DEBUG:colcon.colcon_notification.desktop_notification.notify2:Failed to initialize notify2: org.freedesktop.DBus.Error.Spawn.ExecFailed: /usr/bin/dbus-launch terminated abnormally without any error message
[15.435s] DEBUG:colcon.colcon_core.event_reactor:joined thread
[15.565s] INFO:colcon.colcon_core.shell:Creating prefix script '/root/ros2_code/learning/install/local_setup.ps1'
[15.568s] INFO:colcon.colcon_core.shell:Creating prefix util module '/root/ros2_code/learning/install/_local_setup_util_ps1.py'
[15.574s] INFO:colcon.colcon_core.shell:Creating prefix chain script '/root/ros2_code/learning/install/setup.ps1'
[15.704s] INFO:colcon.colcon_core.shell:Creating prefix script '/root/ros2_code/learning/install/local_setup.sh'
[15.708s] INFO:colcon.colcon_core.shell:Creating prefix util module '/root/ros2_code/learning/install/_local_setup_util_sh.py'
[15.709s] INFO:colcon.colcon_core.shell:Creating prefix chain script '/root/ros2_code/learning/install/setup.sh'
[15.837s] INFO:colcon.colcon_core.shell:Creating prefix script '/root/ros2_code/learning/install/local_setup.bash'
[15.838s] INFO:colcon.colcon_core.shell:Creating prefix chain script '/root/ros2_code/learning/install/setup.bash'
[15.965s] INFO:colcon.colcon_core.shell:Creating prefix script '/root/ros2_code/learning/install/local_setup.zsh'
[15.969s] INFO:colcon.colcon_core.shell:Creating prefix chain script '/root/ros2_code/learning/install/setup.zsh'
