running egg_info
creating ../../build/navigation/navigation.egg-info
writing ../../build/navigation/navigation.egg-info/PKG-INFO
writing dependency_links to ../../build/navigation/navigation.egg-info/dependency_links.txt
writing entry points to ../../build/navigation/navigation.egg-info/entry_points.txt
writing requirements to ../../build/navigation/navigation.egg-info/requires.txt
writing top-level names to ../../build/navigation/navigation.egg-info/top_level.txt
writing manifest file '../../build/navigation/navigation.egg-info/SOURCES.txt'
reading manifest file '../../build/navigation/navigation.egg-info/SOURCES.txt'
writing manifest file '../../build/navigation/navigation.egg-info/SOURCES.txt'
running build
running build_py
creating /root/ros2_code/humble/tc_ros2_nav/build/navigation/build
creating /root/ros2_code/humble/tc_ros2_nav/build/navigation/build/lib
creating /root/ros2_code/humble/tc_ros2_nav/build/navigation/build/lib/navigation
copying navigation/__init__.py -> /root/ros2_code/humble/tc_ros2_nav/build/navigation/build/lib/navigation
running install
running install_lib
creating /root/ros2_code/humble/tc_ros2_nav/install/navigation/lib/python3.10/site-packages/navigation
copying /root/ros2_code/humble/tc_ros2_nav/build/navigation/build/lib/navigation/__init__.py -> /root/ros2_code/humble/tc_ros2_nav/install/navigation/lib/python3.10/site-packages/navigation
byte-compiling /root/ros2_code/humble/tc_ros2_nav/install/navigation/lib/python3.10/site-packages/navigation/__init__.py to __init__.cpython-310.pyc
running install_data
creating /root/ros2_code/humble/tc_ros2_nav/install/navigation/share/ament_index
creating /root/ros2_code/humble/tc_ros2_nav/install/navigation/share/ament_index/resource_index
creating /root/ros2_code/humble/tc_ros2_nav/install/navigation/share/ament_index/resource_index/packages
copying resource/navigation -> /root/ros2_code/humble/tc_ros2_nav/install/navigation/share/ament_index/resource_index/packages
copying package.xml -> /root/ros2_code/humble/tc_ros2_nav/install/navigation/share/navigation
creating /root/ros2_code/humble/tc_ros2_nav/install/navigation/share/navigation/launch
copying launch/navigation.launch.py -> /root/ros2_code/humble/tc_ros2_nav/install/navigation/share/navigation/launch
creating /root/ros2_code/humble/tc_ros2_nav/install/navigation/share/navigation/config
running install_egg_info
Copying ../../build/navigation/navigation.egg-info to /root/ros2_code/humble/tc_ros2_nav/install/navigation/lib/python3.10/site-packages/navigation-0.0.0-py3.10.egg-info
running install_scripts
writing list of installed files to '/root/ros2_code/humble/tc_ros2_nav/build/navigation/install.log'
