[3.509s] Invoking command in '/root/ros2_code/humble/dai_ws/build/depthai_ros_msgs': CMAKE_PREFIX_PATH=${CMAKE_PREFIX_PATH}:/root/ros2_code/humble/learning/install/ball_tracker:/opt/ros/humble /usr/bin/cmake --build /root/ros2_code/humble/dai_ws/build/depthai_ros_msgs -- -j12 -l12
[3.830s] [  0%] Built target depthai_ros_msgs__cpp
[3.872s] [  0%] Built target ament_cmake_python_symlink_depthai_ros_msgs
[3.880s] [ 12%] Built target depthai_ros_msgs__rosidl_generator_c
[4.051s] [ 24%] Built target depthai_ros_msgs__rosidl_typesupport_cpp
[4.072s] [ 36%] Built target depthai_ros_msgs__rosidl_typesupport_introspection_cpp
[4.107s] [ 47%] Built target depthai_ros_msgs__rosidl_typesupport_c
[4.136s] [ 58%] Built target depthai_ros_msgs__rosidl_typesupport_fastrtps_cpp
[4.151s] [ 70%] Built target depthai_ros_msgs__rosidl_typesupport_introspection_c
[4.166s] [ 82%] Built target depthai_ros_msgs__rosidl_typesupport_fastrtps_c
[4.298s] [ 82%] Built target depthai_ros_msgs
[4.427s] [ 83%] Built target depthai_ros_msgs__py
[4.558s] [ 94%] Built target depthai_ros_msgs__rosidl_generator_py
[4.695s] [ 96%] Built target depthai_ros_msgs__rosidl_typesupport_introspection_c__pyext
[4.706s] [ 98%] Built target depthai_ros_msgs__rosidl_typesupport_fastrtps_c__pyext
[4.716s] [100%] Built target depthai_ros_msgs__rosidl_typesupport_c__pyext
[5.663s] running egg_info
[5.668s] writing depthai_ros_msgs.egg-info/PKG-INFO
[5.670s] writing dependency_links to depthai_ros_msgs.egg-info/dependency_links.txt
[5.671s] writing top-level names to depthai_ros_msgs.egg-info/top_level.txt
[5.690s] reading manifest file 'depthai_ros_msgs.egg-info/SOURCES.txt'
[5.692s] writing manifest file 'depthai_ros_msgs.egg-info/SOURCES.txt'
[5.804s] [100%] Built target ament_cmake_python_build_depthai_ros_msgs_egg
[6.616s] Invoked command in '/root/ros2_code/humble/dai_ws/build/depthai_ros_msgs' returned '0': CMAKE_PREFIX_PATH=${CMAKE_PREFIX_PATH}:/root/ros2_code/humble/learning/install/ball_tracker:/opt/ros/humble /usr/bin/cmake --build /root/ros2_code/humble/dai_ws/build/depthai_ros_msgs -- -j12 -l12
[8.195s] Invoking command in '/root/ros2_code/humble/dai_ws/build/depthai_ros_msgs': CMAKE_PREFIX_PATH=${CMAKE_PREFIX_PATH}:/root/ros2_code/humble/learning/install/ball_tracker:/opt/ros/humble /usr/bin/cmake --install /root/ros2_code/humble/dai_ws/build/depthai_ros_msgs
[8.231s] -- Install configuration: ""
[8.236s] -- Execute custom install script
[8.236s] -- Up-to-date symlink: /root/ros2_code/humble/dai_ws/install/depthai_ros_msgs/share/ament_index/resource_index/rosidl_interfaces/depthai_ros_msgs
[8.240s] -- Up-to-date symlink: /root/ros2_code/humble/dai_ws/install/depthai_ros_msgs/include/depthai_ros_msgs/depthai_ros_msgs/msg/auto_focus_ctrl.h
[8.241s] -- Up-to-date symlink: /root/ros2_code/humble/dai_ws/install/depthai_ros_msgs/include/depthai_ros_msgs/depthai_ros_msgs/msg/detail/auto_focus_ctrl__functions.h
[8.241s] -- Up-to-date symlink: /root/ros2_code/humble/dai_ws/install/depthai_ros_msgs/include/depthai_ros_msgs/depthai_ros_msgs/msg/detail/auto_focus_ctrl__struct.h
[8.242s] -- Up-to-date symlink: /root/ros2_code/humble/dai_ws/install/depthai_ros_msgs/include/depthai_ros_msgs/depthai_ros_msgs/msg/detail/auto_focus_ctrl__type_support.h
[8.243s] -- Up-to-date symlink: /root/ros2_code/humble/dai_ws/install/depthai_ros_msgs/include/depthai_ros_msgs/depthai_ros_msgs/msg/detail/hand_landmark__functions.h
[8.243s] -- Up-to-date symlink: /root/ros2_code/humble/dai_ws/install/depthai_ros_msgs/include/depthai_ros_msgs/depthai_ros_msgs/msg/detail/hand_landmark__struct.h
[8.244s] -- Up-to-date symlink: /root/ros2_code/humble/dai_ws/install/depthai_ros_msgs/include/depthai_ros_msgs/depthai_ros_msgs/msg/detail/hand_landmark__type_support.h
[8.244s] -- Up-to-date symlink: /root/ros2_code/humble/dai_ws/install/depthai_ros_msgs/include/depthai_ros_msgs/depthai_ros_msgs/msg/detail/hand_landmark_array__functions.h
[8.245s] -- Up-to-date symlink: /root/ros2_code/humble/dai_ws/install/depthai_ros_msgs/include/depthai_ros_msgs/depthai_ros_msgs/msg/detail/hand_landmark_array__struct.h
[8.246s] -- Up-to-date symlink: /root/ros2_code/humble/dai_ws/install/depthai_ros_msgs/include/depthai_ros_msgs/depthai_ros_msgs/msg/detail/hand_landmark_array__type_support.h
[8.247s] -- Up-to-date symlink: /root/ros2_code/humble/dai_ws/install/depthai_ros_msgs/include/depthai_ros_msgs/depthai_ros_msgs/msg/detail/imu_with_magnetic_field__functions.h
[8.247s] -- Up-to-date symlink: /root/ros2_code/humble/dai_ws/install/depthai_ros_msgs/include/depthai_ros_msgs/depthai_ros_msgs/msg/detail/imu_with_magnetic_field__struct.h
[8.248s] -- Up-to-date symlink: /root/ros2_code/humble/dai_ws/install/depthai_ros_msgs/include/depthai_ros_msgs/depthai_ros_msgs/msg/detail/imu_with_magnetic_field__type_support.h
[8.249s] -- Up-to-date symlink: /root/ros2_code/humble/dai_ws/install/depthai_ros_msgs/include/depthai_ros_msgs/depthai_ros_msgs/msg/detail/spatial_detection__functions.h
[8.250s] -- Up-to-date symlink: /root/ros2_code/humble/dai_ws/install/depthai_ros_msgs/include/depthai_ros_msgs/depthai_ros_msgs/msg/detail/spatial_detection__struct.h
[8.250s] -- Up-to-date symlink: /root/ros2_code/humble/dai_ws/install/depthai_ros_msgs/include/depthai_ros_msgs/depthai_ros_msgs/msg/detail/spatial_detection__type_support.h
[8.251s] -- Up-to-date symlink: /root/ros2_code/humble/dai_ws/install/depthai_ros_msgs/include/depthai_ros_msgs/depthai_ros_msgs/msg/detail/spatial_detection_array__functions.h
[8.251s] -- Up-to-date symlink: /root/ros2_code/humble/dai_ws/install/depthai_ros_msgs/include/depthai_ros_msgs/depthai_ros_msgs/msg/detail/spatial_detection_array__struct.h
[8.252s] -- Up-to-date symlink: /root/ros2_code/humble/dai_ws/install/depthai_ros_msgs/include/depthai_ros_msgs/depthai_ros_msgs/msg/detail/spatial_detection_array__type_support.h
[8.252s] -- Up-to-date symlink: /root/ros2_code/humble/dai_ws/install/depthai_ros_msgs/include/depthai_ros_msgs/depthai_ros_msgs/msg/detail/tracked_feature__functions.h
[8.253s] -- Up-to-date symlink: /root/ros2_code/humble/dai_ws/install/depthai_ros_msgs/include/depthai_ros_msgs/depthai_ros_msgs/msg/detail/tracked_feature__struct.h
[8.254s] -- Up-to-date symlink: /root/ros2_code/humble/dai_ws/install/depthai_ros_msgs/include/depthai_ros_msgs/depthai_ros_msgs/msg/detail/tracked_feature__type_support.h
[8.254s] -- Up-to-date symlink: /root/ros2_code/humble/dai_ws/install/depthai_ros_msgs/include/depthai_ros_msgs/depthai_ros_msgs/msg/detail/tracked_features__functions.h
[8.255s] -- Up-to-date symlink: /root/ros2_code/humble/dai_ws/install/depthai_ros_msgs/include/depthai_ros_msgs/depthai_ros_msgs/msg/detail/tracked_features__struct.h
[8.256s] -- Up-to-date symlink: /root/ros2_code/humble/dai_ws/install/depthai_ros_msgs/include/depthai_ros_msgs/depthai_ros_msgs/msg/detail/tracked_features__type_support.h
[8.257s] -- Up-to-date symlink: /root/ros2_code/humble/dai_ws/install/depthai_ros_msgs/include/depthai_ros_msgs/depthai_ros_msgs/msg/hand_landmark.h
[8.258s] -- Up-to-date symlink: /root/ros2_code/humble/dai_ws/install/depthai_ros_msgs/include/depthai_ros_msgs/depthai_ros_msgs/msg/hand_landmark_array.h
[8.259s] -- Up-to-date symlink: /root/ros2_code/humble/dai_ws/install/depthai_ros_msgs/include/depthai_ros_msgs/depthai_ros_msgs/msg/imu_with_magnetic_field.h
[8.260s] -- Up-to-date symlink: /root/ros2_code/humble/dai_ws/install/depthai_ros_msgs/include/depthai_ros_msgs/depthai_ros_msgs/msg/rosidl_generator_c__visibility_control.h
[8.261s] -- Up-to-date symlink: /root/ros2_code/humble/dai_ws/install/depthai_ros_msgs/include/depthai_ros_msgs/depthai_ros_msgs/msg/spatial_detection.h
[8.262s] -- Up-to-date symlink: /root/ros2_code/humble/dai_ws/install/depthai_ros_msgs/include/depthai_ros_msgs/depthai_ros_msgs/msg/spatial_detection_array.h
[8.263s] -- Up-to-date symlink: /root/ros2_code/humble/dai_ws/install/depthai_ros_msgs/include/depthai_ros_msgs/depthai_ros_msgs/msg/tracked_feature.h
[8.264s] -- Up-to-date symlink: /root/ros2_code/humble/dai_ws/install/depthai_ros_msgs/include/depthai_ros_msgs/depthai_ros_msgs/msg/tracked_features.h
[8.265s] -- Up-to-date symlink: /root/ros2_code/humble/dai_ws/install/depthai_ros_msgs/include/depthai_ros_msgs/depthai_ros_msgs/srv/detail/normalized_image_crop__functions.h
[8.266s] -- Up-to-date symlink: /root/ros2_code/humble/dai_ws/install/depthai_ros_msgs/include/depthai_ros_msgs/depthai_ros_msgs/srv/detail/normalized_image_crop__struct.h
[8.267s] -- Up-to-date symlink: /root/ros2_code/humble/dai_ws/install/depthai_ros_msgs/include/depthai_ros_msgs/depthai_ros_msgs/srv/detail/normalized_image_crop__type_support.h
[8.268s] -- Up-to-date symlink: /root/ros2_code/humble/dai_ws/install/depthai_ros_msgs/include/depthai_ros_msgs/depthai_ros_msgs/srv/detail/trigger_named__functions.h
[8.269s] -- Up-to-date symlink: /root/ros2_code/humble/dai_ws/install/depthai_ros_msgs/include/depthai_ros_msgs/depthai_ros_msgs/srv/detail/trigger_named__struct.h
[8.269s] -- Up-to-date symlink: /root/ros2_code/humble/dai_ws/install/depthai_ros_msgs/include/depthai_ros_msgs/depthai_ros_msgs/srv/detail/trigger_named__type_support.h
[8.270s] -- Up-to-date symlink: /root/ros2_code/humble/dai_ws/install/depthai_ros_msgs/include/depthai_ros_msgs/depthai_ros_msgs/srv/normalized_image_crop.h
[8.270s] -- Up-to-date symlink: /root/ros2_code/humble/dai_ws/install/depthai_ros_msgs/include/depthai_ros_msgs/depthai_ros_msgs/srv/trigger_named.h
[8.272s] -- Up-to-date symlink: /root/ros2_code/humble/dai_ws/install/depthai_ros_msgs/share/depthai_ros_msgs/environment/library_path.sh
[8.273s] -- Up-to-date symlink: /root/ros2_code/humble/dai_ws/install/depthai_ros_msgs/share/depthai_ros_msgs/environment/library_path.dsv
[8.278s] -- Up-to-date symlink: /root/ros2_code/humble/dai_ws/install/depthai_ros_msgs/include/depthai_ros_msgs/depthai_ros_msgs/msg/detail/auto_focus_ctrl__rosidl_typesupport_fastrtps_c.h
[8.279s] -- Up-to-date symlink: /root/ros2_code/humble/dai_ws/install/depthai_ros_msgs/include/depthai_ros_msgs/depthai_ros_msgs/msg/detail/hand_landmark__rosidl_typesupport_fastrtps_c.h
[8.280s] -- Up-to-date symlink: /root/ros2_code/humble/dai_ws/install/depthai_ros_msgs/include/depthai_ros_msgs/depthai_ros_msgs/msg/detail/hand_landmark_array__rosidl_typesupport_fastrtps_c.h
[8.281s] -- Up-to-date symlink: /root/ros2_code/humble/dai_ws/install/depthai_ros_msgs/include/depthai_ros_msgs/depthai_ros_msgs/msg/detail/imu_with_magnetic_field__rosidl_typesupport_fastrtps_c.h
[8.283s] -- Up-to-date symlink: /root/ros2_code/humble/dai_ws/install/depthai_ros_msgs/include/depthai_ros_msgs/depthai_ros_msgs/msg/detail/spatial_detection__rosidl_typesupport_fastrtps_c.h
[8.283s] -- Up-to-date symlink: /root/ros2_code/humble/dai_ws/install/depthai_ros_msgs/include/depthai_ros_msgs/depthai_ros_msgs/msg/detail/spatial_detection_array__rosidl_typesupport_fastrtps_c.h
[8.285s] -- Up-to-date symlink: /root/ros2_code/humble/dai_ws/install/depthai_ros_msgs/include/depthai_ros_msgs/depthai_ros_msgs/msg/detail/tracked_feature__rosidl_typesupport_fastrtps_c.h
[8.286s] -- Up-to-date symlink: /root/ros2_code/humble/dai_ws/install/depthai_ros_msgs/include/depthai_ros_msgs/depthai_ros_msgs/msg/detail/tracked_features__rosidl_typesupport_fastrtps_c.h
[8.287s] -- Up-to-date symlink: /root/ros2_code/humble/dai_ws/install/depthai_ros_msgs/include/depthai_ros_msgs/depthai_ros_msgs/msg/rosidl_typesupport_fastrtps_c__visibility_control.h
[8.288s] -- Up-to-date symlink: /root/ros2_code/humble/dai_ws/install/depthai_ros_msgs/include/depthai_ros_msgs/depthai_ros_msgs/srv/detail/normalized_image_crop__rosidl_typesupport_fastrtps_c.h
[8.288s] -- Up-to-date symlink: /root/ros2_code/humble/dai_ws/install/depthai_ros_msgs/include/depthai_ros_msgs/depthai_ros_msgs/srv/detail/trigger_named__rosidl_typesupport_fastrtps_c.h
[8.293s] -- Up-to-date symlink: /root/ros2_code/humble/dai_ws/install/depthai_ros_msgs/include/depthai_ros_msgs/depthai_ros_msgs/msg/auto_focus_ctrl.hpp
[8.294s] -- Up-to-date symlink: /root/ros2_code/humble/dai_ws/install/depthai_ros_msgs/include/depthai_ros_msgs/depthai_ros_msgs/msg/detail/auto_focus_ctrl__builder.hpp
[8.295s] -- Up-to-date symlink: /root/ros2_code/humble/dai_ws/install/depthai_ros_msgs/include/depthai_ros_msgs/depthai_ros_msgs/msg/detail/auto_focus_ctrl__struct.hpp
[8.296s] -- Up-to-date symlink: /root/ros2_code/humble/dai_ws/install/depthai_ros_msgs/include/depthai_ros_msgs/depthai_ros_msgs/msg/detail/auto_focus_ctrl__traits.hpp
[8.296s] -- Up-to-date symlink: /root/ros2_code/humble/dai_ws/install/depthai_ros_msgs/include/depthai_ros_msgs/depthai_ros_msgs/msg/detail/hand_landmark__builder.hpp
[8.297s] -- Up-to-date symlink: /root/ros2_code/humble/dai_ws/install/depthai_ros_msgs/include/depthai_ros_msgs/depthai_ros_msgs/msg/detail/hand_landmark__struct.hpp
[8.298s] -- Up-to-date symlink: /root/ros2_code/humble/dai_ws/install/depthai_ros_msgs/include/depthai_ros_msgs/depthai_ros_msgs/msg/detail/hand_landmark__traits.hpp
[8.299s] -- Up-to-date symlink: /root/ros2_code/humble/dai_ws/install/depthai_ros_msgs/include/depthai_ros_msgs/depthai_ros_msgs/msg/detail/hand_landmark_array__builder.hpp
[8.299s] -- Up-to-date symlink: /root/ros2_code/humble/dai_ws/install/depthai_ros_msgs/include/depthai_ros_msgs/depthai_ros_msgs/msg/detail/hand_landmark_array__struct.hpp
[8.300s] -- Up-to-date symlink: /root/ros2_code/humble/dai_ws/install/depthai_ros_msgs/include/depthai_ros_msgs/depthai_ros_msgs/msg/detail/hand_landmark_array__traits.hpp
[8.301s] -- Up-to-date symlink: /root/ros2_code/humble/dai_ws/install/depthai_ros_msgs/include/depthai_ros_msgs/depthai_ros_msgs/msg/detail/imu_with_magnetic_field__builder.hpp
[8.302s] -- Up-to-date symlink: /root/ros2_code/humble/dai_ws/install/depthai_ros_msgs/include/depthai_ros_msgs/depthai_ros_msgs/msg/detail/imu_with_magnetic_field__struct.hpp
[8.302s] -- Up-to-date symlink: /root/ros2_code/humble/dai_ws/install/depthai_ros_msgs/include/depthai_ros_msgs/depthai_ros_msgs/msg/detail/imu_with_magnetic_field__traits.hpp
[8.303s] -- Up-to-date symlink: /root/ros2_code/humble/dai_ws/install/depthai_ros_msgs/include/depthai_ros_msgs/depthai_ros_msgs/msg/detail/spatial_detection__builder.hpp
[8.304s] -- Up-to-date symlink: /root/ros2_code/humble/dai_ws/install/depthai_ros_msgs/include/depthai_ros_msgs/depthai_ros_msgs/msg/detail/spatial_detection__struct.hpp
[8.304s] -- Up-to-date symlink: /root/ros2_code/humble/dai_ws/install/depthai_ros_msgs/include/depthai_ros_msgs/depthai_ros_msgs/msg/detail/spatial_detection__traits.hpp
[8.305s] -- Up-to-date symlink: /root/ros2_code/humble/dai_ws/install/depthai_ros_msgs/include/depthai_ros_msgs/depthai_ros_msgs/msg/detail/spatial_detection_array__builder.hpp
[8.306s] -- Up-to-date symlink: /root/ros2_code/humble/dai_ws/install/depthai_ros_msgs/include/depthai_ros_msgs/depthai_ros_msgs/msg/detail/spatial_detection_array__struct.hpp
[8.307s] -- Up-to-date symlink: /root/ros2_code/humble/dai_ws/install/depthai_ros_msgs/include/depthai_ros_msgs/depthai_ros_msgs/msg/detail/spatial_detection_array__traits.hpp
[8.308s] -- Up-to-date symlink: /root/ros2_code/humble/dai_ws/install/depthai_ros_msgs/include/depthai_ros_msgs/depthai_ros_msgs/msg/detail/tracked_feature__builder.hpp
[8.309s] -- Up-to-date symlink: /root/ros2_code/humble/dai_ws/install/depthai_ros_msgs/include/depthai_ros_msgs/depthai_ros_msgs/msg/detail/tracked_feature__struct.hpp
[8.309s] -- Up-to-date symlink: /root/ros2_code/humble/dai_ws/install/depthai_ros_msgs/include/depthai_ros_msgs/depthai_ros_msgs/msg/detail/tracked_feature__traits.hpp
[8.310s] -- Up-to-date symlink: /root/ros2_code/humble/dai_ws/install/depthai_ros_msgs/include/depthai_ros_msgs/depthai_ros_msgs/msg/detail/tracked_features__builder.hpp
[8.311s] -- Up-to-date symlink: /root/ros2_code/humble/dai_ws/install/depthai_ros_msgs/include/depthai_ros_msgs/depthai_ros_msgs/msg/detail/tracked_features__struct.hpp
[8.311s] -- Up-to-date symlink: /root/ros2_code/humble/dai_ws/install/depthai_ros_msgs/include/depthai_ros_msgs/depthai_ros_msgs/msg/detail/tracked_features__traits.hpp
[8.312s] -- Up-to-date symlink: /root/ros2_code/humble/dai_ws/install/depthai_ros_msgs/include/depthai_ros_msgs/depthai_ros_msgs/msg/hand_landmark.hpp
[8.313s] -- Up-to-date symlink: /root/ros2_code/humble/dai_ws/install/depthai_ros_msgs/include/depthai_ros_msgs/depthai_ros_msgs/msg/hand_landmark_array.hpp
[8.314s] -- Up-to-date symlink: /root/ros2_code/humble/dai_ws/install/depthai_ros_msgs/include/depthai_ros_msgs/depthai_ros_msgs/msg/imu_with_magnetic_field.hpp
[8.314s] -- Up-to-date symlink: /root/ros2_code/humble/dai_ws/install/depthai_ros_msgs/include/depthai_ros_msgs/depthai_ros_msgs/msg/spatial_detection.hpp
[8.315s] -- Up-to-date symlink: /root/ros2_code/humble/dai_ws/install/depthai_ros_msgs/include/depthai_ros_msgs/depthai_ros_msgs/msg/spatial_detection_array.hpp
[8.315s] -- Up-to-date symlink: /root/ros2_code/humble/dai_ws/install/depthai_ros_msgs/include/depthai_ros_msgs/depthai_ros_msgs/msg/tracked_feature.hpp
[8.316s] -- Up-to-date symlink: /root/ros2_code/humble/dai_ws/install/depthai_ros_msgs/include/depthai_ros_msgs/depthai_ros_msgs/msg/tracked_features.hpp
[8.316s] -- Up-to-date symlink: /root/ros2_code/humble/dai_ws/install/depthai_ros_msgs/include/depthai_ros_msgs/depthai_ros_msgs/srv/detail/normalized_image_crop__builder.hpp
[8.317s] -- Up-to-date symlink: /root/ros2_code/humble/dai_ws/install/depthai_ros_msgs/include/depthai_ros_msgs/depthai_ros_msgs/srv/detail/normalized_image_crop__struct.hpp
[8.318s] -- Up-to-date symlink: /root/ros2_code/humble/dai_ws/install/depthai_ros_msgs/include/depthai_ros_msgs/depthai_ros_msgs/srv/detail/normalized_image_crop__traits.hpp
[8.319s] -- Up-to-date symlink: /root/ros2_code/humble/dai_ws/install/depthai_ros_msgs/include/depthai_ros_msgs/depthai_ros_msgs/srv/detail/trigger_named__builder.hpp
[8.320s] -- Up-to-date symlink: /root/ros2_code/humble/dai_ws/install/depthai_ros_msgs/include/depthai_ros_msgs/depthai_ros_msgs/srv/detail/trigger_named__struct.hpp
[8.321s] -- Up-to-date symlink: /root/ros2_code/humble/dai_ws/install/depthai_ros_msgs/include/depthai_ros_msgs/depthai_ros_msgs/srv/detail/trigger_named__traits.hpp
[8.322s] -- Up-to-date symlink: /root/ros2_code/humble/dai_ws/install/depthai_ros_msgs/include/depthai_ros_msgs/depthai_ros_msgs/srv/normalized_image_crop.hpp
[8.323s] -- Up-to-date symlink: /root/ros2_code/humble/dai_ws/install/depthai_ros_msgs/include/depthai_ros_msgs/depthai_ros_msgs/srv/trigger_named.hpp
[8.328s] -- Up-to-date symlink: /root/ros2_code/humble/dai_ws/install/depthai_ros_msgs/include/depthai_ros_msgs/depthai_ros_msgs/msg/detail/auto_focus_ctrl__rosidl_typesupport_fastrtps_cpp.hpp
[8.329s] -- Up-to-date symlink: /root/ros2_code/humble/dai_ws/install/depthai_ros_msgs/include/depthai_ros_msgs/depthai_ros_msgs/msg/detail/hand_landmark__rosidl_typesupport_fastrtps_cpp.hpp
[8.329s] -- Up-to-date symlink: /root/ros2_code/humble/dai_ws/install/depthai_ros_msgs/include/depthai_ros_msgs/depthai_ros_msgs/msg/detail/hand_landmark_array__rosidl_typesupport_fastrtps_cpp.hpp
[8.331s] -- Up-to-date symlink: /root/ros2_code/humble/dai_ws/install/depthai_ros_msgs/include/depthai_ros_msgs/depthai_ros_msgs/msg/detail/imu_with_magnetic_field__rosidl_typesupport_fastrtps_cpp.hpp
[8.332s] -- Up-to-date symlink: /root/ros2_code/humble/dai_ws/install/depthai_ros_msgs/include/depthai_ros_msgs/depthai_ros_msgs/msg/detail/spatial_detection__rosidl_typesupport_fastrtps_cpp.hpp
[8.333s] -- Up-to-date symlink: /root/ros2_code/humble/dai_ws/install/depthai_ros_msgs/include/depthai_ros_msgs/depthai_ros_msgs/msg/detail/spatial_detection_array__rosidl_typesupport_fastrtps_cpp.hpp
[8.334s] -- Up-to-date symlink: /root/ros2_code/humble/dai_ws/install/depthai_ros_msgs/include/depthai_ros_msgs/depthai_ros_msgs/msg/detail/tracked_feature__rosidl_typesupport_fastrtps_cpp.hpp
[8.337s] -- Up-to-date symlink: /root/ros2_code/humble/dai_ws/install/depthai_ros_msgs/include/depthai_ros_msgs/depthai_ros_msgs/msg/detail/tracked_features__rosidl_typesupport_fastrtps_cpp.hpp
[8.338s] -- Up-to-date symlink: /root/ros2_code/humble/dai_ws/install/depthai_ros_msgs/include/depthai_ros_msgs/depthai_ros_msgs/msg/rosidl_typesupport_fastrtps_cpp__visibility_control.h
[8.338s] -- Up-to-date symlink: /root/ros2_code/humble/dai_ws/install/depthai_ros_msgs/include/depthai_ros_msgs/depthai_ros_msgs/srv/detail/normalized_image_crop__rosidl_typesupport_fastrtps_cpp.hpp
[8.339s] -- Up-to-date symlink: /root/ros2_code/humble/dai_ws/install/depthai_ros_msgs/include/depthai_ros_msgs/depthai_ros_msgs/srv/detail/trigger_named__rosidl_typesupport_fastrtps_cpp.hpp
[8.340s] -- Up-to-date symlink: /root/ros2_code/humble/dai_ws/install/depthai_ros_msgs/include/depthai_ros_msgs/depthai_ros_msgs/msg/detail/auto_focus_ctrl__rosidl_typesupport_introspection_c.h
[8.340s] -- Up-to-date symlink: /root/ros2_code/humble/dai_ws/install/depthai_ros_msgs/include/depthai_ros_msgs/depthai_ros_msgs/msg/detail/hand_landmark__rosidl_typesupport_introspection_c.h
[8.341s] -- Up-to-date symlink: /root/ros2_code/humble/dai_ws/install/depthai_ros_msgs/include/depthai_ros_msgs/depthai_ros_msgs/msg/detail/hand_landmark_array__rosidl_typesupport_introspection_c.h
[8.342s] -- Up-to-date symlink: /root/ros2_code/humble/dai_ws/install/depthai_ros_msgs/include/depthai_ros_msgs/depthai_ros_msgs/msg/detail/imu_with_magnetic_field__rosidl_typesupport_introspection_c.h
[8.343s] -- Up-to-date symlink: /root/ros2_code/humble/dai_ws/install/depthai_ros_msgs/include/depthai_ros_msgs/depthai_ros_msgs/msg/detail/spatial_detection__rosidl_typesupport_introspection_c.h
[8.344s] -- Up-to-date symlink: /root/ros2_code/humble/dai_ws/install/depthai_ros_msgs/include/depthai_ros_msgs/depthai_ros_msgs/msg/detail/spatial_detection_array__rosidl_typesupport_introspection_c.h
[8.345s] -- Up-to-date symlink: /root/ros2_code/humble/dai_ws/install/depthai_ros_msgs/include/depthai_ros_msgs/depthai_ros_msgs/msg/detail/tracked_feature__rosidl_typesupport_introspection_c.h
[8.346s] -- Up-to-date symlink: /root/ros2_code/humble/dai_ws/install/depthai_ros_msgs/include/depthai_ros_msgs/depthai_ros_msgs/msg/detail/tracked_features__rosidl_typesupport_introspection_c.h
[8.346s] -- Up-to-date symlink: /root/ros2_code/humble/dai_ws/install/depthai_ros_msgs/include/depthai_ros_msgs/depthai_ros_msgs/msg/rosidl_typesupport_introspection_c__visibility_control.h
[8.347s] -- Up-to-date symlink: /root/ros2_code/humble/dai_ws/install/depthai_ros_msgs/include/depthai_ros_msgs/depthai_ros_msgs/srv/detail/normalized_image_crop__rosidl_typesupport_introspection_c.h
[8.348s] -- Up-to-date symlink: /root/ros2_code/humble/dai_ws/install/depthai_ros_msgs/include/depthai_ros_msgs/depthai_ros_msgs/srv/detail/trigger_named__rosidl_typesupport_introspection_c.h
[8.352s] -- Up-to-date symlink: /root/ros2_code/humble/dai_ws/install/depthai_ros_msgs/include/depthai_ros_msgs/depthai_ros_msgs/msg/detail/auto_focus_ctrl__rosidl_typesupport_introspection_cpp.hpp
[8.353s] -- Up-to-date symlink: /root/ros2_code/humble/dai_ws/install/depthai_ros_msgs/include/depthai_ros_msgs/depthai_ros_msgs/msg/detail/hand_landmark__rosidl_typesupport_introspection_cpp.hpp
[8.354s] -- Up-to-date symlink: /root/ros2_code/humble/dai_ws/install/depthai_ros_msgs/include/depthai_ros_msgs/depthai_ros_msgs/msg/detail/hand_landmark_array__rosidl_typesupport_introspection_cpp.hpp
[8.354s] -- Up-to-date symlink: /root/ros2_code/humble/dai_ws/install/depthai_ros_msgs/include/depthai_ros_msgs/depthai_ros_msgs/msg/detail/imu_with_magnetic_field__rosidl_typesupport_introspection_cpp.hpp
[8.355s] -- Up-to-date symlink: /root/ros2_code/humble/dai_ws/install/depthai_ros_msgs/include/depthai_ros_msgs/depthai_ros_msgs/msg/detail/spatial_detection__rosidl_typesupport_introspection_cpp.hpp
[8.356s] -- Up-to-date symlink: /root/ros2_code/humble/dai_ws/install/depthai_ros_msgs/include/depthai_ros_msgs/depthai_ros_msgs/msg/detail/spatial_detection_array__rosidl_typesupport_introspection_cpp.hpp
[8.357s] -- Up-to-date symlink: /root/ros2_code/humble/dai_ws/install/depthai_ros_msgs/include/depthai_ros_msgs/depthai_ros_msgs/msg/detail/tracked_feature__rosidl_typesupport_introspection_cpp.hpp
[8.358s] -- Up-to-date symlink: /root/ros2_code/humble/dai_ws/install/depthai_ros_msgs/include/depthai_ros_msgs/depthai_ros_msgs/msg/detail/tracked_features__rosidl_typesupport_introspection_cpp.hpp
[8.359s] -- Up-to-date symlink: /root/ros2_code/humble/dai_ws/install/depthai_ros_msgs/include/depthai_ros_msgs/depthai_ros_msgs/srv/detail/normalized_image_crop__rosidl_typesupport_introspection_cpp.hpp
[8.359s] -- Up-to-date symlink: /root/ros2_code/humble/dai_ws/install/depthai_ros_msgs/include/depthai_ros_msgs/depthai_ros_msgs/srv/detail/trigger_named__rosidl_typesupport_introspection_cpp.hpp
[8.360s] -- Up-to-date symlink: /root/ros2_code/humble/dai_ws/install/depthai_ros_msgs/share/depthai_ros_msgs/environment/pythonpath.sh
[8.361s] -- Up-to-date symlink: /root/ros2_code/humble/dai_ws/install/depthai_ros_msgs/share/depthai_ros_msgs/environment/pythonpath.dsv
[8.363s] -- Up-to-date symlink: /root/ros2_code/humble/dai_ws/install/depthai_ros_msgs/local/lib/python3.10/dist-packages/depthai_ros_msgs-2.9.0-py3.10.egg-info/PKG-INFO
[8.364s] -- Up-to-date symlink: /root/ros2_code/humble/dai_ws/install/depthai_ros_msgs/local/lib/python3.10/dist-packages/depthai_ros_msgs-2.9.0-py3.10.egg-info/SOURCES.txt
[8.364s] -- Up-to-date symlink: /root/ros2_code/humble/dai_ws/install/depthai_ros_msgs/local/lib/python3.10/dist-packages/depthai_ros_msgs-2.9.0-py3.10.egg-info/dependency_links.txt
[8.365s] -- Up-to-date symlink: /root/ros2_code/humble/dai_ws/install/depthai_ros_msgs/local/lib/python3.10/dist-packages/depthai_ros_msgs-2.9.0-py3.10.egg-info/top_level.txt
[8.372s] -- Up-to-date symlink: /root/ros2_code/humble/dai_ws/install/depthai_ros_msgs/local/lib/python3.10/dist-packages/depthai_ros_msgs/__init__.py
[8.372s] -- Up-to-date symlink: /root/ros2_code/humble/dai_ws/install/depthai_ros_msgs/local/lib/python3.10/dist-packages/depthai_ros_msgs/_depthai_ros_msgs_s.ep.rosidl_typesupport_c.c
[8.373s] -- Up-to-date symlink: /root/ros2_code/humble/dai_ws/install/depthai_ros_msgs/local/lib/python3.10/dist-packages/depthai_ros_msgs/_depthai_ros_msgs_s.ep.rosidl_typesupport_fastrtps_c.c
[8.374s] -- Up-to-date symlink: /root/ros2_code/humble/dai_ws/install/depthai_ros_msgs/local/lib/python3.10/dist-packages/depthai_ros_msgs/_depthai_ros_msgs_s.ep.rosidl_typesupport_introspection_c.c
[8.375s] -- Up-to-date symlink: /root/ros2_code/humble/dai_ws/install/depthai_ros_msgs/local/lib/python3.10/dist-packages/depthai_ros_msgs/depthai_ros_msgs_s__rosidl_typesupport_c.cpython-310-x86_64-linux-gnu.so
[8.375s] -- Up-to-date symlink: /root/ros2_code/humble/dai_ws/install/depthai_ros_msgs/local/lib/python3.10/dist-packages/depthai_ros_msgs/depthai_ros_msgs_s__rosidl_typesupport_fastrtps_c.cpython-310-x86_64-linux-gnu.so
[8.376s] -- Up-to-date symlink: /root/ros2_code/humble/dai_ws/install/depthai_ros_msgs/local/lib/python3.10/dist-packages/depthai_ros_msgs/depthai_ros_msgs_s__rosidl_typesupport_introspection_c.cpython-310-x86_64-linux-gnu.so
[8.377s] -- Up-to-date symlink: /root/ros2_code/humble/dai_ws/install/depthai_ros_msgs/local/lib/python3.10/dist-packages/depthai_ros_msgs/libdepthai_ros_msgs__rosidl_generator_py.so
[8.378s] -- Up-to-date symlink: /root/ros2_code/humble/dai_ws/install/depthai_ros_msgs/local/lib/python3.10/dist-packages/depthai_ros_msgs/msg/__init__.py
[8.379s] -- Up-to-date symlink: /root/ros2_code/humble/dai_ws/install/depthai_ros_msgs/local/lib/python3.10/dist-packages/depthai_ros_msgs/msg/_auto_focus_ctrl.py
[8.380s] -- Up-to-date symlink: /root/ros2_code/humble/dai_ws/install/depthai_ros_msgs/local/lib/python3.10/dist-packages/depthai_ros_msgs/msg/_auto_focus_ctrl_s.c
[8.380s] -- Up-to-date symlink: /root/ros2_code/humble/dai_ws/install/depthai_ros_msgs/local/lib/python3.10/dist-packages/depthai_ros_msgs/msg/_hand_landmark.py
[8.381s] -- Up-to-date symlink: /root/ros2_code/humble/dai_ws/install/depthai_ros_msgs/local/lib/python3.10/dist-packages/depthai_ros_msgs/msg/_hand_landmark_array.py
[8.385s] -- Up-to-date symlink: /root/ros2_code/humble/dai_ws/install/depthai_ros_msgs/local/lib/python3.10/dist-packages/depthai_ros_msgs/msg/_hand_landmark_array_s.c
[8.387s] -- Up-to-date symlink: /root/ros2_code/humble/dai_ws/install/depthai_ros_msgs/local/lib/python3.10/dist-packages/depthai_ros_msgs/msg/_hand_landmark_s.c
[8.387s] -- Up-to-date symlink: /root/ros2_code/humble/dai_ws/install/depthai_ros_msgs/local/lib/python3.10/dist-packages/depthai_ros_msgs/msg/_imu_with_magnetic_field.py
[8.388s] -- Up-to-date symlink: /root/ros2_code/humble/dai_ws/install/depthai_ros_msgs/local/lib/python3.10/dist-packages/depthai_ros_msgs/msg/_imu_with_magnetic_field_s.c
[8.390s] -- Up-to-date symlink: /root/ros2_code/humble/dai_ws/install/depthai_ros_msgs/local/lib/python3.10/dist-packages/depthai_ros_msgs/msg/_spatial_detection.py
[8.390s] -- Up-to-date symlink: /root/ros2_code/humble/dai_ws/install/depthai_ros_msgs/local/lib/python3.10/dist-packages/depthai_ros_msgs/msg/_spatial_detection_array.py
[8.391s] -- Up-to-date symlink: /root/ros2_code/humble/dai_ws/install/depthai_ros_msgs/local/lib/python3.10/dist-packages/depthai_ros_msgs/msg/_spatial_detection_array_s.c
[8.392s] -- Up-to-date symlink: /root/ros2_code/humble/dai_ws/install/depthai_ros_msgs/local/lib/python3.10/dist-packages/depthai_ros_msgs/msg/_spatial_detection_s.c
[8.393s] -- Up-to-date symlink: /root/ros2_code/humble/dai_ws/install/depthai_ros_msgs/local/lib/python3.10/dist-packages/depthai_ros_msgs/msg/_tracked_feature.py
[8.393s] -- Up-to-date symlink: /root/ros2_code/humble/dai_ws/install/depthai_ros_msgs/local/lib/python3.10/dist-packages/depthai_ros_msgs/msg/_tracked_feature_s.c
[8.394s] -- Up-to-date symlink: /root/ros2_code/humble/dai_ws/install/depthai_ros_msgs/local/lib/python3.10/dist-packages/depthai_ros_msgs/msg/_tracked_features.py
[8.395s] -- Up-to-date symlink: /root/ros2_code/humble/dai_ws/install/depthai_ros_msgs/local/lib/python3.10/dist-packages/depthai_ros_msgs/msg/_tracked_features_s.c
[8.395s] -- Up-to-date symlink: /root/ros2_code/humble/dai_ws/install/depthai_ros_msgs/local/lib/python3.10/dist-packages/depthai_ros_msgs/srv/__init__.py
[8.396s] -- Up-to-date symlink: /root/ros2_code/humble/dai_ws/install/depthai_ros_msgs/local/lib/python3.10/dist-packages/depthai_ros_msgs/srv/_normalized_image_crop.py
[8.397s] -- Up-to-date symlink: /root/ros2_code/humble/dai_ws/install/depthai_ros_msgs/local/lib/python3.10/dist-packages/depthai_ros_msgs/srv/_normalized_image_crop_s.c
[8.398s] -- Up-to-date symlink: /root/ros2_code/humble/dai_ws/install/depthai_ros_msgs/local/lib/python3.10/dist-packages/depthai_ros_msgs/srv/_trigger_named.py
[8.398s] -- Up-to-date symlink: /root/ros2_code/humble/dai_ws/install/depthai_ros_msgs/local/lib/python3.10/dist-packages/depthai_ros_msgs/srv/_trigger_named_s.c
[8.400s] -- Up-to-date symlink: /root/ros2_code/humble/dai_ws/install/depthai_ros_msgs/local/lib/python3.10/dist-packages/depthai_ros_msgs/depthai_ros_msgs_s__rosidl_typesupport_fastrtps_c.cpython-310-x86_64-linux-gnu.so
[8.408s] -- Up-to-date symlink: /root/ros2_code/humble/dai_ws/install/depthai_ros_msgs/local/lib/python3.10/dist-packages/depthai_ros_msgs/depthai_ros_msgs_s__rosidl_typesupport_introspection_c.cpython-310-x86_64-linux-gnu.so
[8.409s] -- Up-to-date symlink: /root/ros2_code/humble/dai_ws/install/depthai_ros_msgs/local/lib/python3.10/dist-packages/depthai_ros_msgs/depthai_ros_msgs_s__rosidl_typesupport_c.cpython-310-x86_64-linux-gnu.so
[8.410s] -- Up-to-date symlink: /root/ros2_code/humble/dai_ws/install/depthai_ros_msgs/share/depthai_ros_msgs/msg/AutoFocusCtrl.idl
[8.410s] -- Up-to-date symlink: /root/ros2_code/humble/dai_ws/install/depthai_ros_msgs/share/depthai_ros_msgs/msg/HandLandmark.idl
[8.410s] -- Up-to-date symlink: /root/ros2_code/humble/dai_ws/install/depthai_ros_msgs/share/depthai_ros_msgs/msg/HandLandmarkArray.idl
[8.411s] -- Up-to-date symlink: /root/ros2_code/humble/dai_ws/install/depthai_ros_msgs/share/depthai_ros_msgs/msg/ImuWithMagneticField.idl
[8.412s] -- Up-to-date symlink: /root/ros2_code/humble/dai_ws/install/depthai_ros_msgs/share/depthai_ros_msgs/msg/TrackedFeature.idl
[8.413s] -- Up-to-date symlink: /root/ros2_code/humble/dai_ws/install/depthai_ros_msgs/share/depthai_ros_msgs/msg/TrackedFeatures.idl
[8.414s] -- Up-to-date symlink: /root/ros2_code/humble/dai_ws/install/depthai_ros_msgs/share/depthai_ros_msgs/msg/SpatialDetection.idl
[8.414s] -- Up-to-date symlink: /root/ros2_code/humble/dai_ws/install/depthai_ros_msgs/share/depthai_ros_msgs/msg/SpatialDetectionArray.idl
[8.415s] -- Up-to-date symlink: /root/ros2_code/humble/dai_ws/install/depthai_ros_msgs/share/depthai_ros_msgs/srv/TriggerNamed.idl
[8.416s] -- Up-to-date symlink: /root/ros2_code/humble/dai_ws/install/depthai_ros_msgs/share/depthai_ros_msgs/srv/NormalizedImageCrop.idl
[8.417s] -- Up-to-date symlink: /root/ros2_code/humble/dai_ws/install/depthai_ros_msgs/share/depthai_ros_msgs/msg/AutoFocusCtrl.msg
[8.418s] -- Up-to-date symlink: /root/ros2_code/humble/dai_ws/install/depthai_ros_msgs/share/depthai_ros_msgs/msg/HandLandmark.msg
[8.419s] -- Up-to-date symlink: /root/ros2_code/humble/dai_ws/install/depthai_ros_msgs/share/depthai_ros_msgs/msg/HandLandmarkArray.msg
[8.420s] -- Up-to-date symlink: /root/ros2_code/humble/dai_ws/install/depthai_ros_msgs/share/depthai_ros_msgs/msg/ImuWithMagneticField.msg
[8.422s] -- Up-to-date symlink: /root/ros2_code/humble/dai_ws/install/depthai_ros_msgs/share/depthai_ros_msgs/msg/TrackedFeature.msg
[8.423s] -- Up-to-date symlink: /root/ros2_code/humble/dai_ws/install/depthai_ros_msgs/share/depthai_ros_msgs/msg/TrackedFeatures.msg
[8.424s] -- Up-to-date symlink: /root/ros2_code/humble/dai_ws/install/depthai_ros_msgs/share/depthai_ros_msgs/msg/SpatialDetection.msg
[8.425s] -- Up-to-date symlink: /root/ros2_code/humble/dai_ws/install/depthai_ros_msgs/share/depthai_ros_msgs/msg/SpatialDetectionArray.msg
[8.426s] -- Up-to-date symlink: /root/ros2_code/humble/dai_ws/install/depthai_ros_msgs/share/depthai_ros_msgs/srv/TriggerNamed.srv
[8.427s] -- Up-to-date symlink: /root/ros2_code/humble/dai_ws/install/depthai_ros_msgs/share/depthai_ros_msgs/srv/TriggerNamed_Request.msg
[8.428s] -- Up-to-date symlink: /root/ros2_code/humble/dai_ws/install/depthai_ros_msgs/share/depthai_ros_msgs/srv/TriggerNamed_Response.msg
[8.428s] -- Up-to-date symlink: /root/ros2_code/humble/dai_ws/install/depthai_ros_msgs/share/depthai_ros_msgs/srv/NormalizedImageCrop.srv
[8.429s] -- Up-to-date symlink: /root/ros2_code/humble/dai_ws/install/depthai_ros_msgs/share/depthai_ros_msgs/srv/NormalizedImageCrop_Request.msg
[8.430s] -- Up-to-date symlink: /root/ros2_code/humble/dai_ws/install/depthai_ros_msgs/share/depthai_ros_msgs/srv/NormalizedImageCrop_Response.msg
[8.431s] -- Up-to-date symlink: /root/ros2_code/humble/dai_ws/install/depthai_ros_msgs/share/ament_index/resource_index/package_run_dependencies/depthai_ros_msgs
[8.433s] -- Up-to-date symlink: /root/ros2_code/humble/dai_ws/install/depthai_ros_msgs/share/ament_index/resource_index/parent_prefix_path/depthai_ros_msgs
[8.434s] -- Up-to-date symlink: /root/ros2_code/humble/dai_ws/install/depthai_ros_msgs/share/depthai_ros_msgs/environment/ament_prefix_path.sh
[8.434s] -- Up-to-date symlink: /root/ros2_code/humble/dai_ws/install/depthai_ros_msgs/share/depthai_ros_msgs/environment/ament_prefix_path.dsv
[8.435s] -- Up-to-date symlink: /root/ros2_code/humble/dai_ws/install/depthai_ros_msgs/share/depthai_ros_msgs/environment/path.sh
[8.436s] -- Up-to-date symlink: /root/ros2_code/humble/dai_ws/install/depthai_ros_msgs/share/depthai_ros_msgs/environment/path.dsv
[8.437s] -- Up-to-date symlink: /root/ros2_code/humble/dai_ws/install/depthai_ros_msgs/share/depthai_ros_msgs/local_setup.bash
[8.438s] -- Up-to-date symlink: /root/ros2_code/humble/dai_ws/install/depthai_ros_msgs/share/depthai_ros_msgs/local_setup.sh
[8.439s] -- Up-to-date symlink: /root/ros2_code/humble/dai_ws/install/depthai_ros_msgs/share/depthai_ros_msgs/local_setup.zsh
[8.441s] -- Up-to-date symlink: /root/ros2_code/humble/dai_ws/install/depthai_ros_msgs/share/depthai_ros_msgs/local_setup.dsv
[8.441s] -- Symlinking: /root/ros2_code/humble/dai_ws/install/depthai_ros_msgs/share/depthai_ros_msgs/package.dsv
[8.490s] -- Up-to-date symlink: /root/ros2_code/humble/dai_ws/install/depthai_ros_msgs/share/ament_index/resource_index/packages/depthai_ros_msgs
[8.490s] -- Up-to-date symlink: /root/ros2_code/humble/dai_ws/install/depthai_ros_msgs/share/depthai_ros_msgs/cmake/rosidl_cmake-extras.cmake
[8.491s] -- Up-to-date symlink: /root/ros2_code/humble/dai_ws/install/depthai_ros_msgs/share/depthai_ros_msgs/cmake/ament_cmake_export_dependencies-extras.cmake
[8.492s] -- Up-to-date symlink: /root/ros2_code/humble/dai_ws/install/depthai_ros_msgs/share/depthai_ros_msgs/cmake/ament_cmake_export_include_directories-extras.cmake
[8.493s] -- Up-to-date symlink: /root/ros2_code/humble/dai_ws/install/depthai_ros_msgs/share/depthai_ros_msgs/cmake/ament_cmake_export_libraries-extras.cmake
[8.494s] -- Up-to-date symlink: /root/ros2_code/humble/dai_ws/install/depthai_ros_msgs/share/depthai_ros_msgs/cmake/ament_cmake_export_targets-extras.cmake
[8.494s] -- Up-to-date symlink: /root/ros2_code/humble/dai_ws/install/depthai_ros_msgs/share/depthai_ros_msgs/cmake/rosidl_cmake_export_typesupport_targets-extras.cmake
[8.495s] -- Up-to-date symlink: /root/ros2_code/humble/dai_ws/install/depthai_ros_msgs/share/depthai_ros_msgs/cmake/rosidl_cmake_export_typesupport_libraries-extras.cmake
[8.496s] -- Up-to-date symlink: /root/ros2_code/humble/dai_ws/install/depthai_ros_msgs/share/depthai_ros_msgs/cmake/depthai_ros_msgsConfig.cmake
[8.499s] -- Up-to-date symlink: /root/ros2_code/humble/dai_ws/install/depthai_ros_msgs/share/depthai_ros_msgs/cmake/depthai_ros_msgsConfig-version.cmake
[8.500s] -- Up-to-date symlink: /root/ros2_code/humble/dai_ws/install/depthai_ros_msgs/share/depthai_ros_msgs/package.xml
[8.501s] -- Up-to-date: /root/ros2_code/humble/dai_ws/install/depthai_ros_msgs/lib/libdepthai_ros_msgs__rosidl_generator_c.so
[8.501s] -- Up-to-date: /root/ros2_code/humble/dai_ws/install/depthai_ros_msgs/lib/libdepthai_ros_msgs__rosidl_typesupport_fastrtps_c.so
[8.503s] -- Up-to-date: /root/ros2_code/humble/dai_ws/install/depthai_ros_msgs/lib/libdepthai_ros_msgs__rosidl_typesupport_fastrtps_cpp.so
[8.505s] -- Up-to-date: /root/ros2_code/humble/dai_ws/install/depthai_ros_msgs/lib/libdepthai_ros_msgs__rosidl_typesupport_introspection_c.so
[8.507s] -- Up-to-date: /root/ros2_code/humble/dai_ws/install/depthai_ros_msgs/lib/libdepthai_ros_msgs__rosidl_typesupport_c.so
[8.509s] -- Up-to-date: /root/ros2_code/humble/dai_ws/install/depthai_ros_msgs/lib/libdepthai_ros_msgs__rosidl_typesupport_introspection_cpp.so
[8.510s] -- Up-to-date: /root/ros2_code/humble/dai_ws/install/depthai_ros_msgs/lib/libdepthai_ros_msgs__rosidl_typesupport_cpp.so
[8.712s] Listing '/root/ros2_code/humble/dai_ws/install/depthai_ros_msgs/local/lib/python3.10/dist-packages/depthai_ros_msgs'...
[8.712s] Listing '/root/ros2_code/humble/dai_ws/install/depthai_ros_msgs/local/lib/python3.10/dist-packages/depthai_ros_msgs/msg'...
[8.713s] Listing '/root/ros2_code/humble/dai_ws/install/depthai_ros_msgs/local/lib/python3.10/dist-packages/depthai_ros_msgs/srv'...
[8.736s] -- Up-to-date: /root/ros2_code/humble/dai_ws/install/depthai_ros_msgs/lib/libdepthai_ros_msgs__rosidl_generator_py.so
[8.738s] -- Up-to-date: /root/ros2_code/humble/dai_ws/install/depthai_ros_msgs/share/depthai_ros_msgs/cmake/export_depthai_ros_msgs__rosidl_generator_cExport.cmake
[8.739s] -- Up-to-date: /root/ros2_code/humble/dai_ws/install/depthai_ros_msgs/share/depthai_ros_msgs/cmake/export_depthai_ros_msgs__rosidl_generator_cExport-noconfig.cmake
[8.740s] -- Up-to-date: /root/ros2_code/humble/dai_ws/install/depthai_ros_msgs/share/depthai_ros_msgs/cmake/export_depthai_ros_msgs__rosidl_typesupport_fastrtps_cExport.cmake
[8.740s] -- Up-to-date: /root/ros2_code/humble/dai_ws/install/depthai_ros_msgs/share/depthai_ros_msgs/cmake/export_depthai_ros_msgs__rosidl_typesupport_fastrtps_cExport-noconfig.cmake
[8.742s] -- Up-to-date: /root/ros2_code/humble/dai_ws/install/depthai_ros_msgs/share/depthai_ros_msgs/cmake/export_depthai_ros_msgs__rosidl_generator_cppExport.cmake
[8.743s] -- Up-to-date: /root/ros2_code/humble/dai_ws/install/depthai_ros_msgs/share/depthai_ros_msgs/cmake/export_depthai_ros_msgs__rosidl_typesupport_fastrtps_cppExport.cmake
[8.743s] -- Up-to-date: /root/ros2_code/humble/dai_ws/install/depthai_ros_msgs/share/depthai_ros_msgs/cmake/export_depthai_ros_msgs__rosidl_typesupport_fastrtps_cppExport-noconfig.cmake
[8.744s] -- Up-to-date: /root/ros2_code/humble/dai_ws/install/depthai_ros_msgs/share/depthai_ros_msgs/cmake/depthai_ros_msgs__rosidl_typesupport_introspection_cExport.cmake
[8.744s] -- Up-to-date: /root/ros2_code/humble/dai_ws/install/depthai_ros_msgs/share/depthai_ros_msgs/cmake/depthai_ros_msgs__rosidl_typesupport_introspection_cExport-noconfig.cmake
[8.745s] -- Up-to-date: /root/ros2_code/humble/dai_ws/install/depthai_ros_msgs/share/depthai_ros_msgs/cmake/depthai_ros_msgs__rosidl_typesupport_cExport.cmake
[8.745s] -- Up-to-date: /root/ros2_code/humble/dai_ws/install/depthai_ros_msgs/share/depthai_ros_msgs/cmake/depthai_ros_msgs__rosidl_typesupport_cExport-noconfig.cmake
[8.746s] -- Up-to-date: /root/ros2_code/humble/dai_ws/install/depthai_ros_msgs/share/depthai_ros_msgs/cmake/depthai_ros_msgs__rosidl_typesupport_introspection_cppExport.cmake
[8.746s] -- Up-to-date: /root/ros2_code/humble/dai_ws/install/depthai_ros_msgs/share/depthai_ros_msgs/cmake/depthai_ros_msgs__rosidl_typesupport_introspection_cppExport-noconfig.cmake
[8.746s] -- Up-to-date: /root/ros2_code/humble/dai_ws/install/depthai_ros_msgs/share/depthai_ros_msgs/cmake/depthai_ros_msgs__rosidl_typesupport_cppExport.cmake
[8.746s] -- Up-to-date: /root/ros2_code/humble/dai_ws/install/depthai_ros_msgs/share/depthai_ros_msgs/cmake/depthai_ros_msgs__rosidl_typesupport_cppExport-noconfig.cmake
[8.747s] -- Up-to-date: /root/ros2_code/humble/dai_ws/install/depthai_ros_msgs/share/depthai_ros_msgs/cmake/export_depthai_ros_msgs__rosidl_generator_pyExport.cmake
[8.747s] -- Up-to-date: /root/ros2_code/humble/dai_ws/install/depthai_ros_msgs/share/depthai_ros_msgs/cmake/export_depthai_ros_msgs__rosidl_generator_pyExport-noconfig.cmake
[8.754s] Invoked command in '/root/ros2_code/humble/dai_ws/build/depthai_ros_msgs' returned '0': CMAKE_PREFIX_PATH=${CMAKE_PREFIX_PATH}:/root/ros2_code/humble/learning/install/ball_tracker:/opt/ros/humble /usr/bin/cmake --install /root/ros2_code/humble/dai_ws/build/depthai_ros_msgs
