[3.055s] Invoking command in '/root/ros2_code/humble/tc_ros2_nav/src/navigation': PYTHONPATH=/root/ros2_code/humble/tc_ros2_nav/build/navigation/prefix_override:/root/ros2_code/humble/tc_ros2_nav/install/navigation/lib/python3.10/site-packages:${PYTHONPATH} /usr/bin/python3 setup.py egg_info --egg-base ../../build/navigation build --build-base /root/ros2_code/humble/tc_ros2_nav/build/navigation/build install --record /root/ros2_code/humble/tc_ros2_nav/build/navigation/install.log --single-version-externally-managed
[3.415s] running egg_info
[3.415s] writing ../../build/navigation/navigation.egg-info/PKG-INFO
[3.416s] writing dependency_links to ../../build/navigation/navigation.egg-info/dependency_links.txt
[3.416s] writing entry points to ../../build/navigation/navigation.egg-info/entry_points.txt
[3.416s] writing requirements to ../../build/navigation/navigation.egg-info/requires.txt
[3.416s] writing top-level names to ../../build/navigation/navigation.egg-info/top_level.txt
[3.419s] reading manifest file '../../build/navigation/navigation.egg-info/SOURCES.txt'
[3.420s] writing manifest file '../../build/navigation/navigation.egg-info/SOURCES.txt'
[3.420s] running build
[3.420s] running build_py
[3.420s] running install
[3.420s] running install_lib
[3.422s] running install_data
[3.424s] copying launch/navigation.launch.py -> /root/ros2_code/humble/tc_ros2_nav/install/navigation/share/navigation/launch
[3.424s] running install_egg_info
[3.424s] removing '/root/ros2_code/humble/tc_ros2_nav/install/navigation/lib/python3.10/site-packages/navigation-0.0.0-py3.10.egg-info' (and everything under it)
[3.425s] Copying ../../build/navigation/navigation.egg-info to /root/ros2_code/humble/tc_ros2_nav/install/navigation/lib/python3.10/site-packages/navigation-0.0.0-py3.10.egg-info
[3.426s] running install_scripts
[3.450s] writing list of installed files to '/root/ros2_code/humble/tc_ros2_nav/build/navigation/install.log'
[3.638s] Invoked command in '/root/ros2_code/humble/tc_ros2_nav/src/navigation' returned '0': PYTHONPATH=/root/ros2_code/humble/tc_ros2_nav/build/navigation/prefix_override:/root/ros2_code/humble/tc_ros2_nav/install/navigation/lib/python3.10/site-packages:${PYTHONPATH} /usr/bin/python3 setup.py egg_info --egg-base ../../build/navigation build --build-base /root/ros2_code/humble/tc_ros2_nav/build/navigation/build install --record /root/ros2_code/humble/tc_ros2_nav/build/navigation/install.log --single-version-externally-managed
