[5.341s] DEBUG:colcon:Command line arguments: ['/usr/bin/colcon', 'build', '--symlink-install']
[5.341s] DEBUG:colcon:Parsed command line arguments: Namespace(log_base=None, log_level=None, verb_name='build', build_base='build', install_base='install', merge_install=False, symlink_install=True, test_result_base=None, continue_on_error=False, executor='parallel', parallel_workers=12, event_handlers=None, ignore_user_meta=False, metas=['./colcon.meta'], base_paths=['.'], packages_ignore=None, packages_ignore_regex=None, paths=None, packages_up_to=None, packages_up_to_regex=None, packages_above=None, packages_above_and_dependencies=None, packages_above_depth=None, packages_select_by_dep=None, packages_skip_by_dep=None, packages_skip_up_to=None, packages_select_build_failed=False, packages_skip_build_finished=False, packages_select_test_failures=False, packages_skip_test_passed=False, packages_select=None, packages_skip=None, packages_select_regex=None, packages_skip_regex=None, packages_start=None, packages_end=None, cmake_args=None, cmake_target=None, cmake_target_skip_unavailable=False, cmake_clean_cache=False, cmake_clean_first=False, cmake_force_configure=False, ament_cmake_args=None, catkin_cmake_args=None, catkin_skip_building_tests=False, verb_parser=<colcon_defaults.argument_parser.defaults.DefaultArgumentsDecorator object at 0x7fe1c678b430>, verb_extension=<colcon_core.verb.build.BuildVerb object at 0x7fe1c6a34eb0>, main=<bound method BuildVerb.main of <colcon_core.verb.build.BuildVerb object at 0x7fe1c6a34eb0>>)
[5.571s] Level 1:colcon.colcon_core.package_discovery:discover_packages(colcon_meta) check parameters
[5.572s] Level 1:colcon.colcon_core.package_discovery:discover_packages(recursive) check parameters
[5.572s] Level 1:colcon.colcon_core.package_discovery:discover_packages(ignore) check parameters
[5.572s] Level 1:colcon.colcon_core.package_discovery:discover_packages(path) check parameters
[5.572s] Level 1:colcon.colcon_core.package_discovery:discover_packages(colcon_meta) discover
[5.572s] Level 1:colcon.colcon_core.package_discovery:discover_packages(recursive) discover
[5.573s] INFO:colcon.colcon_core.package_discovery:Crawling recursively for packages in '/root/ros2_code/humble/articubot'
[5.573s] Level 1:colcon.colcon_core.package_identification:_identify(.) by extensions ['ignore', 'ignore_ament_install']
[5.573s] Level 1:colcon.colcon_core.package_identification:_identify(.) by extension 'ignore'
[5.574s] Level 1:colcon.colcon_core.package_identification:_identify(.) by extension 'ignore_ament_install'
[5.574s] Level 1:colcon.colcon_core.package_identification:_identify(.) by extensions ['colcon_pkg']
[5.574s] Level 1:colcon.colcon_core.package_identification:_identify(.) by extension 'colcon_pkg'
[5.574s] Level 1:colcon.colcon_core.package_identification:_identify(.) by extensions ['colcon_meta']
[5.574s] Level 1:colcon.colcon_core.package_identification:_identify(.) by extension 'colcon_meta'
[5.575s] Level 1:colcon.colcon_core.package_identification:_identify(.) by extensions ['ros']
[5.575s] Level 1:colcon.colcon_core.package_identification:_identify(.) by extension 'ros'
[5.622s] Level 1:colcon.colcon_core.package_identification:_identify(.) by extensions ['cmake', 'python']
[5.622s] Level 1:colcon.colcon_core.package_identification:_identify(.) by extension 'cmake'
[5.623s] Level 1:colcon.colcon_core.package_identification:_identify(.) by extension 'python'
[5.623s] Level 1:colcon.colcon_core.package_identification:_identify(.) by extensions ['python_setup_py']
[5.623s] Level 1:colcon.colcon_core.package_identification:_identify(.) by extension 'python_setup_py'
[5.624s] Level 1:colcon.colcon_core.package_identification:_identify(build) by extensions ['ignore', 'ignore_ament_install']
[5.624s] Level 1:colcon.colcon_core.package_identification:_identify(build) by extension 'ignore'
[5.624s] Level 1:colcon.colcon_core.package_identification:_identify(build) ignored
[5.625s] Level 1:colcon.colcon_core.package_identification:_identify(install) by extensions ['ignore', 'ignore_ament_install']
[5.625s] Level 1:colcon.colcon_core.package_identification:_identify(install) by extension 'ignore'
[5.625s] Level 1:colcon.colcon_core.package_identification:_identify(install) ignored
[5.626s] Level 1:colcon.colcon_core.package_identification:_identify(log) by extensions ['ignore', 'ignore_ament_install']
[5.626s] Level 1:colcon.colcon_core.package_identification:_identify(log) by extension 'ignore'
[5.626s] Level 1:colcon.colcon_core.package_identification:_identify(log) ignored
[5.627s] Level 1:colcon.colcon_core.package_identification:_identify(src) by extensions ['ignore', 'ignore_ament_install']
[5.627s] Level 1:colcon.colcon_core.package_identification:_identify(src) by extension 'ignore'
[5.627s] Level 1:colcon.colcon_core.package_identification:_identify(src) by extension 'ignore_ament_install'
[5.627s] Level 1:colcon.colcon_core.package_identification:_identify(src) by extensions ['colcon_pkg']
[5.628s] Level 1:colcon.colcon_core.package_identification:_identify(src) by extension 'colcon_pkg'
[5.628s] Level 1:colcon.colcon_core.package_identification:_identify(src) by extensions ['colcon_meta']
[5.628s] Level 1:colcon.colcon_core.package_identification:_identify(src) by extension 'colcon_meta'
[5.628s] Level 1:colcon.colcon_core.package_identification:_identify(src) by extensions ['ros']
[5.628s] Level 1:colcon.colcon_core.package_identification:_identify(src) by extension 'ros'
[5.629s] Level 1:colcon.colcon_core.package_identification:_identify(src) by extensions ['cmake', 'python']
[5.629s] Level 1:colcon.colcon_core.package_identification:_identify(src) by extension 'cmake'
[5.629s] Level 1:colcon.colcon_core.package_identification:_identify(src) by extension 'python'
[5.629s] Level 1:colcon.colcon_core.package_identification:_identify(src) by extensions ['python_setup_py']
[5.629s] Level 1:colcon.colcon_core.package_identification:_identify(src) by extension 'python_setup_py'
[5.630s] Level 1:colcon.colcon_core.package_identification:_identify(src/articubot_one) by extensions ['ignore', 'ignore_ament_install']
[5.630s] Level 1:colcon.colcon_core.package_identification:_identify(src/articubot_one) by extension 'ignore'
[5.630s] Level 1:colcon.colcon_core.package_identification:_identify(src/articubot_one) by extension 'ignore_ament_install'
[5.631s] Level 1:colcon.colcon_core.package_identification:_identify(src/articubot_one) by extensions ['colcon_pkg']
[5.631s] Level 1:colcon.colcon_core.package_identification:_identify(src/articubot_one) by extension 'colcon_pkg'
[5.631s] Level 1:colcon.colcon_core.package_identification:_identify(src/articubot_one) by extensions ['colcon_meta']
[5.631s] Level 1:colcon.colcon_core.package_identification:_identify(src/articubot_one) by extension 'colcon_meta'
[5.631s] Level 1:colcon.colcon_core.package_identification:_identify(src/articubot_one) by extensions ['ros']
[5.631s] Level 1:colcon.colcon_core.package_identification:_identify(src/articubot_one) by extension 'ros'
[5.641s] DEBUG:colcon.colcon_core.package_identification:Package 'src/articubot_one' with type 'ros.ament_cmake' and name 'articubot_one'
[5.641s] Level 1:colcon.colcon_core.package_discovery:discover_packages(recursive) using defaults
[5.642s] Level 1:colcon.colcon_core.package_discovery:discover_packages(ignore) discover
[5.642s] Level 1:colcon.colcon_core.package_discovery:discover_packages(ignore) using defaults
[5.642s] Level 1:colcon.colcon_core.package_discovery:discover_packages(path) discover
[5.642s] Level 1:colcon.colcon_core.package_discovery:discover_packages(path) using defaults
[6.039s] Level 5:colcon.colcon_core.verb:set package 'articubot_one' build argument 'cmake_args' from command line to 'None'
[6.040s] Level 5:colcon.colcon_core.verb:set package 'articubot_one' build argument 'cmake_target' from command line to 'None'
[6.040s] Level 5:colcon.colcon_core.verb:set package 'articubot_one' build argument 'cmake_target_skip_unavailable' from command line to 'False'
[6.040s] Level 5:colcon.colcon_core.verb:set package 'articubot_one' build argument 'cmake_clean_cache' from command line to 'False'
[6.040s] Level 5:colcon.colcon_core.verb:set package 'articubot_one' build argument 'cmake_clean_first' from command line to 'False'
[6.040s] Level 5:colcon.colcon_core.verb:set package 'articubot_one' build argument 'cmake_force_configure' from command line to 'False'
[6.040s] Level 5:colcon.colcon_core.verb:set package 'articubot_one' build argument 'ament_cmake_args' from command line to 'None'
[6.040s] Level 5:colcon.colcon_core.verb:set package 'articubot_one' build argument 'catkin_cmake_args' from command line to 'None'
[6.041s] Level 5:colcon.colcon_core.verb:set package 'articubot_one' build argument 'catkin_skip_building_tests' from command line to 'False'
[6.041s] DEBUG:colcon.colcon_core.verb:Building package 'articubot_one' with the following arguments: {'ament_cmake_args': None, 'build_base': '/root/ros2_code/humble/articubot/build/articubot_one', 'catkin_cmake_args': None, 'catkin_skip_building_tests': False, 'cmake_args': None, 'cmake_clean_cache': False, 'cmake_clean_first': False, 'cmake_force_configure': False, 'cmake_target': None, 'cmake_target_skip_unavailable': False, 'install_base': '/root/ros2_code/humble/articubot/install/articubot_one', 'merge_install': False, 'path': '/root/ros2_code/humble/articubot/src/articubot_one', 'symlink_install': True, 'test_result_base': None}
[6.118s] INFO:colcon.colcon_core.executor:Executing jobs using 'parallel' executor
[6.207s] DEBUG:colcon.colcon_parallel_executor.executor.parallel:run_until_complete
[6.208s] INFO:colcon.colcon_ros.task.ament_cmake.build:Building ROS package in '/root/ros2_code/humble/articubot/src/articubot_one' with build type 'ament_cmake'
[6.208s] INFO:colcon.colcon_cmake.task.cmake.build:Building CMake package in '/root/ros2_code/humble/articubot/src/articubot_one'
[6.316s] INFO:colcon.colcon_core.plugin_system:Skipping extension 'colcon_core.shell.bat': Not used on non-Windows systems
[6.317s] INFO:colcon.colcon_core.shell:Skip shell extension 'powershell' for command environment: Not usable outside of PowerShell
[6.317s] DEBUG:colcon.colcon_core.shell:Skip shell extension 'dsv' for command environment
[7.191s] DEBUG:colcon.colcon_core.event_handler.log_command:Invoking command in '/root/ros2_code/humble/articubot/build/articubot_one': CMAKE_PREFIX_PATH=${CMAKE_PREFIX_PATH}:/root/ros2_code/humble/learning/install/ball_tracker:/opt/ros/humble /usr/bin/cmake --build /root/ros2_code/humble/articubot/build/articubot_one -- -j12 -l12
[7.357s] DEBUG:colcon.colcon_core.event_handler.log_command:Invoked command in '/root/ros2_code/humble/articubot/build/articubot_one' returned '0': CMAKE_PREFIX_PATH=${CMAKE_PREFIX_PATH}:/root/ros2_code/humble/learning/install/ball_tracker:/opt/ros/humble /usr/bin/cmake --build /root/ros2_code/humble/articubot/build/articubot_one -- -j12 -l12
[7.508s] DEBUG:colcon.colcon_core.event_handler.log_command:Invoking command in '/root/ros2_code/humble/articubot/build/articubot_one': CMAKE_PREFIX_PATH=${CMAKE_PREFIX_PATH}:/root/ros2_code/humble/learning/install/ball_tracker:/opt/ros/humble /usr/bin/cmake --install /root/ros2_code/humble/articubot/build/articubot_one
[7.612s] Level 1:colcon.colcon_core.environment:create_environment_scripts_only(articubot_one)
[7.615s] DEBUG:colcon.colcon_core.event_handler.log_command:Invoked command in '/root/ros2_code/humble/articubot/build/articubot_one' returned '0': CMAKE_PREFIX_PATH=${CMAKE_PREFIX_PATH}:/root/ros2_code/humble/learning/install/ball_tracker:/opt/ros/humble /usr/bin/cmake --install /root/ros2_code/humble/articubot/build/articubot_one
[7.699s] Level 1:colcon.colcon_core.environment:checking '/root/ros2_code/humble/articubot/install/articubot_one' for CMake module files
[7.701s] Level 1:colcon.colcon_core.environment:checking '/root/ros2_code/humble/articubot/install/articubot_one' for CMake config files
[7.702s] Level 1:colcon.colcon_core.shell:create_environment_hook('articubot_one', 'cmake_prefix_path')
[7.781s] INFO:colcon.colcon_core.shell:Creating environment hook '/root/ros2_code/humble/articubot/install/articubot_one/share/articubot_one/hook/cmake_prefix_path.ps1'
[7.784s] INFO:colcon.colcon_core.shell:Creating environment descriptor '/root/ros2_code/humble/articubot/install/articubot_one/share/articubot_one/hook/cmake_prefix_path.dsv'
[7.785s] INFO:colcon.colcon_core.shell:Creating environment hook '/root/ros2_code/humble/articubot/install/articubot_one/share/articubot_one/hook/cmake_prefix_path.sh'
[7.788s] Level 1:colcon.colcon_core.environment:checking '/root/ros2_code/humble/articubot/install/articubot_one/bin'
[7.789s] Level 1:colcon.colcon_core.environment:checking '/root/ros2_code/humble/articubot/install/articubot_one/lib/pkgconfig/articubot_one.pc'
[7.796s] Level 1:colcon.colcon_core.environment:checking '/root/ros2_code/humble/articubot/install/articubot_one/lib/python3.10/site-packages'
[7.797s] Level 1:colcon.colcon_core.environment:checking '/root/ros2_code/humble/articubot/install/articubot_one/bin'
[7.873s] INFO:colcon.colcon_core.shell:Creating package script '/root/ros2_code/humble/articubot/install/articubot_one/share/articubot_one/package.ps1'
[7.876s] INFO:colcon.colcon_core.shell:Creating package descriptor '/root/ros2_code/humble/articubot/install/articubot_one/share/articubot_one/package.dsv'
[7.878s] INFO:colcon.colcon_core.shell:Creating package script '/root/ros2_code/humble/articubot/install/articubot_one/share/articubot_one/package.sh'
[7.881s] INFO:colcon.colcon_core.shell:Creating package script '/root/ros2_code/humble/articubot/install/articubot_one/share/articubot_one/package.bash'
[7.884s] INFO:colcon.colcon_core.shell:Creating package script '/root/ros2_code/humble/articubot/install/articubot_one/share/articubot_one/package.zsh'
[7.886s] Level 1:colcon.colcon_core.environment:create_file_with_runtime_dependencies(/root/ros2_code/humble/articubot/install/articubot_one/share/colcon-core/packages/articubot_one)
[8.078s] Level 1:colcon.colcon_core.environment:create_environment_scripts_only(articubot_one)
[8.163s] Level 1:colcon.colcon_core.environment:checking '/root/ros2_code/humble/articubot/install/articubot_one' for CMake module files
[8.165s] Level 1:colcon.colcon_core.environment:checking '/root/ros2_code/humble/articubot/install/articubot_one' for CMake config files
[8.166s] Level 1:colcon.colcon_core.shell:create_environment_hook('articubot_one', 'cmake_prefix_path')
[8.245s] INFO:colcon.colcon_core.shell:Creating environment hook '/root/ros2_code/humble/articubot/install/articubot_one/share/articubot_one/hook/cmake_prefix_path.ps1'
[8.247s] INFO:colcon.colcon_core.shell:Creating environment descriptor '/root/ros2_code/humble/articubot/install/articubot_one/share/articubot_one/hook/cmake_prefix_path.dsv'
[8.249s] INFO:colcon.colcon_core.shell:Creating environment hook '/root/ros2_code/humble/articubot/install/articubot_one/share/articubot_one/hook/cmake_prefix_path.sh'
[8.252s] Level 1:colcon.colcon_core.environment:checking '/root/ros2_code/humble/articubot/install/articubot_one/bin'
[8.252s] Level 1:colcon.colcon_core.environment:checking '/root/ros2_code/humble/articubot/install/articubot_one/lib/pkgconfig/articubot_one.pc'
[8.253s] Level 1:colcon.colcon_core.environment:checking '/root/ros2_code/humble/articubot/install/articubot_one/lib/python3.10/site-packages'
[8.255s] Level 1:colcon.colcon_core.environment:checking '/root/ros2_code/humble/articubot/install/articubot_one/bin'
[8.332s] INFO:colcon.colcon_core.shell:Creating package script '/root/ros2_code/humble/articubot/install/articubot_one/share/articubot_one/package.ps1'
[8.334s] INFO:colcon.colcon_core.shell:Creating package descriptor '/root/ros2_code/humble/articubot/install/articubot_one/share/articubot_one/package.dsv'
[8.337s] INFO:colcon.colcon_core.shell:Creating package script '/root/ros2_code/humble/articubot/install/articubot_one/share/articubot_one/package.sh'
[8.339s] INFO:colcon.colcon_core.shell:Creating package script '/root/ros2_code/humble/articubot/install/articubot_one/share/articubot_one/package.bash'
[8.340s] INFO:colcon.colcon_core.shell:Creating package script '/root/ros2_code/humble/articubot/install/articubot_one/share/articubot_one/package.zsh'
[8.343s] Level 1:colcon.colcon_core.environment:create_file_with_runtime_dependencies(/root/ros2_code/humble/articubot/install/articubot_one/share/colcon-core/packages/articubot_one)
[8.344s] DEBUG:colcon.colcon_parallel_executor.executor.parallel:closing loop
[8.345s] DEBUG:colcon.colcon_parallel_executor.executor.parallel:loop closed
[8.346s] DEBUG:colcon.colcon_parallel_executor.executor.parallel:run_until_complete finished with '0'
[8.346s] DEBUG:colcon.colcon_core.event_reactor:joining thread
[8.447s] INFO:colcon.colcon_core.plugin_system:Skipping extension 'colcon_notification.desktop_notification.notify_send': Could not find 'notify-send'
[8.448s] INFO:colcon.colcon_core.plugin_system:Skipping extension 'colcon_notification.desktop_notification.terminal_notifier': Not used on non-Darwin systems
[8.448s] INFO:colcon.colcon_core.plugin_system:Skipping extension 'colcon_notification.desktop_notification.win32': Not used on non-Windows systems
[8.448s] INFO:colcon.colcon_notification.desktop_notification:Sending desktop notification using 'notify2'
[8.455s] DEBUG:colcon.colcon_notification.desktop_notification.notify2:Failed to initialize notify2: org.freedesktop.DBus.Error.Spawn.ExecFailed: /usr/bin/dbus-launch terminated abnormally without any error message
[8.457s] DEBUG:colcon.colcon_core.event_reactor:joined thread
[8.540s] INFO:colcon.colcon_core.shell:Creating prefix script '/root/ros2_code/humble/articubot/install/local_setup.ps1'
[8.545s] INFO:colcon.colcon_core.shell:Creating prefix util module '/root/ros2_code/humble/articubot/install/_local_setup_util_ps1.py'
[8.550s] INFO:colcon.colcon_core.shell:Creating prefix chain script '/root/ros2_code/humble/articubot/install/setup.ps1'
[8.638s] INFO:colcon.colcon_core.shell:Creating prefix script '/root/ros2_code/humble/articubot/install/local_setup.sh'
[8.641s] INFO:colcon.colcon_core.shell:Creating prefix util module '/root/ros2_code/humble/articubot/install/_local_setup_util_sh.py'
[8.643s] INFO:colcon.colcon_core.shell:Creating prefix chain script '/root/ros2_code/humble/articubot/install/setup.sh'
[8.731s] INFO:colcon.colcon_core.shell:Creating prefix script '/root/ros2_code/humble/articubot/install/local_setup.bash'
[8.733s] INFO:colcon.colcon_core.shell:Creating prefix chain script '/root/ros2_code/humble/articubot/install/setup.bash'
[8.821s] INFO:colcon.colcon_core.shell:Creating prefix script '/root/ros2_code/humble/articubot/install/local_setup.zsh'
[8.823s] INFO:colcon.colcon_core.shell:Creating prefix chain script '/root/ros2_code/humble/articubot/install/setup.zsh'
