[0.339s] Invoking command in '/root/ros2_code/humble/tc_ros2_urdf/build/my_box_bot_description': CMAKE_PREFIX_PATH=${CMAKE_PREFIX_PATH}:/root/ros2_code/humble/learning/install/ball_tracker:/opt/ros/humble /usr/bin/cmake /root/ros2_code/humble/tc_ros2_urdf/src/my_box_bot_description -DAMENT_CMAKE_SYMLINK_INSTALL=1 -DCMAKE_INSTALL_PREFIX=/root/ros2_code/humble/tc_ros2_urdf/install/my_box_bot_description
[1.143s] -- The C compiler identification is Clang 14.0.0
[1.311s] -- The CXX compiler identification is Clang 14.0.0
[1.323s] -- Detecting C compiler ABI info
[1.481s] -- Detecting C compiler ABI info - done
[1.488s] -- Check for working C compiler: /usr/bin/clang - skipped
[1.488s] -- Detecting C compile features
[1.489s] -- Detecting C compile features - done
[1.494s] -- Detecting CXX compiler ABI info
[1.708s] -- Detecting CXX compiler ABI info - done
[1.723s] -- Check for working CXX compiler: /usr/bin/clang++ - skipped
[1.723s] -- Detecting CXX compile features
[1.724s] -- Detecting CXX compile features - done
[1.747s] -- Found ament_cmake: 1.3.7 (/opt/ros/humble/share/ament_cmake/cmake)
[2.032s] -- Found Python3: /usr/bin/python3.10 (found version "3.10.12") found components: Interpreter 
[2.122s] -- Override CMake install command with custom implementation using symlinks instead of copying resources
[2.231s] -- Found urdf: 2.6.0 (/opt/ros/humble/share/urdf/cmake)
[2.387s] -- Found xacro: 2.0.8 (/opt/ros/humble/share/xacro/cmake)
[2.395s] -- Found ament_lint_auto: 0.12.10 (/opt/ros/humble/share/ament_lint_auto/cmake)
[2.552s] -- Added test 'copyright' to check source files copyright and LICENSE
[2.568s] -- Added test 'flake8' to check Python code syntax and style conventions
[2.570s] -- Added test 'lint_cmake' to check CMake code style
[2.572s] -- Added test 'pep257' to check Python code against some of the docstring style conventions in PEP 257
[2.577s] -- Added test 'xmllint' to check XML markup files
[2.581s] -- Configuring done
[2.585s] -- Generating done
[2.586s] -- Build files have been written to: /root/ros2_code/humble/tc_ros2_urdf/build/my_box_bot_description
[2.594s] Invoked command in '/root/ros2_code/humble/tc_ros2_urdf/build/my_box_bot_description' returned '0': CMAKE_PREFIX_PATH=${CMAKE_PREFIX_PATH}:/root/ros2_code/humble/learning/install/ball_tracker:/opt/ros/humble /usr/bin/cmake /root/ros2_code/humble/tc_ros2_urdf/src/my_box_bot_description -DAMENT_CMAKE_SYMLINK_INSTALL=1 -DCMAKE_INSTALL_PREFIX=/root/ros2_code/humble/tc_ros2_urdf/install/my_box_bot_description
[2.595s] Invoking command in '/root/ros2_code/humble/tc_ros2_urdf/build/my_box_bot_description': CMAKE_PREFIX_PATH=${CMAKE_PREFIX_PATH}:/root/ros2_code/humble/learning/install/ball_tracker:/opt/ros/humble /usr/bin/cmake --build /root/ros2_code/humble/tc_ros2_urdf/build/my_box_bot_description -- -j12 -l12
[2.660s] Invoked command in '/root/ros2_code/humble/tc_ros2_urdf/build/my_box_bot_description' returned '0': CMAKE_PREFIX_PATH=${CMAKE_PREFIX_PATH}:/root/ros2_code/humble/learning/install/ball_tracker:/opt/ros/humble /usr/bin/cmake --build /root/ros2_code/humble/tc_ros2_urdf/build/my_box_bot_description -- -j12 -l12
[2.713s] Invoking command in '/root/ros2_code/humble/tc_ros2_urdf/build/my_box_bot_description': CMAKE_PREFIX_PATH=${CMAKE_PREFIX_PATH}:/root/ros2_code/humble/learning/install/ball_tracker:/opt/ros/humble /usr/bin/cmake --install /root/ros2_code/humble/tc_ros2_urdf/build/my_box_bot_description
[2.721s] -- Install configuration: ""
[2.722s] -- Execute custom install script
[2.722s] -- Symlinking: /root/ros2_code/humble/tc_ros2_urdf/install/my_box_bot_description/share/my_box_bot_description//urdf/box_bot_control_complete.urdf
[2.730s] -- Symlinking: /root/ros2_code/humble/tc_ros2_urdf/install/my_box_bot_description/share/my_box_bot_description//urdf/box_bot_control_complete_sensor.urdf
[2.746s] -- Symlinking: /root/ros2_code/humble/tc_ros2_urdf/install/my_box_bot_description/share/my_box_bot_description//urdf/box_bot_control_complete_velocity.urdf
[2.762s] -- Symlinking: /root/ros2_code/humble/tc_ros2_urdf/install/my_box_bot_description/share/my_box_bot_description//urdf/box_bot_final.urdf
[2.772s] -- Symlinking: /root/ros2_code/humble/tc_ros2_urdf/install/my_box_bot_description/share/my_box_bot_description//urdf/box_bot_geometric.urdf
[2.781s] -- Symlinking: /root/ros2_code/humble/tc_ros2_urdf/install/my_box_bot_description/share/my_box_bot_description//urdf/box_bot_geometric_meshes.urdf
[2.789s] -- Symlinking: /root/ros2_code/humble/tc_ros2_urdf/install/my_box_bot_description/share/my_box_bot_description//urdf/box_bot_meshes_collisions_inertias.urdf
[2.811s] -- Symlinking: /root/ros2_code/humble/tc_ros2_urdf/install/my_box_bot_description/share/my_box_bot_description//urdf/box_bot_physcal_control.urdf
[2.824s] -- Symlinking: /root/ros2_code/humble/tc_ros2_urdf/install/my_box_bot_description/share/my_box_bot_description//urdf/box_bot_physical_properties.urdf
[2.833s] -- Symlinking: /root/ros2_code/humble/tc_ros2_urdf/install/my_box_bot_description/share/my_box_bot_description//rviz/urdf_vis.rviz
[2.843s] -- Symlinking: /root/ros2_code/humble/tc_ros2_urdf/install/my_box_bot_description/share/my_box_bot_description//launch/urdf_visualize_control.launch.py
[2.853s] -- Symlinking: /root/ros2_code/humble/tc_ros2_urdf/install/my_box_bot_description/share/my_box_bot_description//launch/urdf_visualize_control_complete.launch.py
[2.876s] -- Symlinking: /root/ros2_code/humble/tc_ros2_urdf/install/my_box_bot_description/share/my_box_bot_description//launch/urdf_visualize_control_velocity.launch.py
[2.888s] -- Symlinking: /root/ros2_code/humble/tc_ros2_urdf/install/my_box_bot_description/share/my_box_bot_description//launch/urdf_visualize_final.launch.py
[2.898s] -- Symlinking: /root/ros2_code/humble/tc_ros2_urdf/install/my_box_bot_description/share/my_box_bot_description//launch/urdf_visualize_geometric.launch.py
[2.907s] -- Symlinking: /root/ros2_code/humble/tc_ros2_urdf/install/my_box_bot_description/share/my_box_bot_description//launch/urdf_visualize_meshes.launch.py
[2.923s] -- Symlinking: /root/ros2_code/humble/tc_ros2_urdf/install/my_box_bot_description/share/my_box_bot_description//launch/urdf_visualize_meshes_collisions_inertias.launch.py
[2.939s] -- Symlinking: /root/ros2_code/humble/tc_ros2_urdf/install/my_box_bot_description/share/my_box_bot_description//launch/urdf_visualize_physical.launch.py
[2.953s] -- Symlinking: /root/ros2_code/humble/tc_ros2_urdf/install/my_box_bot_description/share/my_box_bot_description//launch/urdf_visualize_sensor.launch.py
[2.963s] -- Symlinking: /root/ros2_code/humble/tc_ros2_urdf/install/my_box_bot_description/share/my_box_bot_description//meshes/cute_cube.blend
[2.981s] -- Symlinking: /root/ros2_code/humble/tc_ros2_urdf/install/my_box_bot_description/share/my_box_bot_description//meshes/cute_cube.dae
[2.997s] -- Symlinking: /root/ros2_code/humble/tc_ros2_urdf/install/my_box_bot_description/share/my_box_bot_description//meshes/lambert3_baseColor.png
[3.010s] -- Symlinking: /root/ros2_code/humble/tc_ros2_urdf/install/my_box_bot_description/share/my_box_bot_description//meshes/sensors/realsense.dae
[3.020s] -- Symlinking: /root/ros2_code/humble/tc_ros2_urdf/install/my_box_bot_description/share/my_box_bot_description//meshes/sensors/rplidar.dae
[3.029s] -- Symlinking: /root/ros2_code/humble/tc_ros2_urdf/install/my_box_bot_description/share/my_box_bot_description//meshes/sensors/rplidartexture.png
[3.046s] -- Symlinking: /root/ros2_code/humble/tc_ros2_urdf/install/my_box_bot_description/share/my_box_bot_description//meshes/textures/lambert3_baseColor.png
[3.063s] -- Symlinking: /root/ros2_code/humble/tc_ros2_urdf/install/my_box_bot_description/share/ament_index/resource_index/package_run_dependencies/my_box_bot_description
[3.075s] -- Symlinking: /root/ros2_code/humble/tc_ros2_urdf/install/my_box_bot_description/share/ament_index/resource_index/parent_prefix_path/my_box_bot_description
[3.087s] -- Symlinking: /root/ros2_code/humble/tc_ros2_urdf/install/my_box_bot_description/share/my_box_bot_description/environment/ament_prefix_path.sh
[3.095s] -- Symlinking: /root/ros2_code/humble/tc_ros2_urdf/install/my_box_bot_description/share/my_box_bot_description/environment/ament_prefix_path.dsv
[3.103s] -- Symlinking: /root/ros2_code/humble/tc_ros2_urdf/install/my_box_bot_description/share/my_box_bot_description/environment/path.sh
[3.122s] -- Symlinking: /root/ros2_code/humble/tc_ros2_urdf/install/my_box_bot_description/share/my_box_bot_description/environment/path.dsv
[3.136s] -- Symlinking: /root/ros2_code/humble/tc_ros2_urdf/install/my_box_bot_description/share/my_box_bot_description/local_setup.bash
[3.148s] -- Symlinking: /root/ros2_code/humble/tc_ros2_urdf/install/my_box_bot_description/share/my_box_bot_description/local_setup.sh
[3.158s] -- Symlinking: /root/ros2_code/humble/tc_ros2_urdf/install/my_box_bot_description/share/my_box_bot_description/local_setup.zsh
[3.167s] -- Symlinking: /root/ros2_code/humble/tc_ros2_urdf/install/my_box_bot_description/share/my_box_bot_description/local_setup.dsv
[3.174s] -- Symlinking: /root/ros2_code/humble/tc_ros2_urdf/install/my_box_bot_description/share/my_box_bot_description/package.dsv
[3.193s] -- Symlinking: /root/ros2_code/humble/tc_ros2_urdf/install/my_box_bot_description/share/ament_index/resource_index/packages/my_box_bot_description
[3.224s] -- Symlinking: /root/ros2_code/humble/tc_ros2_urdf/install/my_box_bot_description/share/my_box_bot_description/cmake/my_box_bot_descriptionConfig.cmake
[3.251s] -- Symlinking: /root/ros2_code/humble/tc_ros2_urdf/install/my_box_bot_description/share/my_box_bot_description/cmake/my_box_bot_descriptionConfig-version.cmake
[3.265s] -- Symlinking: /root/ros2_code/humble/tc_ros2_urdf/install/my_box_bot_description/share/my_box_bot_description/package.xml
[3.343s] Invoked command in '/root/ros2_code/humble/tc_ros2_urdf/build/my_box_bot_description' returned '0': CMAKE_PREFIX_PATH=${CMAKE_PREFIX_PATH}:/root/ros2_code/humble/learning/install/ball_tracker:/opt/ros/humble /usr/bin/cmake --install /root/ros2_code/humble/tc_ros2_urdf/build/my_box_bot_description
