[1.032s] DEBUG:colcon:Command line arguments: ['/usr/bin/colcon', 'build']
[1.032s] DEBUG:colcon:Parsed command line arguments: Namespace(log_base=None, log_level=None, verb_name='build', build_base='build', install_base='install', merge_install=False, symlink_install=False, test_result_base=None, continue_on_error=False, executor='parallel', parallel_workers=12, event_handlers=None, ignore_user_meta=False, metas=['./colcon.meta'], base_paths=['.'], packages_ignore=None, packages_ignore_regex=None, paths=None, packages_up_to=None, packages_up_to_regex=None, packages_above=None, packages_above_and_dependencies=None, packages_above_depth=None, packages_select_by_dep=None, packages_skip_by_dep=None, packages_skip_up_to=None, packages_select_build_failed=False, packages_skip_build_finished=False, packages_select_test_failures=False, packages_skip_test_passed=False, packages_select=None, packages_skip=None, packages_select_regex=None, packages_skip_regex=None, packages_start=None, packages_end=None, cmake_args=None, cmake_target=None, cmake_target_skip_unavailable=False, cmake_clean_cache=False, cmake_clean_first=False, cmake_force_configure=False, ament_cmake_args=None, catkin_cmake_args=None, catkin_skip_building_tests=False, verb_parser=<colcon_defaults.argument_parser.defaults.DefaultArgumentsDecorator object at 0x7f9153644490>, verb_extension=<colcon_core.verb.build.BuildVerb object at 0x7f91536443a0>, main=<bound method BuildVerb.main of <colcon_core.verb.build.BuildVerb object at 0x7f91536443a0>>)
[1.083s] Level 1:colcon.colcon_core.package_discovery:discover_packages(colcon_meta) check parameters
[1.083s] Level 1:colcon.colcon_core.package_discovery:discover_packages(recursive) check parameters
[1.083s] Level 1:colcon.colcon_core.package_discovery:discover_packages(ignore) check parameters
[1.084s] Level 1:colcon.colcon_core.package_discovery:discover_packages(path) check parameters
[1.084s] Level 1:colcon.colcon_core.package_discovery:discover_packages(colcon_meta) discover
[1.084s] Level 1:colcon.colcon_core.package_discovery:discover_packages(recursive) discover
[1.084s] INFO:colcon.colcon_core.package_discovery:Crawling recursively for packages in '/root/ros2_code/humble/simulations'
[1.084s] Level 1:colcon.colcon_core.package_identification:_identify(.) by extensions ['ignore', 'ignore_ament_install']
[1.084s] Level 1:colcon.colcon_core.package_identification:_identify(.) by extension 'ignore'
[1.084s] Level 1:colcon.colcon_core.package_identification:_identify(.) by extension 'ignore_ament_install'
[1.084s] Level 1:colcon.colcon_core.package_identification:_identify(.) by extensions ['colcon_pkg']
[1.084s] Level 1:colcon.colcon_core.package_identification:_identify(.) by extension 'colcon_pkg'
[1.084s] Level 1:colcon.colcon_core.package_identification:_identify(.) by extensions ['colcon_meta']
[1.084s] Level 1:colcon.colcon_core.package_identification:_identify(.) by extension 'colcon_meta'
[1.084s] Level 1:colcon.colcon_core.package_identification:_identify(.) by extensions ['ros']
[1.084s] Level 1:colcon.colcon_core.package_identification:_identify(.) by extension 'ros'
[1.094s] Level 1:colcon.colcon_core.package_identification:_identify(.) by extensions ['cmake', 'python']
[1.094s] Level 1:colcon.colcon_core.package_identification:_identify(.) by extension 'cmake'
[1.094s] Level 1:colcon.colcon_core.package_identification:_identify(.) by extension 'python'
[1.094s] Level 1:colcon.colcon_core.package_identification:_identify(.) by extensions ['python_setup_py']
[1.094s] Level 1:colcon.colcon_core.package_identification:_identify(.) by extension 'python_setup_py'
[1.094s] Level 1:colcon.colcon_core.package_identification:_identify(build) by extensions ['ignore', 'ignore_ament_install']
[1.094s] Level 1:colcon.colcon_core.package_identification:_identify(build) by extension 'ignore'
[1.094s] Level 1:colcon.colcon_core.package_identification:_identify(build) ignored
[1.095s] Level 1:colcon.colcon_core.package_identification:_identify(install) by extensions ['ignore', 'ignore_ament_install']
[1.095s] Level 1:colcon.colcon_core.package_identification:_identify(install) by extension 'ignore'
[1.095s] Level 1:colcon.colcon_core.package_identification:_identify(install) ignored
[1.095s] Level 1:colcon.colcon_core.package_identification:_identify(log) by extensions ['ignore', 'ignore_ament_install']
[1.095s] Level 1:colcon.colcon_core.package_identification:_identify(log) by extension 'ignore'
[1.095s] Level 1:colcon.colcon_core.package_identification:_identify(log) ignored
[1.095s] Level 1:colcon.colcon_core.package_identification:_identify(src) by extensions ['ignore', 'ignore_ament_install']
[1.095s] Level 1:colcon.colcon_core.package_identification:_identify(src) by extension 'ignore'
[1.095s] Level 1:colcon.colcon_core.package_identification:_identify(src) by extension 'ignore_ament_install'
[1.095s] Level 1:colcon.colcon_core.package_identification:_identify(src) by extensions ['colcon_pkg']
[1.095s] Level 1:colcon.colcon_core.package_identification:_identify(src) by extension 'colcon_pkg'
[1.095s] Level 1:colcon.colcon_core.package_identification:_identify(src) by extensions ['colcon_meta']
[1.095s] Level 1:colcon.colcon_core.package_identification:_identify(src) by extension 'colcon_meta'
[1.095s] Level 1:colcon.colcon_core.package_identification:_identify(src) by extensions ['ros']
[1.095s] Level 1:colcon.colcon_core.package_identification:_identify(src) by extension 'ros'
[1.095s] Level 1:colcon.colcon_core.package_identification:_identify(src) by extensions ['cmake', 'python']
[1.095s] Level 1:colcon.colcon_core.package_identification:_identify(src) by extension 'cmake'
[1.095s] Level 1:colcon.colcon_core.package_identification:_identify(src) by extension 'python'
[1.095s] Level 1:colcon.colcon_core.package_identification:_identify(src) by extensions ['python_setup_py']
[1.095s] Level 1:colcon.colcon_core.package_identification:_identify(src) by extension 'python_setup_py'
[1.095s] Level 1:colcon.colcon_core.package_identification:_identify(src/bcr_bot) by extensions ['ignore', 'ignore_ament_install']
[1.096s] Level 1:colcon.colcon_core.package_identification:_identify(src/bcr_bot) by extension 'ignore'
[1.096s] Level 1:colcon.colcon_core.package_identification:_identify(src/bcr_bot) by extension 'ignore_ament_install'
[1.096s] Level 1:colcon.colcon_core.package_identification:_identify(src/bcr_bot) by extensions ['colcon_pkg']
[1.096s] Level 1:colcon.colcon_core.package_identification:_identify(src/bcr_bot) by extension 'colcon_pkg'
[1.096s] Level 1:colcon.colcon_core.package_identification:_identify(src/bcr_bot) by extensions ['colcon_meta']
[1.096s] Level 1:colcon.colcon_core.package_identification:_identify(src/bcr_bot) by extension 'colcon_meta'
[1.096s] Level 1:colcon.colcon_core.package_identification:_identify(src/bcr_bot) by extensions ['ros']
[1.096s] Level 1:colcon.colcon_core.package_identification:_identify(src/bcr_bot) by extension 'ros'
[1.098s] DEBUG:colcon.colcon_core.package_identification:Package 'src/bcr_bot' with type 'ros.ament_cmake' and name 'bcr_bot'
[1.098s] Level 1:colcon.colcon_core.package_identification:_identify(src/neo_simulation2) by extensions ['ignore', 'ignore_ament_install']
[1.098s] Level 1:colcon.colcon_core.package_identification:_identify(src/neo_simulation2) by extension 'ignore'
[1.098s] Level 1:colcon.colcon_core.package_identification:_identify(src/neo_simulation2) by extension 'ignore_ament_install'
[1.098s] Level 1:colcon.colcon_core.package_identification:_identify(src/neo_simulation2) by extensions ['colcon_pkg']
[1.098s] Level 1:colcon.colcon_core.package_identification:_identify(src/neo_simulation2) by extension 'colcon_pkg'
[1.098s] Level 1:colcon.colcon_core.package_identification:_identify(src/neo_simulation2) by extensions ['colcon_meta']
[1.098s] Level 1:colcon.colcon_core.package_identification:_identify(src/neo_simulation2) by extension 'colcon_meta'
[1.098s] Level 1:colcon.colcon_core.package_identification:_identify(src/neo_simulation2) by extensions ['ros']
[1.098s] Level 1:colcon.colcon_core.package_identification:_identify(src/neo_simulation2) by extension 'ros'
[1.099s] DEBUG:colcon.colcon_core.package_identification:Package 'src/neo_simulation2' with type 'ros.ament_cmake' and name 'neo_simulation2'
[1.099s] Level 1:colcon.colcon_core.package_discovery:discover_packages(recursive) using defaults
[1.099s] Level 1:colcon.colcon_core.package_discovery:discover_packages(ignore) discover
[1.099s] Level 1:colcon.colcon_core.package_discovery:discover_packages(ignore) using defaults
[1.099s] Level 1:colcon.colcon_core.package_discovery:discover_packages(path) discover
[1.099s] Level 1:colcon.colcon_core.package_discovery:discover_packages(path) using defaults
[1.170s] Level 5:colcon.colcon_core.verb:set package 'bcr_bot' build argument 'cmake_args' from command line to 'None'
[1.170s] Level 5:colcon.colcon_core.verb:set package 'bcr_bot' build argument 'cmake_target' from command line to 'None'
[1.170s] Level 5:colcon.colcon_core.verb:set package 'bcr_bot' build argument 'cmake_target_skip_unavailable' from command line to 'False'
[1.170s] Level 5:colcon.colcon_core.verb:set package 'bcr_bot' build argument 'cmake_clean_cache' from command line to 'False'
[1.171s] Level 5:colcon.colcon_core.verb:set package 'bcr_bot' build argument 'cmake_clean_first' from command line to 'False'
[1.171s] Level 5:colcon.colcon_core.verb:set package 'bcr_bot' build argument 'cmake_force_configure' from command line to 'False'
[1.171s] Level 5:colcon.colcon_core.verb:set package 'bcr_bot' build argument 'ament_cmake_args' from command line to 'None'
[1.171s] Level 5:colcon.colcon_core.verb:set package 'bcr_bot' build argument 'catkin_cmake_args' from command line to 'None'
[1.171s] Level 5:colcon.colcon_core.verb:set package 'bcr_bot' build argument 'catkin_skip_building_tests' from command line to 'False'
[1.171s] DEBUG:colcon.colcon_core.verb:Building package 'bcr_bot' with the following arguments: {'ament_cmake_args': None, 'build_base': '/root/ros2_code/humble/simulations/build/bcr_bot', 'catkin_cmake_args': None, 'catkin_skip_building_tests': False, 'cmake_args': None, 'cmake_clean_cache': False, 'cmake_clean_first': False, 'cmake_force_configure': False, 'cmake_target': None, 'cmake_target_skip_unavailable': False, 'install_base': '/root/ros2_code/humble/simulations/install/bcr_bot', 'merge_install': False, 'path': '/root/ros2_code/humble/simulations/src/bcr_bot', 'symlink_install': False, 'test_result_base': None}
[1.189s] Level 5:colcon.colcon_core.verb:set package 'neo_simulation2' build argument 'cmake_args' from command line to 'None'
[1.189s] Level 5:colcon.colcon_core.verb:set package 'neo_simulation2' build argument 'cmake_target' from command line to 'None'
[1.189s] Level 5:colcon.colcon_core.verb:set package 'neo_simulation2' build argument 'cmake_target_skip_unavailable' from command line to 'False'
[1.189s] Level 5:colcon.colcon_core.verb:set package 'neo_simulation2' build argument 'cmake_clean_cache' from command line to 'False'
[1.189s] Level 5:colcon.colcon_core.verb:set package 'neo_simulation2' build argument 'cmake_clean_first' from command line to 'False'
[1.189s] Level 5:colcon.colcon_core.verb:set package 'neo_simulation2' build argument 'cmake_force_configure' from command line to 'False'
[1.189s] Level 5:colcon.colcon_core.verb:set package 'neo_simulation2' build argument 'ament_cmake_args' from command line to 'None'
[1.189s] Level 5:colcon.colcon_core.verb:set package 'neo_simulation2' build argument 'catkin_cmake_args' from command line to 'None'
[1.189s] Level 5:colcon.colcon_core.verb:set package 'neo_simulation2' build argument 'catkin_skip_building_tests' from command line to 'False'
[1.189s] DEBUG:colcon.colcon_core.verb:Building package 'neo_simulation2' with the following arguments: {'ament_cmake_args': None, 'build_base': '/root/ros2_code/humble/simulations/build/neo_simulation2', 'catkin_cmake_args': None, 'catkin_skip_building_tests': False, 'cmake_args': None, 'cmake_clean_cache': False, 'cmake_clean_first': False, 'cmake_force_configure': False, 'cmake_target': None, 'cmake_target_skip_unavailable': False, 'install_base': '/root/ros2_code/humble/simulations/install/neo_simulation2', 'merge_install': False, 'path': '/root/ros2_code/humble/simulations/src/neo_simulation2', 'symlink_install': False, 'test_result_base': None}
[1.204s] INFO:colcon.colcon_core.executor:Executing jobs using 'parallel' executor
[1.217s] DEBUG:colcon.colcon_parallel_executor.executor.parallel:run_until_complete
[1.217s] INFO:colcon.colcon_ros.task.ament_cmake.build:Building ROS package in '/root/ros2_code/humble/simulations/src/bcr_bot' with build type 'ament_cmake'
[1.218s] INFO:colcon.colcon_cmake.task.cmake.build:Building CMake package in '/root/ros2_code/humble/simulations/src/bcr_bot'
[1.242s] INFO:colcon.colcon_core.plugin_system:Skipping extension 'colcon_core.shell.bat': Not used on non-Windows systems
[1.242s] INFO:colcon.colcon_core.shell:Skip shell extension 'powershell' for command environment: Not usable outside of PowerShell
[1.242s] DEBUG:colcon.colcon_core.shell:Skip shell extension 'dsv' for command environment
[1.321s] INFO:colcon.colcon_ros.task.ament_cmake.build:Building ROS package in '/root/ros2_code/humble/simulations/src/neo_simulation2' with build type 'ament_cmake'
[1.322s] INFO:colcon.colcon_cmake.task.cmake.build:Building CMake package in '/root/ros2_code/humble/simulations/src/neo_simulation2'
[1.336s] INFO:colcon.colcon_core.shell:Skip shell extension 'powershell' for command environment: Not usable outside of PowerShell
[1.337s] DEBUG:colcon.colcon_core.shell:Skip shell extension 'dsv' for command environment
[1.410s] DEBUG:colcon.colcon_core.event_handler.log_command:Invoking command in '/root/ros2_code/humble/simulations/build/bcr_bot': CMAKE_PREFIX_PATH=${CMAKE_PREFIX_PATH}:/root/ros2_code/humble/vision/install/navigation_pkg:/root/ros2_code/humble/vision/install/joystick_pkg:/root/ros2_code/humble/vision/install/cartographer_pkg:/opt/ros/humble /usr/bin/cmake --build /root/ros2_code/humble/simulations/build/bcr_bot -- -j12 -l12
[1.423s] DEBUG:colcon.colcon_core.event_handler.log_command:Invoking command in '/root/ros2_code/humble/simulations/build/neo_simulation2': CMAKE_PREFIX_PATH=${CMAKE_PREFIX_PATH}:/root/ros2_code/humble/vision/install/navigation_pkg:/root/ros2_code/humble/vision/install/joystick_pkg:/root/ros2_code/humble/vision/install/cartographer_pkg:/opt/ros/humble /usr/bin/cmake --build /root/ros2_code/humble/simulations/build/neo_simulation2 -- -j12 -l12
[1.511s] DEBUG:colcon.colcon_core.event_handler.log_command:Invoked command in '/root/ros2_code/humble/simulations/build/neo_simulation2' returned '0': CMAKE_PREFIX_PATH=${CMAKE_PREFIX_PATH}:/root/ros2_code/humble/vision/install/navigation_pkg:/root/ros2_code/humble/vision/install/joystick_pkg:/root/ros2_code/humble/vision/install/cartographer_pkg:/opt/ros/humble /usr/bin/cmake --build /root/ros2_code/humble/simulations/build/neo_simulation2 -- -j12 -l12
[1.512s] DEBUG:colcon.colcon_core.event_handler.log_command:Invoked command in '/root/ros2_code/humble/simulations/build/bcr_bot' returned '0': CMAKE_PREFIX_PATH=${CMAKE_PREFIX_PATH}:/root/ros2_code/humble/vision/install/navigation_pkg:/root/ros2_code/humble/vision/install/joystick_pkg:/root/ros2_code/humble/vision/install/cartographer_pkg:/opt/ros/humble /usr/bin/cmake --build /root/ros2_code/humble/simulations/build/bcr_bot -- -j12 -l12
[1.551s] DEBUG:colcon.colcon_core.event_handler.log_command:Invoking command in '/root/ros2_code/humble/simulations/build/bcr_bot': CMAKE_PREFIX_PATH=${CMAKE_PREFIX_PATH}:/root/ros2_code/humble/vision/install/navigation_pkg:/root/ros2_code/humble/vision/install/joystick_pkg:/root/ros2_code/humble/vision/install/cartographer_pkg:/opt/ros/humble /usr/bin/cmake --install /root/ros2_code/humble/simulations/build/bcr_bot
[1.552s] DEBUG:colcon.colcon_core.event_handler.log_command:Invoking command in '/root/ros2_code/humble/simulations/build/neo_simulation2': CMAKE_PREFIX_PATH=${CMAKE_PREFIX_PATH}:/root/ros2_code/humble/vision/install/navigation_pkg:/root/ros2_code/humble/vision/install/joystick_pkg:/root/ros2_code/humble/vision/install/cartographer_pkg:/opt/ros/humble /usr/bin/cmake --install /root/ros2_code/humble/simulations/build/neo_simulation2
[1.577s] Level 1:colcon.colcon_core.environment:create_environment_scripts_only(bcr_bot)
[1.617s] Level 1:colcon.colcon_core.environment:checking '/root/ros2_code/humble/simulations/install/bcr_bot' for CMake module files
[1.619s] Level 1:colcon.colcon_core.environment:checking '/root/ros2_code/humble/simulations/install/bcr_bot' for CMake config files
[1.624s] DEBUG:colcon.colcon_core.event_handler.log_command:Invoked command in '/root/ros2_code/humble/simulations/build/bcr_bot' returned '0': CMAKE_PREFIX_PATH=${CMAKE_PREFIX_PATH}:/root/ros2_code/humble/vision/install/navigation_pkg:/root/ros2_code/humble/vision/install/joystick_pkg:/root/ros2_code/humble/vision/install/cartographer_pkg:/opt/ros/humble /usr/bin/cmake --install /root/ros2_code/humble/simulations/build/bcr_bot
[1.624s] Level 1:colcon.colcon_core.shell:create_environment_hook('bcr_bot', 'cmake_prefix_path')
[1.646s] INFO:colcon.colcon_core.shell:Creating environment hook '/root/ros2_code/humble/simulations/install/bcr_bot/share/bcr_bot/hook/cmake_prefix_path.ps1'
[1.647s] INFO:colcon.colcon_core.shell:Creating environment descriptor '/root/ros2_code/humble/simulations/install/bcr_bot/share/bcr_bot/hook/cmake_prefix_path.dsv'
[1.647s] INFO:colcon.colcon_core.shell:Creating environment hook '/root/ros2_code/humble/simulations/install/bcr_bot/share/bcr_bot/hook/cmake_prefix_path.sh'
[1.648s] Level 1:colcon.colcon_core.environment:checking '/root/ros2_code/humble/simulations/install/bcr_bot/bin'
[1.648s] Level 1:colcon.colcon_core.environment:checking '/root/ros2_code/humble/simulations/install/bcr_bot/lib/pkgconfig/bcr_bot.pc'
[1.650s] Level 1:colcon.colcon_core.environment:checking '/root/ros2_code/humble/simulations/install/bcr_bot/lib/python3.10/site-packages'
[1.650s] Level 1:colcon.colcon_core.environment:checking '/root/ros2_code/humble/simulations/install/bcr_bot/bin'
[1.663s] INFO:colcon.colcon_core.shell:Creating package script '/root/ros2_code/humble/simulations/install/bcr_bot/share/bcr_bot/package.ps1'
[1.663s] INFO:colcon.colcon_core.shell:Creating package descriptor '/root/ros2_code/humble/simulations/install/bcr_bot/share/bcr_bot/package.dsv'
[1.664s] INFO:colcon.colcon_core.shell:Creating package script '/root/ros2_code/humble/simulations/install/bcr_bot/share/bcr_bot/package.sh'
[1.664s] INFO:colcon.colcon_core.shell:Creating package script '/root/ros2_code/humble/simulations/install/bcr_bot/share/bcr_bot/package.bash'
[1.665s] INFO:colcon.colcon_core.shell:Creating package script '/root/ros2_code/humble/simulations/install/bcr_bot/share/bcr_bot/package.zsh'
[1.666s] Level 1:colcon.colcon_core.environment:create_file_with_runtime_dependencies(/root/ros2_code/humble/simulations/install/bcr_bot/share/colcon-core/packages/bcr_bot)
[1.668s] Level 1:colcon.colcon_core.environment:create_environment_scripts_only(neo_simulation2)
[1.668s] DEBUG:colcon.colcon_core.event_handler.log_command:Invoked command in '/root/ros2_code/humble/simulations/build/neo_simulation2' returned '0': CMAKE_PREFIX_PATH=${CMAKE_PREFIX_PATH}:/root/ros2_code/humble/vision/install/navigation_pkg:/root/ros2_code/humble/vision/install/joystick_pkg:/root/ros2_code/humble/vision/install/cartographer_pkg:/opt/ros/humble /usr/bin/cmake --install /root/ros2_code/humble/simulations/build/neo_simulation2
[1.688s] Level 1:colcon.colcon_core.environment:checking '/root/ros2_code/humble/simulations/install/neo_simulation2' for CMake module files
[1.689s] Level 1:colcon.colcon_core.environment:checking '/root/ros2_code/humble/simulations/install/neo_simulation2' for CMake config files
[1.693s] Level 1:colcon.colcon_core.shell:create_environment_hook('neo_simulation2', 'cmake_prefix_path')
[1.713s] INFO:colcon.colcon_core.shell:Creating environment hook '/root/ros2_code/humble/simulations/install/neo_simulation2/share/neo_simulation2/hook/cmake_prefix_path.ps1'
[1.714s] INFO:colcon.colcon_core.shell:Creating environment descriptor '/root/ros2_code/humble/simulations/install/neo_simulation2/share/neo_simulation2/hook/cmake_prefix_path.dsv'
[1.714s] INFO:colcon.colcon_core.shell:Creating environment hook '/root/ros2_code/humble/simulations/install/neo_simulation2/share/neo_simulation2/hook/cmake_prefix_path.sh'
[1.714s] Level 1:colcon.colcon_core.environment:checking '/root/ros2_code/humble/simulations/install/neo_simulation2/bin'
[1.715s] Level 1:colcon.colcon_core.environment:checking '/root/ros2_code/humble/simulations/install/neo_simulation2/lib/pkgconfig/neo_simulation2.pc'
[1.715s] Level 1:colcon.colcon_core.environment:checking '/root/ros2_code/humble/simulations/install/neo_simulation2/lib/python3.10/site-packages'
[1.715s] Level 1:colcon.colcon_core.environment:checking '/root/ros2_code/humble/simulations/install/neo_simulation2/bin'
[1.728s] INFO:colcon.colcon_core.shell:Creating package script '/root/ros2_code/humble/simulations/install/neo_simulation2/share/neo_simulation2/package.ps1'
[1.728s] INFO:colcon.colcon_core.shell:Creating package descriptor '/root/ros2_code/humble/simulations/install/neo_simulation2/share/neo_simulation2/package.dsv'
[1.729s] INFO:colcon.colcon_core.shell:Creating package script '/root/ros2_code/humble/simulations/install/neo_simulation2/share/neo_simulation2/package.sh'
[1.729s] INFO:colcon.colcon_core.shell:Creating package script '/root/ros2_code/humble/simulations/install/neo_simulation2/share/neo_simulation2/package.bash'
[1.729s] INFO:colcon.colcon_core.shell:Creating package script '/root/ros2_code/humble/simulations/install/neo_simulation2/share/neo_simulation2/package.zsh'
[1.729s] Level 1:colcon.colcon_core.environment:create_file_with_runtime_dependencies(/root/ros2_code/humble/simulations/install/neo_simulation2/share/colcon-core/packages/neo_simulation2)
[1.743s] Level 1:colcon.colcon_core.environment:create_environment_scripts_only(bcr_bot)
[1.756s] Level 1:colcon.colcon_core.environment:checking '/root/ros2_code/humble/simulations/install/bcr_bot' for CMake module files
[1.756s] Level 1:colcon.colcon_core.environment:checking '/root/ros2_code/humble/simulations/install/bcr_bot' for CMake config files
[1.758s] Level 1:colcon.colcon_core.shell:create_environment_hook('bcr_bot', 'cmake_prefix_path')
[1.771s] INFO:colcon.colcon_core.shell:Creating environment hook '/root/ros2_code/humble/simulations/install/bcr_bot/share/bcr_bot/hook/cmake_prefix_path.ps1'
[1.772s] INFO:colcon.colcon_core.shell:Creating environment descriptor '/root/ros2_code/humble/simulations/install/bcr_bot/share/bcr_bot/hook/cmake_prefix_path.dsv'
[1.773s] INFO:colcon.colcon_core.shell:Creating environment hook '/root/ros2_code/humble/simulations/install/bcr_bot/share/bcr_bot/hook/cmake_prefix_path.sh'
[1.776s] Level 1:colcon.colcon_core.environment:checking '/root/ros2_code/humble/simulations/install/bcr_bot/bin'
[1.777s] Level 1:colcon.colcon_core.environment:checking '/root/ros2_code/humble/simulations/install/bcr_bot/lib/pkgconfig/bcr_bot.pc'
[1.777s] Level 1:colcon.colcon_core.environment:checking '/root/ros2_code/humble/simulations/install/bcr_bot/lib/python3.10/site-packages'
[1.778s] Level 1:colcon.colcon_core.environment:checking '/root/ros2_code/humble/simulations/install/bcr_bot/bin'
[1.794s] INFO:colcon.colcon_core.shell:Creating package script '/root/ros2_code/humble/simulations/install/bcr_bot/share/bcr_bot/package.ps1'
[1.794s] INFO:colcon.colcon_core.shell:Creating package descriptor '/root/ros2_code/humble/simulations/install/bcr_bot/share/bcr_bot/package.dsv'
[1.797s] INFO:colcon.colcon_core.shell:Creating package script '/root/ros2_code/humble/simulations/install/bcr_bot/share/bcr_bot/package.sh'
[1.798s] INFO:colcon.colcon_core.shell:Creating package script '/root/ros2_code/humble/simulations/install/bcr_bot/share/bcr_bot/package.bash'
[1.798s] INFO:colcon.colcon_core.shell:Creating package script '/root/ros2_code/humble/simulations/install/bcr_bot/share/bcr_bot/package.zsh'
[1.798s] Level 1:colcon.colcon_core.environment:create_file_with_runtime_dependencies(/root/ros2_code/humble/simulations/install/bcr_bot/share/colcon-core/packages/bcr_bot)
[1.821s] Level 1:colcon.colcon_core.environment:create_environment_scripts_only(neo_simulation2)
[1.837s] Level 1:colcon.colcon_core.environment:checking '/root/ros2_code/humble/simulations/install/neo_simulation2' for CMake module files
[1.838s] Level 1:colcon.colcon_core.environment:checking '/root/ros2_code/humble/simulations/install/neo_simulation2' for CMake config files
[1.846s] Level 1:colcon.colcon_core.shell:create_environment_hook('neo_simulation2', 'cmake_prefix_path')
[1.861s] INFO:colcon.colcon_core.shell:Creating environment hook '/root/ros2_code/humble/simulations/install/neo_simulation2/share/neo_simulation2/hook/cmake_prefix_path.ps1'
[1.863s] INFO:colcon.colcon_core.shell:Creating environment descriptor '/root/ros2_code/humble/simulations/install/neo_simulation2/share/neo_simulation2/hook/cmake_prefix_path.dsv'
[1.864s] INFO:colcon.colcon_core.shell:Creating environment hook '/root/ros2_code/humble/simulations/install/neo_simulation2/share/neo_simulation2/hook/cmake_prefix_path.sh'
[1.864s] Level 1:colcon.colcon_core.environment:checking '/root/ros2_code/humble/simulations/install/neo_simulation2/bin'
[1.864s] Level 1:colcon.colcon_core.environment:checking '/root/ros2_code/humble/simulations/install/neo_simulation2/lib/pkgconfig/neo_simulation2.pc'
[1.865s] Level 1:colcon.colcon_core.environment:checking '/root/ros2_code/humble/simulations/install/neo_simulation2/lib/python3.10/site-packages'
[1.865s] Level 1:colcon.colcon_core.environment:checking '/root/ros2_code/humble/simulations/install/neo_simulation2/bin'
[1.882s] INFO:colcon.colcon_core.shell:Creating package script '/root/ros2_code/humble/simulations/install/neo_simulation2/share/neo_simulation2/package.ps1'
[1.883s] INFO:colcon.colcon_core.shell:Creating package descriptor '/root/ros2_code/humble/simulations/install/neo_simulation2/share/neo_simulation2/package.dsv'
[1.883s] INFO:colcon.colcon_core.shell:Creating package script '/root/ros2_code/humble/simulations/install/neo_simulation2/share/neo_simulation2/package.sh'
[1.883s] INFO:colcon.colcon_core.shell:Creating package script '/root/ros2_code/humble/simulations/install/neo_simulation2/share/neo_simulation2/package.bash'
[1.884s] INFO:colcon.colcon_core.shell:Creating package script '/root/ros2_code/humble/simulations/install/neo_simulation2/share/neo_simulation2/package.zsh'
[1.884s] Level 1:colcon.colcon_core.environment:create_file_with_runtime_dependencies(/root/ros2_code/humble/simulations/install/neo_simulation2/share/colcon-core/packages/neo_simulation2)
[1.884s] DEBUG:colcon.colcon_parallel_executor.executor.parallel:closing loop
[1.885s] DEBUG:colcon.colcon_parallel_executor.executor.parallel:loop closed
[1.885s] DEBUG:colcon.colcon_parallel_executor.executor.parallel:run_until_complete finished with '0'
[1.885s] DEBUG:colcon.colcon_core.event_reactor:joining thread
[1.908s] INFO:colcon.colcon_core.plugin_system:Skipping extension 'colcon_notification.desktop_notification.notify_send': Could not find 'notify-send'
[1.908s] INFO:colcon.colcon_core.plugin_system:Skipping extension 'colcon_notification.desktop_notification.terminal_notifier': Not used on non-Darwin systems
[1.908s] INFO:colcon.colcon_core.plugin_system:Skipping extension 'colcon_notification.desktop_notification.win32': Not used on non-Windows systems
[1.908s] INFO:colcon.colcon_notification.desktop_notification:Sending desktop notification using 'notify2'
[1.915s] DEBUG:colcon.colcon_notification.desktop_notification.notify2:Failed to initialize notify2: org.freedesktop.DBus.Error.Spawn.ExecFailed: /usr/bin/dbus-launch terminated abnormally without any error message
[1.915s] DEBUG:colcon.colcon_core.event_reactor:joined thread
[1.934s] INFO:colcon.colcon_core.shell:Creating prefix script '/root/ros2_code/humble/simulations/install/local_setup.ps1'
[1.935s] INFO:colcon.colcon_core.shell:Creating prefix util module '/root/ros2_code/humble/simulations/install/_local_setup_util_ps1.py'
[1.937s] INFO:colcon.colcon_core.shell:Creating prefix chain script '/root/ros2_code/humble/simulations/install/setup.ps1'
[1.955s] INFO:colcon.colcon_core.shell:Creating prefix script '/root/ros2_code/humble/simulations/install/local_setup.sh'
[1.956s] INFO:colcon.colcon_core.shell:Creating prefix util module '/root/ros2_code/humble/simulations/install/_local_setup_util_sh.py'
[1.956s] INFO:colcon.colcon_core.shell:Creating prefix chain script '/root/ros2_code/humble/simulations/install/setup.sh'
[1.979s] INFO:colcon.colcon_core.shell:Creating prefix script '/root/ros2_code/humble/simulations/install/local_setup.bash'
[1.979s] INFO:colcon.colcon_core.shell:Creating prefix chain script '/root/ros2_code/humble/simulations/install/setup.bash'
[2.001s] INFO:colcon.colcon_core.shell:Creating prefix script '/root/ros2_code/humble/simulations/install/local_setup.zsh'
[2.002s] INFO:colcon.colcon_core.shell:Creating prefix chain script '/root/ros2_code/humble/simulations/install/setup.zsh'
