[1.976s] Invoking command in '/root/ros2_code/humble/dai_ws/build/depthimage_to_laserscan': CMAKE_PREFIX_PATH=${CMAKE_PREFIX_PATH}:/root/ros2_code/humble/learning/install/ball_tracker:/opt/ros/humble /usr/bin/cmake --build /root/ros2_code/humble/dai_ws/build/depthimage_to_laserscan -- -j12 -l12
[2.276s] [ 25%] Built target DepthImageToLaserScan
[2.277s] [ 33%] Built target gtest_main
[2.282s] [ 50%] Built target gtest
[2.463s] [ 66%] Built target depthimage_to_laserscan-test
[2.475s] [ 83%] Built target DepthImageToLaserScanROS
[2.664s] [100%] Built target depthimage_to_laserscan_node
[3.055s] Invoked command in '/root/ros2_code/humble/dai_ws/build/depthimage_to_laserscan' returned '0': CMAKE_PREFIX_PATH=${CMAKE_PREFIX_PATH}:/root/ros2_code/humble/learning/install/ball_tracker:/opt/ros/humble /usr/bin/cmake --build /root/ros2_code/humble/dai_ws/build/depthimage_to_laserscan -- -j12 -l12
[3.584s] Invoking command in '/root/ros2_code/humble/dai_ws/build/depthimage_to_laserscan': CMAKE_PREFIX_PATH=${CMAKE_PREFIX_PATH}:/root/ros2_code/humble/learning/install/ball_tracker:/opt/ros/humble /usr/bin/cmake --install /root/ros2_code/humble/dai_ws/build/depthimage_to_laserscan
[3.616s] -- Install configuration: ""
[3.620s] -- Execute custom install script
[3.623s] -- Up-to-date symlink: /root/ros2_code/humble/dai_ws/install/depthimage_to_laserscan/include/depthimage_to_laserscan/depthimage_to_laserscan/DepthImageToLaserScan.hpp
[3.623s] -- Up-to-date symlink: /root/ros2_code/humble/dai_ws/install/depthimage_to_laserscan/include/depthimage_to_laserscan/depthimage_to_laserscan/DepthImageToLaserScanROS.hpp
[3.625s] -- Up-to-date symlink: /root/ros2_code/humble/dai_ws/install/depthimage_to_laserscan/include/depthimage_to_laserscan/depthimage_to_laserscan/depth_traits.hpp
[3.626s] -- Up-to-date symlink: /root/ros2_code/humble/dai_ws/install/depthimage_to_laserscan/share/depthimage_to_laserscan//launch/depthimage_to_laserscan-launch.py
[3.628s] -- Up-to-date symlink: /root/ros2_code/humble/dai_ws/install/depthimage_to_laserscan/share/depthimage_to_laserscan//launch/depthimage_to_laserscan_composed-launch.py
[3.629s] -- Up-to-date symlink: /root/ros2_code/humble/dai_ws/install/depthimage_to_laserscan/share/depthimage_to_laserscan//cfg/param.yaml
[3.630s] -- Up-to-date symlink: /root/ros2_code/humble/dai_ws/install/depthimage_to_laserscan/lib/depthimage_to_laserscan/depthimage_to_laserscan_node
[3.632s] -- Up-to-date symlink: /root/ros2_code/humble/dai_ws/install/depthimage_to_laserscan/include/depthimage_to_laserscan/depthimage_to_laserscan/DepthImageToLaserScan_export.h
[3.634s] -- Up-to-date symlink: /root/ros2_code/humble/dai_ws/install/depthimage_to_laserscan/include/depthimage_to_laserscan/depthimage_to_laserscan/DepthImageToLaserScanROS_export.h
[3.635s] -- Up-to-date symlink: /root/ros2_code/humble/dai_ws/install/depthimage_to_laserscan/share/depthimage_to_laserscan/environment/library_path.sh
[3.636s] -- Up-to-date symlink: /root/ros2_code/humble/dai_ws/install/depthimage_to_laserscan/share/depthimage_to_laserscan/environment/library_path.dsv
[3.638s] -- Up-to-date symlink: /root/ros2_code/humble/dai_ws/install/depthimage_to_laserscan/share/ament_index/resource_index/package_run_dependencies/depthimage_to_laserscan
[3.640s] -- Up-to-date symlink: /root/ros2_code/humble/dai_ws/install/depthimage_to_laserscan/share/ament_index/resource_index/parent_prefix_path/depthimage_to_laserscan
[3.641s] -- Up-to-date symlink: /root/ros2_code/humble/dai_ws/install/depthimage_to_laserscan/share/depthimage_to_laserscan/environment/ament_prefix_path.sh
[3.643s] -- Up-to-date symlink: /root/ros2_code/humble/dai_ws/install/depthimage_to_laserscan/share/depthimage_to_laserscan/environment/ament_prefix_path.dsv
[3.647s] -- Up-to-date symlink: /root/ros2_code/humble/dai_ws/install/depthimage_to_laserscan/share/depthimage_to_laserscan/environment/path.sh
[3.649s] -- Up-to-date symlink: /root/ros2_code/humble/dai_ws/install/depthimage_to_laserscan/share/depthimage_to_laserscan/environment/path.dsv
[3.650s] -- Up-to-date symlink: /root/ros2_code/humble/dai_ws/install/depthimage_to_laserscan/share/depthimage_to_laserscan/local_setup.bash
[3.651s] -- Up-to-date symlink: /root/ros2_code/humble/dai_ws/install/depthimage_to_laserscan/share/depthimage_to_laserscan/local_setup.sh
[3.652s] -- Up-to-date symlink: /root/ros2_code/humble/dai_ws/install/depthimage_to_laserscan/share/depthimage_to_laserscan/local_setup.zsh
[3.652s] -- Up-to-date symlink: /root/ros2_code/humble/dai_ws/install/depthimage_to_laserscan/share/depthimage_to_laserscan/local_setup.dsv
[3.653s] -- Symlinking: /root/ros2_code/humble/dai_ws/install/depthimage_to_laserscan/share/depthimage_to_laserscan/package.dsv
[3.702s] -- Up-to-date symlink: /root/ros2_code/humble/dai_ws/install/depthimage_to_laserscan/share/ament_index/resource_index/packages/depthimage_to_laserscan
[3.703s] -- Up-to-date symlink: /root/ros2_code/humble/dai_ws/install/depthimage_to_laserscan/share/ament_index/resource_index/rclcpp_components/depthimage_to_laserscan
[3.704s] -- Up-to-date symlink: /root/ros2_code/humble/dai_ws/install/depthimage_to_laserscan/share/depthimage_to_laserscan/cmake/ament_cmake_export_include_directories-extras.cmake
[3.705s] -- Up-to-date symlink: /root/ros2_code/humble/dai_ws/install/depthimage_to_laserscan/share/depthimage_to_laserscan/cmake/ament_cmake_export_libraries-extras.cmake
[3.706s] -- Up-to-date symlink: /root/ros2_code/humble/dai_ws/install/depthimage_to_laserscan/share/depthimage_to_laserscan/cmake/ament_cmake_export_targets-extras.cmake
[3.706s] -- Up-to-date symlink: /root/ros2_code/humble/dai_ws/install/depthimage_to_laserscan/share/depthimage_to_laserscan/cmake/ament_cmake_export_dependencies-extras.cmake
[3.707s] -- Up-to-date symlink: /root/ros2_code/humble/dai_ws/install/depthimage_to_laserscan/share/depthimage_to_laserscan/cmake/depthimage_to_laserscanConfig.cmake
[3.709s] -- Up-to-date symlink: /root/ros2_code/humble/dai_ws/install/depthimage_to_laserscan/share/depthimage_to_laserscan/cmake/depthimage_to_laserscanConfig-version.cmake
[3.711s] -- Up-to-date symlink: /root/ros2_code/humble/dai_ws/install/depthimage_to_laserscan/share/depthimage_to_laserscan/package.xml
[3.713s] -- Up-to-date: /root/ros2_code/humble/dai_ws/install/depthimage_to_laserscan/lib/libDepthImageToLaserScan.so
[3.724s] -- Up-to-date: /root/ros2_code/humble/dai_ws/install/depthimage_to_laserscan/lib/libDepthImageToLaserScanROS.so
[3.726s] -- Up-to-date: /root/ros2_code/humble/dai_ws/install/depthimage_to_laserscan/share/depthimage_to_laserscan/cmake/export_depthimage_to_laserscanExport.cmake
[3.730s] -- Up-to-date: /root/ros2_code/humble/dai_ws/install/depthimage_to_laserscan/share/depthimage_to_laserscan/cmake/export_depthimage_to_laserscanExport-noconfig.cmake
[4.208s] Invoked command in '/root/ros2_code/humble/dai_ws/build/depthimage_to_laserscan' returned '0': CMAKE_PREFIX_PATH=${CMAKE_PREFIX_PATH}:/root/ros2_code/humble/learning/install/ball_tracker:/opt/ros/humble /usr/bin/cmake --install /root/ros2_code/humble/dai_ws/build/depthimage_to_laserscan
