[35m[1mConsolidate compiler generated dependencies of target neo_local_planner[0m
[100%] Built target neo_local_planner
-- Install configuration: ""
-- Up-to-date: /root/ros2_code/humble/simulations/install/neo_local_planner/include/
-- Up-to-date: /root/ros2_code/humble/simulations/install/neo_local_planner/include//NeoLocalPlanner.h
-- Up-to-date: /root/ros2_code/humble/simulations/install/neo_local_planner/share/neo_local_planner_plugin.xml
-- Up-to-date: /root/ros2_code/humble/simulations/install/neo_local_planner/lib/libneo_local_planner.so
-- Up-to-date: /root/ros2_code/humble/simulations/install/neo_local_planner/share/neo_local_planner/environment/library_path.sh
-- Up-to-date: /root/ros2_code/humble/simulations/install/neo_local_planner/share/neo_local_planner/environment/library_path.dsv
-- Up-to-date: /root/ros2_code/humble/simulations/install/neo_local_planner/share/neo_local_planner/neo_local_planner_plugin.xml
-- Up-to-date: /root/ros2_code/humble/simulations/install/neo_local_planner/share/ament_index/resource_index/package_run_dependencies/neo_local_planner
-- Up-to-date: /root/ros2_code/humble/simulations/install/neo_local_planner/share/ament_index/resource_index/parent_prefix_path/neo_local_planner
-- Up-to-date: /root/ros2_code/humble/simulations/install/neo_local_planner/share/neo_local_planner/environment/ament_prefix_path.sh
-- Up-to-date: /root/ros2_code/humble/simulations/install/neo_local_planner/share/neo_local_planner/environment/ament_prefix_path.dsv
-- Up-to-date: /root/ros2_code/humble/simulations/install/neo_local_planner/share/neo_local_planner/environment/path.sh
-- Up-to-date: /root/ros2_code/humble/simulations/install/neo_local_planner/share/neo_local_planner/environment/path.dsv
-- Up-to-date: /root/ros2_code/humble/simulations/install/neo_local_planner/share/neo_local_planner/local_setup.bash
-- Up-to-date: /root/ros2_code/humble/simulations/install/neo_local_planner/share/neo_local_planner/local_setup.sh
-- Up-to-date: /root/ros2_code/humble/simulations/install/neo_local_planner/share/neo_local_planner/local_setup.zsh
-- Up-to-date: /root/ros2_code/humble/simulations/install/neo_local_planner/share/neo_local_planner/local_setup.dsv
-- Installing: /root/ros2_code/humble/simulations/install/neo_local_planner/share/neo_local_planner/package.dsv
-- Up-to-date: /root/ros2_code/humble/simulations/install/neo_local_planner/share/ament_index/resource_index/packages/neo_local_planner
-- Up-to-date: /root/ros2_code/humble/simulations/install/neo_local_planner/share/ament_index/resource_index/nav2_core__pluginlib__plugin/neo_local_planner
-- Up-to-date: /root/ros2_code/humble/simulations/install/neo_local_planner/share/neo_local_planner/cmake/ament_cmake_export_include_directories-extras.cmake
-- Up-to-date: /root/ros2_code/humble/simulations/install/neo_local_planner/share/neo_local_planner/cmake/ament_cmake_export_libraries-extras.cmake
-- Up-to-date: /root/ros2_code/humble/simulations/install/neo_local_planner/share/neo_local_planner/cmake/ament_cmake_export_dependencies-extras.cmake
-- Up-to-date: /root/ros2_code/humble/simulations/install/neo_local_planner/share/neo_local_planner/cmake/neo_local_plannerConfig.cmake
-- Up-to-date: /root/ros2_code/humble/simulations/install/neo_local_planner/share/neo_local_planner/cmake/neo_local_plannerConfig-version.cmake
-- Up-to-date: /root/ros2_code/humble/simulations/install/neo_local_planner/share/neo_local_planner/package.xml
