[0.443s] Invoking command in '/root/ros2_code/humble/ros_bot/src/build/rosbot_description': CMAKE_PREFIX_PATH=${CMAKE_PREFIX_PATH}:/root/ros2_code/humble/ros_bot/install/tutorial_pkg:/root/ros2_code/humble/ros_bot/install/rosbot_utils:/root/ros2_code/humble/ros_bot/install/rosbot_gazebo:/root/ros2_code/humble/ros_bot/install/rosbot_bringup:/root/ros2_code/humble/ros_bot/install/rosbot_controller:/root/ros2_code/humble/vision/install/path_planner_pkg:/root/ros2_code/humble/vision/install/nav2_api_pkg:/root/ros2_code/humble/vision/install/joystick_pkg:/root/ros2_code/humble/vision/install/cartographer_pkg:/root/ros2_code/humble/nav2class/install/autonomous_tb3:/root/ros2_code/humble/simulations/install/path_planner_server:/root/ros2_code/humble/simulations/install/map_server:/root/ros2_code/humble/simulations/install/localization_server:/opt/ros/humble /usr/bin/cmake /root/ros2_code/humble/ros_bot/src/rosbot_description -DCMAKE_INSTALL_PREFIX=/root/ros2_code/humble/ros_bot/src/install/rosbot_description
[0.813s] -- The C compiler identification is GNU 11.4.0
[0.813s] -- The CXX compiler identification is GNU 11.4.0
[0.813s] -- Detecting C compiler ABI info
[0.813s] -- Detecting C compiler ABI info - done
[0.814s] -- Check for working C compiler: /usr/bin/cc - skipped
[0.814s] -- Detecting C compile features
[0.814s] -- Detecting C compile features - done
[0.814s] -- Detecting CXX compiler ABI info
[0.815s] -- Detecting CXX compiler ABI info - done
[0.815s] -- Check for working CXX compiler: /usr/bin/c++ - skipped
[0.815s] -- Detecting CXX compile features
[0.815s] -- Detecting CXX compile features - done
[0.816s] -- Found ament_cmake: 1.3.6 (/opt/ros/humble/share/ament_cmake/cmake)
[0.933s] -- Found Python3: /usr/bin/python3.10 (found version "3.10.12") found components: Interpreter 
[1.179s] -- Configuring done
[1.184s] -- Generating done
[1.185s] -- Build files have been written to: /root/ros2_code/humble/ros_bot/src/build/rosbot_description
[1.191s] Invoked command in '/root/ros2_code/humble/ros_bot/src/build/rosbot_description' returned '0': CMAKE_PREFIX_PATH=${CMAKE_PREFIX_PATH}:/root/ros2_code/humble/ros_bot/install/tutorial_pkg:/root/ros2_code/humble/ros_bot/install/rosbot_utils:/root/ros2_code/humble/ros_bot/install/rosbot_gazebo:/root/ros2_code/humble/ros_bot/install/rosbot_bringup:/root/ros2_code/humble/ros_bot/install/rosbot_controller:/root/ros2_code/humble/vision/install/path_planner_pkg:/root/ros2_code/humble/vision/install/nav2_api_pkg:/root/ros2_code/humble/vision/install/joystick_pkg:/root/ros2_code/humble/vision/install/cartographer_pkg:/root/ros2_code/humble/nav2class/install/autonomous_tb3:/root/ros2_code/humble/simulations/install/path_planner_server:/root/ros2_code/humble/simulations/install/map_server:/root/ros2_code/humble/simulations/install/localization_server:/opt/ros/humble /usr/bin/cmake /root/ros2_code/humble/ros_bot/src/rosbot_description -DCMAKE_INSTALL_PREFIX=/root/ros2_code/humble/ros_bot/src/install/rosbot_description
[1.193s] Invoking command in '/root/ros2_code/humble/ros_bot/src/build/rosbot_description': CMAKE_PREFIX_PATH=${CMAKE_PREFIX_PATH}:/root/ros2_code/humble/ros_bot/install/tutorial_pkg:/root/ros2_code/humble/ros_bot/install/rosbot_utils:/root/ros2_code/humble/ros_bot/install/rosbot_gazebo:/root/ros2_code/humble/ros_bot/install/rosbot_bringup:/root/ros2_code/humble/ros_bot/install/rosbot_controller:/root/ros2_code/humble/vision/install/path_planner_pkg:/root/ros2_code/humble/vision/install/nav2_api_pkg:/root/ros2_code/humble/vision/install/joystick_pkg:/root/ros2_code/humble/vision/install/cartographer_pkg:/root/ros2_code/humble/nav2class/install/autonomous_tb3:/root/ros2_code/humble/simulations/install/path_planner_server:/root/ros2_code/humble/simulations/install/map_server:/root/ros2_code/humble/simulations/install/localization_server:/opt/ros/humble /usr/bin/cmake --build /root/ros2_code/humble/ros_bot/src/build/rosbot_description -- -j12 -l12
[1.249s] Invoked command in '/root/ros2_code/humble/ros_bot/src/build/rosbot_description' returned '0': CMAKE_PREFIX_PATH=${CMAKE_PREFIX_PATH}:/root/ros2_code/humble/ros_bot/install/tutorial_pkg:/root/ros2_code/humble/ros_bot/install/rosbot_utils:/root/ros2_code/humble/ros_bot/install/rosbot_gazebo:/root/ros2_code/humble/ros_bot/install/rosbot_bringup:/root/ros2_code/humble/ros_bot/install/rosbot_controller:/root/ros2_code/humble/vision/install/path_planner_pkg:/root/ros2_code/humble/vision/install/nav2_api_pkg:/root/ros2_code/humble/vision/install/joystick_pkg:/root/ros2_code/humble/vision/install/cartographer_pkg:/root/ros2_code/humble/nav2class/install/autonomous_tb3:/root/ros2_code/humble/simulations/install/path_planner_server:/root/ros2_code/humble/simulations/install/map_server:/root/ros2_code/humble/simulations/install/localization_server:/opt/ros/humble /usr/bin/cmake --build /root/ros2_code/humble/ros_bot/src/build/rosbot_description -- -j12 -l12
[1.289s] Invoking command in '/root/ros2_code/humble/ros_bot/src/build/rosbot_description': CMAKE_PREFIX_PATH=${CMAKE_PREFIX_PATH}:/root/ros2_code/humble/ros_bot/install/tutorial_pkg:/root/ros2_code/humble/ros_bot/install/rosbot_utils:/root/ros2_code/humble/ros_bot/install/rosbot_gazebo:/root/ros2_code/humble/ros_bot/install/rosbot_bringup:/root/ros2_code/humble/ros_bot/install/rosbot_controller:/root/ros2_code/humble/vision/install/path_planner_pkg:/root/ros2_code/humble/vision/install/nav2_api_pkg:/root/ros2_code/humble/vision/install/joystick_pkg:/root/ros2_code/humble/vision/install/cartographer_pkg:/root/ros2_code/humble/nav2class/install/autonomous_tb3:/root/ros2_code/humble/simulations/install/path_planner_server:/root/ros2_code/humble/simulations/install/map_server:/root/ros2_code/humble/simulations/install/localization_server:/opt/ros/humble /usr/bin/cmake --install /root/ros2_code/humble/ros_bot/src/build/rosbot_description
[1.298s] -- Install configuration: ""
[1.298s] -- Installing: /root/ros2_code/humble/ros_bot/src/install/rosbot_description/share/rosbot_description/meshes
[1.298s] -- Installing: /root/ros2_code/humble/ros_bot/src/install/rosbot_description/share/rosbot_description/meshes/mecanum_b.dae
[1.319s] -- Installing: /root/ros2_code/humble/ros_bot/src/install/rosbot_description/share/rosbot_description/meshes/mecanum_a.dae
[1.340s] -- Installing: /root/ros2_code/humble/ros_bot/src/install/rosbot_description/share/rosbot_description/meshes/body.stl
[1.342s] -- Installing: /root/ros2_code/humble/ros_bot/src/install/rosbot_description/share/rosbot_description/meshes/wheel_b.dae
[1.344s] -- Installing: /root/ros2_code/humble/ros_bot/src/install/rosbot_description/share/rosbot_description/meshes/wheel_a.dae
[1.346s] -- Installing: /root/ros2_code/humble/ros_bot/src/install/rosbot_description/share/rosbot_description/meshes/cover.stl
[1.346s] -- Installing: /root/ros2_code/humble/ros_bot/src/install/rosbot_description/share/rosbot_description/urdf
[1.347s] -- Installing: /root/ros2_code/humble/ros_bot/src/install/rosbot_description/share/rosbot_description/urdf/body.urdf.xacro
[1.347s] -- Installing: /root/ros2_code/humble/ros_bot/src/install/rosbot_description/share/rosbot_description/urdf/components
[1.347s] -- Installing: /root/ros2_code/humble/ros_bot/src/install/rosbot_description/share/rosbot_description/urdf/components/vl53lox.urdf.xacro
[1.347s] -- Installing: /root/ros2_code/humble/ros_bot/src/install/rosbot_description/share/rosbot_description/urdf/wheel.urdf.xacro
[1.348s] -- Installing: /root/ros2_code/humble/ros_bot/src/install/rosbot_description/share/rosbot_description/urdf/rosbot_macro.urdf.xacro
[1.348s] -- Installing: /root/ros2_code/humble/ros_bot/src/install/rosbot_description/share/rosbot_description/urdf/rosbot.urdf.xacro
[1.349s] -- Installing: /root/ros2_code/humble/ros_bot/src/install/rosbot_description/share/rosbot_description/environment/rosbot_description.sh
[1.349s] -- Installing: /root/ros2_code/humble/ros_bot/src/install/rosbot_description/share/ament_index/resource_index/package_run_dependencies/rosbot_description
[1.350s] -- Installing: /root/ros2_code/humble/ros_bot/src/install/rosbot_description/share/ament_index/resource_index/parent_prefix_path/rosbot_description
[1.350s] -- Installing: /root/ros2_code/humble/ros_bot/src/install/rosbot_description/share/rosbot_description/environment/ament_prefix_path.sh
[1.350s] -- Installing: /root/ros2_code/humble/ros_bot/src/install/rosbot_description/share/rosbot_description/environment/ament_prefix_path.dsv
[1.350s] -- Installing: /root/ros2_code/humble/ros_bot/src/install/rosbot_description/share/rosbot_description/environment/path.sh
[1.350s] -- Installing: /root/ros2_code/humble/ros_bot/src/install/rosbot_description/share/rosbot_description/environment/path.dsv
[1.351s] -- Installing: /root/ros2_code/humble/ros_bot/src/install/rosbot_description/share/rosbot_description/local_setup.bash
[1.351s] -- Installing: /root/ros2_code/humble/ros_bot/src/install/rosbot_description/share/rosbot_description/local_setup.sh
[1.351s] -- Installing: /root/ros2_code/humble/ros_bot/src/install/rosbot_description/share/rosbot_description/local_setup.zsh
[1.352s] -- Installing: /root/ros2_code/humble/ros_bot/src/install/rosbot_description/share/rosbot_description/local_setup.dsv
[1.352s] -- Installing: /root/ros2_code/humble/ros_bot/src/install/rosbot_description/share/rosbot_description/package.dsv
[1.352s] -- Installing: /root/ros2_code/humble/ros_bot/src/install/rosbot_description/share/ament_index/resource_index/packages/rosbot_description
[1.353s] -- Installing: /root/ros2_code/humble/ros_bot/src/install/rosbot_description/share/rosbot_description/cmake/rosbot_descriptionConfig.cmake
[1.353s] -- Installing: /root/ros2_code/humble/ros_bot/src/install/rosbot_description/share/rosbot_description/cmake/rosbot_descriptionConfig-version.cmake
[1.353s] -- Installing: /root/ros2_code/humble/ros_bot/src/install/rosbot_description/share/rosbot_description/package.xml
[1.356s] Invoked command in '/root/ros2_code/humble/ros_bot/src/build/rosbot_description' returned '0': CMAKE_PREFIX_PATH=${CMAKE_PREFIX_PATH}:/root/ros2_code/humble/ros_bot/install/tutorial_pkg:/root/ros2_code/humble/ros_bot/install/rosbot_utils:/root/ros2_code/humble/ros_bot/install/rosbot_gazebo:/root/ros2_code/humble/ros_bot/install/rosbot_bringup:/root/ros2_code/humble/ros_bot/install/rosbot_controller:/root/ros2_code/humble/vision/install/path_planner_pkg:/root/ros2_code/humble/vision/install/nav2_api_pkg:/root/ros2_code/humble/vision/install/joystick_pkg:/root/ros2_code/humble/vision/install/cartographer_pkg:/root/ros2_code/humble/nav2class/install/autonomous_tb3:/root/ros2_code/humble/simulations/install/path_planner_server:/root/ros2_code/humble/simulations/install/map_server:/root/ros2_code/humble/simulations/install/localization_server:/opt/ros/humble /usr/bin/cmake --install /root/ros2_code/humble/ros_bot/src/build/rosbot_description
