[2.621s] Invoking command in '/root/ros2_code/humble/tc_ros2_nav/src/localization_server': PYTHONPATH=/root/ros2_code/humble/tc_ros2_nav/build/localization_server/prefix_override:/root/ros2_code/humble/tc_ros2_nav/install/localization_server/lib/python3.10/site-packages:${PYTHONPATH} /usr/bin/python3 setup.py egg_info --egg-base ../../build/localization_server build --build-base /root/ros2_code/humble/tc_ros2_nav/build/localization_server/build install --record /root/ros2_code/humble/tc_ros2_nav/build/localization_server/install.log --single-version-externally-managed
[2.876s] running egg_info
[2.877s] writing ../../build/localization_server/localization_server.egg-info/PKG-INFO
[2.877s] writing dependency_links to ../../build/localization_server/localization_server.egg-info/dependency_links.txt
[2.877s] writing entry points to ../../build/localization_server/localization_server.egg-info/entry_points.txt
[2.877s] writing requirements to ../../build/localization_server/localization_server.egg-info/requires.txt
[2.877s] writing top-level names to ../../build/localization_server/localization_server.egg-info/top_level.txt
[2.878s] reading manifest file '../../build/localization_server/localization_server.egg-info/SOURCES.txt'
[2.878s] writing manifest file '../../build/localization_server/localization_server.egg-info/SOURCES.txt'
[2.879s] running build
[2.879s] running build_py
[2.879s] running install
[2.879s] running install_lib
[2.880s] running install_data
[2.880s] copying launch/localization.launch.py -> /root/ros2_code/humble/tc_ros2_nav/install/localization_server/share/localization_server/launch
[2.880s] running install_egg_info
[2.882s] removing '/root/ros2_code/humble/tc_ros2_nav/install/localization_server/lib/python3.10/site-packages/localization_server-0.0.0-py3.10.egg-info' (and everything under it)
[2.882s] Copying ../../build/localization_server/localization_server.egg-info to /root/ros2_code/humble/tc_ros2_nav/install/localization_server/lib/python3.10/site-packages/localization_server-0.0.0-py3.10.egg-info
[2.883s] running install_scripts
[2.904s] writing list of installed files to '/root/ros2_code/humble/tc_ros2_nav/build/localization_server/install.log'
[2.967s] Invoked command in '/root/ros2_code/humble/tc_ros2_nav/src/localization_server' returned '0': PYTHONPATH=/root/ros2_code/humble/tc_ros2_nav/build/localization_server/prefix_override:/root/ros2_code/humble/tc_ros2_nav/install/localization_server/lib/python3.10/site-packages:${PYTHONPATH} /usr/bin/python3 setup.py egg_info --egg-base ../../build/localization_server build --build-base /root/ros2_code/humble/tc_ros2_nav/build/localization_server/build install --record /root/ros2_code/humble/tc_ros2_nav/build/localization_server/install.log --single-version-externally-managed
