[2.584s] Invoking command in '/root/ros2_code/humble/vision/src/nav2_pkgs/path_planner_pkg': PYTHONPATH=/root/ros2_code/humble/vision/build/path_planner_pkg/prefix_override:/root/ros2_code/humble/vision/install/path_planner_pkg/lib/python3.10/site-packages:${PYTHONPATH} /usr/bin/python3 setup.py egg_info --egg-base ../../../build/path_planner_pkg build --build-base /root/ros2_code/humble/vision/build/path_planner_pkg/build install --record /root/ros2_code/humble/vision/build/path_planner_pkg/install.log --single-version-externally-managed
[2.999s] running egg_info
[2.999s] writing ../../../build/path_planner_pkg/path_planner_pkg.egg-info/PKG-INFO
[2.999s] writing dependency_links to ../../../build/path_planner_pkg/path_planner_pkg.egg-info/dependency_links.txt
[3.000s] writing entry points to ../../../build/path_planner_pkg/path_planner_pkg.egg-info/entry_points.txt
[3.000s] writing requirements to ../../../build/path_planner_pkg/path_planner_pkg.egg-info/requires.txt
[3.000s] writing top-level names to ../../../build/path_planner_pkg/path_planner_pkg.egg-info/top_level.txt
[3.003s] reading manifest file '../../../build/path_planner_pkg/path_planner_pkg.egg-info/SOURCES.txt'
[3.004s] writing manifest file '../../../build/path_planner_pkg/path_planner_pkg.egg-info/SOURCES.txt'
[3.005s] running build
[3.005s] running build_py
[3.005s] running install
[3.005s] running install_lib
[3.007s] running install_data
[3.008s] running install_egg_info
[3.010s] removing '/root/ros2_code/humble/vision/install/path_planner_pkg/lib/python3.10/site-packages/path_planner_pkg-0.0.0-py3.10.egg-info' (and everything under it)
[3.011s] Copying ../../../build/path_planner_pkg/path_planner_pkg.egg-info to /root/ros2_code/humble/vision/install/path_planner_pkg/lib/python3.10/site-packages/path_planner_pkg-0.0.0-py3.10.egg-info
[3.015s] running install_scripts
[3.043s] writing list of installed files to '/root/ros2_code/humble/vision/build/path_planner_pkg/install.log'
[3.173s] Invoked command in '/root/ros2_code/humble/vision/src/nav2_pkgs/path_planner_pkg' returned '0': PYTHONPATH=/root/ros2_code/humble/vision/build/path_planner_pkg/prefix_override:/root/ros2_code/humble/vision/install/path_planner_pkg/lib/python3.10/site-packages:${PYTHONPATH} /usr/bin/python3 setup.py egg_info --egg-base ../../../build/path_planner_pkg build --build-base /root/ros2_code/humble/vision/build/path_planner_pkg/build install --record /root/ros2_code/humble/vision/build/path_planner_pkg/install.log --single-version-externally-managed
