[1.429s] Invoking command in '/root/ros2_code/humble/dai_ws/build/depthai_examples': CMAKE_PREFIX_PATH=/root/ros2_code/humble/dai_ws/install/depthai_bridge:/root/ros2_code/humble/dai_ws/install/depthai_ros_msgs:/root/ros2_code/humble/dai_ws/install/depthai_descriptions:/root/ros2_code/humble/articubot/install/articubot_one:/root/ros2_code/humble/tc_ros2_urdf/install/urdfbot_description:/root/ros2_code/humble/tc_ros2_urdf/install/my_box_bot_gazebo:/root/ros2_code/humble/tc_ros2_urdf/install/my_box_bot_description:/root/ros2_code/humble/dai_ws/install/pointcloud_to_laserscan:/root/ros2_code/humble/dai_ws/install/depthimage_to_laserscan:/root/ros2_code/humble/dai_ws/install/depthai-ros:/root/ros2_code/humble/dai_ws/install/depthai_ros_driver:/root/ros2_code/humble/dai_ws/install/depthai_filters:/root/ros2_code/humble/dai_ws/install/depthai_examples:/root/cyglidar_ws/install/cyglidar_d1_ros2:/root/dai_ws/install/depthai-ros:/root/dai_ws/install/depthai_ros_driver:/root/dai_ws/install/depthai_filters:/root/dai_ws/install/depthai_examples:/root/dai_ws/install/depthai_bridge:/root/dai_ws/install/depthai_ros_msgs:/root/dai_ws/install/depthai_descriptions:/root/ros2_code/humble/learning/install/articubot_one:/root/ros2_code/humble/frc9202/install/yolov8_msgs:/root/ros2_code/humble/frc9202/install/yolo_recognition:/root/ros2_code/humble/frc9202/install/gazebo_setup_pkg:/root/ros2_code/humble/surround_view_ros/install/omni_robot_description:/root/ros2_code/humble/surround_view_ros/install/omni_control:/root/ros2_code/humble/surround_view_ros/install/gazebo_simulation:/root/ros2_code/humble/learning/install/ball_tracker:/opt/ros/humble LD_LIBRARY_PATH=/root/ros2_code/humble/dai_ws/install/depthai_bridge/lib:/root/ros2_code/humble/dai_ws/install/depthai_ros_msgs/lib:/root/ros2_code/humble/dai_ws/install/pointcloud_to_laserscan/lib:/root/ros2_code/humble/dai_ws/install/depthimage_to_laserscan/lib:/root/ros2_code/humble/dai_ws/install/depthai_ros_driver/lib:/root/ros2_code/humble/dai_ws/install/depthai_filters/lib:/root/dai_ws/install/depthai_ros_driver/lib:/root/dai_ws/install/depthai_filters/lib:/root/dai_ws/install/depthai_bridge/lib:/root/dai_ws/install/depthai_ros_msgs/lib:/root/ros2_code/humble/frc9202/install/yolov8_msgs/lib:/usr/lib/x86_64-linux-gnu/gazebo-11/plugins:/opt/ros/humble/opt/rviz_ogre_vendor/lib:/opt/ros/humble/lib/x86_64-linux-gnu:/opt/ros/humble/lib /usr/bin/cmake --build /root/ros2_code/humble/dai_ws/build/depthai_examples -- -j12 -l12
[1.733s] [ 12%] Built target crop_control_service
[1.755s] [ 31%] Built target mobilenet_node
[1.756s] [ 37%] Built target rgb_stereo_node
[1.756s] [ 50%] Built target stereo_node
[1.766s] [ 62%] Built target stereo_inertial_node
[1.773s] [ 75%] Built target yolov4_spatial_node
[1.776s] [ 87%] Built target yolov4_node
[1.780s] [100%] Built target feature_tracker
[1.834s] Invoked command in '/root/ros2_code/humble/dai_ws/build/depthai_examples' returned '0': CMAKE_PREFIX_PATH=/root/ros2_code/humble/dai_ws/install/depthai_bridge:/root/ros2_code/humble/dai_ws/install/depthai_ros_msgs:/root/ros2_code/humble/dai_ws/install/depthai_descriptions:/root/ros2_code/humble/articubot/install/articubot_one:/root/ros2_code/humble/tc_ros2_urdf/install/urdfbot_description:/root/ros2_code/humble/tc_ros2_urdf/install/my_box_bot_gazebo:/root/ros2_code/humble/tc_ros2_urdf/install/my_box_bot_description:/root/ros2_code/humble/dai_ws/install/pointcloud_to_laserscan:/root/ros2_code/humble/dai_ws/install/depthimage_to_laserscan:/root/ros2_code/humble/dai_ws/install/depthai-ros:/root/ros2_code/humble/dai_ws/install/depthai_ros_driver:/root/ros2_code/humble/dai_ws/install/depthai_filters:/root/ros2_code/humble/dai_ws/install/depthai_examples:/root/cyglidar_ws/install/cyglidar_d1_ros2:/root/dai_ws/install/depthai-ros:/root/dai_ws/install/depthai_ros_driver:/root/dai_ws/install/depthai_filters:/root/dai_ws/install/depthai_examples:/root/dai_ws/install/depthai_bridge:/root/dai_ws/install/depthai_ros_msgs:/root/dai_ws/install/depthai_descriptions:/root/ros2_code/humble/learning/install/articubot_one:/root/ros2_code/humble/frc9202/install/yolov8_msgs:/root/ros2_code/humble/frc9202/install/yolo_recognition:/root/ros2_code/humble/frc9202/install/gazebo_setup_pkg:/root/ros2_code/humble/surround_view_ros/install/omni_robot_description:/root/ros2_code/humble/surround_view_ros/install/omni_control:/root/ros2_code/humble/surround_view_ros/install/gazebo_simulation:/root/ros2_code/humble/learning/install/ball_tracker:/opt/ros/humble LD_LIBRARY_PATH=/root/ros2_code/humble/dai_ws/install/depthai_bridge/lib:/root/ros2_code/humble/dai_ws/install/depthai_ros_msgs/lib:/root/ros2_code/humble/dai_ws/install/pointcloud_to_laserscan/lib:/root/ros2_code/humble/dai_ws/install/depthimage_to_laserscan/lib:/root/ros2_code/humble/dai_ws/install/depthai_ros_driver/lib:/root/ros2_code/humble/dai_ws/install/depthai_filters/lib:/root/dai_ws/install/depthai_ros_driver/lib:/root/dai_ws/install/depthai_filters/lib:/root/dai_ws/install/depthai_bridge/lib:/root/dai_ws/install/depthai_ros_msgs/lib:/root/ros2_code/humble/frc9202/install/yolov8_msgs/lib:/usr/lib/x86_64-linux-gnu/gazebo-11/plugins:/opt/ros/humble/opt/rviz_ogre_vendor/lib:/opt/ros/humble/lib/x86_64-linux-gnu:/opt/ros/humble/lib /usr/bin/cmake --build /root/ros2_code/humble/dai_ws/build/depthai_examples -- -j12 -l12
[2.110s] Invoking command in '/root/ros2_code/humble/dai_ws/build/depthai_examples': CMAKE_PREFIX_PATH=/root/ros2_code/humble/dai_ws/install/depthai_bridge:/root/ros2_code/humble/dai_ws/install/depthai_ros_msgs:/root/ros2_code/humble/dai_ws/install/depthai_descriptions:/root/ros2_code/humble/articubot/install/articubot_one:/root/ros2_code/humble/tc_ros2_urdf/install/urdfbot_description:/root/ros2_code/humble/tc_ros2_urdf/install/my_box_bot_gazebo:/root/ros2_code/humble/tc_ros2_urdf/install/my_box_bot_description:/root/ros2_code/humble/dai_ws/install/pointcloud_to_laserscan:/root/ros2_code/humble/dai_ws/install/depthimage_to_laserscan:/root/ros2_code/humble/dai_ws/install/depthai-ros:/root/ros2_code/humble/dai_ws/install/depthai_ros_driver:/root/ros2_code/humble/dai_ws/install/depthai_filters:/root/ros2_code/humble/dai_ws/install/depthai_examples:/root/cyglidar_ws/install/cyglidar_d1_ros2:/root/dai_ws/install/depthai-ros:/root/dai_ws/install/depthai_ros_driver:/root/dai_ws/install/depthai_filters:/root/dai_ws/install/depthai_examples:/root/dai_ws/install/depthai_bridge:/root/dai_ws/install/depthai_ros_msgs:/root/dai_ws/install/depthai_descriptions:/root/ros2_code/humble/learning/install/articubot_one:/root/ros2_code/humble/frc9202/install/yolov8_msgs:/root/ros2_code/humble/frc9202/install/yolo_recognition:/root/ros2_code/humble/frc9202/install/gazebo_setup_pkg:/root/ros2_code/humble/surround_view_ros/install/omni_robot_description:/root/ros2_code/humble/surround_view_ros/install/omni_control:/root/ros2_code/humble/surround_view_ros/install/gazebo_simulation:/root/ros2_code/humble/learning/install/ball_tracker:/opt/ros/humble LD_LIBRARY_PATH=/root/ros2_code/humble/dai_ws/install/depthai_bridge/lib:/root/ros2_code/humble/dai_ws/install/depthai_ros_msgs/lib:/root/ros2_code/humble/dai_ws/install/pointcloud_to_laserscan/lib:/root/ros2_code/humble/dai_ws/install/depthimage_to_laserscan/lib:/root/ros2_code/humble/dai_ws/install/depthai_ros_driver/lib:/root/ros2_code/humble/dai_ws/install/depthai_filters/lib:/root/dai_ws/install/depthai_ros_driver/lib:/root/dai_ws/install/depthai_filters/lib:/root/dai_ws/install/depthai_bridge/lib:/root/dai_ws/install/depthai_ros_msgs/lib:/root/ros2_code/humble/frc9202/install/yolov8_msgs/lib:/usr/lib/x86_64-linux-gnu/gazebo-11/plugins:/opt/ros/humble/opt/rviz_ogre_vendor/lib:/opt/ros/humble/lib/x86_64-linux-gnu:/opt/ros/humble/lib /usr/bin/cmake --install /root/ros2_code/humble/dai_ws/build/depthai_examples
[2.143s] -- Install configuration: ""
[2.145s] -- Execute custom install script
[2.147s] -- Up-to-date symlink: /root/ros2_code/humble/dai_ws/install/depthai_examples/share/depthai_examples/params/camera/color.yaml
[2.148s] -- Up-to-date symlink: /root/ros2_code/humble/dai_ws/install/depthai_examples/share/depthai_examples/params/camera/left.yaml
[2.148s] -- Up-to-date symlink: /root/ros2_code/humble/dai_ws/install/depthai_examples/share/depthai_examples/params/camera/right.yaml
[2.150s] -- Up-to-date symlink: /root/ros2_code/humble/dai_ws/install/depthai_examples/share/depthai_examples/rviz/pointCloud.rviz
[2.150s] -- Up-to-date symlink: /root/ros2_code/humble/dai_ws/install/depthai_examples/share/depthai_examples/rviz/rgb_camera.rviz
[2.151s] -- Up-to-date symlink: /root/ros2_code/humble/dai_ws/install/depthai_examples/share/depthai_examples/rviz/stereoInertial.rviz
[2.151s] -- Up-to-date symlink: /root/ros2_code/humble/dai_ws/install/depthai_examples/share/depthai_examples/rviz/stereoInertialDepthAlign.rviz
[2.152s] -- Up-to-date symlink: /root/ros2_code/humble/dai_ws/install/depthai_examples/share/depthai_examples/rviz/stereoInertialDepthAlignROS2.rviz
[2.152s] -- Up-to-date symlink: /root/ros2_code/humble/dai_ws/install/depthai_examples/share/depthai_examples/rviz/stereoInertialROS1.rviz
[2.153s] -- Up-to-date symlink: /root/ros2_code/humble/dai_ws/install/depthai_examples/share/depthai_examples/rviz/stereoPointCloud.rviz
[2.153s] -- Up-to-date symlink: /root/ros2_code/humble/dai_ws/install/depthai_examples/share/depthai_examples/rviz/stereoPointCloud_v1.rviz
[2.154s] -- Up-to-date symlink: /root/ros2_code/humble/dai_ws/install/depthai_examples/share/depthai_examples/rviz/stereo_config.rviz
[2.154s] -- Up-to-date symlink: /root/ros2_code/humble/dai_ws/install/depthai_examples/share/depthai_examples/rviz/stereo_nodelet.rviz
[2.156s] -- Up-to-date symlink: /root/ros2_code/humble/dai_ws/install/depthai_examples/share/depthai_examples/resources/deeplab_v3_plus_mnv2_decoder_256_openvino_2021.4.blob
[2.156s] -- Up-to-date symlink: /root/ros2_code/humble/dai_ws/install/depthai_examples/share/depthai_examples/resources/mobilenet-ssd_openvino_2021.2_6shave.blob
[2.157s] -- Up-to-date symlink: /root/ros2_code/humble/dai_ws/install/depthai_examples/share/depthai_examples/resources/yolov4_tiny_coco_416x416_openvino_2021.4_6shave_bgr.blob
[2.159s] -- Up-to-date symlink: /root/ros2_code/humble/dai_ws/install/depthai_examples/lib/depthai_examples/crop_control_service
[2.161s] -- Up-to-date symlink: /root/ros2_code/humble/dai_ws/install/depthai_examples/lib/depthai_examples/mobilenet_node
[2.161s] -- Up-to-date symlink: /root/ros2_code/humble/dai_ws/install/depthai_examples/lib/depthai_examples/rgb_stereo_node
[2.162s] -- Up-to-date symlink: /root/ros2_code/humble/dai_ws/install/depthai_examples/lib/depthai_examples/stereo_inertial_node
[2.163s] -- Up-to-date symlink: /root/ros2_code/humble/dai_ws/install/depthai_examples/lib/depthai_examples/stereo_node
[2.165s] -- Up-to-date symlink: /root/ros2_code/humble/dai_ws/install/depthai_examples/lib/depthai_examples/yolov4_spatial_node
[2.166s] -- Up-to-date symlink: /root/ros2_code/humble/dai_ws/install/depthai_examples/lib/depthai_examples/yolov4_node
[2.166s] -- Up-to-date symlink: /root/ros2_code/humble/dai_ws/install/depthai_examples/lib/depthai_examples/feature_tracker
[2.167s] -- Up-to-date symlink: /root/ros2_code/humble/dai_ws/install/depthai_examples/share/ament_index/resource_index/package_run_dependencies/depthai_examples
[2.168s] -- Up-to-date symlink: /root/ros2_code/humble/dai_ws/install/depthai_examples/share/ament_index/resource_index/parent_prefix_path/depthai_examples
[2.169s] -- Up-to-date symlink: /root/ros2_code/humble/dai_ws/install/depthai_examples/share/depthai_examples/environment/ament_prefix_path.sh
[2.171s] -- Up-to-date symlink: /root/ros2_code/humble/dai_ws/install/depthai_examples/share/depthai_examples/environment/ament_prefix_path.dsv
[2.173s] -- Up-to-date symlink: /root/ros2_code/humble/dai_ws/install/depthai_examples/share/depthai_examples/environment/path.sh
[2.174s] -- Up-to-date symlink: /root/ros2_code/humble/dai_ws/install/depthai_examples/share/depthai_examples/environment/path.dsv
[2.174s] -- Up-to-date symlink: /root/ros2_code/humble/dai_ws/install/depthai_examples/share/depthai_examples/local_setup.bash
[2.175s] -- Up-to-date symlink: /root/ros2_code/humble/dai_ws/install/depthai_examples/share/depthai_examples/local_setup.sh
[2.176s] -- Up-to-date symlink: /root/ros2_code/humble/dai_ws/install/depthai_examples/share/depthai_examples/local_setup.zsh
[2.177s] -- Up-to-date symlink: /root/ros2_code/humble/dai_ws/install/depthai_examples/share/depthai_examples/local_setup.dsv
[2.178s] -- Symlinking: /root/ros2_code/humble/dai_ws/install/depthai_examples/share/depthai_examples/package.dsv
[2.216s] -- Up-to-date symlink: /root/ros2_code/humble/dai_ws/install/depthai_examples/share/ament_index/resource_index/packages/depthai_examples
[2.217s] -- Up-to-date symlink: /root/ros2_code/humble/dai_ws/install/depthai_examples/share/depthai_examples/cmake/depthai_examplesConfig.cmake
[2.218s] -- Up-to-date symlink: /root/ros2_code/humble/dai_ws/install/depthai_examples/share/depthai_examples/cmake/depthai_examplesConfig-version.cmake
[2.219s] -- Up-to-date symlink: /root/ros2_code/humble/dai_ws/install/depthai_examples/share/depthai_examples/package.xml
[2.219s] -- Up-to-date: /root/ros2_code/humble/dai_ws/install/depthai_examples/share/depthai_examples/launch
[2.220s] -- Up-to-date: /root/ros2_code/humble/dai_ws/install/depthai_examples/share/depthai_examples/launch/mobile_publisher.launch.py
[2.220s] -- Installing: /root/ros2_code/humble/dai_ws/install/depthai_examples/share/depthai_examples/launch/stereo.launch.py
[2.220s] -- Up-to-date: /root/ros2_code/humble/dai_ws/install/depthai_examples/share/depthai_examples/launch/rgb_stereo_node.launch.py
[2.221s] -- Up-to-date: /root/ros2_code/humble/dai_ws/install/depthai_examples/share/depthai_examples/launch/yolov4_publisher.launch.py
[2.221s] -- Up-to-date: /root/ros2_code/humble/dai_ws/install/depthai_examples/share/depthai_examples/launch/stereo_inertial_node.launch.py
[2.227s] Invoked command in '/root/ros2_code/humble/dai_ws/build/depthai_examples' returned '0': CMAKE_PREFIX_PATH=/root/ros2_code/humble/dai_ws/install/depthai_bridge:/root/ros2_code/humble/dai_ws/install/depthai_ros_msgs:/root/ros2_code/humble/dai_ws/install/depthai_descriptions:/root/ros2_code/humble/articubot/install/articubot_one:/root/ros2_code/humble/tc_ros2_urdf/install/urdfbot_description:/root/ros2_code/humble/tc_ros2_urdf/install/my_box_bot_gazebo:/root/ros2_code/humble/tc_ros2_urdf/install/my_box_bot_description:/root/ros2_code/humble/dai_ws/install/pointcloud_to_laserscan:/root/ros2_code/humble/dai_ws/install/depthimage_to_laserscan:/root/ros2_code/humble/dai_ws/install/depthai-ros:/root/ros2_code/humble/dai_ws/install/depthai_ros_driver:/root/ros2_code/humble/dai_ws/install/depthai_filters:/root/ros2_code/humble/dai_ws/install/depthai_examples:/root/cyglidar_ws/install/cyglidar_d1_ros2:/root/dai_ws/install/depthai-ros:/root/dai_ws/install/depthai_ros_driver:/root/dai_ws/install/depthai_filters:/root/dai_ws/install/depthai_examples:/root/dai_ws/install/depthai_bridge:/root/dai_ws/install/depthai_ros_msgs:/root/dai_ws/install/depthai_descriptions:/root/ros2_code/humble/learning/install/articubot_one:/root/ros2_code/humble/frc9202/install/yolov8_msgs:/root/ros2_code/humble/frc9202/install/yolo_recognition:/root/ros2_code/humble/frc9202/install/gazebo_setup_pkg:/root/ros2_code/humble/surround_view_ros/install/omni_robot_description:/root/ros2_code/humble/surround_view_ros/install/omni_control:/root/ros2_code/humble/surround_view_ros/install/gazebo_simulation:/root/ros2_code/humble/learning/install/ball_tracker:/opt/ros/humble LD_LIBRARY_PATH=/root/ros2_code/humble/dai_ws/install/depthai_bridge/lib:/root/ros2_code/humble/dai_ws/install/depthai_ros_msgs/lib:/root/ros2_code/humble/dai_ws/install/pointcloud_to_laserscan/lib:/root/ros2_code/humble/dai_ws/install/depthimage_to_laserscan/lib:/root/ros2_code/humble/dai_ws/install/depthai_ros_driver/lib:/root/ros2_code/humble/dai_ws/install/depthai_filters/lib:/root/dai_ws/install/depthai_ros_driver/lib:/root/dai_ws/install/depthai_filters/lib:/root/dai_ws/install/depthai_bridge/lib:/root/dai_ws/install/depthai_ros_msgs/lib:/root/ros2_code/humble/frc9202/install/yolov8_msgs/lib:/usr/lib/x86_64-linux-gnu/gazebo-11/plugins:/opt/ros/humble/opt/rviz_ogre_vendor/lib:/opt/ros/humble/lib/x86_64-linux-gnu:/opt/ros/humble/lib /usr/bin/cmake --install /root/ros2_code/humble/dai_ws/build/depthai_examples
