[0.437s] Invoking command in '/root/ros2_code/humble/ros_bot/build/husarion_office_gz': CMAKE_PREFIX_PATH=${CMAKE_PREFIX_PATH}:/root/ros2_code/humble/ros_bot/install/tutorial_pkg:/root/ros2_code/humble/ros_bot/install/rosbot_utils:/root/ros2_code/humble/ros_bot/install/rosbot_gazebo:/root/ros2_code/humble/ros_bot/install/rosbot_bringup:/root/ros2_code/humble/ros_bot/install/rosbot_controller:/root/ros2_code/humble/vision/install/path_planner_pkg:/root/ros2_code/humble/vision/install/nav2_api_pkg:/root/ros2_code/humble/vision/install/joystick_pkg:/root/ros2_code/humble/vision/install/cartographer_pkg:/root/ros2_code/humble/nav2class/install/autonomous_tb3:/root/ros2_code/humble/simulations/install/path_planner_server:/root/ros2_code/humble/simulations/install/map_server:/root/ros2_code/humble/simulations/install/localization_server:/opt/ros/humble /usr/bin/cmake --build /root/ros2_code/humble/ros_bot/build/husarion_office_gz -- -j12 -l12
[0.939s] Invoked command in '/root/ros2_code/humble/ros_bot/build/husarion_office_gz' returned '0': CMAKE_PREFIX_PATH=${CMAKE_PREFIX_PATH}:/root/ros2_code/humble/ros_bot/install/tutorial_pkg:/root/ros2_code/humble/ros_bot/install/rosbot_utils:/root/ros2_code/humble/ros_bot/install/rosbot_gazebo:/root/ros2_code/humble/ros_bot/install/rosbot_bringup:/root/ros2_code/humble/ros_bot/install/rosbot_controller:/root/ros2_code/humble/vision/install/path_planner_pkg:/root/ros2_code/humble/vision/install/nav2_api_pkg:/root/ros2_code/humble/vision/install/joystick_pkg:/root/ros2_code/humble/vision/install/cartographer_pkg:/root/ros2_code/humble/nav2class/install/autonomous_tb3:/root/ros2_code/humble/simulations/install/path_planner_server:/root/ros2_code/humble/simulations/install/map_server:/root/ros2_code/humble/simulations/install/localization_server:/opt/ros/humble /usr/bin/cmake --build /root/ros2_code/humble/ros_bot/build/husarion_office_gz -- -j12 -l12
[0.983s] Invoking command in '/root/ros2_code/humble/ros_bot/build/husarion_office_gz': CMAKE_PREFIX_PATH=${CMAKE_PREFIX_PATH}:/root/ros2_code/humble/ros_bot/install/tutorial_pkg:/root/ros2_code/humble/ros_bot/install/rosbot_utils:/root/ros2_code/humble/ros_bot/install/rosbot_gazebo:/root/ros2_code/humble/ros_bot/install/rosbot_bringup:/root/ros2_code/humble/ros_bot/install/rosbot_controller:/root/ros2_code/humble/vision/install/path_planner_pkg:/root/ros2_code/humble/vision/install/nav2_api_pkg:/root/ros2_code/humble/vision/install/joystick_pkg:/root/ros2_code/humble/vision/install/cartographer_pkg:/root/ros2_code/humble/nav2class/install/autonomous_tb3:/root/ros2_code/humble/simulations/install/path_planner_server:/root/ros2_code/humble/simulations/install/map_server:/root/ros2_code/humble/simulations/install/localization_server:/opt/ros/humble /usr/bin/cmake --install /root/ros2_code/humble/ros_bot/build/husarion_office_gz
[0.993s] -- Install configuration: ""
[0.994s] -- Execute custom install script
[0.994s] -- Up-to-date symlink: /root/ros2_code/humble/ros_bot/install/husarion_office_gz/share/husarion_office_gz/husarion_office_world.launch.py
[1.001s] -- Up-to-date symlink: /root/ros2_code/humble/ros_bot/install/husarion_office_gz/share/husarion_office_gz/worlds//empty_with_plugins.sdf
[1.002s] -- Up-to-date symlink: /root/ros2_code/humble/ros_bot/install/husarion_office_gz/share/husarion_office_gz/worlds//husarion_office.world
[1.002s] -- Up-to-date symlink: /root/ros2_code/humble/ros_bot/install/husarion_office_gz/share/husarion_office_gz/worlds//husarion_world.sdf
[1.002s] -- Up-to-date symlink: /root/ros2_code/humble/ros_bot/install/husarion_office_gz/share/husarion_office_gz/worlds//meshes/husarion_world.dae
[1.002s] -- Up-to-date symlink: /root/ros2_code/humble/ros_bot/install/husarion_office_gz/share/husarion_office_gz/worlds//models/AdjTable/meshes/AdjTable.mtl
[1.003s] -- Up-to-date symlink: /root/ros2_code/humble/ros_bot/install/husarion_office_gz/share/husarion_office_gz/worlds//models/AdjTable/meshes/AdjTable.obj
[1.003s] -- Up-to-date symlink: /root/ros2_code/humble/ros_bot/install/husarion_office_gz/share/husarion_office_gz/worlds//models/AdjTable/meshes/AdjTable_Col.mtl
[1.003s] -- Up-to-date symlink: /root/ros2_code/humble/ros_bot/install/husarion_office_gz/share/husarion_office_gz/worlds//models/AdjTable/meshes/AdjTable_Col.obj
[1.003s] -- Up-to-date symlink: /root/ros2_code/humble/ros_bot/install/husarion_office_gz/share/husarion_office_gz/worlds//models/AdjTable/meshes/texture.png
[1.003s] -- Up-to-date symlink: /root/ros2_code/humble/ros_bot/install/husarion_office_gz/share/husarion_office_gz/worlds//models/AdjTable/model.config
[1.004s] -- Up-to-date symlink: /root/ros2_code/humble/ros_bot/install/husarion_office_gz/share/husarion_office_gz/worlds//models/AdjTable/model.sdf
[1.005s] -- Up-to-date symlink: /root/ros2_code/humble/ros_bot/install/husarion_office_gz/share/husarion_office_gz/worlds//models/AdjTable/thumbnails/1.png
[1.005s] -- Up-to-date symlink: /root/ros2_code/humble/ros_bot/install/husarion_office_gz/share/husarion_office_gz/worlds//models/AdjTable/thumbnails/2.png
[1.005s] -- Up-to-date symlink: /root/ros2_code/humble/ros_bot/install/husarion_office_gz/share/husarion_office_gz/worlds//models/AdjTable/thumbnails/3.png
[1.005s] -- Up-to-date symlink: /root/ros2_code/humble/ros_bot/install/husarion_office_gz/share/husarion_office_gz/worlds//models/AdjTable/thumbnails/4.png
[1.005s] -- Up-to-date symlink: /root/ros2_code/humble/ros_bot/install/husarion_office_gz/share/husarion_office_gz/worlds//models/AdjTable/thumbnails/5.png
[1.005s] -- Up-to-date symlink: /root/ros2_code/humble/ros_bot/install/husarion_office_gz/share/husarion_office_gz/worlds//models/BathroomSink/meshes/BathroomSink.mtl
[1.005s] -- Up-to-date symlink: /root/ros2_code/humble/ros_bot/install/husarion_office_gz/share/husarion_office_gz/worlds//models/BathroomSink/meshes/BathroomSink.obj
[1.005s] -- Up-to-date symlink: /root/ros2_code/humble/ros_bot/install/husarion_office_gz/share/husarion_office_gz/worlds//models/BathroomSink/meshes/BathroomSink_Col.mtl
[1.006s] -- Up-to-date symlink: /root/ros2_code/humble/ros_bot/install/husarion_office_gz/share/husarion_office_gz/worlds//models/BathroomSink/meshes/BathroomSink_Col.obj
[1.006s] -- Up-to-date symlink: /root/ros2_code/humble/ros_bot/install/husarion_office_gz/share/husarion_office_gz/worlds//models/BathroomSink/meshes/BathroomSink_Diffuse.png
[1.006s] -- Up-to-date symlink: /root/ros2_code/humble/ros_bot/install/husarion_office_gz/share/husarion_office_gz/worlds//models/BathroomSink/meshes/BathroomSink_Metal.png
[1.006s] -- Up-to-date symlink: /root/ros2_code/humble/ros_bot/install/husarion_office_gz/share/husarion_office_gz/worlds//models/BathroomSink/meshes/BathroomSink_Rough.png
[1.006s] -- Up-to-date symlink: /root/ros2_code/humble/ros_bot/install/husarion_office_gz/share/husarion_office_gz/worlds//models/BathroomSink/model.config
[1.007s] -- Up-to-date symlink: /root/ros2_code/humble/ros_bot/install/husarion_office_gz/share/husarion_office_gz/worlds//models/BathroomSink/model.sdf
[1.007s] -- Up-to-date symlink: /root/ros2_code/humble/ros_bot/install/husarion_office_gz/share/husarion_office_gz/worlds//models/BathroomSink/thumbnails/1.png
[1.007s] -- Up-to-date symlink: /root/ros2_code/humble/ros_bot/install/husarion_office_gz/share/husarion_office_gz/worlds//models/BathroomSink/thumbnails/2.png
[1.007s] -- Up-to-date symlink: /root/ros2_code/humble/ros_bot/install/husarion_office_gz/share/husarion_office_gz/worlds//models/BathroomSink/thumbnails/3.png
[1.007s] -- Up-to-date symlink: /root/ros2_code/humble/ros_bot/install/husarion_office_gz/share/husarion_office_gz/worlds//models/BathroomSink/thumbnails/4.png
[1.008s] -- Up-to-date symlink: /root/ros2_code/humble/ros_bot/install/husarion_office_gz/share/husarion_office_gz/worlds//models/BathroomSink/thumbnails/5.png
[1.008s] -- Up-to-date symlink: /root/ros2_code/humble/ros_bot/install/husarion_office_gz/share/husarion_office_gz/worlds//models/CoffeeTable/meshes/CoffeeTable.mtl
[1.008s] -- Up-to-date symlink: /root/ros2_code/humble/ros_bot/install/husarion_office_gz/share/husarion_office_gz/worlds//models/CoffeeTable/meshes/CoffeeTable.obj
[1.008s] -- Up-to-date symlink: /root/ros2_code/humble/ros_bot/install/husarion_office_gz/share/husarion_office_gz/worlds//models/CoffeeTable/meshes/CoffeeTable_Diffuse.png
[1.008s] -- Up-to-date symlink: /root/ros2_code/humble/ros_bot/install/husarion_office_gz/share/husarion_office_gz/worlds//models/CoffeeTable/meshes/CoffeeTable_Normal.png
[1.009s] -- Up-to-date symlink: /root/ros2_code/humble/ros_bot/install/husarion_office_gz/share/husarion_office_gz/worlds//models/CoffeeTable/meshes/CoffeeTable_SpecGloss.png
[1.009s] -- Up-to-date symlink: /root/ros2_code/humble/ros_bot/install/husarion_office_gz/share/husarion_office_gz/worlds//models/CoffeeTable/model.config
[1.009s] -- Up-to-date symlink: /root/ros2_code/humble/ros_bot/install/husarion_office_gz/share/husarion_office_gz/worlds//models/CoffeeTable/model.sdf
[1.009s] -- Up-to-date symlink: /root/ros2_code/humble/ros_bot/install/husarion_office_gz/share/husarion_office_gz/worlds//models/CoffeeTable/thumbnails/1.png
[1.009s] -- Up-to-date symlink: /root/ros2_code/humble/ros_bot/install/husarion_office_gz/share/husarion_office_gz/worlds//models/CoffeeTable/thumbnails/2.png
[1.010s] -- Up-to-date symlink: /root/ros2_code/humble/ros_bot/install/husarion_office_gz/share/husarion_office_gz/worlds//models/CoffeeTable/thumbnails/3.png
[1.010s] -- Up-to-date symlink: /root/ros2_code/humble/ros_bot/install/husarion_office_gz/share/husarion_office_gz/worlds//models/CoffeeTable/thumbnails/4.png
[1.010s] -- Up-to-date symlink: /root/ros2_code/humble/ros_bot/install/husarion_office_gz/share/husarion_office_gz/worlds//models/CoffeeTable/thumbnails/5.png
[1.010s] -- Up-to-date symlink: /root/ros2_code/humble/ros_bot/install/husarion_office_gz/share/husarion_office_gz/worlds//models/ConfTable/meshes/ConfTable2.stl
[1.011s] -- Up-to-date symlink: /root/ros2_code/humble/ros_bot/install/husarion_office_gz/share/husarion_office_gz/worlds//models/ConfTable/model.config
[1.011s] -- Up-to-date symlink: /root/ros2_code/humble/ros_bot/install/husarion_office_gz/share/husarion_office_gz/worlds//models/ConfTable/model.sdf
[1.011s] -- Up-to-date symlink: /root/ros2_code/humble/ros_bot/install/husarion_office_gz/share/husarion_office_gz/worlds//models/DeskChair/materials/textures/DeskChair.png
[1.011s] -- Up-to-date symlink: /root/ros2_code/humble/ros_bot/install/husarion_office_gz/share/husarion_office_gz/worlds//models/DeskChair/meshes/DeskChair.mtl
[1.011s] -- Up-to-date symlink: /root/ros2_code/humble/ros_bot/install/husarion_office_gz/share/husarion_office_gz/worlds//models/DeskChair/meshes/DeskChair.obj
[1.012s] -- Up-to-date symlink: /root/ros2_code/humble/ros_bot/install/husarion_office_gz/share/husarion_office_gz/worlds//models/DeskChair/model.config
[1.012s] -- Up-to-date symlink: /root/ros2_code/humble/ros_bot/install/husarion_office_gz/share/husarion_office_gz/worlds//models/DeskChair/model.sdf
[1.012s] -- Up-to-date symlink: /root/ros2_code/humble/ros_bot/install/husarion_office_gz/share/husarion_office_gz/worlds//models/DeskChair/thumbnails/1.png
[1.012s] -- Up-to-date symlink: /root/ros2_code/humble/ros_bot/install/husarion_office_gz/share/husarion_office_gz/worlds//models/DeskChair/thumbnails/2.png
[1.013s] -- Up-to-date symlink: /root/ros2_code/humble/ros_bot/install/husarion_office_gz/share/husarion_office_gz/worlds//models/DeskChair/thumbnails/3.png
[1.013s] -- Up-to-date symlink: /root/ros2_code/humble/ros_bot/install/husarion_office_gz/share/husarion_office_gz/worlds//models/DeskChair/thumbnails/4.png
[1.013s] -- Up-to-date symlink: /root/ros2_code/humble/ros_bot/install/husarion_office_gz/share/husarion_office_gz/worlds//models/DeskChair/thumbnails/5.png
[1.013s] -- Up-to-date symlink: /root/ros2_code/humble/ros_bot/install/husarion_office_gz/share/husarion_office_gz/worlds//models/Door/meshes/door.stl
[1.013s] -- Up-to-date symlink: /root/ros2_code/humble/ros_bot/install/husarion_office_gz/share/husarion_office_gz/worlds//models/Door/model.config
[1.014s] -- Up-to-date symlink: /root/ros2_code/humble/ros_bot/install/husarion_office_gz/share/husarion_office_gz/worlds//models/Door/model.sdf
[1.014s] -- Up-to-date symlink: /root/ros2_code/humble/ros_bot/install/husarion_office_gz/share/husarion_office_gz/worlds//models/Drawer/meshes/Drawer.mtl
[1.015s] -- Up-to-date symlink: /root/ros2_code/humble/ros_bot/install/husarion_office_gz/share/husarion_office_gz/worlds//models/Drawer/meshes/Drawer.obj
[1.015s] -- Up-to-date symlink: /root/ros2_code/humble/ros_bot/install/husarion_office_gz/share/husarion_office_gz/worlds//models/Drawer/meshes/Drawer.png
[1.015s] -- Up-to-date symlink: /root/ros2_code/humble/ros_bot/install/husarion_office_gz/share/husarion_office_gz/worlds//models/Drawer/meshes/Drawer_Col.obj
[1.016s] -- Up-to-date symlink: /root/ros2_code/humble/ros_bot/install/husarion_office_gz/share/husarion_office_gz/worlds//models/Drawer/model.config
[1.019s] -- Up-to-date symlink: /root/ros2_code/humble/ros_bot/install/husarion_office_gz/share/husarion_office_gz/worlds//models/Drawer/model.sdf
[1.021s] -- Up-to-date symlink: /root/ros2_code/humble/ros_bot/install/husarion_office_gz/share/husarion_office_gz/worlds//models/Drawer/thumbnails/1.png
[1.021s] -- Up-to-date symlink: /root/ros2_code/humble/ros_bot/install/husarion_office_gz/share/husarion_office_gz/worlds//models/Drawer/thumbnails/2.png
[1.021s] -- Up-to-date symlink: /root/ros2_code/humble/ros_bot/install/husarion_office_gz/share/husarion_office_gz/worlds//models/Drawer/thumbnails/3.png
[1.021s] -- Up-to-date symlink: /root/ros2_code/humble/ros_bot/install/husarion_office_gz/share/husarion_office_gz/worlds//models/Drawer/thumbnails/4.png
[1.025s] -- Up-to-date symlink: /root/ros2_code/humble/ros_bot/install/husarion_office_gz/share/husarion_office_gz/worlds//models/Drawer/thumbnails/5.png
[1.026s] -- Up-to-date symlink: /root/ros2_code/humble/ros_bot/install/husarion_office_gz/share/husarion_office_gz/worlds//models/Fridge/meshes/Fridge.mtl
[1.026s] -- Up-to-date symlink: /root/ros2_code/humble/ros_bot/install/husarion_office_gz/share/husarion_office_gz/worlds//models/Fridge/meshes/Fridge.obj
[1.027s] -- Up-to-date symlink: /root/ros2_code/humble/ros_bot/install/husarion_office_gz/share/husarion_office_gz/worlds//models/Fridge/meshes/Fridge_Col.mtl
[1.027s] -- Up-to-date symlink: /root/ros2_code/humble/ros_bot/install/husarion_office_gz/share/husarion_office_gz/worlds//models/Fridge/meshes/Fridge_Col.obj
[1.027s] -- Up-to-date symlink: /root/ros2_code/humble/ros_bot/install/husarion_office_gz/share/husarion_office_gz/worlds//models/Fridge/meshes/Fridge_Diffuse.png
[1.028s] -- Up-to-date symlink: /root/ros2_code/humble/ros_bot/install/husarion_office_gz/share/husarion_office_gz/worlds//models/Fridge/model.config
[1.028s] -- Up-to-date symlink: /root/ros2_code/humble/ros_bot/install/husarion_office_gz/share/husarion_office_gz/worlds//models/Fridge/model.sdf
[1.028s] -- Up-to-date symlink: /root/ros2_code/humble/ros_bot/install/husarion_office_gz/share/husarion_office_gz/worlds//models/Fridge/thumbnails/1.png
[1.028s] -- Up-to-date symlink: /root/ros2_code/humble/ros_bot/install/husarion_office_gz/share/husarion_office_gz/worlds//models/Fridge/thumbnails/2.png
[1.028s] -- Up-to-date symlink: /root/ros2_code/humble/ros_bot/install/husarion_office_gz/share/husarion_office_gz/worlds//models/Fridge/thumbnails/3.png
[1.028s] -- Up-to-date symlink: /root/ros2_code/humble/ros_bot/install/husarion_office_gz/share/husarion_office_gz/worlds//models/Fridge/thumbnails/4.png
[1.028s] -- Up-to-date symlink: /root/ros2_code/humble/ros_bot/install/husarion_office_gz/share/husarion_office_gz/worlds//models/Fridge/thumbnails/5.png
[1.028s] -- Up-to-date symlink: /root/ros2_code/humble/ros_bot/install/husarion_office_gz/share/husarion_office_gz/worlds//models/Kitchen/meshes/kitchen.stl
[1.028s] -- Up-to-date symlink: /root/ros2_code/humble/ros_bot/install/husarion_office_gz/share/husarion_office_gz/worlds//models/Kitchen/model.config
[1.029s] -- Up-to-date symlink: /root/ros2_code/humble/ros_bot/install/husarion_office_gz/share/husarion_office_gz/worlds//models/Kitchen/model.sdf
[1.033s] -- Up-to-date symlink: /root/ros2_code/humble/ros_bot/install/husarion_office_gz/share/husarion_office_gz/worlds//models/Laptop/meshes/laptop.stl
[1.033s] -- Up-to-date symlink: /root/ros2_code/humble/ros_bot/install/husarion_office_gz/share/husarion_office_gz/worlds//models/Laptop/model.config
[1.033s] -- Up-to-date symlink: /root/ros2_code/humble/ros_bot/install/husarion_office_gz/share/husarion_office_gz/worlds//models/Laptop/model.sdf
[1.033s] -- Up-to-date symlink: /root/ros2_code/humble/ros_bot/install/husarion_office_gz/share/husarion_office_gz/worlds//models/MopCart2/meshes/BigRed.png
[1.033s] -- Up-to-date symlink: /root/ros2_code/humble/ros_bot/install/husarion_office_gz/share/husarion_office_gz/worlds//models/MopCart2/meshes/Blue.png
[1.033s] -- Up-to-date symlink: /root/ros2_code/humble/ros_bot/install/husarion_office_gz/share/husarion_office_gz/worlds//models/MopCart2/meshes/Broom.png
[1.034s] -- Up-to-date symlink: /root/ros2_code/humble/ros_bot/install/husarion_office_gz/share/husarion_office_gz/worlds//models/MopCart2/meshes/Cart2.png
[1.034s] -- Up-to-date symlink: /root/ros2_code/humble/ros_bot/install/husarion_office_gz/share/husarion_office_gz/worlds//models/MopCart2/meshes/Cloth.png
[1.034s] -- Up-to-date symlink: /root/ros2_code/humble/ros_bot/install/husarion_office_gz/share/husarion_office_gz/worlds//models/MopCart2/meshes/Duster.png
[1.034s] -- Up-to-date symlink: /root/ros2_code/humble/ros_bot/install/husarion_office_gz/share/husarion_office_gz/worlds//models/MopCart2/meshes/Mop.png
[1.034s] -- Up-to-date symlink: /root/ros2_code/humble/ros_bot/install/husarion_office_gz/share/husarion_office_gz/worlds//models/MopCart2/meshes/MopCart2.mtl
[1.034s] -- Up-to-date symlink: /root/ros2_code/humble/ros_bot/install/husarion_office_gz/share/husarion_office_gz/worlds//models/MopCart2/meshes/MopCart2.obj
[1.034s] -- Up-to-date symlink: /root/ros2_code/humble/ros_bot/install/husarion_office_gz/share/husarion_office_gz/worlds//models/MopCart2/meshes/Tongs.png
[1.034s] -- Up-to-date symlink: /root/ros2_code/humble/ros_bot/install/husarion_office_gz/share/husarion_office_gz/worlds//models/MopCart2/model.config
[1.034s] -- Up-to-date symlink: /root/ros2_code/humble/ros_bot/install/husarion_office_gz/share/husarion_office_gz/worlds//models/MopCart2/model.sdf
[1.034s] -- Up-to-date symlink: /root/ros2_code/humble/ros_bot/install/husarion_office_gz/share/husarion_office_gz/worlds//models/MopCart2/thumbnails/1.png
[1.034s] -- Up-to-date symlink: /root/ros2_code/humble/ros_bot/install/husarion_office_gz/share/husarion_office_gz/worlds//models/MopCart2/thumbnails/2.png
[1.035s] -- Up-to-date symlink: /root/ros2_code/humble/ros_bot/install/husarion_office_gz/share/husarion_office_gz/worlds//models/MopCart2/thumbnails/3.png
[1.035s] -- Up-to-date symlink: /root/ros2_code/humble/ros_bot/install/husarion_office_gz/share/husarion_office_gz/worlds//models/MopCart2/thumbnails/4.png
[1.035s] -- Up-to-date symlink: /root/ros2_code/humble/ros_bot/install/husarion_office_gz/share/husarion_office_gz/worlds//models/MopCart2/thumbnails/5.png
[1.035s] -- Up-to-date symlink: /root/ros2_code/humble/ros_bot/install/husarion_office_gz/share/husarion_office_gz/worlds//models/MopCart3/meshes/Blue.png
[1.035s] -- Up-to-date symlink: /root/ros2_code/humble/ros_bot/install/husarion_office_gz/share/husarion_office_gz/worlds//models/MopCart3/meshes/Cart.png
[1.036s] -- Up-to-date symlink: /root/ros2_code/humble/ros_bot/install/husarion_office_gz/share/husarion_office_gz/worlds//models/MopCart3/meshes/Cloth.png
[1.037s] -- Up-to-date symlink: /root/ros2_code/humble/ros_bot/install/husarion_office_gz/share/husarion_office_gz/worlds//models/MopCart3/meshes/Duster.png
[1.037s] -- Up-to-date symlink: /root/ros2_code/humble/ros_bot/install/husarion_office_gz/share/husarion_office_gz/worlds//models/MopCart3/meshes/Glove.png
[1.037s] -- Up-to-date symlink: /root/ros2_code/humble/ros_bot/install/husarion_office_gz/share/husarion_office_gz/worlds//models/MopCart3/meshes/Mop.png
[1.038s] -- Up-to-date symlink: /root/ros2_code/humble/ros_bot/install/husarion_office_gz/share/husarion_office_gz/worlds//models/MopCart3/meshes/MopCart3.mtl
[1.038s] -- Up-to-date symlink: /root/ros2_code/humble/ros_bot/install/husarion_office_gz/share/husarion_office_gz/worlds//models/MopCart3/meshes/MopCart3.obj
[1.039s] -- Up-to-date symlink: /root/ros2_code/humble/ros_bot/install/husarion_office_gz/share/husarion_office_gz/worlds//models/MopCart3/meshes/Parcel.png
[1.039s] -- Up-to-date symlink: /root/ros2_code/humble/ros_bot/install/husarion_office_gz/share/husarion_office_gz/worlds//models/MopCart3/meshes/Plastic.png
[1.039s] -- Up-to-date symlink: /root/ros2_code/humble/ros_bot/install/husarion_office_gz/share/husarion_office_gz/worlds//models/MopCart3/meshes/Red.png
[1.039s] -- Up-to-date symlink: /root/ros2_code/humble/ros_bot/install/husarion_office_gz/share/husarion_office_gz/worlds//models/MopCart3/meshes/Sign.png
[1.039s] -- Up-to-date symlink: /root/ros2_code/humble/ros_bot/install/husarion_office_gz/share/husarion_office_gz/worlds//models/MopCart3/meshes/Spray.png
[1.040s] -- Up-to-date symlink: /root/ros2_code/humble/ros_bot/install/husarion_office_gz/share/husarion_office_gz/worlds//models/MopCart3/model.config
[1.040s] -- Up-to-date symlink: /root/ros2_code/humble/ros_bot/install/husarion_office_gz/share/husarion_office_gz/worlds//models/MopCart3/model.sdf
[1.041s] -- Up-to-date symlink: /root/ros2_code/humble/ros_bot/install/husarion_office_gz/share/husarion_office_gz/worlds//models/MopCart3/thumbnails/1.png
[1.041s] -- Up-to-date symlink: /root/ros2_code/humble/ros_bot/install/husarion_office_gz/share/husarion_office_gz/worlds//models/MopCart3/thumbnails/2.png
[1.041s] -- Up-to-date symlink: /root/ros2_code/humble/ros_bot/install/husarion_office_gz/share/husarion_office_gz/worlds//models/MopCart3/thumbnails/3.png
[1.041s] -- Up-to-date symlink: /root/ros2_code/humble/ros_bot/install/husarion_office_gz/share/husarion_office_gz/worlds//models/MopCart3/thumbnails/4.png
[1.041s] -- Up-to-date symlink: /root/ros2_code/humble/ros_bot/install/husarion_office_gz/share/husarion_office_gz/worlds//models/MopCart3/thumbnails/5.png
[1.041s] -- Up-to-date symlink: /root/ros2_code/humble/ros_bot/install/husarion_office_gz/share/husarion_office_gz/worlds//models/MopCart4/meshes/Cart.png
[1.041s] -- Up-to-date symlink: /root/ros2_code/humble/ros_bot/install/husarion_office_gz/share/husarion_office_gz/worlds//models/MopCart4/meshes/MopCart4.mtl
[1.041s] -- Up-to-date symlink: /root/ros2_code/humble/ros_bot/install/husarion_office_gz/share/husarion_office_gz/worlds//models/MopCart4/meshes/MopCart4.obj
[1.041s] -- Up-to-date symlink: /root/ros2_code/humble/ros_bot/install/husarion_office_gz/share/husarion_office_gz/worlds//models/MopCart4/meshes/blue.png
[1.042s] -- Up-to-date symlink: /root/ros2_code/humble/ros_bot/install/husarion_office_gz/share/husarion_office_gz/worlds//models/MopCart4/meshes/red.png
[1.042s] -- Up-to-date symlink: /root/ros2_code/humble/ros_bot/install/husarion_office_gz/share/husarion_office_gz/worlds//models/MopCart4/model.config
[1.042s] -- Up-to-date symlink: /root/ros2_code/humble/ros_bot/install/husarion_office_gz/share/husarion_office_gz/worlds//models/MopCart4/model.sdf
[1.044s] -- Up-to-date symlink: /root/ros2_code/humble/ros_bot/install/husarion_office_gz/share/husarion_office_gz/worlds//models/MopCart4/thumbnails/1.png
[1.044s] -- Up-to-date symlink: /root/ros2_code/humble/ros_bot/install/husarion_office_gz/share/husarion_office_gz/worlds//models/MopCart4/thumbnails/2.png
[1.045s] -- Up-to-date symlink: /root/ros2_code/humble/ros_bot/install/husarion_office_gz/share/husarion_office_gz/worlds//models/MopCart4/thumbnails/3.png
[1.045s] -- Up-to-date symlink: /root/ros2_code/humble/ros_bot/install/husarion_office_gz/share/husarion_office_gz/worlds//models/MopCart4/thumbnails/4.png
[1.045s] -- Up-to-date symlink: /root/ros2_code/humble/ros_bot/install/husarion_office_gz/share/husarion_office_gz/worlds//models/MopCart4/thumbnails/5.png
[1.045s] -- Up-to-date symlink: /root/ros2_code/humble/ros_bot/install/husarion_office_gz/share/husarion_office_gz/worlds//models/OfficeChairBlack/meshes/OfficeChairBlack.mtl
[1.045s] -- Up-to-date symlink: /root/ros2_code/humble/ros_bot/install/husarion_office_gz/share/husarion_office_gz/worlds//models/OfficeChairBlack/meshes/OfficeChairBlack.obj
[1.047s] -- Up-to-date symlink: /root/ros2_code/humble/ros_bot/install/husarion_office_gz/share/husarion_office_gz/worlds//models/OfficeChairBlack/meshes/OfficeChairBlack.png
[1.048s] -- Up-to-date symlink: /root/ros2_code/humble/ros_bot/install/husarion_office_gz/share/husarion_office_gz/worlds//models/OfficeChairBlack/meshes/OfficeChairBlack_Col.mtl
[1.048s] -- Up-to-date symlink: /root/ros2_code/humble/ros_bot/install/husarion_office_gz/share/husarion_office_gz/worlds//models/OfficeChairBlack/meshes/OfficeChairBlack_Col.obj
[1.048s] -- Up-to-date symlink: /root/ros2_code/humble/ros_bot/install/husarion_office_gz/share/husarion_office_gz/worlds//models/OfficeChairBlack/model.config
[1.048s] -- Up-to-date symlink: /root/ros2_code/humble/ros_bot/install/husarion_office_gz/share/husarion_office_gz/worlds//models/OfficeChairBlack/model.sdf
[1.049s] -- Up-to-date symlink: /root/ros2_code/humble/ros_bot/install/husarion_office_gz/share/husarion_office_gz/worlds//models/OfficeChairBlack/thumbnails/1.png
[1.049s] -- Up-to-date symlink: /root/ros2_code/humble/ros_bot/install/husarion_office_gz/share/husarion_office_gz/worlds//models/OfficeChairBlack/thumbnails/2.png
[1.049s] -- Up-to-date symlink: /root/ros2_code/humble/ros_bot/install/husarion_office_gz/share/husarion_office_gz/worlds//models/OfficeChairBlack/thumbnails/3.png
[1.049s] -- Up-to-date symlink: /root/ros2_code/humble/ros_bot/install/husarion_office_gz/share/husarion_office_gz/worlds//models/OfficeChairBlack/thumbnails/4.png
[1.050s] -- Up-to-date symlink: /root/ros2_code/humble/ros_bot/install/husarion_office_gz/share/husarion_office_gz/worlds//models/OfficeChairBlack/thumbnails/5.png
[1.050s] -- Up-to-date symlink: /root/ros2_code/humble/ros_bot/install/husarion_office_gz/share/husarion_office_gz/worlds//models/OfficeChairBlack/thumbnails/meta/1.png
[1.050s] -- Up-to-date symlink: /root/ros2_code/humble/ros_bot/install/husarion_office_gz/share/husarion_office_gz/worlds//models/OfficeChairBlack/thumbnails/meta/2.png
[1.050s] -- Up-to-date symlink: /root/ros2_code/humble/ros_bot/install/husarion_office_gz/share/husarion_office_gz/worlds//models/OfficeChairBlack/thumbnails/meta/3.png
[1.050s] -- Up-to-date symlink: /root/ros2_code/humble/ros_bot/install/husarion_office_gz/share/husarion_office_gz/worlds//models/OfficeChairBlack/thumbnails/meta/4.png
[1.050s] -- Up-to-date symlink: /root/ros2_code/humble/ros_bot/install/husarion_office_gz/share/husarion_office_gz/worlds//models/OfficeChairBlack/thumbnails/meta/5.png
[1.050s] -- Up-to-date symlink: /root/ros2_code/humble/ros_bot/install/husarion_office_gz/share/husarion_office_gz/worlds//models/SquareShelf/meshes/SquareShelf.mtl
[1.050s] -- Up-to-date symlink: /root/ros2_code/humble/ros_bot/install/husarion_office_gz/share/husarion_office_gz/worlds//models/SquareShelf/meshes/SquareShelf.obj
[1.050s] -- Up-to-date symlink: /root/ros2_code/humble/ros_bot/install/husarion_office_gz/share/husarion_office_gz/worlds//models/SquareShelf/meshes/SquareShelf_Col.mtl
[1.050s] -- Up-to-date symlink: /root/ros2_code/humble/ros_bot/install/husarion_office_gz/share/husarion_office_gz/worlds//models/SquareShelf/meshes/SquareShelf_Col.obj
[1.050s] -- Up-to-date symlink: /root/ros2_code/humble/ros_bot/install/husarion_office_gz/share/husarion_office_gz/worlds//models/SquareShelf/meshes/SquareShelf_Diffuse.png
[1.051s] -- Up-to-date symlink: /root/ros2_code/humble/ros_bot/install/husarion_office_gz/share/husarion_office_gz/worlds//models/SquareShelf/model.config
[1.051s] -- Up-to-date symlink: /root/ros2_code/humble/ros_bot/install/husarion_office_gz/share/husarion_office_gz/worlds//models/SquareShelf/model.sdf
[1.051s] -- Up-to-date symlink: /root/ros2_code/humble/ros_bot/install/husarion_office_gz/share/husarion_office_gz/worlds//models/SquareShelf/thumbnails/1.png
[1.051s] -- Up-to-date symlink: /root/ros2_code/humble/ros_bot/install/husarion_office_gz/share/husarion_office_gz/worlds//models/SquareShelf/thumbnails/2.png
[1.051s] -- Up-to-date symlink: /root/ros2_code/humble/ros_bot/install/husarion_office_gz/share/husarion_office_gz/worlds//models/SquareShelf/thumbnails/3.png
[1.051s] -- Up-to-date symlink: /root/ros2_code/humble/ros_bot/install/husarion_office_gz/share/husarion_office_gz/worlds//models/SquareShelf/thumbnails/4.png
[1.051s] -- Up-to-date symlink: /root/ros2_code/humble/ros_bot/install/husarion_office_gz/share/husarion_office_gz/worlds//models/SquareShelf/thumbnails/5.png
[1.052s] -- Up-to-date symlink: /root/ros2_code/humble/ros_bot/install/husarion_office_gz/share/husarion_office_gz/worlds//models/Stairs/model.config
[1.052s] -- Up-to-date symlink: /root/ros2_code/humble/ros_bot/install/husarion_office_gz/share/husarion_office_gz/worlds//models/Stairs/model.sdf
[1.052s] -- Up-to-date symlink: /root/ros2_code/humble/ros_bot/install/husarion_office_gz/share/husarion_office_gz/worlds//models/Table/Table_Diffuse.jpg
[1.052s] -- Up-to-date symlink: /root/ros2_code/humble/ros_bot/install/husarion_office_gz/share/husarion_office_gz/worlds//models/Table/model-1_2.sdf
[1.052s] -- Up-to-date symlink: /root/ros2_code/humble/ros_bot/install/husarion_office_gz/share/husarion_office_gz/worlds//models/Table/model-1_3.sdf
[1.052s] -- Up-to-date symlink: /root/ros2_code/humble/ros_bot/install/husarion_office_gz/share/husarion_office_gz/worlds//models/Table/model-1_4.sdf
[1.053s] -- Up-to-date symlink: /root/ros2_code/humble/ros_bot/install/husarion_office_gz/share/husarion_office_gz/worlds//models/Table/model.config
[1.053s] -- Up-to-date symlink: /root/ros2_code/humble/ros_bot/install/husarion_office_gz/share/husarion_office_gz/worlds//models/Table/model.sdf
[1.053s] -- Up-to-date symlink: /root/ros2_code/humble/ros_bot/install/husarion_office_gz/share/husarion_office_gz/worlds//models/Table/thumbnails/1.png
[1.053s] -- Up-to-date symlink: /root/ros2_code/humble/ros_bot/install/husarion_office_gz/share/husarion_office_gz/worlds//models/Table/thumbnails/2.png
[1.054s] -- Up-to-date symlink: /root/ros2_code/humble/ros_bot/install/husarion_office_gz/share/husarion_office_gz/worlds//models/Table/thumbnails/3.png
[1.054s] -- Up-to-date symlink: /root/ros2_code/humble/ros_bot/install/husarion_office_gz/share/husarion_office_gz/worlds//models/Table/thumbnails/4.png
[1.054s] -- Up-to-date symlink: /root/ros2_code/humble/ros_bot/install/husarion_office_gz/share/husarion_office_gz/worlds//models/Table/thumbnails/5.png
[1.054s] -- Up-to-date symlink: /root/ros2_code/humble/ros_bot/install/husarion_office_gz/share/husarion_office_gz/worlds//models/Toilet/meshes/toilet.mtl
[1.054s] -- Up-to-date symlink: /root/ros2_code/humble/ros_bot/install/husarion_office_gz/share/husarion_office_gz/worlds//models/Toilet/meshes/toilet.obj
[1.054s] -- Up-to-date symlink: /root/ros2_code/humble/ros_bot/install/husarion_office_gz/share/husarion_office_gz/worlds//models/Toilet/model.config
[1.055s] -- Up-to-date symlink: /root/ros2_code/humble/ros_bot/install/husarion_office_gz/share/husarion_office_gz/worlds//models/Toilet/model.sdf
[1.055s] -- Up-to-date symlink: /root/ros2_code/humble/ros_bot/install/husarion_office_gz/share/husarion_office_gz/worlds//models/Toilet/thumbnails/1.png
[1.055s] -- Up-to-date symlink: /root/ros2_code/humble/ros_bot/install/husarion_office_gz/share/husarion_office_gz/worlds//models/Toilet/thumbnails/2.png
[1.055s] -- Up-to-date symlink: /root/ros2_code/humble/ros_bot/install/husarion_office_gz/share/husarion_office_gz/worlds//models/Toilet/thumbnails/3.png
[1.055s] -- Up-to-date symlink: /root/ros2_code/humble/ros_bot/install/husarion_office_gz/share/husarion_office_gz/worlds//models/Toilet/thumbnails/4.png
[1.055s] -- Up-to-date symlink: /root/ros2_code/humble/ros_bot/install/husarion_office_gz/share/husarion_office_gz/worlds//models/Toilet/thumbnails/5.png
[1.056s] -- Up-to-date symlink: /root/ros2_code/humble/ros_bot/install/husarion_office_gz/share/husarion_office_gz/worlds//models/TrashBin/meshes/TrashBin.mtl
[1.056s] -- Up-to-date symlink: /root/ros2_code/humble/ros_bot/install/husarion_office_gz/share/husarion_office_gz/worlds//models/TrashBin/meshes/TrashBin.obj
[1.056s] -- Up-to-date symlink: /root/ros2_code/humble/ros_bot/install/husarion_office_gz/share/husarion_office_gz/worlds//models/TrashBin/meshes/TrashBin_Diffuse.png
[1.056s] -- Up-to-date symlink: /root/ros2_code/humble/ros_bot/install/husarion_office_gz/share/husarion_office_gz/worlds//models/TrashBin/model.config
[1.056s] -- Up-to-date symlink: /root/ros2_code/humble/ros_bot/install/husarion_office_gz/share/husarion_office_gz/worlds//models/TrashBin/model.sdf
[1.057s] -- Up-to-date symlink: /root/ros2_code/humble/ros_bot/install/husarion_office_gz/share/husarion_office_gz/worlds//models/TrashBin/thumbnails/1.png
[1.057s] -- Up-to-date symlink: /root/ros2_code/humble/ros_bot/install/husarion_office_gz/share/husarion_office_gz/worlds//models/TrashBin/thumbnails/2.png
[1.057s] -- Up-to-date symlink: /root/ros2_code/humble/ros_bot/install/husarion_office_gz/share/husarion_office_gz/worlds//models/TrashBin/thumbnails/3.png
[1.057s] -- Up-to-date symlink: /root/ros2_code/humble/ros_bot/install/husarion_office_gz/share/husarion_office_gz/worlds//models/TrashBin/thumbnails/4.png
[1.057s] -- Up-to-date symlink: /root/ros2_code/humble/ros_bot/install/husarion_office_gz/share/husarion_office_gz/worlds//models/TrashBin/thumbnails/5.png
[1.058s] -- Up-to-date symlink: /root/ros2_code/humble/ros_bot/install/husarion_office_gz/share/husarion_office_gz/worlds//models/Tv/meshes/tv.stl
[1.058s] -- Up-to-date symlink: /root/ros2_code/humble/ros_bot/install/husarion_office_gz/share/husarion_office_gz/worlds//models/Tv/model.config
[1.059s] -- Up-to-date symlink: /root/ros2_code/humble/ros_bot/install/husarion_office_gz/share/husarion_office_gz/worlds//models/Tv/model.sdf
[1.060s] -- Up-to-date symlink: /root/ros2_code/humble/ros_bot/install/husarion_office_gz/share/husarion_office_gz/worlds//models/WaterDispenser/meshes/WaterDispenser.dae
[1.060s] -- Up-to-date symlink: /root/ros2_code/humble/ros_bot/install/husarion_office_gz/share/husarion_office_gz/worlds//models/WaterDispenser/model.config
[1.060s] -- Up-to-date symlink: /root/ros2_code/humble/ros_bot/install/husarion_office_gz/share/husarion_office_gz/worlds//models/WaterDispenser/model.sdf
[1.060s] -- Up-to-date symlink: /root/ros2_code/humble/ros_bot/install/husarion_office_gz/share/husarion_office_gz/worlds//models/WhiteCabinet/meshes/WhiteCabinet.mtl
[1.061s] -- Up-to-date symlink: /root/ros2_code/humble/ros_bot/install/husarion_office_gz/share/husarion_office_gz/worlds//models/WhiteCabinet/meshes/WhiteCabinet.obj
[1.061s] -- Up-to-date symlink: /root/ros2_code/humble/ros_bot/install/husarion_office_gz/share/husarion_office_gz/worlds//models/WhiteCabinet/meshes/WhiteCabinet.png
[1.062s] -- Up-to-date symlink: /root/ros2_code/humble/ros_bot/install/husarion_office_gz/share/husarion_office_gz/worlds//models/WhiteCabinet/model.config
[1.062s] -- Up-to-date symlink: /root/ros2_code/humble/ros_bot/install/husarion_office_gz/share/husarion_office_gz/worlds//models/WhiteCabinet/model.sdf
[1.062s] -- Up-to-date symlink: /root/ros2_code/humble/ros_bot/install/husarion_office_gz/share/husarion_office_gz/worlds//models/WhiteCabinet/thumbnails/1.png
[1.063s] -- Up-to-date symlink: /root/ros2_code/humble/ros_bot/install/husarion_office_gz/share/husarion_office_gz/worlds//models/WhiteCabinet/thumbnails/2.png
[1.063s] -- Up-to-date symlink: /root/ros2_code/humble/ros_bot/install/husarion_office_gz/share/husarion_office_gz/worlds//models/WhiteCabinet/thumbnails/3.png
[1.063s] -- Up-to-date symlink: /root/ros2_code/humble/ros_bot/install/husarion_office_gz/share/husarion_office_gz/worlds//models/WhiteCabinet/thumbnails/4.png
[1.064s] -- Up-to-date symlink: /root/ros2_code/humble/ros_bot/install/husarion_office_gz/share/husarion_office_gz/worlds//models/WhiteCabinet/thumbnails/5.png
[1.064s] -- Up-to-date symlink: /root/ros2_code/humble/ros_bot/install/husarion_office_gz/share/husarion_office_gz/worlds//models/WoodenChair/meshes/WoodenChair.mtl
[1.064s] -- Up-to-date symlink: /root/ros2_code/humble/ros_bot/install/husarion_office_gz/share/husarion_office_gz/worlds//models/WoodenChair/meshes/WoodenChair.obj
[1.065s] -- Up-to-date symlink: /root/ros2_code/humble/ros_bot/install/husarion_office_gz/share/husarion_office_gz/worlds//models/WoodenChair/meshes/WoodenChair_Col.mtl
[1.065s] -- Up-to-date symlink: /root/ros2_code/humble/ros_bot/install/husarion_office_gz/share/husarion_office_gz/worlds//models/WoodenChair/meshes/WoodenChair_Col.obj
[1.065s] -- Up-to-date symlink: /root/ros2_code/humble/ros_bot/install/husarion_office_gz/share/husarion_office_gz/worlds//models/WoodenChair/meshes/WoodenChair_Diffuse.png
[1.066s] -- Up-to-date symlink: /root/ros2_code/humble/ros_bot/install/husarion_office_gz/share/husarion_office_gz/worlds//models/WoodenChair/meshes/WoodenChair_Rough.png
[1.066s] -- Up-to-date symlink: /root/ros2_code/humble/ros_bot/install/husarion_office_gz/share/husarion_office_gz/worlds//models/WoodenChair/model.config
[1.066s] -- Up-to-date symlink: /root/ros2_code/humble/ros_bot/install/husarion_office_gz/share/husarion_office_gz/worlds//models/WoodenChair/model.sdf
[1.066s] -- Up-to-date symlink: /root/ros2_code/humble/ros_bot/install/husarion_office_gz/share/husarion_office_gz/worlds//models/WoodenChair/thumbnails/1.png
[1.066s] -- Up-to-date symlink: /root/ros2_code/humble/ros_bot/install/husarion_office_gz/share/husarion_office_gz/worlds//models/WoodenChair/thumbnails/2.png
[1.067s] -- Up-to-date symlink: /root/ros2_code/humble/ros_bot/install/husarion_office_gz/share/husarion_office_gz/worlds//models/WoodenChair/thumbnails/3.png
[1.067s] -- Up-to-date symlink: /root/ros2_code/humble/ros_bot/install/husarion_office_gz/share/husarion_office_gz/worlds//models/WoodenChair/thumbnails/4.png
[1.067s] -- Up-to-date symlink: /root/ros2_code/humble/ros_bot/install/husarion_office_gz/share/husarion_office_gz/worlds//models/WoodenChair/thumbnails/5.png
[1.068s] -- Up-to-date symlink: /root/ros2_code/humble/ros_bot/install/husarion_office_gz/share/husarion_office_gz/worlds//models/pradnicka_office_L1/meshes/black_concrete.png
[1.068s] -- Up-to-date symlink: /root/ros2_code/humble/ros_bot/install/husarion_office_gz/share/husarion_office_gz/worlds//models/pradnicka_office_L1/meshes/floor_1.mtl
[1.068s] -- Up-to-date symlink: /root/ros2_code/humble/ros_bot/install/husarion_office_gz/share/husarion_office_gz/worlds//models/pradnicka_office_L1/meshes/floor_1.obj
[1.069s] -- Up-to-date symlink: /root/ros2_code/humble/ros_bot/install/husarion_office_gz/share/husarion_office_gz/worlds//models/pradnicka_office_L1/meshes/floor_10.mtl
[1.069s] -- Up-to-date symlink: /root/ros2_code/humble/ros_bot/install/husarion_office_gz/share/husarion_office_gz/worlds//models/pradnicka_office_L1/meshes/floor_10.obj
[1.069s] -- Up-to-date symlink: /root/ros2_code/humble/ros_bot/install/husarion_office_gz/share/husarion_office_gz/worlds//models/pradnicka_office_L1/meshes/floor_11.mtl
[1.069s] -- Up-to-date symlink: /root/ros2_code/humble/ros_bot/install/husarion_office_gz/share/husarion_office_gz/worlds//models/pradnicka_office_L1/meshes/floor_11.obj
[1.070s] -- Up-to-date symlink: /root/ros2_code/humble/ros_bot/install/husarion_office_gz/share/husarion_office_gz/worlds//models/pradnicka_office_L1/meshes/floor_12.mtl
[1.070s] -- Up-to-date symlink: /root/ros2_code/humble/ros_bot/install/husarion_office_gz/share/husarion_office_gz/worlds//models/pradnicka_office_L1/meshes/floor_12.obj
[1.070s] -- Up-to-date symlink: /root/ros2_code/humble/ros_bot/install/husarion_office_gz/share/husarion_office_gz/worlds//models/pradnicka_office_L1/meshes/floor_13.mtl
[1.070s] -- Up-to-date symlink: /root/ros2_code/humble/ros_bot/install/husarion_office_gz/share/husarion_office_gz/worlds//models/pradnicka_office_L1/meshes/floor_13.obj
[1.071s] -- Up-to-date symlink: /root/ros2_code/humble/ros_bot/install/husarion_office_gz/share/husarion_office_gz/worlds//models/pradnicka_office_L1/meshes/floor_14.mtl
[1.071s] -- Up-to-date symlink: /root/ros2_code/humble/ros_bot/install/husarion_office_gz/share/husarion_office_gz/worlds//models/pradnicka_office_L1/meshes/floor_14.obj
[1.071s] -- Up-to-date symlink: /root/ros2_code/humble/ros_bot/install/husarion_office_gz/share/husarion_office_gz/worlds//models/pradnicka_office_L1/meshes/floor_2.mtl
[1.071s] -- Up-to-date symlink: /root/ros2_code/humble/ros_bot/install/husarion_office_gz/share/husarion_office_gz/worlds//models/pradnicka_office_L1/meshes/floor_2.obj
[1.071s] -- Up-to-date symlink: /root/ros2_code/humble/ros_bot/install/husarion_office_gz/share/husarion_office_gz/worlds//models/pradnicka_office_L1/meshes/floor_3.mtl
[1.072s] -- Up-to-date symlink: /root/ros2_code/humble/ros_bot/install/husarion_office_gz/share/husarion_office_gz/worlds//models/pradnicka_office_L1/meshes/floor_3.obj
[1.072s] -- Up-to-date symlink: /root/ros2_code/humble/ros_bot/install/husarion_office_gz/share/husarion_office_gz/worlds//models/pradnicka_office_L1/meshes/floor_4.mtl
[1.072s] -- Up-to-date symlink: /root/ros2_code/humble/ros_bot/install/husarion_office_gz/share/husarion_office_gz/worlds//models/pradnicka_office_L1/meshes/floor_4.obj
[1.072s] -- Up-to-date symlink: /root/ros2_code/humble/ros_bot/install/husarion_office_gz/share/husarion_office_gz/worlds//models/pradnicka_office_L1/meshes/floor_5.mtl
[1.073s] -- Up-to-date symlink: /root/ros2_code/humble/ros_bot/install/husarion_office_gz/share/husarion_office_gz/worlds//models/pradnicka_office_L1/meshes/floor_5.obj
[1.073s] -- Up-to-date symlink: /root/ros2_code/humble/ros_bot/install/husarion_office_gz/share/husarion_office_gz/worlds//models/pradnicka_office_L1/meshes/floor_6.mtl
[1.073s] -- Up-to-date symlink: /root/ros2_code/humble/ros_bot/install/husarion_office_gz/share/husarion_office_gz/worlds//models/pradnicka_office_L1/meshes/floor_6.obj
[1.073s] -- Up-to-date symlink: /root/ros2_code/humble/ros_bot/install/husarion_office_gz/share/husarion_office_gz/worlds//models/pradnicka_office_L1/meshes/floor_7.mtl
[1.073s] -- Up-to-date symlink: /root/ros2_code/humble/ros_bot/install/husarion_office_gz/share/husarion_office_gz/worlds//models/pradnicka_office_L1/meshes/floor_7.obj
[1.073s] -- Up-to-date symlink: /root/ros2_code/humble/ros_bot/install/husarion_office_gz/share/husarion_office_gz/worlds//models/pradnicka_office_L1/meshes/floor_8.mtl
[1.073s] -- Up-to-date symlink: /root/ros2_code/humble/ros_bot/install/husarion_office_gz/share/husarion_office_gz/worlds//models/pradnicka_office_L1/meshes/floor_8.obj
[1.073s] -- Up-to-date symlink: /root/ros2_code/humble/ros_bot/install/husarion_office_gz/share/husarion_office_gz/worlds//models/pradnicka_office_L1/meshes/floor_9.mtl
[1.073s] -- Up-to-date symlink: /root/ros2_code/humble/ros_bot/install/husarion_office_gz/share/husarion_office_gz/worlds//models/pradnicka_office_L1/meshes/floor_9.obj
[1.074s] -- Up-to-date symlink: /root/ros2_code/humble/ros_bot/install/husarion_office_gz/share/husarion_office_gz/worlds//models/pradnicka_office_L1/meshes/model.material
[1.074s] -- Up-to-date symlink: /root/ros2_code/humble/ros_bot/install/husarion_office_gz/share/husarion_office_gz/worlds//models/pradnicka_office_L1/meshes/wall_1.mtl
[1.074s] -- Up-to-date symlink: /root/ros2_code/humble/ros_bot/install/husarion_office_gz/share/husarion_office_gz/worlds//models/pradnicka_office_L1/meshes/wall_1.obj
[1.074s] -- Up-to-date symlink: /root/ros2_code/humble/ros_bot/install/husarion_office_gz/share/husarion_office_gz/worlds//models/pradnicka_office_L1/meshes/wall_2.mtl
[1.074s] -- Up-to-date symlink: /root/ros2_code/humble/ros_bot/install/husarion_office_gz/share/husarion_office_gz/worlds//models/pradnicka_office_L1/meshes/wall_2.obj
[1.075s] -- Up-to-date symlink: /root/ros2_code/humble/ros_bot/install/husarion_office_gz/share/husarion_office_gz/worlds//models/pradnicka_office_L1/meshes/white_carpet.png
[1.075s] -- Up-to-date symlink: /root/ros2_code/humble/ros_bot/install/husarion_office_gz/share/husarion_office_gz/worlds//models/pradnicka_office_L1/meshes/white_tiles.png
[1.075s] -- Up-to-date symlink: /root/ros2_code/humble/ros_bot/install/husarion_office_gz/share/husarion_office_gz/worlds//models/pradnicka_office_L1/meshes/white_wall.png
[1.075s] -- Up-to-date symlink: /root/ros2_code/humble/ros_bot/install/husarion_office_gz/share/husarion_office_gz/worlds//models/pradnicka_office_L1/meshes/wood1.png
[1.075s] -- Up-to-date symlink: /root/ros2_code/humble/ros_bot/install/husarion_office_gz/share/husarion_office_gz/worlds//models/pradnicka_office_L1/meshes/wood2.png
[1.076s] -- Up-to-date symlink: /root/ros2_code/humble/ros_bot/install/husarion_office_gz/share/husarion_office_gz/worlds//models/pradnicka_office_L1/model.config
[1.076s] -- Up-to-date symlink: /root/ros2_code/humble/ros_bot/install/husarion_office_gz/share/husarion_office_gz/worlds//models/pradnicka_office_L1/model.sdf
[1.076s] -- Up-to-date symlink: /root/ros2_code/humble/ros_bot/install/husarion_office_gz/share/husarion_office_gz/worlds//models/rosbot/meshes/astra.dae
[1.076s] -- Up-to-date symlink: /root/ros2_code/humble/ros_bot/install/husarion_office_gz/share/husarion_office_gz/worlds//models/rosbot/meshes/box.dae
[1.076s] -- Up-to-date symlink: /root/ros2_code/humble/ros_bot/install/husarion_office_gz/share/husarion_office_gz/worlds//models/rosbot/meshes/rplidar.dae
[1.076s] -- Up-to-date symlink: /root/ros2_code/humble/ros_bot/install/husarion_office_gz/share/husarion_office_gz/worlds//models/rosbot/meshes/upper.dae
[1.076s] -- Up-to-date symlink: /root/ros2_code/humble/ros_bot/install/husarion_office_gz/share/husarion_office_gz/worlds//models/rosbot/meshes/wheel-v2.stl
[1.076s] -- Up-to-date symlink: /root/ros2_code/humble/ros_bot/install/husarion_office_gz/share/husarion_office_gz/worlds//models/rosbot/meshes/wheel.dae
[1.077s] -- Up-to-date symlink: /root/ros2_code/humble/ros_bot/install/husarion_office_gz/share/husarion_office_gz/worlds//models/rosbot/model.config
[1.077s] -- Up-to-date symlink: /root/ros2_code/humble/ros_bot/install/husarion_office_gz/share/husarion_office_gz/worlds//models/rosbot/model.sdf
[1.077s] -- Up-to-date symlink: /root/ros2_code/humble/ros_bot/install/husarion_office_gz/share/husarion_office_gz/worlds//models/white_carpet.png
[1.078s] -- Up-to-date symlink: /root/ros2_code/humble/ros_bot/install/husarion_office_gz/share/husarion_office_gz/worlds//models/white_wall.png
[1.078s] -- Up-to-date symlink: /root/ros2_code/humble/ros_bot/install/husarion_office_gz/share/husarion_office_gz/worlds//models/wood1.png
[1.078s] -- Up-to-date symlink: /root/ros2_code/humble/ros_bot/install/husarion_office_gz/share/husarion_office_gz/worlds//models/wood2.png
[1.078s] -- Up-to-date symlink: /root/ros2_code/humble/ros_bot/install/husarion_office_gz/share/husarion_office_gz/worlds//nav2_maps/office_map.png
[1.078s] -- Up-to-date symlink: /root/ros2_code/humble/ros_bot/install/husarion_office_gz/share/husarion_office_gz/worlds//nav2_maps/office_map.yaml
[1.078s] -- Up-to-date symlink: /root/ros2_code/humble/ros_bot/install/husarion_office_gz/share/ament_index/resource_index/package_run_dependencies/husarion_office_gz
[1.078s] -- Up-to-date symlink: /root/ros2_code/humble/ros_bot/install/husarion_office_gz/share/ament_index/resource_index/parent_prefix_path/husarion_office_gz
[1.079s] -- Up-to-date symlink: /root/ros2_code/humble/ros_bot/install/husarion_office_gz/share/husarion_office_gz/environment/ament_prefix_path.sh
[1.079s] -- Up-to-date symlink: /root/ros2_code/humble/ros_bot/install/husarion_office_gz/share/husarion_office_gz/environment/ament_prefix_path.dsv
[1.079s] -- Up-to-date symlink: /root/ros2_code/humble/ros_bot/install/husarion_office_gz/share/husarion_office_gz/environment/path.sh
[1.079s] -- Up-to-date symlink: /root/ros2_code/humble/ros_bot/install/husarion_office_gz/share/husarion_office_gz/environment/path.dsv
[1.079s] -- Up-to-date symlink: /root/ros2_code/humble/ros_bot/install/husarion_office_gz/share/husarion_office_gz/local_setup.bash
[1.079s] -- Up-to-date symlink: /root/ros2_code/humble/ros_bot/install/husarion_office_gz/share/husarion_office_gz/local_setup.sh
[1.079s] -- Up-to-date symlink: /root/ros2_code/humble/ros_bot/install/husarion_office_gz/share/husarion_office_gz/local_setup.zsh
[1.079s] -- Up-to-date symlink: /root/ros2_code/humble/ros_bot/install/husarion_office_gz/share/husarion_office_gz/local_setup.dsv
[1.079s] -- Symlinking: /root/ros2_code/humble/ros_bot/install/husarion_office_gz/share/husarion_office_gz/package.dsv
[1.083s] -- Up-to-date symlink: /root/ros2_code/humble/ros_bot/install/husarion_office_gz/share/ament_index/resource_index/packages/husarion_office_gz
[1.083s] -- Up-to-date symlink: /root/ros2_code/humble/ros_bot/install/husarion_office_gz/share/husarion_office_gz/cmake/husarion_office_gzConfig.cmake
[1.084s] -- Up-to-date symlink: /root/ros2_code/humble/ros_bot/install/husarion_office_gz/share/husarion_office_gz/cmake/husarion_office_gzConfig-version.cmake
[1.084s] -- Up-to-date symlink: /root/ros2_code/humble/ros_bot/install/husarion_office_gz/share/husarion_office_gz/package.xml
[1.138s] Invoked command in '/root/ros2_code/humble/ros_bot/build/husarion_office_gz' returned '0': CMAKE_PREFIX_PATH=${CMAKE_PREFIX_PATH}:/root/ros2_code/humble/ros_bot/install/tutorial_pkg:/root/ros2_code/humble/ros_bot/install/rosbot_utils:/root/ros2_code/humble/ros_bot/install/rosbot_gazebo:/root/ros2_code/humble/ros_bot/install/rosbot_bringup:/root/ros2_code/humble/ros_bot/install/rosbot_controller:/root/ros2_code/humble/vision/install/path_planner_pkg:/root/ros2_code/humble/vision/install/nav2_api_pkg:/root/ros2_code/humble/vision/install/joystick_pkg:/root/ros2_code/humble/vision/install/cartographer_pkg:/root/ros2_code/humble/nav2class/install/autonomous_tb3:/root/ros2_code/humble/simulations/install/path_planner_server:/root/ros2_code/humble/simulations/install/map_server:/root/ros2_code/humble/simulations/install/localization_server:/opt/ros/humble /usr/bin/cmake --install /root/ros2_code/humble/ros_bot/build/husarion_office_gz
