[5.372s] DEBUG:colcon:Command line arguments: ['/usr/bin/colcon', 'build', '--symlink-install']
[5.372s] DEBUG:colcon:Parsed command line arguments: Namespace(log_base=None, log_level=None, verb_name='build', build_base='build', install_base='install', merge_install=False, symlink_install=True, test_result_base=None, continue_on_error=False, executor='parallel', parallel_workers=12, event_handlers=None, ignore_user_meta=False, metas=['./colcon.meta'], base_paths=['.'], packages_ignore=None, packages_ignore_regex=None, paths=None, packages_up_to=None, packages_up_to_regex=None, packages_above=None, packages_above_and_dependencies=None, packages_above_depth=None, packages_select_by_dep=None, packages_skip_by_dep=None, packages_skip_up_to=None, packages_select_build_failed=False, packages_skip_build_finished=False, packages_select_test_failures=False, packages_skip_test_passed=False, packages_select=None, packages_skip=None, packages_select_regex=None, packages_skip_regex=None, packages_start=None, packages_end=None, cmake_args=None, cmake_target=None, cmake_target_skip_unavailable=False, cmake_clean_cache=False, cmake_clean_first=False, cmake_force_configure=False, ament_cmake_args=None, catkin_cmake_args=None, catkin_skip_building_tests=False, verb_parser=<colcon_defaults.argument_parser.defaults.DefaultArgumentsDecorator object at 0x7f16d2ee7340>, verb_extension=<colcon_core.verb.build.BuildVerb object at 0x7f16d3190eb0>, main=<bound method BuildVerb.main of <colcon_core.verb.build.BuildVerb object at 0x7f16d3190eb0>>)
[5.631s] Level 1:colcon.colcon_core.package_discovery:discover_packages(colcon_meta) check parameters
[5.631s] Level 1:colcon.colcon_core.package_discovery:discover_packages(recursive) check parameters
[5.632s] Level 1:colcon.colcon_core.package_discovery:discover_packages(ignore) check parameters
[5.632s] Level 1:colcon.colcon_core.package_discovery:discover_packages(path) check parameters
[5.632s] Level 1:colcon.colcon_core.package_discovery:discover_packages(colcon_meta) discover
[5.632s] Level 1:colcon.colcon_core.package_discovery:discover_packages(recursive) discover
[5.632s] INFO:colcon.colcon_core.package_discovery:Crawling recursively for packages in '/root/ros2_code/humble/articubot'
[5.633s] Level 1:colcon.colcon_core.package_identification:_identify(.) by extensions ['ignore', 'ignore_ament_install']
[5.633s] Level 1:colcon.colcon_core.package_identification:_identify(.) by extension 'ignore'
[5.634s] Level 1:colcon.colcon_core.package_identification:_identify(.) by extension 'ignore_ament_install'
[5.634s] Level 1:colcon.colcon_core.package_identification:_identify(.) by extensions ['colcon_pkg']
[5.634s] Level 1:colcon.colcon_core.package_identification:_identify(.) by extension 'colcon_pkg'
[5.634s] Level 1:colcon.colcon_core.package_identification:_identify(.) by extensions ['colcon_meta']
[5.634s] Level 1:colcon.colcon_core.package_identification:_identify(.) by extension 'colcon_meta'
[5.634s] Level 1:colcon.colcon_core.package_identification:_identify(.) by extensions ['ros']
[5.635s] Level 1:colcon.colcon_core.package_identification:_identify(.) by extension 'ros'
[5.685s] Level 1:colcon.colcon_core.package_identification:_identify(.) by extensions ['cmake', 'python']
[5.685s] Level 1:colcon.colcon_core.package_identification:_identify(.) by extension 'cmake'
[5.686s] Level 1:colcon.colcon_core.package_identification:_identify(.) by extension 'python'
[5.686s] Level 1:colcon.colcon_core.package_identification:_identify(.) by extensions ['python_setup_py']
[5.686s] Level 1:colcon.colcon_core.package_identification:_identify(.) by extension 'python_setup_py'
[5.686s] Level 1:colcon.colcon_core.package_identification:_identify(build) by extensions ['ignore', 'ignore_ament_install']
[5.687s] Level 1:colcon.colcon_core.package_identification:_identify(build) by extension 'ignore'
[5.687s] Level 1:colcon.colcon_core.package_identification:_identify(build) ignored
[5.688s] Level 1:colcon.colcon_core.package_identification:_identify(install) by extensions ['ignore', 'ignore_ament_install']
[5.688s] Level 1:colcon.colcon_core.package_identification:_identify(install) by extension 'ignore'
[5.688s] Level 1:colcon.colcon_core.package_identification:_identify(install) ignored
[5.689s] Level 1:colcon.colcon_core.package_identification:_identify(log) by extensions ['ignore', 'ignore_ament_install']
[5.689s] Level 1:colcon.colcon_core.package_identification:_identify(log) by extension 'ignore'
[5.689s] Level 1:colcon.colcon_core.package_identification:_identify(log) ignored
[5.689s] Level 1:colcon.colcon_core.package_identification:_identify(src) by extensions ['ignore', 'ignore_ament_install']
[5.690s] Level 1:colcon.colcon_core.package_identification:_identify(src) by extension 'ignore'
[5.690s] Level 1:colcon.colcon_core.package_identification:_identify(src) by extension 'ignore_ament_install'
[5.690s] Level 1:colcon.colcon_core.package_identification:_identify(src) by extensions ['colcon_pkg']
[5.690s] Level 1:colcon.colcon_core.package_identification:_identify(src) by extension 'colcon_pkg'
[5.691s] Level 1:colcon.colcon_core.package_identification:_identify(src) by extensions ['colcon_meta']
[5.691s] Level 1:colcon.colcon_core.package_identification:_identify(src) by extension 'colcon_meta'
[5.691s] Level 1:colcon.colcon_core.package_identification:_identify(src) by extensions ['ros']
[5.691s] Level 1:colcon.colcon_core.package_identification:_identify(src) by extension 'ros'
[5.691s] Level 1:colcon.colcon_core.package_identification:_identify(src) by extensions ['cmake', 'python']
[5.692s] Level 1:colcon.colcon_core.package_identification:_identify(src) by extension 'cmake'
[5.692s] Level 1:colcon.colcon_core.package_identification:_identify(src) by extension 'python'
[5.692s] Level 1:colcon.colcon_core.package_identification:_identify(src) by extensions ['python_setup_py']
[5.692s] Level 1:colcon.colcon_core.package_identification:_identify(src) by extension 'python_setup_py'
[5.693s] Level 1:colcon.colcon_core.package_identification:_identify(src/articubot_one) by extensions ['ignore', 'ignore_ament_install']
[5.693s] Level 1:colcon.colcon_core.package_identification:_identify(src/articubot_one) by extension 'ignore'
[5.693s] Level 1:colcon.colcon_core.package_identification:_identify(src/articubot_one) by extension 'ignore_ament_install'
[5.693s] Level 1:colcon.colcon_core.package_identification:_identify(src/articubot_one) by extensions ['colcon_pkg']
[5.694s] Level 1:colcon.colcon_core.package_identification:_identify(src/articubot_one) by extension 'colcon_pkg'
[5.694s] Level 1:colcon.colcon_core.package_identification:_identify(src/articubot_one) by extensions ['colcon_meta']
[5.694s] Level 1:colcon.colcon_core.package_identification:_identify(src/articubot_one) by extension 'colcon_meta'
[5.694s] Level 1:colcon.colcon_core.package_identification:_identify(src/articubot_one) by extensions ['ros']
[5.694s] Level 1:colcon.colcon_core.package_identification:_identify(src/articubot_one) by extension 'ros'
[5.704s] DEBUG:colcon.colcon_core.package_identification:Package 'src/articubot_one' with type 'ros.ament_cmake' and name 'articubot_one'
[5.704s] Level 1:colcon.colcon_core.package_discovery:discover_packages(recursive) using defaults
[5.704s] Level 1:colcon.colcon_core.package_discovery:discover_packages(ignore) discover
[5.704s] Level 1:colcon.colcon_core.package_discovery:discover_packages(ignore) using defaults
[5.704s] Level 1:colcon.colcon_core.package_discovery:discover_packages(path) discover
[5.705s] Level 1:colcon.colcon_core.package_discovery:discover_packages(path) using defaults
[6.105s] Level 5:colcon.colcon_core.verb:set package 'articubot_one' build argument 'cmake_args' from command line to 'None'
[6.105s] Level 5:colcon.colcon_core.verb:set package 'articubot_one' build argument 'cmake_target' from command line to 'None'
[6.105s] Level 5:colcon.colcon_core.verb:set package 'articubot_one' build argument 'cmake_target_skip_unavailable' from command line to 'False'
[6.106s] Level 5:colcon.colcon_core.verb:set package 'articubot_one' build argument 'cmake_clean_cache' from command line to 'False'
[6.106s] Level 5:colcon.colcon_core.verb:set package 'articubot_one' build argument 'cmake_clean_first' from command line to 'False'
[6.106s] Level 5:colcon.colcon_core.verb:set package 'articubot_one' build argument 'cmake_force_configure' from command line to 'False'
[6.106s] Level 5:colcon.colcon_core.verb:set package 'articubot_one' build argument 'ament_cmake_args' from command line to 'None'
[6.106s] Level 5:colcon.colcon_core.verb:set package 'articubot_one' build argument 'catkin_cmake_args' from command line to 'None'
[6.106s] Level 5:colcon.colcon_core.verb:set package 'articubot_one' build argument 'catkin_skip_building_tests' from command line to 'False'
[6.106s] DEBUG:colcon.colcon_core.verb:Building package 'articubot_one' with the following arguments: {'ament_cmake_args': None, 'build_base': '/root/ros2_code/humble/articubot/build/articubot_one', 'catkin_cmake_args': None, 'catkin_skip_building_tests': False, 'cmake_args': None, 'cmake_clean_cache': False, 'cmake_clean_first': False, 'cmake_force_configure': False, 'cmake_target': None, 'cmake_target_skip_unavailable': False, 'install_base': '/root/ros2_code/humble/articubot/install/articubot_one', 'merge_install': False, 'path': '/root/ros2_code/humble/articubot/src/articubot_one', 'symlink_install': True, 'test_result_base': None}
[6.184s] INFO:colcon.colcon_core.executor:Executing jobs using 'parallel' executor
[6.265s] DEBUG:colcon.colcon_parallel_executor.executor.parallel:run_until_complete
[6.266s] INFO:colcon.colcon_ros.task.ament_cmake.build:Building ROS package in '/root/ros2_code/humble/articubot/src/articubot_one' with build type 'ament_cmake'
[6.266s] INFO:colcon.colcon_cmake.task.cmake.build:Building CMake package in '/root/ros2_code/humble/articubot/src/articubot_one'
[6.353s] INFO:colcon.colcon_core.plugin_system:Skipping extension 'colcon_core.shell.bat': Not used on non-Windows systems
[6.354s] INFO:colcon.colcon_core.shell:Skip shell extension 'powershell' for command environment: Not usable outside of PowerShell
[6.354s] DEBUG:colcon.colcon_core.shell:Skip shell extension 'dsv' for command environment
[7.228s] DEBUG:colcon.colcon_core.event_handler.log_command:Invoking command in '/root/ros2_code/humble/articubot/build/articubot_one': CMAKE_PREFIX_PATH=${CMAKE_PREFIX_PATH}:/root/ros2_code/humble/learning/install/ball_tracker:/opt/ros/humble /usr/bin/cmake --build /root/ros2_code/humble/articubot/build/articubot_one -- -j12 -l12
[7.404s] DEBUG:colcon.colcon_core.event_handler.log_command:Invoked command in '/root/ros2_code/humble/articubot/build/articubot_one' returned '0': CMAKE_PREFIX_PATH=${CMAKE_PREFIX_PATH}:/root/ros2_code/humble/learning/install/ball_tracker:/opt/ros/humble /usr/bin/cmake --build /root/ros2_code/humble/articubot/build/articubot_one -- -j12 -l12
[7.557s] DEBUG:colcon.colcon_core.event_handler.log_command:Invoking command in '/root/ros2_code/humble/articubot/build/articubot_one': CMAKE_PREFIX_PATH=${CMAKE_PREFIX_PATH}:/root/ros2_code/humble/learning/install/ball_tracker:/opt/ros/humble /usr/bin/cmake --install /root/ros2_code/humble/articubot/build/articubot_one
[7.670s] Level 1:colcon.colcon_core.environment:create_environment_scripts_only(articubot_one)
[7.673s] DEBUG:colcon.colcon_core.event_handler.log_command:Invoked command in '/root/ros2_code/humble/articubot/build/articubot_one' returned '0': CMAKE_PREFIX_PATH=${CMAKE_PREFIX_PATH}:/root/ros2_code/humble/learning/install/ball_tracker:/opt/ros/humble /usr/bin/cmake --install /root/ros2_code/humble/articubot/build/articubot_one
[7.773s] Level 1:colcon.colcon_core.environment:checking '/root/ros2_code/humble/articubot/install/articubot_one' for CMake module files
[7.775s] Level 1:colcon.colcon_core.environment:checking '/root/ros2_code/humble/articubot/install/articubot_one' for CMake config files
[7.777s] Level 1:colcon.colcon_core.shell:create_environment_hook('articubot_one', 'cmake_prefix_path')
[7.858s] INFO:colcon.colcon_core.shell:Creating environment hook '/root/ros2_code/humble/articubot/install/articubot_one/share/articubot_one/hook/cmake_prefix_path.ps1'
[7.861s] INFO:colcon.colcon_core.shell:Creating environment descriptor '/root/ros2_code/humble/articubot/install/articubot_one/share/articubot_one/hook/cmake_prefix_path.dsv'
[7.862s] INFO:colcon.colcon_core.shell:Creating environment hook '/root/ros2_code/humble/articubot/install/articubot_one/share/articubot_one/hook/cmake_prefix_path.sh'
[7.866s] Level 1:colcon.colcon_core.environment:checking '/root/ros2_code/humble/articubot/install/articubot_one/bin'
[7.866s] Level 1:colcon.colcon_core.environment:checking '/root/ros2_code/humble/articubot/install/articubot_one/lib/pkgconfig/articubot_one.pc'
[7.873s] Level 1:colcon.colcon_core.environment:checking '/root/ros2_code/humble/articubot/install/articubot_one/lib/python3.10/site-packages'
[7.874s] Level 1:colcon.colcon_core.environment:checking '/root/ros2_code/humble/articubot/install/articubot_one/bin'
[7.956s] INFO:colcon.colcon_core.shell:Creating package script '/root/ros2_code/humble/articubot/install/articubot_one/share/articubot_one/package.ps1'
[7.959s] INFO:colcon.colcon_core.shell:Creating package descriptor '/root/ros2_code/humble/articubot/install/articubot_one/share/articubot_one/package.dsv'
[7.961s] INFO:colcon.colcon_core.shell:Creating package script '/root/ros2_code/humble/articubot/install/articubot_one/share/articubot_one/package.sh'
[7.964s] INFO:colcon.colcon_core.shell:Creating package script '/root/ros2_code/humble/articubot/install/articubot_one/share/articubot_one/package.bash'
[7.966s] INFO:colcon.colcon_core.shell:Creating package script '/root/ros2_code/humble/articubot/install/articubot_one/share/articubot_one/package.zsh'
[7.969s] Level 1:colcon.colcon_core.environment:create_file_with_runtime_dependencies(/root/ros2_code/humble/articubot/install/articubot_one/share/colcon-core/packages/articubot_one)
[8.160s] Level 1:colcon.colcon_core.environment:create_environment_scripts_only(articubot_one)
[8.243s] Level 1:colcon.colcon_core.environment:checking '/root/ros2_code/humble/articubot/install/articubot_one' for CMake module files
[8.245s] Level 1:colcon.colcon_core.environment:checking '/root/ros2_code/humble/articubot/install/articubot_one' for CMake config files
[8.246s] Level 1:colcon.colcon_core.shell:create_environment_hook('articubot_one', 'cmake_prefix_path')
[8.327s] INFO:colcon.colcon_core.shell:Creating environment hook '/root/ros2_code/humble/articubot/install/articubot_one/share/articubot_one/hook/cmake_prefix_path.ps1'
[8.329s] INFO:colcon.colcon_core.shell:Creating environment descriptor '/root/ros2_code/humble/articubot/install/articubot_one/share/articubot_one/hook/cmake_prefix_path.dsv'
[8.330s] INFO:colcon.colcon_core.shell:Creating environment hook '/root/ros2_code/humble/articubot/install/articubot_one/share/articubot_one/hook/cmake_prefix_path.sh'
[8.333s] Level 1:colcon.colcon_core.environment:checking '/root/ros2_code/humble/articubot/install/articubot_one/bin'
[8.334s] Level 1:colcon.colcon_core.environment:checking '/root/ros2_code/humble/articubot/install/articubot_one/lib/pkgconfig/articubot_one.pc'
[8.335s] Level 1:colcon.colcon_core.environment:checking '/root/ros2_code/humble/articubot/install/articubot_one/lib/python3.10/site-packages'
[8.336s] Level 1:colcon.colcon_core.environment:checking '/root/ros2_code/humble/articubot/install/articubot_one/bin'
[8.420s] INFO:colcon.colcon_core.shell:Creating package script '/root/ros2_code/humble/articubot/install/articubot_one/share/articubot_one/package.ps1'
[8.422s] INFO:colcon.colcon_core.shell:Creating package descriptor '/root/ros2_code/humble/articubot/install/articubot_one/share/articubot_one/package.dsv'
[8.424s] INFO:colcon.colcon_core.shell:Creating package script '/root/ros2_code/humble/articubot/install/articubot_one/share/articubot_one/package.sh'
[8.425s] INFO:colcon.colcon_core.shell:Creating package script '/root/ros2_code/humble/articubot/install/articubot_one/share/articubot_one/package.bash'
[8.427s] INFO:colcon.colcon_core.shell:Creating package script '/root/ros2_code/humble/articubot/install/articubot_one/share/articubot_one/package.zsh'
[8.428s] Level 1:colcon.colcon_core.environment:create_file_with_runtime_dependencies(/root/ros2_code/humble/articubot/install/articubot_one/share/colcon-core/packages/articubot_one)
[8.429s] DEBUG:colcon.colcon_parallel_executor.executor.parallel:closing loop
[8.430s] DEBUG:colcon.colcon_parallel_executor.executor.parallel:loop closed
[8.431s] DEBUG:colcon.colcon_parallel_executor.executor.parallel:run_until_complete finished with '0'
[8.431s] DEBUG:colcon.colcon_core.event_reactor:joining thread
[8.536s] INFO:colcon.colcon_core.plugin_system:Skipping extension 'colcon_notification.desktop_notification.notify_send': Could not find 'notify-send'
[8.536s] INFO:colcon.colcon_core.plugin_system:Skipping extension 'colcon_notification.desktop_notification.terminal_notifier': Not used on non-Darwin systems
[8.537s] INFO:colcon.colcon_core.plugin_system:Skipping extension 'colcon_notification.desktop_notification.win32': Not used on non-Windows systems
[8.537s] INFO:colcon.colcon_notification.desktop_notification:Sending desktop notification using 'notify2'
[8.545s] DEBUG:colcon.colcon_notification.desktop_notification.notify2:Failed to initialize notify2: org.freedesktop.DBus.Error.Spawn.ExecFailed: /usr/bin/dbus-launch terminated abnormally without any error message
[8.546s] DEBUG:colcon.colcon_core.event_reactor:joined thread
[8.638s] INFO:colcon.colcon_core.shell:Creating prefix script '/root/ros2_code/humble/articubot/install/local_setup.ps1'
[8.643s] INFO:colcon.colcon_core.shell:Creating prefix util module '/root/ros2_code/humble/articubot/install/_local_setup_util_ps1.py'
[8.649s] INFO:colcon.colcon_core.shell:Creating prefix chain script '/root/ros2_code/humble/articubot/install/setup.ps1'
[8.741s] INFO:colcon.colcon_core.shell:Creating prefix script '/root/ros2_code/humble/articubot/install/local_setup.sh'
[8.743s] INFO:colcon.colcon_core.shell:Creating prefix util module '/root/ros2_code/humble/articubot/install/_local_setup_util_sh.py'
[8.744s] INFO:colcon.colcon_core.shell:Creating prefix chain script '/root/ros2_code/humble/articubot/install/setup.sh'
[8.834s] INFO:colcon.colcon_core.shell:Creating prefix script '/root/ros2_code/humble/articubot/install/local_setup.bash'
[8.835s] INFO:colcon.colcon_core.shell:Creating prefix chain script '/root/ros2_code/humble/articubot/install/setup.bash'
[8.923s] INFO:colcon.colcon_core.shell:Creating prefix script '/root/ros2_code/humble/articubot/install/local_setup.zsh'
[8.925s] INFO:colcon.colcon_core.shell:Creating prefix chain script '/root/ros2_code/humble/articubot/install/setup.zsh'
