[1.770s] Invoking command in '/root/ros2_code/humble/dai_ws/build/depthimage_to_laserscan': CMAKE_PREFIX_PATH=${CMAKE_PREFIX_PATH}:/root/ros2_code/humble/learning/install/ball_tracker:/opt/ros/humble /usr/bin/cmake --build /root/ros2_code/humble/dai_ws/build/depthimage_to_laserscan -- -j12 -l12
[2.076s] [ 16%] Built target gtest_main
[2.092s] [ 33%] Built target DepthImageToLaserScan
[2.099s] [ 50%] Built target gtest
[2.320s] [ 66%] Built target DepthImageToLaserScanROS
[2.357s] [ 83%] Built target depthimage_to_laserscan-test
[2.500s] [100%] Built target depthimage_to_laserscan_node
[2.928s] Invoked command in '/root/ros2_code/humble/dai_ws/build/depthimage_to_laserscan' returned '0': CMAKE_PREFIX_PATH=${CMAKE_PREFIX_PATH}:/root/ros2_code/humble/learning/install/ball_tracker:/opt/ros/humble /usr/bin/cmake --build /root/ros2_code/humble/dai_ws/build/depthimage_to_laserscan -- -j12 -l12
[3.654s] Invoking command in '/root/ros2_code/humble/dai_ws/build/depthimage_to_laserscan': CMAKE_PREFIX_PATH=${CMAKE_PREFIX_PATH}:/root/ros2_code/humble/learning/install/ball_tracker:/opt/ros/humble /usr/bin/cmake --install /root/ros2_code/humble/dai_ws/build/depthimage_to_laserscan
[3.689s] -- Install configuration: ""
[3.692s] -- Execute custom install script
[3.695s] -- Up-to-date symlink: /root/ros2_code/humble/dai_ws/install/depthimage_to_laserscan/include/depthimage_to_laserscan/depthimage_to_laserscan/DepthImageToLaserScan.hpp
[3.697s] -- Up-to-date symlink: /root/ros2_code/humble/dai_ws/install/depthimage_to_laserscan/include/depthimage_to_laserscan/depthimage_to_laserscan/DepthImageToLaserScanROS.hpp
[3.698s] -- Up-to-date symlink: /root/ros2_code/humble/dai_ws/install/depthimage_to_laserscan/include/depthimage_to_laserscan/depthimage_to_laserscan/depth_traits.hpp
[3.700s] -- Up-to-date symlink: /root/ros2_code/humble/dai_ws/install/depthimage_to_laserscan/share/depthimage_to_laserscan//launch/depthimage_to_laserscan-launch.py
[3.701s] -- Up-to-date symlink: /root/ros2_code/humble/dai_ws/install/depthimage_to_laserscan/share/depthimage_to_laserscan//launch/depthimage_to_laserscan_composed-launch.py
[3.703s] -- Up-to-date symlink: /root/ros2_code/humble/dai_ws/install/depthimage_to_laserscan/share/depthimage_to_laserscan//cfg/param.yaml
[3.705s] -- Up-to-date symlink: /root/ros2_code/humble/dai_ws/install/depthimage_to_laserscan/lib/depthimage_to_laserscan/depthimage_to_laserscan_node
[3.707s] -- Up-to-date symlink: /root/ros2_code/humble/dai_ws/install/depthimage_to_laserscan/include/depthimage_to_laserscan/depthimage_to_laserscan/DepthImageToLaserScan_export.h
[3.708s] -- Up-to-date symlink: /root/ros2_code/humble/dai_ws/install/depthimage_to_laserscan/include/depthimage_to_laserscan/depthimage_to_laserscan/DepthImageToLaserScanROS_export.h
[3.709s] -- Up-to-date symlink: /root/ros2_code/humble/dai_ws/install/depthimage_to_laserscan/share/depthimage_to_laserscan/environment/library_path.sh
[3.711s] -- Up-to-date symlink: /root/ros2_code/humble/dai_ws/install/depthimage_to_laserscan/share/depthimage_to_laserscan/environment/library_path.dsv
[3.711s] -- Up-to-date symlink: /root/ros2_code/humble/dai_ws/install/depthimage_to_laserscan/share/ament_index/resource_index/package_run_dependencies/depthimage_to_laserscan
[3.712s] -- Up-to-date symlink: /root/ros2_code/humble/dai_ws/install/depthimage_to_laserscan/share/ament_index/resource_index/parent_prefix_path/depthimage_to_laserscan
[3.712s] -- Up-to-date symlink: /root/ros2_code/humble/dai_ws/install/depthimage_to_laserscan/share/depthimage_to_laserscan/environment/ament_prefix_path.sh
[3.714s] -- Up-to-date symlink: /root/ros2_code/humble/dai_ws/install/depthimage_to_laserscan/share/depthimage_to_laserscan/environment/ament_prefix_path.dsv
[3.716s] -- Up-to-date symlink: /root/ros2_code/humble/dai_ws/install/depthimage_to_laserscan/share/depthimage_to_laserscan/environment/path.sh
[3.722s] -- Up-to-date symlink: /root/ros2_code/humble/dai_ws/install/depthimage_to_laserscan/share/depthimage_to_laserscan/environment/path.dsv
[3.724s] -- Up-to-date symlink: /root/ros2_code/humble/dai_ws/install/depthimage_to_laserscan/share/depthimage_to_laserscan/local_setup.bash
[3.725s] -- Up-to-date symlink: /root/ros2_code/humble/dai_ws/install/depthimage_to_laserscan/share/depthimage_to_laserscan/local_setup.sh
[3.726s] -- Up-to-date symlink: /root/ros2_code/humble/dai_ws/install/depthimage_to_laserscan/share/depthimage_to_laserscan/local_setup.zsh
[3.726s] -- Up-to-date symlink: /root/ros2_code/humble/dai_ws/install/depthimage_to_laserscan/share/depthimage_to_laserscan/local_setup.dsv
[3.727s] -- Symlinking: /root/ros2_code/humble/dai_ws/install/depthimage_to_laserscan/share/depthimage_to_laserscan/package.dsv
[3.772s] -- Up-to-date symlink: /root/ros2_code/humble/dai_ws/install/depthimage_to_laserscan/share/ament_index/resource_index/packages/depthimage_to_laserscan
[3.778s] -- Up-to-date symlink: /root/ros2_code/humble/dai_ws/install/depthimage_to_laserscan/share/ament_index/resource_index/rclcpp_components/depthimage_to_laserscan
[3.779s] -- Up-to-date symlink: /root/ros2_code/humble/dai_ws/install/depthimage_to_laserscan/share/depthimage_to_laserscan/cmake/ament_cmake_export_include_directories-extras.cmake
[3.781s] -- Up-to-date symlink: /root/ros2_code/humble/dai_ws/install/depthimage_to_laserscan/share/depthimage_to_laserscan/cmake/ament_cmake_export_libraries-extras.cmake
[3.797s] -- Up-to-date symlink: /root/ros2_code/humble/dai_ws/install/depthimage_to_laserscan/share/depthimage_to_laserscan/cmake/ament_cmake_export_targets-extras.cmake
[3.815s] -- Up-to-date symlink: /root/ros2_code/humble/dai_ws/install/depthimage_to_laserscan/share/depthimage_to_laserscan/cmake/ament_cmake_export_dependencies-extras.cmake
[3.817s] -- Up-to-date symlink: /root/ros2_code/humble/dai_ws/install/depthimage_to_laserscan/share/depthimage_to_laserscan/cmake/depthimage_to_laserscanConfig.cmake
[3.820s] -- Up-to-date symlink: /root/ros2_code/humble/dai_ws/install/depthimage_to_laserscan/share/depthimage_to_laserscan/cmake/depthimage_to_laserscanConfig-version.cmake
[3.822s] -- Up-to-date symlink: /root/ros2_code/humble/dai_ws/install/depthimage_to_laserscan/share/depthimage_to_laserscan/package.xml
[3.825s] -- Up-to-date: /root/ros2_code/humble/dai_ws/install/depthimage_to_laserscan/lib/libDepthImageToLaserScan.so
[3.827s] -- Up-to-date: /root/ros2_code/humble/dai_ws/install/depthimage_to_laserscan/lib/libDepthImageToLaserScanROS.so
[3.833s] -- Up-to-date: /root/ros2_code/humble/dai_ws/install/depthimage_to_laserscan/share/depthimage_to_laserscan/cmake/export_depthimage_to_laserscanExport.cmake
[3.834s] -- Up-to-date: /root/ros2_code/humble/dai_ws/install/depthimage_to_laserscan/share/depthimage_to_laserscan/cmake/export_depthimage_to_laserscanExport-noconfig.cmake
[4.351s] Invoked command in '/root/ros2_code/humble/dai_ws/build/depthimage_to_laserscan' returned '0': CMAKE_PREFIX_PATH=${CMAKE_PREFIX_PATH}:/root/ros2_code/humble/learning/install/ball_tracker:/opt/ros/humble /usr/bin/cmake --install /root/ros2_code/humble/dai_ws/build/depthimage_to_laserscan
