[0.488s] Invoking command in '/root/ros2_code/humble/ros_bot/build/rosbot_xl_description': CMAKE_PREFIX_PATH=/root/ros2_code/humble/ros_bot/install/ros_components_description:/root/ros2_code/humble/ros_bot/install/tutorial_pkg:/root/ros2_code/humble/ros_bot/install/rosbot:/root/ros2_code/humble/ros_bot/install/rosbot_description:/root/ros2_code/humble/ros_bot/install/husarion_office_gz:/root/ros2_code/humble/vision/install/diff_robot_pkg:/root/ros2_code/humble/simulations/install/neo_simulation2:/root/ros2_code/humble/simulations/install/bcr_bot:/root/ros2_code/humble/ros_bot/install/rosbot_utils:/root/ros2_code/humble/ros_bot/install/rosbot_gazebo:/root/ros2_code/humble/ros_bot/install/rosbot_bringup:/root/ros2_code/humble/ros_bot/install/rosbot_controller:/root/ros2_code/humble/vision/install/path_planner_pkg:/root/ros2_code/humble/vision/install/nav2_api_pkg:/root/ros2_code/humble/vision/install/joystick_pkg:/root/ros2_code/humble/vision/install/cartographer_pkg:/root/ros2_code/humble/nav2class/install/autonomous_tb3:/root/ros2_code/humble/simulations/install/path_planner_server:/root/ros2_code/humble/simulations/install/map_server:/root/ros2_code/humble/simulations/install/localization_server:/opt/ros/humble /usr/bin/cmake /root/ros2_code/humble/ros_bot/src/rosbot_xl_ros/rosbot_xl_description -DCMAKE_INSTALL_PREFIX=/root/ros2_code/humble/ros_bot/install/rosbot_xl_description
[1.273s] -- The C compiler identification is GNU 11.4.0
[1.274s] -- The CXX compiler identification is GNU 11.4.0
[1.274s] -- Detecting C compiler ABI info
[1.274s] -- Detecting C compiler ABI info - done
[1.274s] -- Check for working C compiler: /usr/bin/cc - skipped
[1.275s] -- Detecting C compile features
[1.275s] -- Detecting C compile features - done
[1.275s] -- Detecting CXX compiler ABI info
[1.275s] -- Detecting CXX compiler ABI info - done
[1.275s] -- Check for working CXX compiler: /usr/bin/c++ - skipped
[1.275s] -- Detecting CXX compile features
[1.275s] -- Detecting CXX compile features - done
[1.275s] -- Found ament_cmake: 1.3.6 (/opt/ros/humble/share/ament_cmake/cmake)
[1.390s] -- Found Python3: /usr/bin/python3.10 (found version "3.10.12") found components: Interpreter 
[1.774s] -- Configuring done
[1.779s] -- Generating done
[1.781s] -- Build files have been written to: /root/ros2_code/humble/ros_bot/build/rosbot_xl_description
[1.908s] Invoked command in '/root/ros2_code/humble/ros_bot/build/rosbot_xl_description' returned '0': CMAKE_PREFIX_PATH=/root/ros2_code/humble/ros_bot/install/ros_components_description:/root/ros2_code/humble/ros_bot/install/tutorial_pkg:/root/ros2_code/humble/ros_bot/install/rosbot:/root/ros2_code/humble/ros_bot/install/rosbot_description:/root/ros2_code/humble/ros_bot/install/husarion_office_gz:/root/ros2_code/humble/vision/install/diff_robot_pkg:/root/ros2_code/humble/simulations/install/neo_simulation2:/root/ros2_code/humble/simulations/install/bcr_bot:/root/ros2_code/humble/ros_bot/install/rosbot_utils:/root/ros2_code/humble/ros_bot/install/rosbot_gazebo:/root/ros2_code/humble/ros_bot/install/rosbot_bringup:/root/ros2_code/humble/ros_bot/install/rosbot_controller:/root/ros2_code/humble/vision/install/path_planner_pkg:/root/ros2_code/humble/vision/install/nav2_api_pkg:/root/ros2_code/humble/vision/install/joystick_pkg:/root/ros2_code/humble/vision/install/cartographer_pkg:/root/ros2_code/humble/nav2class/install/autonomous_tb3:/root/ros2_code/humble/simulations/install/path_planner_server:/root/ros2_code/humble/simulations/install/map_server:/root/ros2_code/humble/simulations/install/localization_server:/opt/ros/humble /usr/bin/cmake /root/ros2_code/humble/ros_bot/src/rosbot_xl_ros/rosbot_xl_description -DCMAKE_INSTALL_PREFIX=/root/ros2_code/humble/ros_bot/install/rosbot_xl_description
[1.910s] Invoking command in '/root/ros2_code/humble/ros_bot/build/rosbot_xl_description': CMAKE_PREFIX_PATH=/root/ros2_code/humble/ros_bot/install/ros_components_description:/root/ros2_code/humble/ros_bot/install/tutorial_pkg:/root/ros2_code/humble/ros_bot/install/rosbot:/root/ros2_code/humble/ros_bot/install/rosbot_description:/root/ros2_code/humble/ros_bot/install/husarion_office_gz:/root/ros2_code/humble/vision/install/diff_robot_pkg:/root/ros2_code/humble/simulations/install/neo_simulation2:/root/ros2_code/humble/simulations/install/bcr_bot:/root/ros2_code/humble/ros_bot/install/rosbot_utils:/root/ros2_code/humble/ros_bot/install/rosbot_gazebo:/root/ros2_code/humble/ros_bot/install/rosbot_bringup:/root/ros2_code/humble/ros_bot/install/rosbot_controller:/root/ros2_code/humble/vision/install/path_planner_pkg:/root/ros2_code/humble/vision/install/nav2_api_pkg:/root/ros2_code/humble/vision/install/joystick_pkg:/root/ros2_code/humble/vision/install/cartographer_pkg:/root/ros2_code/humble/nav2class/install/autonomous_tb3:/root/ros2_code/humble/simulations/install/path_planner_server:/root/ros2_code/humble/simulations/install/map_server:/root/ros2_code/humble/simulations/install/localization_server:/opt/ros/humble /usr/bin/cmake --build /root/ros2_code/humble/ros_bot/build/rosbot_xl_description -- -j12 -l12
[2.026s] Invoked command in '/root/ros2_code/humble/ros_bot/build/rosbot_xl_description' returned '0': CMAKE_PREFIX_PATH=/root/ros2_code/humble/ros_bot/install/ros_components_description:/root/ros2_code/humble/ros_bot/install/tutorial_pkg:/root/ros2_code/humble/ros_bot/install/rosbot:/root/ros2_code/humble/ros_bot/install/rosbot_description:/root/ros2_code/humble/ros_bot/install/husarion_office_gz:/root/ros2_code/humble/vision/install/diff_robot_pkg:/root/ros2_code/humble/simulations/install/neo_simulation2:/root/ros2_code/humble/simulations/install/bcr_bot:/root/ros2_code/humble/ros_bot/install/rosbot_utils:/root/ros2_code/humble/ros_bot/install/rosbot_gazebo:/root/ros2_code/humble/ros_bot/install/rosbot_bringup:/root/ros2_code/humble/ros_bot/install/rosbot_controller:/root/ros2_code/humble/vision/install/path_planner_pkg:/root/ros2_code/humble/vision/install/nav2_api_pkg:/root/ros2_code/humble/vision/install/joystick_pkg:/root/ros2_code/humble/vision/install/cartographer_pkg:/root/ros2_code/humble/nav2class/install/autonomous_tb3:/root/ros2_code/humble/simulations/install/path_planner_server:/root/ros2_code/humble/simulations/install/map_server:/root/ros2_code/humble/simulations/install/localization_server:/opt/ros/humble /usr/bin/cmake --build /root/ros2_code/humble/ros_bot/build/rosbot_xl_description -- -j12 -l12
[2.065s] Invoking command in '/root/ros2_code/humble/ros_bot/build/rosbot_xl_description': CMAKE_PREFIX_PATH=/root/ros2_code/humble/ros_bot/install/ros_components_description:/root/ros2_code/humble/ros_bot/install/tutorial_pkg:/root/ros2_code/humble/ros_bot/install/rosbot:/root/ros2_code/humble/ros_bot/install/rosbot_description:/root/ros2_code/humble/ros_bot/install/husarion_office_gz:/root/ros2_code/humble/vision/install/diff_robot_pkg:/root/ros2_code/humble/simulations/install/neo_simulation2:/root/ros2_code/humble/simulations/install/bcr_bot:/root/ros2_code/humble/ros_bot/install/rosbot_utils:/root/ros2_code/humble/ros_bot/install/rosbot_gazebo:/root/ros2_code/humble/ros_bot/install/rosbot_bringup:/root/ros2_code/humble/ros_bot/install/rosbot_controller:/root/ros2_code/humble/vision/install/path_planner_pkg:/root/ros2_code/humble/vision/install/nav2_api_pkg:/root/ros2_code/humble/vision/install/joystick_pkg:/root/ros2_code/humble/vision/install/cartographer_pkg:/root/ros2_code/humble/nav2class/install/autonomous_tb3:/root/ros2_code/humble/simulations/install/path_planner_server:/root/ros2_code/humble/simulations/install/map_server:/root/ros2_code/humble/simulations/install/localization_server:/opt/ros/humble /usr/bin/cmake --install /root/ros2_code/humble/ros_bot/build/rosbot_xl_description
[2.080s] -- Install configuration: ""
[2.080s] -- Installing: /root/ros2_code/humble/ros_bot/install/rosbot_xl_description/share/rosbot_xl_description/meshes
[2.080s] -- Installing: /root/ros2_code/humble/ros_bot/install/rosbot_xl_description/share/rosbot_xl_description/meshes/body.dae
[2.085s] -- Installing: /root/ros2_code/humble/ros_bot/install/rosbot_xl_description/share/rosbot_xl_description/meshes/components
[2.086s] -- Installing: /root/ros2_code/humble/ros_bot/install/rosbot_xl_description/share/rosbot_xl_description/meshes/components/camera_mount_top.dae
[2.086s] -- Installing: /root/ros2_code/humble/ros_bot/install/rosbot_xl_description/share/rosbot_xl_description/meshes/components/camera_mount_bot.dae
[2.087s] -- Installing: /root/ros2_code/humble/ros_bot/install/rosbot_xl_description/share/rosbot_xl_description/meshes/components/camera_mount_mid.dae
[2.087s] -- Installing: /root/ros2_code/humble/ros_bot/install/rosbot_xl_description/share/rosbot_xl_description/meshes/components/antenna.dae
[2.087s] -- Installing: /root/ros2_code/humble/ros_bot/install/rosbot_xl_description/share/rosbot_xl_description/meshes/components/antenna_connector.dae
[2.088s] -- Installing: /root/ros2_code/humble/ros_bot/install/rosbot_xl_description/share/rosbot_xl_description/meshes/body_colision.stl
[2.088s] -- Installing: /root/ros2_code/humble/ros_bot/install/rosbot_xl_description/share/rosbot_xl_description/meshes/mecanum_b.dae
[2.090s] -- Installing: /root/ros2_code/humble/ros_bot/install/rosbot_xl_description/share/rosbot_xl_description/meshes/mecanum_a.dae
[2.091s] -- Installing: /root/ros2_code/humble/ros_bot/install/rosbot_xl_description/share/rosbot_xl_description/meshes/wheel_b.dae
[2.091s] -- Installing: /root/ros2_code/humble/ros_bot/install/rosbot_xl_description/share/rosbot_xl_description/meshes/wheel_a.dae
[2.092s] -- Installing: /root/ros2_code/humble/ros_bot/install/rosbot_xl_description/share/rosbot_xl_description/urdf
[2.092s] -- Installing: /root/ros2_code/humble/ros_bot/install/rosbot_xl_description/share/rosbot_xl_description/urdf/rosbot_xl.urdf.xacro
[2.093s] -- Installing: /root/ros2_code/humble/ros_bot/install/rosbot_xl_description/share/rosbot_xl_description/urdf/body.urdf.xacro
[2.093s] -- Installing: /root/ros2_code/humble/ros_bot/install/rosbot_xl_description/share/rosbot_xl_description/urdf/components
[2.093s] -- Installing: /root/ros2_code/humble/ros_bot/install/rosbot_xl_description/share/rosbot_xl_description/urdf/components/antenna.urdf.xacro
[2.093s] -- Installing: /root/ros2_code/humble/ros_bot/install/rosbot_xl_description/share/rosbot_xl_description/urdf/components/camera_mount.urdf.xacro
[2.093s] -- Installing: /root/ros2_code/humble/ros_bot/install/rosbot_xl_description/share/rosbot_xl_description/urdf/rosbot_xl_macro.urdf.xacro
[2.094s] -- Installing: /root/ros2_code/humble/ros_bot/install/rosbot_xl_description/share/rosbot_xl_description/urdf/wheel.urdf.xacro
[2.094s] -- Installing: /root/ros2_code/humble/ros_bot/install/rosbot_xl_description/share/rosbot_xl_description/environment/rosbot_xl_description.sh
[2.095s] -- Installing: /root/ros2_code/humble/ros_bot/install/rosbot_xl_description/share/ament_index/resource_index/package_run_dependencies/rosbot_xl_description
[2.095s] -- Installing: /root/ros2_code/humble/ros_bot/install/rosbot_xl_description/share/ament_index/resource_index/parent_prefix_path/rosbot_xl_description
[2.095s] -- Installing: /root/ros2_code/humble/ros_bot/install/rosbot_xl_description/share/rosbot_xl_description/environment/ament_prefix_path.sh
[2.095s] -- Installing: /root/ros2_code/humble/ros_bot/install/rosbot_xl_description/share/rosbot_xl_description/environment/ament_prefix_path.dsv
[2.096s] -- Installing: /root/ros2_code/humble/ros_bot/install/rosbot_xl_description/share/rosbot_xl_description/environment/path.sh
[2.096s] -- Installing: /root/ros2_code/humble/ros_bot/install/rosbot_xl_description/share/rosbot_xl_description/environment/path.dsv
[2.096s] -- Installing: /root/ros2_code/humble/ros_bot/install/rosbot_xl_description/share/rosbot_xl_description/local_setup.bash
[2.097s] -- Installing: /root/ros2_code/humble/ros_bot/install/rosbot_xl_description/share/rosbot_xl_description/local_setup.sh
[2.097s] -- Installing: /root/ros2_code/humble/ros_bot/install/rosbot_xl_description/share/rosbot_xl_description/local_setup.zsh
[2.097s] -- Installing: /root/ros2_code/humble/ros_bot/install/rosbot_xl_description/share/rosbot_xl_description/local_setup.dsv
[2.097s] -- Installing: /root/ros2_code/humble/ros_bot/install/rosbot_xl_description/share/rosbot_xl_description/package.dsv
[2.098s] -- Installing: /root/ros2_code/humble/ros_bot/install/rosbot_xl_description/share/ament_index/resource_index/packages/rosbot_xl_description
[2.098s] -- Installing: /root/ros2_code/humble/ros_bot/install/rosbot_xl_description/share/rosbot_xl_description/cmake/rosbot_xl_descriptionConfig.cmake
[2.098s] -- Installing: /root/ros2_code/humble/ros_bot/install/rosbot_xl_description/share/rosbot_xl_description/cmake/rosbot_xl_descriptionConfig-version.cmake
[2.098s] -- Installing: /root/ros2_code/humble/ros_bot/install/rosbot_xl_description/share/rosbot_xl_description/package.xml
[2.106s] Invoked command in '/root/ros2_code/humble/ros_bot/build/rosbot_xl_description' returned '0': CMAKE_PREFIX_PATH=/root/ros2_code/humble/ros_bot/install/ros_components_description:/root/ros2_code/humble/ros_bot/install/tutorial_pkg:/root/ros2_code/humble/ros_bot/install/rosbot:/root/ros2_code/humble/ros_bot/install/rosbot_description:/root/ros2_code/humble/ros_bot/install/husarion_office_gz:/root/ros2_code/humble/vision/install/diff_robot_pkg:/root/ros2_code/humble/simulations/install/neo_simulation2:/root/ros2_code/humble/simulations/install/bcr_bot:/root/ros2_code/humble/ros_bot/install/rosbot_utils:/root/ros2_code/humble/ros_bot/install/rosbot_gazebo:/root/ros2_code/humble/ros_bot/install/rosbot_bringup:/root/ros2_code/humble/ros_bot/install/rosbot_controller:/root/ros2_code/humble/vision/install/path_planner_pkg:/root/ros2_code/humble/vision/install/nav2_api_pkg:/root/ros2_code/humble/vision/install/joystick_pkg:/root/ros2_code/humble/vision/install/cartographer_pkg:/root/ros2_code/humble/nav2class/install/autonomous_tb3:/root/ros2_code/humble/simulations/install/path_planner_server:/root/ros2_code/humble/simulations/install/map_server:/root/ros2_code/humble/simulations/install/localization_server:/opt/ros/humble /usr/bin/cmake --install /root/ros2_code/humble/ros_bot/build/rosbot_xl_description
