-- The C compiler identification is GNU 11.4.0
-- The CXX compiler identification is GNU 11.4.0
-- Detecting C compiler ABI info
-- Detecting C compiler ABI info - done
-- Check for working C compiler: /usr/bin/cc - skipped
-- Detecting C compile features
-- Detecting C compile features - done
-- Detecting CXX compiler ABI info
-- Detecting CXX compiler ABI info - done
-- Check for working CXX compiler: /usr/bin/c++ - skipped
-- Detecting CXX compile features
-- Detecting CXX compile features - done
-- Found ament_cmake: 1.3.6 (/opt/ros/humble/share/ament_cmake/cmake)
-- Found Python3: /usr/bin/python3.10 (found version "3.10.12") found components: Interpreter 
-- Found rclcpp: 16.0.7 (/opt/ros/humble/share/rclcpp/cmake)
-- Found rosidl_generator_c: 3.1.5 (/opt/ros/humble/share/rosidl_generator_c/cmake)
-- Found rosidl_adapter: 3.1.5 (/opt/ros/humble/share/rosidl_adapter/cmake)
-- Found rosidl_generator_cpp: 3.1.5 (/opt/ros/humble/share/rosidl_generator_cpp/cmake)
-- Using all available rosidl_typesupport_c: rosidl_typesupport_fastrtps_c;rosidl_typesupport_introspection_c
-- Using all available rosidl_typesupport_cpp: rosidl_typesupport_fastrtps_cpp;rosidl_typesupport_introspection_cpp
-- Found rmw_implementation_cmake: 6.1.1 (/opt/ros/humble/share/rmw_implementation_cmake/cmake)
-- Found rmw_cyclonedds_cpp: 1.3.4 (/opt/ros/humble/share/rmw_cyclonedds_cpp/cmake)
-- Using RMW implementation 'rmw_cyclonedds_cpp' as default
-- Looking for pthread.h
-- Looking for pthread.h - found
-- Performing Test CMAKE_HAVE_LIBC_PTHREAD
-- Performing Test CMAKE_HAVE_LIBC_PTHREAD - Success
-- Found Threads: TRUE  
-- Found rclcpp_action: 16.0.7 (/opt/ros/humble/share/rclcpp_action/cmake)
-- Found t3_action_msg: 0.0.0 (/root/ros2_code/simulations/ros2_sims_ws/install/t3_action_msg/share/t3_action_msg/cmake)
-- Found geometry_msgs: 4.2.3 (/opt/ros/humble/share/geometry_msgs/cmake)
-- Found ament_lint_auto: 0.12.9 (/opt/ros/humble/share/ament_lint_auto/cmake)
-- Added test 'copyright' to check source files copyright and LICENSE
-- Added test 'cppcheck' to perform static code analysis on C / C++ code
-- Configured cppcheck include dirs: 
-- Configured cppcheck exclude dirs and/or files: 
-- Added test 'cpplint' to check C / C++ code against the Google style
-- Configured cpplint exclude dirs and/or files: 
-- Added test 'flake8' to check Python code syntax and style conventions
-- Added test 'lint_cmake' to check CMake code style
-- Added test 'pep257' to check Python code against some of the docstring style conventions in PEP 257
-- Added test 'uncrustify' to check C / C++ code style
-- Configured uncrustify additional arguments: 
-- Added test 'xmllint' to check XML markup files
-- Configuring done
-- Generating done
-- Build files have been written to: /root/ros2_code/simulations/ros2_sims_ws/build/move_robot_as
[ 50%] [32mBuilding CXX object CMakeFiles/move_robot_as.dir/src/action_server.cpp.o[0m
[100%] [32m[1mLinking CXX executable move_robot_as[0m
[100%] Built target move_robot_as
-- Install configuration: ""
-- Installing: /root/ros2_code/simulations/ros2_sims_ws/install/move_robot_as/lib/move_robot_as/move_robot_as
-- Set runtime path of "/root/ros2_code/simulations/ros2_sims_ws/install/move_robot_as/lib/move_robot_as/move_robot_as" to ""
-- Installing: /root/ros2_code/simulations/ros2_sims_ws/install/move_robot_as/share/move_robot_as//launch
-- Installing: /root/ros2_code/simulations/ros2_sims_ws/install/move_robot_as/share/move_robot_as//launch/action_server.launch.py
-- Installing: /root/ros2_code/simulations/ros2_sims_ws/install/move_robot_as/share/ament_index/resource_index/package_run_dependencies/move_robot_as
-- Installing: /root/ros2_code/simulations/ros2_sims_ws/install/move_robot_as/share/ament_index/resource_index/parent_prefix_path/move_robot_as
-- Installing: /root/ros2_code/simulations/ros2_sims_ws/install/move_robot_as/share/move_robot_as/environment/ament_prefix_path.sh
-- Installing: /root/ros2_code/simulations/ros2_sims_ws/install/move_robot_as/share/move_robot_as/environment/ament_prefix_path.dsv
-- Installing: /root/ros2_code/simulations/ros2_sims_ws/install/move_robot_as/share/move_robot_as/environment/path.sh
-- Installing: /root/ros2_code/simulations/ros2_sims_ws/install/move_robot_as/share/move_robot_as/environment/path.dsv
-- Installing: /root/ros2_code/simulations/ros2_sims_ws/install/move_robot_as/share/move_robot_as/local_setup.bash
-- Installing: /root/ros2_code/simulations/ros2_sims_ws/install/move_robot_as/share/move_robot_as/local_setup.sh
-- Installing: /root/ros2_code/simulations/ros2_sims_ws/install/move_robot_as/share/move_robot_as/local_setup.zsh
-- Installing: /root/ros2_code/simulations/ros2_sims_ws/install/move_robot_as/share/move_robot_as/local_setup.dsv
-- Installing: /root/ros2_code/simulations/ros2_sims_ws/install/move_robot_as/share/move_robot_as/package.dsv
-- Installing: /root/ros2_code/simulations/ros2_sims_ws/install/move_robot_as/share/ament_index/resource_index/packages/move_robot_as
-- Installing: /root/ros2_code/simulations/ros2_sims_ws/install/move_robot_as/share/move_robot_as/cmake/move_robot_asConfig.cmake
-- Installing: /root/ros2_code/simulations/ros2_sims_ws/install/move_robot_as/share/move_robot_as/cmake/move_robot_asConfig-version.cmake
-- Installing: /root/ros2_code/simulations/ros2_sims_ws/install/move_robot_as/share/move_robot_as/package.xml
