[0.096s] Invoking command in '/root/ros2_code/simulations/ros2_sims_ws/build/move_robot_as': AMENT_PREFIX_PATH=/root/ros2_code/simulations/ros2_sims_ws/install/t3_action_msg:${AMENT_PREFIX_PATH} CMAKE_PREFIX_PATH=/root/ros2_code/simulations/ros2_sims_ws/install/t3_action_msg:/root/ros2_code/humble/tc_ros2_nav/install/nav2_course:/root/ros2_code/humble/tc_ros2_advance_nav/install/path_planner_server:/root/ros2_code/humble/tc_ros2_advance_nav/install/map_server:/root/ros2_code/humble/tc_ros2_advance_nav/install/localization_server:/root/ros2_code/humble/tc_ros2_nav/install/path_planner_server:/root/ros2_code/humble/tc_ros2_nav/install/navigation:/root/ros2_code/humble/tc_ros2_nav/install/nav2_project:/root/ros2_code/humble/tc_ros2_nav/install/map_server:/root/ros2_code/humble/tc_ros2_nav/install/localization_server:/root/ros2_code/humble/tc_ros2_nav/install/cartographer_slam:/root/ros2_code/humble/tc_ros2_nav/install/amcl:/root/ros2_code/humble/joystick/install/control:/opt/ros/humble LD_LIBRARY_PATH=/root/ros2_code/simulations/ros2_sims_ws/install/t3_action_msg/lib:${LD_LIBRARY_PATH} PYTHONPATH=/root/ros2_code/simulations/ros2_sims_ws/install/t3_action_msg/local/lib/python3.10/dist-packages:${PYTHONPATH} /usr/bin/cmake /root/ros2_code/simulations/ros2_sims_ws/src/t3_foxy/move_robot_as -DCMAKE_INSTALL_PREFIX=/root/ros2_code/simulations/ros2_sims_ws/install/move_robot_as
[0.151s] -- The C compiler identification is GNU 11.4.0
[0.202s] -- The CXX compiler identification is GNU 11.4.0
[0.210s] -- Detecting C compiler ABI info
[0.282s] -- Detecting C compiler ABI info - done
[0.287s] -- Check for working C compiler: /usr/bin/cc - skipped
[0.287s] -- Detecting C compile features
[0.287s] -- Detecting C compile features - done
[0.289s] -- Detecting CXX compiler ABI info
[0.370s] -- Detecting CXX compiler ABI info - done
[0.375s] -- Check for working CXX compiler: /usr/bin/c++ - skipped
[0.375s] -- Detecting CXX compile features
[0.375s] -- Detecting CXX compile features - done
[0.381s] -- Found ament_cmake: 1.3.6 (/opt/ros/humble/share/ament_cmake/cmake)
[0.558s] -- Found Python3: /usr/bin/python3.10 (found version "3.10.12") found components: Interpreter 
[0.687s] -- Found rclcpp: 16.0.7 (/opt/ros/humble/share/rclcpp/cmake)
[0.765s] -- Found rosidl_generator_c: 3.1.5 (/opt/ros/humble/share/rosidl_generator_c/cmake)
[0.776s] -- Found rosidl_adapter: 3.1.5 (/opt/ros/humble/share/rosidl_adapter/cmake)
[0.789s] -- Found rosidl_generator_cpp: 3.1.5 (/opt/ros/humble/share/rosidl_generator_cpp/cmake)
[0.808s] -- Using all available rosidl_typesupport_c: rosidl_typesupport_fastrtps_c;rosidl_typesupport_introspection_c
[0.835s] -- Using all available rosidl_typesupport_cpp: rosidl_typesupport_fastrtps_cpp;rosidl_typesupport_introspection_cpp
[0.923s] -- Found rmw_implementation_cmake: 6.1.1 (/opt/ros/humble/share/rmw_implementation_cmake/cmake)
[0.929s] -- Found rmw_cyclonedds_cpp: 1.3.4 (/opt/ros/humble/share/rmw_cyclonedds_cpp/cmake)
[0.968s] -- Using RMW implementation 'rmw_cyclonedds_cpp' as default
[0.987s] -- Looking for pthread.h
[1.066s] -- Looking for pthread.h - found
[1.066s] -- Performing Test CMAKE_HAVE_LIBC_PTHREAD
[1.141s] -- Performing Test CMAKE_HAVE_LIBC_PTHREAD - Success
[1.141s] -- Found Threads: TRUE  
[1.274s] -- Found rclcpp_action: 16.0.7 (/opt/ros/humble/share/rclcpp_action/cmake)
[1.354s] -- Found t3_action_msg: 0.0.0 (/root/ros2_code/simulations/ros2_sims_ws/install/t3_action_msg/share/t3_action_msg/cmake)
[1.394s] -- Found geometry_msgs: 4.2.3 (/opt/ros/humble/share/geometry_msgs/cmake)
[1.431s] -- Found ament_lint_auto: 0.12.9 (/opt/ros/humble/share/ament_lint_auto/cmake)
[1.535s] -- Added test 'copyright' to check source files copyright and LICENSE
[1.536s] -- Added test 'cppcheck' to perform static code analysis on C / C++ code
[1.536s] -- Configured cppcheck include dirs: 
[1.536s] -- Configured cppcheck exclude dirs and/or files: 
[1.537s] -- Added test 'cpplint' to check C / C++ code against the Google style
[1.537s] -- Configured cpplint exclude dirs and/or files: 
[1.538s] -- Added test 'flake8' to check Python code syntax and style conventions
[1.539s] -- Added test 'lint_cmake' to check CMake code style
[1.539s] -- Added test 'pep257' to check Python code against some of the docstring style conventions in PEP 257
[1.540s] -- Added test 'uncrustify' to check C / C++ code style
[1.540s] -- Configured uncrustify additional arguments: 
[1.541s] -- Added test 'xmllint' to check XML markup files
[1.542s] -- Configuring done
[1.555s] -- Generating done
[1.556s] -- Build files have been written to: /root/ros2_code/simulations/ros2_sims_ws/build/move_robot_as
[1.563s] Invoked command in '/root/ros2_code/simulations/ros2_sims_ws/build/move_robot_as' returned '0': AMENT_PREFIX_PATH=/root/ros2_code/simulations/ros2_sims_ws/install/t3_action_msg:${AMENT_PREFIX_PATH} CMAKE_PREFIX_PATH=/root/ros2_code/simulations/ros2_sims_ws/install/t3_action_msg:/root/ros2_code/humble/tc_ros2_nav/install/nav2_course:/root/ros2_code/humble/tc_ros2_advance_nav/install/path_planner_server:/root/ros2_code/humble/tc_ros2_advance_nav/install/map_server:/root/ros2_code/humble/tc_ros2_advance_nav/install/localization_server:/root/ros2_code/humble/tc_ros2_nav/install/path_planner_server:/root/ros2_code/humble/tc_ros2_nav/install/navigation:/root/ros2_code/humble/tc_ros2_nav/install/nav2_project:/root/ros2_code/humble/tc_ros2_nav/install/map_server:/root/ros2_code/humble/tc_ros2_nav/install/localization_server:/root/ros2_code/humble/tc_ros2_nav/install/cartographer_slam:/root/ros2_code/humble/tc_ros2_nav/install/amcl:/root/ros2_code/humble/joystick/install/control:/opt/ros/humble LD_LIBRARY_PATH=/root/ros2_code/simulations/ros2_sims_ws/install/t3_action_msg/lib:${LD_LIBRARY_PATH} PYTHONPATH=/root/ros2_code/simulations/ros2_sims_ws/install/t3_action_msg/local/lib/python3.10/dist-packages:${PYTHONPATH} /usr/bin/cmake /root/ros2_code/simulations/ros2_sims_ws/src/t3_foxy/move_robot_as -DCMAKE_INSTALL_PREFIX=/root/ros2_code/simulations/ros2_sims_ws/install/move_robot_as
[1.564s] Invoking command in '/root/ros2_code/simulations/ros2_sims_ws/build/move_robot_as': AMENT_PREFIX_PATH=/root/ros2_code/simulations/ros2_sims_ws/install/t3_action_msg:${AMENT_PREFIX_PATH} CMAKE_PREFIX_PATH=/root/ros2_code/simulations/ros2_sims_ws/install/t3_action_msg:/root/ros2_code/humble/tc_ros2_nav/install/nav2_course:/root/ros2_code/humble/tc_ros2_advance_nav/install/path_planner_server:/root/ros2_code/humble/tc_ros2_advance_nav/install/map_server:/root/ros2_code/humble/tc_ros2_advance_nav/install/localization_server:/root/ros2_code/humble/tc_ros2_nav/install/path_planner_server:/root/ros2_code/humble/tc_ros2_nav/install/navigation:/root/ros2_code/humble/tc_ros2_nav/install/nav2_project:/root/ros2_code/humble/tc_ros2_nav/install/map_server:/root/ros2_code/humble/tc_ros2_nav/install/localization_server:/root/ros2_code/humble/tc_ros2_nav/install/cartographer_slam:/root/ros2_code/humble/tc_ros2_nav/install/amcl:/root/ros2_code/humble/joystick/install/control:/opt/ros/humble LD_LIBRARY_PATH=/root/ros2_code/simulations/ros2_sims_ws/install/t3_action_msg/lib:${LD_LIBRARY_PATH} PYTHONPATH=/root/ros2_code/simulations/ros2_sims_ws/install/t3_action_msg/local/lib/python3.10/dist-packages:${PYTHONPATH} /usr/bin/cmake --build /root/ros2_code/simulations/ros2_sims_ws/build/move_robot_as -- -j12 -l12
[1.620s] [ 50%] [32mBuilding CXX object CMakeFiles/move_robot_as.dir/src/action_server.cpp.o[0m
[5.722s] [100%] [32m[1mLinking CXX executable move_robot_as[0m
[5.906s] [100%] Built target move_robot_as
[5.917s] Invoked command in '/root/ros2_code/simulations/ros2_sims_ws/build/move_robot_as' returned '0': AMENT_PREFIX_PATH=/root/ros2_code/simulations/ros2_sims_ws/install/t3_action_msg:${AMENT_PREFIX_PATH} CMAKE_PREFIX_PATH=/root/ros2_code/simulations/ros2_sims_ws/install/t3_action_msg:/root/ros2_code/humble/tc_ros2_nav/install/nav2_course:/root/ros2_code/humble/tc_ros2_advance_nav/install/path_planner_server:/root/ros2_code/humble/tc_ros2_advance_nav/install/map_server:/root/ros2_code/humble/tc_ros2_advance_nav/install/localization_server:/root/ros2_code/humble/tc_ros2_nav/install/path_planner_server:/root/ros2_code/humble/tc_ros2_nav/install/navigation:/root/ros2_code/humble/tc_ros2_nav/install/nav2_project:/root/ros2_code/humble/tc_ros2_nav/install/map_server:/root/ros2_code/humble/tc_ros2_nav/install/localization_server:/root/ros2_code/humble/tc_ros2_nav/install/cartographer_slam:/root/ros2_code/humble/tc_ros2_nav/install/amcl:/root/ros2_code/humble/joystick/install/control:/opt/ros/humble LD_LIBRARY_PATH=/root/ros2_code/simulations/ros2_sims_ws/install/t3_action_msg/lib:${LD_LIBRARY_PATH} PYTHONPATH=/root/ros2_code/simulations/ros2_sims_ws/install/t3_action_msg/local/lib/python3.10/dist-packages:${PYTHONPATH} /usr/bin/cmake --build /root/ros2_code/simulations/ros2_sims_ws/build/move_robot_as -- -j12 -l12
[5.952s] Invoking command in '/root/ros2_code/simulations/ros2_sims_ws/build/move_robot_as': AMENT_PREFIX_PATH=/root/ros2_code/simulations/ros2_sims_ws/install/t3_action_msg:${AMENT_PREFIX_PATH} CMAKE_PREFIX_PATH=/root/ros2_code/simulations/ros2_sims_ws/install/t3_action_msg:/root/ros2_code/humble/tc_ros2_nav/install/nav2_course:/root/ros2_code/humble/tc_ros2_advance_nav/install/path_planner_server:/root/ros2_code/humble/tc_ros2_advance_nav/install/map_server:/root/ros2_code/humble/tc_ros2_advance_nav/install/localization_server:/root/ros2_code/humble/tc_ros2_nav/install/path_planner_server:/root/ros2_code/humble/tc_ros2_nav/install/navigation:/root/ros2_code/humble/tc_ros2_nav/install/nav2_project:/root/ros2_code/humble/tc_ros2_nav/install/map_server:/root/ros2_code/humble/tc_ros2_nav/install/localization_server:/root/ros2_code/humble/tc_ros2_nav/install/cartographer_slam:/root/ros2_code/humble/tc_ros2_nav/install/amcl:/root/ros2_code/humble/joystick/install/control:/opt/ros/humble LD_LIBRARY_PATH=/root/ros2_code/simulations/ros2_sims_ws/install/t3_action_msg/lib:${LD_LIBRARY_PATH} PYTHONPATH=/root/ros2_code/simulations/ros2_sims_ws/install/t3_action_msg/local/lib/python3.10/dist-packages:${PYTHONPATH} /usr/bin/cmake --install /root/ros2_code/simulations/ros2_sims_ws/build/move_robot_as
[5.960s] -- Install configuration: ""
[5.960s] -- Installing: /root/ros2_code/simulations/ros2_sims_ws/install/move_robot_as/lib/move_robot_as/move_robot_as
[5.962s] -- Set runtime path of "/root/ros2_code/simulations/ros2_sims_ws/install/move_robot_as/lib/move_robot_as/move_robot_as" to ""
[5.962s] -- Installing: /root/ros2_code/simulations/ros2_sims_ws/install/move_robot_as/share/move_robot_as//launch
[5.962s] -- Installing: /root/ros2_code/simulations/ros2_sims_ws/install/move_robot_as/share/move_robot_as//launch/action_server.launch.py
[5.962s] -- Installing: /root/ros2_code/simulations/ros2_sims_ws/install/move_robot_as/share/ament_index/resource_index/package_run_dependencies/move_robot_as
[5.963s] -- Installing: /root/ros2_code/simulations/ros2_sims_ws/install/move_robot_as/share/ament_index/resource_index/parent_prefix_path/move_robot_as
[5.963s] -- Installing: /root/ros2_code/simulations/ros2_sims_ws/install/move_robot_as/share/move_robot_as/environment/ament_prefix_path.sh
[5.963s] -- Installing: /root/ros2_code/simulations/ros2_sims_ws/install/move_robot_as/share/move_robot_as/environment/ament_prefix_path.dsv
[5.963s] -- Installing: /root/ros2_code/simulations/ros2_sims_ws/install/move_robot_as/share/move_robot_as/environment/path.sh
[5.963s] -- Installing: /root/ros2_code/simulations/ros2_sims_ws/install/move_robot_as/share/move_robot_as/environment/path.dsv
[5.963s] -- Installing: /root/ros2_code/simulations/ros2_sims_ws/install/move_robot_as/share/move_robot_as/local_setup.bash
[5.964s] -- Installing: /root/ros2_code/simulations/ros2_sims_ws/install/move_robot_as/share/move_robot_as/local_setup.sh
[5.964s] -- Installing: /root/ros2_code/simulations/ros2_sims_ws/install/move_robot_as/share/move_robot_as/local_setup.zsh
[5.964s] -- Installing: /root/ros2_code/simulations/ros2_sims_ws/install/move_robot_as/share/move_robot_as/local_setup.dsv
[5.964s] -- Installing: /root/ros2_code/simulations/ros2_sims_ws/install/move_robot_as/share/move_robot_as/package.dsv
[5.964s] -- Installing: /root/ros2_code/simulations/ros2_sims_ws/install/move_robot_as/share/ament_index/resource_index/packages/move_robot_as
[5.964s] -- Installing: /root/ros2_code/simulations/ros2_sims_ws/install/move_robot_as/share/move_robot_as/cmake/move_robot_asConfig.cmake
[5.964s] -- Installing: /root/ros2_code/simulations/ros2_sims_ws/install/move_robot_as/share/move_robot_as/cmake/move_robot_asConfig-version.cmake
[5.965s] -- Installing: /root/ros2_code/simulations/ros2_sims_ws/install/move_robot_as/share/move_robot_as/package.xml
[5.967s] Invoked command in '/root/ros2_code/simulations/ros2_sims_ws/build/move_robot_as' returned '0': AMENT_PREFIX_PATH=/root/ros2_code/simulations/ros2_sims_ws/install/t3_action_msg:${AMENT_PREFIX_PATH} CMAKE_PREFIX_PATH=/root/ros2_code/simulations/ros2_sims_ws/install/t3_action_msg:/root/ros2_code/humble/tc_ros2_nav/install/nav2_course:/root/ros2_code/humble/tc_ros2_advance_nav/install/path_planner_server:/root/ros2_code/humble/tc_ros2_advance_nav/install/map_server:/root/ros2_code/humble/tc_ros2_advance_nav/install/localization_server:/root/ros2_code/humble/tc_ros2_nav/install/path_planner_server:/root/ros2_code/humble/tc_ros2_nav/install/navigation:/root/ros2_code/humble/tc_ros2_nav/install/nav2_project:/root/ros2_code/humble/tc_ros2_nav/install/map_server:/root/ros2_code/humble/tc_ros2_nav/install/localization_server:/root/ros2_code/humble/tc_ros2_nav/install/cartographer_slam:/root/ros2_code/humble/tc_ros2_nav/install/amcl:/root/ros2_code/humble/joystick/install/control:/opt/ros/humble LD_LIBRARY_PATH=/root/ros2_code/simulations/ros2_sims_ws/install/t3_action_msg/lib:${LD_LIBRARY_PATH} PYTHONPATH=/root/ros2_code/simulations/ros2_sims_ws/install/t3_action_msg/local/lib/python3.10/dist-packages:${PYTHONPATH} /usr/bin/cmake --install /root/ros2_code/simulations/ros2_sims_ws/build/move_robot_as
