[2.300s] Invoking command in '/root/ros2_code/humble/vision/src/nav2_pkgs/nav2_api_pkg': PYTHONPATH=/root/ros2_code/humble/vision/build/nav2_api_pkg/prefix_override:/root/ros2_code/humble/vision/install/nav2_api_pkg/lib/python3.10/site-packages:${PYTHONPATH} /usr/bin/python3 setup.py egg_info --egg-base ../../../build/nav2_api_pkg build --build-base /root/ros2_code/humble/vision/build/nav2_api_pkg/build install --record /root/ros2_code/humble/vision/build/nav2_api_pkg/install.log --single-version-externally-managed
[2.649s] running egg_info
[2.650s] writing ../../../build/nav2_api_pkg/nav2_api_pkg.egg-info/PKG-INFO
[2.650s] writing dependency_links to ../../../build/nav2_api_pkg/nav2_api_pkg.egg-info/dependency_links.txt
[2.650s] writing entry points to ../../../build/nav2_api_pkg/nav2_api_pkg.egg-info/entry_points.txt
[2.650s] writing requirements to ../../../build/nav2_api_pkg/nav2_api_pkg.egg-info/requires.txt
[2.650s] writing top-level names to ../../../build/nav2_api_pkg/nav2_api_pkg.egg-info/top_level.txt
[2.652s] reading manifest file '../../../build/nav2_api_pkg/nav2_api_pkg.egg-info/SOURCES.txt'
[2.653s] writing manifest file '../../../build/nav2_api_pkg/nav2_api_pkg.egg-info/SOURCES.txt'
[2.654s] running build
[2.654s] running build_py
[2.654s] running install
[2.654s] running install_lib
[2.655s] running install_data
[2.656s] running install_egg_info
[2.657s] removing '/root/ros2_code/humble/vision/install/nav2_api_pkg/lib/python3.10/site-packages/nav2_api_pkg-0.0.0-py3.10.egg-info' (and everything under it)
[2.658s] Copying ../../../build/nav2_api_pkg/nav2_api_pkg.egg-info to /root/ros2_code/humble/vision/install/nav2_api_pkg/lib/python3.10/site-packages/nav2_api_pkg-0.0.0-py3.10.egg-info
[2.659s] running install_scripts
[2.680s] writing list of installed files to '/root/ros2_code/humble/vision/build/nav2_api_pkg/install.log'
[2.731s] Invoked command in '/root/ros2_code/humble/vision/src/nav2_pkgs/nav2_api_pkg' returned '0': PYTHONPATH=/root/ros2_code/humble/vision/build/nav2_api_pkg/prefix_override:/root/ros2_code/humble/vision/install/nav2_api_pkg/lib/python3.10/site-packages:${PYTHONPATH} /usr/bin/python3 setup.py egg_info --egg-base ../../../build/nav2_api_pkg build --build-base /root/ros2_code/humble/vision/build/nav2_api_pkg/build install --record /root/ros2_code/humble/vision/build/nav2_api_pkg/install.log --single-version-externally-managed
