[0.196s] Invoking command in '/root/ros2_code/humble/Asimcar/build/nav2_line_following_controller': CMAKE_PREFIX_PATH=${CMAKE_PREFIX_PATH}:/root/ros2_code/humble/vision/install/path_planner_pkg:/root/ros2_code/humble/vision/install/nav2_api_pkg:/root/ros2_code/humble/vision/install/joystick_pkg:/root/ros2_code/humble/vision/install/cartographer_pkg:/root/ros2_code/humble/nav2class/install/autonomous_tb3:/opt/ros/humble /usr/bin/cmake /root/ros2_code/humble/Asimcar/src/nav2_line_following_controller -DCMAKE_INSTALL_PREFIX=/root/ros2_code/humble/Asimcar/install/nav2_line_following_controller
[0.249s] -- The C compiler identification is GNU 11.4.0
[0.304s] -- The CXX compiler identification is GNU 11.4.0
[0.312s] -- Detecting C compiler ABI info
[0.387s] -- Detecting C compiler ABI info - done
[0.392s] -- Check for working C compiler: /usr/bin/cc - skipped
[0.392s] -- Detecting C compile features
[0.392s] -- Detecting C compile features - done
[0.395s] -- Detecting CXX compiler ABI info
[0.486s] -- Detecting CXX compiler ABI info - done
[0.491s] -- Check for working CXX compiler: /usr/bin/c++ - skipped
[0.491s] -- Detecting CXX compile features
[0.491s] -- Detecting CXX compile features - done
[0.499s] -- Found ament_cmake: 1.3.6 (/opt/ros/humble/share/ament_cmake/cmake)
[0.674s] -- Found Python3: /usr/bin/python3.10 (found version "3.10.12") found components: Interpreter 
[0.791s] -- Found nav2_common: 1.1.12 (/opt/ros/humble/share/nav2_common/cmake)
[0.795s] -- Found nav2_core: 1.1.12 (/opt/ros/humble/share/nav2_core/cmake)
[0.864s] -- Found rosidl_generator_c: 3.1.5 (/opt/ros/humble/share/rosidl_generator_c/cmake)
[0.873s] -- Found rosidl_adapter: 3.1.5 (/opt/ros/humble/share/rosidl_adapter/cmake)
[0.885s] -- Found rosidl_generator_cpp: 3.1.5 (/opt/ros/humble/share/rosidl_generator_cpp/cmake)
[0.900s] -- Using all available rosidl_typesupport_c: rosidl_typesupport_fastrtps_c;rosidl_typesupport_introspection_c
[0.925s] -- Using all available rosidl_typesupport_cpp: rosidl_typesupport_fastrtps_cpp;rosidl_typesupport_introspection_cpp
[1.004s] -- Found rmw_implementation_cmake: 6.1.1 (/opt/ros/humble/share/rmw_implementation_cmake/cmake)
[1.009s] -- Found rmw_cyclonedds_cpp: 1.3.4 (/opt/ros/humble/share/rmw_cyclonedds_cpp/cmake)
[1.057s] -- Using RMW implementation 'rmw_cyclonedds_cpp' as default
[1.076s] -- Looking for pthread.h
[1.147s] -- Looking for pthread.h - found
[1.147s] -- Performing Test CMAKE_HAVE_LIBC_PTHREAD
[1.225s] -- Performing Test CMAKE_HAVE_LIBC_PTHREAD - Success
[1.226s] -- Found Threads: TRUE  
[2.300s] -- Found Eigen3: TRUE (found version "3.4.0") 
[2.300s] -- Ensuring Eigen3 include directory is part of orocos-kdl CMake target
[3.586s] -- Setting build type to Release as none was specified.
[6.782s] -- Found ament_cmake_gtest: 1.3.6 (/opt/ros/humble/share/ament_cmake_gtest/cmake)
[6.788s] -- Found gtest sources under '/opt/ros/humble/src/gtest_vendor': C++ tests using 'Google Test' will be built
[10.024s] -- Configuring done
[10.142s] -- Generating done
[10.146s] -- Build files have been written to: /root/ros2_code/humble/Asimcar/build/nav2_line_following_controller
[10.176s] Invoked command in '/root/ros2_code/humble/Asimcar/build/nav2_line_following_controller' returned '0': CMAKE_PREFIX_PATH=${CMAKE_PREFIX_PATH}:/root/ros2_code/humble/vision/install/path_planner_pkg:/root/ros2_code/humble/vision/install/nav2_api_pkg:/root/ros2_code/humble/vision/install/joystick_pkg:/root/ros2_code/humble/vision/install/cartographer_pkg:/root/ros2_code/humble/nav2class/install/autonomous_tb3:/opt/ros/humble /usr/bin/cmake /root/ros2_code/humble/Asimcar/src/nav2_line_following_controller -DCMAKE_INSTALL_PREFIX=/root/ros2_code/humble/Asimcar/install/nav2_line_following_controller
[10.177s] Invoking command in '/root/ros2_code/humble/Asimcar/build/nav2_line_following_controller': CMAKE_PREFIX_PATH=${CMAKE_PREFIX_PATH}:/root/ros2_code/humble/vision/install/path_planner_pkg:/root/ros2_code/humble/vision/install/nav2_api_pkg:/root/ros2_code/humble/vision/install/joystick_pkg:/root/ros2_code/humble/vision/install/cartographer_pkg:/root/ros2_code/humble/nav2class/install/autonomous_tb3:/opt/ros/humble /usr/bin/cmake --build /root/ros2_code/humble/Asimcar/build/nav2_line_following_controller -- -j12 -l12
[10.244s] [ 23%] [32mBuilding CXX object gtest/CMakeFiles/gtest.dir/src/gtest-all.cc.o[0m
[10.244s] [ 23%] [32mBuilding CXX object CMakeFiles/nav2_line_following_controller.dir/src/line_following_controller.cpp.o[0m
[10.244s] [ 23%] [32mBuilding CXX object gtest/CMakeFiles/gtest_main.dir/src/gtest_main.cc.o[0m
[10.244s] [ 30%] [32mBuilding CXX object CMakeFiles/nav2_line_following_controller.dir/src/geometry.cpp.o[0m
[11.078s] [ 38%] [32m[1mLinking CXX static library libgtest_main.a[0m
[11.157s] [ 38%] Built target gtest_main
[16.072s] [ 46%] [32m[1mLinking CXX static library libgtest.a[0m
[16.166s] [ 46%] Built target gtest
[16.191s] [ 69%] [32mBuilding CXX object CMakeFiles/geometry_test.dir/src/geometry_test.cpp.o[0m
[16.191s] [ 69%] [32mBuilding CXX object CMakeFiles/geometry_test.dir/src/geometry.cpp.o[0m
[16.191s] [ 69%] [32mBuilding CXX object CMakeFiles/route_test.dir/src/route_test.cpp.o[0m
[16.194s] [ 76%] [32mBuilding CXX object CMakeFiles/route_test.dir/src/geometry.cpp.o[0m
[18.018s] [ 84%] [32m[1mLinking CXX executable geometry_test[0m
[18.130s] [ 84%] Built target geometry_test
[19.954s] [ 92%] [32m[1mLinking CXX shared library libnav2_line_following_controller.so[0m
[20.177s] [ 92%] Built target nav2_line_following_controller
[21.421s] [100%] [32m[1mLinking CXX executable route_test[0m
[21.621s] [100%] Built target route_test
[21.634s] Invoked command in '/root/ros2_code/humble/Asimcar/build/nav2_line_following_controller' returned '0': CMAKE_PREFIX_PATH=${CMAKE_PREFIX_PATH}:/root/ros2_code/humble/vision/install/path_planner_pkg:/root/ros2_code/humble/vision/install/nav2_api_pkg:/root/ros2_code/humble/vision/install/joystick_pkg:/root/ros2_code/humble/vision/install/cartographer_pkg:/root/ros2_code/humble/nav2class/install/autonomous_tb3:/opt/ros/humble /usr/bin/cmake --build /root/ros2_code/humble/Asimcar/build/nav2_line_following_controller -- -j12 -l12
[21.688s] Invoking command in '/root/ros2_code/humble/Asimcar/build/nav2_line_following_controller': CMAKE_PREFIX_PATH=${CMAKE_PREFIX_PATH}:/root/ros2_code/humble/vision/install/path_planner_pkg:/root/ros2_code/humble/vision/install/nav2_api_pkg:/root/ros2_code/humble/vision/install/joystick_pkg:/root/ros2_code/humble/vision/install/cartographer_pkg:/root/ros2_code/humble/nav2class/install/autonomous_tb3:/opt/ros/humble /usr/bin/cmake --install /root/ros2_code/humble/Asimcar/build/nav2_line_following_controller
[21.701s] -- Install configuration: "Release"
[21.701s] -- Installing: /root/ros2_code/humble/Asimcar/install/nav2_line_following_controller/lib/libnav2_line_following_controller.so
[21.704s] -- Set runtime path of "/root/ros2_code/humble/Asimcar/install/nav2_line_following_controller/lib/libnav2_line_following_controller.so" to ""
[21.704s] -- Installing: /root/ros2_code/humble/Asimcar/install/nav2_line_following_controller/include/
[21.704s] -- Installing: /root/ros2_code/humble/Asimcar/install/nav2_line_following_controller/include//nav2_line_following_controller
[21.704s] -- Installing: /root/ros2_code/humble/Asimcar/install/nav2_line_following_controller/include//nav2_line_following_controller/route.h
[21.704s] -- Installing: /root/ros2_code/humble/Asimcar/install/nav2_line_following_controller/include//nav2_line_following_controller/geometry.h
[21.704s] -- Installing: /root/ros2_code/humble/Asimcar/install/nav2_line_following_controller/include//nav2_line_following_controller/line_following_controller.hpp
[21.705s] -- Installing: /root/ros2_code/humble/Asimcar/install/nav2_line_following_controller/share/nav2_line_following_controller/environment/library_path.sh
[21.705s] -- Installing: /root/ros2_code/humble/Asimcar/install/nav2_line_following_controller/share/nav2_line_following_controller/environment/library_path.dsv
[21.705s] -- Installing: /root/ros2_code/humble/Asimcar/install/nav2_line_following_controller/share/nav2_line_following_controller/nav2_line_following_controller.xml
[21.706s] -- Installing: /root/ros2_code/humble/Asimcar/install/nav2_line_following_controller/share/ament_index/resource_index/package_run_dependencies/nav2_line_following_controller
[21.706s] -- Installing: /root/ros2_code/humble/Asimcar/install/nav2_line_following_controller/share/ament_index/resource_index/parent_prefix_path/nav2_line_following_controller
[21.706s] -- Installing: /root/ros2_code/humble/Asimcar/install/nav2_line_following_controller/share/nav2_line_following_controller/environment/ament_prefix_path.sh
[21.706s] -- Installing: /root/ros2_code/humble/Asimcar/install/nav2_line_following_controller/share/nav2_line_following_controller/environment/ament_prefix_path.dsv
[21.706s] -- Installing: /root/ros2_code/humble/Asimcar/install/nav2_line_following_controller/share/nav2_line_following_controller/environment/path.sh
[21.707s] -- Installing: /root/ros2_code/humble/Asimcar/install/nav2_line_following_controller/share/nav2_line_following_controller/environment/path.dsv
[21.707s] -- Installing: /root/ros2_code/humble/Asimcar/install/nav2_line_following_controller/share/nav2_line_following_controller/local_setup.bash
[21.707s] -- Installing: /root/ros2_code/humble/Asimcar/install/nav2_line_following_controller/share/nav2_line_following_controller/local_setup.sh
[21.707s] -- Installing: /root/ros2_code/humble/Asimcar/install/nav2_line_following_controller/share/nav2_line_following_controller/local_setup.zsh
[21.707s] -- Installing: /root/ros2_code/humble/Asimcar/install/nav2_line_following_controller/share/nav2_line_following_controller/local_setup.dsv
[21.708s] -- Installing: /root/ros2_code/humble/Asimcar/install/nav2_line_following_controller/share/nav2_line_following_controller/package.dsv
[21.708s] -- Installing: /root/ros2_code/humble/Asimcar/install/nav2_line_following_controller/share/ament_index/resource_index/packages/nav2_line_following_controller
[21.708s] -- Installing: /root/ros2_code/humble/Asimcar/install/nav2_line_following_controller/share/ament_index/resource_index/nav2_core__pluginlib__plugin/nav2_line_following_controller
[21.708s] -- Installing: /root/ros2_code/humble/Asimcar/install/nav2_line_following_controller/share/nav2_line_following_controller/cmake/ament_cmake_export_include_directories-extras.cmake
[21.709s] -- Installing: /root/ros2_code/humble/Asimcar/install/nav2_line_following_controller/share/nav2_line_following_controller/cmake/ament_cmake_export_libraries-extras.cmake
[21.709s] -- Installing: /root/ros2_code/humble/Asimcar/install/nav2_line_following_controller/share/nav2_line_following_controller/cmake/ament_cmake_export_dependencies-extras.cmake
[21.709s] -- Installing: /root/ros2_code/humble/Asimcar/install/nav2_line_following_controller/share/nav2_line_following_controller/cmake/nav2_line_following_controllerConfig.cmake
[21.709s] -- Installing: /root/ros2_code/humble/Asimcar/install/nav2_line_following_controller/share/nav2_line_following_controller/cmake/nav2_line_following_controllerConfig-version.cmake
[21.710s] -- Installing: /root/ros2_code/humble/Asimcar/install/nav2_line_following_controller/share/nav2_line_following_controller/package.xml
[21.714s] Invoked command in '/root/ros2_code/humble/Asimcar/build/nav2_line_following_controller' returned '0': CMAKE_PREFIX_PATH=${CMAKE_PREFIX_PATH}:/root/ros2_code/humble/vision/install/path_planner_pkg:/root/ros2_code/humble/vision/install/nav2_api_pkg:/root/ros2_code/humble/vision/install/joystick_pkg:/root/ros2_code/humble/vision/install/cartographer_pkg:/root/ros2_code/humble/nav2class/install/autonomous_tb3:/opt/ros/humble /usr/bin/cmake --install /root/ros2_code/humble/Asimcar/build/nav2_line_following_controller
