[1.634s] DEBUG:colcon:Command line arguments: ['/usr/bin/colcon', 'build', '--symlink-install']
[1.634s] DEBUG:colcon:Parsed command line arguments: Namespace(log_base=None, log_level=None, verb_name='build', build_base='build', install_base='install', merge_install=False, symlink_install=True, test_result_base=None, continue_on_error=False, executor='parallel', parallel_workers=12, event_handlers=None, ignore_user_meta=False, metas=['./colcon.meta'], base_paths=['.'], packages_ignore=None, packages_ignore_regex=None, paths=None, packages_up_to=None, packages_up_to_regex=None, packages_above=None, packages_above_and_dependencies=None, packages_above_depth=None, packages_select_by_dep=None, packages_skip_by_dep=None, packages_skip_up_to=None, packages_select_build_failed=False, packages_skip_build_finished=False, packages_select_test_failures=False, packages_skip_test_passed=False, packages_select=None, packages_skip=None, packages_select_regex=None, packages_skip_regex=None, packages_start=None, packages_end=None, cmake_args=None, cmake_target=None, cmake_target_skip_unavailable=False, cmake_clean_cache=False, cmake_clean_first=False, cmake_force_configure=False, ament_cmake_args=None, catkin_cmake_args=None, catkin_skip_building_tests=False, verb_parser=<colcon_defaults.argument_parser.defaults.DefaultArgumentsDecorator object at 0x7efe7eb387f0>, verb_extension=<colcon_core.verb.build.BuildVerb object at 0x7efe7edf4be0>, main=<bound method BuildVerb.main of <colcon_core.verb.build.BuildVerb object at 0x7efe7edf4be0>>)
[1.706s] Level 1:colcon.colcon_core.package_discovery:discover_packages(colcon_meta) check parameters
[1.706s] Level 1:colcon.colcon_core.package_discovery:discover_packages(recursive) check parameters
[1.706s] Level 1:colcon.colcon_core.package_discovery:discover_packages(ignore) check parameters
[1.707s] Level 1:colcon.colcon_core.package_discovery:discover_packages(path) check parameters
[1.707s] Level 1:colcon.colcon_core.package_discovery:discover_packages(colcon_meta) discover
[1.707s] Level 1:colcon.colcon_core.package_discovery:discover_packages(recursive) discover
[1.707s] INFO:colcon.colcon_core.package_discovery:Crawling recursively for packages in '/root/ros2_code/humble/tc_ros2_urdf'
[1.707s] Level 1:colcon.colcon_core.package_identification:_identify(.) by extensions ['ignore', 'ignore_ament_install']
[1.708s] Level 1:colcon.colcon_core.package_identification:_identify(.) by extension 'ignore'
[1.708s] Level 1:colcon.colcon_core.package_identification:_identify(.) by extension 'ignore_ament_install'
[1.708s] Level 1:colcon.colcon_core.package_identification:_identify(.) by extensions ['colcon_pkg']
[1.708s] Level 1:colcon.colcon_core.package_identification:_identify(.) by extension 'colcon_pkg'
[1.708s] Level 1:colcon.colcon_core.package_identification:_identify(.) by extensions ['colcon_meta']
[1.708s] Level 1:colcon.colcon_core.package_identification:_identify(.) by extension 'colcon_meta'
[1.708s] Level 1:colcon.colcon_core.package_identification:_identify(.) by extensions ['ros']
[1.709s] Level 1:colcon.colcon_core.package_identification:_identify(.) by extension 'ros'
[1.729s] Level 1:colcon.colcon_core.package_identification:_identify(.) by extensions ['cmake', 'python']
[1.729s] Level 1:colcon.colcon_core.package_identification:_identify(.) by extension 'cmake'
[1.729s] Level 1:colcon.colcon_core.package_identification:_identify(.) by extension 'python'
[1.729s] Level 1:colcon.colcon_core.package_identification:_identify(.) by extensions ['python_setup_py']
[1.729s] Level 1:colcon.colcon_core.package_identification:_identify(.) by extension 'python_setup_py'
[1.730s] Level 1:colcon.colcon_core.package_identification:_identify(build) by extensions ['ignore', 'ignore_ament_install']
[1.730s] Level 1:colcon.colcon_core.package_identification:_identify(build) by extension 'ignore'
[1.730s] Level 1:colcon.colcon_core.package_identification:_identify(build) ignored
[1.730s] Level 1:colcon.colcon_core.package_identification:_identify(install) by extensions ['ignore', 'ignore_ament_install']
[1.730s] Level 1:colcon.colcon_core.package_identification:_identify(install) by extension 'ignore'
[1.730s] Level 1:colcon.colcon_core.package_identification:_identify(install) ignored
[1.731s] Level 1:colcon.colcon_core.package_identification:_identify(log) by extensions ['ignore', 'ignore_ament_install']
[1.731s] Level 1:colcon.colcon_core.package_identification:_identify(log) by extension 'ignore'
[1.731s] Level 1:colcon.colcon_core.package_identification:_identify(log) ignored
[1.731s] Level 1:colcon.colcon_core.package_identification:_identify(src) by extensions ['ignore', 'ignore_ament_install']
[1.731s] Level 1:colcon.colcon_core.package_identification:_identify(src) by extension 'ignore'
[1.731s] Level 1:colcon.colcon_core.package_identification:_identify(src) by extension 'ignore_ament_install'
[1.731s] Level 1:colcon.colcon_core.package_identification:_identify(src) by extensions ['colcon_pkg']
[1.731s] Level 1:colcon.colcon_core.package_identification:_identify(src) by extension 'colcon_pkg'
[1.731s] Level 1:colcon.colcon_core.package_identification:_identify(src) by extensions ['colcon_meta']
[1.731s] Level 1:colcon.colcon_core.package_identification:_identify(src) by extension 'colcon_meta'
[1.731s] Level 1:colcon.colcon_core.package_identification:_identify(src) by extensions ['ros']
[1.731s] Level 1:colcon.colcon_core.package_identification:_identify(src) by extension 'ros'
[1.731s] Level 1:colcon.colcon_core.package_identification:_identify(src) by extensions ['cmake', 'python']
[1.732s] Level 1:colcon.colcon_core.package_identification:_identify(src) by extension 'cmake'
[1.732s] Level 1:colcon.colcon_core.package_identification:_identify(src) by extension 'python'
[1.732s] Level 1:colcon.colcon_core.package_identification:_identify(src) by extensions ['python_setup_py']
[1.732s] Level 1:colcon.colcon_core.package_identification:_identify(src) by extension 'python_setup_py'
[1.732s] Level 1:colcon.colcon_core.package_identification:_identify(src/log) by extensions ['ignore', 'ignore_ament_install']
[1.732s] Level 1:colcon.colcon_core.package_identification:_identify(src/log) by extension 'ignore'
[1.732s] Level 1:colcon.colcon_core.package_identification:_identify(src/log) ignored
[1.732s] Level 1:colcon.colcon_core.package_identification:_identify(src/my_box_bot_description) by extensions ['ignore', 'ignore_ament_install']
[1.732s] Level 1:colcon.colcon_core.package_identification:_identify(src/my_box_bot_description) by extension 'ignore'
[1.732s] Level 1:colcon.colcon_core.package_identification:_identify(src/my_box_bot_description) by extension 'ignore_ament_install'
[1.732s] Level 1:colcon.colcon_core.package_identification:_identify(src/my_box_bot_description) by extensions ['colcon_pkg']
[1.732s] Level 1:colcon.colcon_core.package_identification:_identify(src/my_box_bot_description) by extension 'colcon_pkg'
[1.732s] Level 1:colcon.colcon_core.package_identification:_identify(src/my_box_bot_description) by extensions ['colcon_meta']
[1.732s] Level 1:colcon.colcon_core.package_identification:_identify(src/my_box_bot_description) by extension 'colcon_meta'
[1.732s] Level 1:colcon.colcon_core.package_identification:_identify(src/my_box_bot_description) by extensions ['ros']
[1.732s] Level 1:colcon.colcon_core.package_identification:_identify(src/my_box_bot_description) by extension 'ros'
[1.736s] DEBUG:colcon.colcon_core.package_identification:Package 'src/my_box_bot_description' with type 'ros.ament_cmake' and name 'my_box_bot_description'
[1.736s] Level 1:colcon.colcon_core.package_identification:_identify(src/my_box_bot_gazebo) by extensions ['ignore', 'ignore_ament_install']
[1.736s] Level 1:colcon.colcon_core.package_identification:_identify(src/my_box_bot_gazebo) by extension 'ignore'
[1.737s] Level 1:colcon.colcon_core.package_identification:_identify(src/my_box_bot_gazebo) by extension 'ignore_ament_install'
[1.737s] Level 1:colcon.colcon_core.package_identification:_identify(src/my_box_bot_gazebo) by extensions ['colcon_pkg']
[1.737s] Level 1:colcon.colcon_core.package_identification:_identify(src/my_box_bot_gazebo) by extension 'colcon_pkg'
[1.737s] Level 1:colcon.colcon_core.package_identification:_identify(src/my_box_bot_gazebo) by extensions ['colcon_meta']
[1.737s] Level 1:colcon.colcon_core.package_identification:_identify(src/my_box_bot_gazebo) by extension 'colcon_meta'
[1.737s] Level 1:colcon.colcon_core.package_identification:_identify(src/my_box_bot_gazebo) by extensions ['ros']
[1.737s] Level 1:colcon.colcon_core.package_identification:_identify(src/my_box_bot_gazebo) by extension 'ros'
[1.738s] DEBUG:colcon.colcon_core.package_identification:Package 'src/my_box_bot_gazebo' with type 'ros.ament_cmake' and name 'my_box_bot_gazebo'
[1.738s] Level 1:colcon.colcon_core.package_identification:_identify(src/urdf_meshes) by extensions ['ignore', 'ignore_ament_install']
[1.738s] Level 1:colcon.colcon_core.package_identification:_identify(src/urdf_meshes) by extension 'ignore'
[1.738s] Level 1:colcon.colcon_core.package_identification:_identify(src/urdf_meshes) by extension 'ignore_ament_install'
[1.738s] Level 1:colcon.colcon_core.package_identification:_identify(src/urdf_meshes) by extensions ['colcon_pkg']
[1.738s] Level 1:colcon.colcon_core.package_identification:_identify(src/urdf_meshes) by extension 'colcon_pkg'
[1.738s] Level 1:colcon.colcon_core.package_identification:_identify(src/urdf_meshes) by extensions ['colcon_meta']
[1.738s] Level 1:colcon.colcon_core.package_identification:_identify(src/urdf_meshes) by extension 'colcon_meta'
[1.739s] Level 1:colcon.colcon_core.package_identification:_identify(src/urdf_meshes) by extensions ['ros']
[1.739s] Level 1:colcon.colcon_core.package_identification:_identify(src/urdf_meshes) by extension 'ros'
[1.739s] Level 1:colcon.colcon_core.package_identification:_identify(src/urdf_meshes) by extensions ['cmake', 'python']
[1.739s] Level 1:colcon.colcon_core.package_identification:_identify(src/urdf_meshes) by extension 'cmake'
[1.739s] Level 1:colcon.colcon_core.package_identification:_identify(src/urdf_meshes) by extension 'python'
[1.739s] Level 1:colcon.colcon_core.package_identification:_identify(src/urdf_meshes) by extensions ['python_setup_py']
[1.739s] Level 1:colcon.colcon_core.package_identification:_identify(src/urdf_meshes) by extension 'python_setup_py'
[1.739s] Level 1:colcon.colcon_core.package_identification:_identify(src/urdf_meshes/meshes) by extensions ['ignore', 'ignore_ament_install']
[1.739s] Level 1:colcon.colcon_core.package_identification:_identify(src/urdf_meshes/meshes) by extension 'ignore'
[1.739s] Level 1:colcon.colcon_core.package_identification:_identify(src/urdf_meshes/meshes) by extension 'ignore_ament_install'
[1.739s] Level 1:colcon.colcon_core.package_identification:_identify(src/urdf_meshes/meshes) by extensions ['colcon_pkg']
[1.739s] Level 1:colcon.colcon_core.package_identification:_identify(src/urdf_meshes/meshes) by extension 'colcon_pkg'
[1.740s] Level 1:colcon.colcon_core.package_identification:_identify(src/urdf_meshes/meshes) by extensions ['colcon_meta']
[1.740s] Level 1:colcon.colcon_core.package_identification:_identify(src/urdf_meshes/meshes) by extension 'colcon_meta'
[1.740s] Level 1:colcon.colcon_core.package_identification:_identify(src/urdf_meshes/meshes) by extensions ['ros']
[1.740s] Level 1:colcon.colcon_core.package_identification:_identify(src/urdf_meshes/meshes) by extension 'ros'
[1.740s] Level 1:colcon.colcon_core.package_identification:_identify(src/urdf_meshes/meshes) by extensions ['cmake', 'python']
[1.740s] Level 1:colcon.colcon_core.package_identification:_identify(src/urdf_meshes/meshes) by extension 'cmake'
[1.740s] Level 1:colcon.colcon_core.package_identification:_identify(src/urdf_meshes/meshes) by extension 'python'
[1.740s] Level 1:colcon.colcon_core.package_identification:_identify(src/urdf_meshes/meshes) by extensions ['python_setup_py']
[1.740s] Level 1:colcon.colcon_core.package_identification:_identify(src/urdf_meshes/meshes) by extension 'python_setup_py'
[1.740s] Level 1:colcon.colcon_core.package_identification:_identify(src/urdfbot_description) by extensions ['ignore', 'ignore_ament_install']
[1.740s] Level 1:colcon.colcon_core.package_identification:_identify(src/urdfbot_description) by extension 'ignore'
[1.741s] Level 1:colcon.colcon_core.package_identification:_identify(src/urdfbot_description) by extension 'ignore_ament_install'
[1.741s] Level 1:colcon.colcon_core.package_identification:_identify(src/urdfbot_description) by extensions ['colcon_pkg']
[1.741s] Level 1:colcon.colcon_core.package_identification:_identify(src/urdfbot_description) by extension 'colcon_pkg'
[1.741s] Level 1:colcon.colcon_core.package_identification:_identify(src/urdfbot_description) by extensions ['colcon_meta']
[1.741s] Level 1:colcon.colcon_core.package_identification:_identify(src/urdfbot_description) by extension 'colcon_meta'
[1.741s] Level 1:colcon.colcon_core.package_identification:_identify(src/urdfbot_description) by extensions ['ros']
[1.741s] Level 1:colcon.colcon_core.package_identification:_identify(src/urdfbot_description) by extension 'ros'
[1.742s] DEBUG:colcon.colcon_core.package_identification:Package 'src/urdfbot_description' with type 'ros.ament_cmake' and name 'urdfbot_description'
[1.742s] Level 1:colcon.colcon_core.package_discovery:discover_packages(recursive) using defaults
[1.742s] Level 1:colcon.colcon_core.package_discovery:discover_packages(ignore) discover
[1.742s] Level 1:colcon.colcon_core.package_discovery:discover_packages(ignore) using defaults
[1.742s] Level 1:colcon.colcon_core.package_discovery:discover_packages(path) discover
[1.742s] Level 1:colcon.colcon_core.package_discovery:discover_packages(path) using defaults
[1.873s] Level 5:colcon.colcon_core.verb:set package 'my_box_bot_description' build argument 'cmake_args' from command line to 'None'
[1.873s] Level 5:colcon.colcon_core.verb:set package 'my_box_bot_description' build argument 'cmake_target' from command line to 'None'
[1.873s] Level 5:colcon.colcon_core.verb:set package 'my_box_bot_description' build argument 'cmake_target_skip_unavailable' from command line to 'False'
[1.874s] Level 5:colcon.colcon_core.verb:set package 'my_box_bot_description' build argument 'cmake_clean_cache' from command line to 'False'
[1.874s] Level 5:colcon.colcon_core.verb:set package 'my_box_bot_description' build argument 'cmake_clean_first' from command line to 'False'
[1.874s] Level 5:colcon.colcon_core.verb:set package 'my_box_bot_description' build argument 'cmake_force_configure' from command line to 'False'
[1.874s] Level 5:colcon.colcon_core.verb:set package 'my_box_bot_description' build argument 'ament_cmake_args' from command line to 'None'
[1.874s] Level 5:colcon.colcon_core.verb:set package 'my_box_bot_description' build argument 'catkin_cmake_args' from command line to 'None'
[1.874s] Level 5:colcon.colcon_core.verb:set package 'my_box_bot_description' build argument 'catkin_skip_building_tests' from command line to 'False'
[1.874s] DEBUG:colcon.colcon_core.verb:Building package 'my_box_bot_description' with the following arguments: {'ament_cmake_args': None, 'build_base': '/root/ros2_code/humble/tc_ros2_urdf/build/my_box_bot_description', 'catkin_cmake_args': None, 'catkin_skip_building_tests': False, 'cmake_args': None, 'cmake_clean_cache': False, 'cmake_clean_first': False, 'cmake_force_configure': False, 'cmake_target': None, 'cmake_target_skip_unavailable': False, 'install_base': '/root/ros2_code/humble/tc_ros2_urdf/install/my_box_bot_description', 'merge_install': False, 'path': '/root/ros2_code/humble/tc_ros2_urdf/src/my_box_bot_description', 'symlink_install': True, 'test_result_base': None}
[1.894s] Level 5:colcon.colcon_core.verb:set package 'urdfbot_description' build argument 'cmake_args' from command line to 'None'
[1.894s] Level 5:colcon.colcon_core.verb:set package 'urdfbot_description' build argument 'cmake_target' from command line to 'None'
[1.894s] Level 5:colcon.colcon_core.verb:set package 'urdfbot_description' build argument 'cmake_target_skip_unavailable' from command line to 'False'
[1.894s] Level 5:colcon.colcon_core.verb:set package 'urdfbot_description' build argument 'cmake_clean_cache' from command line to 'False'
[1.895s] Level 5:colcon.colcon_core.verb:set package 'urdfbot_description' build argument 'cmake_clean_first' from command line to 'False'
[1.895s] Level 5:colcon.colcon_core.verb:set package 'urdfbot_description' build argument 'cmake_force_configure' from command line to 'False'
[1.895s] Level 5:colcon.colcon_core.verb:set package 'urdfbot_description' build argument 'ament_cmake_args' from command line to 'None'
[1.895s] Level 5:colcon.colcon_core.verb:set package 'urdfbot_description' build argument 'catkin_cmake_args' from command line to 'None'
[1.895s] Level 5:colcon.colcon_core.verb:set package 'urdfbot_description' build argument 'catkin_skip_building_tests' from command line to 'False'
[1.895s] DEBUG:colcon.colcon_core.verb:Building package 'urdfbot_description' with the following arguments: {'ament_cmake_args': None, 'build_base': '/root/ros2_code/humble/tc_ros2_urdf/build/urdfbot_description', 'catkin_cmake_args': None, 'catkin_skip_building_tests': False, 'cmake_args': None, 'cmake_clean_cache': False, 'cmake_clean_first': False, 'cmake_force_configure': False, 'cmake_target': None, 'cmake_target_skip_unavailable': False, 'install_base': '/root/ros2_code/humble/tc_ros2_urdf/install/urdfbot_description', 'merge_install': False, 'path': '/root/ros2_code/humble/tc_ros2_urdf/src/urdfbot_description', 'symlink_install': True, 'test_result_base': None}
[1.916s] Level 5:colcon.colcon_core.verb:set package 'my_box_bot_gazebo' build argument 'cmake_args' from command line to 'None'
[1.916s] Level 5:colcon.colcon_core.verb:set package 'my_box_bot_gazebo' build argument 'cmake_target' from command line to 'None'
[1.916s] Level 5:colcon.colcon_core.verb:set package 'my_box_bot_gazebo' build argument 'cmake_target_skip_unavailable' from command line to 'False'
[1.916s] Level 5:colcon.colcon_core.verb:set package 'my_box_bot_gazebo' build argument 'cmake_clean_cache' from command line to 'False'
[1.916s] Level 5:colcon.colcon_core.verb:set package 'my_box_bot_gazebo' build argument 'cmake_clean_first' from command line to 'False'
[1.916s] Level 5:colcon.colcon_core.verb:set package 'my_box_bot_gazebo' build argument 'cmake_force_configure' from command line to 'False'
[1.916s] Level 5:colcon.colcon_core.verb:set package 'my_box_bot_gazebo' build argument 'ament_cmake_args' from command line to 'None'
[1.916s] Level 5:colcon.colcon_core.verb:set package 'my_box_bot_gazebo' build argument 'catkin_cmake_args' from command line to 'None'
[1.916s] Level 5:colcon.colcon_core.verb:set package 'my_box_bot_gazebo' build argument 'catkin_skip_building_tests' from command line to 'False'
[1.917s] DEBUG:colcon.colcon_core.verb:Building package 'my_box_bot_gazebo' with the following arguments: {'ament_cmake_args': None, 'build_base': '/root/ros2_code/humble/tc_ros2_urdf/build/my_box_bot_gazebo', 'catkin_cmake_args': None, 'catkin_skip_building_tests': False, 'cmake_args': None, 'cmake_clean_cache': False, 'cmake_clean_first': False, 'cmake_force_configure': False, 'cmake_target': None, 'cmake_target_skip_unavailable': False, 'install_base': '/root/ros2_code/humble/tc_ros2_urdf/install/my_box_bot_gazebo', 'merge_install': False, 'path': '/root/ros2_code/humble/tc_ros2_urdf/src/my_box_bot_gazebo', 'symlink_install': True, 'test_result_base': None}
[1.936s] INFO:colcon.colcon_core.executor:Executing jobs using 'parallel' executor
[1.957s] DEBUG:colcon.colcon_parallel_executor.executor.parallel:run_until_complete
[1.957s] INFO:colcon.colcon_ros.task.ament_cmake.build:Building ROS package in '/root/ros2_code/humble/tc_ros2_urdf/src/my_box_bot_description' with build type 'ament_cmake'
[1.957s] INFO:colcon.colcon_cmake.task.cmake.build:Building CMake package in '/root/ros2_code/humble/tc_ros2_urdf/src/my_box_bot_description'
[1.981s] INFO:colcon.colcon_core.plugin_system:Skipping extension 'colcon_core.shell.bat': Not used on non-Windows systems
[1.982s] INFO:colcon.colcon_core.shell:Skip shell extension 'powershell' for command environment: Not usable outside of PowerShell
[1.982s] DEBUG:colcon.colcon_core.shell:Skip shell extension 'dsv' for command environment
[2.234s] INFO:colcon.colcon_ros.task.ament_cmake.build:Building ROS package in '/root/ros2_code/humble/tc_ros2_urdf/src/urdfbot_description' with build type 'ament_cmake'
[2.234s] INFO:colcon.colcon_cmake.task.cmake.build:Building CMake package in '/root/ros2_code/humble/tc_ros2_urdf/src/urdfbot_description'
[2.260s] INFO:colcon.colcon_core.shell:Skip shell extension 'powershell' for command environment: Not usable outside of PowerShell
[2.260s] DEBUG:colcon.colcon_core.shell:Skip shell extension 'dsv' for command environment
[2.474s] DEBUG:colcon.colcon_core.event_handler.log_command:Invoking command in '/root/ros2_code/humble/tc_ros2_urdf/build/my_box_bot_description': CMAKE_PREFIX_PATH=${CMAKE_PREFIX_PATH}:/root/ros2_code/humble/learning/install/ball_tracker:/opt/ros/humble /usr/bin/cmake --build /root/ros2_code/humble/tc_ros2_urdf/build/my_box_bot_description -- -j12 -l12
[2.482s] DEBUG:colcon.colcon_core.event_handler.log_command:Invoking command in '/root/ros2_code/humble/tc_ros2_urdf/build/urdfbot_description': CMAKE_PREFIX_PATH=${CMAKE_PREFIX_PATH}:/root/ros2_code/humble/learning/install/ball_tracker:/opt/ros/humble /usr/bin/cmake --build /root/ros2_code/humble/tc_ros2_urdf/build/urdfbot_description -- -j12 -l12
[2.543s] DEBUG:colcon.colcon_core.event_handler.log_command:Invoked command in '/root/ros2_code/humble/tc_ros2_urdf/build/my_box_bot_description' returned '0': CMAKE_PREFIX_PATH=${CMAKE_PREFIX_PATH}:/root/ros2_code/humble/learning/install/ball_tracker:/opt/ros/humble /usr/bin/cmake --build /root/ros2_code/humble/tc_ros2_urdf/build/my_box_bot_description -- -j12 -l12
[2.547s] DEBUG:colcon.colcon_core.event_handler.log_command:Invoked command in '/root/ros2_code/humble/tc_ros2_urdf/build/urdfbot_description' returned '0': CMAKE_PREFIX_PATH=${CMAKE_PREFIX_PATH}:/root/ros2_code/humble/learning/install/ball_tracker:/opt/ros/humble /usr/bin/cmake --build /root/ros2_code/humble/tc_ros2_urdf/build/urdfbot_description -- -j12 -l12
[2.604s] DEBUG:colcon.colcon_core.event_handler.log_command:Invoking command in '/root/ros2_code/humble/tc_ros2_urdf/build/my_box_bot_description': CMAKE_PREFIX_PATH=${CMAKE_PREFIX_PATH}:/root/ros2_code/humble/learning/install/ball_tracker:/opt/ros/humble /usr/bin/cmake --install /root/ros2_code/humble/tc_ros2_urdf/build/my_box_bot_description
[2.609s] DEBUG:colcon.colcon_core.event_handler.log_command:Invoking command in '/root/ros2_code/humble/tc_ros2_urdf/build/urdfbot_description': CMAKE_PREFIX_PATH=${CMAKE_PREFIX_PATH}:/root/ros2_code/humble/learning/install/ball_tracker:/opt/ros/humble /usr/bin/cmake --install /root/ros2_code/humble/tc_ros2_urdf/build/urdfbot_description
[2.662s] Level 1:colcon.colcon_core.environment:create_environment_scripts_only(urdfbot_description)
[2.664s] DEBUG:colcon.colcon_core.event_handler.log_command:Invoked command in '/root/ros2_code/humble/tc_ros2_urdf/build/urdfbot_description' returned '0': CMAKE_PREFIX_PATH=${CMAKE_PREFIX_PATH}:/root/ros2_code/humble/learning/install/ball_tracker:/opt/ros/humble /usr/bin/cmake --install /root/ros2_code/humble/tc_ros2_urdf/build/urdfbot_description
[2.701s] Level 1:colcon.colcon_core.environment:checking '/root/ros2_code/humble/tc_ros2_urdf/install/urdfbot_description' for CMake module files
[2.702s] Level 1:colcon.colcon_core.environment:checking '/root/ros2_code/humble/tc_ros2_urdf/install/urdfbot_description' for CMake config files
[2.702s] Level 1:colcon.colcon_core.shell:create_environment_hook('urdfbot_description', 'cmake_prefix_path')
[2.724s] INFO:colcon.colcon_core.shell:Creating environment hook '/root/ros2_code/humble/tc_ros2_urdf/install/urdfbot_description/share/urdfbot_description/hook/cmake_prefix_path.ps1'
[2.725s] INFO:colcon.colcon_core.shell:Creating environment descriptor '/root/ros2_code/humble/tc_ros2_urdf/install/urdfbot_description/share/urdfbot_description/hook/cmake_prefix_path.dsv'
[2.725s] INFO:colcon.colcon_core.shell:Creating environment hook '/root/ros2_code/humble/tc_ros2_urdf/install/urdfbot_description/share/urdfbot_description/hook/cmake_prefix_path.sh'
[2.727s] Level 1:colcon.colcon_core.environment:checking '/root/ros2_code/humble/tc_ros2_urdf/install/urdfbot_description/bin'
[2.727s] Level 1:colcon.colcon_core.environment:checking '/root/ros2_code/humble/tc_ros2_urdf/install/urdfbot_description/lib/pkgconfig/urdfbot_description.pc'
[2.729s] Level 1:colcon.colcon_core.environment:checking '/root/ros2_code/humble/tc_ros2_urdf/install/urdfbot_description/lib/python3.10/site-packages'
[2.729s] Level 1:colcon.colcon_core.environment:checking '/root/ros2_code/humble/tc_ros2_urdf/install/urdfbot_description/bin'
[2.749s] INFO:colcon.colcon_core.shell:Creating package script '/root/ros2_code/humble/tc_ros2_urdf/install/urdfbot_description/share/urdfbot_description/package.ps1'
[2.750s] INFO:colcon.colcon_core.shell:Creating package descriptor '/root/ros2_code/humble/tc_ros2_urdf/install/urdfbot_description/share/urdfbot_description/package.dsv'
[2.751s] INFO:colcon.colcon_core.shell:Creating package script '/root/ros2_code/humble/tc_ros2_urdf/install/urdfbot_description/share/urdfbot_description/package.sh'
[2.752s] INFO:colcon.colcon_core.shell:Creating package script '/root/ros2_code/humble/tc_ros2_urdf/install/urdfbot_description/share/urdfbot_description/package.bash'
[2.753s] INFO:colcon.colcon_core.shell:Creating package script '/root/ros2_code/humble/tc_ros2_urdf/install/urdfbot_description/share/urdfbot_description/package.zsh'
[2.753s] Level 1:colcon.colcon_core.environment:create_file_with_runtime_dependencies(/root/ros2_code/humble/tc_ros2_urdf/install/urdfbot_description/share/colcon-core/packages/urdfbot_description)
[2.755s] Level 1:colcon.colcon_core.environment:create_environment_scripts_only(my_box_bot_description)
[2.756s] DEBUG:colcon.colcon_core.event_handler.log_command:Invoked command in '/root/ros2_code/humble/tc_ros2_urdf/build/my_box_bot_description' returned '0': CMAKE_PREFIX_PATH=${CMAKE_PREFIX_PATH}:/root/ros2_code/humble/learning/install/ball_tracker:/opt/ros/humble /usr/bin/cmake --install /root/ros2_code/humble/tc_ros2_urdf/build/my_box_bot_description
[2.802s] Level 1:colcon.colcon_core.environment:checking '/root/ros2_code/humble/tc_ros2_urdf/install/my_box_bot_description' for CMake module files
[2.803s] Level 1:colcon.colcon_core.environment:checking '/root/ros2_code/humble/tc_ros2_urdf/install/my_box_bot_description' for CMake config files
[2.804s] Level 1:colcon.colcon_core.shell:create_environment_hook('my_box_bot_description', 'cmake_prefix_path')
[2.827s] INFO:colcon.colcon_core.shell:Creating environment hook '/root/ros2_code/humble/tc_ros2_urdf/install/my_box_bot_description/share/my_box_bot_description/hook/cmake_prefix_path.ps1'
[2.828s] INFO:colcon.colcon_core.shell:Creating environment descriptor '/root/ros2_code/humble/tc_ros2_urdf/install/my_box_bot_description/share/my_box_bot_description/hook/cmake_prefix_path.dsv'
[2.828s] INFO:colcon.colcon_core.shell:Creating environment hook '/root/ros2_code/humble/tc_ros2_urdf/install/my_box_bot_description/share/my_box_bot_description/hook/cmake_prefix_path.sh'
[2.828s] Level 1:colcon.colcon_core.environment:checking '/root/ros2_code/humble/tc_ros2_urdf/install/my_box_bot_description/bin'
[2.829s] Level 1:colcon.colcon_core.environment:checking '/root/ros2_code/humble/tc_ros2_urdf/install/my_box_bot_description/lib/pkgconfig/my_box_bot_description.pc'
[2.829s] Level 1:colcon.colcon_core.environment:checking '/root/ros2_code/humble/tc_ros2_urdf/install/my_box_bot_description/lib/python3.10/site-packages'
[2.829s] Level 1:colcon.colcon_core.environment:checking '/root/ros2_code/humble/tc_ros2_urdf/install/my_box_bot_description/bin'
[2.855s] INFO:colcon.colcon_core.shell:Creating package script '/root/ros2_code/humble/tc_ros2_urdf/install/my_box_bot_description/share/my_box_bot_description/package.ps1'
[2.855s] INFO:colcon.colcon_core.shell:Creating package descriptor '/root/ros2_code/humble/tc_ros2_urdf/install/my_box_bot_description/share/my_box_bot_description/package.dsv'
[2.856s] INFO:colcon.colcon_core.shell:Creating package script '/root/ros2_code/humble/tc_ros2_urdf/install/my_box_bot_description/share/my_box_bot_description/package.sh'
[2.856s] INFO:colcon.colcon_core.shell:Creating package script '/root/ros2_code/humble/tc_ros2_urdf/install/my_box_bot_description/share/my_box_bot_description/package.bash'
[2.857s] INFO:colcon.colcon_core.shell:Creating package script '/root/ros2_code/humble/tc_ros2_urdf/install/my_box_bot_description/share/my_box_bot_description/package.zsh'
[2.857s] Level 1:colcon.colcon_core.environment:create_file_with_runtime_dependencies(/root/ros2_code/humble/tc_ros2_urdf/install/my_box_bot_description/share/colcon-core/packages/my_box_bot_description)
[2.886s] Level 1:colcon.colcon_core.environment:create_environment_scripts_only(urdfbot_description)
[2.919s] Level 1:colcon.colcon_core.environment:checking '/root/ros2_code/humble/tc_ros2_urdf/install/urdfbot_description' for CMake module files
[2.921s] Level 1:colcon.colcon_core.environment:checking '/root/ros2_code/humble/tc_ros2_urdf/install/urdfbot_description' for CMake config files
[2.922s] Level 1:colcon.colcon_core.shell:create_environment_hook('urdfbot_description', 'cmake_prefix_path')
[2.953s] INFO:colcon.colcon_core.shell:Creating environment hook '/root/ros2_code/humble/tc_ros2_urdf/install/urdfbot_description/share/urdfbot_description/hook/cmake_prefix_path.ps1'
[2.953s] INFO:colcon.colcon_core.shell:Creating environment descriptor '/root/ros2_code/humble/tc_ros2_urdf/install/urdfbot_description/share/urdfbot_description/hook/cmake_prefix_path.dsv'
[2.954s] INFO:colcon.colcon_core.shell:Creating environment hook '/root/ros2_code/humble/tc_ros2_urdf/install/urdfbot_description/share/urdfbot_description/hook/cmake_prefix_path.sh'
[2.955s] Level 1:colcon.colcon_core.environment:checking '/root/ros2_code/humble/tc_ros2_urdf/install/urdfbot_description/bin'
[2.955s] Level 1:colcon.colcon_core.environment:checking '/root/ros2_code/humble/tc_ros2_urdf/install/urdfbot_description/lib/pkgconfig/urdfbot_description.pc'
[2.955s] Level 1:colcon.colcon_core.environment:checking '/root/ros2_code/humble/tc_ros2_urdf/install/urdfbot_description/lib/python3.10/site-packages'
[2.955s] Level 1:colcon.colcon_core.environment:checking '/root/ros2_code/humble/tc_ros2_urdf/install/urdfbot_description/bin'
[3.004s] INFO:colcon.colcon_core.shell:Creating package script '/root/ros2_code/humble/tc_ros2_urdf/install/urdfbot_description/share/urdfbot_description/package.ps1'
[3.005s] INFO:colcon.colcon_core.shell:Creating package descriptor '/root/ros2_code/humble/tc_ros2_urdf/install/urdfbot_description/share/urdfbot_description/package.dsv'
[3.006s] INFO:colcon.colcon_core.shell:Creating package script '/root/ros2_code/humble/tc_ros2_urdf/install/urdfbot_description/share/urdfbot_description/package.sh'
[3.007s] INFO:colcon.colcon_core.shell:Creating package script '/root/ros2_code/humble/tc_ros2_urdf/install/urdfbot_description/share/urdfbot_description/package.bash'
[3.010s] INFO:colcon.colcon_core.shell:Creating package script '/root/ros2_code/humble/tc_ros2_urdf/install/urdfbot_description/share/urdfbot_description/package.zsh'
[3.012s] Level 1:colcon.colcon_core.environment:create_file_with_runtime_dependencies(/root/ros2_code/humble/tc_ros2_urdf/install/urdfbot_description/share/colcon-core/packages/urdfbot_description)
[3.070s] Level 1:colcon.colcon_core.environment:create_environment_scripts_only(my_box_bot_description)
[3.123s] Level 1:colcon.colcon_core.environment:checking '/root/ros2_code/humble/tc_ros2_urdf/install/my_box_bot_description' for CMake module files
[3.124s] Level 1:colcon.colcon_core.environment:checking '/root/ros2_code/humble/tc_ros2_urdf/install/my_box_bot_description' for CMake config files
[3.125s] Level 1:colcon.colcon_core.shell:create_environment_hook('my_box_bot_description', 'cmake_prefix_path')
[3.150s] INFO:colcon.colcon_core.shell:Creating environment hook '/root/ros2_code/humble/tc_ros2_urdf/install/my_box_bot_description/share/my_box_bot_description/hook/cmake_prefix_path.ps1'
[3.150s] INFO:colcon.colcon_core.shell:Creating environment descriptor '/root/ros2_code/humble/tc_ros2_urdf/install/my_box_bot_description/share/my_box_bot_description/hook/cmake_prefix_path.dsv'
[3.151s] INFO:colcon.colcon_core.shell:Creating environment hook '/root/ros2_code/humble/tc_ros2_urdf/install/my_box_bot_description/share/my_box_bot_description/hook/cmake_prefix_path.sh'
[3.151s] Level 1:colcon.colcon_core.environment:checking '/root/ros2_code/humble/tc_ros2_urdf/install/my_box_bot_description/bin'
[3.152s] Level 1:colcon.colcon_core.environment:checking '/root/ros2_code/humble/tc_ros2_urdf/install/my_box_bot_description/lib/pkgconfig/my_box_bot_description.pc'
[3.152s] Level 1:colcon.colcon_core.environment:checking '/root/ros2_code/humble/tc_ros2_urdf/install/my_box_bot_description/lib/python3.10/site-packages'
[3.152s] Level 1:colcon.colcon_core.environment:checking '/root/ros2_code/humble/tc_ros2_urdf/install/my_box_bot_description/bin'
[3.175s] INFO:colcon.colcon_core.shell:Creating package script '/root/ros2_code/humble/tc_ros2_urdf/install/my_box_bot_description/share/my_box_bot_description/package.ps1'
[3.176s] INFO:colcon.colcon_core.shell:Creating package descriptor '/root/ros2_code/humble/tc_ros2_urdf/install/my_box_bot_description/share/my_box_bot_description/package.dsv'
[3.177s] INFO:colcon.colcon_core.shell:Creating package script '/root/ros2_code/humble/tc_ros2_urdf/install/my_box_bot_description/share/my_box_bot_description/package.sh'
[3.178s] INFO:colcon.colcon_core.shell:Creating package script '/root/ros2_code/humble/tc_ros2_urdf/install/my_box_bot_description/share/my_box_bot_description/package.bash'
[3.178s] INFO:colcon.colcon_core.shell:Creating package script '/root/ros2_code/humble/tc_ros2_urdf/install/my_box_bot_description/share/my_box_bot_description/package.zsh'
[3.178s] Level 1:colcon.colcon_core.environment:create_file_with_runtime_dependencies(/root/ros2_code/humble/tc_ros2_urdf/install/my_box_bot_description/share/colcon-core/packages/my_box_bot_description)
[3.179s] INFO:colcon.colcon_ros.task.ament_cmake.build:Building ROS package in '/root/ros2_code/humble/tc_ros2_urdf/src/my_box_bot_gazebo' with build type 'ament_cmake'
[3.179s] INFO:colcon.colcon_cmake.task.cmake.build:Building CMake package in '/root/ros2_code/humble/tc_ros2_urdf/src/my_box_bot_gazebo'
[3.201s] INFO:colcon.colcon_core.shell:Skip shell extension 'powershell' for command environment: Not usable outside of PowerShell
[3.201s] DEBUG:colcon.colcon_core.shell:Skip shell extension 'dsv' for command environment
[3.388s] DEBUG:colcon.colcon_core.event_handler.log_command:Invoking command in '/root/ros2_code/humble/tc_ros2_urdf/build/my_box_bot_gazebo': CMAKE_PREFIX_PATH=/root/ros2_code/humble/tc_ros2_urdf/install/my_box_bot_description:/root/ros2_code/humble/tc_ros2_urdf/install/urdfbot_description:/root/ros2_code/humble/tc_ros2_urdf/install/my_box_bot_gazebo:/root/cyglidar_ws/install/cyglidar_d1_ros2:/root/dai_ws/install/depthai-ros:/root/dai_ws/install/depthai_ros_driver:/root/dai_ws/install/depthai_filters:/root/dai_ws/install/depthai_examples:/root/dai_ws/install/depthai_bridge:/root/dai_ws/install/depthai_ros_msgs:/root/dai_ws/install/depthai_descriptions:/root/ros2_code/humble/learning/install/articubot_one:/root/ros2_code/humble/frc9202/install/yolov8_msgs:/root/ros2_code/humble/frc9202/install/yolo_recognition:/root/ros2_code/humble/frc9202/install/gazebo_setup_pkg:/root/ros2_code/humble/surround_view_ros/install/omni_robot_description:/root/ros2_code/humble/surround_view_ros/install/omni_control:/root/ros2_code/humble/surround_view_ros/install/gazebo_simulation:/root/ros2_code/humble/learning/install/ball_tracker:/opt/ros/humble /usr/bin/cmake --build /root/ros2_code/humble/tc_ros2_urdf/build/my_box_bot_gazebo -- -j12 -l12
[3.432s] DEBUG:colcon.colcon_core.event_handler.log_command:Invoked command in '/root/ros2_code/humble/tc_ros2_urdf/build/my_box_bot_gazebo' returned '0': CMAKE_PREFIX_PATH=/root/ros2_code/humble/tc_ros2_urdf/install/my_box_bot_description:/root/ros2_code/humble/tc_ros2_urdf/install/urdfbot_description:/root/ros2_code/humble/tc_ros2_urdf/install/my_box_bot_gazebo:/root/cyglidar_ws/install/cyglidar_d1_ros2:/root/dai_ws/install/depthai-ros:/root/dai_ws/install/depthai_ros_driver:/root/dai_ws/install/depthai_filters:/root/dai_ws/install/depthai_examples:/root/dai_ws/install/depthai_bridge:/root/dai_ws/install/depthai_ros_msgs:/root/dai_ws/install/depthai_descriptions:/root/ros2_code/humble/learning/install/articubot_one:/root/ros2_code/humble/frc9202/install/yolov8_msgs:/root/ros2_code/humble/frc9202/install/yolo_recognition:/root/ros2_code/humble/frc9202/install/gazebo_setup_pkg:/root/ros2_code/humble/surround_view_ros/install/omni_robot_description:/root/ros2_code/humble/surround_view_ros/install/omni_control:/root/ros2_code/humble/surround_view_ros/install/gazebo_simulation:/root/ros2_code/humble/learning/install/ball_tracker:/opt/ros/humble /usr/bin/cmake --build /root/ros2_code/humble/tc_ros2_urdf/build/my_box_bot_gazebo -- -j12 -l12
[3.460s] DEBUG:colcon.colcon_core.event_handler.log_command:Invoking command in '/root/ros2_code/humble/tc_ros2_urdf/build/my_box_bot_gazebo': CMAKE_PREFIX_PATH=/root/ros2_code/humble/tc_ros2_urdf/install/my_box_bot_description:/root/ros2_code/humble/tc_ros2_urdf/install/urdfbot_description:/root/ros2_code/humble/tc_ros2_urdf/install/my_box_bot_gazebo:/root/cyglidar_ws/install/cyglidar_d1_ros2:/root/dai_ws/install/depthai-ros:/root/dai_ws/install/depthai_ros_driver:/root/dai_ws/install/depthai_filters:/root/dai_ws/install/depthai_examples:/root/dai_ws/install/depthai_bridge:/root/dai_ws/install/depthai_ros_msgs:/root/dai_ws/install/depthai_descriptions:/root/ros2_code/humble/learning/install/articubot_one:/root/ros2_code/humble/frc9202/install/yolov8_msgs:/root/ros2_code/humble/frc9202/install/yolo_recognition:/root/ros2_code/humble/frc9202/install/gazebo_setup_pkg:/root/ros2_code/humble/surround_view_ros/install/omni_robot_description:/root/ros2_code/humble/surround_view_ros/install/omni_control:/root/ros2_code/humble/surround_view_ros/install/gazebo_simulation:/root/ros2_code/humble/learning/install/ball_tracker:/opt/ros/humble /usr/bin/cmake --install /root/ros2_code/humble/tc_ros2_urdf/build/my_box_bot_gazebo
[3.489s] Level 1:colcon.colcon_core.environment:create_environment_scripts_only(my_box_bot_gazebo)
[3.490s] DEBUG:colcon.colcon_core.event_handler.log_command:Invoked command in '/root/ros2_code/humble/tc_ros2_urdf/build/my_box_bot_gazebo' returned '0': CMAKE_PREFIX_PATH=/root/ros2_code/humble/tc_ros2_urdf/install/my_box_bot_description:/root/ros2_code/humble/tc_ros2_urdf/install/urdfbot_description:/root/ros2_code/humble/tc_ros2_urdf/install/my_box_bot_gazebo:/root/cyglidar_ws/install/cyglidar_d1_ros2:/root/dai_ws/install/depthai-ros:/root/dai_ws/install/depthai_ros_driver:/root/dai_ws/install/depthai_filters:/root/dai_ws/install/depthai_examples:/root/dai_ws/install/depthai_bridge:/root/dai_ws/install/depthai_ros_msgs:/root/dai_ws/install/depthai_descriptions:/root/ros2_code/humble/learning/install/articubot_one:/root/ros2_code/humble/frc9202/install/yolov8_msgs:/root/ros2_code/humble/frc9202/install/yolo_recognition:/root/ros2_code/humble/frc9202/install/gazebo_setup_pkg:/root/ros2_code/humble/surround_view_ros/install/omni_robot_description:/root/ros2_code/humble/surround_view_ros/install/omni_control:/root/ros2_code/humble/surround_view_ros/install/gazebo_simulation:/root/ros2_code/humble/learning/install/ball_tracker:/opt/ros/humble /usr/bin/cmake --install /root/ros2_code/humble/tc_ros2_urdf/build/my_box_bot_gazebo
[3.509s] Level 1:colcon.colcon_core.environment:checking '/root/ros2_code/humble/tc_ros2_urdf/install/my_box_bot_gazebo' for CMake module files
[3.509s] Level 1:colcon.colcon_core.environment:checking '/root/ros2_code/humble/tc_ros2_urdf/install/my_box_bot_gazebo' for CMake config files
[3.510s] Level 1:colcon.colcon_core.shell:create_environment_hook('my_box_bot_gazebo', 'cmake_prefix_path')
[3.526s] INFO:colcon.colcon_core.shell:Creating environment hook '/root/ros2_code/humble/tc_ros2_urdf/install/my_box_bot_gazebo/share/my_box_bot_gazebo/hook/cmake_prefix_path.ps1'
[3.526s] INFO:colcon.colcon_core.shell:Creating environment descriptor '/root/ros2_code/humble/tc_ros2_urdf/install/my_box_bot_gazebo/share/my_box_bot_gazebo/hook/cmake_prefix_path.dsv'
[3.527s] INFO:colcon.colcon_core.shell:Creating environment hook '/root/ros2_code/humble/tc_ros2_urdf/install/my_box_bot_gazebo/share/my_box_bot_gazebo/hook/cmake_prefix_path.sh'
[3.527s] Level 1:colcon.colcon_core.environment:checking '/root/ros2_code/humble/tc_ros2_urdf/install/my_box_bot_gazebo/lib'
[3.527s] Level 1:colcon.colcon_core.environment:checking '/root/ros2_code/humble/tc_ros2_urdf/install/my_box_bot_gazebo/bin'
[3.527s] Level 1:colcon.colcon_core.environment:checking '/root/ros2_code/humble/tc_ros2_urdf/install/my_box_bot_gazebo/lib/pkgconfig/my_box_bot_gazebo.pc'
[3.528s] Level 1:colcon.colcon_core.environment:checking '/root/ros2_code/humble/tc_ros2_urdf/install/my_box_bot_gazebo/lib/python3.10/site-packages'
[3.528s] Level 1:colcon.colcon_core.environment:checking '/root/ros2_code/humble/tc_ros2_urdf/install/my_box_bot_gazebo/bin'
[3.544s] INFO:colcon.colcon_core.shell:Creating package script '/root/ros2_code/humble/tc_ros2_urdf/install/my_box_bot_gazebo/share/my_box_bot_gazebo/package.ps1'
[3.544s] INFO:colcon.colcon_core.shell:Creating package descriptor '/root/ros2_code/humble/tc_ros2_urdf/install/my_box_bot_gazebo/share/my_box_bot_gazebo/package.dsv'
[3.544s] INFO:colcon.colcon_core.shell:Creating package script '/root/ros2_code/humble/tc_ros2_urdf/install/my_box_bot_gazebo/share/my_box_bot_gazebo/package.sh'
[3.545s] INFO:colcon.colcon_core.shell:Creating package script '/root/ros2_code/humble/tc_ros2_urdf/install/my_box_bot_gazebo/share/my_box_bot_gazebo/package.bash'
[3.545s] INFO:colcon.colcon_core.shell:Creating package script '/root/ros2_code/humble/tc_ros2_urdf/install/my_box_bot_gazebo/share/my_box_bot_gazebo/package.zsh'
[3.545s] Level 1:colcon.colcon_core.environment:create_file_with_runtime_dependencies(/root/ros2_code/humble/tc_ros2_urdf/install/my_box_bot_gazebo/share/colcon-core/packages/my_box_bot_gazebo)
[3.585s] Level 1:colcon.colcon_core.environment:create_environment_scripts_only(my_box_bot_gazebo)
[3.600s] Level 1:colcon.colcon_core.environment:checking '/root/ros2_code/humble/tc_ros2_urdf/install/my_box_bot_gazebo' for CMake module files
[3.600s] Level 1:colcon.colcon_core.environment:checking '/root/ros2_code/humble/tc_ros2_urdf/install/my_box_bot_gazebo' for CMake config files
[3.601s] Level 1:colcon.colcon_core.shell:create_environment_hook('my_box_bot_gazebo', 'cmake_prefix_path')
[3.618s] INFO:colcon.colcon_core.shell:Creating environment hook '/root/ros2_code/humble/tc_ros2_urdf/install/my_box_bot_gazebo/share/my_box_bot_gazebo/hook/cmake_prefix_path.ps1'
[3.619s] INFO:colcon.colcon_core.shell:Creating environment descriptor '/root/ros2_code/humble/tc_ros2_urdf/install/my_box_bot_gazebo/share/my_box_bot_gazebo/hook/cmake_prefix_path.dsv'
[3.619s] INFO:colcon.colcon_core.shell:Creating environment hook '/root/ros2_code/humble/tc_ros2_urdf/install/my_box_bot_gazebo/share/my_box_bot_gazebo/hook/cmake_prefix_path.sh'
[3.620s] Level 1:colcon.colcon_core.environment:checking '/root/ros2_code/humble/tc_ros2_urdf/install/my_box_bot_gazebo/lib'
[3.620s] Level 1:colcon.colcon_core.environment:checking '/root/ros2_code/humble/tc_ros2_urdf/install/my_box_bot_gazebo/bin'
[3.620s] Level 1:colcon.colcon_core.environment:checking '/root/ros2_code/humble/tc_ros2_urdf/install/my_box_bot_gazebo/lib/pkgconfig/my_box_bot_gazebo.pc'
[3.620s] Level 1:colcon.colcon_core.environment:checking '/root/ros2_code/humble/tc_ros2_urdf/install/my_box_bot_gazebo/lib/python3.10/site-packages'
[3.620s] Level 1:colcon.colcon_core.environment:checking '/root/ros2_code/humble/tc_ros2_urdf/install/my_box_bot_gazebo/bin'
[3.636s] INFO:colcon.colcon_core.shell:Creating package script '/root/ros2_code/humble/tc_ros2_urdf/install/my_box_bot_gazebo/share/my_box_bot_gazebo/package.ps1'
[3.636s] INFO:colcon.colcon_core.shell:Creating package descriptor '/root/ros2_code/humble/tc_ros2_urdf/install/my_box_bot_gazebo/share/my_box_bot_gazebo/package.dsv'
[3.637s] INFO:colcon.colcon_core.shell:Creating package script '/root/ros2_code/humble/tc_ros2_urdf/install/my_box_bot_gazebo/share/my_box_bot_gazebo/package.sh'
[3.637s] INFO:colcon.colcon_core.shell:Creating package script '/root/ros2_code/humble/tc_ros2_urdf/install/my_box_bot_gazebo/share/my_box_bot_gazebo/package.bash'
[3.638s] INFO:colcon.colcon_core.shell:Creating package script '/root/ros2_code/humble/tc_ros2_urdf/install/my_box_bot_gazebo/share/my_box_bot_gazebo/package.zsh'
[3.638s] Level 1:colcon.colcon_core.environment:create_file_with_runtime_dependencies(/root/ros2_code/humble/tc_ros2_urdf/install/my_box_bot_gazebo/share/colcon-core/packages/my_box_bot_gazebo)
[3.638s] DEBUG:colcon.colcon_parallel_executor.executor.parallel:closing loop
[3.639s] DEBUG:colcon.colcon_parallel_executor.executor.parallel:loop closed
[3.639s] DEBUG:colcon.colcon_parallel_executor.executor.parallel:run_until_complete finished with '0'
[3.639s] DEBUG:colcon.colcon_core.event_reactor:joining thread
[3.670s] INFO:colcon.colcon_core.plugin_system:Skipping extension 'colcon_notification.desktop_notification.notify_send': Could not find 'notify-send'
[3.670s] INFO:colcon.colcon_core.plugin_system:Skipping extension 'colcon_notification.desktop_notification.terminal_notifier': Not used on non-Darwin systems
[3.670s] INFO:colcon.colcon_core.plugin_system:Skipping extension 'colcon_notification.desktop_notification.win32': Not used on non-Windows systems
[3.670s] INFO:colcon.colcon_notification.desktop_notification:Sending desktop notification using 'notify2'
[3.672s] DEBUG:colcon.colcon_notification.desktop_notification.notify2:Failed to initialize notify2: org.freedesktop.DBus.Error.Spawn.ExecFailed: /usr/bin/dbus-launch terminated abnormally without any error message
[3.673s] DEBUG:colcon.colcon_core.event_reactor:joined thread
[3.697s] INFO:colcon.colcon_core.shell:Creating prefix script '/root/ros2_code/humble/tc_ros2_urdf/install/local_setup.ps1'
[3.698s] INFO:colcon.colcon_core.shell:Creating prefix util module '/root/ros2_code/humble/tc_ros2_urdf/install/_local_setup_util_ps1.py'
[3.699s] INFO:colcon.colcon_core.shell:Creating prefix chain script '/root/ros2_code/humble/tc_ros2_urdf/install/setup.ps1'
[3.716s] INFO:colcon.colcon_core.shell:Creating prefix script '/root/ros2_code/humble/tc_ros2_urdf/install/local_setup.sh'
[3.717s] INFO:colcon.colcon_core.shell:Creating prefix util module '/root/ros2_code/humble/tc_ros2_urdf/install/_local_setup_util_sh.py'
[3.718s] INFO:colcon.colcon_core.shell:Creating prefix chain script '/root/ros2_code/humble/tc_ros2_urdf/install/setup.sh'
[3.737s] INFO:colcon.colcon_core.shell:Creating prefix script '/root/ros2_code/humble/tc_ros2_urdf/install/local_setup.bash'
[3.738s] INFO:colcon.colcon_core.shell:Creating prefix chain script '/root/ros2_code/humble/tc_ros2_urdf/install/setup.bash'
[3.756s] INFO:colcon.colcon_core.shell:Creating prefix script '/root/ros2_code/humble/tc_ros2_urdf/install/local_setup.zsh'
[3.756s] INFO:colcon.colcon_core.shell:Creating prefix chain script '/root/ros2_code/humble/tc_ros2_urdf/install/setup.zsh'
