[2.452s] Invoking command in '/root/ros2_code/humble/vision/src/cartographer_pkg': PYTHONPATH=/root/ros2_code/humble/vision/build/cartographer_pkg/prefix_override:/root/ros2_code/humble/vision/install/cartographer_pkg/lib/python3.10/site-packages:${PYTHONPATH} /usr/bin/python3 setup.py egg_info --egg-base ../../build/cartographer_pkg build --build-base /root/ros2_code/humble/vision/build/cartographer_pkg/build install --record /root/ros2_code/humble/vision/build/cartographer_pkg/install.log --single-version-externally-managed
[2.733s] running egg_info
[2.733s] writing ../../build/cartographer_pkg/cartographer_pkg.egg-info/PKG-INFO
[2.734s] writing dependency_links to ../../build/cartographer_pkg/cartographer_pkg.egg-info/dependency_links.txt
[2.734s] writing entry points to ../../build/cartographer_pkg/cartographer_pkg.egg-info/entry_points.txt
[2.734s] writing requirements to ../../build/cartographer_pkg/cartographer_pkg.egg-info/requires.txt
[2.734s] writing top-level names to ../../build/cartographer_pkg/cartographer_pkg.egg-info/top_level.txt
[2.737s] reading manifest file '../../build/cartographer_pkg/cartographer_pkg.egg-info/SOURCES.txt'
[2.738s] writing manifest file '../../build/cartographer_pkg/cartographer_pkg.egg-info/SOURCES.txt'
[2.738s] running build
[2.738s] running build_py
[2.738s] running install
[2.738s] running install_lib
[2.740s] running install_data
[2.743s] running install_egg_info
[2.745s] removing '/root/ros2_code/humble/vision/install/cartographer_pkg/lib/python3.10/site-packages/cartographer_pkg-0.0.0-py3.10.egg-info' (and everything under it)
[2.746s] Copying ../../build/cartographer_pkg/cartographer_pkg.egg-info to /root/ros2_code/humble/vision/install/cartographer_pkg/lib/python3.10/site-packages/cartographer_pkg-0.0.0-py3.10.egg-info
[2.747s] running install_scripts
[2.772s] writing list of installed files to '/root/ros2_code/humble/vision/build/cartographer_pkg/install.log'
[2.902s] Invoked command in '/root/ros2_code/humble/vision/src/cartographer_pkg' returned '0': PYTHONPATH=/root/ros2_code/humble/vision/build/cartographer_pkg/prefix_override:/root/ros2_code/humble/vision/install/cartographer_pkg/lib/python3.10/site-packages:${PYTHONPATH} /usr/bin/python3 setup.py egg_info --egg-base ../../build/cartographer_pkg build --build-base /root/ros2_code/humble/vision/build/cartographer_pkg/build install --record /root/ros2_code/humble/vision/build/cartographer_pkg/install.log --single-version-externally-managed
