[3.374s] Invoking command in '/root/ros2_code/humble/tc_ros2_nav/src/cartographer_slam': PYTHONPATH=/root/ros2_code/humble/tc_ros2_nav/build/cartographer_slam/prefix_override:/root/ros2_code/humble/tc_ros2_nav/install/cartographer_slam/lib/python3.10/site-packages:${PYTHONPATH} /usr/bin/python3 setup.py egg_info --egg-base ../../build/cartographer_slam build --build-base /root/ros2_code/humble/tc_ros2_nav/build/cartographer_slam/build install --record /root/ros2_code/humble/tc_ros2_nav/build/cartographer_slam/install.log --single-version-externally-managed
[3.782s] running egg_info
[3.783s] writing ../../build/cartographer_slam/cartographer_slam.egg-info/PKG-INFO
[3.783s] writing dependency_links to ../../build/cartographer_slam/cartographer_slam.egg-info/dependency_links.txt
[3.784s] writing entry points to ../../build/cartographer_slam/cartographer_slam.egg-info/entry_points.txt
[3.784s] writing requirements to ../../build/cartographer_slam/cartographer_slam.egg-info/requires.txt
[3.784s] writing top-level names to ../../build/cartographer_slam/cartographer_slam.egg-info/top_level.txt
[3.786s] reading manifest file '../../build/cartographer_slam/cartographer_slam.egg-info/SOURCES.txt'
[3.788s] writing manifest file '../../build/cartographer_slam/cartographer_slam.egg-info/SOURCES.txt'
[3.788s] running build
[3.788s] running build_py
[3.788s] running install
[3.788s] running install_lib
[3.791s] running install_data
[3.792s] running install_egg_info
[3.795s] removing '/root/ros2_code/humble/tc_ros2_nav/install/cartographer_slam/lib/python3.10/site-packages/cartographer_slam-0.0.0-py3.10.egg-info' (and everything under it)
[3.796s] Copying ../../build/cartographer_slam/cartographer_slam.egg-info to /root/ros2_code/humble/tc_ros2_nav/install/cartographer_slam/lib/python3.10/site-packages/cartographer_slam-0.0.0-py3.10.egg-info
[3.797s] running install_scripts
[3.827s] writing list of installed files to '/root/ros2_code/humble/tc_ros2_nav/build/cartographer_slam/install.log'
[4.041s] Invoked command in '/root/ros2_code/humble/tc_ros2_nav/src/cartographer_slam' returned '0': PYTHONPATH=/root/ros2_code/humble/tc_ros2_nav/build/cartographer_slam/prefix_override:/root/ros2_code/humble/tc_ros2_nav/install/cartographer_slam/lib/python3.10/site-packages:${PYTHONPATH} /usr/bin/python3 setup.py egg_info --egg-base ../../build/cartographer_slam build --build-base /root/ros2_code/humble/tc_ros2_nav/build/cartographer_slam/build install --record /root/ros2_code/humble/tc_ros2_nav/build/cartographer_slam/install.log --single-version-externally-managed
