[2.622s] Invoking command in '/root/ros2_code/humble/tc_ros2_nav/src/path_planner_server': PYTHONPATH=/root/ros2_code/humble/tc_ros2_nav/build/path_planner_server/prefix_override:/root/ros2_code/humble/tc_ros2_nav/install/path_planner_server/lib/python3.10/site-packages:${PYTHONPATH} /usr/bin/python3 setup.py egg_info --egg-base ../../build/path_planner_server build --build-base /root/ros2_code/humble/tc_ros2_nav/build/path_planner_server/build install --record /root/ros2_code/humble/tc_ros2_nav/build/path_planner_server/install.log --single-version-externally-managed
[2.901s] running egg_info
[2.902s] writing ../../build/path_planner_server/path_planner_server.egg-info/PKG-INFO
[2.902s] writing dependency_links to ../../build/path_planner_server/path_planner_server.egg-info/dependency_links.txt
[2.902s] writing entry points to ../../build/path_planner_server/path_planner_server.egg-info/entry_points.txt
[2.903s] writing requirements to ../../build/path_planner_server/path_planner_server.egg-info/requires.txt
[2.903s] writing top-level names to ../../build/path_planner_server/path_planner_server.egg-info/top_level.txt
[2.905s] reading manifest file '../../build/path_planner_server/path_planner_server.egg-info/SOURCES.txt'
[2.906s] writing manifest file '../../build/path_planner_server/path_planner_server.egg-info/SOURCES.txt'
[2.906s] running build
[2.906s] running build_py
[2.907s] running install
[2.907s] running install_lib
[2.909s] running install_data
[2.912s] copying config/behavior.xml -> /root/ros2_code/humble/tc_ros2_nav/install/path_planner_server/share/path_planner_server/config
[2.913s] copying config/recovery.yaml -> /root/ros2_code/humble/tc_ros2_nav/install/path_planner_server/share/path_planner_server/config
[2.913s] copying config/bt_navigator.yaml -> /root/ros2_code/humble/tc_ros2_nav/install/path_planner_server/share/path_planner_server/config
[2.916s] copying config/controller.yaml -> /root/ros2_code/humble/tc_ros2_nav/install/path_planner_server/share/path_planner_server/config
[2.916s] copying config/planner_server.yaml -> /root/ros2_code/humble/tc_ros2_nav/install/path_planner_server/share/path_planner_server/config
[2.916s] running install_egg_info
[2.917s] removing '/root/ros2_code/humble/tc_ros2_nav/install/path_planner_server/lib/python3.10/site-packages/path_planner_server-0.0.0-py3.10.egg-info' (and everything under it)
[2.917s] Copying ../../build/path_planner_server/path_planner_server.egg-info to /root/ros2_code/humble/tc_ros2_nav/install/path_planner_server/lib/python3.10/site-packages/path_planner_server-0.0.0-py3.10.egg-info
[2.918s] running install_scripts
[2.939s] writing list of installed files to '/root/ros2_code/humble/tc_ros2_nav/build/path_planner_server/install.log'
[3.016s] Invoked command in '/root/ros2_code/humble/tc_ros2_nav/src/path_planner_server' returned '0': PYTHONPATH=/root/ros2_code/humble/tc_ros2_nav/build/path_planner_server/prefix_override:/root/ros2_code/humble/tc_ros2_nav/install/path_planner_server/lib/python3.10/site-packages:${PYTHONPATH} /usr/bin/python3 setup.py egg_info --egg-base ../../build/path_planner_server build --build-base /root/ros2_code/humble/tc_ros2_nav/build/path_planner_server/build install --record /root/ros2_code/humble/tc_ros2_nav/build/path_planner_server/install.log --single-version-externally-managed
