running egg_info
creating ../build/rosbot_utils/rosbot_utils.egg-info
writing ../build/rosbot_utils/rosbot_utils.egg-info/PKG-INFO
writing dependency_links to ../build/rosbot_utils/rosbot_utils.egg-info/dependency_links.txt
writing entry points to ../build/rosbot_utils/rosbot_utils.egg-info/entry_points.txt
writing requirements to ../build/rosbot_utils/rosbot_utils.egg-info/requires.txt
writing top-level names to ../build/rosbot_utils/rosbot_utils.egg-info/top_level.txt
writing manifest file '../build/rosbot_utils/rosbot_utils.egg-info/SOURCES.txt'
reading manifest file '../build/rosbot_utils/rosbot_utils.egg-info/SOURCES.txt'
writing manifest file '../build/rosbot_utils/rosbot_utils.egg-info/SOURCES.txt'
running build
running build_py
creating /root/ros2_code/humble/ros_bot/src/build/rosbot_utils/build
creating /root/ros2_code/humble/ros_bot/src/build/rosbot_utils/build/lib
creating /root/ros2_code/humble/ros_bot/src/build/rosbot_utils/build/lib/rosbot_utils
copying rosbot_utils/flash_firmware.py -> /root/ros2_code/humble/ros_bot/src/build/rosbot_utils/build/lib/rosbot_utils
copying rosbot_utils/flash-firmware.py -> /root/ros2_code/humble/ros_bot/src/build/rosbot_utils/build/lib/rosbot_utils
copying rosbot_utils/__init__.py -> /root/ros2_code/humble/ros_bot/src/build/rosbot_utils/build/lib/rosbot_utils
copying rosbot_utils/flash-firmware-usb.py -> /root/ros2_code/humble/ros_bot/src/build/rosbot_utils/build/lib/rosbot_utils
running install
running install_lib
creating /root/ros2_code/humble/ros_bot/src/install/rosbot_utils/lib/python3.10/site-packages/rosbot_utils
copying /root/ros2_code/humble/ros_bot/src/build/rosbot_utils/build/lib/rosbot_utils/flash_firmware.py -> /root/ros2_code/humble/ros_bot/src/install/rosbot_utils/lib/python3.10/site-packages/rosbot_utils
copying /root/ros2_code/humble/ros_bot/src/build/rosbot_utils/build/lib/rosbot_utils/flash-firmware.py -> /root/ros2_code/humble/ros_bot/src/install/rosbot_utils/lib/python3.10/site-packages/rosbot_utils
copying /root/ros2_code/humble/ros_bot/src/build/rosbot_utils/build/lib/rosbot_utils/__init__.py -> /root/ros2_code/humble/ros_bot/src/install/rosbot_utils/lib/python3.10/site-packages/rosbot_utils
copying /root/ros2_code/humble/ros_bot/src/build/rosbot_utils/build/lib/rosbot_utils/flash-firmware-usb.py -> /root/ros2_code/humble/ros_bot/src/install/rosbot_utils/lib/python3.10/site-packages/rosbot_utils
byte-compiling /root/ros2_code/humble/ros_bot/src/install/rosbot_utils/lib/python3.10/site-packages/rosbot_utils/flash_firmware.py to flash_firmware.cpython-310.pyc
byte-compiling /root/ros2_code/humble/ros_bot/src/install/rosbot_utils/lib/python3.10/site-packages/rosbot_utils/flash-firmware.py to flash-firmware.cpython-310.pyc
byte-compiling /root/ros2_code/humble/ros_bot/src/install/rosbot_utils/lib/python3.10/site-packages/rosbot_utils/__init__.py to __init__.cpython-310.pyc
byte-compiling /root/ros2_code/humble/ros_bot/src/install/rosbot_utils/lib/python3.10/site-packages/rosbot_utils/flash-firmware-usb.py to flash-firmware-usb.cpython-310.pyc
running install_data
creating /root/ros2_code/humble/ros_bot/src/install/rosbot_utils/share/ament_index
creating /root/ros2_code/humble/ros_bot/src/install/rosbot_utils/share/ament_index/resource_index
creating /root/ros2_code/humble/ros_bot/src/install/rosbot_utils/share/ament_index/resource_index/packages
copying resource/rosbot_utils -> /root/ros2_code/humble/ros_bot/src/install/rosbot_utils/share/ament_index/resource_index/packages
copying package.xml -> /root/ros2_code/humble/ros_bot/src/install/rosbot_utils/share/rosbot_utils
creating /root/ros2_code/humble/ros_bot/src/install/rosbot_utils/share/rosbot_utils/firmware
copying firmware/firmware-0.11.0.bin -> /root/ros2_code/humble/ros_bot/src/install/rosbot_utils/share/rosbot_utils/firmware
running install_egg_info
Copying ../build/rosbot_utils/rosbot_utils.egg-info to /root/ros2_code/humble/ros_bot/src/install/rosbot_utils/lib/python3.10/site-packages/rosbot_utils-0.0.0-py3.10.egg-info
running install_scripts
Installing flash_firmware script to /root/ros2_code/humble/ros_bot/src/install/rosbot_utils/lib/rosbot_utils
writing list of installed files to '/root/ros2_code/humble/ros_bot/src/build/rosbot_utils/install.log'
