[3.589s] Invoking command in '/root/ros2_code/humble/tc_ros2_nav/src/map_server': PYTHONPATH=/root/ros2_code/humble/tc_ros2_nav/build/map_server/prefix_override:/root/ros2_code/humble/tc_ros2_nav/install/map_server/lib/python3.10/site-packages:${PYTHONPATH} /usr/bin/python3 setup.py egg_info --egg-base ../../build/map_server build --build-base /root/ros2_code/humble/tc_ros2_nav/build/map_server/build install --record /root/ros2_code/humble/tc_ros2_nav/build/map_server/install.log --single-version-externally-managed
[3.917s] running egg_info
[3.917s] writing ../../build/map_server/map_server.egg-info/PKG-INFO
[3.918s] writing dependency_links to ../../build/map_server/map_server.egg-info/dependency_links.txt
[3.918s] writing entry points to ../../build/map_server/map_server.egg-info/entry_points.txt
[3.918s] writing requirements to ../../build/map_server/map_server.egg-info/requires.txt
[3.918s] writing top-level names to ../../build/map_server/map_server.egg-info/top_level.txt
[3.921s] reading manifest file '../../build/map_server/map_server.egg-info/SOURCES.txt'
[3.922s] writing manifest file '../../build/map_server/map_server.egg-info/SOURCES.txt'
[3.923s] running build
[3.923s] running build_py
[3.923s] running install
[3.923s] running install_lib
[3.925s] running install_data
[3.926s] running install_egg_info
[3.928s] removing '/root/ros2_code/humble/tc_ros2_nav/install/map_server/lib/python3.10/site-packages/map_server-0.0.0-py3.10.egg-info' (and everything under it)
[3.929s] Copying ../../build/map_server/map_server.egg-info to /root/ros2_code/humble/tc_ros2_nav/install/map_server/lib/python3.10/site-packages/map_server-0.0.0-py3.10.egg-info
[3.930s] running install_scripts
[3.956s] writing list of installed files to '/root/ros2_code/humble/tc_ros2_nav/build/map_server/install.log'
[4.016s] Invoked command in '/root/ros2_code/humble/tc_ros2_nav/src/map_server' returned '0': PYTHONPATH=/root/ros2_code/humble/tc_ros2_nav/build/map_server/prefix_override:/root/ros2_code/humble/tc_ros2_nav/install/map_server/lib/python3.10/site-packages:${PYTHONPATH} /usr/bin/python3 setup.py egg_info --egg-base ../../build/map_server build --build-base /root/ros2_code/humble/tc_ros2_nav/build/map_server/build install --record /root/ros2_code/humble/tc_ros2_nav/build/map_server/install.log --single-version-externally-managed
