[0.785s] Invoking command in '/root/ros2_code/humble/ros_bot/build/ign_ros2_control_demos': AMENT_PREFIX_PATH=/root/ros2_code/humble/ros_bot/install/ign_ros2_control:${AMENT_PREFIX_PATH} CMAKE_PREFIX_PATH=/root/ros2_code/humble/ros_bot/install/ign_ros2_control:/root/ros2_code/humble/ros_bot/install/tutorial_pkg:/root/ros2_code/humble/ros_bot/install/rosbot:/root/ros2_code/humble/ros_bot/install/rosbot_description:/root/ros2_code/humble/ros_bot/install/ros_components_description:/root/ros2_code/humble/ros_bot/install/husarion_office_gz:/root/ros2_code/humble/vision/install/diff_robot_pkg:/root/ros2_code/humble/simulations/install/neo_simulation2:/root/ros2_code/humble/simulations/install/bcr_bot:/root/ros2_code/humble/ros_bot/install/rosbot_utils:/root/ros2_code/humble/ros_bot/install/rosbot_gazebo:/root/ros2_code/humble/ros_bot/install/rosbot_bringup:/root/ros2_code/humble/ros_bot/install/rosbot_controller:/root/ros2_code/humble/vision/install/path_planner_pkg:/root/ros2_code/humble/vision/install/nav2_api_pkg:/root/ros2_code/humble/vision/install/joystick_pkg:/root/ros2_code/humble/vision/install/cartographer_pkg:/root/ros2_code/humble/nav2class/install/autonomous_tb3:/root/ros2_code/humble/simulations/install/path_planner_server:/root/ros2_code/humble/simulations/install/map_server:/root/ros2_code/humble/simulations/install/localization_server:/opt/ros/humble LD_LIBRARY_PATH=/root/ros2_code/humble/ros_bot/install/ign_ros2_control/lib:/usr/lib/x86_64-linux-gnu/gazebo-11/plugins:/opt/ros/humble/opt/rviz_ogre_vendor/lib:/opt/ros/humble/lib/x86_64-linux-gnu:/opt/ros/humble/lib:/usr/share/gazebo/../../lib/x86_64-linux-gnu/gazebo-11/plugins:/usr/share/gazebo/../../lib/x86_64-linux-gnu/gazebo-11/plugins:/usr/share/gazebo/../../lib/x86_64-linux-gnu/gazebo-11/plugins /usr/bin/cmake --build /root/ros2_code/humble/ros_bot/build/ign_ros2_control_demos -- -j12 -l12
[1.480s] [35m[1mConsolidate compiler generated dependencies of target example_position[0m
[1.480s] [35m[1mConsolidate compiler generated dependencies of target example_effort[0m
[1.480s] [35m[1mConsolidate compiler generated dependencies of target example_diff_drive[0m
[1.480s] [35m[1mConsolidate compiler generated dependencies of target example_gripper[0m
[1.480s] [35m[1mConsolidate compiler generated dependencies of target example_velocity[0m
[1.481s] [35m[1mConsolidate compiler generated dependencies of target example_tricycle_drive[0m
[1.481s] [ 16%] Built target example_effort
[1.481s] [ 33%] Built target example_diff_drive
[1.481s] [ 50%] Built target example_position
[1.481s] [ 66%] Built target example_gripper
[1.481s] [ 83%] Built target example_velocity
[1.481s] [100%] Built target example_tricycle_drive
[1.578s] Invoked command in '/root/ros2_code/humble/ros_bot/build/ign_ros2_control_demos' returned '0': AMENT_PREFIX_PATH=/root/ros2_code/humble/ros_bot/install/ign_ros2_control:${AMENT_PREFIX_PATH} CMAKE_PREFIX_PATH=/root/ros2_code/humble/ros_bot/install/ign_ros2_control:/root/ros2_code/humble/ros_bot/install/tutorial_pkg:/root/ros2_code/humble/ros_bot/install/rosbot:/root/ros2_code/humble/ros_bot/install/rosbot_description:/root/ros2_code/humble/ros_bot/install/ros_components_description:/root/ros2_code/humble/ros_bot/install/husarion_office_gz:/root/ros2_code/humble/vision/install/diff_robot_pkg:/root/ros2_code/humble/simulations/install/neo_simulation2:/root/ros2_code/humble/simulations/install/bcr_bot:/root/ros2_code/humble/ros_bot/install/rosbot_utils:/root/ros2_code/humble/ros_bot/install/rosbot_gazebo:/root/ros2_code/humble/ros_bot/install/rosbot_bringup:/root/ros2_code/humble/ros_bot/install/rosbot_controller:/root/ros2_code/humble/vision/install/path_planner_pkg:/root/ros2_code/humble/vision/install/nav2_api_pkg:/root/ros2_code/humble/vision/install/joystick_pkg:/root/ros2_code/humble/vision/install/cartographer_pkg:/root/ros2_code/humble/nav2class/install/autonomous_tb3:/root/ros2_code/humble/simulations/install/path_planner_server:/root/ros2_code/humble/simulations/install/map_server:/root/ros2_code/humble/simulations/install/localization_server:/opt/ros/humble LD_LIBRARY_PATH=/root/ros2_code/humble/ros_bot/install/ign_ros2_control/lib:/usr/lib/x86_64-linux-gnu/gazebo-11/plugins:/opt/ros/humble/opt/rviz_ogre_vendor/lib:/opt/ros/humble/lib/x86_64-linux-gnu:/opt/ros/humble/lib:/usr/share/gazebo/../../lib/x86_64-linux-gnu/gazebo-11/plugins:/usr/share/gazebo/../../lib/x86_64-linux-gnu/gazebo-11/plugins:/usr/share/gazebo/../../lib/x86_64-linux-gnu/gazebo-11/plugins /usr/bin/cmake --build /root/ros2_code/humble/ros_bot/build/ign_ros2_control_demos -- -j12 -l12
[1.888s] Invoking command in '/root/ros2_code/humble/ros_bot/build/ign_ros2_control_demos': AMENT_PREFIX_PATH=/root/ros2_code/humble/ros_bot/install/ign_ros2_control:${AMENT_PREFIX_PATH} CMAKE_PREFIX_PATH=/root/ros2_code/humble/ros_bot/install/ign_ros2_control:/root/ros2_code/humble/ros_bot/install/tutorial_pkg:/root/ros2_code/humble/ros_bot/install/rosbot:/root/ros2_code/humble/ros_bot/install/rosbot_description:/root/ros2_code/humble/ros_bot/install/ros_components_description:/root/ros2_code/humble/ros_bot/install/husarion_office_gz:/root/ros2_code/humble/vision/install/diff_robot_pkg:/root/ros2_code/humble/simulations/install/neo_simulation2:/root/ros2_code/humble/simulations/install/bcr_bot:/root/ros2_code/humble/ros_bot/install/rosbot_utils:/root/ros2_code/humble/ros_bot/install/rosbot_gazebo:/root/ros2_code/humble/ros_bot/install/rosbot_bringup:/root/ros2_code/humble/ros_bot/install/rosbot_controller:/root/ros2_code/humble/vision/install/path_planner_pkg:/root/ros2_code/humble/vision/install/nav2_api_pkg:/root/ros2_code/humble/vision/install/joystick_pkg:/root/ros2_code/humble/vision/install/cartographer_pkg:/root/ros2_code/humble/nav2class/install/autonomous_tb3:/root/ros2_code/humble/simulations/install/path_planner_server:/root/ros2_code/humble/simulations/install/map_server:/root/ros2_code/humble/simulations/install/localization_server:/opt/ros/humble LD_LIBRARY_PATH=/root/ros2_code/humble/ros_bot/install/ign_ros2_control/lib:/usr/lib/x86_64-linux-gnu/gazebo-11/plugins:/opt/ros/humble/opt/rviz_ogre_vendor/lib:/opt/ros/humble/lib/x86_64-linux-gnu:/opt/ros/humble/lib:/usr/share/gazebo/../../lib/x86_64-linux-gnu/gazebo-11/plugins:/usr/share/gazebo/../../lib/x86_64-linux-gnu/gazebo-11/plugins:/usr/share/gazebo/../../lib/x86_64-linux-gnu/gazebo-11/plugins /usr/bin/cmake --install /root/ros2_code/humble/ros_bot/build/ign_ros2_control_demos
[1.902s] -- Install configuration: ""
[1.902s] -- Up-to-date: /root/ros2_code/humble/ros_bot/install/ign_ros2_control_demos/share/ign_ros2_control_demos//launch
[1.902s] -- Up-to-date: /root/ros2_code/humble/ros_bot/install/ign_ros2_control_demos/share/ign_ros2_control_demos//launch/cart_example_position.launch.py
[1.902s] -- Up-to-date: /root/ros2_code/humble/ros_bot/install/ign_ros2_control_demos/share/ign_ros2_control_demos//launch/diff_drive_example.launch.py
[1.902s] -- Up-to-date: /root/ros2_code/humble/ros_bot/install/ign_ros2_control_demos/share/ign_ros2_control_demos//launch/gripper_mimic_joint_example.launch.py
[1.902s] -- Up-to-date: /root/ros2_code/humble/ros_bot/install/ign_ros2_control_demos/share/ign_ros2_control_demos//launch/tricycle_drive_example.launch.py
[1.902s] -- Up-to-date: /root/ros2_code/humble/ros_bot/install/ign_ros2_control_demos/share/ign_ros2_control_demos//launch/cart_example_effort.launch.py
[1.903s] -- Up-to-date: /root/ros2_code/humble/ros_bot/install/ign_ros2_control_demos/share/ign_ros2_control_demos//launch/cart_example_velocity.launch.py
[1.903s] -- Up-to-date: /root/ros2_code/humble/ros_bot/install/ign_ros2_control_demos/share/ign_ros2_control_demos//config
[1.903s] -- Up-to-date: /root/ros2_code/humble/ros_bot/install/ign_ros2_control_demos/share/ign_ros2_control_demos//config/diff_drive_controller_velocity.yaml
[1.903s] -- Up-to-date: /root/ros2_code/humble/ros_bot/install/ign_ros2_control_demos/share/ign_ros2_control_demos//config/cart_controller_effort.yaml
[1.903s] -- Up-to-date: /root/ros2_code/humble/ros_bot/install/ign_ros2_control_demos/share/ign_ros2_control_demos//config/gripper_controller.yaml
[1.904s] -- Up-to-date: /root/ros2_code/humble/ros_bot/install/ign_ros2_control_demos/share/ign_ros2_control_demos//config/cart_controller_velocity.yaml
[1.905s] -- Up-to-date: /root/ros2_code/humble/ros_bot/install/ign_ros2_control_demos/share/ign_ros2_control_demos//config/cart_controller_position.yaml
[1.905s] -- Up-to-date: /root/ros2_code/humble/ros_bot/install/ign_ros2_control_demos/share/ign_ros2_control_demos//config/tricycle_drive_controller.yaml
[1.905s] -- Up-to-date: /root/ros2_code/humble/ros_bot/install/ign_ros2_control_demos/share/ign_ros2_control_demos//urdf
[1.905s] -- Up-to-date: /root/ros2_code/humble/ros_bot/install/ign_ros2_control_demos/share/ign_ros2_control_demos//urdf/test_diff_drive.xacro.urdf
[1.905s] -- Up-to-date: /root/ros2_code/humble/ros_bot/install/ign_ros2_control_demos/share/ign_ros2_control_demos//urdf/test_tricycle_drive.xacro.urdf
[1.905s] -- Up-to-date: /root/ros2_code/humble/ros_bot/install/ign_ros2_control_demos/share/ign_ros2_control_demos//urdf/test_gripper_mimic_joint.xacro.urdf
[1.906s] -- Up-to-date: /root/ros2_code/humble/ros_bot/install/ign_ros2_control_demos/share/ign_ros2_control_demos//urdf/test_cart_effort.xacro.urdf
[1.906s] -- Up-to-date: /root/ros2_code/humble/ros_bot/install/ign_ros2_control_demos/share/ign_ros2_control_demos//urdf/test_cart_position.xacro.urdf
[1.906s] -- Up-to-date: /root/ros2_code/humble/ros_bot/install/ign_ros2_control_demos/share/ign_ros2_control_demos//urdf/test_cart_velocity.xacro.urdf
[1.906s] -- Up-to-date: /root/ros2_code/humble/ros_bot/install/ign_ros2_control_demos/lib/ign_ros2_control_demos/example_position
[1.906s] -- Up-to-date: /root/ros2_code/humble/ros_bot/install/ign_ros2_control_demos/lib/ign_ros2_control_demos/example_velocity
[1.909s] -- Up-to-date: /root/ros2_code/humble/ros_bot/install/ign_ros2_control_demos/lib/ign_ros2_control_demos/example_effort
[1.909s] -- Up-to-date: /root/ros2_code/humble/ros_bot/install/ign_ros2_control_demos/lib/ign_ros2_control_demos/example_diff_drive
[1.909s] -- Up-to-date: /root/ros2_code/humble/ros_bot/install/ign_ros2_control_demos/lib/ign_ros2_control_demos/example_tricycle_drive
[1.909s] -- Up-to-date: /root/ros2_code/humble/ros_bot/install/ign_ros2_control_demos/lib/ign_ros2_control_demos/example_gripper
[1.909s] -- Up-to-date: /root/ros2_code/humble/ros_bot/install/ign_ros2_control_demos/share/ament_index/resource_index/package_run_dependencies/ign_ros2_control_demos
[1.909s] -- Up-to-date: /root/ros2_code/humble/ros_bot/install/ign_ros2_control_demos/share/ament_index/resource_index/parent_prefix_path/ign_ros2_control_demos
[1.910s] -- Up-to-date: /root/ros2_code/humble/ros_bot/install/ign_ros2_control_demos/share/ign_ros2_control_demos/environment/ament_prefix_path.sh
[1.910s] -- Up-to-date: /root/ros2_code/humble/ros_bot/install/ign_ros2_control_demos/share/ign_ros2_control_demos/environment/ament_prefix_path.dsv
[1.910s] -- Up-to-date: /root/ros2_code/humble/ros_bot/install/ign_ros2_control_demos/share/ign_ros2_control_demos/environment/path.sh
[1.911s] -- Up-to-date: /root/ros2_code/humble/ros_bot/install/ign_ros2_control_demos/share/ign_ros2_control_demos/environment/path.dsv
[1.911s] -- Up-to-date: /root/ros2_code/humble/ros_bot/install/ign_ros2_control_demos/share/ign_ros2_control_demos/local_setup.bash
[1.911s] -- Up-to-date: /root/ros2_code/humble/ros_bot/install/ign_ros2_control_demos/share/ign_ros2_control_demos/local_setup.sh
[1.911s] -- Up-to-date: /root/ros2_code/humble/ros_bot/install/ign_ros2_control_demos/share/ign_ros2_control_demos/local_setup.zsh
[1.911s] -- Up-to-date: /root/ros2_code/humble/ros_bot/install/ign_ros2_control_demos/share/ign_ros2_control_demos/local_setup.dsv
[1.911s] -- Installing: /root/ros2_code/humble/ros_bot/install/ign_ros2_control_demos/share/ign_ros2_control_demos/package.dsv
[1.912s] -- Up-to-date: /root/ros2_code/humble/ros_bot/install/ign_ros2_control_demos/share/ament_index/resource_index/packages/ign_ros2_control_demos
[1.918s] -- Up-to-date: /root/ros2_code/humble/ros_bot/install/ign_ros2_control_demos/share/ign_ros2_control_demos/cmake/ign_ros2_control_demosConfig.cmake
[1.919s] -- Up-to-date: /root/ros2_code/humble/ros_bot/install/ign_ros2_control_demos/share/ign_ros2_control_demos/cmake/ign_ros2_control_demosConfig-version.cmake
[1.919s] -- Up-to-date: /root/ros2_code/humble/ros_bot/install/ign_ros2_control_demos/share/ign_ros2_control_demos/package.xml
[2.002s] Invoked command in '/root/ros2_code/humble/ros_bot/build/ign_ros2_control_demos' returned '0': AMENT_PREFIX_PATH=/root/ros2_code/humble/ros_bot/install/ign_ros2_control:${AMENT_PREFIX_PATH} CMAKE_PREFIX_PATH=/root/ros2_code/humble/ros_bot/install/ign_ros2_control:/root/ros2_code/humble/ros_bot/install/tutorial_pkg:/root/ros2_code/humble/ros_bot/install/rosbot:/root/ros2_code/humble/ros_bot/install/rosbot_description:/root/ros2_code/humble/ros_bot/install/ros_components_description:/root/ros2_code/humble/ros_bot/install/husarion_office_gz:/root/ros2_code/humble/vision/install/diff_robot_pkg:/root/ros2_code/humble/simulations/install/neo_simulation2:/root/ros2_code/humble/simulations/install/bcr_bot:/root/ros2_code/humble/ros_bot/install/rosbot_utils:/root/ros2_code/humble/ros_bot/install/rosbot_gazebo:/root/ros2_code/humble/ros_bot/install/rosbot_bringup:/root/ros2_code/humble/ros_bot/install/rosbot_controller:/root/ros2_code/humble/vision/install/path_planner_pkg:/root/ros2_code/humble/vision/install/nav2_api_pkg:/root/ros2_code/humble/vision/install/joystick_pkg:/root/ros2_code/humble/vision/install/cartographer_pkg:/root/ros2_code/humble/nav2class/install/autonomous_tb3:/root/ros2_code/humble/simulations/install/path_planner_server:/root/ros2_code/humble/simulations/install/map_server:/root/ros2_code/humble/simulations/install/localization_server:/opt/ros/humble LD_LIBRARY_PATH=/root/ros2_code/humble/ros_bot/install/ign_ros2_control/lib:/usr/lib/x86_64-linux-gnu/gazebo-11/plugins:/opt/ros/humble/opt/rviz_ogre_vendor/lib:/opt/ros/humble/lib/x86_64-linux-gnu:/opt/ros/humble/lib:/usr/share/gazebo/../../lib/x86_64-linux-gnu/gazebo-11/plugins:/usr/share/gazebo/../../lib/x86_64-linux-gnu/gazebo-11/plugins:/usr/share/gazebo/../../lib/x86_64-linux-gnu/gazebo-11/plugins /usr/bin/cmake --install /root/ros2_code/humble/ros_bot/build/ign_ros2_control_demos
