[0.978s] DEBUG:colcon:Command line arguments: ['/usr/bin/colcon', 'build']
[0.978s] DEBUG:colcon:Parsed command line arguments: Namespace(log_base=None, log_level=None, verb_name='build', build_base='build', install_base='install', merge_install=False, symlink_install=False, test_result_base=None, continue_on_error=False, executor='parallel', parallel_workers=12, event_handlers=None, ignore_user_meta=False, metas=['./colcon.meta'], base_paths=['.'], packages_ignore=None, packages_ignore_regex=None, paths=None, packages_up_to=None, packages_up_to_regex=None, packages_above=None, packages_above_and_dependencies=None, packages_above_depth=None, packages_select_by_dep=None, packages_skip_by_dep=None, packages_skip_up_to=None, packages_select_build_failed=False, packages_skip_build_finished=False, packages_select_test_failures=False, packages_skip_test_passed=False, packages_select=None, packages_skip=None, packages_select_regex=None, packages_skip_regex=None, packages_start=None, packages_end=None, cmake_args=None, cmake_target=None, cmake_target_skip_unavailable=False, cmake_clean_cache=False, cmake_clean_first=False, cmake_force_configure=False, ament_cmake_args=None, catkin_cmake_args=None, catkin_skip_building_tests=False, verb_parser=<colcon_defaults.argument_parser.defaults.DefaultArgumentsDecorator object at 0x7f8f11afc3a0>, verb_extension=<colcon_core.verb.build.BuildVerb object at 0x7f8f11aebb50>, main=<bound method BuildVerb.main of <colcon_core.verb.build.BuildVerb object at 0x7f8f11aebb50>>)
[1.023s] Level 1:colcon.colcon_core.package_discovery:discover_packages(colcon_meta) check parameters
[1.023s] Level 1:colcon.colcon_core.package_discovery:discover_packages(recursive) check parameters
[1.023s] Level 1:colcon.colcon_core.package_discovery:discover_packages(ignore) check parameters
[1.023s] Level 1:colcon.colcon_core.package_discovery:discover_packages(path) check parameters
[1.023s] Level 1:colcon.colcon_core.package_discovery:discover_packages(colcon_meta) discover
[1.024s] Level 1:colcon.colcon_core.package_discovery:discover_packages(recursive) discover
[1.024s] INFO:colcon.colcon_core.package_discovery:Crawling recursively for packages in '/root/ros2_code/humble/tc_ros2_nav'
[1.024s] Level 1:colcon.colcon_core.package_identification:_identify(.) by extensions ['ignore', 'ignore_ament_install']
[1.024s] Level 1:colcon.colcon_core.package_identification:_identify(.) by extension 'ignore'
[1.024s] Level 1:colcon.colcon_core.package_identification:_identify(.) by extension 'ignore_ament_install'
[1.024s] Level 1:colcon.colcon_core.package_identification:_identify(.) by extensions ['colcon_pkg']
[1.024s] Level 1:colcon.colcon_core.package_identification:_identify(.) by extension 'colcon_pkg'
[1.024s] Level 1:colcon.colcon_core.package_identification:_identify(.) by extensions ['colcon_meta']
[1.024s] Level 1:colcon.colcon_core.package_identification:_identify(.) by extension 'colcon_meta'
[1.024s] Level 1:colcon.colcon_core.package_identification:_identify(.) by extensions ['ros']
[1.024s] Level 1:colcon.colcon_core.package_identification:_identify(.) by extension 'ros'
[1.033s] Level 1:colcon.colcon_core.package_identification:_identify(.) by extensions ['cmake', 'python']
[1.033s] Level 1:colcon.colcon_core.package_identification:_identify(.) by extension 'cmake'
[1.033s] Level 1:colcon.colcon_core.package_identification:_identify(.) by extension 'python'
[1.033s] Level 1:colcon.colcon_core.package_identification:_identify(.) by extensions ['python_setup_py']
[1.033s] Level 1:colcon.colcon_core.package_identification:_identify(.) by extension 'python_setup_py'
[1.033s] Level 1:colcon.colcon_core.package_identification:_identify(build) by extensions ['ignore', 'ignore_ament_install']
[1.033s] Level 1:colcon.colcon_core.package_identification:_identify(build) by extension 'ignore'
[1.033s] Level 1:colcon.colcon_core.package_identification:_identify(build) ignored
[1.033s] Level 1:colcon.colcon_core.package_identification:_identify(install) by extensions ['ignore', 'ignore_ament_install']
[1.033s] Level 1:colcon.colcon_core.package_identification:_identify(install) by extension 'ignore'
[1.033s] Level 1:colcon.colcon_core.package_identification:_identify(install) ignored
[1.034s] Level 1:colcon.colcon_core.package_identification:_identify(log) by extensions ['ignore', 'ignore_ament_install']
[1.034s] Level 1:colcon.colcon_core.package_identification:_identify(log) by extension 'ignore'
[1.034s] Level 1:colcon.colcon_core.package_identification:_identify(log) ignored
[1.034s] Level 1:colcon.colcon_core.package_identification:_identify(maps) by extensions ['ignore', 'ignore_ament_install']
[1.034s] Level 1:colcon.colcon_core.package_identification:_identify(maps) by extension 'ignore'
[1.034s] Level 1:colcon.colcon_core.package_identification:_identify(maps) by extension 'ignore_ament_install'
[1.034s] Level 1:colcon.colcon_core.package_identification:_identify(maps) by extensions ['colcon_pkg']
[1.034s] Level 1:colcon.colcon_core.package_identification:_identify(maps) by extension 'colcon_pkg'
[1.034s] Level 1:colcon.colcon_core.package_identification:_identify(maps) by extensions ['colcon_meta']
[1.034s] Level 1:colcon.colcon_core.package_identification:_identify(maps) by extension 'colcon_meta'
[1.034s] Level 1:colcon.colcon_core.package_identification:_identify(maps) by extensions ['ros']
[1.034s] Level 1:colcon.colcon_core.package_identification:_identify(maps) by extension 'ros'
[1.034s] Level 1:colcon.colcon_core.package_identification:_identify(maps) by extensions ['cmake', 'python']
[1.034s] Level 1:colcon.colcon_core.package_identification:_identify(maps) by extension 'cmake'
[1.034s] Level 1:colcon.colcon_core.package_identification:_identify(maps) by extension 'python'
[1.034s] Level 1:colcon.colcon_core.package_identification:_identify(maps) by extensions ['python_setup_py']
[1.034s] Level 1:colcon.colcon_core.package_identification:_identify(maps) by extension 'python_setup_py'
[1.034s] Level 1:colcon.colcon_core.package_identification:_identify(src) by extensions ['ignore', 'ignore_ament_install']
[1.034s] Level 1:colcon.colcon_core.package_identification:_identify(src) by extension 'ignore'
[1.034s] Level 1:colcon.colcon_core.package_identification:_identify(src) by extension 'ignore_ament_install'
[1.034s] Level 1:colcon.colcon_core.package_identification:_identify(src) by extensions ['colcon_pkg']
[1.034s] Level 1:colcon.colcon_core.package_identification:_identify(src) by extension 'colcon_pkg'
[1.035s] Level 1:colcon.colcon_core.package_identification:_identify(src) by extensions ['colcon_meta']
[1.035s] Level 1:colcon.colcon_core.package_identification:_identify(src) by extension 'colcon_meta'
[1.035s] Level 1:colcon.colcon_core.package_identification:_identify(src) by extensions ['ros']
[1.035s] Level 1:colcon.colcon_core.package_identification:_identify(src) by extension 'ros'
[1.035s] Level 1:colcon.colcon_core.package_identification:_identify(src) by extensions ['cmake', 'python']
[1.035s] Level 1:colcon.colcon_core.package_identification:_identify(src) by extension 'cmake'
[1.035s] Level 1:colcon.colcon_core.package_identification:_identify(src) by extension 'python'
[1.035s] Level 1:colcon.colcon_core.package_identification:_identify(src) by extensions ['python_setup_py']
[1.035s] Level 1:colcon.colcon_core.package_identification:_identify(src) by extension 'python_setup_py'
[1.035s] Level 1:colcon.colcon_core.package_identification:_identify(src/amcl) by extensions ['ignore', 'ignore_ament_install']
[1.035s] Level 1:colcon.colcon_core.package_identification:_identify(src/amcl) by extension 'ignore'
[1.035s] Level 1:colcon.colcon_core.package_identification:_identify(src/amcl) by extension 'ignore_ament_install'
[1.035s] Level 1:colcon.colcon_core.package_identification:_identify(src/amcl) by extensions ['colcon_pkg']
[1.035s] Level 1:colcon.colcon_core.package_identification:_identify(src/amcl) by extension 'colcon_pkg'
[1.035s] Level 1:colcon.colcon_core.package_identification:_identify(src/amcl) by extensions ['colcon_meta']
[1.035s] Level 1:colcon.colcon_core.package_identification:_identify(src/amcl) by extension 'colcon_meta'
[1.035s] Level 1:colcon.colcon_core.package_identification:_identify(src/amcl) by extensions ['ros']
[1.035s] Level 1:colcon.colcon_core.package_identification:_identify(src/amcl) by extension 'ros'
[1.037s] DEBUG:colcon.colcon_core.package_identification:Package 'src/amcl' with type 'ros.ament_python' and name 'amcl'
[1.037s] Level 1:colcon.colcon_core.package_identification:_identify(src/cartographer_slam) by extensions ['ignore', 'ignore_ament_install']
[1.037s] Level 1:colcon.colcon_core.package_identification:_identify(src/cartographer_slam) by extension 'ignore'
[1.037s] Level 1:colcon.colcon_core.package_identification:_identify(src/cartographer_slam) by extension 'ignore_ament_install'
[1.037s] Level 1:colcon.colcon_core.package_identification:_identify(src/cartographer_slam) by extensions ['colcon_pkg']
[1.037s] Level 1:colcon.colcon_core.package_identification:_identify(src/cartographer_slam) by extension 'colcon_pkg'
[1.037s] Level 1:colcon.colcon_core.package_identification:_identify(src/cartographer_slam) by extensions ['colcon_meta']
[1.037s] Level 1:colcon.colcon_core.package_identification:_identify(src/cartographer_slam) by extension 'colcon_meta'
[1.037s] Level 1:colcon.colcon_core.package_identification:_identify(src/cartographer_slam) by extensions ['ros']
[1.037s] Level 1:colcon.colcon_core.package_identification:_identify(src/cartographer_slam) by extension 'ros'
[1.038s] DEBUG:colcon.colcon_core.package_identification:Package 'src/cartographer_slam' with type 'ros.ament_python' and name 'cartographer_slam'
[1.038s] Level 1:colcon.colcon_core.package_identification:_identify(src/localization_server) by extensions ['ignore', 'ignore_ament_install']
[1.038s] Level 1:colcon.colcon_core.package_identification:_identify(src/localization_server) by extension 'ignore'
[1.038s] Level 1:colcon.colcon_core.package_identification:_identify(src/localization_server) by extension 'ignore_ament_install'
[1.038s] Level 1:colcon.colcon_core.package_identification:_identify(src/localization_server) by extensions ['colcon_pkg']
[1.038s] Level 1:colcon.colcon_core.package_identification:_identify(src/localization_server) by extension 'colcon_pkg'
[1.038s] Level 1:colcon.colcon_core.package_identification:_identify(src/localization_server) by extensions ['colcon_meta']
[1.038s] Level 1:colcon.colcon_core.package_identification:_identify(src/localization_server) by extension 'colcon_meta'
[1.038s] Level 1:colcon.colcon_core.package_identification:_identify(src/localization_server) by extensions ['ros']
[1.038s] Level 1:colcon.colcon_core.package_identification:_identify(src/localization_server) by extension 'ros'
[1.038s] DEBUG:colcon.colcon_core.package_identification:Package 'src/localization_server' with type 'ros.ament_python' and name 'localization_server'
[1.039s] Level 1:colcon.colcon_core.package_identification:_identify(src/map_server ) by extensions ['ignore', 'ignore_ament_install']
[1.039s] Level 1:colcon.colcon_core.package_identification:_identify(src/map_server ) by extension 'ignore'
[1.039s] Level 1:colcon.colcon_core.package_identification:_identify(src/map_server ) by extension 'ignore_ament_install'
[1.039s] Level 1:colcon.colcon_core.package_identification:_identify(src/map_server ) by extensions ['colcon_pkg']
[1.039s] Level 1:colcon.colcon_core.package_identification:_identify(src/map_server ) by extension 'colcon_pkg'
[1.039s] Level 1:colcon.colcon_core.package_identification:_identify(src/map_server ) by extensions ['colcon_meta']
[1.039s] Level 1:colcon.colcon_core.package_identification:_identify(src/map_server ) by extension 'colcon_meta'
[1.039s] Level 1:colcon.colcon_core.package_identification:_identify(src/map_server ) by extensions ['ros']
[1.039s] Level 1:colcon.colcon_core.package_identification:_identify(src/map_server ) by extension 'ros'
[1.039s] DEBUG:colcon.colcon_core.package_identification:Package 'src/map_server ' with type 'ros.ament_python' and name 'map_server'
[1.039s] Level 1:colcon.colcon_core.package_identification:_identify(src/navigation) by extensions ['ignore', 'ignore_ament_install']
[1.039s] Level 1:colcon.colcon_core.package_identification:_identify(src/navigation) by extension 'ignore'
[1.039s] Level 1:colcon.colcon_core.package_identification:_identify(src/navigation) by extension 'ignore_ament_install'
[1.039s] Level 1:colcon.colcon_core.package_identification:_identify(src/navigation) by extensions ['colcon_pkg']
[1.040s] Level 1:colcon.colcon_core.package_identification:_identify(src/navigation) by extension 'colcon_pkg'
[1.040s] Level 1:colcon.colcon_core.package_identification:_identify(src/navigation) by extensions ['colcon_meta']
[1.040s] Level 1:colcon.colcon_core.package_identification:_identify(src/navigation) by extension 'colcon_meta'
[1.040s] Level 1:colcon.colcon_core.package_identification:_identify(src/navigation) by extensions ['ros']
[1.040s] Level 1:colcon.colcon_core.package_identification:_identify(src/navigation) by extension 'ros'
[1.040s] DEBUG:colcon.colcon_core.package_identification:Package 'src/navigation' with type 'ros.ament_python' and name 'navigation'
[1.040s] Level 1:colcon.colcon_core.package_identification:_identify(src/path_planner_server) by extensions ['ignore', 'ignore_ament_install']
[1.040s] Level 1:colcon.colcon_core.package_identification:_identify(src/path_planner_server) by extension 'ignore'
[1.040s] Level 1:colcon.colcon_core.package_identification:_identify(src/path_planner_server) by extension 'ignore_ament_install'
[1.040s] Level 1:colcon.colcon_core.package_identification:_identify(src/path_planner_server) by extensions ['colcon_pkg']
[1.040s] Level 1:colcon.colcon_core.package_identification:_identify(src/path_planner_server) by extension 'colcon_pkg'
[1.040s] Level 1:colcon.colcon_core.package_identification:_identify(src/path_planner_server) by extensions ['colcon_meta']
[1.040s] Level 1:colcon.colcon_core.package_identification:_identify(src/path_planner_server) by extension 'colcon_meta'
[1.040s] Level 1:colcon.colcon_core.package_identification:_identify(src/path_planner_server) by extensions ['ros']
[1.040s] Level 1:colcon.colcon_core.package_identification:_identify(src/path_planner_server) by extension 'ros'
[1.042s] DEBUG:colcon.colcon_core.package_identification:Package 'src/path_planner_server' with type 'ros.ament_python' and name 'path_planner_server'
[1.042s] Level 1:colcon.colcon_core.package_discovery:discover_packages(recursive) using defaults
[1.042s] Level 1:colcon.colcon_core.package_discovery:discover_packages(ignore) discover
[1.042s] Level 1:colcon.colcon_core.package_discovery:discover_packages(ignore) using defaults
[1.042s] Level 1:colcon.colcon_core.package_discovery:discover_packages(path) discover
[1.042s] Level 1:colcon.colcon_core.package_discovery:discover_packages(path) using defaults
[1.115s] Level 5:colcon.colcon_core.verb:set package 'amcl' build argument 'cmake_args' from command line to 'None'
[1.115s] Level 5:colcon.colcon_core.verb:set package 'amcl' build argument 'cmake_target' from command line to 'None'
[1.115s] Level 5:colcon.colcon_core.verb:set package 'amcl' build argument 'cmake_target_skip_unavailable' from command line to 'False'
[1.115s] Level 5:colcon.colcon_core.verb:set package 'amcl' build argument 'cmake_clean_cache' from command line to 'False'
[1.115s] Level 5:colcon.colcon_core.verb:set package 'amcl' build argument 'cmake_clean_first' from command line to 'False'
[1.115s] Level 5:colcon.colcon_core.verb:set package 'amcl' build argument 'cmake_force_configure' from command line to 'False'
[1.115s] Level 5:colcon.colcon_core.verb:set package 'amcl' build argument 'ament_cmake_args' from command line to 'None'
[1.115s] Level 5:colcon.colcon_core.verb:set package 'amcl' build argument 'catkin_cmake_args' from command line to 'None'
[1.115s] Level 5:colcon.colcon_core.verb:set package 'amcl' build argument 'catkin_skip_building_tests' from command line to 'False'
[1.115s] DEBUG:colcon.colcon_core.verb:Building package 'amcl' with the following arguments: {'ament_cmake_args': None, 'build_base': '/root/ros2_code/humble/tc_ros2_nav/build/amcl', 'catkin_cmake_args': None, 'catkin_skip_building_tests': False, 'cmake_args': None, 'cmake_clean_cache': False, 'cmake_clean_first': False, 'cmake_force_configure': False, 'cmake_target': None, 'cmake_target_skip_unavailable': False, 'install_base': '/root/ros2_code/humble/tc_ros2_nav/install/amcl', 'merge_install': False, 'path': '/root/ros2_code/humble/tc_ros2_nav/src/amcl', 'symlink_install': False, 'test_result_base': None}
[1.128s] Level 5:colcon.colcon_core.verb:set package 'cartographer_slam' build argument 'cmake_args' from command line to 'None'
[1.128s] Level 5:colcon.colcon_core.verb:set package 'cartographer_slam' build argument 'cmake_target' from command line to 'None'
[1.128s] Level 5:colcon.colcon_core.verb:set package 'cartographer_slam' build argument 'cmake_target_skip_unavailable' from command line to 'False'
[1.128s] Level 5:colcon.colcon_core.verb:set package 'cartographer_slam' build argument 'cmake_clean_cache' from command line to 'False'
[1.128s] Level 5:colcon.colcon_core.verb:set package 'cartographer_slam' build argument 'cmake_clean_first' from command line to 'False'
[1.128s] Level 5:colcon.colcon_core.verb:set package 'cartographer_slam' build argument 'cmake_force_configure' from command line to 'False'
[1.128s] Level 5:colcon.colcon_core.verb:set package 'cartographer_slam' build argument 'ament_cmake_args' from command line to 'None'
[1.128s] Level 5:colcon.colcon_core.verb:set package 'cartographer_slam' build argument 'catkin_cmake_args' from command line to 'None'
[1.128s] Level 5:colcon.colcon_core.verb:set package 'cartographer_slam' build argument 'catkin_skip_building_tests' from command line to 'False'
[1.128s] DEBUG:colcon.colcon_core.verb:Building package 'cartographer_slam' with the following arguments: {'ament_cmake_args': None, 'build_base': '/root/ros2_code/humble/tc_ros2_nav/build/cartographer_slam', 'catkin_cmake_args': None, 'catkin_skip_building_tests': False, 'cmake_args': None, 'cmake_clean_cache': False, 'cmake_clean_first': False, 'cmake_force_configure': False, 'cmake_target': None, 'cmake_target_skip_unavailable': False, 'install_base': '/root/ros2_code/humble/tc_ros2_nav/install/cartographer_slam', 'merge_install': False, 'path': '/root/ros2_code/humble/tc_ros2_nav/src/cartographer_slam', 'symlink_install': False, 'test_result_base': None}
[1.141s] Level 5:colcon.colcon_core.verb:set package 'localization_server' build argument 'cmake_args' from command line to 'None'
[1.141s] Level 5:colcon.colcon_core.verb:set package 'localization_server' build argument 'cmake_target' from command line to 'None'
[1.142s] Level 5:colcon.colcon_core.verb:set package 'localization_server' build argument 'cmake_target_skip_unavailable' from command line to 'False'
[1.142s] Level 5:colcon.colcon_core.verb:set package 'localization_server' build argument 'cmake_clean_cache' from command line to 'False'
[1.142s] Level 5:colcon.colcon_core.verb:set package 'localization_server' build argument 'cmake_clean_first' from command line to 'False'
[1.142s] Level 5:colcon.colcon_core.verb:set package 'localization_server' build argument 'cmake_force_configure' from command line to 'False'
[1.142s] Level 5:colcon.colcon_core.verb:set package 'localization_server' build argument 'ament_cmake_args' from command line to 'None'
[1.142s] Level 5:colcon.colcon_core.verb:set package 'localization_server' build argument 'catkin_cmake_args' from command line to 'None'
[1.142s] Level 5:colcon.colcon_core.verb:set package 'localization_server' build argument 'catkin_skip_building_tests' from command line to 'False'
[1.142s] DEBUG:colcon.colcon_core.verb:Building package 'localization_server' with the following arguments: {'ament_cmake_args': None, 'build_base': '/root/ros2_code/humble/tc_ros2_nav/build/localization_server', 'catkin_cmake_args': None, 'catkin_skip_building_tests': False, 'cmake_args': None, 'cmake_clean_cache': False, 'cmake_clean_first': False, 'cmake_force_configure': False, 'cmake_target': None, 'cmake_target_skip_unavailable': False, 'install_base': '/root/ros2_code/humble/tc_ros2_nav/install/localization_server', 'merge_install': False, 'path': '/root/ros2_code/humble/tc_ros2_nav/src/localization_server', 'symlink_install': False, 'test_result_base': None}
[1.157s] Level 5:colcon.colcon_core.verb:set package 'map_server' build argument 'cmake_args' from command line to 'None'
[1.158s] Level 5:colcon.colcon_core.verb:set package 'map_server' build argument 'cmake_target' from command line to 'None'
[1.158s] Level 5:colcon.colcon_core.verb:set package 'map_server' build argument 'cmake_target_skip_unavailable' from command line to 'False'
[1.158s] Level 5:colcon.colcon_core.verb:set package 'map_server' build argument 'cmake_clean_cache' from command line to 'False'
[1.158s] Level 5:colcon.colcon_core.verb:set package 'map_server' build argument 'cmake_clean_first' from command line to 'False'
[1.158s] Level 5:colcon.colcon_core.verb:set package 'map_server' build argument 'cmake_force_configure' from command line to 'False'
[1.158s] Level 5:colcon.colcon_core.verb:set package 'map_server' build argument 'ament_cmake_args' from command line to 'None'
[1.158s] Level 5:colcon.colcon_core.verb:set package 'map_server' build argument 'catkin_cmake_args' from command line to 'None'
[1.158s] Level 5:colcon.colcon_core.verb:set package 'map_server' build argument 'catkin_skip_building_tests' from command line to 'False'
[1.158s] DEBUG:colcon.colcon_core.verb:Building package 'map_server' with the following arguments: {'ament_cmake_args': None, 'build_base': '/root/ros2_code/humble/tc_ros2_nav/build/map_server', 'catkin_cmake_args': None, 'catkin_skip_building_tests': False, 'cmake_args': None, 'cmake_clean_cache': False, 'cmake_clean_first': False, 'cmake_force_configure': False, 'cmake_target': None, 'cmake_target_skip_unavailable': False, 'install_base': '/root/ros2_code/humble/tc_ros2_nav/install/map_server', 'merge_install': False, 'path': '/root/ros2_code/humble/tc_ros2_nav/src/map_server ', 'symlink_install': False, 'test_result_base': None}
[1.173s] Level 5:colcon.colcon_core.verb:set package 'navigation' build argument 'cmake_args' from command line to 'None'
[1.173s] Level 5:colcon.colcon_core.verb:set package 'navigation' build argument 'cmake_target' from command line to 'None'
[1.173s] Level 5:colcon.colcon_core.verb:set package 'navigation' build argument 'cmake_target_skip_unavailable' from command line to 'False'
[1.173s] Level 5:colcon.colcon_core.verb:set package 'navigation' build argument 'cmake_clean_cache' from command line to 'False'
[1.173s] Level 5:colcon.colcon_core.verb:set package 'navigation' build argument 'cmake_clean_first' from command line to 'False'
[1.173s] Level 5:colcon.colcon_core.verb:set package 'navigation' build argument 'cmake_force_configure' from command line to 'False'
[1.173s] Level 5:colcon.colcon_core.verb:set package 'navigation' build argument 'ament_cmake_args' from command line to 'None'
[1.173s] Level 5:colcon.colcon_core.verb:set package 'navigation' build argument 'catkin_cmake_args' from command line to 'None'
[1.173s] Level 5:colcon.colcon_core.verb:set package 'navigation' build argument 'catkin_skip_building_tests' from command line to 'False'
[1.173s] DEBUG:colcon.colcon_core.verb:Building package 'navigation' with the following arguments: {'ament_cmake_args': None, 'build_base': '/root/ros2_code/humble/tc_ros2_nav/build/navigation', 'catkin_cmake_args': None, 'catkin_skip_building_tests': False, 'cmake_args': None, 'cmake_clean_cache': False, 'cmake_clean_first': False, 'cmake_force_configure': False, 'cmake_target': None, 'cmake_target_skip_unavailable': False, 'install_base': '/root/ros2_code/humble/tc_ros2_nav/install/navigation', 'merge_install': False, 'path': '/root/ros2_code/humble/tc_ros2_nav/src/navigation', 'symlink_install': False, 'test_result_base': None}
[1.202s] Level 5:colcon.colcon_core.verb:set package 'path_planner_server' build argument 'cmake_args' from command line to 'None'
[1.202s] Level 5:colcon.colcon_core.verb:set package 'path_planner_server' build argument 'cmake_target' from command line to 'None'
[1.202s] Level 5:colcon.colcon_core.verb:set package 'path_planner_server' build argument 'cmake_target_skip_unavailable' from command line to 'False'
[1.202s] Level 5:colcon.colcon_core.verb:set package 'path_planner_server' build argument 'cmake_clean_cache' from command line to 'False'
[1.202s] Level 5:colcon.colcon_core.verb:set package 'path_planner_server' build argument 'cmake_clean_first' from command line to 'False'
[1.202s] Level 5:colcon.colcon_core.verb:set package 'path_planner_server' build argument 'cmake_force_configure' from command line to 'False'
[1.202s] Level 5:colcon.colcon_core.verb:set package 'path_planner_server' build argument 'ament_cmake_args' from command line to 'None'
[1.202s] Level 5:colcon.colcon_core.verb:set package 'path_planner_server' build argument 'catkin_cmake_args' from command line to 'None'
[1.202s] Level 5:colcon.colcon_core.verb:set package 'path_planner_server' build argument 'catkin_skip_building_tests' from command line to 'False'
[1.202s] DEBUG:colcon.colcon_core.verb:Building package 'path_planner_server' with the following arguments: {'ament_cmake_args': None, 'build_base': '/root/ros2_code/humble/tc_ros2_nav/build/path_planner_server', 'catkin_cmake_args': None, 'catkin_skip_building_tests': False, 'cmake_args': None, 'cmake_clean_cache': False, 'cmake_clean_first': False, 'cmake_force_configure': False, 'cmake_target': None, 'cmake_target_skip_unavailable': False, 'install_base': '/root/ros2_code/humble/tc_ros2_nav/install/path_planner_server', 'merge_install': False, 'path': '/root/ros2_code/humble/tc_ros2_nav/src/path_planner_server', 'symlink_install': False, 'test_result_base': None}
[1.215s] INFO:colcon.colcon_core.executor:Executing jobs using 'parallel' executor
[1.229s] DEBUG:colcon.colcon_parallel_executor.executor.parallel:run_until_complete
[1.230s] INFO:colcon.colcon_ros.task.ament_python.build:Building ROS package in '/root/ros2_code/humble/tc_ros2_nav/src/amcl' with build type 'ament_python'
[1.230s] Level 1:colcon.colcon_core.shell:create_environment_hook('amcl', 'ament_prefix_path')
[1.247s] INFO:colcon.colcon_core.plugin_system:Skipping extension 'colcon_core.shell.bat': Not used on non-Windows systems
[1.247s] INFO:colcon.colcon_core.shell:Creating environment hook '/root/ros2_code/humble/tc_ros2_nav/install/amcl/share/amcl/hook/ament_prefix_path.ps1'
[1.248s] INFO:colcon.colcon_core.shell:Creating environment descriptor '/root/ros2_code/humble/tc_ros2_nav/install/amcl/share/amcl/hook/ament_prefix_path.dsv'
[1.248s] INFO:colcon.colcon_core.shell:Creating environment hook '/root/ros2_code/humble/tc_ros2_nav/install/amcl/share/amcl/hook/ament_prefix_path.sh'
[1.263s] INFO:colcon.colcon_core.shell:Skip shell extension 'powershell' for command environment: Not usable outside of PowerShell
[1.263s] DEBUG:colcon.colcon_core.shell:Skip shell extension 'dsv' for command environment
[1.325s] INFO:colcon.colcon_ros.task.ament_python.build:Building ROS package in '/root/ros2_code/humble/tc_ros2_nav/src/cartographer_slam' with build type 'ament_python'
[1.325s] Level 1:colcon.colcon_core.shell:create_environment_hook('cartographer_slam', 'ament_prefix_path')
[1.341s] INFO:colcon.colcon_core.shell:Creating environment hook '/root/ros2_code/humble/tc_ros2_nav/install/cartographer_slam/share/cartographer_slam/hook/ament_prefix_path.ps1'
[1.342s] INFO:colcon.colcon_core.shell:Creating environment descriptor '/root/ros2_code/humble/tc_ros2_nav/install/cartographer_slam/share/cartographer_slam/hook/ament_prefix_path.dsv'
[1.342s] INFO:colcon.colcon_core.shell:Creating environment hook '/root/ros2_code/humble/tc_ros2_nav/install/cartographer_slam/share/cartographer_slam/hook/ament_prefix_path.sh'
[1.356s] INFO:colcon.colcon_core.shell:Skip shell extension 'powershell' for command environment: Not usable outside of PowerShell
[1.356s] DEBUG:colcon.colcon_core.shell:Skip shell extension 'dsv' for command environment
[1.414s] INFO:colcon.colcon_ros.task.ament_python.build:Building ROS package in '/root/ros2_code/humble/tc_ros2_nav/src/localization_server' with build type 'ament_python'
[1.414s] Level 1:colcon.colcon_core.shell:create_environment_hook('localization_server', 'ament_prefix_path')
[1.429s] INFO:colcon.colcon_core.shell:Creating environment hook '/root/ros2_code/humble/tc_ros2_nav/install/localization_server/share/localization_server/hook/ament_prefix_path.ps1'
[1.430s] INFO:colcon.colcon_core.shell:Creating environment descriptor '/root/ros2_code/humble/tc_ros2_nav/install/localization_server/share/localization_server/hook/ament_prefix_path.dsv'
[1.430s] INFO:colcon.colcon_core.shell:Creating environment hook '/root/ros2_code/humble/tc_ros2_nav/install/localization_server/share/localization_server/hook/ament_prefix_path.sh'
[1.445s] INFO:colcon.colcon_core.shell:Skip shell extension 'powershell' for command environment: Not usable outside of PowerShell
[1.445s] DEBUG:colcon.colcon_core.shell:Skip shell extension 'dsv' for command environment
[1.505s] INFO:colcon.colcon_ros.task.ament_python.build:Building ROS package in '/root/ros2_code/humble/tc_ros2_nav/src/map_server ' with build type 'ament_python'
[1.505s] Level 1:colcon.colcon_core.shell:create_environment_hook('map_server', 'ament_prefix_path')
[1.520s] INFO:colcon.colcon_core.shell:Creating environment hook '/root/ros2_code/humble/tc_ros2_nav/install/map_server/share/map_server/hook/ament_prefix_path.ps1'
[1.520s] INFO:colcon.colcon_core.shell:Creating environment descriptor '/root/ros2_code/humble/tc_ros2_nav/install/map_server/share/map_server/hook/ament_prefix_path.dsv'
[1.520s] INFO:colcon.colcon_core.shell:Creating environment hook '/root/ros2_code/humble/tc_ros2_nav/install/map_server/share/map_server/hook/ament_prefix_path.sh'
[1.535s] INFO:colcon.colcon_core.shell:Skip shell extension 'powershell' for command environment: Not usable outside of PowerShell
[1.535s] DEBUG:colcon.colcon_core.shell:Skip shell extension 'dsv' for command environment
[1.599s] INFO:colcon.colcon_ros.task.ament_python.build:Building ROS package in '/root/ros2_code/humble/tc_ros2_nav/src/navigation' with build type 'ament_python'
[1.599s] Level 1:colcon.colcon_core.shell:create_environment_hook('navigation', 'ament_prefix_path')
[1.614s] INFO:colcon.colcon_core.shell:Creating environment hook '/root/ros2_code/humble/tc_ros2_nav/install/navigation/share/navigation/hook/ament_prefix_path.ps1'
[1.614s] INFO:colcon.colcon_core.shell:Creating environment descriptor '/root/ros2_code/humble/tc_ros2_nav/install/navigation/share/navigation/hook/ament_prefix_path.dsv'
[1.615s] INFO:colcon.colcon_core.shell:Creating environment hook '/root/ros2_code/humble/tc_ros2_nav/install/navigation/share/navigation/hook/ament_prefix_path.sh'
[1.628s] INFO:colcon.colcon_core.shell:Skip shell extension 'powershell' for command environment: Not usable outside of PowerShell
[1.628s] DEBUG:colcon.colcon_core.shell:Skip shell extension 'dsv' for command environment
[1.688s] INFO:colcon.colcon_ros.task.ament_python.build:Building ROS package in '/root/ros2_code/humble/tc_ros2_nav/src/path_planner_server' with build type 'ament_python'
[1.688s] Level 1:colcon.colcon_core.shell:create_environment_hook('path_planner_server', 'ament_prefix_path')
[1.703s] INFO:colcon.colcon_core.shell:Creating environment hook '/root/ros2_code/humble/tc_ros2_nav/install/path_planner_server/share/path_planner_server/hook/ament_prefix_path.ps1'
[1.703s] INFO:colcon.colcon_core.shell:Creating environment descriptor '/root/ros2_code/humble/tc_ros2_nav/install/path_planner_server/share/path_planner_server/hook/ament_prefix_path.dsv'
[1.703s] INFO:colcon.colcon_core.shell:Creating environment hook '/root/ros2_code/humble/tc_ros2_nav/install/path_planner_server/share/path_planner_server/hook/ament_prefix_path.sh'
[1.717s] INFO:colcon.colcon_core.shell:Skip shell extension 'powershell' for command environment: Not usable outside of PowerShell
[1.717s] DEBUG:colcon.colcon_core.shell:Skip shell extension 'dsv' for command environment
[2.036s] INFO:colcon.colcon_core.task.python.build:Building Python package in '/root/ros2_code/humble/tc_ros2_nav/src/amcl'
[2.049s] INFO:colcon.colcon_core.shell:Skip shell extension 'powershell' for command environment: Not usable outside of PowerShell
[2.050s] DEBUG:colcon.colcon_core.shell:Skip shell extension 'dsv' for command environment
[2.370s] INFO:colcon.colcon_core.task.python.build:Building Python package in '/root/ros2_code/humble/tc_ros2_nav/src/cartographer_slam'
[2.386s] INFO:colcon.colcon_core.shell:Skip shell extension 'powershell' for command environment: Not usable outside of PowerShell
[2.386s] DEBUG:colcon.colcon_core.shell:Skip shell extension 'dsv' for command environment
[2.720s] INFO:colcon.colcon_core.task.python.build:Building Python package in '/root/ros2_code/humble/tc_ros2_nav/src/localization_server'
[2.736s] INFO:colcon.colcon_core.shell:Skip shell extension 'powershell' for command environment: Not usable outside of PowerShell
[2.736s] DEBUG:colcon.colcon_core.shell:Skip shell extension 'dsv' for command environment
[3.069s] INFO:colcon.colcon_core.task.python.build:Building Python package in '/root/ros2_code/humble/tc_ros2_nav/src/map_server '
[3.083s] INFO:colcon.colcon_core.shell:Skip shell extension 'powershell' for command environment: Not usable outside of PowerShell
[3.083s] DEBUG:colcon.colcon_core.shell:Skip shell extension 'dsv' for command environment
[3.409s] INFO:colcon.colcon_core.task.python.build:Building Python package in '/root/ros2_code/humble/tc_ros2_nav/src/navigation'
[3.423s] INFO:colcon.colcon_core.shell:Skip shell extension 'powershell' for command environment: Not usable outside of PowerShell
[3.423s] DEBUG:colcon.colcon_core.shell:Skip shell extension 'dsv' for command environment
[3.741s] INFO:colcon.colcon_core.task.python.build:Building Python package in '/root/ros2_code/humble/tc_ros2_nav/src/path_planner_server'
[3.756s] INFO:colcon.colcon_core.shell:Skip shell extension 'powershell' for command environment: Not usable outside of PowerShell
[3.756s] DEBUG:colcon.colcon_core.shell:Skip shell extension 'dsv' for command environment
[4.264s] DEBUG:colcon.colcon_core.event_handler.log_command:Invoking command in '/root/ros2_code/humble/tc_ros2_nav/src/navigation': PYTHONPATH=/root/ros2_code/humble/tc_ros2_nav/build/navigation/prefix_override:/root/ros2_code/humble/tc_ros2_nav/install/navigation/lib/python3.10/site-packages:${PYTHONPATH} /usr/bin/python3 setup.py egg_info --egg-base ../../build/navigation build --build-base /root/ros2_code/humble/tc_ros2_nav/build/navigation/build install --record /root/ros2_code/humble/tc_ros2_nav/build/navigation/install.log --single-version-externally-managed
[4.307s] DEBUG:colcon.colcon_core.event_handler.log_command:Invoking command in '/root/ros2_code/humble/tc_ros2_nav/src/amcl': PYTHONPATH=/root/ros2_code/humble/tc_ros2_nav/build/amcl/prefix_override:/root/ros2_code/humble/tc_ros2_nav/install/amcl/lib/python3.10/site-packages:${PYTHONPATH} /usr/bin/python3 setup.py egg_info --egg-base ../../build/amcl build --build-base /root/ros2_code/humble/tc_ros2_nav/build/amcl/build install --record /root/ros2_code/humble/tc_ros2_nav/build/amcl/install.log --single-version-externally-managed
[4.315s] DEBUG:colcon.colcon_core.event_handler.log_command:Invoking command in '/root/ros2_code/humble/tc_ros2_nav/src/localization_server': PYTHONPATH=/root/ros2_code/humble/tc_ros2_nav/build/localization_server/prefix_override:/root/ros2_code/humble/tc_ros2_nav/install/localization_server/lib/python3.10/site-packages:${PYTHONPATH} /usr/bin/python3 setup.py egg_info --egg-base ../../build/localization_server build --build-base /root/ros2_code/humble/tc_ros2_nav/build/localization_server/build install --record /root/ros2_code/humble/tc_ros2_nav/build/localization_server/install.log --single-version-externally-managed
[4.318s] DEBUG:colcon.colcon_core.event_handler.log_command:Invoking command in '/root/ros2_code/humble/tc_ros2_nav/src/map_server ': PYTHONPATH=/root/ros2_code/humble/tc_ros2_nav/build/map_server/prefix_override:/root/ros2_code/humble/tc_ros2_nav/install/map_server/lib/python3.10/site-packages:${PYTHONPATH} /usr/bin/python3 setup.py egg_info --egg-base ../../build/map_server build --build-base /root/ros2_code/humble/tc_ros2_nav/build/map_server/build install --record /root/ros2_code/humble/tc_ros2_nav/build/map_server/install.log --single-version-externally-managed
[4.381s] DEBUG:colcon.colcon_core.event_handler.log_command:Invoking command in '/root/ros2_code/humble/tc_ros2_nav/src/cartographer_slam': PYTHONPATH=/root/ros2_code/humble/tc_ros2_nav/build/cartographer_slam/prefix_override:/root/ros2_code/humble/tc_ros2_nav/install/cartographer_slam/lib/python3.10/site-packages:${PYTHONPATH} /usr/bin/python3 setup.py egg_info --egg-base ../../build/cartographer_slam build --build-base /root/ros2_code/humble/tc_ros2_nav/build/cartographer_slam/build install --record /root/ros2_code/humble/tc_ros2_nav/build/cartographer_slam/install.log --single-version-externally-managed
[4.385s] DEBUG:colcon.colcon_core.event_handler.log_command:Invoking command in '/root/ros2_code/humble/tc_ros2_nav/src/path_planner_server': PYTHONPATH=/root/ros2_code/humble/tc_ros2_nav/build/path_planner_server/prefix_override:/root/ros2_code/humble/tc_ros2_nav/install/path_planner_server/lib/python3.10/site-packages:${PYTHONPATH} /usr/bin/python3 setup.py egg_info --egg-base ../../build/path_planner_server build --build-base /root/ros2_code/humble/tc_ros2_nav/build/path_planner_server/build install --record /root/ros2_code/humble/tc_ros2_nav/build/path_planner_server/install.log --single-version-externally-managed
[4.653s] DEBUG:colcon.colcon_core.event_handler.log_command:Invoked command in '/root/ros2_code/humble/tc_ros2_nav/src/navigation' returned '0': PYTHONPATH=/root/ros2_code/humble/tc_ros2_nav/build/navigation/prefix_override:/root/ros2_code/humble/tc_ros2_nav/install/navigation/lib/python3.10/site-packages:${PYTHONPATH} /usr/bin/python3 setup.py egg_info --egg-base ../../build/navigation build --build-base /root/ros2_code/humble/tc_ros2_nav/build/navigation/build install --record /root/ros2_code/humble/tc_ros2_nav/build/navigation/install.log --single-version-externally-managed
[4.675s] Level 1:colcon.colcon_core.environment:checking '/root/ros2_code/humble/tc_ros2_nav/install/navigation' for CMake module files
[4.676s] Level 1:colcon.colcon_core.environment:checking '/root/ros2_code/humble/tc_ros2_nav/install/navigation' for CMake config files
[4.677s] Level 1:colcon.colcon_core.environment:checking '/root/ros2_code/humble/tc_ros2_nav/install/navigation/lib'
[4.677s] Level 1:colcon.colcon_core.environment:checking '/root/ros2_code/humble/tc_ros2_nav/install/navigation/bin'
[4.677s] Level 1:colcon.colcon_core.environment:checking '/root/ros2_code/humble/tc_ros2_nav/install/navigation/lib/pkgconfig/navigation.pc'
[4.678s] Level 1:colcon.colcon_core.environment:checking '/root/ros2_code/humble/tc_ros2_nav/install/navigation/lib/python3.10/site-packages'
[4.678s] Level 1:colcon.colcon_core.shell:create_environment_hook('navigation', 'pythonpath')
[4.693s] INFO:colcon.colcon_core.shell:Creating environment hook '/root/ros2_code/humble/tc_ros2_nav/install/navigation/share/navigation/hook/pythonpath.ps1'
[4.694s] INFO:colcon.colcon_core.shell:Creating environment descriptor '/root/ros2_code/humble/tc_ros2_nav/install/navigation/share/navigation/hook/pythonpath.dsv'
[4.694s] INFO:colcon.colcon_core.shell:Creating environment hook '/root/ros2_code/humble/tc_ros2_nav/install/navigation/share/navigation/hook/pythonpath.sh'
[4.695s] Level 1:colcon.colcon_core.environment:checking '/root/ros2_code/humble/tc_ros2_nav/install/navigation/bin'
[4.695s] Level 1:colcon.colcon_core.environment:create_environment_scripts_only(navigation)
[4.717s] INFO:colcon.colcon_core.shell:Creating package script '/root/ros2_code/humble/tc_ros2_nav/install/navigation/share/navigation/package.ps1'
[4.718s] INFO:colcon.colcon_core.shell:Creating package descriptor '/root/ros2_code/humble/tc_ros2_nav/install/navigation/share/navigation/package.dsv'
[4.720s] INFO:colcon.colcon_core.shell:Creating package script '/root/ros2_code/humble/tc_ros2_nav/install/navigation/share/navigation/package.sh'
[4.722s] INFO:colcon.colcon_core.shell:Creating package script '/root/ros2_code/humble/tc_ros2_nav/install/navigation/share/navigation/package.bash'
[4.723s] INFO:colcon.colcon_core.shell:Creating package script '/root/ros2_code/humble/tc_ros2_nav/install/navigation/share/navigation/package.zsh'
[4.723s] Level 1:colcon.colcon_core.environment:create_file_with_runtime_dependencies(/root/ros2_code/humble/tc_ros2_nav/install/navigation/share/colcon-core/packages/navigation)
[4.727s] DEBUG:colcon.colcon_core.event_handler.log_command:Invoked command in '/root/ros2_code/humble/tc_ros2_nav/src/localization_server' returned '0': PYTHONPATH=/root/ros2_code/humble/tc_ros2_nav/build/localization_server/prefix_override:/root/ros2_code/humble/tc_ros2_nav/install/localization_server/lib/python3.10/site-packages:${PYTHONPATH} /usr/bin/python3 setup.py egg_info --egg-base ../../build/localization_server build --build-base /root/ros2_code/humble/tc_ros2_nav/build/localization_server/build install --record /root/ros2_code/humble/tc_ros2_nav/build/localization_server/install.log --single-version-externally-managed
[4.744s] Level 1:colcon.colcon_core.environment:checking '/root/ros2_code/humble/tc_ros2_nav/install/localization_server' for CMake module files
[4.745s] Level 1:colcon.colcon_core.environment:checking '/root/ros2_code/humble/tc_ros2_nav/install/localization_server' for CMake config files
[4.745s] Level 1:colcon.colcon_core.environment:checking '/root/ros2_code/humble/tc_ros2_nav/install/localization_server/lib'
[4.746s] Level 1:colcon.colcon_core.environment:checking '/root/ros2_code/humble/tc_ros2_nav/install/localization_server/bin'
[4.746s] Level 1:colcon.colcon_core.environment:checking '/root/ros2_code/humble/tc_ros2_nav/install/localization_server/lib/pkgconfig/localization_server.pc'
[4.746s] Level 1:colcon.colcon_core.environment:checking '/root/ros2_code/humble/tc_ros2_nav/install/localization_server/lib/python3.10/site-packages'
[4.746s] Level 1:colcon.colcon_core.shell:create_environment_hook('localization_server', 'pythonpath')
[4.761s] INFO:colcon.colcon_core.shell:Creating environment hook '/root/ros2_code/humble/tc_ros2_nav/install/localization_server/share/localization_server/hook/pythonpath.ps1'
[4.762s] INFO:colcon.colcon_core.shell:Creating environment descriptor '/root/ros2_code/humble/tc_ros2_nav/install/localization_server/share/localization_server/hook/pythonpath.dsv'
[4.762s] INFO:colcon.colcon_core.shell:Creating environment hook '/root/ros2_code/humble/tc_ros2_nav/install/localization_server/share/localization_server/hook/pythonpath.sh'
[4.763s] Level 1:colcon.colcon_core.environment:checking '/root/ros2_code/humble/tc_ros2_nav/install/localization_server/bin'
[4.763s] Level 1:colcon.colcon_core.environment:create_environment_scripts_only(localization_server)
[4.778s] INFO:colcon.colcon_core.shell:Creating package script '/root/ros2_code/humble/tc_ros2_nav/install/localization_server/share/localization_server/package.ps1'
[4.779s] INFO:colcon.colcon_core.shell:Creating package descriptor '/root/ros2_code/humble/tc_ros2_nav/install/localization_server/share/localization_server/package.dsv'
[4.779s] INFO:colcon.colcon_core.shell:Creating package script '/root/ros2_code/humble/tc_ros2_nav/install/localization_server/share/localization_server/package.sh'
[4.780s] INFO:colcon.colcon_core.shell:Creating package script '/root/ros2_code/humble/tc_ros2_nav/install/localization_server/share/localization_server/package.bash'
[4.780s] INFO:colcon.colcon_core.shell:Creating package script '/root/ros2_code/humble/tc_ros2_nav/install/localization_server/share/localization_server/package.zsh'
[4.781s] Level 1:colcon.colcon_core.environment:create_file_with_runtime_dependencies(/root/ros2_code/humble/tc_ros2_nav/install/localization_server/share/colcon-core/packages/localization_server)
[4.783s] DEBUG:colcon.colcon_core.event_handler.log_command:Invoked command in '/root/ros2_code/humble/tc_ros2_nav/src/map_server ' returned '0': PYTHONPATH=/root/ros2_code/humble/tc_ros2_nav/build/map_server/prefix_override:/root/ros2_code/humble/tc_ros2_nav/install/map_server/lib/python3.10/site-packages:${PYTHONPATH} /usr/bin/python3 setup.py egg_info --egg-base ../../build/map_server build --build-base /root/ros2_code/humble/tc_ros2_nav/build/map_server/build install --record /root/ros2_code/humble/tc_ros2_nav/build/map_server/install.log --single-version-externally-managed
[4.801s] Level 1:colcon.colcon_core.environment:checking '/root/ros2_code/humble/tc_ros2_nav/install/map_server' for CMake module files
[4.802s] Level 1:colcon.colcon_core.environment:checking '/root/ros2_code/humble/tc_ros2_nav/install/map_server' for CMake config files
[4.802s] Level 1:colcon.colcon_core.environment:checking '/root/ros2_code/humble/tc_ros2_nav/install/map_server/lib'
[4.803s] Level 1:colcon.colcon_core.environment:checking '/root/ros2_code/humble/tc_ros2_nav/install/map_server/bin'
[4.803s] Level 1:colcon.colcon_core.environment:checking '/root/ros2_code/humble/tc_ros2_nav/install/map_server/lib/pkgconfig/map_server.pc'
[4.803s] Level 1:colcon.colcon_core.environment:checking '/root/ros2_code/humble/tc_ros2_nav/install/map_server/lib/python3.10/site-packages'
[4.803s] Level 1:colcon.colcon_core.shell:create_environment_hook('map_server', 'pythonpath')
[4.818s] INFO:colcon.colcon_core.shell:Creating environment hook '/root/ros2_code/humble/tc_ros2_nav/install/map_server/share/map_server/hook/pythonpath.ps1'
[4.818s] INFO:colcon.colcon_core.shell:Creating environment descriptor '/root/ros2_code/humble/tc_ros2_nav/install/map_server/share/map_server/hook/pythonpath.dsv'
[4.819s] INFO:colcon.colcon_core.shell:Creating environment hook '/root/ros2_code/humble/tc_ros2_nav/install/map_server/share/map_server/hook/pythonpath.sh'
[4.819s] Level 1:colcon.colcon_core.environment:checking '/root/ros2_code/humble/tc_ros2_nav/install/map_server/bin'
[4.819s] Level 1:colcon.colcon_core.environment:create_environment_scripts_only(map_server)
[4.833s] INFO:colcon.colcon_core.shell:Creating package script '/root/ros2_code/humble/tc_ros2_nav/install/map_server/share/map_server/package.ps1'
[4.834s] INFO:colcon.colcon_core.shell:Creating package descriptor '/root/ros2_code/humble/tc_ros2_nav/install/map_server/share/map_server/package.dsv'
[4.834s] INFO:colcon.colcon_core.shell:Creating package script '/root/ros2_code/humble/tc_ros2_nav/install/map_server/share/map_server/package.sh'
[4.834s] INFO:colcon.colcon_core.shell:Creating package script '/root/ros2_code/humble/tc_ros2_nav/install/map_server/share/map_server/package.bash'
[4.835s] INFO:colcon.colcon_core.shell:Creating package script '/root/ros2_code/humble/tc_ros2_nav/install/map_server/share/map_server/package.zsh'
[4.835s] Level 1:colcon.colcon_core.environment:create_file_with_runtime_dependencies(/root/ros2_code/humble/tc_ros2_nav/install/map_server/share/colcon-core/packages/map_server)
[4.837s] DEBUG:colcon.colcon_core.event_handler.log_command:Invoked command in '/root/ros2_code/humble/tc_ros2_nav/src/amcl' returned '0': PYTHONPATH=/root/ros2_code/humble/tc_ros2_nav/build/amcl/prefix_override:/root/ros2_code/humble/tc_ros2_nav/install/amcl/lib/python3.10/site-packages:${PYTHONPATH} /usr/bin/python3 setup.py egg_info --egg-base ../../build/amcl build --build-base /root/ros2_code/humble/tc_ros2_nav/build/amcl/build install --record /root/ros2_code/humble/tc_ros2_nav/build/amcl/install.log --single-version-externally-managed
[4.852s] Level 1:colcon.colcon_core.environment:checking '/root/ros2_code/humble/tc_ros2_nav/install/amcl' for CMake module files
[4.852s] Level 1:colcon.colcon_core.environment:checking '/root/ros2_code/humble/tc_ros2_nav/install/amcl' for CMake config files
[4.853s] Level 1:colcon.colcon_core.environment:checking '/root/ros2_code/humble/tc_ros2_nav/install/amcl/lib'
[4.853s] Level 1:colcon.colcon_core.environment:checking '/root/ros2_code/humble/tc_ros2_nav/install/amcl/bin'
[4.853s] Level 1:colcon.colcon_core.environment:checking '/root/ros2_code/humble/tc_ros2_nav/install/amcl/lib/pkgconfig/amcl.pc'
[4.853s] Level 1:colcon.colcon_core.environment:checking '/root/ros2_code/humble/tc_ros2_nav/install/amcl/lib/python3.10/site-packages'
[4.853s] Level 1:colcon.colcon_core.shell:create_environment_hook('amcl', 'pythonpath')
[4.869s] INFO:colcon.colcon_core.shell:Creating environment hook '/root/ros2_code/humble/tc_ros2_nav/install/amcl/share/amcl/hook/pythonpath.ps1'
[4.869s] INFO:colcon.colcon_core.shell:Creating environment descriptor '/root/ros2_code/humble/tc_ros2_nav/install/amcl/share/amcl/hook/pythonpath.dsv'
[4.870s] INFO:colcon.colcon_core.shell:Creating environment hook '/root/ros2_code/humble/tc_ros2_nav/install/amcl/share/amcl/hook/pythonpath.sh'
[4.870s] Level 1:colcon.colcon_core.environment:checking '/root/ros2_code/humble/tc_ros2_nav/install/amcl/bin'
[4.870s] Level 1:colcon.colcon_core.environment:create_environment_scripts_only(amcl)
[4.887s] INFO:colcon.colcon_core.shell:Creating package script '/root/ros2_code/humble/tc_ros2_nav/install/amcl/share/amcl/package.ps1'
[4.888s] INFO:colcon.colcon_core.shell:Creating package descriptor '/root/ros2_code/humble/tc_ros2_nav/install/amcl/share/amcl/package.dsv'
[4.888s] INFO:colcon.colcon_core.shell:Creating package script '/root/ros2_code/humble/tc_ros2_nav/install/amcl/share/amcl/package.sh'
[4.889s] INFO:colcon.colcon_core.shell:Creating package script '/root/ros2_code/humble/tc_ros2_nav/install/amcl/share/amcl/package.bash'
[4.889s] INFO:colcon.colcon_core.shell:Creating package script '/root/ros2_code/humble/tc_ros2_nav/install/amcl/share/amcl/package.zsh'
[4.889s] Level 1:colcon.colcon_core.environment:create_file_with_runtime_dependencies(/root/ros2_code/humble/tc_ros2_nav/install/amcl/share/colcon-core/packages/amcl)
[4.891s] DEBUG:colcon.colcon_core.event_handler.log_command:Invoked command in '/root/ros2_code/humble/tc_ros2_nav/src/path_planner_server' returned '0': PYTHONPATH=/root/ros2_code/humble/tc_ros2_nav/build/path_planner_server/prefix_override:/root/ros2_code/humble/tc_ros2_nav/install/path_planner_server/lib/python3.10/site-packages:${PYTHONPATH} /usr/bin/python3 setup.py egg_info --egg-base ../../build/path_planner_server build --build-base /root/ros2_code/humble/tc_ros2_nav/build/path_planner_server/build install --record /root/ros2_code/humble/tc_ros2_nav/build/path_planner_server/install.log --single-version-externally-managed
[4.907s] Level 1:colcon.colcon_core.environment:checking '/root/ros2_code/humble/tc_ros2_nav/install/path_planner_server' for CMake module files
[4.907s] Level 1:colcon.colcon_core.environment:checking '/root/ros2_code/humble/tc_ros2_nav/install/path_planner_server' for CMake config files
[4.908s] Level 1:colcon.colcon_core.environment:checking '/root/ros2_code/humble/tc_ros2_nav/install/path_planner_server/lib'
[4.908s] Level 1:colcon.colcon_core.environment:checking '/root/ros2_code/humble/tc_ros2_nav/install/path_planner_server/bin'
[4.908s] Level 1:colcon.colcon_core.environment:checking '/root/ros2_code/humble/tc_ros2_nav/install/path_planner_server/lib/pkgconfig/path_planner_server.pc'
[4.908s] Level 1:colcon.colcon_core.environment:checking '/root/ros2_code/humble/tc_ros2_nav/install/path_planner_server/lib/python3.10/site-packages'
[4.908s] Level 1:colcon.colcon_core.shell:create_environment_hook('path_planner_server', 'pythonpath')
[4.922s] INFO:colcon.colcon_core.shell:Creating environment hook '/root/ros2_code/humble/tc_ros2_nav/install/path_planner_server/share/path_planner_server/hook/pythonpath.ps1'
[4.923s] INFO:colcon.colcon_core.shell:Creating environment descriptor '/root/ros2_code/humble/tc_ros2_nav/install/path_planner_server/share/path_planner_server/hook/pythonpath.dsv'
[4.923s] INFO:colcon.colcon_core.shell:Creating environment hook '/root/ros2_code/humble/tc_ros2_nav/install/path_planner_server/share/path_planner_server/hook/pythonpath.sh'
[4.923s] Level 1:colcon.colcon_core.environment:checking '/root/ros2_code/humble/tc_ros2_nav/install/path_planner_server/bin'
[4.923s] Level 1:colcon.colcon_core.environment:create_environment_scripts_only(path_planner_server)
[4.938s] INFO:colcon.colcon_core.shell:Creating package script '/root/ros2_code/humble/tc_ros2_nav/install/path_planner_server/share/path_planner_server/package.ps1'
[4.939s] INFO:colcon.colcon_core.shell:Creating package descriptor '/root/ros2_code/humble/tc_ros2_nav/install/path_planner_server/share/path_planner_server/package.dsv'
[4.939s] INFO:colcon.colcon_core.shell:Creating package script '/root/ros2_code/humble/tc_ros2_nav/install/path_planner_server/share/path_planner_server/package.sh'
[4.940s] INFO:colcon.colcon_core.shell:Creating package script '/root/ros2_code/humble/tc_ros2_nav/install/path_planner_server/share/path_planner_server/package.bash'
[4.940s] INFO:colcon.colcon_core.shell:Creating package script '/root/ros2_code/humble/tc_ros2_nav/install/path_planner_server/share/path_planner_server/package.zsh'
[4.940s] Level 1:colcon.colcon_core.environment:create_file_with_runtime_dependencies(/root/ros2_code/humble/tc_ros2_nav/install/path_planner_server/share/colcon-core/packages/path_planner_server)
[4.942s] DEBUG:colcon.colcon_core.event_handler.log_command:Invoked command in '/root/ros2_code/humble/tc_ros2_nav/src/cartographer_slam' returned '0': PYTHONPATH=/root/ros2_code/humble/tc_ros2_nav/build/cartographer_slam/prefix_override:/root/ros2_code/humble/tc_ros2_nav/install/cartographer_slam/lib/python3.10/site-packages:${PYTHONPATH} /usr/bin/python3 setup.py egg_info --egg-base ../../build/cartographer_slam build --build-base /root/ros2_code/humble/tc_ros2_nav/build/cartographer_slam/build install --record /root/ros2_code/humble/tc_ros2_nav/build/cartographer_slam/install.log --single-version-externally-managed
[4.956s] Level 1:colcon.colcon_core.environment:checking '/root/ros2_code/humble/tc_ros2_nav/install/cartographer_slam' for CMake module files
[4.957s] Level 1:colcon.colcon_core.environment:checking '/root/ros2_code/humble/tc_ros2_nav/install/cartographer_slam' for CMake config files
[4.957s] Level 1:colcon.colcon_core.environment:checking '/root/ros2_code/humble/tc_ros2_nav/install/cartographer_slam/lib'
[4.957s] Level 1:colcon.colcon_core.environment:checking '/root/ros2_code/humble/tc_ros2_nav/install/cartographer_slam/bin'
[4.957s] Level 1:colcon.colcon_core.environment:checking '/root/ros2_code/humble/tc_ros2_nav/install/cartographer_slam/lib/pkgconfig/cartographer_slam.pc'
[4.958s] Level 1:colcon.colcon_core.environment:checking '/root/ros2_code/humble/tc_ros2_nav/install/cartographer_slam/lib/python3.10/site-packages'
[4.958s] Level 1:colcon.colcon_core.shell:create_environment_hook('cartographer_slam', 'pythonpath')
[4.972s] INFO:colcon.colcon_core.shell:Creating environment hook '/root/ros2_code/humble/tc_ros2_nav/install/cartographer_slam/share/cartographer_slam/hook/pythonpath.ps1'
[4.972s] INFO:colcon.colcon_core.shell:Creating environment descriptor '/root/ros2_code/humble/tc_ros2_nav/install/cartographer_slam/share/cartographer_slam/hook/pythonpath.dsv'
[4.973s] INFO:colcon.colcon_core.shell:Creating environment hook '/root/ros2_code/humble/tc_ros2_nav/install/cartographer_slam/share/cartographer_slam/hook/pythonpath.sh'
[4.973s] Level 1:colcon.colcon_core.environment:checking '/root/ros2_code/humble/tc_ros2_nav/install/cartographer_slam/bin'
[4.973s] Level 1:colcon.colcon_core.environment:create_environment_scripts_only(cartographer_slam)
[4.994s] INFO:colcon.colcon_core.shell:Creating package script '/root/ros2_code/humble/tc_ros2_nav/install/cartographer_slam/share/cartographer_slam/package.ps1'
[4.995s] INFO:colcon.colcon_core.shell:Creating package descriptor '/root/ros2_code/humble/tc_ros2_nav/install/cartographer_slam/share/cartographer_slam/package.dsv'
[4.996s] INFO:colcon.colcon_core.shell:Creating package script '/root/ros2_code/humble/tc_ros2_nav/install/cartographer_slam/share/cartographer_slam/package.sh'
[4.997s] INFO:colcon.colcon_core.shell:Creating package script '/root/ros2_code/humble/tc_ros2_nav/install/cartographer_slam/share/cartographer_slam/package.bash'
[4.997s] INFO:colcon.colcon_core.shell:Creating package script '/root/ros2_code/humble/tc_ros2_nav/install/cartographer_slam/share/cartographer_slam/package.zsh'
[4.998s] Level 1:colcon.colcon_core.environment:create_file_with_runtime_dependencies(/root/ros2_code/humble/tc_ros2_nav/install/cartographer_slam/share/colcon-core/packages/cartographer_slam)
[4.998s] DEBUG:colcon.colcon_parallel_executor.executor.parallel:closing loop
[4.999s] DEBUG:colcon.colcon_parallel_executor.executor.parallel:loop closed
[4.999s] DEBUG:colcon.colcon_parallel_executor.executor.parallel:run_until_complete finished with '0'
[4.999s] DEBUG:colcon.colcon_core.event_reactor:joining thread
[5.021s] INFO:colcon.colcon_core.plugin_system:Skipping extension 'colcon_notification.desktop_notification.notify_send': Could not find 'notify-send'
[5.021s] INFO:colcon.colcon_core.plugin_system:Skipping extension 'colcon_notification.desktop_notification.terminal_notifier': Not used on non-Darwin systems
[5.021s] INFO:colcon.colcon_core.plugin_system:Skipping extension 'colcon_notification.desktop_notification.win32': Not used on non-Windows systems
[5.021s] INFO:colcon.colcon_notification.desktop_notification:Sending desktop notification using 'notify2'
[5.025s] DEBUG:colcon.colcon_notification.desktop_notification.notify2:Failed to initialize notify2: org.freedesktop.DBus.Error.Spawn.ExecFailed: /usr/bin/dbus-launch terminated abnormally without any error message
[5.025s] DEBUG:colcon.colcon_core.event_reactor:joined thread
[5.041s] INFO:colcon.colcon_core.shell:Creating prefix script '/root/ros2_code/humble/tc_ros2_nav/install/local_setup.ps1'
[5.042s] INFO:colcon.colcon_core.shell:Creating prefix util module '/root/ros2_code/humble/tc_ros2_nav/install/_local_setup_util_ps1.py'
[5.043s] INFO:colcon.colcon_core.shell:Creating prefix chain script '/root/ros2_code/humble/tc_ros2_nav/install/setup.ps1'
[5.058s] INFO:colcon.colcon_core.shell:Creating prefix script '/root/ros2_code/humble/tc_ros2_nav/install/local_setup.sh'
[5.058s] INFO:colcon.colcon_core.shell:Creating prefix util module '/root/ros2_code/humble/tc_ros2_nav/install/_local_setup_util_sh.py'
[5.059s] INFO:colcon.colcon_core.shell:Creating prefix chain script '/root/ros2_code/humble/tc_ros2_nav/install/setup.sh'
[5.075s] INFO:colcon.colcon_core.shell:Creating prefix script '/root/ros2_code/humble/tc_ros2_nav/install/local_setup.bash'
[5.076s] INFO:colcon.colcon_core.shell:Creating prefix chain script '/root/ros2_code/humble/tc_ros2_nav/install/setup.bash'
[5.091s] INFO:colcon.colcon_core.shell:Creating prefix script '/root/ros2_code/humble/tc_ros2_nav/install/local_setup.zsh'
[5.091s] INFO:colcon.colcon_core.shell:Creating prefix chain script '/root/ros2_code/humble/tc_ros2_nav/install/setup.zsh'
