running egg_info
writing ../../build/map_server/map_server.egg-info/PKG-INFO
writing dependency_links to ../../build/map_server/map_server.egg-info/dependency_links.txt
writing entry points to ../../build/map_server/map_server.egg-info/entry_points.txt
writing requirements to ../../build/map_server/map_server.egg-info/requires.txt
writing top-level names to ../../build/map_server/map_server.egg-info/top_level.txt
reading manifest file '../../build/map_server/map_server.egg-info/SOURCES.txt'
writing manifest file '../../build/map_server/map_server.egg-info/SOURCES.txt'
running build
running build_py
copying map_server/__init__.py -> /root/ros2_code/humble/tc_ros2_nav/build/map_server/build/lib/map_server
running install
running install_lib
copying /root/ros2_code/humble/tc_ros2_nav/build/map_server/build/lib/map_server/__init__.py -> /root/ros2_code/humble/tc_ros2_nav/install/map_server/lib/python3.10/site-packages/map_server
byte-compiling /root/ros2_code/humble/tc_ros2_nav/install/map_server/lib/python3.10/site-packages/map_server/__init__.py to __init__.cpython-310.pyc
running install_data
copying resource/map_server -> /root/ros2_code/humble/tc_ros2_nav/install/map_server/share/ament_index/resource_index/packages
copying package.xml -> /root/ros2_code/humble/tc_ros2_nav/install/map_server/share/map_server
copying launch/nav2_map_server.launch.py -> /root/ros2_code/humble/tc_ros2_nav/install/map_server/share/map_server/launch
copying config/turtlebot_area.yaml -> /root/ros2_code/humble/tc_ros2_nav/install/map_server/share/map_server/config
copying config/my_map.pgm -> /root/ros2_code/humble/tc_ros2_nav/install/map_server/share/map_server/config
copying config/amcl_config.yaml -> /root/ros2_code/humble/tc_ros2_nav/install/map_server/share/map_server/config
copying config/my_map.yaml -> /root/ros2_code/humble/tc_ros2_nav/install/map_server/share/map_server/config
copying config/turtlebot_area.pgm -> /root/ros2_code/humble/tc_ros2_nav/install/map_server/share/map_server/config
copying config/amcl_config_initialized.yaml -> /root/ros2_code/humble/tc_ros2_nav/install/map_server/share/map_server/config
running install_egg_info
removing '/root/ros2_code/humble/tc_ros2_nav/install/map_server/lib/python3.10/site-packages/map_server-0.0.0-py3.10.egg-info' (and everything under it)
Copying ../../build/map_server/map_server.egg-info to /root/ros2_code/humble/tc_ros2_nav/install/map_server/lib/python3.10/site-packages/map_server-0.0.0-py3.10.egg-info
running install_scripts
writing list of installed files to '/root/ros2_code/humble/tc_ros2_nav/build/map_server/install.log'
