[1.248s] Invoking command in '/root/ros2_code/R2basic_concepts/build/my_box_bot_description': CMAKE_PREFIX_PATH=${CMAKE_PREFIX_PATH}:/root/ros2_code/R2basic_concepts/install/subscriber_pkg:/root/ros2_code/R2basic_concepts/install/service_server_pkg:/root/ros2_code/R2basic_concepts/install/publisher_pkg:/root/ros2_code/R2basic_concepts/install/my_package:/root/ros2_code/R2basic_concepts/install/my_action_server:/root/ros2_code/R2basic_concepts/install/my_action_client:/root/ros2_code/R2basic_concepts/install/exercise31_pkg:/root/ros2_code/R2basic_concepts/install/client_pkg:/opt/ros/humble /usr/bin/cmake --build /root/ros2_code/R2basic_concepts/build/my_box_bot_description -- -j12 -l12
[4.611s] Invoked command in '/root/ros2_code/R2basic_concepts/build/my_box_bot_description' returned '0': CMAKE_PREFIX_PATH=${CMAKE_PREFIX_PATH}:/root/ros2_code/R2basic_concepts/install/subscriber_pkg:/root/ros2_code/R2basic_concepts/install/service_server_pkg:/root/ros2_code/R2basic_concepts/install/publisher_pkg:/root/ros2_code/R2basic_concepts/install/my_package:/root/ros2_code/R2basic_concepts/install/my_action_server:/root/ros2_code/R2basic_concepts/install/my_action_client:/root/ros2_code/R2basic_concepts/install/exercise31_pkg:/root/ros2_code/R2basic_concepts/install/client_pkg:/opt/ros/humble /usr/bin/cmake --build /root/ros2_code/R2basic_concepts/build/my_box_bot_description -- -j12 -l12
[4.654s] Invoking command in '/root/ros2_code/R2basic_concepts/build/my_box_bot_description': CMAKE_PREFIX_PATH=${CMAKE_PREFIX_PATH}:/root/ros2_code/R2basic_concepts/install/subscriber_pkg:/root/ros2_code/R2basic_concepts/install/service_server_pkg:/root/ros2_code/R2basic_concepts/install/publisher_pkg:/root/ros2_code/R2basic_concepts/install/my_package:/root/ros2_code/R2basic_concepts/install/my_action_server:/root/ros2_code/R2basic_concepts/install/my_action_client:/root/ros2_code/R2basic_concepts/install/exercise31_pkg:/root/ros2_code/R2basic_concepts/install/client_pkg:/opt/ros/humble /usr/bin/cmake --install /root/ros2_code/R2basic_concepts/build/my_box_bot_description
[4.678s] -- Install configuration: ""
[4.678s] -- Up-to-date: /root/ros2_code/R2basic_concepts/install/my_box_bot_description/share/my_box_bot_description//urdf
[4.679s] -- Up-to-date: /root/ros2_code/R2basic_concepts/install/my_box_bot_description/share/my_box_bot_description//urdf/box_bot_physcal_control.urdf
[4.679s] -- Up-to-date: /root/ros2_code/R2basic_concepts/install/my_box_bot_description/share/my_box_bot_description//urdf/box_bot_physical_properties.urdf
[4.679s] -- Up-to-date: /root/ros2_code/R2basic_concepts/install/my_box_bot_description/share/my_box_bot_description//urdf/box_bot_control_complete.urdf
[4.679s] -- Up-to-date: /root/ros2_code/R2basic_concepts/install/my_box_bot_description/share/my_box_bot_description//urdf/box_bot_geometric_meshes.urdf
[4.679s] -- Up-to-date: /root/ros2_code/R2basic_concepts/install/my_box_bot_description/share/my_box_bot_description//urdf/box_bot_control_complete_sensor.urdf
[4.680s] -- Up-to-date: /root/ros2_code/R2basic_concepts/install/my_box_bot_description/share/my_box_bot_description//urdf/box_bot_control_complete_velocity.urdf
[4.680s] -- Up-to-date: /root/ros2_code/R2basic_concepts/install/my_box_bot_description/share/my_box_bot_description//urdf/box_bot_geometric.urdf
[4.680s] -- Up-to-date: /root/ros2_code/R2basic_concepts/install/my_box_bot_description/share/my_box_bot_description//urdf/box_bot_meshes_collisions_inertias.urdf
[4.680s] -- Up-to-date: /root/ros2_code/R2basic_concepts/install/my_box_bot_description/share/my_box_bot_description//rviz
[4.680s] -- Up-to-date: /root/ros2_code/R2basic_concepts/install/my_box_bot_description/share/my_box_bot_description//rviz/urdf_vis.rviz
[4.680s] -- Up-to-date: /root/ros2_code/R2basic_concepts/install/my_box_bot_description/share/my_box_bot_description//launch
[4.680s] -- Up-to-date: /root/ros2_code/R2basic_concepts/install/my_box_bot_description/share/my_box_bot_description//launch/urdf_visualize_sensor.launch.py
[4.680s] -- Up-to-date: /root/ros2_code/R2basic_concepts/install/my_box_bot_description/share/my_box_bot_description//launch/urdf_visualize_control_velocity.launch.py
[4.680s] -- Up-to-date: /root/ros2_code/R2basic_concepts/install/my_box_bot_description/share/my_box_bot_description//launch/urdf_visualize_meshes_collisions_inertias.launch.py
[4.680s] -- Up-to-date: /root/ros2_code/R2basic_concepts/install/my_box_bot_description/share/my_box_bot_description//launch/urdf_visualize_meshes.launch.py
[4.681s] -- Up-to-date: /root/ros2_code/R2basic_concepts/install/my_box_bot_description/share/my_box_bot_description//launch/urdf_visualize_physical.launch.py
[4.681s] -- Up-to-date: /root/ros2_code/R2basic_concepts/install/my_box_bot_description/share/my_box_bot_description//launch/urdf_visualize_control.launch.py
[4.681s] -- Up-to-date: /root/ros2_code/R2basic_concepts/install/my_box_bot_description/share/my_box_bot_description//launch/urdf_visualize_geometric.launch.py
[4.681s] -- Up-to-date: /root/ros2_code/R2basic_concepts/install/my_box_bot_description/share/my_box_bot_description//launch/urdf_visualize_control_complete.launch.py
[4.681s] -- Up-to-date: /root/ros2_code/R2basic_concepts/install/my_box_bot_description/share/my_box_bot_description//meshes
[4.681s] -- Up-to-date: /root/ros2_code/R2basic_concepts/install/my_box_bot_description/share/my_box_bot_description//meshes/lambert3_baseColor.png
[4.681s] -- Up-to-date: /root/ros2_code/R2basic_concepts/install/my_box_bot_description/share/my_box_bot_description//meshes/cute_cube.dae
[4.682s] -- Up-to-date: /root/ros2_code/R2basic_concepts/install/my_box_bot_description/share/my_box_bot_description//meshes/cute_cube.blend
[4.682s] -- Up-to-date: /root/ros2_code/R2basic_concepts/install/my_box_bot_description/share/my_box_bot_description//meshes/textures
[4.682s] -- Up-to-date: /root/ros2_code/R2basic_concepts/install/my_box_bot_description/share/my_box_bot_description//meshes/textures/lambert3_baseColor.png
[4.682s] -- Up-to-date: /root/ros2_code/R2basic_concepts/install/my_box_bot_description/share/my_box_bot_description//meshes/sensors
[4.682s] -- Up-to-date: /root/ros2_code/R2basic_concepts/install/my_box_bot_description/share/my_box_bot_description//meshes/sensors/rplidar.dae
[4.682s] -- Up-to-date: /root/ros2_code/R2basic_concepts/install/my_box_bot_description/share/my_box_bot_description//meshes/sensors/rplidartexture.png
[4.683s] -- Up-to-date: /root/ros2_code/R2basic_concepts/install/my_box_bot_description/share/my_box_bot_description//meshes/sensors/realsense.dae
[4.683s] -- Up-to-date: /root/ros2_code/R2basic_concepts/install/my_box_bot_description/share/my_box_bot_description//config
[4.683s] -- Up-to-date: /root/ros2_code/R2basic_concepts/install/my_box_bot_description/share/my_box_bot_description//config/controller_position.yaml
[4.683s] -- Up-to-date: /root/ros2_code/R2basic_concepts/install/my_box_bot_description/share/my_box_bot_description//config/controller_position_velocity.yaml
[4.683s] -- Up-to-date: /root/ros2_code/R2basic_concepts/install/my_box_bot_description/share/ament_index/resource_index/package_run_dependencies/my_box_bot_description
[4.683s] -- Up-to-date: /root/ros2_code/R2basic_concepts/install/my_box_bot_description/share/ament_index/resource_index/parent_prefix_path/my_box_bot_description
[4.683s] -- Up-to-date: /root/ros2_code/R2basic_concepts/install/my_box_bot_description/share/my_box_bot_description/environment/ament_prefix_path.sh
[4.683s] -- Up-to-date: /root/ros2_code/R2basic_concepts/install/my_box_bot_description/share/my_box_bot_description/environment/ament_prefix_path.dsv
[4.683s] -- Up-to-date: /root/ros2_code/R2basic_concepts/install/my_box_bot_description/share/my_box_bot_description/environment/path.sh
[4.684s] -- Up-to-date: /root/ros2_code/R2basic_concepts/install/my_box_bot_description/share/my_box_bot_description/environment/path.dsv
[4.684s] -- Up-to-date: /root/ros2_code/R2basic_concepts/install/my_box_bot_description/share/my_box_bot_description/local_setup.bash
[4.684s] -- Up-to-date: /root/ros2_code/R2basic_concepts/install/my_box_bot_description/share/my_box_bot_description/local_setup.sh
[4.684s] -- Up-to-date: /root/ros2_code/R2basic_concepts/install/my_box_bot_description/share/my_box_bot_description/local_setup.zsh
[4.684s] -- Up-to-date: /root/ros2_code/R2basic_concepts/install/my_box_bot_description/share/my_box_bot_description/local_setup.dsv
[4.684s] -- Up-to-date: /root/ros2_code/R2basic_concepts/install/my_box_bot_description/share/my_box_bot_description/package.dsv
[4.684s] -- Up-to-date: /root/ros2_code/R2basic_concepts/install/my_box_bot_description/share/ament_index/resource_index/packages/my_box_bot_description
[4.684s] -- Up-to-date: /root/ros2_code/R2basic_concepts/install/my_box_bot_description/share/my_box_bot_description/cmake/my_box_bot_descriptionConfig.cmake
[4.684s] -- Up-to-date: /root/ros2_code/R2basic_concepts/install/my_box_bot_description/share/my_box_bot_description/cmake/my_box_bot_descriptionConfig-version.cmake
[4.684s] -- Up-to-date: /root/ros2_code/R2basic_concepts/install/my_box_bot_description/share/my_box_bot_description/package.xml
[4.762s] Invoked command in '/root/ros2_code/R2basic_concepts/build/my_box_bot_description' returned '0': CMAKE_PREFIX_PATH=${CMAKE_PREFIX_PATH}:/root/ros2_code/R2basic_concepts/install/subscriber_pkg:/root/ros2_code/R2basic_concepts/install/service_server_pkg:/root/ros2_code/R2basic_concepts/install/publisher_pkg:/root/ros2_code/R2basic_concepts/install/my_package:/root/ros2_code/R2basic_concepts/install/my_action_server:/root/ros2_code/R2basic_concepts/install/my_action_client:/root/ros2_code/R2basic_concepts/install/exercise31_pkg:/root/ros2_code/R2basic_concepts/install/client_pkg:/opt/ros/humble /usr/bin/cmake --install /root/ros2_code/R2basic_concepts/build/my_box_bot_description
