[1.105s] Invoking command in '/root/ros2_code/humble/ros_bot/src/rosbot_utils': PYTHONPATH=/root/ros2_code/humble/ros_bot/src/build/rosbot_utils/prefix_override:/root/ros2_code/humble/ros_bot/src/install/rosbot_utils/lib/python3.10/site-packages:${PYTHONPATH} /usr/bin/python3 setup.py egg_info --egg-base ../build/rosbot_utils build --build-base /root/ros2_code/humble/ros_bot/src/build/rosbot_utils/build install --record /root/ros2_code/humble/ros_bot/src/build/rosbot_utils/install.log --single-version-externally-managed
[1.338s] running egg_info
[1.338s] writing ../build/rosbot_utils/rosbot_utils.egg-info/PKG-INFO
[1.339s] writing dependency_links to ../build/rosbot_utils/rosbot_utils.egg-info/dependency_links.txt
[1.339s] writing entry points to ../build/rosbot_utils/rosbot_utils.egg-info/entry_points.txt
[1.339s] writing requirements to ../build/rosbot_utils/rosbot_utils.egg-info/requires.txt
[1.339s] writing top-level names to ../build/rosbot_utils/rosbot_utils.egg-info/top_level.txt
[1.340s] reading manifest file '../build/rosbot_utils/rosbot_utils.egg-info/SOURCES.txt'
[1.341s] writing manifest file '../build/rosbot_utils/rosbot_utils.egg-info/SOURCES.txt'
[1.342s] running build
[1.342s] running build_py
[1.342s] running install
[1.342s] running install_lib
[1.344s] running install_data
[1.345s] running install_egg_info
[1.346s] removing '/root/ros2_code/humble/ros_bot/src/install/rosbot_utils/lib/python3.10/site-packages/rosbot_utils-0.0.0-py3.10.egg-info' (and everything under it)
[1.346s] Copying ../build/rosbot_utils/rosbot_utils.egg-info to /root/ros2_code/humble/ros_bot/src/install/rosbot_utils/lib/python3.10/site-packages/rosbot_utils-0.0.0-py3.10.egg-info
[1.347s] running install_scripts
[1.363s] Installing flash_firmware script to /root/ros2_code/humble/ros_bot/src/install/rosbot_utils/lib/rosbot_utils
[1.363s] writing list of installed files to '/root/ros2_code/humble/ros_bot/src/build/rosbot_utils/install.log'
[1.550s] Invoked command in '/root/ros2_code/humble/ros_bot/src/rosbot_utils' returned '0': PYTHONPATH=/root/ros2_code/humble/ros_bot/src/build/rosbot_utils/prefix_override:/root/ros2_code/humble/ros_bot/src/install/rosbot_utils/lib/python3.10/site-packages:${PYTHONPATH} /usr/bin/python3 setup.py egg_info --egg-base ../build/rosbot_utils build --build-base /root/ros2_code/humble/ros_bot/src/build/rosbot_utils/build install --record /root/ros2_code/humble/ros_bot/src/build/rosbot_utils/install.log --single-version-externally-managed
