running egg_info
creating ../../build/cartographer_slam/cartographer_slam.egg-info
writing ../../build/cartographer_slam/cartographer_slam.egg-info/PKG-INFO
writing dependency_links to ../../build/cartographer_slam/cartographer_slam.egg-info/dependency_links.txt
writing entry points to ../../build/cartographer_slam/cartographer_slam.egg-info/entry_points.txt
writing requirements to ../../build/cartographer_slam/cartographer_slam.egg-info/requires.txt
writing top-level names to ../../build/cartographer_slam/cartographer_slam.egg-info/top_level.txt
writing manifest file '../../build/cartographer_slam/cartographer_slam.egg-info/SOURCES.txt'
reading manifest file '../../build/cartographer_slam/cartographer_slam.egg-info/SOURCES.txt'
writing manifest file '../../build/cartographer_slam/cartographer_slam.egg-info/SOURCES.txt'
running build
running build_py
creating /root/ros2_code/humble/tc_ros2_nav/build/cartographer_slam/build
creating /root/ros2_code/humble/tc_ros2_nav/build/cartographer_slam/build/lib
creating /root/ros2_code/humble/tc_ros2_nav/build/cartographer_slam/build/lib/cartographer_slam
copying cartographer_slam/__init__.py -> /root/ros2_code/humble/tc_ros2_nav/build/cartographer_slam/build/lib/cartographer_slam
running install
running install_lib
creating /root/ros2_code/humble/tc_ros2_nav/install/cartographer_slam/lib/python3.10/site-packages/cartographer_slam
copying /root/ros2_code/humble/tc_ros2_nav/build/cartographer_slam/build/lib/cartographer_slam/__init__.py -> /root/ros2_code/humble/tc_ros2_nav/install/cartographer_slam/lib/python3.10/site-packages/cartographer_slam
byte-compiling /root/ros2_code/humble/tc_ros2_nav/install/cartographer_slam/lib/python3.10/site-packages/cartographer_slam/__init__.py to __init__.cpython-310.pyc
running install_data
creating /root/ros2_code/humble/tc_ros2_nav/install/cartographer_slam/share/ament_index
creating /root/ros2_code/humble/tc_ros2_nav/install/cartographer_slam/share/ament_index/resource_index
creating /root/ros2_code/humble/tc_ros2_nav/install/cartographer_slam/share/ament_index/resource_index/packages
copying resource/cartographer_slam -> /root/ros2_code/humble/tc_ros2_nav/install/cartographer_slam/share/ament_index/resource_index/packages
copying package.xml -> /root/ros2_code/humble/tc_ros2_nav/install/cartographer_slam/share/cartographer_slam
creating /root/ros2_code/humble/tc_ros2_nav/install/cartographer_slam/share/cartographer_slam/launch
copying launch/cartographer.launch.py -> /root/ros2_code/humble/tc_ros2_nav/install/cartographer_slam/share/cartographer_slam/launch
creating /root/ros2_code/humble/tc_ros2_nav/install/cartographer_slam/share/cartographer_slam/config
copying config/turtlebot_area.yaml -> /root/ros2_code/humble/tc_ros2_nav/install/cartographer_slam/share/cartographer_slam/config
copying config/cartographer.lua -> /root/ros2_code/humble/tc_ros2_nav/install/cartographer_slam/share/cartographer_slam/config
copying config/turtlebot_area.pgm -> /root/ros2_code/humble/tc_ros2_nav/install/cartographer_slam/share/cartographer_slam/config
running install_egg_info
Copying ../../build/cartographer_slam/cartographer_slam.egg-info to /root/ros2_code/humble/tc_ros2_nav/install/cartographer_slam/lib/python3.10/site-packages/cartographer_slam-0.0.0-py3.10.egg-info
running install_scripts
writing list of installed files to '/root/ros2_code/humble/tc_ros2_nav/build/cartographer_slam/install.log'
