-- The C compiler identification is GNU 11.4.0
-- The CXX compiler identification is GNU 11.4.0
-- Detecting C compiler ABI info
-- Detecting C compiler ABI info - done
-- Check for working C compiler: /usr/bin/cc - skipped
-- Detecting C compile features
-- Detecting C compile features - done
-- Detecting CXX compiler ABI info
-- Detecting CXX compiler ABI info - done
-- Check for working CXX compiler: /usr/bin/c++ - skipped
-- Detecting CXX compile features
-- Detecting CXX compile features - done
-- Found ament_cmake: 1.3.6 (/opt/ros/humble/share/ament_cmake/cmake)
-- Found Python3: /usr/bin/python3.10 (found version "3.10.12") found components: Interpreter 
-- Found rclcpp: 16.0.7 (/opt/ros/humble/share/rclcpp/cmake)
-- Found rosidl_generator_c: 3.1.5 (/opt/ros/humble/share/rosidl_generator_c/cmake)
-- Found rosidl_adapter: 3.1.5 (/opt/ros/humble/share/rosidl_adapter/cmake)
-- Found rosidl_generator_cpp: 3.1.5 (/opt/ros/humble/share/rosidl_generator_cpp/cmake)
-- Using all available rosidl_typesupport_c: rosidl_typesupport_fastrtps_c;rosidl_typesupport_introspection_c
-- Using all available rosidl_typesupport_cpp: rosidl_typesupport_fastrtps_cpp;rosidl_typesupport_introspection_cpp
-- Found rmw_implementation_cmake: 6.1.1 (/opt/ros/humble/share/rmw_implementation_cmake/cmake)
-- Found rmw_cyclonedds_cpp: 1.3.4 (/opt/ros/humble/share/rmw_cyclonedds_cpp/cmake)
-- Using RMW implementation 'rmw_cyclonedds_cpp' as default
-- Looking for pthread.h
-- Looking for pthread.h - found
-- Performing Test CMAKE_HAVE_LIBC_PTHREAD
-- Performing Test CMAKE_HAVE_LIBC_PTHREAD - Success
-- Found Threads: TRUE  
-- Found rclcpp_action: 16.0.7 (/opt/ros/humble/share/rclcpp_action/cmake)
-- Found rclcpp_lifecycle: 16.0.7 (/opt/ros/humble/share/rclcpp_lifecycle/cmake)
-- Found sensor_msgs: 4.2.3 (/opt/ros/humble/share/sensor_msgs/cmake)
-- Found trajectory_msgs: 4.2.3 (/opt/ros/humble/share/trajectory_msgs/cmake)
-- Configuring done
-- Generating done
-- Build files have been written to: /root/ros2_code/humble/simulations/build/neo_teleop2
[ 50%] [32mBuilding CXX object CMakeFiles/neo_teleop2_node.dir/src/neo_teleop.cpp.o[0m
[100%] [32m[1mLinking CXX executable neo_teleop2_node[0m
[100%] Built target neo_teleop2_node
-- Install configuration: ""
-- Installing: /root/ros2_code/humble/simulations/install/neo_teleop2/lib/neo_teleop2/neo_teleop2_node
-- Set runtime path of "/root/ros2_code/humble/simulations/install/neo_teleop2/lib/neo_teleop2/neo_teleop2_node" to ""
-- Installing: /root/ros2_code/humble/simulations/install/neo_teleop2/share/neo_teleop2/launch
-- Installing: /root/ros2_code/humble/simulations/install/neo_teleop2/share/neo_teleop2/launch/default.yaml
-- Installing: /root/ros2_code/humble/simulations/install/neo_teleop2/share/neo_teleop2/launch/teleop.launch.py
-- Installing: /root/ros2_code/humble/simulations/install/neo_teleop2/share/ament_index/resource_index/package_run_dependencies/neo_teleop2
-- Installing: /root/ros2_code/humble/simulations/install/neo_teleop2/share/ament_index/resource_index/parent_prefix_path/neo_teleop2
-- Installing: /root/ros2_code/humble/simulations/install/neo_teleop2/share/neo_teleop2/environment/ament_prefix_path.sh
-- Installing: /root/ros2_code/humble/simulations/install/neo_teleop2/share/neo_teleop2/environment/ament_prefix_path.dsv
-- Installing: /root/ros2_code/humble/simulations/install/neo_teleop2/share/neo_teleop2/environment/path.sh
-- Installing: /root/ros2_code/humble/simulations/install/neo_teleop2/share/neo_teleop2/environment/path.dsv
-- Installing: /root/ros2_code/humble/simulations/install/neo_teleop2/share/neo_teleop2/local_setup.bash
-- Installing: /root/ros2_code/humble/simulations/install/neo_teleop2/share/neo_teleop2/local_setup.sh
-- Installing: /root/ros2_code/humble/simulations/install/neo_teleop2/share/neo_teleop2/local_setup.zsh
-- Installing: /root/ros2_code/humble/simulations/install/neo_teleop2/share/neo_teleop2/local_setup.dsv
-- Installing: /root/ros2_code/humble/simulations/install/neo_teleop2/share/neo_teleop2/package.dsv
-- Installing: /root/ros2_code/humble/simulations/install/neo_teleop2/share/ament_index/resource_index/packages/neo_teleop2
-- Installing: /root/ros2_code/humble/simulations/install/neo_teleop2/share/neo_teleop2/cmake/neo_teleop2Config.cmake
-- Installing: /root/ros2_code/humble/simulations/install/neo_teleop2/share/neo_teleop2/cmake/neo_teleop2Config-version.cmake
-- Installing: /root/ros2_code/humble/simulations/install/neo_teleop2/share/neo_teleop2/package.xml
