[0.245s] Invoking command in '/root/ros2_code/humble/simulations/build/neo_msgs2': CMAKE_PREFIX_PATH=${CMAKE_PREFIX_PATH}:/root/ros2_code/simulations/warehouse_ws/install/amazon_robot_gazebo_spawner:/root/ros2_code/humble/vision/install/joystick_pkg:/opt/ros/humble /usr/bin/cmake --build /root/ros2_code/humble/simulations/build/neo_msgs2 -- -j12 -l12
[0.295s] [35m[1mConsolidate compiler generated dependencies of target neo_msgs2__rosidl_generator_c[0m
[0.306s] [  0%] Built target neo_msgs2__cpp
[0.319s] [ 12%] Built target neo_msgs2__rosidl_generator_c
[0.323s] [ 12%] Built target ament_cmake_python_copy_neo_msgs2
[0.333s] [35m[1mConsolidate compiler generated dependencies of target neo_msgs2__rosidl_typesupport_cpp[0m
[0.333s] [35m[1mConsolidate compiler generated dependencies of target neo_msgs2__rosidl_typesupport_fastrtps_cpp[0m
[0.333s] [35m[1mConsolidate compiler generated dependencies of target neo_msgs2__rosidl_typesupport_introspection_cpp[0m
[0.347s] [35m[1mConsolidate compiler generated dependencies of target neo_msgs2__rosidl_typesupport_c[0m
[0.351s] [35m[1mConsolidate compiler generated dependencies of target neo_msgs2__rosidl_typesupport_introspection_c[0m
[0.352s] [35m[1mConsolidate compiler generated dependencies of target neo_msgs2__rosidl_typesupport_fastrtps_c[0m
[0.360s] [ 24%] Built target neo_msgs2__rosidl_typesupport_cpp
[0.362s] [ 40%] Built target neo_msgs2__rosidl_typesupport_introspection_cpp
[0.363s] [ 47%] Built target neo_msgs2__rosidl_typesupport_fastrtps_cpp
[0.370s] [ 58%] Built target neo_msgs2__rosidl_typesupport_c
[0.376s] [ 70%] Built target neo_msgs2__rosidl_typesupport_introspection_c
[0.384s] [ 82%] Built target neo_msgs2__rosidl_typesupport_fastrtps_c
[0.407s] [ 82%] Built target neo_msgs2
[0.433s] [ 83%] Built target neo_msgs2__py
[0.453s] [35m[1mConsolidate compiler generated dependencies of target neo_msgs2__rosidl_generator_py[0m
[0.484s] [ 94%] Built target neo_msgs2__rosidl_generator_py
[0.499s] [35m[1mConsolidate compiler generated dependencies of target neo_msgs2__rosidl_typesupport_c__pyext[0m
[0.499s] [35m[1mConsolidate compiler generated dependencies of target neo_msgs2__rosidl_typesupport_introspection_c__pyext[0m
[0.500s] [35m[1mConsolidate compiler generated dependencies of target neo_msgs2__rosidl_typesupport_fastrtps_c__pyext[0m
[0.517s] [ 96%] Built target neo_msgs2__rosidl_typesupport_fastrtps_c__pyext
[0.518s] [ 98%] Built target neo_msgs2__rosidl_typesupport_c__pyext
[0.519s] [100%] Built target neo_msgs2__rosidl_typesupport_introspection_c__pyext
[0.602s] running egg_info
[0.603s] writing neo_msgs2.egg-info/PKG-INFO
[0.603s] writing dependency_links to neo_msgs2.egg-info/dependency_links.txt
[0.603s] writing top-level names to neo_msgs2.egg-info/top_level.txt
[0.605s] reading manifest file 'neo_msgs2.egg-info/SOURCES.txt'
[0.606s] writing manifest file 'neo_msgs2.egg-info/SOURCES.txt'
[0.634s] [100%] Built target ament_cmake_python_build_neo_msgs2_egg
[0.901s] Invoked command in '/root/ros2_code/humble/simulations/build/neo_msgs2' returned '0': CMAKE_PREFIX_PATH=${CMAKE_PREFIX_PATH}:/root/ros2_code/simulations/warehouse_ws/install/amazon_robot_gazebo_spawner:/root/ros2_code/humble/vision/install/joystick_pkg:/opt/ros/humble /usr/bin/cmake --build /root/ros2_code/humble/simulations/build/neo_msgs2 -- -j12 -l12
[1.154s] Invoking command in '/root/ros2_code/humble/simulations/build/neo_msgs2': CMAKE_PREFIX_PATH=${CMAKE_PREFIX_PATH}:/root/ros2_code/simulations/warehouse_ws/install/amazon_robot_gazebo_spawner:/root/ros2_code/humble/vision/install/joystick_pkg:/opt/ros/humble /usr/bin/cmake --install /root/ros2_code/humble/simulations/build/neo_msgs2
[1.162s] -- Install configuration: ""
[1.162s] -- Up-to-date: /root/ros2_code/humble/simulations/install/neo_msgs2/share/ament_index/resource_index/rosidl_interfaces/neo_msgs2
[1.162s] -- Up-to-date: /root/ros2_code/humble/simulations/install/neo_msgs2/include/neo_msgs2/neo_msgs2
[1.162s] -- Up-to-date: /root/ros2_code/humble/simulations/install/neo_msgs2/include/neo_msgs2/neo_msgs2/msg
[1.163s] -- Up-to-date: /root/ros2_code/humble/simulations/install/neo_msgs2/include/neo_msgs2/neo_msgs2/msg/emergency_stop_state.h
[1.163s] -- Up-to-date: /root/ros2_code/humble/simulations/install/neo_msgs2/include/neo_msgs2/neo_msgs2/msg/relay_board_v2.h
[1.163s] -- Up-to-date: /root/ros2_code/humble/simulations/install/neo_msgs2/include/neo_msgs2/neo_msgs2/msg/keypad.h
[1.163s] -- Up-to-date: /root/ros2_code/humble/simulations/install/neo_msgs2/include/neo_msgs2/neo_msgs2/msg/io_board.h
[1.164s] -- Up-to-date: /root/ros2_code/humble/simulations/install/neo_msgs2/include/neo_msgs2/neo_msgs2/msg/us_board.h
[1.164s] -- Up-to-date: /root/ros2_code/humble/simulations/install/neo_msgs2/include/neo_msgs2/neo_msgs2/msg/detail
[1.164s] -- Up-to-date: /root/ros2_code/humble/simulations/install/neo_msgs2/include/neo_msgs2/neo_msgs2/msg/detail/lcd_output__type_support.h
[1.164s] -- Up-to-date: /root/ros2_code/humble/simulations/install/neo_msgs2/include/neo_msgs2/neo_msgs2/msg/detail/relay_board_v2__type_support.h
[1.164s] -- Up-to-date: /root/ros2_code/humble/simulations/install/neo_msgs2/include/neo_msgs2/neo_msgs2/msg/detail/io_board__functions.c
[1.164s] -- Up-to-date: /root/ros2_code/humble/simulations/install/neo_msgs2/include/neo_msgs2/neo_msgs2/msg/detail/kinematics_state__struct.h
[1.165s] -- Up-to-date: /root/ros2_code/humble/simulations/install/neo_msgs2/include/neo_msgs2/neo_msgs2/msg/detail/relay_board_v2__functions.c
[1.165s] -- Up-to-date: /root/ros2_code/humble/simulations/install/neo_msgs2/include/neo_msgs2/neo_msgs2/msg/detail/us_board__functions.h
[1.165s] -- Up-to-date: /root/ros2_code/humble/simulations/install/neo_msgs2/include/neo_msgs2/neo_msgs2/msg/detail/us_board__type_support.h
[1.165s] -- Up-to-date: /root/ros2_code/humble/simulations/install/neo_msgs2/include/neo_msgs2/neo_msgs2/msg/detail/relay_board_v2__functions.h
[1.166s] -- Up-to-date: /root/ros2_code/humble/simulations/install/neo_msgs2/include/neo_msgs2/neo_msgs2/msg/detail/lcd_output__struct.h
[1.166s] -- Up-to-date: /root/ros2_code/humble/simulations/install/neo_msgs2/include/neo_msgs2/neo_msgs2/msg/detail/keypad__functions.c
[1.166s] -- Up-to-date: /root/ros2_code/humble/simulations/install/neo_msgs2/include/neo_msgs2/neo_msgs2/msg/detail/us_board__functions.c
[1.166s] -- Up-to-date: /root/ros2_code/humble/simulations/install/neo_msgs2/include/neo_msgs2/neo_msgs2/msg/detail/us_board__struct.h
[1.166s] -- Up-to-date: /root/ros2_code/humble/simulations/install/neo_msgs2/include/neo_msgs2/neo_msgs2/msg/detail/relay_board_v3__struct.h
[1.166s] -- Up-to-date: /root/ros2_code/humble/simulations/install/neo_msgs2/include/neo_msgs2/neo_msgs2/msg/detail/safety_state__type_support.h
[1.166s] -- Up-to-date: /root/ros2_code/humble/simulations/install/neo_msgs2/include/neo_msgs2/neo_msgs2/msg/detail/emergency_stop_state__type_support.h
[1.167s] -- Up-to-date: /root/ros2_code/humble/simulations/install/neo_msgs2/include/neo_msgs2/neo_msgs2/msg/detail/keypad__type_support.h
[1.167s] -- Up-to-date: /root/ros2_code/humble/simulations/install/neo_msgs2/include/neo_msgs2/neo_msgs2/msg/detail/relay_board_v3__functions.c
[1.167s] -- Up-to-date: /root/ros2_code/humble/simulations/install/neo_msgs2/include/neo_msgs2/neo_msgs2/msg/detail/safety_state__struct.h
[1.167s] -- Up-to-date: /root/ros2_code/humble/simulations/install/neo_msgs2/include/neo_msgs2/neo_msgs2/msg/detail/io_board__type_support.h
[1.168s] -- Up-to-date: /root/ros2_code/humble/simulations/install/neo_msgs2/include/neo_msgs2/neo_msgs2/msg/detail/kinematics_state__functions.c
[1.168s] -- Up-to-date: /root/ros2_code/humble/simulations/install/neo_msgs2/include/neo_msgs2/neo_msgs2/msg/detail/emergency_stop_state__functions.h
[1.168s] -- Up-to-date: /root/ros2_code/humble/simulations/install/neo_msgs2/include/neo_msgs2/neo_msgs2/msg/detail/lcd_output__functions.h
[1.168s] -- Up-to-date: /root/ros2_code/humble/simulations/install/neo_msgs2/include/neo_msgs2/neo_msgs2/msg/detail/relay_board_v2__struct.h
[1.169s] -- Up-to-date: /root/ros2_code/humble/simulations/install/neo_msgs2/include/neo_msgs2/neo_msgs2/msg/detail/us_board_v2__type_support.h
[1.169s] -- Up-to-date: /root/ros2_code/humble/simulations/install/neo_msgs2/include/neo_msgs2/neo_msgs2/msg/detail/keypad__functions.h
[1.169s] -- Up-to-date: /root/ros2_code/humble/simulations/install/neo_msgs2/include/neo_msgs2/neo_msgs2/msg/detail/relay_board_v3__functions.h
[1.169s] -- Up-to-date: /root/ros2_code/humble/simulations/install/neo_msgs2/include/neo_msgs2/neo_msgs2/msg/detail/io_board__struct.h
[1.169s] -- Up-to-date: /root/ros2_code/humble/simulations/install/neo_msgs2/include/neo_msgs2/neo_msgs2/msg/detail/us_board_v2__struct.h
[1.170s] -- Up-to-date: /root/ros2_code/humble/simulations/install/neo_msgs2/include/neo_msgs2/neo_msgs2/msg/detail/safety_state__functions.h
[1.170s] -- Up-to-date: /root/ros2_code/humble/simulations/install/neo_msgs2/include/neo_msgs2/neo_msgs2/msg/detail/lcd_output__functions.c
[1.170s] -- Up-to-date: /root/ros2_code/humble/simulations/install/neo_msgs2/include/neo_msgs2/neo_msgs2/msg/detail/safety_state__functions.c
[1.170s] -- Up-to-date: /root/ros2_code/humble/simulations/install/neo_msgs2/include/neo_msgs2/neo_msgs2/msg/detail/emergency_stop_state__struct.h
[1.170s] -- Up-to-date: /root/ros2_code/humble/simulations/install/neo_msgs2/include/neo_msgs2/neo_msgs2/msg/detail/kinematics_state__functions.h
[1.170s] -- Up-to-date: /root/ros2_code/humble/simulations/install/neo_msgs2/include/neo_msgs2/neo_msgs2/msg/detail/relay_board_v3__type_support.h
[1.171s] -- Up-to-date: /root/ros2_code/humble/simulations/install/neo_msgs2/include/neo_msgs2/neo_msgs2/msg/detail/us_board_v2__functions.h
[1.171s] -- Up-to-date: /root/ros2_code/humble/simulations/install/neo_msgs2/include/neo_msgs2/neo_msgs2/msg/detail/us_board_v2__functions.c
[1.171s] -- Up-to-date: /root/ros2_code/humble/simulations/install/neo_msgs2/include/neo_msgs2/neo_msgs2/msg/detail/io_board__functions.h
[1.171s] -- Up-to-date: /root/ros2_code/humble/simulations/install/neo_msgs2/include/neo_msgs2/neo_msgs2/msg/detail/kinematics_state__type_support.h
[1.171s] -- Up-to-date: /root/ros2_code/humble/simulations/install/neo_msgs2/include/neo_msgs2/neo_msgs2/msg/detail/emergency_stop_state__functions.c
[1.171s] -- Up-to-date: /root/ros2_code/humble/simulations/install/neo_msgs2/include/neo_msgs2/neo_msgs2/msg/detail/keypad__struct.h
[1.171s] -- Up-to-date: /root/ros2_code/humble/simulations/install/neo_msgs2/include/neo_msgs2/neo_msgs2/msg/kinematics_state.h
[1.172s] -- Up-to-date: /root/ros2_code/humble/simulations/install/neo_msgs2/include/neo_msgs2/neo_msgs2/msg/relay_board_v3.h
[1.172s] -- Up-to-date: /root/ros2_code/humble/simulations/install/neo_msgs2/include/neo_msgs2/neo_msgs2/msg/rosidl_generator_c__visibility_control.h
[1.172s] -- Up-to-date: /root/ros2_code/humble/simulations/install/neo_msgs2/include/neo_msgs2/neo_msgs2/msg/us_board_v2.h
[1.172s] -- Up-to-date: /root/ros2_code/humble/simulations/install/neo_msgs2/include/neo_msgs2/neo_msgs2/msg/lcd_output.h
[1.172s] -- Up-to-date: /root/ros2_code/humble/simulations/install/neo_msgs2/include/neo_msgs2/neo_msgs2/msg/safety_state.h
[1.172s] -- Up-to-date: /root/ros2_code/humble/simulations/install/neo_msgs2/share/neo_msgs2/environment/library_path.sh
[1.172s] -- Up-to-date: /root/ros2_code/humble/simulations/install/neo_msgs2/share/neo_msgs2/environment/library_path.dsv
[1.173s] -- Up-to-date: /root/ros2_code/humble/simulations/install/neo_msgs2/lib/libneo_msgs2__rosidl_generator_c.so
[1.173s] -- Up-to-date: /root/ros2_code/humble/simulations/install/neo_msgs2/include/neo_msgs2/neo_msgs2
[1.173s] -- Up-to-date: /root/ros2_code/humble/simulations/install/neo_msgs2/include/neo_msgs2/neo_msgs2/msg
[1.173s] -- Up-to-date: /root/ros2_code/humble/simulations/install/neo_msgs2/include/neo_msgs2/neo_msgs2/msg/detail
[1.174s] -- Up-to-date: /root/ros2_code/humble/simulations/install/neo_msgs2/include/neo_msgs2/neo_msgs2/msg/detail/relay_board_v3__rosidl_typesupport_fastrtps_c.h
[1.174s] -- Up-to-date: /root/ros2_code/humble/simulations/install/neo_msgs2/include/neo_msgs2/neo_msgs2/msg/detail/relay_board_v2__rosidl_typesupport_fastrtps_c.h
[1.174s] -- Up-to-date: /root/ros2_code/humble/simulations/install/neo_msgs2/include/neo_msgs2/neo_msgs2/msg/detail/keypad__rosidl_typesupport_fastrtps_c.h
[1.174s] -- Up-to-date: /root/ros2_code/humble/simulations/install/neo_msgs2/include/neo_msgs2/neo_msgs2/msg/detail/us_board__rosidl_typesupport_fastrtps_c.h
[1.174s] -- Up-to-date: /root/ros2_code/humble/simulations/install/neo_msgs2/include/neo_msgs2/neo_msgs2/msg/detail/io_board__rosidl_typesupport_fastrtps_c.h
[1.175s] -- Up-to-date: /root/ros2_code/humble/simulations/install/neo_msgs2/include/neo_msgs2/neo_msgs2/msg/detail/us_board_v2__rosidl_typesupport_fastrtps_c.h
[1.175s] -- Up-to-date: /root/ros2_code/humble/simulations/install/neo_msgs2/include/neo_msgs2/neo_msgs2/msg/detail/safety_state__rosidl_typesupport_fastrtps_c.h
[1.175s] -- Up-to-date: /root/ros2_code/humble/simulations/install/neo_msgs2/include/neo_msgs2/neo_msgs2/msg/detail/kinematics_state__rosidl_typesupport_fastrtps_c.h
[1.175s] -- Up-to-date: /root/ros2_code/humble/simulations/install/neo_msgs2/include/neo_msgs2/neo_msgs2/msg/detail/emergency_stop_state__rosidl_typesupport_fastrtps_c.h
[1.175s] -- Up-to-date: /root/ros2_code/humble/simulations/install/neo_msgs2/include/neo_msgs2/neo_msgs2/msg/detail/lcd_output__rosidl_typesupport_fastrtps_c.h
[1.176s] -- Up-to-date: /root/ros2_code/humble/simulations/install/neo_msgs2/include/neo_msgs2/neo_msgs2/msg/rosidl_typesupport_fastrtps_c__visibility_control.h
[1.176s] -- Up-to-date: /root/ros2_code/humble/simulations/install/neo_msgs2/lib/libneo_msgs2__rosidl_typesupport_fastrtps_c.so
[1.176s] -- Up-to-date: /root/ros2_code/humble/simulations/install/neo_msgs2/include/neo_msgs2/neo_msgs2
[1.176s] -- Up-to-date: /root/ros2_code/humble/simulations/install/neo_msgs2/include/neo_msgs2/neo_msgs2/msg
[1.176s] -- Up-to-date: /root/ros2_code/humble/simulations/install/neo_msgs2/include/neo_msgs2/neo_msgs2/msg/keypad.hpp
[1.176s] -- Up-to-date: /root/ros2_code/humble/simulations/install/neo_msgs2/include/neo_msgs2/neo_msgs2/msg/lcd_output.hpp
[1.176s] -- Up-to-date: /root/ros2_code/humble/simulations/install/neo_msgs2/include/neo_msgs2/neo_msgs2/msg/relay_board_v3.hpp
[1.177s] -- Up-to-date: /root/ros2_code/humble/simulations/install/neo_msgs2/include/neo_msgs2/neo_msgs2/msg/us_board_v2.hpp
[1.177s] -- Up-to-date: /root/ros2_code/humble/simulations/install/neo_msgs2/include/neo_msgs2/neo_msgs2/msg/emergency_stop_state.hpp
[1.177s] -- Up-to-date: /root/ros2_code/humble/simulations/install/neo_msgs2/include/neo_msgs2/neo_msgs2/msg/detail
[1.177s] -- Up-to-date: /root/ros2_code/humble/simulations/install/neo_msgs2/include/neo_msgs2/neo_msgs2/msg/detail/us_board_v2__builder.hpp
[1.177s] -- Up-to-date: /root/ros2_code/humble/simulations/install/neo_msgs2/include/neo_msgs2/neo_msgs2/msg/detail/us_board_v2__traits.hpp
[1.178s] -- Up-to-date: /root/ros2_code/humble/simulations/install/neo_msgs2/include/neo_msgs2/neo_msgs2/msg/detail/io_board__struct.hpp
[1.178s] -- Up-to-date: /root/ros2_code/humble/simulations/install/neo_msgs2/include/neo_msgs2/neo_msgs2/msg/detail/us_board_v2__struct.hpp
[1.178s] -- Up-to-date: /root/ros2_code/humble/simulations/install/neo_msgs2/include/neo_msgs2/neo_msgs2/msg/detail/keypad__builder.hpp
[1.178s] -- Up-to-date: /root/ros2_code/humble/simulations/install/neo_msgs2/include/neo_msgs2/neo_msgs2/msg/detail/relay_board_v2__traits.hpp
[1.179s] -- Up-to-date: /root/ros2_code/humble/simulations/install/neo_msgs2/include/neo_msgs2/neo_msgs2/msg/detail/relay_board_v3__builder.hpp
[1.179s] -- Up-to-date: /root/ros2_code/humble/simulations/install/neo_msgs2/include/neo_msgs2/neo_msgs2/msg/detail/kinematics_state__traits.hpp
[1.179s] -- Up-to-date: /root/ros2_code/humble/simulations/install/neo_msgs2/include/neo_msgs2/neo_msgs2/msg/detail/keypad__struct.hpp
[1.179s] -- Up-to-date: /root/ros2_code/humble/simulations/install/neo_msgs2/include/neo_msgs2/neo_msgs2/msg/detail/emergency_stop_state__traits.hpp
[1.179s] -- Up-to-date: /root/ros2_code/humble/simulations/install/neo_msgs2/include/neo_msgs2/neo_msgs2/msg/detail/emergency_stop_state__struct.hpp
[1.180s] -- Up-to-date: /root/ros2_code/humble/simulations/install/neo_msgs2/include/neo_msgs2/neo_msgs2/msg/detail/relay_board_v2__builder.hpp
[1.180s] -- Up-to-date: /root/ros2_code/humble/simulations/install/neo_msgs2/include/neo_msgs2/neo_msgs2/msg/detail/kinematics_state__struct.hpp
[1.180s] -- Up-to-date: /root/ros2_code/humble/simulations/install/neo_msgs2/include/neo_msgs2/neo_msgs2/msg/detail/safety_state__builder.hpp
[1.180s] -- Up-to-date: /root/ros2_code/humble/simulations/install/neo_msgs2/include/neo_msgs2/neo_msgs2/msg/detail/lcd_output__traits.hpp
[1.180s] -- Up-to-date: /root/ros2_code/humble/simulations/install/neo_msgs2/include/neo_msgs2/neo_msgs2/msg/detail/safety_state__struct.hpp
[1.180s] -- Up-to-date: /root/ros2_code/humble/simulations/install/neo_msgs2/include/neo_msgs2/neo_msgs2/msg/detail/kinematics_state__builder.hpp
[1.180s] -- Up-to-date: /root/ros2_code/humble/simulations/install/neo_msgs2/include/neo_msgs2/neo_msgs2/msg/detail/io_board__builder.hpp
[1.180s] -- Up-to-date: /root/ros2_code/humble/simulations/install/neo_msgs2/include/neo_msgs2/neo_msgs2/msg/detail/relay_board_v3__traits.hpp
[1.180s] -- Up-to-date: /root/ros2_code/humble/simulations/install/neo_msgs2/include/neo_msgs2/neo_msgs2/msg/detail/keypad__traits.hpp
[1.180s] -- Up-to-date: /root/ros2_code/humble/simulations/install/neo_msgs2/include/neo_msgs2/neo_msgs2/msg/detail/io_board__traits.hpp
[1.180s] -- Up-to-date: /root/ros2_code/humble/simulations/install/neo_msgs2/include/neo_msgs2/neo_msgs2/msg/detail/emergency_stop_state__builder.hpp
[1.181s] -- Up-to-date: /root/ros2_code/humble/simulations/install/neo_msgs2/include/neo_msgs2/neo_msgs2/msg/detail/us_board__struct.hpp
[1.181s] -- Up-to-date: /root/ros2_code/humble/simulations/install/neo_msgs2/include/neo_msgs2/neo_msgs2/msg/detail/relay_board_v3__struct.hpp
[1.181s] -- Up-to-date: /root/ros2_code/humble/simulations/install/neo_msgs2/include/neo_msgs2/neo_msgs2/msg/detail/lcd_output__struct.hpp
[1.181s] -- Up-to-date: /root/ros2_code/humble/simulations/install/neo_msgs2/include/neo_msgs2/neo_msgs2/msg/detail/us_board__traits.hpp
[1.181s] -- Up-to-date: /root/ros2_code/humble/simulations/install/neo_msgs2/include/neo_msgs2/neo_msgs2/msg/detail/lcd_output__builder.hpp
[1.181s] -- Up-to-date: /root/ros2_code/humble/simulations/install/neo_msgs2/include/neo_msgs2/neo_msgs2/msg/detail/relay_board_v2__struct.hpp
[1.181s] -- Up-to-date: /root/ros2_code/humble/simulations/install/neo_msgs2/include/neo_msgs2/neo_msgs2/msg/detail/safety_state__traits.hpp
[1.181s] -- Up-to-date: /root/ros2_code/humble/simulations/install/neo_msgs2/include/neo_msgs2/neo_msgs2/msg/detail/us_board__builder.hpp
[1.181s] -- Up-to-date: /root/ros2_code/humble/simulations/install/neo_msgs2/include/neo_msgs2/neo_msgs2/msg/kinematics_state.hpp
[1.181s] -- Up-to-date: /root/ros2_code/humble/simulations/install/neo_msgs2/include/neo_msgs2/neo_msgs2/msg/safety_state.hpp
[1.181s] -- Up-to-date: /root/ros2_code/humble/simulations/install/neo_msgs2/include/neo_msgs2/neo_msgs2/msg/relay_board_v2.hpp
[1.181s] -- Up-to-date: /root/ros2_code/humble/simulations/install/neo_msgs2/include/neo_msgs2/neo_msgs2/msg/us_board.hpp
[1.181s] -- Up-to-date: /root/ros2_code/humble/simulations/install/neo_msgs2/include/neo_msgs2/neo_msgs2/msg/io_board.hpp
[1.181s] -- Up-to-date: /root/ros2_code/humble/simulations/install/neo_msgs2/include/neo_msgs2/neo_msgs2
[1.182s] -- Up-to-date: /root/ros2_code/humble/simulations/install/neo_msgs2/include/neo_msgs2/neo_msgs2/msg
[1.182s] -- Up-to-date: /root/ros2_code/humble/simulations/install/neo_msgs2/include/neo_msgs2/neo_msgs2/msg/rosidl_typesupport_fastrtps_cpp__visibility_control.h
[1.182s] -- Up-to-date: /root/ros2_code/humble/simulations/install/neo_msgs2/include/neo_msgs2/neo_msgs2/msg/detail
[1.182s] -- Up-to-date: /root/ros2_code/humble/simulations/install/neo_msgs2/include/neo_msgs2/neo_msgs2/msg/detail/io_board__rosidl_typesupport_fastrtps_cpp.hpp
[1.182s] -- Up-to-date: /root/ros2_code/humble/simulations/install/neo_msgs2/include/neo_msgs2/neo_msgs2/msg/detail/safety_state__rosidl_typesupport_fastrtps_cpp.hpp
[1.182s] -- Up-to-date: /root/ros2_code/humble/simulations/install/neo_msgs2/include/neo_msgs2/neo_msgs2/msg/detail/kinematics_state__rosidl_typesupport_fastrtps_cpp.hpp
[1.182s] -- Up-to-date: /root/ros2_code/humble/simulations/install/neo_msgs2/include/neo_msgs2/neo_msgs2/msg/detail/us_board__rosidl_typesupport_fastrtps_cpp.hpp
[1.182s] -- Up-to-date: /root/ros2_code/humble/simulations/install/neo_msgs2/include/neo_msgs2/neo_msgs2/msg/detail/us_board_v2__rosidl_typesupport_fastrtps_cpp.hpp
[1.182s] -- Up-to-date: /root/ros2_code/humble/simulations/install/neo_msgs2/include/neo_msgs2/neo_msgs2/msg/detail/relay_board_v3__rosidl_typesupport_fastrtps_cpp.hpp
[1.182s] -- Up-to-date: /root/ros2_code/humble/simulations/install/neo_msgs2/include/neo_msgs2/neo_msgs2/msg/detail/keypad__rosidl_typesupport_fastrtps_cpp.hpp
[1.182s] -- Up-to-date: /root/ros2_code/humble/simulations/install/neo_msgs2/include/neo_msgs2/neo_msgs2/msg/detail/dds_fastrtps
[1.182s] -- Up-to-date: /root/ros2_code/humble/simulations/install/neo_msgs2/include/neo_msgs2/neo_msgs2/msg/detail/lcd_output__rosidl_typesupport_fastrtps_cpp.hpp
[1.182s] -- Up-to-date: /root/ros2_code/humble/simulations/install/neo_msgs2/include/neo_msgs2/neo_msgs2/msg/detail/emergency_stop_state__rosidl_typesupport_fastrtps_cpp.hpp
[1.182s] -- Up-to-date: /root/ros2_code/humble/simulations/install/neo_msgs2/include/neo_msgs2/neo_msgs2/msg/detail/relay_board_v2__rosidl_typesupport_fastrtps_cpp.hpp
[1.182s] -- Up-to-date: /root/ros2_code/humble/simulations/install/neo_msgs2/lib/libneo_msgs2__rosidl_typesupport_fastrtps_cpp.so
[1.183s] -- Up-to-date: /root/ros2_code/humble/simulations/install/neo_msgs2/include/neo_msgs2/neo_msgs2
[1.183s] -- Up-to-date: /root/ros2_code/humble/simulations/install/neo_msgs2/include/neo_msgs2/neo_msgs2/msg
[1.183s] -- Up-to-date: /root/ros2_code/humble/simulations/install/neo_msgs2/include/neo_msgs2/neo_msgs2/msg/detail
[1.183s] -- Up-to-date: /root/ros2_code/humble/simulations/install/neo_msgs2/include/neo_msgs2/neo_msgs2/msg/detail/relay_board_v2__rosidl_typesupport_introspection_c.h
[1.183s] -- Up-to-date: /root/ros2_code/humble/simulations/install/neo_msgs2/include/neo_msgs2/neo_msgs2/msg/detail/relay_board_v3__rosidl_typesupport_introspection_c.h
[1.183s] -- Up-to-date: /root/ros2_code/humble/simulations/install/neo_msgs2/include/neo_msgs2/neo_msgs2/msg/detail/us_board_v2__rosidl_typesupport_introspection_c.h
[1.183s] -- Up-to-date: /root/ros2_code/humble/simulations/install/neo_msgs2/include/neo_msgs2/neo_msgs2/msg/detail/keypad__rosidl_typesupport_introspection_c.h
[1.183s] -- Up-to-date: /root/ros2_code/humble/simulations/install/neo_msgs2/include/neo_msgs2/neo_msgs2/msg/detail/kinematics_state__rosidl_typesupport_introspection_c.h
[1.183s] -- Up-to-date: /root/ros2_code/humble/simulations/install/neo_msgs2/include/neo_msgs2/neo_msgs2/msg/detail/safety_state__type_support.c
[1.183s] -- Up-to-date: /root/ros2_code/humble/simulations/install/neo_msgs2/include/neo_msgs2/neo_msgs2/msg/detail/safety_state__rosidl_typesupport_introspection_c.h
[1.183s] -- Up-to-date: /root/ros2_code/humble/simulations/install/neo_msgs2/include/neo_msgs2/neo_msgs2/msg/detail/lcd_output__rosidl_typesupport_introspection_c.h
[1.183s] -- Up-to-date: /root/ros2_code/humble/simulations/install/neo_msgs2/include/neo_msgs2/neo_msgs2/msg/detail/relay_board_v3__type_support.c
[1.183s] -- Up-to-date: /root/ros2_code/humble/simulations/install/neo_msgs2/include/neo_msgs2/neo_msgs2/msg/detail/io_board__type_support.c
[1.183s] -- Up-to-date: /root/ros2_code/humble/simulations/install/neo_msgs2/include/neo_msgs2/neo_msgs2/msg/detail/emergency_stop_state__rosidl_typesupport_introspection_c.h
[1.183s] -- Up-to-date: /root/ros2_code/humble/simulations/install/neo_msgs2/include/neo_msgs2/neo_msgs2/msg/detail/lcd_output__type_support.c
[1.184s] -- Up-to-date: /root/ros2_code/humble/simulations/install/neo_msgs2/include/neo_msgs2/neo_msgs2/msg/detail/us_board_v2__type_support.c
[1.184s] -- Up-to-date: /root/ros2_code/humble/simulations/install/neo_msgs2/include/neo_msgs2/neo_msgs2/msg/detail/io_board__rosidl_typesupport_introspection_c.h
[1.184s] -- Up-to-date: /root/ros2_code/humble/simulations/install/neo_msgs2/include/neo_msgs2/neo_msgs2/msg/detail/keypad__type_support.c
[1.184s] -- Up-to-date: /root/ros2_code/humble/simulations/install/neo_msgs2/include/neo_msgs2/neo_msgs2/msg/detail/kinematics_state__type_support.c
[1.184s] -- Up-to-date: /root/ros2_code/humble/simulations/install/neo_msgs2/include/neo_msgs2/neo_msgs2/msg/detail/us_board__type_support.c
[1.184s] -- Up-to-date: /root/ros2_code/humble/simulations/install/neo_msgs2/include/neo_msgs2/neo_msgs2/msg/detail/relay_board_v2__type_support.c
[1.184s] -- Up-to-date: /root/ros2_code/humble/simulations/install/neo_msgs2/include/neo_msgs2/neo_msgs2/msg/detail/us_board__rosidl_typesupport_introspection_c.h
[1.184s] -- Up-to-date: /root/ros2_code/humble/simulations/install/neo_msgs2/include/neo_msgs2/neo_msgs2/msg/detail/emergency_stop_state__type_support.c
[1.184s] -- Up-to-date: /root/ros2_code/humble/simulations/install/neo_msgs2/include/neo_msgs2/neo_msgs2/msg/rosidl_typesupport_introspection_c__visibility_control.h
[1.184s] -- Up-to-date: /root/ros2_code/humble/simulations/install/neo_msgs2/lib/libneo_msgs2__rosidl_typesupport_introspection_c.so
[1.184s] -- Up-to-date: /root/ros2_code/humble/simulations/install/neo_msgs2/lib/libneo_msgs2__rosidl_typesupport_c.so
[1.184s] -- Up-to-date: /root/ros2_code/humble/simulations/install/neo_msgs2/include/neo_msgs2/neo_msgs2
[1.184s] -- Up-to-date: /root/ros2_code/humble/simulations/install/neo_msgs2/include/neo_msgs2/neo_msgs2/msg
[1.184s] -- Up-to-date: /root/ros2_code/humble/simulations/install/neo_msgs2/include/neo_msgs2/neo_msgs2/msg/detail
[1.185s] -- Up-to-date: /root/ros2_code/humble/simulations/install/neo_msgs2/include/neo_msgs2/neo_msgs2/msg/detail/relay_board_v3__type_support.cpp
[1.185s] -- Up-to-date: /root/ros2_code/humble/simulations/install/neo_msgs2/include/neo_msgs2/neo_msgs2/msg/detail/safety_state__rosidl_typesupport_introspection_cpp.hpp
[1.185s] -- Up-to-date: /root/ros2_code/humble/simulations/install/neo_msgs2/include/neo_msgs2/neo_msgs2/msg/detail/lcd_output__rosidl_typesupport_introspection_cpp.hpp
[1.185s] -- Up-to-date: /root/ros2_code/humble/simulations/install/neo_msgs2/include/neo_msgs2/neo_msgs2/msg/detail/emergency_stop_state__rosidl_typesupport_introspection_cpp.hpp
[1.185s] -- Up-to-date: /root/ros2_code/humble/simulations/install/neo_msgs2/include/neo_msgs2/neo_msgs2/msg/detail/relay_board_v2__rosidl_typesupport_introspection_cpp.hpp
[1.185s] -- Up-to-date: /root/ros2_code/humble/simulations/install/neo_msgs2/include/neo_msgs2/neo_msgs2/msg/detail/us_board_v2__type_support.cpp
[1.185s] -- Up-to-date: /root/ros2_code/humble/simulations/install/neo_msgs2/include/neo_msgs2/neo_msgs2/msg/detail/lcd_output__type_support.cpp
[1.185s] -- Up-to-date: /root/ros2_code/humble/simulations/install/neo_msgs2/include/neo_msgs2/neo_msgs2/msg/detail/io_board__type_support.cpp
[1.185s] -- Up-to-date: /root/ros2_code/humble/simulations/install/neo_msgs2/include/neo_msgs2/neo_msgs2/msg/detail/io_board__rosidl_typesupport_introspection_cpp.hpp
[1.185s] -- Up-to-date: /root/ros2_code/humble/simulations/install/neo_msgs2/include/neo_msgs2/neo_msgs2/msg/detail/keypad__type_support.cpp
[1.185s] -- Up-to-date: /root/ros2_code/humble/simulations/install/neo_msgs2/include/neo_msgs2/neo_msgs2/msg/detail/us_board__rosidl_typesupport_introspection_cpp.hpp
[1.185s] -- Up-to-date: /root/ros2_code/humble/simulations/install/neo_msgs2/include/neo_msgs2/neo_msgs2/msg/detail/kinematics_state__type_support.cpp
[1.185s] -- Up-to-date: /root/ros2_code/humble/simulations/install/neo_msgs2/include/neo_msgs2/neo_msgs2/msg/detail/us_board_v2__rosidl_typesupport_introspection_cpp.hpp
[1.185s] -- Up-to-date: /root/ros2_code/humble/simulations/install/neo_msgs2/include/neo_msgs2/neo_msgs2/msg/detail/safety_state__type_support.cpp
[1.185s] -- Up-to-date: /root/ros2_code/humble/simulations/install/neo_msgs2/include/neo_msgs2/neo_msgs2/msg/detail/kinematics_state__rosidl_typesupport_introspection_cpp.hpp
[1.186s] -- Up-to-date: /root/ros2_code/humble/simulations/install/neo_msgs2/include/neo_msgs2/neo_msgs2/msg/detail/us_board__type_support.cpp
[1.186s] -- Up-to-date: /root/ros2_code/humble/simulations/install/neo_msgs2/include/neo_msgs2/neo_msgs2/msg/detail/relay_board_v3__rosidl_typesupport_introspection_cpp.hpp
[1.186s] -- Up-to-date: /root/ros2_code/humble/simulations/install/neo_msgs2/include/neo_msgs2/neo_msgs2/msg/detail/emergency_stop_state__type_support.cpp
[1.186s] -- Up-to-date: /root/ros2_code/humble/simulations/install/neo_msgs2/include/neo_msgs2/neo_msgs2/msg/detail/keypad__rosidl_typesupport_introspection_cpp.hpp
[1.186s] -- Up-to-date: /root/ros2_code/humble/simulations/install/neo_msgs2/include/neo_msgs2/neo_msgs2/msg/detail/relay_board_v2__type_support.cpp
[1.186s] -- Up-to-date: /root/ros2_code/humble/simulations/install/neo_msgs2/lib/libneo_msgs2__rosidl_typesupport_introspection_cpp.so
[1.186s] -- Up-to-date: /root/ros2_code/humble/simulations/install/neo_msgs2/lib/libneo_msgs2__rosidl_typesupport_cpp.so
[1.186s] -- Up-to-date: /root/ros2_code/humble/simulations/install/neo_msgs2/share/neo_msgs2/environment/pythonpath.sh
[1.186s] -- Up-to-date: /root/ros2_code/humble/simulations/install/neo_msgs2/share/neo_msgs2/environment/pythonpath.dsv
[1.186s] -- Up-to-date: /root/ros2_code/humble/simulations/install/neo_msgs2/local/lib/python3.10/dist-packages/neo_msgs2-0.1.0-py3.10.egg-info
[1.186s] -- Installing: /root/ros2_code/humble/simulations/install/neo_msgs2/local/lib/python3.10/dist-packages/neo_msgs2-0.1.0-py3.10.egg-info/top_level.txt
[1.186s] -- Installing: /root/ros2_code/humble/simulations/install/neo_msgs2/local/lib/python3.10/dist-packages/neo_msgs2-0.1.0-py3.10.egg-info/PKG-INFO
[1.186s] -- Installing: /root/ros2_code/humble/simulations/install/neo_msgs2/local/lib/python3.10/dist-packages/neo_msgs2-0.1.0-py3.10.egg-info/dependency_links.txt
[1.186s] -- Installing: /root/ros2_code/humble/simulations/install/neo_msgs2/local/lib/python3.10/dist-packages/neo_msgs2-0.1.0-py3.10.egg-info/SOURCES.txt
[1.187s] -- Up-to-date: /root/ros2_code/humble/simulations/install/neo_msgs2/local/lib/python3.10/dist-packages/neo_msgs2
[1.187s] -- Up-to-date: /root/ros2_code/humble/simulations/install/neo_msgs2/local/lib/python3.10/dist-packages/neo_msgs2/_neo_msgs2_s.ep.rosidl_typesupport_c.c
[1.187s] -- Up-to-date: /root/ros2_code/humble/simulations/install/neo_msgs2/local/lib/python3.10/dist-packages/neo_msgs2/neo_msgs2_s__rosidl_typesupport_fastrtps_c.cpython-310-x86_64-linux-gnu.so
[1.187s] -- Up-to-date: /root/ros2_code/humble/simulations/install/neo_msgs2/local/lib/python3.10/dist-packages/neo_msgs2/neo_msgs2_s__rosidl_typesupport_introspection_c.cpython-310-x86_64-linux-gnu.so
[1.187s] -- Up-to-date: /root/ros2_code/humble/simulations/install/neo_msgs2/local/lib/python3.10/dist-packages/neo_msgs2/libneo_msgs2__rosidl_generator_py.so
[1.187s] -- Up-to-date: /root/ros2_code/humble/simulations/install/neo_msgs2/local/lib/python3.10/dist-packages/neo_msgs2/msg
[1.187s] -- Up-to-date: /root/ros2_code/humble/simulations/install/neo_msgs2/local/lib/python3.10/dist-packages/neo_msgs2/msg/_lcd_output.py
[1.187s] -- Up-to-date: /root/ros2_code/humble/simulations/install/neo_msgs2/local/lib/python3.10/dist-packages/neo_msgs2/msg/_relay_board_v2_s.c
[1.187s] -- Up-to-date: /root/ros2_code/humble/simulations/install/neo_msgs2/local/lib/python3.10/dist-packages/neo_msgs2/msg/_relay_board_v3.py
[1.187s] -- Up-to-date: /root/ros2_code/humble/simulations/install/neo_msgs2/local/lib/python3.10/dist-packages/neo_msgs2/msg/_emergency_stop_state_s.c
[1.187s] -- Up-to-date: /root/ros2_code/humble/simulations/install/neo_msgs2/local/lib/python3.10/dist-packages/neo_msgs2/msg/_us_board_s.c
[1.187s] -- Up-to-date: /root/ros2_code/humble/simulations/install/neo_msgs2/local/lib/python3.10/dist-packages/neo_msgs2/msg/_lcd_output_s.c
[1.187s] -- Up-to-date: /root/ros2_code/humble/simulations/install/neo_msgs2/local/lib/python3.10/dist-packages/neo_msgs2/msg/_keypad_s.c
[1.188s] -- Up-to-date: /root/ros2_code/humble/simulations/install/neo_msgs2/local/lib/python3.10/dist-packages/neo_msgs2/msg/_relay_board_v3_s.c
[1.188s] -- Up-to-date: /root/ros2_code/humble/simulations/install/neo_msgs2/local/lib/python3.10/dist-packages/neo_msgs2/msg/_keypad.py
[1.188s] -- Up-to-date: /root/ros2_code/humble/simulations/install/neo_msgs2/local/lib/python3.10/dist-packages/neo_msgs2/msg/_relay_board_v2.py
[1.188s] -- Up-to-date: /root/ros2_code/humble/simulations/install/neo_msgs2/local/lib/python3.10/dist-packages/neo_msgs2/msg/_io_board.py
[1.188s] -- Up-to-date: /root/ros2_code/humble/simulations/install/neo_msgs2/local/lib/python3.10/dist-packages/neo_msgs2/msg/_us_board_v2_s.c
[1.188s] -- Up-to-date: /root/ros2_code/humble/simulations/install/neo_msgs2/local/lib/python3.10/dist-packages/neo_msgs2/msg/_kinematics_state.py
[1.188s] -- Up-to-date: /root/ros2_code/humble/simulations/install/neo_msgs2/local/lib/python3.10/dist-packages/neo_msgs2/msg/_us_board.py
[1.188s] -- Up-to-date: /root/ros2_code/humble/simulations/install/neo_msgs2/local/lib/python3.10/dist-packages/neo_msgs2/msg/_safety_state_s.c
[1.188s] -- Up-to-date: /root/ros2_code/humble/simulations/install/neo_msgs2/local/lib/python3.10/dist-packages/neo_msgs2/msg/_io_board_s.c
[1.188s] -- Up-to-date: /root/ros2_code/humble/simulations/install/neo_msgs2/local/lib/python3.10/dist-packages/neo_msgs2/msg/_emergency_stop_state.py
[1.188s] -- Up-to-date: /root/ros2_code/humble/simulations/install/neo_msgs2/local/lib/python3.10/dist-packages/neo_msgs2/msg/_kinematics_state_s.c
[1.188s] -- Up-to-date: /root/ros2_code/humble/simulations/install/neo_msgs2/local/lib/python3.10/dist-packages/neo_msgs2/msg/_safety_state.py
[1.188s] -- Up-to-date: /root/ros2_code/humble/simulations/install/neo_msgs2/local/lib/python3.10/dist-packages/neo_msgs2/msg/__init__.py
[1.188s] -- Up-to-date: /root/ros2_code/humble/simulations/install/neo_msgs2/local/lib/python3.10/dist-packages/neo_msgs2/msg/_us_board_v2.py
[1.188s] -- Up-to-date: /root/ros2_code/humble/simulations/install/neo_msgs2/local/lib/python3.10/dist-packages/neo_msgs2/_neo_msgs2_s.ep.rosidl_typesupport_introspection_c.c
[1.189s] -- Up-to-date: /root/ros2_code/humble/simulations/install/neo_msgs2/local/lib/python3.10/dist-packages/neo_msgs2/_neo_msgs2_s.ep.rosidl_typesupport_fastrtps_c.c
[1.189s] -- Up-to-date: /root/ros2_code/humble/simulations/install/neo_msgs2/local/lib/python3.10/dist-packages/neo_msgs2/neo_msgs2_s__rosidl_typesupport_c.cpython-310-x86_64-linux-gnu.so
[1.189s] -- Up-to-date: /root/ros2_code/humble/simulations/install/neo_msgs2/local/lib/python3.10/dist-packages/neo_msgs2/__init__.py
[1.208s] Listing '/root/ros2_code/humble/simulations/install/neo_msgs2/local/lib/python3.10/dist-packages/neo_msgs2'...
[1.208s] Listing '/root/ros2_code/humble/simulations/install/neo_msgs2/local/lib/python3.10/dist-packages/neo_msgs2/msg'...
[1.212s] -- Up-to-date: /root/ros2_code/humble/simulations/install/neo_msgs2/local/lib/python3.10/dist-packages/neo_msgs2/neo_msgs2_s__rosidl_typesupport_fastrtps_c.cpython-310-x86_64-linux-gnu.so
[1.213s] -- Up-to-date: /root/ros2_code/humble/simulations/install/neo_msgs2/local/lib/python3.10/dist-packages/neo_msgs2/neo_msgs2_s__rosidl_typesupport_introspection_c.cpython-310-x86_64-linux-gnu.so
[1.214s] -- Up-to-date: /root/ros2_code/humble/simulations/install/neo_msgs2/local/lib/python3.10/dist-packages/neo_msgs2/neo_msgs2_s__rosidl_typesupport_c.cpython-310-x86_64-linux-gnu.so
[1.215s] -- Up-to-date: /root/ros2_code/humble/simulations/install/neo_msgs2/lib/libneo_msgs2__rosidl_generator_py.so
[1.216s] -- Up-to-date: /root/ros2_code/humble/simulations/install/neo_msgs2/share/neo_msgs2/msg/EmergencyStopState.idl
[1.216s] -- Up-to-date: /root/ros2_code/humble/simulations/install/neo_msgs2/share/neo_msgs2/msg/Keypad.idl
[1.216s] -- Up-to-date: /root/ros2_code/humble/simulations/install/neo_msgs2/share/neo_msgs2/msg/LCDOutput.idl
[1.216s] -- Up-to-date: /root/ros2_code/humble/simulations/install/neo_msgs2/share/neo_msgs2/msg/RelayBoardV2.idl
[1.216s] -- Up-to-date: /root/ros2_code/humble/simulations/install/neo_msgs2/share/neo_msgs2/msg/USBoard.idl
[1.217s] -- Up-to-date: /root/ros2_code/humble/simulations/install/neo_msgs2/share/neo_msgs2/msg/USBoardV2.idl
[1.217s] -- Up-to-date: /root/ros2_code/humble/simulations/install/neo_msgs2/share/neo_msgs2/msg/IOBoard.idl
[1.217s] -- Up-to-date: /root/ros2_code/humble/simulations/install/neo_msgs2/share/neo_msgs2/msg/SafetyState.idl
[1.217s] -- Up-to-date: /root/ros2_code/humble/simulations/install/neo_msgs2/share/neo_msgs2/msg/RelayBoardV3.idl
[1.217s] -- Up-to-date: /root/ros2_code/humble/simulations/install/neo_msgs2/share/neo_msgs2/msg/KinematicsState.idl
[1.218s] -- Up-to-date: /root/ros2_code/humble/simulations/install/neo_msgs2/share/neo_msgs2/msg/EmergencyStopState.msg
[1.218s] -- Up-to-date: /root/ros2_code/humble/simulations/install/neo_msgs2/share/neo_msgs2/msg/Keypad.msg
[1.218s] -- Up-to-date: /root/ros2_code/humble/simulations/install/neo_msgs2/share/neo_msgs2/msg/LCDOutput.msg
[1.218s] -- Up-to-date: /root/ros2_code/humble/simulations/install/neo_msgs2/share/neo_msgs2/msg/RelayBoardV2.msg
[1.218s] -- Up-to-date: /root/ros2_code/humble/simulations/install/neo_msgs2/share/neo_msgs2/msg/USBoard.msg
[1.218s] -- Up-to-date: /root/ros2_code/humble/simulations/install/neo_msgs2/share/neo_msgs2/msg/USBoardV2.msg
[1.218s] -- Up-to-date: /root/ros2_code/humble/simulations/install/neo_msgs2/share/neo_msgs2/msg/IOBoard.msg
[1.219s] -- Up-to-date: /root/ros2_code/humble/simulations/install/neo_msgs2/share/neo_msgs2/msg/SafetyState.msg
[1.219s] -- Up-to-date: /root/ros2_code/humble/simulations/install/neo_msgs2/share/neo_msgs2/msg/RelayBoardV3.msg
[1.219s] -- Up-to-date: /root/ros2_code/humble/simulations/install/neo_msgs2/share/neo_msgs2/msg/KinematicsState.msg
[1.219s] -- Up-to-date: /root/ros2_code/humble/simulations/install/neo_msgs2/share/ament_index/resource_index/package_run_dependencies/neo_msgs2
[1.219s] -- Up-to-date: /root/ros2_code/humble/simulations/install/neo_msgs2/share/ament_index/resource_index/parent_prefix_path/neo_msgs2
[1.219s] -- Up-to-date: /root/ros2_code/humble/simulations/install/neo_msgs2/share/neo_msgs2/environment/ament_prefix_path.sh
[1.219s] -- Up-to-date: /root/ros2_code/humble/simulations/install/neo_msgs2/share/neo_msgs2/environment/ament_prefix_path.dsv
[1.220s] -- Up-to-date: /root/ros2_code/humble/simulations/install/neo_msgs2/share/neo_msgs2/environment/path.sh
[1.220s] -- Up-to-date: /root/ros2_code/humble/simulations/install/neo_msgs2/share/neo_msgs2/environment/path.dsv
[1.220s] -- Up-to-date: /root/ros2_code/humble/simulations/install/neo_msgs2/share/neo_msgs2/local_setup.bash
[1.220s] -- Up-to-date: /root/ros2_code/humble/simulations/install/neo_msgs2/share/neo_msgs2/local_setup.sh
[1.220s] -- Up-to-date: /root/ros2_code/humble/simulations/install/neo_msgs2/share/neo_msgs2/local_setup.zsh
[1.221s] -- Up-to-date: /root/ros2_code/humble/simulations/install/neo_msgs2/share/neo_msgs2/local_setup.dsv
[1.221s] -- Installing: /root/ros2_code/humble/simulations/install/neo_msgs2/share/neo_msgs2/package.dsv
[1.221s] -- Up-to-date: /root/ros2_code/humble/simulations/install/neo_msgs2/share/ament_index/resource_index/packages/neo_msgs2
[1.221s] -- Up-to-date: /root/ros2_code/humble/simulations/install/neo_msgs2/share/neo_msgs2/cmake/export_neo_msgs2__rosidl_generator_cExport.cmake
[1.221s] -- Up-to-date: /root/ros2_code/humble/simulations/install/neo_msgs2/share/neo_msgs2/cmake/export_neo_msgs2__rosidl_generator_cExport-noconfig.cmake
[1.222s] -- Up-to-date: /root/ros2_code/humble/simulations/install/neo_msgs2/share/neo_msgs2/cmake/export_neo_msgs2__rosidl_typesupport_fastrtps_cExport.cmake
[1.222s] -- Up-to-date: /root/ros2_code/humble/simulations/install/neo_msgs2/share/neo_msgs2/cmake/export_neo_msgs2__rosidl_typesupport_fastrtps_cExport-noconfig.cmake
[1.222s] -- Up-to-date: /root/ros2_code/humble/simulations/install/neo_msgs2/share/neo_msgs2/cmake/export_neo_msgs2__rosidl_generator_cppExport.cmake
[1.222s] -- Up-to-date: /root/ros2_code/humble/simulations/install/neo_msgs2/share/neo_msgs2/cmake/export_neo_msgs2__rosidl_typesupport_fastrtps_cppExport.cmake
[1.222s] -- Up-to-date: /root/ros2_code/humble/simulations/install/neo_msgs2/share/neo_msgs2/cmake/export_neo_msgs2__rosidl_typesupport_fastrtps_cppExport-noconfig.cmake
[1.222s] -- Up-to-date: /root/ros2_code/humble/simulations/install/neo_msgs2/share/neo_msgs2/cmake/neo_msgs2__rosidl_typesupport_introspection_cExport.cmake
[1.223s] -- Up-to-date: /root/ros2_code/humble/simulations/install/neo_msgs2/share/neo_msgs2/cmake/neo_msgs2__rosidl_typesupport_introspection_cExport-noconfig.cmake
[1.223s] -- Up-to-date: /root/ros2_code/humble/simulations/install/neo_msgs2/share/neo_msgs2/cmake/neo_msgs2__rosidl_typesupport_cExport.cmake
[1.223s] -- Up-to-date: /root/ros2_code/humble/simulations/install/neo_msgs2/share/neo_msgs2/cmake/neo_msgs2__rosidl_typesupport_cExport-noconfig.cmake
[1.223s] -- Up-to-date: /root/ros2_code/humble/simulations/install/neo_msgs2/share/neo_msgs2/cmake/neo_msgs2__rosidl_typesupport_introspection_cppExport.cmake
[1.224s] -- Up-to-date: /root/ros2_code/humble/simulations/install/neo_msgs2/share/neo_msgs2/cmake/neo_msgs2__rosidl_typesupport_introspection_cppExport-noconfig.cmake
[1.224s] -- Up-to-date: /root/ros2_code/humble/simulations/install/neo_msgs2/share/neo_msgs2/cmake/neo_msgs2__rosidl_typesupport_cppExport.cmake
[1.224s] -- Up-to-date: /root/ros2_code/humble/simulations/install/neo_msgs2/share/neo_msgs2/cmake/neo_msgs2__rosidl_typesupport_cppExport-noconfig.cmake
[1.224s] -- Up-to-date: /root/ros2_code/humble/simulations/install/neo_msgs2/share/neo_msgs2/cmake/export_neo_msgs2__rosidl_generator_pyExport.cmake
[1.224s] -- Up-to-date: /root/ros2_code/humble/simulations/install/neo_msgs2/share/neo_msgs2/cmake/export_neo_msgs2__rosidl_generator_pyExport-noconfig.cmake
[1.225s] -- Up-to-date: /root/ros2_code/humble/simulations/install/neo_msgs2/share/neo_msgs2/cmake/rosidl_cmake-extras.cmake
[1.225s] -- Up-to-date: /root/ros2_code/humble/simulations/install/neo_msgs2/share/neo_msgs2/cmake/ament_cmake_export_dependencies-extras.cmake
[1.225s] -- Up-to-date: /root/ros2_code/humble/simulations/install/neo_msgs2/share/neo_msgs2/cmake/ament_cmake_export_include_directories-extras.cmake
[1.225s] -- Up-to-date: /root/ros2_code/humble/simulations/install/neo_msgs2/share/neo_msgs2/cmake/ament_cmake_export_libraries-extras.cmake
[1.225s] -- Up-to-date: /root/ros2_code/humble/simulations/install/neo_msgs2/share/neo_msgs2/cmake/ament_cmake_export_targets-extras.cmake
[1.225s] -- Up-to-date: /root/ros2_code/humble/simulations/install/neo_msgs2/share/neo_msgs2/cmake/rosidl_cmake_export_typesupport_targets-extras.cmake
[1.226s] -- Up-to-date: /root/ros2_code/humble/simulations/install/neo_msgs2/share/neo_msgs2/cmake/rosidl_cmake_export_typesupport_libraries-extras.cmake
[1.226s] -- Up-to-date: /root/ros2_code/humble/simulations/install/neo_msgs2/share/neo_msgs2/cmake/neo_msgs2Config.cmake
[1.226s] -- Up-to-date: /root/ros2_code/humble/simulations/install/neo_msgs2/share/neo_msgs2/cmake/neo_msgs2Config-version.cmake
[1.226s] -- Up-to-date: /root/ros2_code/humble/simulations/install/neo_msgs2/share/neo_msgs2/package.xml
[1.291s] Invoked command in '/root/ros2_code/humble/simulations/build/neo_msgs2' returned '0': CMAKE_PREFIX_PATH=${CMAKE_PREFIX_PATH}:/root/ros2_code/simulations/warehouse_ws/install/amazon_robot_gazebo_spawner:/root/ros2_code/humble/vision/install/joystick_pkg:/opt/ros/humble /usr/bin/cmake --install /root/ros2_code/humble/simulations/build/neo_msgs2
