[0.216s] Invoking command in '/root/ros2_code/humble/learning/build/articubot_one': CMAKE_PREFIX_PATH=${CMAKE_PREFIX_PATH}:/root/ros2_code/humble/learning/install/ball_tracker:/opt/ros/humble /usr/bin/cmake --build /root/ros2_code/humble/learning/build/articubot_one -- -j12 -l12
[0.578s] Invoked command in '/root/ros2_code/humble/learning/build/articubot_one' returned '0': CMAKE_PREFIX_PATH=${CMAKE_PREFIX_PATH}:/root/ros2_code/humble/learning/install/ball_tracker:/opt/ros/humble /usr/bin/cmake --build /root/ros2_code/humble/learning/build/articubot_one -- -j12 -l12
[0.619s] Invoking command in '/root/ros2_code/humble/learning/build/articubot_one': CMAKE_PREFIX_PATH=${CMAKE_PREFIX_PATH}:/root/ros2_code/humble/learning/install/ball_tracker:/opt/ros/humble /usr/bin/cmake --install /root/ros2_code/humble/learning/build/articubot_one
[0.627s] -- Install configuration: ""
[0.628s] -- Up-to-date: /root/ros2_code/humble/learning/install/articubot_one/share/articubot_one/config
[0.628s] -- Up-to-date: /root/ros2_code/humble/learning/install/articubot_one/share/articubot_one/config/drive_bot.rviz
[0.628s] -- Up-to-date: /root/ros2_code/humble/learning/install/articubot_one/share/articubot_one/config/twist_mux.yaml
[0.628s] -- Up-to-date: /root/ros2_code/humble/learning/install/articubot_one/share/articubot_one/config/mapper_params_online_async.yaml
[0.628s] -- Up-to-date: /root/ros2_code/humble/learning/install/articubot_one/share/articubot_one/config/joystick.yaml
[0.628s] -- Up-to-date: /root/ros2_code/humble/learning/install/articubot_one/share/articubot_one/config/map.rviz
[0.628s] -- Up-to-date: /root/ros2_code/humble/learning/install/articubot_one/share/articubot_one/config/gazebo_params.yaml
[0.628s] -- Up-to-date: /root/ros2_code/humble/learning/install/articubot_one/share/articubot_one/config/empty.yaml
[0.628s] -- Up-to-date: /root/ros2_code/humble/learning/install/articubot_one/share/articubot_one/config/nav2_params.yaml
[0.628s] -- Up-to-date: /root/ros2_code/humble/learning/install/articubot_one/share/articubot_one/config/ball_tracker_params_robot.yaml
[0.629s] -- Up-to-date: /root/ros2_code/humble/learning/install/articubot_one/share/articubot_one/config/view_bot.rviz
[0.629s] -- Up-to-date: /root/ros2_code/humble/learning/install/articubot_one/share/articubot_one/config/ball_tracker_params_example.yaml
[0.629s] -- Up-to-date: /root/ros2_code/humble/learning/install/articubot_one/share/articubot_one/config/gaz_ros2_ctl_use_sim.yaml
[0.629s] -- Up-to-date: /root/ros2_code/humble/learning/install/articubot_one/share/articubot_one/config/my_controllers.yaml
[0.629s] -- Up-to-date: /root/ros2_code/humble/learning/install/articubot_one/share/articubot_one/config/main.rviz
[0.629s] -- Up-to-date: /root/ros2_code/humble/learning/install/articubot_one/share/articubot_one/config/ball_tracker_params_sim.yaml
[0.629s] -- Up-to-date: /root/ros2_code/humble/learning/install/articubot_one/share/articubot_one/description
[0.629s] -- Up-to-date: /root/ros2_code/humble/learning/install/articubot_one/share/articubot_one/description/face.xacro
[0.629s] -- Up-to-date: /root/ros2_code/humble/learning/install/articubot_one/share/articubot_one/description/lidar.xacro
[0.629s] -- Up-to-date: /root/ros2_code/humble/learning/install/articubot_one/share/articubot_one/description/robot_core.xacro
[0.629s] -- Up-to-date: /root/ros2_code/humble/learning/install/articubot_one/share/articubot_one/description/inertial_macros.xacro
[0.629s] -- Up-to-date: /root/ros2_code/humble/learning/install/articubot_one/share/articubot_one/description/ros2_control.xacro
[0.629s] -- Up-to-date: /root/ros2_code/humble/learning/install/articubot_one/share/articubot_one/description/gazebo_control.xacro
[0.630s] -- Up-to-date: /root/ros2_code/humble/learning/install/articubot_one/share/articubot_one/description/camera.xacro
[0.630s] -- Up-to-date: /root/ros2_code/humble/learning/install/articubot_one/share/articubot_one/description/robot.urdf.xacro
[0.630s] -- Up-to-date: /root/ros2_code/humble/learning/install/articubot_one/share/articubot_one/description/depth_camera.xacro
[0.630s] -- Up-to-date: /root/ros2_code/humble/learning/install/articubot_one/share/articubot_one/launch
[0.630s] -- Up-to-date: /root/ros2_code/humble/learning/install/articubot_one/share/articubot_one/launch/rsp.launch.py
[0.630s] -- Up-to-date: /root/ros2_code/humble/learning/install/articubot_one/share/articubot_one/launch/joystick.launch.py
[0.630s] -- Up-to-date: /root/ros2_code/humble/learning/install/articubot_one/share/articubot_one/launch/navigation_launch.py
[0.630s] -- Up-to-date: /root/ros2_code/humble/learning/install/articubot_one/share/articubot_one/launch/ball_tracker.launch.py
[0.630s] -- Up-to-date: /root/ros2_code/humble/learning/install/articubot_one/share/articubot_one/launch/launch_robot.launch.py
[0.630s] -- Up-to-date: /root/ros2_code/humble/learning/install/articubot_one/share/articubot_one/launch/localization_launch.py
[0.630s] -- Up-to-date: /root/ros2_code/humble/learning/install/articubot_one/share/articubot_one/launch/camera.launch.py
[0.630s] -- Up-to-date: /root/ros2_code/humble/learning/install/articubot_one/share/articubot_one/launch/launch_sim.launch.py
[0.631s] -- Up-to-date: /root/ros2_code/humble/learning/install/articubot_one/share/articubot_one/launch/online_async_launch.py
[0.631s] -- Up-to-date: /root/ros2_code/humble/learning/install/articubot_one/share/articubot_one/launch/rplidar.launch.py
[0.631s] -- Up-to-date: /root/ros2_code/humble/learning/install/articubot_one/share/articubot_one/worlds
[0.631s] -- Up-to-date: /root/ros2_code/humble/learning/install/articubot_one/share/articubot_one/worlds/empty.world
[0.631s] -- Up-to-date: /root/ros2_code/humble/learning/install/articubot_one/share/articubot_one/worlds/obstacles.world
[0.631s] -- Up-to-date: /root/ros2_code/humble/learning/install/articubot_one/share/ament_index/resource_index/package_run_dependencies/articubot_one
[0.631s] -- Up-to-date: /root/ros2_code/humble/learning/install/articubot_one/share/ament_index/resource_index/parent_prefix_path/articubot_one
[0.631s] -- Up-to-date: /root/ros2_code/humble/learning/install/articubot_one/share/articubot_one/environment/ament_prefix_path.sh
[0.631s] -- Up-to-date: /root/ros2_code/humble/learning/install/articubot_one/share/articubot_one/environment/ament_prefix_path.dsv
[0.631s] -- Up-to-date: /root/ros2_code/humble/learning/install/articubot_one/share/articubot_one/environment/path.sh
[0.631s] -- Up-to-date: /root/ros2_code/humble/learning/install/articubot_one/share/articubot_one/environment/path.dsv
[0.631s] -- Up-to-date: /root/ros2_code/humble/learning/install/articubot_one/share/articubot_one/local_setup.bash
[0.631s] -- Up-to-date: /root/ros2_code/humble/learning/install/articubot_one/share/articubot_one/local_setup.sh
[0.631s] -- Up-to-date: /root/ros2_code/humble/learning/install/articubot_one/share/articubot_one/local_setup.zsh
[0.631s] -- Up-to-date: /root/ros2_code/humble/learning/install/articubot_one/share/articubot_one/local_setup.dsv
[0.632s] -- Installing: /root/ros2_code/humble/learning/install/articubot_one/share/articubot_one/package.dsv
[0.632s] -- Up-to-date: /root/ros2_code/humble/learning/install/articubot_one/share/ament_index/resource_index/packages/articubot_one
[0.632s] -- Up-to-date: /root/ros2_code/humble/learning/install/articubot_one/share/articubot_one/cmake/articubot_oneConfig.cmake
[0.632s] -- Up-to-date: /root/ros2_code/humble/learning/install/articubot_one/share/articubot_one/cmake/articubot_oneConfig-version.cmake
[0.632s] -- Up-to-date: /root/ros2_code/humble/learning/install/articubot_one/share/articubot_one/package.xml
[0.633s] Invoked command in '/root/ros2_code/humble/learning/build/articubot_one' returned '0': CMAKE_PREFIX_PATH=${CMAKE_PREFIX_PATH}:/root/ros2_code/humble/learning/install/ball_tracker:/opt/ros/humble /usr/bin/cmake --install /root/ros2_code/humble/learning/build/articubot_one
