running egg_info
creating ../../build/path_planner_server/path_planner_server.egg-info
writing ../../build/path_planner_server/path_planner_server.egg-info/PKG-INFO
writing dependency_links to ../../build/path_planner_server/path_planner_server.egg-info/dependency_links.txt
writing entry points to ../../build/path_planner_server/path_planner_server.egg-info/entry_points.txt
writing requirements to ../../build/path_planner_server/path_planner_server.egg-info/requires.txt
writing top-level names to ../../build/path_planner_server/path_planner_server.egg-info/top_level.txt
writing manifest file '../../build/path_planner_server/path_planner_server.egg-info/SOURCES.txt'
reading manifest file '../../build/path_planner_server/path_planner_server.egg-info/SOURCES.txt'
writing manifest file '../../build/path_planner_server/path_planner_server.egg-info/SOURCES.txt'
running build
running build_py
creating /root/ros2_code/humble/tc_ros2_nav/build/path_planner_server/build
creating /root/ros2_code/humble/tc_ros2_nav/build/path_planner_server/build/lib
creating /root/ros2_code/humble/tc_ros2_nav/build/path_planner_server/build/lib/path_planner_server
copying path_planner_server/nav_to_pose_action_client.py -> /root/ros2_code/humble/tc_ros2_nav/build/path_planner_server/build/lib/path_planner_server
copying path_planner_server/__init__.py -> /root/ros2_code/humble/tc_ros2_nav/build/path_planner_server/build/lib/path_planner_server
running install
running install_lib
creating /root/ros2_code/humble/tc_ros2_nav/install/path_planner_server/lib/python3.10/site-packages/path_planner_server
copying /root/ros2_code/humble/tc_ros2_nav/build/path_planner_server/build/lib/path_planner_server/nav_to_pose_action_client.py -> /root/ros2_code/humble/tc_ros2_nav/install/path_planner_server/lib/python3.10/site-packages/path_planner_server
copying /root/ros2_code/humble/tc_ros2_nav/build/path_planner_server/build/lib/path_planner_server/__init__.py -> /root/ros2_code/humble/tc_ros2_nav/install/path_planner_server/lib/python3.10/site-packages/path_planner_server
byte-compiling /root/ros2_code/humble/tc_ros2_nav/install/path_planner_server/lib/python3.10/site-packages/path_planner_server/nav_to_pose_action_client.py to nav_to_pose_action_client.cpython-310.pyc
byte-compiling /root/ros2_code/humble/tc_ros2_nav/install/path_planner_server/lib/python3.10/site-packages/path_planner_server/__init__.py to __init__.cpython-310.pyc
running install_data
creating /root/ros2_code/humble/tc_ros2_nav/install/path_planner_server/share/ament_index
creating /root/ros2_code/humble/tc_ros2_nav/install/path_planner_server/share/ament_index/resource_index
creating /root/ros2_code/humble/tc_ros2_nav/install/path_planner_server/share/ament_index/resource_index/packages
copying resource/path_planner_server -> /root/ros2_code/humble/tc_ros2_nav/install/path_planner_server/share/ament_index/resource_index/packages
copying package.xml -> /root/ros2_code/humble/tc_ros2_nav/install/path_planner_server/share/path_planner_server
creating /root/ros2_code/humble/tc_ros2_nav/install/path_planner_server/share/path_planner_server/launch
copying launch/pathplanner.launch.py -> /root/ros2_code/humble/tc_ros2_nav/install/path_planner_server/share/path_planner_server/launch
creating /root/ros2_code/humble/tc_ros2_nav/install/path_planner_server/share/path_planner_server/config
copying config/behavior.xml -> /root/ros2_code/humble/tc_ros2_nav/install/path_planner_server/share/path_planner_server/config
copying config/recovery.yaml -> /root/ros2_code/humble/tc_ros2_nav/install/path_planner_server/share/path_planner_server/config
copying config/bt_navigator.yaml -> /root/ros2_code/humble/tc_ros2_nav/install/path_planner_server/share/path_planner_server/config
copying config/controller.yaml -> /root/ros2_code/humble/tc_ros2_nav/install/path_planner_server/share/path_planner_server/config
copying config/planner_server.yaml -> /root/ros2_code/humble/tc_ros2_nav/install/path_planner_server/share/path_planner_server/config
running install_egg_info
Copying ../../build/path_planner_server/path_planner_server.egg-info to /root/ros2_code/humble/tc_ros2_nav/install/path_planner_server/lib/python3.10/site-packages/path_planner_server-0.0.0-py3.10.egg-info
running install_scripts
Installing nav_to_pose_action_client script to /root/ros2_code/humble/tc_ros2_nav/install/path_planner_server/lib/path_planner_server
writing list of installed files to '/root/ros2_code/humble/tc_ros2_nav/build/path_planner_server/install.log'
