[3.612s] Invoking command in '/root/ros2_code/humble/tc_ros2_nav/src/localization_server': PYTHONPATH=/root/ros2_code/humble/tc_ros2_nav/build/localization_server/prefix_override:/root/ros2_code/humble/tc_ros2_nav/install/localization_server/lib/python3.10/site-packages:${PYTHONPATH} /usr/bin/python3 setup.py egg_info --egg-base ../../build/localization_server build --build-base /root/ros2_code/humble/tc_ros2_nav/build/localization_server/build install --record /root/ros2_code/humble/tc_ros2_nav/build/localization_server/install.log --single-version-externally-managed
[3.923s] running egg_info
[3.923s] writing ../../build/localization_server/localization_server.egg-info/PKG-INFO
[3.924s] writing dependency_links to ../../build/localization_server/localization_server.egg-info/dependency_links.txt
[3.924s] writing entry points to ../../build/localization_server/localization_server.egg-info/entry_points.txt
[3.924s] writing requirements to ../../build/localization_server/localization_server.egg-info/requires.txt
[3.924s] writing top-level names to ../../build/localization_server/localization_server.egg-info/top_level.txt
[3.927s] reading manifest file '../../build/localization_server/localization_server.egg-info/SOURCES.txt'
[3.928s] writing manifest file '../../build/localization_server/localization_server.egg-info/SOURCES.txt'
[3.928s] running build
[3.928s] running build_py
[3.928s] running install
[3.929s] running install_lib
[3.930s] running install_data
[3.931s] running install_egg_info
[3.933s] removing '/root/ros2_code/humble/tc_ros2_nav/install/localization_server/lib/python3.10/site-packages/localization_server-0.0.0-py3.10.egg-info' (and everything under it)
[3.933s] Copying ../../build/localization_server/localization_server.egg-info to /root/ros2_code/humble/tc_ros2_nav/install/localization_server/lib/python3.10/site-packages/localization_server-0.0.0-py3.10.egg-info
[3.935s] running install_scripts
[3.962s] Installing initial_pose_pub script to /root/ros2_code/humble/tc_ros2_nav/install/localization_server/lib/localization_server
[3.962s] writing list of installed files to '/root/ros2_code/humble/tc_ros2_nav/build/localization_server/install.log'
[4.002s] Invoked command in '/root/ros2_code/humble/tc_ros2_nav/src/localization_server' returned '0': PYTHONPATH=/root/ros2_code/humble/tc_ros2_nav/build/localization_server/prefix_override:/root/ros2_code/humble/tc_ros2_nav/install/localization_server/lib/python3.10/site-packages:${PYTHONPATH} /usr/bin/python3 setup.py egg_info --egg-base ../../build/localization_server build --build-base /root/ros2_code/humble/tc_ros2_nav/build/localization_server/build install --record /root/ros2_code/humble/tc_ros2_nav/build/localization_server/install.log --single-version-externally-managed
