[3.242s] Invoking command in '/root/ros2_code/humble/dai_ws/build/depthai_ros_msgs': CMAKE_PREFIX_PATH=${CMAKE_PREFIX_PATH}:/root/ros2_code/humble/learning/install/ball_tracker:/opt/ros/humble /usr/bin/cmake --build /root/ros2_code/humble/dai_ws/build/depthai_ros_msgs -- -j12 -l12
[3.583s] [  0%] Built target depthai_ros_msgs__cpp
[3.642s] [ 12%] Built target depthai_ros_msgs__rosidl_generator_c
[3.645s] [ 12%] Built target ament_cmake_python_symlink_depthai_ros_msgs
[3.825s] [ 24%] Built target depthai_ros_msgs__rosidl_typesupport_introspection_cpp
[3.868s] [ 35%] Built target depthai_ros_msgs__rosidl_typesupport_fastrtps_cpp
[3.873s] [ 46%] Built target depthai_ros_msgs__rosidl_typesupport_c
[3.889s] [ 58%] Built target depthai_ros_msgs__rosidl_typesupport_cpp
[3.894s] [ 75%] Built target depthai_ros_msgs__rosidl_typesupport_introspection_c
[3.895s] [ 82%] Built target depthai_ros_msgs__rosidl_typesupport_fastrtps_c
[4.025s] [ 82%] Built target depthai_ros_msgs
[4.141s] [ 83%] Built target depthai_ros_msgs__py
[4.292s] [ 94%] Built target depthai_ros_msgs__rosidl_generator_py
[4.436s] [ 96%] Built target depthai_ros_msgs__rosidl_typesupport_fastrtps_c__pyext
[4.448s] [ 98%] Built target depthai_ros_msgs__rosidl_typesupport_c__pyext
[4.451s] [100%] Built target depthai_ros_msgs__rosidl_typesupport_introspection_c__pyext
[5.517s] running egg_info
[5.521s] writing depthai_ros_msgs.egg-info/PKG-INFO
[5.522s] writing dependency_links to depthai_ros_msgs.egg-info/dependency_links.txt
[5.524s] writing top-level names to depthai_ros_msgs.egg-info/top_level.txt
[5.534s] reading manifest file 'depthai_ros_msgs.egg-info/SOURCES.txt'
[5.539s] writing manifest file 'depthai_ros_msgs.egg-info/SOURCES.txt'
[5.668s] [100%] Built target ament_cmake_python_build_depthai_ros_msgs_egg
[5.802s] Invoked command in '/root/ros2_code/humble/dai_ws/build/depthai_ros_msgs' returned '0': CMAKE_PREFIX_PATH=${CMAKE_PREFIX_PATH}:/root/ros2_code/humble/learning/install/ball_tracker:/opt/ros/humble /usr/bin/cmake --build /root/ros2_code/humble/dai_ws/build/depthai_ros_msgs -- -j12 -l12
[7.512s] Invoking command in '/root/ros2_code/humble/dai_ws/build/depthai_ros_msgs': CMAKE_PREFIX_PATH=${CMAKE_PREFIX_PATH}:/root/ros2_code/humble/learning/install/ball_tracker:/opt/ros/humble /usr/bin/cmake --install /root/ros2_code/humble/dai_ws/build/depthai_ros_msgs
[7.549s] -- Install configuration: ""
[7.551s] -- Execute custom install script
[7.553s] -- Up-to-date symlink: /root/ros2_code/humble/dai_ws/install/depthai_ros_msgs/share/ament_index/resource_index/rosidl_interfaces/depthai_ros_msgs
[7.558s] -- Up-to-date symlink: /root/ros2_code/humble/dai_ws/install/depthai_ros_msgs/include/depthai_ros_msgs/depthai_ros_msgs/msg/auto_focus_ctrl.h
[7.558s] -- Up-to-date symlink: /root/ros2_code/humble/dai_ws/install/depthai_ros_msgs/include/depthai_ros_msgs/depthai_ros_msgs/msg/detail/auto_focus_ctrl__functions.h
[7.559s] -- Up-to-date symlink: /root/ros2_code/humble/dai_ws/install/depthai_ros_msgs/include/depthai_ros_msgs/depthai_ros_msgs/msg/detail/auto_focus_ctrl__struct.h
[7.560s] -- Up-to-date symlink: /root/ros2_code/humble/dai_ws/install/depthai_ros_msgs/include/depthai_ros_msgs/depthai_ros_msgs/msg/detail/auto_focus_ctrl__type_support.h
[7.561s] -- Up-to-date symlink: /root/ros2_code/humble/dai_ws/install/depthai_ros_msgs/include/depthai_ros_msgs/depthai_ros_msgs/msg/detail/hand_landmark__functions.h
[7.562s] -- Up-to-date symlink: /root/ros2_code/humble/dai_ws/install/depthai_ros_msgs/include/depthai_ros_msgs/depthai_ros_msgs/msg/detail/hand_landmark__struct.h
[7.563s] -- Up-to-date symlink: /root/ros2_code/humble/dai_ws/install/depthai_ros_msgs/include/depthai_ros_msgs/depthai_ros_msgs/msg/detail/hand_landmark__type_support.h
[7.564s] -- Up-to-date symlink: /root/ros2_code/humble/dai_ws/install/depthai_ros_msgs/include/depthai_ros_msgs/depthai_ros_msgs/msg/detail/hand_landmark_array__functions.h
[7.565s] -- Up-to-date symlink: /root/ros2_code/humble/dai_ws/install/depthai_ros_msgs/include/depthai_ros_msgs/depthai_ros_msgs/msg/detail/hand_landmark_array__struct.h
[7.565s] -- Up-to-date symlink: /root/ros2_code/humble/dai_ws/install/depthai_ros_msgs/include/depthai_ros_msgs/depthai_ros_msgs/msg/detail/hand_landmark_array__type_support.h
[7.567s] -- Up-to-date symlink: /root/ros2_code/humble/dai_ws/install/depthai_ros_msgs/include/depthai_ros_msgs/depthai_ros_msgs/msg/detail/imu_with_magnetic_field__functions.h
[7.568s] -- Up-to-date symlink: /root/ros2_code/humble/dai_ws/install/depthai_ros_msgs/include/depthai_ros_msgs/depthai_ros_msgs/msg/detail/imu_with_magnetic_field__struct.h
[7.568s] -- Up-to-date symlink: /root/ros2_code/humble/dai_ws/install/depthai_ros_msgs/include/depthai_ros_msgs/depthai_ros_msgs/msg/detail/imu_with_magnetic_field__type_support.h
[7.569s] -- Up-to-date symlink: /root/ros2_code/humble/dai_ws/install/depthai_ros_msgs/include/depthai_ros_msgs/depthai_ros_msgs/msg/detail/spatial_detection__functions.h
[7.570s] -- Up-to-date symlink: /root/ros2_code/humble/dai_ws/install/depthai_ros_msgs/include/depthai_ros_msgs/depthai_ros_msgs/msg/detail/spatial_detection__struct.h
[7.570s] -- Up-to-date symlink: /root/ros2_code/humble/dai_ws/install/depthai_ros_msgs/include/depthai_ros_msgs/depthai_ros_msgs/msg/detail/spatial_detection__type_support.h
[7.571s] -- Up-to-date symlink: /root/ros2_code/humble/dai_ws/install/depthai_ros_msgs/include/depthai_ros_msgs/depthai_ros_msgs/msg/detail/spatial_detection_array__functions.h
[7.572s] -- Up-to-date symlink: /root/ros2_code/humble/dai_ws/install/depthai_ros_msgs/include/depthai_ros_msgs/depthai_ros_msgs/msg/detail/spatial_detection_array__struct.h
[7.573s] -- Up-to-date symlink: /root/ros2_code/humble/dai_ws/install/depthai_ros_msgs/include/depthai_ros_msgs/depthai_ros_msgs/msg/detail/spatial_detection_array__type_support.h
[7.573s] -- Up-to-date symlink: /root/ros2_code/humble/dai_ws/install/depthai_ros_msgs/include/depthai_ros_msgs/depthai_ros_msgs/msg/detail/tracked_feature__functions.h
[7.574s] -- Up-to-date symlink: /root/ros2_code/humble/dai_ws/install/depthai_ros_msgs/include/depthai_ros_msgs/depthai_ros_msgs/msg/detail/tracked_feature__struct.h
[7.575s] -- Up-to-date symlink: /root/ros2_code/humble/dai_ws/install/depthai_ros_msgs/include/depthai_ros_msgs/depthai_ros_msgs/msg/detail/tracked_feature__type_support.h
[7.576s] -- Up-to-date symlink: /root/ros2_code/humble/dai_ws/install/depthai_ros_msgs/include/depthai_ros_msgs/depthai_ros_msgs/msg/detail/tracked_features__functions.h
[7.576s] -- Up-to-date symlink: /root/ros2_code/humble/dai_ws/install/depthai_ros_msgs/include/depthai_ros_msgs/depthai_ros_msgs/msg/detail/tracked_features__struct.h
[7.577s] -- Up-to-date symlink: /root/ros2_code/humble/dai_ws/install/depthai_ros_msgs/include/depthai_ros_msgs/depthai_ros_msgs/msg/detail/tracked_features__type_support.h
[7.578s] -- Up-to-date symlink: /root/ros2_code/humble/dai_ws/install/depthai_ros_msgs/include/depthai_ros_msgs/depthai_ros_msgs/msg/hand_landmark.h
[7.579s] -- Up-to-date symlink: /root/ros2_code/humble/dai_ws/install/depthai_ros_msgs/include/depthai_ros_msgs/depthai_ros_msgs/msg/hand_landmark_array.h
[7.579s] -- Up-to-date symlink: /root/ros2_code/humble/dai_ws/install/depthai_ros_msgs/include/depthai_ros_msgs/depthai_ros_msgs/msg/imu_with_magnetic_field.h
[7.580s] -- Up-to-date symlink: /root/ros2_code/humble/dai_ws/install/depthai_ros_msgs/include/depthai_ros_msgs/depthai_ros_msgs/msg/rosidl_generator_c__visibility_control.h
[7.580s] -- Up-to-date symlink: /root/ros2_code/humble/dai_ws/install/depthai_ros_msgs/include/depthai_ros_msgs/depthai_ros_msgs/msg/spatial_detection.h
[7.581s] -- Up-to-date symlink: /root/ros2_code/humble/dai_ws/install/depthai_ros_msgs/include/depthai_ros_msgs/depthai_ros_msgs/msg/spatial_detection_array.h
[7.582s] -- Up-to-date symlink: /root/ros2_code/humble/dai_ws/install/depthai_ros_msgs/include/depthai_ros_msgs/depthai_ros_msgs/msg/tracked_feature.h
[7.583s] -- Up-to-date symlink: /root/ros2_code/humble/dai_ws/install/depthai_ros_msgs/include/depthai_ros_msgs/depthai_ros_msgs/msg/tracked_features.h
[7.584s] -- Up-to-date symlink: /root/ros2_code/humble/dai_ws/install/depthai_ros_msgs/include/depthai_ros_msgs/depthai_ros_msgs/srv/detail/normalized_image_crop__functions.h
[7.586s] -- Up-to-date symlink: /root/ros2_code/humble/dai_ws/install/depthai_ros_msgs/include/depthai_ros_msgs/depthai_ros_msgs/srv/detail/normalized_image_crop__struct.h
[7.587s] -- Up-to-date symlink: /root/ros2_code/humble/dai_ws/install/depthai_ros_msgs/include/depthai_ros_msgs/depthai_ros_msgs/srv/detail/normalized_image_crop__type_support.h
[7.588s] -- Up-to-date symlink: /root/ros2_code/humble/dai_ws/install/depthai_ros_msgs/include/depthai_ros_msgs/depthai_ros_msgs/srv/detail/trigger_named__functions.h
[7.588s] -- Up-to-date symlink: /root/ros2_code/humble/dai_ws/install/depthai_ros_msgs/include/depthai_ros_msgs/depthai_ros_msgs/srv/detail/trigger_named__struct.h
[7.589s] -- Up-to-date symlink: /root/ros2_code/humble/dai_ws/install/depthai_ros_msgs/include/depthai_ros_msgs/depthai_ros_msgs/srv/detail/trigger_named__type_support.h
[7.589s] -- Up-to-date symlink: /root/ros2_code/humble/dai_ws/install/depthai_ros_msgs/include/depthai_ros_msgs/depthai_ros_msgs/srv/normalized_image_crop.h
[7.590s] -- Up-to-date symlink: /root/ros2_code/humble/dai_ws/install/depthai_ros_msgs/include/depthai_ros_msgs/depthai_ros_msgs/srv/trigger_named.h
[7.590s] -- Up-to-date symlink: /root/ros2_code/humble/dai_ws/install/depthai_ros_msgs/share/depthai_ros_msgs/environment/library_path.sh
[7.591s] -- Up-to-date symlink: /root/ros2_code/humble/dai_ws/install/depthai_ros_msgs/share/depthai_ros_msgs/environment/library_path.dsv
[7.594s] -- Up-to-date symlink: /root/ros2_code/humble/dai_ws/install/depthai_ros_msgs/include/depthai_ros_msgs/depthai_ros_msgs/msg/detail/auto_focus_ctrl__rosidl_typesupport_fastrtps_c.h
[7.595s] -- Up-to-date symlink: /root/ros2_code/humble/dai_ws/install/depthai_ros_msgs/include/depthai_ros_msgs/depthai_ros_msgs/msg/detail/hand_landmark__rosidl_typesupport_fastrtps_c.h
[7.596s] -- Up-to-date symlink: /root/ros2_code/humble/dai_ws/install/depthai_ros_msgs/include/depthai_ros_msgs/depthai_ros_msgs/msg/detail/hand_landmark_array__rosidl_typesupport_fastrtps_c.h
[7.596s] -- Up-to-date symlink: /root/ros2_code/humble/dai_ws/install/depthai_ros_msgs/include/depthai_ros_msgs/depthai_ros_msgs/msg/detail/imu_with_magnetic_field__rosidl_typesupport_fastrtps_c.h
[7.597s] -- Up-to-date symlink: /root/ros2_code/humble/dai_ws/install/depthai_ros_msgs/include/depthai_ros_msgs/depthai_ros_msgs/msg/detail/spatial_detection__rosidl_typesupport_fastrtps_c.h
[7.598s] -- Up-to-date symlink: /root/ros2_code/humble/dai_ws/install/depthai_ros_msgs/include/depthai_ros_msgs/depthai_ros_msgs/msg/detail/spatial_detection_array__rosidl_typesupport_fastrtps_c.h
[7.599s] -- Up-to-date symlink: /root/ros2_code/humble/dai_ws/install/depthai_ros_msgs/include/depthai_ros_msgs/depthai_ros_msgs/msg/detail/tracked_feature__rosidl_typesupport_fastrtps_c.h
[7.600s] -- Up-to-date symlink: /root/ros2_code/humble/dai_ws/install/depthai_ros_msgs/include/depthai_ros_msgs/depthai_ros_msgs/msg/detail/tracked_features__rosidl_typesupport_fastrtps_c.h
[7.601s] -- Up-to-date symlink: /root/ros2_code/humble/dai_ws/install/depthai_ros_msgs/include/depthai_ros_msgs/depthai_ros_msgs/msg/rosidl_typesupport_fastrtps_c__visibility_control.h
[7.601s] -- Up-to-date symlink: /root/ros2_code/humble/dai_ws/install/depthai_ros_msgs/include/depthai_ros_msgs/depthai_ros_msgs/srv/detail/normalized_image_crop__rosidl_typesupport_fastrtps_c.h
[7.602s] -- Up-to-date symlink: /root/ros2_code/humble/dai_ws/install/depthai_ros_msgs/include/depthai_ros_msgs/depthai_ros_msgs/srv/detail/trigger_named__rosidl_typesupport_fastrtps_c.h
[7.607s] -- Up-to-date symlink: /root/ros2_code/humble/dai_ws/install/depthai_ros_msgs/include/depthai_ros_msgs/depthai_ros_msgs/msg/auto_focus_ctrl.hpp
[7.608s] -- Up-to-date symlink: /root/ros2_code/humble/dai_ws/install/depthai_ros_msgs/include/depthai_ros_msgs/depthai_ros_msgs/msg/detail/auto_focus_ctrl__builder.hpp
[7.609s] -- Up-to-date symlink: /root/ros2_code/humble/dai_ws/install/depthai_ros_msgs/include/depthai_ros_msgs/depthai_ros_msgs/msg/detail/auto_focus_ctrl__struct.hpp
[7.609s] -- Up-to-date symlink: /root/ros2_code/humble/dai_ws/install/depthai_ros_msgs/include/depthai_ros_msgs/depthai_ros_msgs/msg/detail/auto_focus_ctrl__traits.hpp
[7.610s] -- Up-to-date symlink: /root/ros2_code/humble/dai_ws/install/depthai_ros_msgs/include/depthai_ros_msgs/depthai_ros_msgs/msg/detail/hand_landmark__builder.hpp
[7.611s] -- Up-to-date symlink: /root/ros2_code/humble/dai_ws/install/depthai_ros_msgs/include/depthai_ros_msgs/depthai_ros_msgs/msg/detail/hand_landmark__struct.hpp
[7.611s] -- Up-to-date symlink: /root/ros2_code/humble/dai_ws/install/depthai_ros_msgs/include/depthai_ros_msgs/depthai_ros_msgs/msg/detail/hand_landmark__traits.hpp
[7.612s] -- Up-to-date symlink: /root/ros2_code/humble/dai_ws/install/depthai_ros_msgs/include/depthai_ros_msgs/depthai_ros_msgs/msg/detail/hand_landmark_array__builder.hpp
[7.613s] -- Up-to-date symlink: /root/ros2_code/humble/dai_ws/install/depthai_ros_msgs/include/depthai_ros_msgs/depthai_ros_msgs/msg/detail/hand_landmark_array__struct.hpp
[7.614s] -- Up-to-date symlink: /root/ros2_code/humble/dai_ws/install/depthai_ros_msgs/include/depthai_ros_msgs/depthai_ros_msgs/msg/detail/hand_landmark_array__traits.hpp
[7.615s] -- Up-to-date symlink: /root/ros2_code/humble/dai_ws/install/depthai_ros_msgs/include/depthai_ros_msgs/depthai_ros_msgs/msg/detail/imu_with_magnetic_field__builder.hpp
[7.616s] -- Up-to-date symlink: /root/ros2_code/humble/dai_ws/install/depthai_ros_msgs/include/depthai_ros_msgs/depthai_ros_msgs/msg/detail/imu_with_magnetic_field__struct.hpp
[7.617s] -- Up-to-date symlink: /root/ros2_code/humble/dai_ws/install/depthai_ros_msgs/include/depthai_ros_msgs/depthai_ros_msgs/msg/detail/imu_with_magnetic_field__traits.hpp
[7.618s] -- Up-to-date symlink: /root/ros2_code/humble/dai_ws/install/depthai_ros_msgs/include/depthai_ros_msgs/depthai_ros_msgs/msg/detail/spatial_detection__builder.hpp
[7.619s] -- Up-to-date symlink: /root/ros2_code/humble/dai_ws/install/depthai_ros_msgs/include/depthai_ros_msgs/depthai_ros_msgs/msg/detail/spatial_detection__struct.hpp
[7.620s] -- Up-to-date symlink: /root/ros2_code/humble/dai_ws/install/depthai_ros_msgs/include/depthai_ros_msgs/depthai_ros_msgs/msg/detail/spatial_detection__traits.hpp
[7.621s] -- Up-to-date symlink: /root/ros2_code/humble/dai_ws/install/depthai_ros_msgs/include/depthai_ros_msgs/depthai_ros_msgs/msg/detail/spatial_detection_array__builder.hpp
[7.622s] -- Up-to-date symlink: /root/ros2_code/humble/dai_ws/install/depthai_ros_msgs/include/depthai_ros_msgs/depthai_ros_msgs/msg/detail/spatial_detection_array__struct.hpp
[7.622s] -- Up-to-date symlink: /root/ros2_code/humble/dai_ws/install/depthai_ros_msgs/include/depthai_ros_msgs/depthai_ros_msgs/msg/detail/spatial_detection_array__traits.hpp
[7.623s] -- Up-to-date symlink: /root/ros2_code/humble/dai_ws/install/depthai_ros_msgs/include/depthai_ros_msgs/depthai_ros_msgs/msg/detail/tracked_feature__builder.hpp
[7.624s] -- Up-to-date symlink: /root/ros2_code/humble/dai_ws/install/depthai_ros_msgs/include/depthai_ros_msgs/depthai_ros_msgs/msg/detail/tracked_feature__struct.hpp
[7.625s] -- Up-to-date symlink: /root/ros2_code/humble/dai_ws/install/depthai_ros_msgs/include/depthai_ros_msgs/depthai_ros_msgs/msg/detail/tracked_feature__traits.hpp
[7.627s] -- Up-to-date symlink: /root/ros2_code/humble/dai_ws/install/depthai_ros_msgs/include/depthai_ros_msgs/depthai_ros_msgs/msg/detail/tracked_features__builder.hpp
[7.627s] -- Up-to-date symlink: /root/ros2_code/humble/dai_ws/install/depthai_ros_msgs/include/depthai_ros_msgs/depthai_ros_msgs/msg/detail/tracked_features__struct.hpp
[7.629s] -- Up-to-date symlink: /root/ros2_code/humble/dai_ws/install/depthai_ros_msgs/include/depthai_ros_msgs/depthai_ros_msgs/msg/detail/tracked_features__traits.hpp
[7.629s] -- Up-to-date symlink: /root/ros2_code/humble/dai_ws/install/depthai_ros_msgs/include/depthai_ros_msgs/depthai_ros_msgs/msg/hand_landmark.hpp
[7.630s] -- Up-to-date symlink: /root/ros2_code/humble/dai_ws/install/depthai_ros_msgs/include/depthai_ros_msgs/depthai_ros_msgs/msg/hand_landmark_array.hpp
[7.631s] -- Up-to-date symlink: /root/ros2_code/humble/dai_ws/install/depthai_ros_msgs/include/depthai_ros_msgs/depthai_ros_msgs/msg/imu_with_magnetic_field.hpp
[7.632s] -- Up-to-date symlink: /root/ros2_code/humble/dai_ws/install/depthai_ros_msgs/include/depthai_ros_msgs/depthai_ros_msgs/msg/spatial_detection.hpp
[7.633s] -- Up-to-date symlink: /root/ros2_code/humble/dai_ws/install/depthai_ros_msgs/include/depthai_ros_msgs/depthai_ros_msgs/msg/spatial_detection_array.hpp
[7.634s] -- Up-to-date symlink: /root/ros2_code/humble/dai_ws/install/depthai_ros_msgs/include/depthai_ros_msgs/depthai_ros_msgs/msg/tracked_feature.hpp
[7.635s] -- Up-to-date symlink: /root/ros2_code/humble/dai_ws/install/depthai_ros_msgs/include/depthai_ros_msgs/depthai_ros_msgs/msg/tracked_features.hpp
[7.637s] -- Up-to-date symlink: /root/ros2_code/humble/dai_ws/install/depthai_ros_msgs/include/depthai_ros_msgs/depthai_ros_msgs/srv/detail/normalized_image_crop__builder.hpp
[7.638s] -- Up-to-date symlink: /root/ros2_code/humble/dai_ws/install/depthai_ros_msgs/include/depthai_ros_msgs/depthai_ros_msgs/srv/detail/normalized_image_crop__struct.hpp
[7.639s] -- Up-to-date symlink: /root/ros2_code/humble/dai_ws/install/depthai_ros_msgs/include/depthai_ros_msgs/depthai_ros_msgs/srv/detail/normalized_image_crop__traits.hpp
[7.639s] -- Up-to-date symlink: /root/ros2_code/humble/dai_ws/install/depthai_ros_msgs/include/depthai_ros_msgs/depthai_ros_msgs/srv/detail/trigger_named__builder.hpp
[7.640s] -- Up-to-date symlink: /root/ros2_code/humble/dai_ws/install/depthai_ros_msgs/include/depthai_ros_msgs/depthai_ros_msgs/srv/detail/trigger_named__struct.hpp
[7.641s] -- Up-to-date symlink: /root/ros2_code/humble/dai_ws/install/depthai_ros_msgs/include/depthai_ros_msgs/depthai_ros_msgs/srv/detail/trigger_named__traits.hpp
[7.641s] -- Up-to-date symlink: /root/ros2_code/humble/dai_ws/install/depthai_ros_msgs/include/depthai_ros_msgs/depthai_ros_msgs/srv/normalized_image_crop.hpp
[7.642s] -- Up-to-date symlink: /root/ros2_code/humble/dai_ws/install/depthai_ros_msgs/include/depthai_ros_msgs/depthai_ros_msgs/srv/trigger_named.hpp
[7.648s] -- Up-to-date symlink: /root/ros2_code/humble/dai_ws/install/depthai_ros_msgs/include/depthai_ros_msgs/depthai_ros_msgs/msg/detail/auto_focus_ctrl__rosidl_typesupport_fastrtps_cpp.hpp
[7.648s] -- Up-to-date symlink: /root/ros2_code/humble/dai_ws/install/depthai_ros_msgs/include/depthai_ros_msgs/depthai_ros_msgs/msg/detail/hand_landmark__rosidl_typesupport_fastrtps_cpp.hpp
[7.649s] -- Up-to-date symlink: /root/ros2_code/humble/dai_ws/install/depthai_ros_msgs/include/depthai_ros_msgs/depthai_ros_msgs/msg/detail/hand_landmark_array__rosidl_typesupport_fastrtps_cpp.hpp
[7.650s] -- Up-to-date symlink: /root/ros2_code/humble/dai_ws/install/depthai_ros_msgs/include/depthai_ros_msgs/depthai_ros_msgs/msg/detail/imu_with_magnetic_field__rosidl_typesupport_fastrtps_cpp.hpp
[7.651s] -- Up-to-date symlink: /root/ros2_code/humble/dai_ws/install/depthai_ros_msgs/include/depthai_ros_msgs/depthai_ros_msgs/msg/detail/spatial_detection__rosidl_typesupport_fastrtps_cpp.hpp
[7.652s] -- Up-to-date symlink: /root/ros2_code/humble/dai_ws/install/depthai_ros_msgs/include/depthai_ros_msgs/depthai_ros_msgs/msg/detail/spatial_detection_array__rosidl_typesupport_fastrtps_cpp.hpp
[7.653s] -- Up-to-date symlink: /root/ros2_code/humble/dai_ws/install/depthai_ros_msgs/include/depthai_ros_msgs/depthai_ros_msgs/msg/detail/tracked_feature__rosidl_typesupport_fastrtps_cpp.hpp
[7.654s] -- Up-to-date symlink: /root/ros2_code/humble/dai_ws/install/depthai_ros_msgs/include/depthai_ros_msgs/depthai_ros_msgs/msg/detail/tracked_features__rosidl_typesupport_fastrtps_cpp.hpp
[7.655s] -- Up-to-date symlink: /root/ros2_code/humble/dai_ws/install/depthai_ros_msgs/include/depthai_ros_msgs/depthai_ros_msgs/msg/rosidl_typesupport_fastrtps_cpp__visibility_control.h
[7.656s] -- Up-to-date symlink: /root/ros2_code/humble/dai_ws/install/depthai_ros_msgs/include/depthai_ros_msgs/depthai_ros_msgs/srv/detail/normalized_image_crop__rosidl_typesupport_fastrtps_cpp.hpp
[7.656s] -- Up-to-date symlink: /root/ros2_code/humble/dai_ws/install/depthai_ros_msgs/include/depthai_ros_msgs/depthai_ros_msgs/srv/detail/trigger_named__rosidl_typesupport_fastrtps_cpp.hpp
[7.660s] -- Up-to-date symlink: /root/ros2_code/humble/dai_ws/install/depthai_ros_msgs/include/depthai_ros_msgs/depthai_ros_msgs/msg/detail/auto_focus_ctrl__rosidl_typesupport_introspection_c.h
[7.661s] -- Up-to-date symlink: /root/ros2_code/humble/dai_ws/install/depthai_ros_msgs/include/depthai_ros_msgs/depthai_ros_msgs/msg/detail/hand_landmark__rosidl_typesupport_introspection_c.h
[7.662s] -- Up-to-date symlink: /root/ros2_code/humble/dai_ws/install/depthai_ros_msgs/include/depthai_ros_msgs/depthai_ros_msgs/msg/detail/hand_landmark_array__rosidl_typesupport_introspection_c.h
[7.662s] -- Up-to-date symlink: /root/ros2_code/humble/dai_ws/install/depthai_ros_msgs/include/depthai_ros_msgs/depthai_ros_msgs/msg/detail/imu_with_magnetic_field__rosidl_typesupport_introspection_c.h
[7.663s] -- Up-to-date symlink: /root/ros2_code/humble/dai_ws/install/depthai_ros_msgs/include/depthai_ros_msgs/depthai_ros_msgs/msg/detail/spatial_detection__rosidl_typesupport_introspection_c.h
[7.665s] -- Up-to-date symlink: /root/ros2_code/humble/dai_ws/install/depthai_ros_msgs/include/depthai_ros_msgs/depthai_ros_msgs/msg/detail/spatial_detection_array__rosidl_typesupport_introspection_c.h
[7.666s] -- Up-to-date symlink: /root/ros2_code/humble/dai_ws/install/depthai_ros_msgs/include/depthai_ros_msgs/depthai_ros_msgs/msg/detail/tracked_feature__rosidl_typesupport_introspection_c.h
[7.667s] -- Up-to-date symlink: /root/ros2_code/humble/dai_ws/install/depthai_ros_msgs/include/depthai_ros_msgs/depthai_ros_msgs/msg/detail/tracked_features__rosidl_typesupport_introspection_c.h
[7.668s] -- Up-to-date symlink: /root/ros2_code/humble/dai_ws/install/depthai_ros_msgs/include/depthai_ros_msgs/depthai_ros_msgs/msg/rosidl_typesupport_introspection_c__visibility_control.h
[7.669s] -- Up-to-date symlink: /root/ros2_code/humble/dai_ws/install/depthai_ros_msgs/include/depthai_ros_msgs/depthai_ros_msgs/srv/detail/normalized_image_crop__rosidl_typesupport_introspection_c.h
[7.669s] -- Up-to-date symlink: /root/ros2_code/humble/dai_ws/install/depthai_ros_msgs/include/depthai_ros_msgs/depthai_ros_msgs/srv/detail/trigger_named__rosidl_typesupport_introspection_c.h
[7.672s] -- Up-to-date symlink: /root/ros2_code/humble/dai_ws/install/depthai_ros_msgs/include/depthai_ros_msgs/depthai_ros_msgs/msg/detail/auto_focus_ctrl__rosidl_typesupport_introspection_cpp.hpp
[7.673s] -- Up-to-date symlink: /root/ros2_code/humble/dai_ws/install/depthai_ros_msgs/include/depthai_ros_msgs/depthai_ros_msgs/msg/detail/hand_landmark__rosidl_typesupport_introspection_cpp.hpp
[7.674s] -- Up-to-date symlink: /root/ros2_code/humble/dai_ws/install/depthai_ros_msgs/include/depthai_ros_msgs/depthai_ros_msgs/msg/detail/hand_landmark_array__rosidl_typesupport_introspection_cpp.hpp
[7.675s] -- Up-to-date symlink: /root/ros2_code/humble/dai_ws/install/depthai_ros_msgs/include/depthai_ros_msgs/depthai_ros_msgs/msg/detail/imu_with_magnetic_field__rosidl_typesupport_introspection_cpp.hpp
[7.676s] -- Up-to-date symlink: /root/ros2_code/humble/dai_ws/install/depthai_ros_msgs/include/depthai_ros_msgs/depthai_ros_msgs/msg/detail/spatial_detection__rosidl_typesupport_introspection_cpp.hpp
[7.677s] -- Up-to-date symlink: /root/ros2_code/humble/dai_ws/install/depthai_ros_msgs/include/depthai_ros_msgs/depthai_ros_msgs/msg/detail/spatial_detection_array__rosidl_typesupport_introspection_cpp.hpp
[7.678s] -- Up-to-date symlink: /root/ros2_code/humble/dai_ws/install/depthai_ros_msgs/include/depthai_ros_msgs/depthai_ros_msgs/msg/detail/tracked_feature__rosidl_typesupport_introspection_cpp.hpp
[7.679s] -- Up-to-date symlink: /root/ros2_code/humble/dai_ws/install/depthai_ros_msgs/include/depthai_ros_msgs/depthai_ros_msgs/msg/detail/tracked_features__rosidl_typesupport_introspection_cpp.hpp
[7.679s] -- Up-to-date symlink: /root/ros2_code/humble/dai_ws/install/depthai_ros_msgs/include/depthai_ros_msgs/depthai_ros_msgs/srv/detail/normalized_image_crop__rosidl_typesupport_introspection_cpp.hpp
[7.680s] -- Up-to-date symlink: /root/ros2_code/humble/dai_ws/install/depthai_ros_msgs/include/depthai_ros_msgs/depthai_ros_msgs/srv/detail/trigger_named__rosidl_typesupport_introspection_cpp.hpp
[7.681s] -- Up-to-date symlink: /root/ros2_code/humble/dai_ws/install/depthai_ros_msgs/share/depthai_ros_msgs/environment/pythonpath.sh
[7.683s] -- Up-to-date symlink: /root/ros2_code/humble/dai_ws/install/depthai_ros_msgs/share/depthai_ros_msgs/environment/pythonpath.dsv
[7.684s] -- Up-to-date symlink: /root/ros2_code/humble/dai_ws/install/depthai_ros_msgs/local/lib/python3.10/dist-packages/depthai_ros_msgs-2.9.0-py3.10.egg-info/PKG-INFO
[7.685s] -- Up-to-date symlink: /root/ros2_code/humble/dai_ws/install/depthai_ros_msgs/local/lib/python3.10/dist-packages/depthai_ros_msgs-2.9.0-py3.10.egg-info/SOURCES.txt
[7.686s] -- Up-to-date symlink: /root/ros2_code/humble/dai_ws/install/depthai_ros_msgs/local/lib/python3.10/dist-packages/depthai_ros_msgs-2.9.0-py3.10.egg-info/dependency_links.txt
[7.686s] -- Up-to-date symlink: /root/ros2_code/humble/dai_ws/install/depthai_ros_msgs/local/lib/python3.10/dist-packages/depthai_ros_msgs-2.9.0-py3.10.egg-info/top_level.txt
[7.690s] -- Up-to-date symlink: /root/ros2_code/humble/dai_ws/install/depthai_ros_msgs/local/lib/python3.10/dist-packages/depthai_ros_msgs/__init__.py
[7.691s] -- Up-to-date symlink: /root/ros2_code/humble/dai_ws/install/depthai_ros_msgs/local/lib/python3.10/dist-packages/depthai_ros_msgs/_depthai_ros_msgs_s.ep.rosidl_typesupport_c.c
[7.691s] -- Up-to-date symlink: /root/ros2_code/humble/dai_ws/install/depthai_ros_msgs/local/lib/python3.10/dist-packages/depthai_ros_msgs/_depthai_ros_msgs_s.ep.rosidl_typesupport_fastrtps_c.c
[7.693s] -- Up-to-date symlink: /root/ros2_code/humble/dai_ws/install/depthai_ros_msgs/local/lib/python3.10/dist-packages/depthai_ros_msgs/_depthai_ros_msgs_s.ep.rosidl_typesupport_introspection_c.c
[7.694s] -- Up-to-date symlink: /root/ros2_code/humble/dai_ws/install/depthai_ros_msgs/local/lib/python3.10/dist-packages/depthai_ros_msgs/depthai_ros_msgs_s__rosidl_typesupport_c.cpython-310-x86_64-linux-gnu.so
[7.695s] -- Up-to-date symlink: /root/ros2_code/humble/dai_ws/install/depthai_ros_msgs/local/lib/python3.10/dist-packages/depthai_ros_msgs/depthai_ros_msgs_s__rosidl_typesupport_fastrtps_c.cpython-310-x86_64-linux-gnu.so
[7.695s] -- Up-to-date symlink: /root/ros2_code/humble/dai_ws/install/depthai_ros_msgs/local/lib/python3.10/dist-packages/depthai_ros_msgs/depthai_ros_msgs_s__rosidl_typesupport_introspection_c.cpython-310-x86_64-linux-gnu.so
[7.696s] -- Up-to-date symlink: /root/ros2_code/humble/dai_ws/install/depthai_ros_msgs/local/lib/python3.10/dist-packages/depthai_ros_msgs/libdepthai_ros_msgs__rosidl_generator_py.so
[7.697s] -- Up-to-date symlink: /root/ros2_code/humble/dai_ws/install/depthai_ros_msgs/local/lib/python3.10/dist-packages/depthai_ros_msgs/msg/__init__.py
[7.698s] -- Up-to-date symlink: /root/ros2_code/humble/dai_ws/install/depthai_ros_msgs/local/lib/python3.10/dist-packages/depthai_ros_msgs/msg/_auto_focus_ctrl.py
[7.699s] -- Up-to-date symlink: /root/ros2_code/humble/dai_ws/install/depthai_ros_msgs/local/lib/python3.10/dist-packages/depthai_ros_msgs/msg/_auto_focus_ctrl_s.c
[7.700s] -- Up-to-date symlink: /root/ros2_code/humble/dai_ws/install/depthai_ros_msgs/local/lib/python3.10/dist-packages/depthai_ros_msgs/msg/_hand_landmark.py
[7.701s] -- Up-to-date symlink: /root/ros2_code/humble/dai_ws/install/depthai_ros_msgs/local/lib/python3.10/dist-packages/depthai_ros_msgs/msg/_hand_landmark_array.py
[7.701s] -- Up-to-date symlink: /root/ros2_code/humble/dai_ws/install/depthai_ros_msgs/local/lib/python3.10/dist-packages/depthai_ros_msgs/msg/_hand_landmark_array_s.c
[7.702s] -- Up-to-date symlink: /root/ros2_code/humble/dai_ws/install/depthai_ros_msgs/local/lib/python3.10/dist-packages/depthai_ros_msgs/msg/_hand_landmark_s.c
[7.703s] -- Up-to-date symlink: /root/ros2_code/humble/dai_ws/install/depthai_ros_msgs/local/lib/python3.10/dist-packages/depthai_ros_msgs/msg/_imu_with_magnetic_field.py
[7.704s] -- Up-to-date symlink: /root/ros2_code/humble/dai_ws/install/depthai_ros_msgs/local/lib/python3.10/dist-packages/depthai_ros_msgs/msg/_imu_with_magnetic_field_s.c
[7.705s] -- Up-to-date symlink: /root/ros2_code/humble/dai_ws/install/depthai_ros_msgs/local/lib/python3.10/dist-packages/depthai_ros_msgs/msg/_spatial_detection.py
[7.706s] -- Up-to-date symlink: /root/ros2_code/humble/dai_ws/install/depthai_ros_msgs/local/lib/python3.10/dist-packages/depthai_ros_msgs/msg/_spatial_detection_array.py
[7.706s] -- Up-to-date symlink: /root/ros2_code/humble/dai_ws/install/depthai_ros_msgs/local/lib/python3.10/dist-packages/depthai_ros_msgs/msg/_spatial_detection_array_s.c
[7.707s] -- Up-to-date symlink: /root/ros2_code/humble/dai_ws/install/depthai_ros_msgs/local/lib/python3.10/dist-packages/depthai_ros_msgs/msg/_spatial_detection_s.c
[7.708s] -- Up-to-date symlink: /root/ros2_code/humble/dai_ws/install/depthai_ros_msgs/local/lib/python3.10/dist-packages/depthai_ros_msgs/msg/_tracked_feature.py
[7.709s] -- Up-to-date symlink: /root/ros2_code/humble/dai_ws/install/depthai_ros_msgs/local/lib/python3.10/dist-packages/depthai_ros_msgs/msg/_tracked_feature_s.c
[7.710s] -- Up-to-date symlink: /root/ros2_code/humble/dai_ws/install/depthai_ros_msgs/local/lib/python3.10/dist-packages/depthai_ros_msgs/msg/_tracked_features.py
[7.711s] -- Up-to-date symlink: /root/ros2_code/humble/dai_ws/install/depthai_ros_msgs/local/lib/python3.10/dist-packages/depthai_ros_msgs/msg/_tracked_features_s.c
[7.712s] -- Up-to-date symlink: /root/ros2_code/humble/dai_ws/install/depthai_ros_msgs/local/lib/python3.10/dist-packages/depthai_ros_msgs/srv/__init__.py
[7.713s] -- Up-to-date symlink: /root/ros2_code/humble/dai_ws/install/depthai_ros_msgs/local/lib/python3.10/dist-packages/depthai_ros_msgs/srv/_normalized_image_crop.py
[7.713s] -- Up-to-date symlink: /root/ros2_code/humble/dai_ws/install/depthai_ros_msgs/local/lib/python3.10/dist-packages/depthai_ros_msgs/srv/_normalized_image_crop_s.c
[7.714s] -- Up-to-date symlink: /root/ros2_code/humble/dai_ws/install/depthai_ros_msgs/local/lib/python3.10/dist-packages/depthai_ros_msgs/srv/_trigger_named.py
[7.715s] -- Up-to-date symlink: /root/ros2_code/humble/dai_ws/install/depthai_ros_msgs/local/lib/python3.10/dist-packages/depthai_ros_msgs/srv/_trigger_named_s.c
[7.717s] -- Up-to-date symlink: /root/ros2_code/humble/dai_ws/install/depthai_ros_msgs/local/lib/python3.10/dist-packages/depthai_ros_msgs/depthai_ros_msgs_s__rosidl_typesupport_fastrtps_c.cpython-310-x86_64-linux-gnu.so
[7.719s] -- Up-to-date symlink: /root/ros2_code/humble/dai_ws/install/depthai_ros_msgs/local/lib/python3.10/dist-packages/depthai_ros_msgs/depthai_ros_msgs_s__rosidl_typesupport_introspection_c.cpython-310-x86_64-linux-gnu.so
[7.720s] -- Up-to-date symlink: /root/ros2_code/humble/dai_ws/install/depthai_ros_msgs/local/lib/python3.10/dist-packages/depthai_ros_msgs/depthai_ros_msgs_s__rosidl_typesupport_c.cpython-310-x86_64-linux-gnu.so
[7.721s] -- Up-to-date symlink: /root/ros2_code/humble/dai_ws/install/depthai_ros_msgs/share/depthai_ros_msgs/msg/AutoFocusCtrl.idl
[7.721s] -- Up-to-date symlink: /root/ros2_code/humble/dai_ws/install/depthai_ros_msgs/share/depthai_ros_msgs/msg/HandLandmark.idl
[7.723s] -- Up-to-date symlink: /root/ros2_code/humble/dai_ws/install/depthai_ros_msgs/share/depthai_ros_msgs/msg/HandLandmarkArray.idl
[7.724s] -- Up-to-date symlink: /root/ros2_code/humble/dai_ws/install/depthai_ros_msgs/share/depthai_ros_msgs/msg/ImuWithMagneticField.idl
[7.724s] -- Up-to-date symlink: /root/ros2_code/humble/dai_ws/install/depthai_ros_msgs/share/depthai_ros_msgs/msg/TrackedFeature.idl
[7.725s] -- Up-to-date symlink: /root/ros2_code/humble/dai_ws/install/depthai_ros_msgs/share/depthai_ros_msgs/msg/TrackedFeatures.idl
[7.726s] -- Up-to-date symlink: /root/ros2_code/humble/dai_ws/install/depthai_ros_msgs/share/depthai_ros_msgs/msg/SpatialDetection.idl
[7.727s] -- Up-to-date symlink: /root/ros2_code/humble/dai_ws/install/depthai_ros_msgs/share/depthai_ros_msgs/msg/SpatialDetectionArray.idl
[7.728s] -- Up-to-date symlink: /root/ros2_code/humble/dai_ws/install/depthai_ros_msgs/share/depthai_ros_msgs/srv/TriggerNamed.idl
[7.728s] -- Up-to-date symlink: /root/ros2_code/humble/dai_ws/install/depthai_ros_msgs/share/depthai_ros_msgs/srv/NormalizedImageCrop.idl
[7.730s] -- Up-to-date symlink: /root/ros2_code/humble/dai_ws/install/depthai_ros_msgs/share/depthai_ros_msgs/msg/AutoFocusCtrl.msg
[7.731s] -- Up-to-date symlink: /root/ros2_code/humble/dai_ws/install/depthai_ros_msgs/share/depthai_ros_msgs/msg/HandLandmark.msg
[7.732s] -- Up-to-date symlink: /root/ros2_code/humble/dai_ws/install/depthai_ros_msgs/share/depthai_ros_msgs/msg/HandLandmarkArray.msg
[7.733s] -- Up-to-date symlink: /root/ros2_code/humble/dai_ws/install/depthai_ros_msgs/share/depthai_ros_msgs/msg/ImuWithMagneticField.msg
[7.734s] -- Up-to-date symlink: /root/ros2_code/humble/dai_ws/install/depthai_ros_msgs/share/depthai_ros_msgs/msg/TrackedFeature.msg
[7.734s] -- Up-to-date symlink: /root/ros2_code/humble/dai_ws/install/depthai_ros_msgs/share/depthai_ros_msgs/msg/TrackedFeatures.msg
[7.735s] -- Up-to-date symlink: /root/ros2_code/humble/dai_ws/install/depthai_ros_msgs/share/depthai_ros_msgs/msg/SpatialDetection.msg
[7.736s] -- Up-to-date symlink: /root/ros2_code/humble/dai_ws/install/depthai_ros_msgs/share/depthai_ros_msgs/msg/SpatialDetectionArray.msg
[7.737s] -- Up-to-date symlink: /root/ros2_code/humble/dai_ws/install/depthai_ros_msgs/share/depthai_ros_msgs/srv/TriggerNamed.srv
[7.738s] -- Up-to-date symlink: /root/ros2_code/humble/dai_ws/install/depthai_ros_msgs/share/depthai_ros_msgs/srv/TriggerNamed_Request.msg
[7.739s] -- Up-to-date symlink: /root/ros2_code/humble/dai_ws/install/depthai_ros_msgs/share/depthai_ros_msgs/srv/TriggerNamed_Response.msg
[7.740s] -- Up-to-date symlink: /root/ros2_code/humble/dai_ws/install/depthai_ros_msgs/share/depthai_ros_msgs/srv/NormalizedImageCrop.srv
[7.741s] -- Up-to-date symlink: /root/ros2_code/humble/dai_ws/install/depthai_ros_msgs/share/depthai_ros_msgs/srv/NormalizedImageCrop_Request.msg
[7.742s] -- Up-to-date symlink: /root/ros2_code/humble/dai_ws/install/depthai_ros_msgs/share/depthai_ros_msgs/srv/NormalizedImageCrop_Response.msg
[7.743s] -- Up-to-date symlink: /root/ros2_code/humble/dai_ws/install/depthai_ros_msgs/share/ament_index/resource_index/package_run_dependencies/depthai_ros_msgs
[7.744s] -- Up-to-date symlink: /root/ros2_code/humble/dai_ws/install/depthai_ros_msgs/share/ament_index/resource_index/parent_prefix_path/depthai_ros_msgs
[7.745s] -- Up-to-date symlink: /root/ros2_code/humble/dai_ws/install/depthai_ros_msgs/share/depthai_ros_msgs/environment/ament_prefix_path.sh
[7.746s] -- Up-to-date symlink: /root/ros2_code/humble/dai_ws/install/depthai_ros_msgs/share/depthai_ros_msgs/environment/ament_prefix_path.dsv
[7.747s] -- Up-to-date symlink: /root/ros2_code/humble/dai_ws/install/depthai_ros_msgs/share/depthai_ros_msgs/environment/path.sh
[7.748s] -- Up-to-date symlink: /root/ros2_code/humble/dai_ws/install/depthai_ros_msgs/share/depthai_ros_msgs/environment/path.dsv
[7.748s] -- Up-to-date symlink: /root/ros2_code/humble/dai_ws/install/depthai_ros_msgs/share/depthai_ros_msgs/local_setup.bash
[7.749s] -- Up-to-date symlink: /root/ros2_code/humble/dai_ws/install/depthai_ros_msgs/share/depthai_ros_msgs/local_setup.sh
[7.749s] -- Up-to-date symlink: /root/ros2_code/humble/dai_ws/install/depthai_ros_msgs/share/depthai_ros_msgs/local_setup.zsh
[7.751s] -- Up-to-date symlink: /root/ros2_code/humble/dai_ws/install/depthai_ros_msgs/share/depthai_ros_msgs/local_setup.dsv
[7.751s] -- Symlinking: /root/ros2_code/humble/dai_ws/install/depthai_ros_msgs/share/depthai_ros_msgs/package.dsv
[7.791s] -- Up-to-date symlink: /root/ros2_code/humble/dai_ws/install/depthai_ros_msgs/share/ament_index/resource_index/packages/depthai_ros_msgs
[7.792s] -- Up-to-date symlink: /root/ros2_code/humble/dai_ws/install/depthai_ros_msgs/share/depthai_ros_msgs/cmake/rosidl_cmake-extras.cmake
[7.792s] -- Up-to-date symlink: /root/ros2_code/humble/dai_ws/install/depthai_ros_msgs/share/depthai_ros_msgs/cmake/ament_cmake_export_dependencies-extras.cmake
[7.793s] -- Up-to-date symlink: /root/ros2_code/humble/dai_ws/install/depthai_ros_msgs/share/depthai_ros_msgs/cmake/ament_cmake_export_include_directories-extras.cmake
[7.794s] -- Up-to-date symlink: /root/ros2_code/humble/dai_ws/install/depthai_ros_msgs/share/depthai_ros_msgs/cmake/ament_cmake_export_libraries-extras.cmake
[7.794s] -- Up-to-date symlink: /root/ros2_code/humble/dai_ws/install/depthai_ros_msgs/share/depthai_ros_msgs/cmake/ament_cmake_export_targets-extras.cmake
[7.795s] -- Up-to-date symlink: /root/ros2_code/humble/dai_ws/install/depthai_ros_msgs/share/depthai_ros_msgs/cmake/rosidl_cmake_export_typesupport_targets-extras.cmake
[7.797s] -- Up-to-date symlink: /root/ros2_code/humble/dai_ws/install/depthai_ros_msgs/share/depthai_ros_msgs/cmake/rosidl_cmake_export_typesupport_libraries-extras.cmake
[7.797s] -- Up-to-date symlink: /root/ros2_code/humble/dai_ws/install/depthai_ros_msgs/share/depthai_ros_msgs/cmake/depthai_ros_msgsConfig.cmake
[7.798s] -- Up-to-date symlink: /root/ros2_code/humble/dai_ws/install/depthai_ros_msgs/share/depthai_ros_msgs/cmake/depthai_ros_msgsConfig-version.cmake
[7.800s] -- Up-to-date symlink: /root/ros2_code/humble/dai_ws/install/depthai_ros_msgs/share/depthai_ros_msgs/package.xml
[7.800s] -- Up-to-date: /root/ros2_code/humble/dai_ws/install/depthai_ros_msgs/lib/libdepthai_ros_msgs__rosidl_generator_c.so
[7.803s] -- Up-to-date: /root/ros2_code/humble/dai_ws/install/depthai_ros_msgs/lib/libdepthai_ros_msgs__rosidl_typesupport_fastrtps_c.so
[7.805s] -- Up-to-date: /root/ros2_code/humble/dai_ws/install/depthai_ros_msgs/lib/libdepthai_ros_msgs__rosidl_typesupport_fastrtps_cpp.so
[7.807s] -- Up-to-date: /root/ros2_code/humble/dai_ws/install/depthai_ros_msgs/lib/libdepthai_ros_msgs__rosidl_typesupport_introspection_c.so
[7.809s] -- Up-to-date: /root/ros2_code/humble/dai_ws/install/depthai_ros_msgs/lib/libdepthai_ros_msgs__rosidl_typesupport_c.so
[7.810s] -- Up-to-date: /root/ros2_code/humble/dai_ws/install/depthai_ros_msgs/lib/libdepthai_ros_msgs__rosidl_typesupport_introspection_cpp.so
[7.812s] -- Up-to-date: /root/ros2_code/humble/dai_ws/install/depthai_ros_msgs/lib/libdepthai_ros_msgs__rosidl_typesupport_cpp.so
[7.991s] Listing '/root/ros2_code/humble/dai_ws/install/depthai_ros_msgs/local/lib/python3.10/dist-packages/depthai_ros_msgs'...
[7.992s] Listing '/root/ros2_code/humble/dai_ws/install/depthai_ros_msgs/local/lib/python3.10/dist-packages/depthai_ros_msgs/msg'...
[7.993s] Listing '/root/ros2_code/humble/dai_ws/install/depthai_ros_msgs/local/lib/python3.10/dist-packages/depthai_ros_msgs/srv'...
[8.015s] -- Up-to-date: /root/ros2_code/humble/dai_ws/install/depthai_ros_msgs/lib/libdepthai_ros_msgs__rosidl_generator_py.so
[8.016s] -- Up-to-date: /root/ros2_code/humble/dai_ws/install/depthai_ros_msgs/share/depthai_ros_msgs/cmake/export_depthai_ros_msgs__rosidl_generator_cExport.cmake
[8.017s] -- Up-to-date: /root/ros2_code/humble/dai_ws/install/depthai_ros_msgs/share/depthai_ros_msgs/cmake/export_depthai_ros_msgs__rosidl_generator_cExport-noconfig.cmake
[8.017s] -- Up-to-date: /root/ros2_code/humble/dai_ws/install/depthai_ros_msgs/share/depthai_ros_msgs/cmake/export_depthai_ros_msgs__rosidl_typesupport_fastrtps_cExport.cmake
[8.018s] -- Up-to-date: /root/ros2_code/humble/dai_ws/install/depthai_ros_msgs/share/depthai_ros_msgs/cmake/export_depthai_ros_msgs__rosidl_typesupport_fastrtps_cExport-noconfig.cmake
[8.019s] -- Up-to-date: /root/ros2_code/humble/dai_ws/install/depthai_ros_msgs/share/depthai_ros_msgs/cmake/export_depthai_ros_msgs__rosidl_generator_cppExport.cmake
[8.019s] -- Up-to-date: /root/ros2_code/humble/dai_ws/install/depthai_ros_msgs/share/depthai_ros_msgs/cmake/export_depthai_ros_msgs__rosidl_typesupport_fastrtps_cppExport.cmake
[8.020s] -- Up-to-date: /root/ros2_code/humble/dai_ws/install/depthai_ros_msgs/share/depthai_ros_msgs/cmake/export_depthai_ros_msgs__rosidl_typesupport_fastrtps_cppExport-noconfig.cmake
[8.021s] -- Up-to-date: /root/ros2_code/humble/dai_ws/install/depthai_ros_msgs/share/depthai_ros_msgs/cmake/depthai_ros_msgs__rosidl_typesupport_introspection_cExport.cmake
[8.021s] -- Up-to-date: /root/ros2_code/humble/dai_ws/install/depthai_ros_msgs/share/depthai_ros_msgs/cmake/depthai_ros_msgs__rosidl_typesupport_introspection_cExport-noconfig.cmake
[8.021s] -- Up-to-date: /root/ros2_code/humble/dai_ws/install/depthai_ros_msgs/share/depthai_ros_msgs/cmake/depthai_ros_msgs__rosidl_typesupport_cExport.cmake
[8.021s] -- Up-to-date: /root/ros2_code/humble/dai_ws/install/depthai_ros_msgs/share/depthai_ros_msgs/cmake/depthai_ros_msgs__rosidl_typesupport_cExport-noconfig.cmake
[8.022s] -- Up-to-date: /root/ros2_code/humble/dai_ws/install/depthai_ros_msgs/share/depthai_ros_msgs/cmake/depthai_ros_msgs__rosidl_typesupport_introspection_cppExport.cmake
[8.022s] -- Up-to-date: /root/ros2_code/humble/dai_ws/install/depthai_ros_msgs/share/depthai_ros_msgs/cmake/depthai_ros_msgs__rosidl_typesupport_introspection_cppExport-noconfig.cmake
[8.022s] -- Up-to-date: /root/ros2_code/humble/dai_ws/install/depthai_ros_msgs/share/depthai_ros_msgs/cmake/depthai_ros_msgs__rosidl_typesupport_cppExport.cmake
[8.023s] -- Up-to-date: /root/ros2_code/humble/dai_ws/install/depthai_ros_msgs/share/depthai_ros_msgs/cmake/depthai_ros_msgs__rosidl_typesupport_cppExport-noconfig.cmake
[8.023s] -- Up-to-date: /root/ros2_code/humble/dai_ws/install/depthai_ros_msgs/share/depthai_ros_msgs/cmake/export_depthai_ros_msgs__rosidl_generator_pyExport.cmake
[8.023s] -- Up-to-date: /root/ros2_code/humble/dai_ws/install/depthai_ros_msgs/share/depthai_ros_msgs/cmake/export_depthai_ros_msgs__rosidl_generator_pyExport-noconfig.cmake
[8.029s] Invoked command in '/root/ros2_code/humble/dai_ws/build/depthai_ros_msgs' returned '0': CMAKE_PREFIX_PATH=${CMAKE_PREFIX_PATH}:/root/ros2_code/humble/learning/install/ball_tracker:/opt/ros/humble /usr/bin/cmake --install /root/ros2_code/humble/dai_ws/build/depthai_ros_msgs
