[0.391s] Invoking command in '/root/ros2_code/humble/surround_view_ros/build/gazebo_simulation': CMAKE_PREFIX_PATH=${CMAKE_PREFIX_PATH}:/root/ros2_code/humble/nav2class/install/autonomous_tb3:/root/ros2_code/humble/vision/install/path_planner_pkg:/root/ros2_code/humble/vision/install/nav2_api_pkg:/root/ros2_code/humble/vision/install/joystick_pkg:/root/ros2_code/humble/vision/install/cartographer_pkg:/opt/ros/humble /usr/bin/cmake --build /root/ros2_code/humble/surround_view_ros/build/gazebo_simulation -- -j12 -l12
[0.456s] Invoked command in '/root/ros2_code/humble/surround_view_ros/build/gazebo_simulation' returned '0': CMAKE_PREFIX_PATH=${CMAKE_PREFIX_PATH}:/root/ros2_code/humble/nav2class/install/autonomous_tb3:/root/ros2_code/humble/vision/install/path_planner_pkg:/root/ros2_code/humble/vision/install/nav2_api_pkg:/root/ros2_code/humble/vision/install/joystick_pkg:/root/ros2_code/humble/vision/install/cartographer_pkg:/opt/ros/humble /usr/bin/cmake --build /root/ros2_code/humble/surround_view_ros/build/gazebo_simulation -- -j12 -l12
[0.495s] Invoking command in '/root/ros2_code/humble/surround_view_ros/build/gazebo_simulation': CMAKE_PREFIX_PATH=${CMAKE_PREFIX_PATH}:/root/ros2_code/humble/nav2class/install/autonomous_tb3:/root/ros2_code/humble/vision/install/path_planner_pkg:/root/ros2_code/humble/vision/install/nav2_api_pkg:/root/ros2_code/humble/vision/install/joystick_pkg:/root/ros2_code/humble/vision/install/cartographer_pkg:/opt/ros/humble /usr/bin/cmake --install /root/ros2_code/humble/surround_view_ros/build/gazebo_simulation
[0.516s] -- Install configuration: ""
[0.516s] -- Up-to-date: /root/ros2_code/humble/surround_view_ros/install/gazebo_simulation/share/gazebo_simulation//launch
[0.522s] -- Up-to-date: /root/ros2_code/humble/surround_view_ros/install/gazebo_simulation/share/gazebo_simulation//launch/robot_state_publisher.launch.py
[0.522s] -- Up-to-date: /root/ros2_code/humble/surround_view_ros/install/gazebo_simulation/share/gazebo_simulation//launch/surround_view_calibration.launch.py
[0.522s] -- Up-to-date: /root/ros2_code/humble/surround_view_ros/install/gazebo_simulation/share/gazebo_simulation//launch/camera_calibration.launch.py
[0.522s] -- Installing: /root/ros2_code/humble/surround_view_ros/install/gazebo_simulation/share/gazebo_simulation//launch/demo.launch.py
[0.523s] -- Up-to-date: /root/ros2_code/humble/surround_view_ros/install/gazebo_simulation/share/gazebo_simulation//models
[0.523s] -- Up-to-date: /root/ros2_code/humble/surround_view_ros/install/gazebo_simulation/share/gazebo_simulation//models/rs_robot
[0.523s] -- Up-to-date: /root/ros2_code/humble/surround_view_ros/install/gazebo_simulation/share/gazebo_simulation//models/rs_robot/model.config
[0.524s] -- Up-to-date: /root/ros2_code/humble/surround_view_ros/install/gazebo_simulation/share/gazebo_simulation//models/rs_robot/meshes
[0.524s] -- Up-to-date: /root/ros2_code/humble/surround_view_ros/install/gazebo_simulation/share/gazebo_simulation//models/rs_robot/meshes/STL
[0.525s] -- Up-to-date: /root/ros2_code/humble/surround_view_ros/install/gazebo_simulation/share/gazebo_simulation//models/rs_robot/meshes/STL/base
[0.525s] -- Up-to-date: /root/ros2_code/humble/surround_view_ros/install/gazebo_simulation/share/gazebo_simulation//models/rs_robot/meshes/STL/base/base_link.stl
[0.525s] -- Up-to-date: /root/ros2_code/humble/surround_view_ros/install/gazebo_simulation/share/gazebo_simulation//models/rs_robot/meshes/STL/roller
[0.526s] -- Up-to-date: /root/ros2_code/humble/surround_view_ros/install/gazebo_simulation/share/gazebo_simulation//models/rs_robot/meshes/STL/roller/roller.stl
[0.527s] -- Up-to-date: /root/ros2_code/humble/surround_view_ros/install/gazebo_simulation/share/gazebo_simulation//models/rs_robot/meshes/STL/omni_wheel
[0.527s] -- Up-to-date: /root/ros2_code/humble/surround_view_ros/install/gazebo_simulation/share/gazebo_simulation//models/rs_robot/meshes/STL/omni_wheel/omni_wheel.stl
[0.527s] -- Up-to-date: /root/ros2_code/humble/surround_view_ros/install/gazebo_simulation/share/gazebo_simulation//models/rs_robot/meshes/STL/camera
[0.528s] -- Up-to-date: /root/ros2_code/humble/surround_view_ros/install/gazebo_simulation/share/gazebo_simulation//models/rs_robot/meshes/STL/camera/camera.stl
[0.528s] -- Up-to-date: /root/ros2_code/humble/surround_view_ros/install/gazebo_simulation/share/gazebo_simulation//models/rs_robot/meshes/DAE
[0.529s] -- Up-to-date: /root/ros2_code/humble/surround_view_ros/install/gazebo_simulation/share/gazebo_simulation//models/rs_robot/meshes/DAE/base
[0.529s] -- Up-to-date: /root/ros2_code/humble/surround_view_ros/install/gazebo_simulation/share/gazebo_simulation//models/rs_robot/meshes/DAE/base/base_link.dae
[0.529s] -- Up-to-date: /root/ros2_code/humble/surround_view_ros/install/gazebo_simulation/share/gazebo_simulation//models/rs_robot/meshes/DAE/base/base_camera.png
[0.530s] -- Up-to-date: /root/ros2_code/humble/surround_view_ros/install/gazebo_simulation/share/gazebo_simulation//models/rs_robot/meshes/DAE/roller
[0.530s] -- Up-to-date: /root/ros2_code/humble/surround_view_ros/install/gazebo_simulation/share/gazebo_simulation//models/rs_robot/meshes/DAE/roller/roller.dae
[0.530s] -- Up-to-date: /root/ros2_code/humble/surround_view_ros/install/gazebo_simulation/share/gazebo_simulation//models/rs_robot/meshes/DAE/omni_wheel
[0.531s] -- Up-to-date: /root/ros2_code/humble/surround_view_ros/install/gazebo_simulation/share/gazebo_simulation//models/rs_robot/meshes/DAE/omni_wheel/omni_wheel.dae
[0.531s] -- Up-to-date: /root/ros2_code/humble/surround_view_ros/install/gazebo_simulation/share/gazebo_simulation//models/rs_robot/meshes/DAE/camera
[0.531s] -- Up-to-date: /root/ros2_code/humble/surround_view_ros/install/gazebo_simulation/share/gazebo_simulation//models/rs_robot/meshes/DAE/camera/camera.dae
[0.532s] -- Up-to-date: /root/ros2_code/humble/surround_view_ros/install/gazebo_simulation/share/gazebo_simulation//models/rs_robot/config
[0.532s] -- Up-to-date: /root/ros2_code/humble/surround_view_ros/install/gazebo_simulation/share/gazebo_simulation//models/rs_robot/config/controllers.yaml
[0.532s] -- Up-to-date: /root/ros2_code/humble/surround_view_ros/install/gazebo_simulation/share/gazebo_simulation//models/rs_robot/rs_robot.sdf
[0.532s] -- Up-to-date: /root/ros2_code/humble/surround_view_ros/install/gazebo_simulation/share/gazebo_simulation//worlds
[0.533s] -- Up-to-date: /root/ros2_code/humble/surround_view_ros/install/gazebo_simulation/share/gazebo_simulation//worlds/camera_calibration.model
[0.533s] -- Up-to-date: /root/ros2_code/humble/surround_view_ros/install/gazebo_simulation/share/gazebo_simulation//worlds/surround_view_calibration.model
[0.536s] -- Up-to-date: /root/ros2_code/humble/surround_view_ros/install/gazebo_simulation/share/gazebo_simulation//worlds/demo.model
[0.537s] -- Up-to-date: /root/ros2_code/humble/surround_view_ros/install/gazebo_simulation/share/gazebo_simulation//urdf
[0.538s] -- Up-to-date: /root/ros2_code/humble/surround_view_ros/install/gazebo_simulation/share/gazebo_simulation//urdf/rs_robot.urdf
[0.538s] -- Up-to-date: /root/ros2_code/humble/surround_view_ros/install/gazebo_simulation/lib/gazebo_simulation/robot_state_publisher.launch.py
[0.538s] -- Up-to-date: /root/ros2_code/humble/surround_view_ros/install/gazebo_simulation/lib/gazebo_simulation/surround_view_calibration.launch.py
[0.539s] -- Up-to-date: /root/ros2_code/humble/surround_view_ros/install/gazebo_simulation/lib/gazebo_simulation/camera_calibration.launch.py
[0.539s] -- Up-to-date: /root/ros2_code/humble/surround_view_ros/install/gazebo_simulation/share/ament_index/resource_index/package_run_dependencies/gazebo_simulation
[0.539s] -- Up-to-date: /root/ros2_code/humble/surround_view_ros/install/gazebo_simulation/share/ament_index/resource_index/parent_prefix_path/gazebo_simulation
[0.539s] -- Up-to-date: /root/ros2_code/humble/surround_view_ros/install/gazebo_simulation/share/gazebo_simulation/environment/ament_prefix_path.sh
[0.539s] -- Up-to-date: /root/ros2_code/humble/surround_view_ros/install/gazebo_simulation/share/gazebo_simulation/environment/ament_prefix_path.dsv
[0.540s] -- Up-to-date: /root/ros2_code/humble/surround_view_ros/install/gazebo_simulation/share/gazebo_simulation/environment/path.sh
[0.540s] -- Up-to-date: /root/ros2_code/humble/surround_view_ros/install/gazebo_simulation/share/gazebo_simulation/environment/path.dsv
[0.540s] -- Up-to-date: /root/ros2_code/humble/surround_view_ros/install/gazebo_simulation/share/gazebo_simulation/local_setup.bash
[0.541s] -- Up-to-date: /root/ros2_code/humble/surround_view_ros/install/gazebo_simulation/share/gazebo_simulation/local_setup.sh
[0.541s] -- Up-to-date: /root/ros2_code/humble/surround_view_ros/install/gazebo_simulation/share/gazebo_simulation/local_setup.zsh
[0.542s] -- Up-to-date: /root/ros2_code/humble/surround_view_ros/install/gazebo_simulation/share/gazebo_simulation/local_setup.dsv
[0.542s] -- Installing: /root/ros2_code/humble/surround_view_ros/install/gazebo_simulation/share/gazebo_simulation/package.dsv
[0.542s] -- Up-to-date: /root/ros2_code/humble/surround_view_ros/install/gazebo_simulation/share/ament_index/resource_index/packages/gazebo_simulation
[0.543s] -- Up-to-date: /root/ros2_code/humble/surround_view_ros/install/gazebo_simulation/share/gazebo_simulation/cmake/ament_cmake_export_include_directories-extras.cmake
[0.543s] -- Up-to-date: /root/ros2_code/humble/surround_view_ros/install/gazebo_simulation/share/gazebo_simulation/cmake/ament_cmake_export_dependencies-extras.cmake
[0.543s] -- Up-to-date: /root/ros2_code/humble/surround_view_ros/install/gazebo_simulation/share/gazebo_simulation/cmake/gazebo_simulationConfig.cmake
[0.543s] -- Up-to-date: /root/ros2_code/humble/surround_view_ros/install/gazebo_simulation/share/gazebo_simulation/cmake/gazebo_simulationConfig-version.cmake
[0.543s] -- Up-to-date: /root/ros2_code/humble/surround_view_ros/install/gazebo_simulation/share/gazebo_simulation/package.xml
[0.648s] Invoked command in '/root/ros2_code/humble/surround_view_ros/build/gazebo_simulation' returned '0': CMAKE_PREFIX_PATH=${CMAKE_PREFIX_PATH}:/root/ros2_code/humble/nav2class/install/autonomous_tb3:/root/ros2_code/humble/vision/install/path_planner_pkg:/root/ros2_code/humble/vision/install/nav2_api_pkg:/root/ros2_code/humble/vision/install/joystick_pkg:/root/ros2_code/humble/vision/install/cartographer_pkg:/opt/ros/humble /usr/bin/cmake --install /root/ros2_code/humble/surround_view_ros/build/gazebo_simulation
