[2.710s] Invoking command in '/root/ros2_code/humble/tc_ros2_nav/src/amcl': PYTHONPATH=/root/ros2_code/humble/tc_ros2_nav/build/amcl/prefix_override:/root/ros2_code/humble/tc_ros2_nav/install/amcl/lib/python3.10/site-packages:${PYTHONPATH} /usr/bin/python3 setup.py egg_info --egg-base ../../build/amcl build --build-base /root/ros2_code/humble/tc_ros2_nav/build/amcl/build install --record /root/ros2_code/humble/tc_ros2_nav/build/amcl/install.log --single-version-externally-managed
[2.955s] running egg_info
[2.955s] writing ../../build/amcl/amcl.egg-info/PKG-INFO
[2.956s] writing dependency_links to ../../build/amcl/amcl.egg-info/dependency_links.txt
[2.956s] writing entry points to ../../build/amcl/amcl.egg-info/entry_points.txt
[2.956s] writing requirements to ../../build/amcl/amcl.egg-info/requires.txt
[2.956s] writing top-level names to ../../build/amcl/amcl.egg-info/top_level.txt
[2.957s] reading manifest file '../../build/amcl/amcl.egg-info/SOURCES.txt'
[2.958s] writing manifest file '../../build/amcl/amcl.egg-info/SOURCES.txt'
[2.958s] running build
[2.959s] running build_py
[2.959s] running install
[2.959s] running install_lib
[2.960s] running install_data
[2.960s] running install_egg_info
[2.962s] removing '/root/ros2_code/humble/tc_ros2_nav/install/amcl/lib/python3.10/site-packages/amcl-0.0.0-py3.10.egg-info' (and everything under it)
[2.963s] Copying ../../build/amcl/amcl.egg-info to /root/ros2_code/humble/tc_ros2_nav/install/amcl/lib/python3.10/site-packages/amcl-0.0.0-py3.10.egg-info
[2.964s] running install_scripts
[2.982s] writing list of installed files to '/root/ros2_code/humble/tc_ros2_nav/build/amcl/install.log'
[3.123s] Invoked command in '/root/ros2_code/humble/tc_ros2_nav/src/amcl' returned '0': PYTHONPATH=/root/ros2_code/humble/tc_ros2_nav/build/amcl/prefix_override:/root/ros2_code/humble/tc_ros2_nav/install/amcl/lib/python3.10/site-packages:${PYTHONPATH} /usr/bin/python3 setup.py egg_info --egg-base ../../build/amcl build --build-base /root/ros2_code/humble/tc_ros2_nav/build/amcl/build install --record /root/ros2_code/humble/tc_ros2_nav/build/amcl/install.log --single-version-externally-managed
