[3.203s] Invoking command in '/root/ros2_code/humble/tc_ros2_nav/src/amcl': PYTHONPATH=/root/ros2_code/humble/tc_ros2_nav/build/amcl/prefix_override:/root/ros2_code/humble/tc_ros2_nav/install/amcl/lib/python3.10/site-packages:${PYTHONPATH} /usr/bin/python3 setup.py egg_info --egg-base ../../build/amcl build --build-base /root/ros2_code/humble/tc_ros2_nav/build/amcl/build install --record /root/ros2_code/humble/tc_ros2_nav/build/amcl/install.log --single-version-externally-managed
[3.560s] running egg_info
[3.561s] writing ../../build/amcl/amcl.egg-info/PKG-INFO
[3.562s] writing dependency_links to ../../build/amcl/amcl.egg-info/dependency_links.txt
[3.562s] writing entry points to ../../build/amcl/amcl.egg-info/entry_points.txt
[3.562s] writing requirements to ../../build/amcl/amcl.egg-info/requires.txt
[3.562s] writing top-level names to ../../build/amcl/amcl.egg-info/top_level.txt
[3.565s] reading manifest file '../../build/amcl/amcl.egg-info/SOURCES.txt'
[3.566s] writing manifest file '../../build/amcl/amcl.egg-info/SOURCES.txt'
[3.566s] running build
[3.566s] running build_py
[3.567s] running install
[3.567s] running install_lib
[3.569s] running install_data
[3.570s] running install_egg_info
[3.572s] removing '/root/ros2_code/humble/tc_ros2_nav/install/amcl/lib/python3.10/site-packages/amcl-0.0.0-py3.10.egg-info' (and everything under it)
[3.574s] Copying ../../build/amcl/amcl.egg-info to /root/ros2_code/humble/tc_ros2_nav/install/amcl/lib/python3.10/site-packages/amcl-0.0.0-py3.10.egg-info
[3.574s] running install_scripts
[3.599s] writing list of installed files to '/root/ros2_code/humble/tc_ros2_nav/build/amcl/install.log'
[3.835s] Invoked command in '/root/ros2_code/humble/tc_ros2_nav/src/amcl' returned '0': PYTHONPATH=/root/ros2_code/humble/tc_ros2_nav/build/amcl/prefix_override:/root/ros2_code/humble/tc_ros2_nav/install/amcl/lib/python3.10/site-packages:${PYTHONPATH} /usr/bin/python3 setup.py egg_info --egg-base ../../build/amcl build --build-base /root/ros2_code/humble/tc_ros2_nav/build/amcl/build install --record /root/ros2_code/humble/tc_ros2_nav/build/amcl/install.log --single-version-externally-managed
