[4.815s] Invoking command in '/root/ros2_code/humble/ros_bot/src/rqt_tf_tree': PYTHONPATH=/root/ros2_code/humble/ros_bot/build/rqt_tf_tree/prefix_override:/root/ros2_code/humble/ros_bot/install/rqt_tf_tree/lib/python3.10/site-packages:${PYTHONPATH} /usr/bin/python3 setup.py egg_info --egg-base ../../build/rqt_tf_tree build --build-base /root/ros2_code/humble/ros_bot/build/rqt_tf_tree/build install --record /root/ros2_code/humble/ros_bot/build/rqt_tf_tree/install.log --single-version-externally-managed
[5.401s] running egg_info
[5.404s] writing ../../build/rqt_tf_tree/rqt_tf_tree.egg-info/PKG-INFO
[5.405s] writing dependency_links to ../../build/rqt_tf_tree/rqt_tf_tree.egg-info/dependency_links.txt
[5.406s] writing entry points to ../../build/rqt_tf_tree/rqt_tf_tree.egg-info/entry_points.txt
[5.406s] writing requirements to ../../build/rqt_tf_tree/rqt_tf_tree.egg-info/requires.txt
[5.407s] writing top-level names to ../../build/rqt_tf_tree/rqt_tf_tree.egg-info/top_level.txt
[5.414s] reading manifest file '../../build/rqt_tf_tree/rqt_tf_tree.egg-info/SOURCES.txt'
[5.416s] adding license file 'LICENSE'
[5.418s] writing manifest file '../../build/rqt_tf_tree/rqt_tf_tree.egg-info/SOURCES.txt'
[5.418s] running build
[5.419s] running build_py
[5.419s] running install
[5.420s] running install_lib
[5.422s] running install_data
[5.424s] running install_egg_info
[5.426s] removing '/root/ros2_code/humble/ros_bot/install/rqt_tf_tree/lib/python3.10/site-packages/rqt_tf_tree-1.0.4-py3.10.egg-info' (and everything under it)
[5.426s] Copying ../../build/rqt_tf_tree/rqt_tf_tree.egg-info to /root/ros2_code/humble/ros_bot/install/rqt_tf_tree/lib/python3.10/site-packages/rqt_tf_tree-1.0.4-py3.10.egg-info
[5.428s] running install_scripts
[5.461s] Installing rqt_tf_tree script to /root/ros2_code/humble/ros_bot/install/rqt_tf_tree/lib/rqt_tf_tree
[5.462s] writing list of installed files to '/root/ros2_code/humble/ros_bot/build/rqt_tf_tree/install.log'
[6.013s] Invoked command in '/root/ros2_code/humble/ros_bot/src/rqt_tf_tree' returned '0': PYTHONPATH=/root/ros2_code/humble/ros_bot/build/rqt_tf_tree/prefix_override:/root/ros2_code/humble/ros_bot/install/rqt_tf_tree/lib/python3.10/site-packages:${PYTHONPATH} /usr/bin/python3 setup.py egg_info --egg-base ../../build/rqt_tf_tree build --build-base /root/ros2_code/humble/ros_bot/build/rqt_tf_tree/build install --record /root/ros2_code/humble/ros_bot/build/rqt_tf_tree/install.log --single-version-externally-managed
