[0.892s] Invoking command in '/root/ros2_code/humble/dai_ws/build/pointcloud_to_laserscan': CMAKE_PREFIX_PATH=${CMAKE_PREFIX_PATH}:/root/ros2_code/humble/learning/install/ball_tracker:/opt/ros/humble /usr/bin/cmake --build /root/ros2_code/humble/dai_ws/build/pointcloud_to_laserscan -- -j12 -l12
[1.288s] [ 20%] Built target pointcloud_to_laserscan_node
[1.333s] [ 40%] Built target laserscan_to_pointcloud
[1.345s] [ 60%] Built target laserscan_to_pointcloud_node
[1.549s] [ 80%] Built target pointcloud_to_laserscan
[1.691s] [100%] Built target dummy_pointcloud_publisher
[1.883s] Invoked command in '/root/ros2_code/humble/dai_ws/build/pointcloud_to_laserscan' returned '0': CMAKE_PREFIX_PATH=${CMAKE_PREFIX_PATH}:/root/ros2_code/humble/learning/install/ball_tracker:/opt/ros/humble /usr/bin/cmake --build /root/ros2_code/humble/dai_ws/build/pointcloud_to_laserscan -- -j12 -l12
[2.540s] Invoking command in '/root/ros2_code/humble/dai_ws/build/pointcloud_to_laserscan': CMAKE_PREFIX_PATH=${CMAKE_PREFIX_PATH}:/root/ros2_code/humble/learning/install/ball_tracker:/opt/ros/humble /usr/bin/cmake --install /root/ros2_code/humble/dai_ws/build/pointcloud_to_laserscan
[2.582s] -- Install configuration: ""
[2.586s] -- Execute custom install script
[2.588s] -- Up-to-date symlink: /root/ros2_code/humble/dai_ws/install/pointcloud_to_laserscan/lib/pointcloud_to_laserscan/laserscan_to_pointcloud_node
[2.591s] -- Up-to-date symlink: /root/ros2_code/humble/dai_ws/install/pointcloud_to_laserscan/lib/pointcloud_to_laserscan/pointcloud_to_laserscan_node
[2.592s] -- Up-to-date symlink: /root/ros2_code/humble/dai_ws/install/pointcloud_to_laserscan/include/pointcloud_to_laserscan/laserscan_to_pointcloud_node.hpp
[2.594s] -- Up-to-date symlink: /root/ros2_code/humble/dai_ws/install/pointcloud_to_laserscan/include/pointcloud_to_laserscan/pointcloud_to_laserscan_node.hpp
[2.595s] -- Up-to-date symlink: /root/ros2_code/humble/dai_ws/install/pointcloud_to_laserscan/include/pointcloud_to_laserscan/visibility_control.h
[2.600s] -- Up-to-date symlink: /root/ros2_code/humble/dai_ws/install/pointcloud_to_laserscan/share/pointcloud_to_laserscan/environment/library_path.sh
[2.602s] -- Up-to-date symlink: /root/ros2_code/humble/dai_ws/install/pointcloud_to_laserscan/share/pointcloud_to_laserscan/environment/library_path.dsv
[2.608s] -- Up-to-date symlink: /root/ros2_code/humble/dai_ws/install/pointcloud_to_laserscan/lib/liblaserscan_to_pointcloud.so
[2.609s] -- Up-to-date symlink: /root/ros2_code/humble/dai_ws/install/pointcloud_to_laserscan/lib/libpointcloud_to_laserscan.so
[2.610s] -- Up-to-date symlink: /root/ros2_code/humble/dai_ws/install/pointcloud_to_laserscan/lib/pointcloud_to_laserscan/dummy_pointcloud_publisher
[2.615s] -- Up-to-date symlink: /root/ros2_code/humble/dai_ws/install/pointcloud_to_laserscan/share/pointcloud_to_laserscan/launch/sample_laserscan_to_pointcloud_launch.py
[2.615s] -- Up-to-date symlink: /root/ros2_code/humble/dai_ws/install/pointcloud_to_laserscan/share/pointcloud_to_laserscan/launch/sample_pointcloud_to_laserscan_launch.py
[2.616s] -- Up-to-date symlink: /root/ros2_code/humble/dai_ws/install/pointcloud_to_laserscan/share/ament_index/resource_index/package_run_dependencies/pointcloud_to_laserscan
[2.620s] -- Up-to-date symlink: /root/ros2_code/humble/dai_ws/install/pointcloud_to_laserscan/share/ament_index/resource_index/parent_prefix_path/pointcloud_to_laserscan
[2.621s] -- Up-to-date symlink: /root/ros2_code/humble/dai_ws/install/pointcloud_to_laserscan/share/pointcloud_to_laserscan/environment/ament_prefix_path.sh
[2.621s] -- Up-to-date symlink: /root/ros2_code/humble/dai_ws/install/pointcloud_to_laserscan/share/pointcloud_to_laserscan/environment/ament_prefix_path.dsv
[2.622s] -- Up-to-date symlink: /root/ros2_code/humble/dai_ws/install/pointcloud_to_laserscan/share/pointcloud_to_laserscan/environment/path.sh
[2.623s] -- Up-to-date symlink: /root/ros2_code/humble/dai_ws/install/pointcloud_to_laserscan/share/pointcloud_to_laserscan/environment/path.dsv
[2.623s] -- Up-to-date symlink: /root/ros2_code/humble/dai_ws/install/pointcloud_to_laserscan/share/pointcloud_to_laserscan/local_setup.bash
[2.624s] -- Up-to-date symlink: /root/ros2_code/humble/dai_ws/install/pointcloud_to_laserscan/share/pointcloud_to_laserscan/local_setup.sh
[2.624s] -- Up-to-date symlink: /root/ros2_code/humble/dai_ws/install/pointcloud_to_laserscan/share/pointcloud_to_laserscan/local_setup.zsh
[2.625s] -- Up-to-date symlink: /root/ros2_code/humble/dai_ws/install/pointcloud_to_laserscan/share/pointcloud_to_laserscan/local_setup.dsv
[2.625s] -- Symlinking: /root/ros2_code/humble/dai_ws/install/pointcloud_to_laserscan/share/pointcloud_to_laserscan/package.dsv
[2.670s] -- Up-to-date symlink: /root/ros2_code/humble/dai_ws/install/pointcloud_to_laserscan/share/ament_index/resource_index/packages/pointcloud_to_laserscan
[2.671s] -- Up-to-date symlink: /root/ros2_code/humble/dai_ws/install/pointcloud_to_laserscan/share/ament_index/resource_index/rclcpp_components/pointcloud_to_laserscan
[2.673s] -- Up-to-date symlink: /root/ros2_code/humble/dai_ws/install/pointcloud_to_laserscan/share/pointcloud_to_laserscan/cmake/ament_cmake_export_dependencies-extras.cmake
[2.674s] -- Up-to-date symlink: /root/ros2_code/humble/dai_ws/install/pointcloud_to_laserscan/share/pointcloud_to_laserscan/cmake/ament_cmake_export_include_directories-extras.cmake
[2.676s] -- Up-to-date symlink: /root/ros2_code/humble/dai_ws/install/pointcloud_to_laserscan/share/pointcloud_to_laserscan/cmake/ament_cmake_export_libraries-extras.cmake
[2.676s] -- Up-to-date symlink: /root/ros2_code/humble/dai_ws/install/pointcloud_to_laserscan/share/pointcloud_to_laserscan/cmake/pointcloud_to_laserscanConfig.cmake
[2.677s] -- Up-to-date symlink: /root/ros2_code/humble/dai_ws/install/pointcloud_to_laserscan/share/pointcloud_to_laserscan/cmake/pointcloud_to_laserscanConfig-version.cmake
[2.678s] -- Up-to-date symlink: /root/ros2_code/humble/dai_ws/install/pointcloud_to_laserscan/share/pointcloud_to_laserscan/package.xml
[3.152s] Invoked command in '/root/ros2_code/humble/dai_ws/build/pointcloud_to_laserscan' returned '0': CMAKE_PREFIX_PATH=${CMAKE_PREFIX_PATH}:/root/ros2_code/humble/learning/install/ball_tracker:/opt/ros/humble /usr/bin/cmake --install /root/ros2_code/humble/dai_ws/build/pointcloud_to_laserscan
