-- The CXX compiler identification is Clang 14.0.0
-- The C compiler identification is Clang 14.0.0
-- Detecting CXX compiler ABI info
-- Detecting CXX compiler ABI info - done
-- Check for working CXX compiler: /usr/bin/clang++ - skipped
-- Detecting CXX compile features
-- Detecting CXX compile features - done
-- Detecting C compiler ABI info
-- Detecting C compiler ABI info - done
-- Check for working C compiler: /usr/bin/clang - skipped
-- Detecting C compile features
-- Detecting C compile features - done
-- ------------------------------------------
-- Depthai Bridge is being built using AMENT.
-- ------------------------------------------
-- Found camera_info_manager: 3.1.8 (/opt/ros/humble/share/camera_info_manager/cmake)
-- Found Python3: /usr/bin/python3.10 (found version "3.10.12") found components: Interpreter 
-- Override CMake install command with custom implementation using symlinks instead of copying resources
-- Found rosidl_generator_c: 3.1.5 (/opt/ros/humble/share/rosidl_generator_c/cmake)
-- Found rosidl_adapter: 3.1.5 (/opt/ros/humble/share/rosidl_adapter/cmake)
-- Found rosidl_generator_cpp: 3.1.5 (/opt/ros/humble/share/rosidl_generator_cpp/cmake)
-- Using all available rosidl_typesupport_c: rosidl_typesupport_fastrtps_c;rosidl_typesupport_introspection_c
-- Using all available rosidl_typesupport_cpp: rosidl_typesupport_fastrtps_cpp;rosidl_typesupport_introspection_cpp
-- Found rmw_implementation_cmake: 6.1.1 (/opt/ros/humble/share/rmw_implementation_cmake/cmake)
-- Found rmw_cyclonedds_cpp: 1.3.4 (/opt/ros/humble/share/rmw_cyclonedds_cpp/cmake)
-- Using RMW implementation 'rmw_cyclonedds_cpp' as default
-- Looking for pthread.h
-- Looking for pthread.h - found
-- Performing Test CMAKE_HAVE_LIBC_PTHREAD
-- Performing Test CMAKE_HAVE_LIBC_PTHREAD - Success
-- Found Threads: TRUE  
-- Found cv_bridge: 3.2.1 (/opt/ros/humble/share/cv_bridge/cmake)
-- Found depthai_ros_msgs: 2.9.0 (/root/ros2_code/humble/dai_ws/install/depthai_ros_msgs/share/depthai_ros_msgs/cmake)
-- Found image_transport: 3.1.8 (/opt/ros/humble/share/image_transport/cmake)
-- Found stereo_msgs: 4.2.3 (/opt/ros/humble/share/stereo_msgs/cmake)
-- Found tf2_ros: 0.25.5 (/opt/ros/humble/share/tf2_ros/cmake)
-- Found tf2_geometry_msgs: 0.25.5 (/opt/ros/humble/share/tf2_geometry_msgs/cmake)
-- Found eigen3_cmake_module: 0.1.1 (/opt/ros/humble/share/eigen3_cmake_module/cmake)
-- Found Eigen3: TRUE (found version "3.4.0") 
-- Ensuring Eigen3 include directory is part of orocos-kdl CMake target
-- --------------------------humble ---
-- humble
-- Configuring done
-- Generating done
-- Build files have been written to: /root/ros2_code/humble/dai_ws/build/depthai_bridge
[ 12%] [32mBuilding CXX object CMakeFiles/depthai_bridge.dir/src/SpatialDetectionConverter.cpp.o[0m
[ 25%] [32mBuilding CXX object CMakeFiles/depthai_bridge.dir/src/TrackedFeaturesConverter.cpp.o[0m
[ 37%] [32mBuilding CXX object CMakeFiles/depthai_bridge.dir/src/ImuConverter.cpp.o[0m
[ 50%] [32mBuilding CXX object CMakeFiles/depthai_bridge.dir/src/DisparityConverter.cpp.o[0m
[ 62%] [32mBuilding CXX object CMakeFiles/depthai_bridge.dir/src/ImageConverter.cpp.o[0m
[ 75%] [32mBuilding CXX object CMakeFiles/depthai_bridge.dir/src/ImgDetectionConverter.cpp.o[0m
[ 87%] [32mBuilding CXX object CMakeFiles/depthai_bridge.dir/src/TFPublisher.cpp.o[0m
[100%] [32m[1mLinking CXX shared library libdepthai_bridge.so[0m
[100%] Built target depthai_bridge
-- Install configuration: ""
-- Execute custom install script
-- Symlinking: /root/ros2_code/humble/dai_ws/install/depthai_bridge/share/depthai_bridge/environment/library_path.sh
-- Symlinking: /root/ros2_code/humble/dai_ws/install/depthai_bridge/share/depthai_bridge/environment/library_path.dsv
-- Symlinking: /root/ros2_code/humble/dai_ws/install/depthai_bridge/include//depthai_bridge/BridgePublisher.hpp
-- Symlinking: /root/ros2_code/humble/dai_ws/install/depthai_bridge/include//depthai_bridge/DisparityConverter.hpp
-- Symlinking: /root/ros2_code/humble/dai_ws/install/depthai_bridge/include//depthai_bridge/ImageConverter.hpp
-- Symlinking: /root/ros2_code/humble/dai_ws/install/depthai_bridge/include//depthai_bridge/ImgDetectionConverter.hpp
-- Symlinking: /root/ros2_code/humble/dai_ws/install/depthai_bridge/include//depthai_bridge/ImuConverter.hpp
-- Symlinking: /root/ros2_code/humble/dai_ws/install/depthai_bridge/include//depthai_bridge/SpatialDetectionConverter.hpp
-- Symlinking: /root/ros2_code/humble/dai_ws/install/depthai_bridge/include//depthai_bridge/TFPublisher.hpp
-- Symlinking: /root/ros2_code/humble/dai_ws/install/depthai_bridge/include//depthai_bridge/TrackedFeaturesConverter.hpp
-- Symlinking: /root/ros2_code/humble/dai_ws/install/depthai_bridge/include//depthai_bridge/depthaiUtility.hpp
-- Symlinking: /root/ros2_code/humble/dai_ws/install/depthai_bridge/share/depthai_bridge/rviz/pointCloud.rviz
-- Symlinking: /root/ros2_code/humble/dai_ws/install/depthai_bridge/share/ament_index/resource_index/package_run_dependencies/depthai_bridge
-- Symlinking: /root/ros2_code/humble/dai_ws/install/depthai_bridge/share/ament_index/resource_index/parent_prefix_path/depthai_bridge
-- Symlinking: /root/ros2_code/humble/dai_ws/install/depthai_bridge/share/depthai_bridge/environment/ament_prefix_path.sh
-- Symlinking: /root/ros2_code/humble/dai_ws/install/depthai_bridge/share/depthai_bridge/environment/ament_prefix_path.dsv
-- Symlinking: /root/ros2_code/humble/dai_ws/install/depthai_bridge/share/depthai_bridge/environment/path.sh
-- Symlinking: /root/ros2_code/humble/dai_ws/install/depthai_bridge/share/depthai_bridge/environment/path.dsv
-- Symlinking: /root/ros2_code/humble/dai_ws/install/depthai_bridge/share/depthai_bridge/local_setup.bash
-- Symlinking: /root/ros2_code/humble/dai_ws/install/depthai_bridge/share/depthai_bridge/local_setup.sh
-- Symlinking: /root/ros2_code/humble/dai_ws/install/depthai_bridge/share/depthai_bridge/local_setup.zsh
-- Symlinking: /root/ros2_code/humble/dai_ws/install/depthai_bridge/share/depthai_bridge/local_setup.dsv
-- Symlinking: /root/ros2_code/humble/dai_ws/install/depthai_bridge/share/depthai_bridge/package.dsv
-- Symlinking: /root/ros2_code/humble/dai_ws/install/depthai_bridge/share/ament_index/resource_index/packages/depthai_bridge
-- Symlinking: /root/ros2_code/humble/dai_ws/install/depthai_bridge/share/depthai_bridge/cmake/ament_cmake_export_targets-extras.cmake
-- Symlinking: /root/ros2_code/humble/dai_ws/install/depthai_bridge/share/depthai_bridge/cmake/ament_cmake_export_include_directories-extras.cmake
-- Symlinking: /root/ros2_code/humble/dai_ws/install/depthai_bridge/share/depthai_bridge/cmake/ament_cmake_export_libraries-extras.cmake
-- Symlinking: /root/ros2_code/humble/dai_ws/install/depthai_bridge/share/depthai_bridge/cmake/ament_cmake_export_dependencies-extras.cmake
-- Symlinking: /root/ros2_code/humble/dai_ws/install/depthai_bridge/share/depthai_bridge/cmake/depthai_bridgeConfig.cmake
-- Symlinking: /root/ros2_code/humble/dai_ws/install/depthai_bridge/share/depthai_bridge/cmake/depthai_bridgeConfig-version.cmake
-- Symlinking: /root/ros2_code/humble/dai_ws/install/depthai_bridge/share/depthai_bridge/package.xml
-- Installing: /root/ros2_code/humble/dai_ws/install/depthai_bridge/lib/libdepthai_bridge.so
-- Set runtime path of "/root/ros2_code/humble/dai_ws/install/depthai_bridge/lib/libdepthai_bridge.so" to ""
-- Installing: /root/ros2_code/humble/dai_ws/install/depthai_bridge/share/depthai_bridge/cmake/depthai_bridgeTargets.cmake
-- Installing: /root/ros2_code/humble/dai_ws/install/depthai_bridge/share/depthai_bridge/cmake/depthai_bridgeTargets-noconfig.cmake
-- Installing: /root/ros2_code/humble/dai_ws/install/depthai_bridge/share/depthai_bridge/cmake/depthai_bridgeTargetsExport.cmake
-- Installing: /root/ros2_code/humble/dai_ws/install/depthai_bridge/share/depthai_bridge/cmake/depthai_bridgeTargetsExport-noconfig.cmake
