[31mCMake Error at /opt/ros/humble/share/ament_cmake_test/cmake/ament_add_test.cmake:125 (add_test):
  add_test given test NAME "lint_cmake" which already exists in this
  directory.
Call Stack (most recent call first):
  /opt/ros/humble/share/ament_cmake_lint_cmake/cmake/ament_lint_cmake.cmake:47 (ament_add_test)
  /opt/ros/humble/share/ament_cmake_lint_cmake/cmake/ament_cmake_lint_cmake_lint_hook.cmake:21 (ament_lint_cmake)
  /opt/ros/humble/share/ament_cmake_core/cmake/core/ament_execute_extensions.cmake:48 (include)
  /opt/ros/humble/share/ament_lint_auto/cmake/ament_lint_auto_package_hook.cmake:21 (ament_execute_extensions)
  /opt/ros/humble/share/ament_cmake_core/cmake/core/ament_execute_extensions.cmake:48 (include)
  /opt/ros/humble/share/ament_cmake_core/cmake/core/ament_package.cmake:66 (ament_execute_extensions)
  CMakeLists.txt:70 (ament_package)

[0m
[31mCMake Error at /opt/ros/humble/share/ament_cmake_test/cmake/ament_add_test.cmake:125 (add_test):
  add_test given test NAME "xmllint" which already exists in this directory.
Call Stack (most recent call first):
  /opt/ros/humble/share/ament_cmake_xmllint/cmake/ament_xmllint.cmake:50 (ament_add_test)
  /opt/ros/humble/share/ament_cmake_xmllint/cmake/ament_cmake_xmllint_lint_hook.cmake:18 (ament_xmllint)
  /opt/ros/humble/share/ament_cmake_core/cmake/core/ament_execute_extensions.cmake:48 (include)
  /opt/ros/humble/share/ament_lint_auto/cmake/ament_lint_auto_package_hook.cmake:21 (ament_execute_extensions)
  /opt/ros/humble/share/ament_cmake_core/cmake/core/ament_execute_extensions.cmake:48 (include)
  /opt/ros/humble/share/ament_cmake_core/cmake/core/ament_package.cmake:66 (ament_execute_extensions)
  CMakeLists.txt:70 (ament_package)

[0m
