[0.779s] Invoking command in '/root/ros2_code/humble/ros_bot/src/build/rosbot_description': CMAKE_PREFIX_PATH=${CMAKE_PREFIX_PATH}:/root/ros2_code/humble/ros_bot/src/install/rosbot_utils:/root/ros2_code/humble/ros_bot/src/install/rosbot_gazebo:/root/ros2_code/humble/ros_bot/src/install/rosbot_bringup:/root/ros2_code/humble/ros_bot/src/install/rosbot_controller:/root/ros2_code/humble/ros_bot/install/rosbot_utils:/root/ros2_code/humble/ros_bot/install/rosbot_gazebo:/root/ros2_code/humble/ros_bot/install/rosbot_bringup:/root/ros2_code/humble/ros_bot/install/rosbot_controller:/root/ros2_code/humble/vision/install/path_planner_pkg:/root/ros2_code/humble/vision/install/nav2_api_pkg:/root/ros2_code/humble/vision/install/joystick_pkg:/root/ros2_code/humble/vision/install/cartographer_pkg:/root/ros2_code/humble/nav2class/install/autonomous_tb3:/root/ros2_code/humble/simulations/install/path_planner_server:/root/ros2_code/humble/simulations/install/map_server:/root/ros2_code/humble/simulations/install/localization_server:/opt/ros/humble /usr/bin/cmake --build /root/ros2_code/humble/ros_bot/src/build/rosbot_description -- -j12 -l12
[1.636s] Invoked command in '/root/ros2_code/humble/ros_bot/src/build/rosbot_description' returned '0': CMAKE_PREFIX_PATH=${CMAKE_PREFIX_PATH}:/root/ros2_code/humble/ros_bot/src/install/rosbot_utils:/root/ros2_code/humble/ros_bot/src/install/rosbot_gazebo:/root/ros2_code/humble/ros_bot/src/install/rosbot_bringup:/root/ros2_code/humble/ros_bot/src/install/rosbot_controller:/root/ros2_code/humble/ros_bot/install/rosbot_utils:/root/ros2_code/humble/ros_bot/install/rosbot_gazebo:/root/ros2_code/humble/ros_bot/install/rosbot_bringup:/root/ros2_code/humble/ros_bot/install/rosbot_controller:/root/ros2_code/humble/vision/install/path_planner_pkg:/root/ros2_code/humble/vision/install/nav2_api_pkg:/root/ros2_code/humble/vision/install/joystick_pkg:/root/ros2_code/humble/vision/install/cartographer_pkg:/root/ros2_code/humble/nav2class/install/autonomous_tb3:/root/ros2_code/humble/simulations/install/path_planner_server:/root/ros2_code/humble/simulations/install/map_server:/root/ros2_code/humble/simulations/install/localization_server:/opt/ros/humble /usr/bin/cmake --build /root/ros2_code/humble/ros_bot/src/build/rosbot_description -- -j12 -l12
[1.669s] Invoking command in '/root/ros2_code/humble/ros_bot/src/build/rosbot_description': CMAKE_PREFIX_PATH=${CMAKE_PREFIX_PATH}:/root/ros2_code/humble/ros_bot/src/install/rosbot_utils:/root/ros2_code/humble/ros_bot/src/install/rosbot_gazebo:/root/ros2_code/humble/ros_bot/src/install/rosbot_bringup:/root/ros2_code/humble/ros_bot/src/install/rosbot_controller:/root/ros2_code/humble/ros_bot/install/rosbot_utils:/root/ros2_code/humble/ros_bot/install/rosbot_gazebo:/root/ros2_code/humble/ros_bot/install/rosbot_bringup:/root/ros2_code/humble/ros_bot/install/rosbot_controller:/root/ros2_code/humble/vision/install/path_planner_pkg:/root/ros2_code/humble/vision/install/nav2_api_pkg:/root/ros2_code/humble/vision/install/joystick_pkg:/root/ros2_code/humble/vision/install/cartographer_pkg:/root/ros2_code/humble/nav2class/install/autonomous_tb3:/root/ros2_code/humble/simulations/install/path_planner_server:/root/ros2_code/humble/simulations/install/map_server:/root/ros2_code/humble/simulations/install/localization_server:/opt/ros/humble /usr/bin/cmake --install /root/ros2_code/humble/ros_bot/src/build/rosbot_description
[1.678s] -- Install configuration: ""
[1.678s] -- Up-to-date: /root/ros2_code/humble/ros_bot/src/install/rosbot_description/share/rosbot_description/meshes
[1.678s] -- Up-to-date: /root/ros2_code/humble/ros_bot/src/install/rosbot_description/share/rosbot_description/meshes/mecanum_b.dae
[1.678s] -- Up-to-date: /root/ros2_code/humble/ros_bot/src/install/rosbot_description/share/rosbot_description/meshes/mecanum_a.dae
[1.678s] -- Up-to-date: /root/ros2_code/humble/ros_bot/src/install/rosbot_description/share/rosbot_description/meshes/body.stl
[1.678s] -- Up-to-date: /root/ros2_code/humble/ros_bot/src/install/rosbot_description/share/rosbot_description/meshes/wheel_b.dae
[1.679s] -- Up-to-date: /root/ros2_code/humble/ros_bot/src/install/rosbot_description/share/rosbot_description/meshes/wheel_a.dae
[1.679s] -- Up-to-date: /root/ros2_code/humble/ros_bot/src/install/rosbot_description/share/rosbot_description/meshes/cover.stl
[1.679s] -- Up-to-date: /root/ros2_code/humble/ros_bot/src/install/rosbot_description/share/rosbot_description/urdf
[1.679s] -- Up-to-date: /root/ros2_code/humble/ros_bot/src/install/rosbot_description/share/rosbot_description/urdf/body.urdf.xacro
[1.679s] -- Up-to-date: /root/ros2_code/humble/ros_bot/src/install/rosbot_description/share/rosbot_description/urdf/components
[1.679s] -- Up-to-date: /root/ros2_code/humble/ros_bot/src/install/rosbot_description/share/rosbot_description/urdf/components/vl53lox.urdf.xacro
[1.679s] -- Up-to-date: /root/ros2_code/humble/ros_bot/src/install/rosbot_description/share/rosbot_description/urdf/wheel.urdf.xacro
[1.679s] -- Up-to-date: /root/ros2_code/humble/ros_bot/src/install/rosbot_description/share/rosbot_description/urdf/rosbot_macro.urdf.xacro
[1.679s] -- Up-to-date: /root/ros2_code/humble/ros_bot/src/install/rosbot_description/share/rosbot_description/urdf/rosbot.urdf.xacro
[1.679s] -- Up-to-date: /root/ros2_code/humble/ros_bot/src/install/rosbot_description/share/rosbot_description/environment/rosbot_description.sh
[1.680s] -- Up-to-date: /root/ros2_code/humble/ros_bot/src/install/rosbot_description/share/ament_index/resource_index/package_run_dependencies/rosbot_description
[1.680s] -- Up-to-date: /root/ros2_code/humble/ros_bot/src/install/rosbot_description/share/ament_index/resource_index/parent_prefix_path/rosbot_description
[1.680s] -- Up-to-date: /root/ros2_code/humble/ros_bot/src/install/rosbot_description/share/rosbot_description/environment/ament_prefix_path.sh
[1.681s] -- Up-to-date: /root/ros2_code/humble/ros_bot/src/install/rosbot_description/share/rosbot_description/environment/ament_prefix_path.dsv
[1.681s] -- Up-to-date: /root/ros2_code/humble/ros_bot/src/install/rosbot_description/share/rosbot_description/environment/path.sh
[1.681s] -- Up-to-date: /root/ros2_code/humble/ros_bot/src/install/rosbot_description/share/rosbot_description/environment/path.dsv
[1.681s] -- Up-to-date: /root/ros2_code/humble/ros_bot/src/install/rosbot_description/share/rosbot_description/local_setup.bash
[1.681s] -- Up-to-date: /root/ros2_code/humble/ros_bot/src/install/rosbot_description/share/rosbot_description/local_setup.sh
[1.681s] -- Up-to-date: /root/ros2_code/humble/ros_bot/src/install/rosbot_description/share/rosbot_description/local_setup.zsh
[1.691s] -- Up-to-date: /root/ros2_code/humble/ros_bot/src/install/rosbot_description/share/rosbot_description/local_setup.dsv
[1.692s] -- Installing: /root/ros2_code/humble/ros_bot/src/install/rosbot_description/share/rosbot_description/package.dsv
[1.694s] -- Up-to-date: /root/ros2_code/humble/ros_bot/src/install/rosbot_description/share/ament_index/resource_index/packages/rosbot_description
[1.694s] -- Up-to-date: /root/ros2_code/humble/ros_bot/src/install/rosbot_description/share/rosbot_description/cmake/rosbot_descriptionConfig.cmake
[1.695s] -- Up-to-date: /root/ros2_code/humble/ros_bot/src/install/rosbot_description/share/rosbot_description/cmake/rosbot_descriptionConfig-version.cmake
[1.695s] -- Up-to-date: /root/ros2_code/humble/ros_bot/src/install/rosbot_description/share/rosbot_description/package.xml
[1.865s] Invoked command in '/root/ros2_code/humble/ros_bot/src/build/rosbot_description' returned '0': CMAKE_PREFIX_PATH=${CMAKE_PREFIX_PATH}:/root/ros2_code/humble/ros_bot/src/install/rosbot_utils:/root/ros2_code/humble/ros_bot/src/install/rosbot_gazebo:/root/ros2_code/humble/ros_bot/src/install/rosbot_bringup:/root/ros2_code/humble/ros_bot/src/install/rosbot_controller:/root/ros2_code/humble/ros_bot/install/rosbot_utils:/root/ros2_code/humble/ros_bot/install/rosbot_gazebo:/root/ros2_code/humble/ros_bot/install/rosbot_bringup:/root/ros2_code/humble/ros_bot/install/rosbot_controller:/root/ros2_code/humble/vision/install/path_planner_pkg:/root/ros2_code/humble/vision/install/nav2_api_pkg:/root/ros2_code/humble/vision/install/joystick_pkg:/root/ros2_code/humble/vision/install/cartographer_pkg:/root/ros2_code/humble/nav2class/install/autonomous_tb3:/root/ros2_code/humble/simulations/install/path_planner_server:/root/ros2_code/humble/simulations/install/map_server:/root/ros2_code/humble/simulations/install/localization_server:/opt/ros/humble /usr/bin/cmake --install /root/ros2_code/humble/ros_bot/src/build/rosbot_description
