[35m[1mConsolidate compiler generated dependencies of target depthai_bridge[0m
[100%] Built target depthai_bridge
-- Install configuration: ""
-- Execute custom install script
-- Up-to-date symlink: /root/ros2_code/humble/dai_ws/install/depthai_bridge/share/depthai_bridge/environment/library_path.sh
-- Up-to-date symlink: /root/ros2_code/humble/dai_ws/install/depthai_bridge/share/depthai_bridge/environment/library_path.dsv
-- Up-to-date symlink: /root/ros2_code/humble/dai_ws/install/depthai_bridge/include//depthai_bridge/BridgePublisher.hpp
-- Up-to-date symlink: /root/ros2_code/humble/dai_ws/install/depthai_bridge/include//depthai_bridge/DisparityConverter.hpp
-- Up-to-date symlink: /root/ros2_code/humble/dai_ws/install/depthai_bridge/include//depthai_bridge/ImageConverter.hpp
-- Up-to-date symlink: /root/ros2_code/humble/dai_ws/install/depthai_bridge/include//depthai_bridge/ImgDetectionConverter.hpp
-- Up-to-date symlink: /root/ros2_code/humble/dai_ws/install/depthai_bridge/include//depthai_bridge/ImuConverter.hpp
-- Up-to-date symlink: /root/ros2_code/humble/dai_ws/install/depthai_bridge/include//depthai_bridge/SpatialDetectionConverter.hpp
-- Up-to-date symlink: /root/ros2_code/humble/dai_ws/install/depthai_bridge/include//depthai_bridge/TFPublisher.hpp
-- Up-to-date symlink: /root/ros2_code/humble/dai_ws/install/depthai_bridge/include//depthai_bridge/TrackedFeaturesConverter.hpp
-- Up-to-date symlink: /root/ros2_code/humble/dai_ws/install/depthai_bridge/include//depthai_bridge/depthaiUtility.hpp
-- Up-to-date symlink: /root/ros2_code/humble/dai_ws/install/depthai_bridge/share/depthai_bridge/rviz/pointCloud.rviz
-- Up-to-date symlink: /root/ros2_code/humble/dai_ws/install/depthai_bridge/share/ament_index/resource_index/package_run_dependencies/depthai_bridge
-- Up-to-date symlink: /root/ros2_code/humble/dai_ws/install/depthai_bridge/share/ament_index/resource_index/parent_prefix_path/depthai_bridge
-- Up-to-date symlink: /root/ros2_code/humble/dai_ws/install/depthai_bridge/share/depthai_bridge/environment/ament_prefix_path.sh
-- Up-to-date symlink: /root/ros2_code/humble/dai_ws/install/depthai_bridge/share/depthai_bridge/environment/ament_prefix_path.dsv
-- Up-to-date symlink: /root/ros2_code/humble/dai_ws/install/depthai_bridge/share/depthai_bridge/environment/path.sh
-- Up-to-date symlink: /root/ros2_code/humble/dai_ws/install/depthai_bridge/share/depthai_bridge/environment/path.dsv
-- Up-to-date symlink: /root/ros2_code/humble/dai_ws/install/depthai_bridge/share/depthai_bridge/local_setup.bash
-- Up-to-date symlink: /root/ros2_code/humble/dai_ws/install/depthai_bridge/share/depthai_bridge/local_setup.sh
-- Up-to-date symlink: /root/ros2_code/humble/dai_ws/install/depthai_bridge/share/depthai_bridge/local_setup.zsh
-- Up-to-date symlink: /root/ros2_code/humble/dai_ws/install/depthai_bridge/share/depthai_bridge/local_setup.dsv
-- Symlinking: /root/ros2_code/humble/dai_ws/install/depthai_bridge/share/depthai_bridge/package.dsv
-- Up-to-date symlink: /root/ros2_code/humble/dai_ws/install/depthai_bridge/share/ament_index/resource_index/packages/depthai_bridge
-- Up-to-date symlink: /root/ros2_code/humble/dai_ws/install/depthai_bridge/share/depthai_bridge/cmake/ament_cmake_export_targets-extras.cmake
-- Up-to-date symlink: /root/ros2_code/humble/dai_ws/install/depthai_bridge/share/depthai_bridge/cmake/ament_cmake_export_include_directories-extras.cmake
-- Up-to-date symlink: /root/ros2_code/humble/dai_ws/install/depthai_bridge/share/depthai_bridge/cmake/ament_cmake_export_libraries-extras.cmake
-- Up-to-date symlink: /root/ros2_code/humble/dai_ws/install/depthai_bridge/share/depthai_bridge/cmake/ament_cmake_export_dependencies-extras.cmake
-- Up-to-date symlink: /root/ros2_code/humble/dai_ws/install/depthai_bridge/share/depthai_bridge/cmake/depthai_bridgeConfig.cmake
-- Up-to-date symlink: /root/ros2_code/humble/dai_ws/install/depthai_bridge/share/depthai_bridge/cmake/depthai_bridgeConfig-version.cmake
-- Up-to-date symlink: /root/ros2_code/humble/dai_ws/install/depthai_bridge/share/depthai_bridge/package.xml
-- Up-to-date: /root/ros2_code/humble/dai_ws/install/depthai_bridge/lib/libdepthai_bridge.so
-- Up-to-date: /root/ros2_code/humble/dai_ws/install/depthai_bridge/share/depthai_bridge/cmake/depthai_bridgeTargets.cmake
-- Up-to-date: /root/ros2_code/humble/dai_ws/install/depthai_bridge/share/depthai_bridge/cmake/depthai_bridgeTargets-noconfig.cmake
-- Up-to-date: /root/ros2_code/humble/dai_ws/install/depthai_bridge/share/depthai_bridge/cmake/depthai_bridgeTargetsExport.cmake
-- Up-to-date: /root/ros2_code/humble/dai_ws/install/depthai_bridge/share/depthai_bridge/cmake/depthai_bridgeTargetsExport-noconfig.cmake
