[0.894s] Invoking command in '/root/ros2_code/humble/dai_ws/build/pointcloud_to_laserscan': CMAKE_PREFIX_PATH=${CMAKE_PREFIX_PATH}:/root/ros2_code/humble/learning/install/ball_tracker:/opt/ros/humble /usr/bin/cmake /root/ros2_code/humble/dai_ws/src/pointcloud_to_laserscan -DAMENT_CMAKE_SYMLINK_INSTALL=1 -DCMAKE_INSTALL_PREFIX=/root/ros2_code/humble/dai_ws/install/pointcloud_to_laserscan
[0.961s] -- Found ament_cmake_auto: 1.3.7 (/opt/ros/humble/share/ament_cmake_auto/cmake)
[1.646s] -- Override CMake install command with custom implementation using symlinks instead of copying resources
[2.171s] -- Found rosidl_generator_c: 3.1.5 (/opt/ros/humble/share/rosidl_generator_c/cmake)
[2.183s] -- Found rosidl_adapter: 3.1.5 (/opt/ros/humble/share/rosidl_adapter/cmake)
[2.218s] -- Found rosidl_generator_cpp: 3.1.5 (/opt/ros/humble/share/rosidl_generator_cpp/cmake)
[2.281s] -- Using all available rosidl_typesupport_c: rosidl_typesupport_fastrtps_c;rosidl_typesupport_introspection_c
[2.365s] -- Using all available rosidl_typesupport_cpp: rosidl_typesupport_fastrtps_cpp;rosidl_typesupport_introspection_cpp
[2.681s] -- Found rmw_implementation_cmake: 6.1.1 (/opt/ros/humble/share/rmw_implementation_cmake/cmake)
[2.692s] -- Found rmw_cyclonedds_cpp: 1.3.4 (/opt/ros/humble/share/rmw_cyclonedds_cpp/cmake)
[2.848s] -- Using RMW implementation 'rmw_cyclonedds_cpp' as default
[6.951s] -- Found ament_lint_auto: 0.12.10 (/opt/ros/humble/share/ament_lint_auto/cmake)
[7.018s] -- Added test 'cppcheck' to perform static code analysis on C / C++ code
[7.020s] -- Configured cppcheck include dirs: /root/ros2_code/humble/dai_ws/src/pointcloud_to_laserscan/include
[7.021s] -- Configured cppcheck exclude dirs and/or files: 
[7.036s] -- Added test 'cpplint' to check C / C++ code against the Google style
[7.036s] -- Configured cpplint exclude dirs and/or files: 
[7.040s] -- Added test 'flake8' to check Python code syntax and style conventions
[7.046s] -- Added test 'lint_cmake' to check CMake code style
[7.050s] -- Added test 'pep257' to check Python code against some of the docstring style conventions in PEP 257
[7.068s] -- Added test 'uncrustify' to check C / C++ code style
[7.068s] -- Configured uncrustify additional arguments: 
[7.071s] -- Added test 'xmllint' to check XML markup files
[7.083s] -- Configuring done
[7.264s] -- Generating done
[7.273s] -- Build files have been written to: /root/ros2_code/humble/dai_ws/build/pointcloud_to_laserscan
[7.297s] Invoked command in '/root/ros2_code/humble/dai_ws/build/pointcloud_to_laserscan' returned '0': CMAKE_PREFIX_PATH=${CMAKE_PREFIX_PATH}:/root/ros2_code/humble/learning/install/ball_tracker:/opt/ros/humble /usr/bin/cmake /root/ros2_code/humble/dai_ws/src/pointcloud_to_laserscan -DAMENT_CMAKE_SYMLINK_INSTALL=1 -DCMAKE_INSTALL_PREFIX=/root/ros2_code/humble/dai_ws/install/pointcloud_to_laserscan
[7.305s] Invoking command in '/root/ros2_code/humble/dai_ws/build/pointcloud_to_laserscan': CMAKE_PREFIX_PATH=${CMAKE_PREFIX_PATH}:/root/ros2_code/humble/learning/install/ball_tracker:/opt/ros/humble /usr/bin/cmake --build /root/ros2_code/humble/dai_ws/build/pointcloud_to_laserscan -- -j12 -l12
[7.509s] [35m[1mConsolidate compiler generated dependencies of target laserscan_to_pointcloud[0m
[7.518s] [35m[1mConsolidate compiler generated dependencies of target laserscan_to_pointcloud_node[0m
[7.518s] [35m[1mConsolidate compiler generated dependencies of target pointcloud_to_laserscan_node[0m
[7.621s] [ 20%] Built target laserscan_to_pointcloud
[7.622s] [ 40%] Built target laserscan_to_pointcloud_node
[7.626s] [ 60%] Built target pointcloud_to_laserscan_node
[7.678s] [35m[1mConsolidate compiler generated dependencies of target pointcloud_to_laserscan[0m
[7.791s] [ 80%] Built target pointcloud_to_laserscan
[7.847s] [35m[1mConsolidate compiler generated dependencies of target dummy_pointcloud_publisher[0m
[7.936s] [100%] Built target dummy_pointcloud_publisher
[7.985s] Invoked command in '/root/ros2_code/humble/dai_ws/build/pointcloud_to_laserscan' returned '0': CMAKE_PREFIX_PATH=${CMAKE_PREFIX_PATH}:/root/ros2_code/humble/learning/install/ball_tracker:/opt/ros/humble /usr/bin/cmake --build /root/ros2_code/humble/dai_ws/build/pointcloud_to_laserscan -- -j12 -l12
[8.251s] Invoking command in '/root/ros2_code/humble/dai_ws/build/pointcloud_to_laserscan': CMAKE_PREFIX_PATH=${CMAKE_PREFIX_PATH}:/root/ros2_code/humble/learning/install/ball_tracker:/opt/ros/humble /usr/bin/cmake --install /root/ros2_code/humble/dai_ws/build/pointcloud_to_laserscan
[8.282s] -- Install configuration: ""
[8.284s] -- Execute custom install script
[8.285s] -- Up-to-date symlink: /root/ros2_code/humble/dai_ws/install/pointcloud_to_laserscan/lib/pointcloud_to_laserscan/laserscan_to_pointcloud_node
[8.287s] -- Up-to-date symlink: /root/ros2_code/humble/dai_ws/install/pointcloud_to_laserscan/lib/pointcloud_to_laserscan/pointcloud_to_laserscan_node
[8.289s] -- Up-to-date symlink: /root/ros2_code/humble/dai_ws/install/pointcloud_to_laserscan/include/pointcloud_to_laserscan/laserscan_to_pointcloud_node.hpp
[8.290s] -- Up-to-date symlink: /root/ros2_code/humble/dai_ws/install/pointcloud_to_laserscan/include/pointcloud_to_laserscan/pointcloud_to_laserscan_node.hpp
[8.290s] -- Up-to-date symlink: /root/ros2_code/humble/dai_ws/install/pointcloud_to_laserscan/include/pointcloud_to_laserscan/visibility_control.h
[8.291s] -- Up-to-date symlink: /root/ros2_code/humble/dai_ws/install/pointcloud_to_laserscan/share/pointcloud_to_laserscan/environment/library_path.sh
[8.291s] -- Up-to-date symlink: /root/ros2_code/humble/dai_ws/install/pointcloud_to_laserscan/share/pointcloud_to_laserscan/environment/library_path.dsv
[8.293s] -- Up-to-date symlink: /root/ros2_code/humble/dai_ws/install/pointcloud_to_laserscan/lib/liblaserscan_to_pointcloud.so
[8.294s] -- Up-to-date symlink: /root/ros2_code/humble/dai_ws/install/pointcloud_to_laserscan/lib/libpointcloud_to_laserscan.so
[8.296s] -- Up-to-date symlink: /root/ros2_code/humble/dai_ws/install/pointcloud_to_laserscan/lib/pointcloud_to_laserscan/dummy_pointcloud_publisher
[8.298s] -- Up-to-date symlink: /root/ros2_code/humble/dai_ws/install/pointcloud_to_laserscan/share/pointcloud_to_laserscan/launch/sample_laserscan_to_pointcloud_launch.py
[8.299s] -- Up-to-date symlink: /root/ros2_code/humble/dai_ws/install/pointcloud_to_laserscan/share/pointcloud_to_laserscan/launch/sample_pointcloud_to_laserscan_launch.py
[8.299s] -- Up-to-date symlink: /root/ros2_code/humble/dai_ws/install/pointcloud_to_laserscan/share/ament_index/resource_index/package_run_dependencies/pointcloud_to_laserscan
[8.300s] -- Up-to-date symlink: /root/ros2_code/humble/dai_ws/install/pointcloud_to_laserscan/share/ament_index/resource_index/parent_prefix_path/pointcloud_to_laserscan
[8.301s] -- Up-to-date symlink: /root/ros2_code/humble/dai_ws/install/pointcloud_to_laserscan/share/pointcloud_to_laserscan/environment/ament_prefix_path.sh
[8.302s] -- Up-to-date symlink: /root/ros2_code/humble/dai_ws/install/pointcloud_to_laserscan/share/pointcloud_to_laserscan/environment/ament_prefix_path.dsv
[8.302s] -- Up-to-date symlink: /root/ros2_code/humble/dai_ws/install/pointcloud_to_laserscan/share/pointcloud_to_laserscan/environment/path.sh
[8.303s] -- Up-to-date symlink: /root/ros2_code/humble/dai_ws/install/pointcloud_to_laserscan/share/pointcloud_to_laserscan/environment/path.dsv
[8.304s] -- Up-to-date symlink: /root/ros2_code/humble/dai_ws/install/pointcloud_to_laserscan/share/pointcloud_to_laserscan/local_setup.bash
[8.305s] -- Up-to-date symlink: /root/ros2_code/humble/dai_ws/install/pointcloud_to_laserscan/share/pointcloud_to_laserscan/local_setup.sh
[8.305s] -- Up-to-date symlink: /root/ros2_code/humble/dai_ws/install/pointcloud_to_laserscan/share/pointcloud_to_laserscan/local_setup.zsh
[8.306s] -- Up-to-date symlink: /root/ros2_code/humble/dai_ws/install/pointcloud_to_laserscan/share/pointcloud_to_laserscan/local_setup.dsv
[8.307s] -- Symlinking: /root/ros2_code/humble/dai_ws/install/pointcloud_to_laserscan/share/pointcloud_to_laserscan/package.dsv
[8.346s] -- Up-to-date symlink: /root/ros2_code/humble/dai_ws/install/pointcloud_to_laserscan/share/ament_index/resource_index/packages/pointcloud_to_laserscan
[8.347s] -- Up-to-date symlink: /root/ros2_code/humble/dai_ws/install/pointcloud_to_laserscan/share/ament_index/resource_index/rclcpp_components/pointcloud_to_laserscan
[8.348s] -- Up-to-date symlink: /root/ros2_code/humble/dai_ws/install/pointcloud_to_laserscan/share/pointcloud_to_laserscan/cmake/ament_cmake_export_dependencies-extras.cmake
[8.350s] -- Up-to-date symlink: /root/ros2_code/humble/dai_ws/install/pointcloud_to_laserscan/share/pointcloud_to_laserscan/cmake/ament_cmake_export_include_directories-extras.cmake
[8.351s] -- Up-to-date symlink: /root/ros2_code/humble/dai_ws/install/pointcloud_to_laserscan/share/pointcloud_to_laserscan/cmake/ament_cmake_export_libraries-extras.cmake
[8.352s] -- Up-to-date symlink: /root/ros2_code/humble/dai_ws/install/pointcloud_to_laserscan/share/pointcloud_to_laserscan/cmake/pointcloud_to_laserscanConfig.cmake
[8.353s] -- Up-to-date symlink: /root/ros2_code/humble/dai_ws/install/pointcloud_to_laserscan/share/pointcloud_to_laserscan/cmake/pointcloud_to_laserscanConfig-version.cmake
[8.354s] -- Up-to-date symlink: /root/ros2_code/humble/dai_ws/install/pointcloud_to_laserscan/share/pointcloud_to_laserscan/package.xml
[8.362s] Invoked command in '/root/ros2_code/humble/dai_ws/build/pointcloud_to_laserscan' returned '0': CMAKE_PREFIX_PATH=${CMAKE_PREFIX_PATH}:/root/ros2_code/humble/learning/install/ball_tracker:/opt/ros/humble /usr/bin/cmake --install /root/ros2_code/humble/dai_ws/build/pointcloud_to_laserscan
