[2.147s] Invoking command in '/root/ros2_code/humble/vision/src/nav2_pkgs/nav2_api_pkg': PYTHONPATH=/root/ros2_code/humble/vision/build/nav2_api_pkg/prefix_override:/root/ros2_code/humble/vision/install/nav2_api_pkg/lib/python3.10/site-packages:${PYTHONPATH} /usr/bin/python3 setup.py egg_info --egg-base ../../../build/nav2_api_pkg build --build-base /root/ros2_code/humble/vision/build/nav2_api_pkg/build install --record /root/ros2_code/humble/vision/build/nav2_api_pkg/install.log --single-version-externally-managed
[2.446s] running egg_info
[2.447s] writing ../../../build/nav2_api_pkg/nav2_api_pkg.egg-info/PKG-INFO
[2.447s] writing dependency_links to ../../../build/nav2_api_pkg/nav2_api_pkg.egg-info/dependency_links.txt
[2.447s] writing entry points to ../../../build/nav2_api_pkg/nav2_api_pkg.egg-info/entry_points.txt
[2.447s] writing requirements to ../../../build/nav2_api_pkg/nav2_api_pkg.egg-info/requires.txt
[2.447s] writing top-level names to ../../../build/nav2_api_pkg/nav2_api_pkg.egg-info/top_level.txt
[2.449s] reading manifest file '../../../build/nav2_api_pkg/nav2_api_pkg.egg-info/SOURCES.txt'
[2.450s] writing manifest file '../../../build/nav2_api_pkg/nav2_api_pkg.egg-info/SOURCES.txt'
[2.450s] running build
[2.451s] running build_py
[2.451s] running install
[2.452s] running install_lib
[2.453s] running install_data
[2.453s] running install_egg_info
[2.455s] removing '/root/ros2_code/humble/vision/install/nav2_api_pkg/lib/python3.10/site-packages/nav2_api_pkg-0.0.0-py3.10.egg-info' (and everything under it)
[2.456s] Copying ../../../build/nav2_api_pkg/nav2_api_pkg.egg-info to /root/ros2_code/humble/vision/install/nav2_api_pkg/lib/python3.10/site-packages/nav2_api_pkg-0.0.0-py3.10.egg-info
[2.457s] running install_scripts
[2.487s] writing list of installed files to '/root/ros2_code/humble/vision/build/nav2_api_pkg/install.log'
[2.652s] Invoked command in '/root/ros2_code/humble/vision/src/nav2_pkgs/nav2_api_pkg' returned '0': PYTHONPATH=/root/ros2_code/humble/vision/build/nav2_api_pkg/prefix_override:/root/ros2_code/humble/vision/install/nav2_api_pkg/lib/python3.10/site-packages:${PYTHONPATH} /usr/bin/python3 setup.py egg_info --egg-base ../../../build/nav2_api_pkg build --build-base /root/ros2_code/humble/vision/build/nav2_api_pkg/build install --record /root/ros2_code/humble/vision/build/nav2_api_pkg/install.log --single-version-externally-managed
