[0.346s] Invoking command in '/root/ros2_code/humble/simulations/build/neo_localization2': AMENT_PREFIX_PATH=/root/ros2_code/humble/simulations/install/neo_common2:${AMENT_PREFIX_PATH} CMAKE_PREFIX_PATH=/root/ros2_code/humble/simulations/install/neo_common2:/root/ros2_code/simulations/warehouse_ws/install/aws_robomaker_small_warehouse_world:/root/ros2_code/simulations/warehouse_ws/install/amazon_robot_msg:/root/ros2_code/simulations/warehouse_ws/install/amazon_robot_gazebo:/root/ros2_code/simulations/warehouse_ws/install/amazon_robot_description:/root/ros2_code/simulations/warehouse_ws/install/amazon_robot_bringup:/root/ros2_code/humble/vision/install/slam_pkg:/root/ros2_code/humble/vision/install/diff_robot_pkg:/root/ros2_code/humble/frc9202/install/yolov8_msgs:/root/ros2_code/humble/frc9202/install/yolo_recognition:/root/ros2_code/humble/frc9202/install/gazebo_setup_pkg:/root/ros2_code/humble/surround_view_ros/install/omni_robot_description:/root/ros2_code/humble/surround_view_ros/install/omni_control:/root/ros2_code/humble/surround_view_ros/install/gazebo_simulation:/root/ros2_code/simulations/warehouse_ws/install/amazon_robot_gazebo_spawner:/root/ros2_code/humble/vision/install/joystick_pkg:/opt/ros/humble /usr/bin/cmake --build /root/ros2_code/humble/simulations/build/neo_localization2 -- -j12 -l12
[0.396s] [35m[1mConsolidate compiler generated dependencies of target neo_localization_node[0m
[0.421s] [100%] Built target neo_localization_node
[0.493s] Invoked command in '/root/ros2_code/humble/simulations/build/neo_localization2' returned '0': AMENT_PREFIX_PATH=/root/ros2_code/humble/simulations/install/neo_common2:${AMENT_PREFIX_PATH} CMAKE_PREFIX_PATH=/root/ros2_code/humble/simulations/install/neo_common2:/root/ros2_code/simulations/warehouse_ws/install/aws_robomaker_small_warehouse_world:/root/ros2_code/simulations/warehouse_ws/install/amazon_robot_msg:/root/ros2_code/simulations/warehouse_ws/install/amazon_robot_gazebo:/root/ros2_code/simulations/warehouse_ws/install/amazon_robot_description:/root/ros2_code/simulations/warehouse_ws/install/amazon_robot_bringup:/root/ros2_code/humble/vision/install/slam_pkg:/root/ros2_code/humble/vision/install/diff_robot_pkg:/root/ros2_code/humble/frc9202/install/yolov8_msgs:/root/ros2_code/humble/frc9202/install/yolo_recognition:/root/ros2_code/humble/frc9202/install/gazebo_setup_pkg:/root/ros2_code/humble/surround_view_ros/install/omni_robot_description:/root/ros2_code/humble/surround_view_ros/install/omni_control:/root/ros2_code/humble/surround_view_ros/install/gazebo_simulation:/root/ros2_code/simulations/warehouse_ws/install/amazon_robot_gazebo_spawner:/root/ros2_code/humble/vision/install/joystick_pkg:/opt/ros/humble /usr/bin/cmake --build /root/ros2_code/humble/simulations/build/neo_localization2 -- -j12 -l12
[0.519s] Invoking command in '/root/ros2_code/humble/simulations/build/neo_localization2': AMENT_PREFIX_PATH=/root/ros2_code/humble/simulations/install/neo_common2:${AMENT_PREFIX_PATH} CMAKE_PREFIX_PATH=/root/ros2_code/humble/simulations/install/neo_common2:/root/ros2_code/simulations/warehouse_ws/install/aws_robomaker_small_warehouse_world:/root/ros2_code/simulations/warehouse_ws/install/amazon_robot_msg:/root/ros2_code/simulations/warehouse_ws/install/amazon_robot_gazebo:/root/ros2_code/simulations/warehouse_ws/install/amazon_robot_description:/root/ros2_code/simulations/warehouse_ws/install/amazon_robot_bringup:/root/ros2_code/humble/vision/install/slam_pkg:/root/ros2_code/humble/vision/install/diff_robot_pkg:/root/ros2_code/humble/frc9202/install/yolov8_msgs:/root/ros2_code/humble/frc9202/install/yolo_recognition:/root/ros2_code/humble/frc9202/install/gazebo_setup_pkg:/root/ros2_code/humble/surround_view_ros/install/omni_robot_description:/root/ros2_code/humble/surround_view_ros/install/omni_control:/root/ros2_code/humble/surround_view_ros/install/gazebo_simulation:/root/ros2_code/simulations/warehouse_ws/install/amazon_robot_gazebo_spawner:/root/ros2_code/humble/vision/install/joystick_pkg:/opt/ros/humble /usr/bin/cmake --install /root/ros2_code/humble/simulations/build/neo_localization2
[0.531s] -- Install configuration: "Release"
[0.531s] -- Up-to-date: /root/ros2_code/humble/simulations/install/neo_localization2/share/neo_localization2/environment/library_path.sh
[0.531s] -- Up-to-date: /root/ros2_code/humble/simulations/install/neo_localization2/share/neo_localization2/environment/library_path.dsv
[0.532s] -- Up-to-date: /root/ros2_code/humble/simulations/install/neo_localization2/include/
[0.532s] -- Up-to-date: /root/ros2_code/humble/simulations/install/neo_localization2/include//neo_localization
[0.532s] -- Up-to-date: /root/ros2_code/humble/simulations/install/neo_localization2/include//neo_localization/GridMap.h
[0.532s] -- Up-to-date: /root/ros2_code/humble/simulations/install/neo_localization2/include//neo_localization/Util.h
[0.533s] -- Up-to-date: /root/ros2_code/humble/simulations/install/neo_localization2/include//neo_localization/Convert.h
[0.533s] -- Up-to-date: /root/ros2_code/humble/simulations/install/neo_localization2/include//neo_localization/Solver.h
[0.539s] -- Up-to-date: /root/ros2_code/humble/simulations/install/neo_localization2/lib/neo_localization2/neo_localization_node
[0.540s] -- Up-to-date: /root/ros2_code/humble/simulations/install/neo_localization2/share/neo_localization2/launch
[0.540s] -- Up-to-date: /root/ros2_code/humble/simulations/install/neo_localization2/share/neo_localization2/launch/test_setup.launch.py
[0.540s] -- Up-to-date: /root/ros2_code/humble/simulations/install/neo_localization2/share/neo_localization2/launch/test_setup.yaml
[0.540s] -- Up-to-date: /root/ros2_code/humble/simulations/install/neo_localization2/share/ament_index/resource_index/package_run_dependencies/neo_localization2
[0.541s] -- Up-to-date: /root/ros2_code/humble/simulations/install/neo_localization2/share/ament_index/resource_index/parent_prefix_path/neo_localization2
[0.541s] -- Up-to-date: /root/ros2_code/humble/simulations/install/neo_localization2/share/neo_localization2/environment/ament_prefix_path.sh
[0.541s] -- Up-to-date: /root/ros2_code/humble/simulations/install/neo_localization2/share/neo_localization2/environment/ament_prefix_path.dsv
[0.542s] -- Up-to-date: /root/ros2_code/humble/simulations/install/neo_localization2/share/neo_localization2/environment/path.sh
[0.542s] -- Up-to-date: /root/ros2_code/humble/simulations/install/neo_localization2/share/neo_localization2/environment/path.dsv
[0.542s] -- Up-to-date: /root/ros2_code/humble/simulations/install/neo_localization2/share/neo_localization2/local_setup.bash
[0.542s] -- Up-to-date: /root/ros2_code/humble/simulations/install/neo_localization2/share/neo_localization2/local_setup.sh
[0.543s] -- Up-to-date: /root/ros2_code/humble/simulations/install/neo_localization2/share/neo_localization2/local_setup.zsh
[0.543s] -- Up-to-date: /root/ros2_code/humble/simulations/install/neo_localization2/share/neo_localization2/local_setup.dsv
[0.543s] -- Installing: /root/ros2_code/humble/simulations/install/neo_localization2/share/neo_localization2/package.dsv
[0.545s] -- Up-to-date: /root/ros2_code/humble/simulations/install/neo_localization2/share/ament_index/resource_index/packages/neo_localization2
[0.545s] -- Up-to-date: /root/ros2_code/humble/simulations/install/neo_localization2/share/neo_localization2/cmake/ament_cmake_export_include_directories-extras.cmake
[0.545s] -- Up-to-date: /root/ros2_code/humble/simulations/install/neo_localization2/share/neo_localization2/cmake/ament_cmake_export_libraries-extras.cmake
[0.545s] -- Up-to-date: /root/ros2_code/humble/simulations/install/neo_localization2/share/neo_localization2/cmake/ament_cmake_export_dependencies-extras.cmake
[0.545s] -- Up-to-date: /root/ros2_code/humble/simulations/install/neo_localization2/share/neo_localization2/cmake/neo_localization2Config.cmake
[0.545s] -- Up-to-date: /root/ros2_code/humble/simulations/install/neo_localization2/share/neo_localization2/cmake/neo_localization2Config-version.cmake
[0.545s] -- Up-to-date: /root/ros2_code/humble/simulations/install/neo_localization2/share/neo_localization2/package.xml
[0.550s] Invoked command in '/root/ros2_code/humble/simulations/build/neo_localization2' returned '0': AMENT_PREFIX_PATH=/root/ros2_code/humble/simulations/install/neo_common2:${AMENT_PREFIX_PATH} CMAKE_PREFIX_PATH=/root/ros2_code/humble/simulations/install/neo_common2:/root/ros2_code/simulations/warehouse_ws/install/aws_robomaker_small_warehouse_world:/root/ros2_code/simulations/warehouse_ws/install/amazon_robot_msg:/root/ros2_code/simulations/warehouse_ws/install/amazon_robot_gazebo:/root/ros2_code/simulations/warehouse_ws/install/amazon_robot_description:/root/ros2_code/simulations/warehouse_ws/install/amazon_robot_bringup:/root/ros2_code/humble/vision/install/slam_pkg:/root/ros2_code/humble/vision/install/diff_robot_pkg:/root/ros2_code/humble/frc9202/install/yolov8_msgs:/root/ros2_code/humble/frc9202/install/yolo_recognition:/root/ros2_code/humble/frc9202/install/gazebo_setup_pkg:/root/ros2_code/humble/surround_view_ros/install/omni_robot_description:/root/ros2_code/humble/surround_view_ros/install/omni_control:/root/ros2_code/humble/surround_view_ros/install/gazebo_simulation:/root/ros2_code/simulations/warehouse_ws/install/amazon_robot_gazebo_spawner:/root/ros2_code/humble/vision/install/joystick_pkg:/opt/ros/humble /usr/bin/cmake --install /root/ros2_code/humble/simulations/build/neo_localization2
