[3.453s] Invoking command in '/root/ros2_code/humble/tc_ros2_nav/src/navigation': PYTHONPATH=/root/ros2_code/humble/tc_ros2_nav/build/navigation/prefix_override:/root/ros2_code/humble/tc_ros2_nav/install/navigation/lib/python3.10/site-packages:${PYTHONPATH} /usr/bin/python3 setup.py egg_info --egg-base ../../build/navigation build --build-base /root/ros2_code/humble/tc_ros2_nav/build/navigation/build install --record /root/ros2_code/humble/tc_ros2_nav/build/navigation/install.log --single-version-externally-managed
[3.861s] running egg_info
[3.862s] writing ../../build/navigation/navigation.egg-info/PKG-INFO
[3.862s] writing dependency_links to ../../build/navigation/navigation.egg-info/dependency_links.txt
[3.862s] writing entry points to ../../build/navigation/navigation.egg-info/entry_points.txt
[3.862s] writing requirements to ../../build/navigation/navigation.egg-info/requires.txt
[3.862s] writing top-level names to ../../build/navigation/navigation.egg-info/top_level.txt
[3.865s] reading manifest file '../../build/navigation/navigation.egg-info/SOURCES.txt'
[3.866s] writing manifest file '../../build/navigation/navigation.egg-info/SOURCES.txt'
[3.866s] running build
[3.867s] running build_py
[3.867s] running install
[3.867s] running install_lib
[3.869s] running install_data
[3.870s] copying config/nav2_params.yaml -> /root/ros2_code/humble/tc_ros2_nav/install/navigation/share/navigation/config
[3.870s] copying config/nav2_params copy.yaml -> /root/ros2_code/humble/tc_ros2_nav/install/navigation/share/navigation/config
[3.871s] running install_egg_info
[3.873s] removing '/root/ros2_code/humble/tc_ros2_nav/install/navigation/lib/python3.10/site-packages/navigation-0.0.0-py3.10.egg-info' (and everything under it)
[3.873s] Copying ../../build/navigation/navigation.egg-info to /root/ros2_code/humble/tc_ros2_nav/install/navigation/lib/python3.10/site-packages/navigation-0.0.0-py3.10.egg-info
[3.875s] running install_scripts
[3.904s] writing list of installed files to '/root/ros2_code/humble/tc_ros2_nav/build/navigation/install.log'
[4.026s] Invoked command in '/root/ros2_code/humble/tc_ros2_nav/src/navigation' returned '0': PYTHONPATH=/root/ros2_code/humble/tc_ros2_nav/build/navigation/prefix_override:/root/ros2_code/humble/tc_ros2_nav/install/navigation/lib/python3.10/site-packages:${PYTHONPATH} /usr/bin/python3 setup.py egg_info --egg-base ../../build/navigation build --build-base /root/ros2_code/humble/tc_ros2_nav/build/navigation/build install --record /root/ros2_code/humble/tc_ros2_nav/build/navigation/install.log --single-version-externally-managed
