[0.840s] DEBUG:colcon:Command line arguments: ['/usr/bin/colcon', 'build']
[0.840s] DEBUG:colcon:Parsed command line arguments: Namespace(log_base=None, log_level=None, verb_name='build', build_base='build', install_base='install', merge_install=False, symlink_install=False, test_result_base=None, continue_on_error=False, executor='parallel', parallel_workers=12, event_handlers=None, ignore_user_meta=False, metas=['./colcon.meta'], base_paths=['.'], packages_ignore=None, packages_ignore_regex=None, paths=None, packages_up_to=None, packages_up_to_regex=None, packages_above=None, packages_above_and_dependencies=None, packages_above_depth=None, packages_select_by_dep=None, packages_skip_by_dep=None, packages_skip_up_to=None, packages_select_build_failed=False, packages_skip_build_finished=False, packages_select_test_failures=False, packages_skip_test_passed=False, packages_select=None, packages_skip=None, packages_select_regex=None, packages_skip_regex=None, packages_start=None, packages_end=None, cmake_args=None, cmake_target=None, cmake_target_skip_unavailable=False, cmake_clean_cache=False, cmake_clean_first=False, cmake_force_configure=False, ament_cmake_args=None, catkin_cmake_args=None, catkin_skip_building_tests=False, verb_parser=<colcon_defaults.argument_parser.defaults.DefaultArgumentsDecorator object at 0x7f10692c1240>, verb_extension=<colcon_core.verb.build.BuildVerb object at 0x7f10692c1720>, main=<bound method BuildVerb.main of <colcon_core.verb.build.BuildVerb object at 0x7f10692c1720>>)
[0.878s] Level 1:colcon.colcon_core.package_discovery:discover_packages(colcon_meta) check parameters
[0.878s] Level 1:colcon.colcon_core.package_discovery:discover_packages(recursive) check parameters
[0.878s] Level 1:colcon.colcon_core.package_discovery:discover_packages(ignore) check parameters
[0.878s] Level 1:colcon.colcon_core.package_discovery:discover_packages(path) check parameters
[0.878s] Level 1:colcon.colcon_core.package_discovery:discover_packages(colcon_meta) discover
[0.878s] Level 1:colcon.colcon_core.package_discovery:discover_packages(recursive) discover
[0.879s] INFO:colcon.colcon_core.package_discovery:Crawling recursively for packages in '/root/ros2_code/humble/tc_ros2_nav'
[0.879s] Level 1:colcon.colcon_core.package_identification:_identify(.) by extensions ['ignore', 'ignore_ament_install']
[0.879s] Level 1:colcon.colcon_core.package_identification:_identify(.) by extension 'ignore'
[0.879s] Level 1:colcon.colcon_core.package_identification:_identify(.) by extension 'ignore_ament_install'
[0.879s] Level 1:colcon.colcon_core.package_identification:_identify(.) by extensions ['colcon_pkg']
[0.879s] Level 1:colcon.colcon_core.package_identification:_identify(.) by extension 'colcon_pkg'
[0.879s] Level 1:colcon.colcon_core.package_identification:_identify(.) by extensions ['colcon_meta']
[0.879s] Level 1:colcon.colcon_core.package_identification:_identify(.) by extension 'colcon_meta'
[0.879s] Level 1:colcon.colcon_core.package_identification:_identify(.) by extensions ['ros']
[0.879s] Level 1:colcon.colcon_core.package_identification:_identify(.) by extension 'ros'
[0.887s] Level 1:colcon.colcon_core.package_identification:_identify(.) by extensions ['cmake', 'python']
[0.887s] Level 1:colcon.colcon_core.package_identification:_identify(.) by extension 'cmake'
[0.887s] Level 1:colcon.colcon_core.package_identification:_identify(.) by extension 'python'
[0.888s] Level 1:colcon.colcon_core.package_identification:_identify(.) by extensions ['python_setup_py']
[0.888s] Level 1:colcon.colcon_core.package_identification:_identify(.) by extension 'python_setup_py'
[0.888s] Level 1:colcon.colcon_core.package_identification:_identify(build) by extensions ['ignore', 'ignore_ament_install']
[0.888s] Level 1:colcon.colcon_core.package_identification:_identify(build) by extension 'ignore'
[0.888s] Level 1:colcon.colcon_core.package_identification:_identify(build) ignored
[0.888s] Level 1:colcon.colcon_core.package_identification:_identify(install) by extensions ['ignore', 'ignore_ament_install']
[0.888s] Level 1:colcon.colcon_core.package_identification:_identify(install) by extension 'ignore'
[0.888s] Level 1:colcon.colcon_core.package_identification:_identify(install) ignored
[0.888s] Level 1:colcon.colcon_core.package_identification:_identify(log) by extensions ['ignore', 'ignore_ament_install']
[0.888s] Level 1:colcon.colcon_core.package_identification:_identify(log) by extension 'ignore'
[0.888s] Level 1:colcon.colcon_core.package_identification:_identify(log) ignored
[0.888s] Level 1:colcon.colcon_core.package_identification:_identify(src) by extensions ['ignore', 'ignore_ament_install']
[0.888s] Level 1:colcon.colcon_core.package_identification:_identify(src) by extension 'ignore'
[0.888s] Level 1:colcon.colcon_core.package_identification:_identify(src) by extension 'ignore_ament_install'
[0.888s] Level 1:colcon.colcon_core.package_identification:_identify(src) by extensions ['colcon_pkg']
[0.888s] Level 1:colcon.colcon_core.package_identification:_identify(src) by extension 'colcon_pkg'
[0.888s] Level 1:colcon.colcon_core.package_identification:_identify(src) by extensions ['colcon_meta']
[0.888s] Level 1:colcon.colcon_core.package_identification:_identify(src) by extension 'colcon_meta'
[0.888s] Level 1:colcon.colcon_core.package_identification:_identify(src) by extensions ['ros']
[0.888s] Level 1:colcon.colcon_core.package_identification:_identify(src) by extension 'ros'
[0.889s] Level 1:colcon.colcon_core.package_identification:_identify(src) by extensions ['cmake', 'python']
[0.889s] Level 1:colcon.colcon_core.package_identification:_identify(src) by extension 'cmake'
[0.889s] Level 1:colcon.colcon_core.package_identification:_identify(src) by extension 'python'
[0.889s] Level 1:colcon.colcon_core.package_identification:_identify(src) by extensions ['python_setup_py']
[0.889s] Level 1:colcon.colcon_core.package_identification:_identify(src) by extension 'python_setup_py'
[0.889s] Level 1:colcon.colcon_core.package_identification:_identify(src/ros2_nav_files) by extensions ['ignore', 'ignore_ament_install']
[0.889s] Level 1:colcon.colcon_core.package_identification:_identify(src/ros2_nav_files) by extension 'ignore'
[0.889s] Level 1:colcon.colcon_core.package_identification:_identify(src/ros2_nav_files) by extension 'ignore_ament_install'
[0.889s] Level 1:colcon.colcon_core.package_identification:_identify(src/ros2_nav_files) by extensions ['colcon_pkg']
[0.889s] Level 1:colcon.colcon_core.package_identification:_identify(src/ros2_nav_files) by extension 'colcon_pkg'
[0.889s] Level 1:colcon.colcon_core.package_identification:_identify(src/ros2_nav_files) by extensions ['colcon_meta']
[0.889s] Level 1:colcon.colcon_core.package_identification:_identify(src/ros2_nav_files) by extension 'colcon_meta'
[0.889s] Level 1:colcon.colcon_core.package_identification:_identify(src/ros2_nav_files) by extensions ['ros']
[0.889s] Level 1:colcon.colcon_core.package_identification:_identify(src/ros2_nav_files) by extension 'ros'
[0.889s] Level 1:colcon.colcon_core.package_identification:_identify(src/ros2_nav_files) by extensions ['cmake', 'python']
[0.889s] Level 1:colcon.colcon_core.package_identification:_identify(src/ros2_nav_files) by extension 'cmake'
[0.889s] Level 1:colcon.colcon_core.package_identification:_identify(src/ros2_nav_files) by extension 'python'
[0.889s] Level 1:colcon.colcon_core.package_identification:_identify(src/ros2_nav_files) by extensions ['python_setup_py']
[0.889s] Level 1:colcon.colcon_core.package_identification:_identify(src/ros2_nav_files) by extension 'python_setup_py'
[0.889s] Level 1:colcon.colcon_core.package_identification:_identify(src/ros2_nav_files/nav2_course) by extensions ['ignore', 'ignore_ament_install']
[0.889s] Level 1:colcon.colcon_core.package_identification:_identify(src/ros2_nav_files/nav2_course) by extension 'ignore'
[0.889s] Level 1:colcon.colcon_core.package_identification:_identify(src/ros2_nav_files/nav2_course) by extension 'ignore_ament_install'
[0.889s] Level 1:colcon.colcon_core.package_identification:_identify(src/ros2_nav_files/nav2_course) by extensions ['colcon_pkg']
[0.889s] Level 1:colcon.colcon_core.package_identification:_identify(src/ros2_nav_files/nav2_course) by extension 'colcon_pkg'
[0.889s] Level 1:colcon.colcon_core.package_identification:_identify(src/ros2_nav_files/nav2_course) by extensions ['colcon_meta']
[0.889s] Level 1:colcon.colcon_core.package_identification:_identify(src/ros2_nav_files/nav2_course) by extension 'colcon_meta'
[0.889s] Level 1:colcon.colcon_core.package_identification:_identify(src/ros2_nav_files/nav2_course) by extensions ['ros']
[0.889s] Level 1:colcon.colcon_core.package_identification:_identify(src/ros2_nav_files/nav2_course) by extension 'ros'
[0.891s] DEBUG:colcon.colcon_core.package_identification:Package 'src/ros2_nav_files/nav2_course' with type 'ros.ament_cmake' and name 'nav2_course'
[0.891s] Level 1:colcon.colcon_core.package_identification:_identify(src/ros2_nav_files/nav2_project) by extensions ['ignore', 'ignore_ament_install']
[0.891s] Level 1:colcon.colcon_core.package_identification:_identify(src/ros2_nav_files/nav2_project) by extension 'ignore'
[0.891s] Level 1:colcon.colcon_core.package_identification:_identify(src/ros2_nav_files/nav2_project) by extension 'ignore_ament_install'
[0.891s] Level 1:colcon.colcon_core.package_identification:_identify(src/ros2_nav_files/nav2_project) by extensions ['colcon_pkg']
[0.891s] Level 1:colcon.colcon_core.package_identification:_identify(src/ros2_nav_files/nav2_project) by extension 'colcon_pkg'
[0.891s] Level 1:colcon.colcon_core.package_identification:_identify(src/ros2_nav_files/nav2_project) by extensions ['colcon_meta']
[0.892s] Level 1:colcon.colcon_core.package_identification:_identify(src/ros2_nav_files/nav2_project) by extension 'colcon_meta'
[0.892s] Level 1:colcon.colcon_core.package_identification:_identify(src/ros2_nav_files/nav2_project) by extensions ['ros']
[0.892s] Level 1:colcon.colcon_core.package_identification:_identify(src/ros2_nav_files/nav2_project) by extension 'ros'
[0.892s] DEBUG:colcon.colcon_core.package_identification:Package 'src/ros2_nav_files/nav2_project' with type 'ros.ament_python' and name 'nav2_project'
[0.892s] Level 1:colcon.colcon_core.package_identification:_identify(src/ros2_nav_files/rviz) by extensions ['ignore', 'ignore_ament_install']
[0.892s] Level 1:colcon.colcon_core.package_identification:_identify(src/ros2_nav_files/rviz) by extension 'ignore'
[0.892s] Level 1:colcon.colcon_core.package_identification:_identify(src/ros2_nav_files/rviz) by extension 'ignore_ament_install'
[0.892s] Level 1:colcon.colcon_core.package_identification:_identify(src/ros2_nav_files/rviz) by extensions ['colcon_pkg']
[0.892s] Level 1:colcon.colcon_core.package_identification:_identify(src/ros2_nav_files/rviz) by extension 'colcon_pkg'
[0.892s] Level 1:colcon.colcon_core.package_identification:_identify(src/ros2_nav_files/rviz) by extensions ['colcon_meta']
[0.892s] Level 1:colcon.colcon_core.package_identification:_identify(src/ros2_nav_files/rviz) by extension 'colcon_meta'
[0.892s] Level 1:colcon.colcon_core.package_identification:_identify(src/ros2_nav_files/rviz) by extensions ['ros']
[0.892s] Level 1:colcon.colcon_core.package_identification:_identify(src/ros2_nav_files/rviz) by extension 'ros'
[0.892s] Level 1:colcon.colcon_core.package_identification:_identify(src/ros2_nav_files/rviz) by extensions ['cmake', 'python']
[0.892s] Level 1:colcon.colcon_core.package_identification:_identify(src/ros2_nav_files/rviz) by extension 'cmake'
[0.892s] Level 1:colcon.colcon_core.package_identification:_identify(src/ros2_nav_files/rviz) by extension 'python'
[0.892s] Level 1:colcon.colcon_core.package_identification:_identify(src/ros2_nav_files/rviz) by extensions ['python_setup_py']
[0.892s] Level 1:colcon.colcon_core.package_identification:_identify(src/ros2_nav_files/rviz) by extension 'python_setup_py'
[0.892s] Level 1:colcon.colcon_core.package_discovery:discover_packages(recursive) using defaults
[0.892s] Level 1:colcon.colcon_core.package_discovery:discover_packages(ignore) discover
[0.892s] Level 1:colcon.colcon_core.package_discovery:discover_packages(ignore) using defaults
[0.893s] Level 1:colcon.colcon_core.package_discovery:discover_packages(path) discover
[0.893s] Level 1:colcon.colcon_core.package_discovery:discover_packages(path) using defaults
[0.958s] Level 5:colcon.colcon_core.verb:set package 'nav2_course' build argument 'cmake_args' from command line to 'None'
[0.958s] Level 5:colcon.colcon_core.verb:set package 'nav2_course' build argument 'cmake_target' from command line to 'None'
[0.958s] Level 5:colcon.colcon_core.verb:set package 'nav2_course' build argument 'cmake_target_skip_unavailable' from command line to 'False'
[0.958s] Level 5:colcon.colcon_core.verb:set package 'nav2_course' build argument 'cmake_clean_cache' from command line to 'False'
[0.958s] Level 5:colcon.colcon_core.verb:set package 'nav2_course' build argument 'cmake_clean_first' from command line to 'False'
[0.958s] Level 5:colcon.colcon_core.verb:set package 'nav2_course' build argument 'cmake_force_configure' from command line to 'False'
[0.958s] Level 5:colcon.colcon_core.verb:set package 'nav2_course' build argument 'ament_cmake_args' from command line to 'None'
[0.958s] Level 5:colcon.colcon_core.verb:set package 'nav2_course' build argument 'catkin_cmake_args' from command line to 'None'
[0.958s] Level 5:colcon.colcon_core.verb:set package 'nav2_course' build argument 'catkin_skip_building_tests' from command line to 'False'
[0.958s] DEBUG:colcon.colcon_core.verb:Building package 'nav2_course' with the following arguments: {'ament_cmake_args': None, 'build_base': '/root/ros2_code/humble/tc_ros2_nav/build/nav2_course', 'catkin_cmake_args': None, 'catkin_skip_building_tests': False, 'cmake_args': None, 'cmake_clean_cache': False, 'cmake_clean_first': False, 'cmake_force_configure': False, 'cmake_target': None, 'cmake_target_skip_unavailable': False, 'install_base': '/root/ros2_code/humble/tc_ros2_nav/install/nav2_course', 'merge_install': False, 'path': '/root/ros2_code/humble/tc_ros2_nav/src/ros2_nav_files/nav2_course', 'symlink_install': False, 'test_result_base': None}
[0.970s] Level 5:colcon.colcon_core.verb:set package 'nav2_project' build argument 'cmake_args' from command line to 'None'
[0.970s] Level 5:colcon.colcon_core.verb:set package 'nav2_project' build argument 'cmake_target' from command line to 'None'
[0.970s] Level 5:colcon.colcon_core.verb:set package 'nav2_project' build argument 'cmake_target_skip_unavailable' from command line to 'False'
[0.970s] Level 5:colcon.colcon_core.verb:set package 'nav2_project' build argument 'cmake_clean_cache' from command line to 'False'
[0.970s] Level 5:colcon.colcon_core.verb:set package 'nav2_project' build argument 'cmake_clean_first' from command line to 'False'
[0.970s] Level 5:colcon.colcon_core.verb:set package 'nav2_project' build argument 'cmake_force_configure' from command line to 'False'
[0.970s] Level 5:colcon.colcon_core.verb:set package 'nav2_project' build argument 'ament_cmake_args' from command line to 'None'
[0.970s] Level 5:colcon.colcon_core.verb:set package 'nav2_project' build argument 'catkin_cmake_args' from command line to 'None'
[0.970s] Level 5:colcon.colcon_core.verb:set package 'nav2_project' build argument 'catkin_skip_building_tests' from command line to 'False'
[0.970s] DEBUG:colcon.colcon_core.verb:Building package 'nav2_project' with the following arguments: {'ament_cmake_args': None, 'build_base': '/root/ros2_code/humble/tc_ros2_nav/build/nav2_project', 'catkin_cmake_args': None, 'catkin_skip_building_tests': False, 'cmake_args': None, 'cmake_clean_cache': False, 'cmake_clean_first': False, 'cmake_force_configure': False, 'cmake_target': None, 'cmake_target_skip_unavailable': False, 'install_base': '/root/ros2_code/humble/tc_ros2_nav/install/nav2_project', 'merge_install': False, 'path': '/root/ros2_code/humble/tc_ros2_nav/src/ros2_nav_files/nav2_project', 'symlink_install': False, 'test_result_base': None}
[0.982s] INFO:colcon.colcon_core.executor:Executing jobs using 'parallel' executor
[0.995s] DEBUG:colcon.colcon_parallel_executor.executor.parallel:run_until_complete
[0.995s] INFO:colcon.colcon_ros.task.ament_cmake.build:Building ROS package in '/root/ros2_code/humble/tc_ros2_nav/src/ros2_nav_files/nav2_course' with build type 'ament_cmake'
[0.995s] INFO:colcon.colcon_cmake.task.cmake.build:Building CMake package in '/root/ros2_code/humble/tc_ros2_nav/src/ros2_nav_files/nav2_course'
[1.008s] INFO:colcon.colcon_core.plugin_system:Skipping extension 'colcon_core.shell.bat': Not used on non-Windows systems
[1.008s] INFO:colcon.colcon_core.shell:Skip shell extension 'powershell' for command environment: Not usable outside of PowerShell
[1.008s] DEBUG:colcon.colcon_core.shell:Skip shell extension 'dsv' for command environment
[1.030s] WARNING:colcon.colcon_ros.prefix_path.ament:The path '/root/ros2_code/humble/tc_ros2_nav/install/nav2_project' in the environment variable AMENT_PREFIX_PATH doesn't exist
[1.030s] WARNING:colcon.colcon_ros.prefix_path.ament:The path '/root/ros2_code/humble/tc_ros2_nav/install/nav2_course' in the environment variable AMENT_PREFIX_PATH doesn't exist
[1.031s] WARNING:colcon.colcon_ros.prefix_path.catkin:The path '/root/ros2_code/humble/tc_ros2_nav/install/nav2_course' in the environment variable CMAKE_PREFIX_PATH doesn't exist
[1.100s] INFO:colcon.colcon_ros.task.ament_python.build:Building ROS package in '/root/ros2_code/humble/tc_ros2_nav/src/ros2_nav_files/nav2_project' with build type 'ament_python'
[1.100s] Level 1:colcon.colcon_core.shell:create_environment_hook('nav2_project', 'ament_prefix_path')
[1.116s] INFO:colcon.colcon_core.shell:Creating environment hook '/root/ros2_code/humble/tc_ros2_nav/install/nav2_project/share/nav2_project/hook/ament_prefix_path.ps1'
[1.117s] INFO:colcon.colcon_core.shell:Creating environment descriptor '/root/ros2_code/humble/tc_ros2_nav/install/nav2_project/share/nav2_project/hook/ament_prefix_path.dsv'
[1.117s] INFO:colcon.colcon_core.shell:Creating environment hook '/root/ros2_code/humble/tc_ros2_nav/install/nav2_project/share/nav2_project/hook/ament_prefix_path.sh'
[1.130s] INFO:colcon.colcon_core.shell:Skip shell extension 'powershell' for command environment: Not usable outside of PowerShell
[1.130s] DEBUG:colcon.colcon_core.shell:Skip shell extension 'dsv' for command environment
[1.218s] DEBUG:colcon.colcon_core.event_handler.log_command:Invoking command in '/root/ros2_code/humble/tc_ros2_nav/build/nav2_course': CMAKE_PREFIX_PATH=${CMAKE_PREFIX_PATH}:/root/ros2_code/humble/tc_ros2_nav/install/nav2_project:/root/ros2_code/humble/learning/install/ball_tracker:/opt/ros/humble /usr/bin/cmake /root/ros2_code/humble/tc_ros2_nav/src/ros2_nav_files/nav2_course -DCMAKE_INSTALL_PREFIX=/root/ros2_code/humble/tc_ros2_nav/install/nav2_course
[1.473s] INFO:colcon.colcon_core.task.python.build:Building Python package in '/root/ros2_code/humble/tc_ros2_nav/src/ros2_nav_files/nav2_project'
[1.489s] INFO:colcon.colcon_core.shell:Skip shell extension 'powershell' for command environment: Not usable outside of PowerShell
[1.489s] DEBUG:colcon.colcon_core.shell:Skip shell extension 'dsv' for command environment
[1.907s] DEBUG:colcon.colcon_core.event_handler.log_command:Invoking command in '/root/ros2_code/humble/tc_ros2_nav/src/ros2_nav_files/nav2_project': PYTHONPATH=/root/ros2_code/humble/tc_ros2_nav/build/nav2_project/prefix_override:/root/ros2_code/humble/tc_ros2_nav/install/nav2_project/lib/python3.10/site-packages:${PYTHONPATH} /usr/bin/python3 setup.py egg_info --egg-base ../../../build/nav2_project build --build-base /root/ros2_code/humble/tc_ros2_nav/build/nav2_project/build install --record /root/ros2_code/humble/tc_ros2_nav/build/nav2_project/install.log --single-version-externally-managed
[1.982s] DEBUG:colcon.colcon_core.event_handler.log_command:Invoked command in '/root/ros2_code/humble/tc_ros2_nav/build/nav2_course' returned '0': CMAKE_PREFIX_PATH=${CMAKE_PREFIX_PATH}:/root/ros2_code/humble/tc_ros2_nav/install/nav2_project:/root/ros2_code/humble/learning/install/ball_tracker:/opt/ros/humble /usr/bin/cmake /root/ros2_code/humble/tc_ros2_nav/src/ros2_nav_files/nav2_course -DCMAKE_INSTALL_PREFIX=/root/ros2_code/humble/tc_ros2_nav/install/nav2_course
[1.984s] DEBUG:colcon.colcon_core.event_handler.log_command:Invoking command in '/root/ros2_code/humble/tc_ros2_nav/build/nav2_course': CMAKE_PREFIX_PATH=${CMAKE_PREFIX_PATH}:/root/ros2_code/humble/tc_ros2_nav/install/nav2_project:/root/ros2_code/humble/learning/install/ball_tracker:/opt/ros/humble /usr/bin/cmake --build /root/ros2_code/humble/tc_ros2_nav/build/nav2_course -- -j12 -l12
[2.028s] DEBUG:colcon.colcon_core.event_handler.log_command:Invoked command in '/root/ros2_code/humble/tc_ros2_nav/build/nav2_course' returned '0': CMAKE_PREFIX_PATH=${CMAKE_PREFIX_PATH}:/root/ros2_code/humble/tc_ros2_nav/install/nav2_project:/root/ros2_code/humble/learning/install/ball_tracker:/opt/ros/humble /usr/bin/cmake --build /root/ros2_code/humble/tc_ros2_nav/build/nav2_course -- -j12 -l12
[2.066s] DEBUG:colcon.colcon_core.event_handler.log_command:Invoking command in '/root/ros2_code/humble/tc_ros2_nav/build/nav2_course': CMAKE_PREFIX_PATH=${CMAKE_PREFIX_PATH}:/root/ros2_code/humble/tc_ros2_nav/install/nav2_project:/root/ros2_code/humble/learning/install/ball_tracker:/opt/ros/humble /usr/bin/cmake --install /root/ros2_code/humble/tc_ros2_nav/build/nav2_course
[2.083s] Level 1:colcon.colcon_core.environment:create_environment_scripts_only(nav2_course)
[2.084s] DEBUG:colcon.colcon_core.event_handler.log_command:Invoked command in '/root/ros2_code/humble/tc_ros2_nav/build/nav2_course' returned '0': CMAKE_PREFIX_PATH=${CMAKE_PREFIX_PATH}:/root/ros2_code/humble/tc_ros2_nav/install/nav2_project:/root/ros2_code/humble/learning/install/ball_tracker:/opt/ros/humble /usr/bin/cmake --install /root/ros2_code/humble/tc_ros2_nav/build/nav2_course
[2.099s] Level 1:colcon.colcon_core.environment:checking '/root/ros2_code/humble/tc_ros2_nav/install/nav2_course' for CMake module files
[2.099s] Level 1:colcon.colcon_core.environment:checking '/root/ros2_code/humble/tc_ros2_nav/install/nav2_course' for CMake config files
[2.100s] Level 1:colcon.colcon_core.shell:create_environment_hook('nav2_course', 'cmake_prefix_path')
[2.114s] INFO:colcon.colcon_core.shell:Creating environment hook '/root/ros2_code/humble/tc_ros2_nav/install/nav2_course/share/nav2_course/hook/cmake_prefix_path.ps1'
[2.114s] INFO:colcon.colcon_core.shell:Creating environment descriptor '/root/ros2_code/humble/tc_ros2_nav/install/nav2_course/share/nav2_course/hook/cmake_prefix_path.dsv'
[2.114s] INFO:colcon.colcon_core.shell:Creating environment hook '/root/ros2_code/humble/tc_ros2_nav/install/nav2_course/share/nav2_course/hook/cmake_prefix_path.sh'
[2.115s] Level 1:colcon.colcon_core.environment:checking '/root/ros2_code/humble/tc_ros2_nav/install/nav2_course/bin'
[2.115s] Level 1:colcon.colcon_core.environment:checking '/root/ros2_code/humble/tc_ros2_nav/install/nav2_course/lib/pkgconfig/nav2_course.pc'
[2.115s] Level 1:colcon.colcon_core.environment:checking '/root/ros2_code/humble/tc_ros2_nav/install/nav2_course/lib/python3.10/site-packages'
[2.115s] Level 1:colcon.colcon_core.environment:checking '/root/ros2_code/humble/tc_ros2_nav/install/nav2_course/bin'
[2.135s] INFO:colcon.colcon_core.shell:Creating package script '/root/ros2_code/humble/tc_ros2_nav/install/nav2_course/share/nav2_course/package.ps1'
[2.135s] INFO:colcon.colcon_core.shell:Creating package descriptor '/root/ros2_code/humble/tc_ros2_nav/install/nav2_course/share/nav2_course/package.dsv'
[2.136s] INFO:colcon.colcon_core.shell:Creating package script '/root/ros2_code/humble/tc_ros2_nav/install/nav2_course/share/nav2_course/package.sh'
[2.136s] INFO:colcon.colcon_core.shell:Creating package script '/root/ros2_code/humble/tc_ros2_nav/install/nav2_course/share/nav2_course/package.bash'
[2.137s] INFO:colcon.colcon_core.shell:Creating package script '/root/ros2_code/humble/tc_ros2_nav/install/nav2_course/share/nav2_course/package.zsh'
[2.137s] Level 1:colcon.colcon_core.environment:create_file_with_runtime_dependencies(/root/ros2_code/humble/tc_ros2_nav/install/nav2_course/share/colcon-core/packages/nav2_course)
[2.177s] Level 1:colcon.colcon_core.environment:create_environment_scripts_only(nav2_course)
[2.191s] Level 1:colcon.colcon_core.environment:checking '/root/ros2_code/humble/tc_ros2_nav/install/nav2_course' for CMake module files
[2.191s] Level 1:colcon.colcon_core.environment:checking '/root/ros2_code/humble/tc_ros2_nav/install/nav2_course' for CMake config files
[2.191s] Level 1:colcon.colcon_core.shell:create_environment_hook('nav2_course', 'cmake_prefix_path')
[2.205s] INFO:colcon.colcon_core.shell:Creating environment hook '/root/ros2_code/humble/tc_ros2_nav/install/nav2_course/share/nav2_course/hook/cmake_prefix_path.ps1'
[2.205s] INFO:colcon.colcon_core.shell:Creating environment descriptor '/root/ros2_code/humble/tc_ros2_nav/install/nav2_course/share/nav2_course/hook/cmake_prefix_path.dsv'
[2.206s] INFO:colcon.colcon_core.shell:Creating environment hook '/root/ros2_code/humble/tc_ros2_nav/install/nav2_course/share/nav2_course/hook/cmake_prefix_path.sh'
[2.206s] Level 1:colcon.colcon_core.environment:checking '/root/ros2_code/humble/tc_ros2_nav/install/nav2_course/bin'
[2.206s] Level 1:colcon.colcon_core.environment:checking '/root/ros2_code/humble/tc_ros2_nav/install/nav2_course/lib/pkgconfig/nav2_course.pc'
[2.206s] Level 1:colcon.colcon_core.environment:checking '/root/ros2_code/humble/tc_ros2_nav/install/nav2_course/lib/python3.10/site-packages'
[2.206s] Level 1:colcon.colcon_core.environment:checking '/root/ros2_code/humble/tc_ros2_nav/install/nav2_course/bin'
[2.219s] INFO:colcon.colcon_core.shell:Creating package script '/root/ros2_code/humble/tc_ros2_nav/install/nav2_course/share/nav2_course/package.ps1'
[2.219s] INFO:colcon.colcon_core.shell:Creating package descriptor '/root/ros2_code/humble/tc_ros2_nav/install/nav2_course/share/nav2_course/package.dsv'
[2.220s] INFO:colcon.colcon_core.shell:Creating package script '/root/ros2_code/humble/tc_ros2_nav/install/nav2_course/share/nav2_course/package.sh'
[2.220s] INFO:colcon.colcon_core.shell:Creating package script '/root/ros2_code/humble/tc_ros2_nav/install/nav2_course/share/nav2_course/package.bash'
[2.220s] INFO:colcon.colcon_core.shell:Creating package script '/root/ros2_code/humble/tc_ros2_nav/install/nav2_course/share/nav2_course/package.zsh'
[2.221s] Level 1:colcon.colcon_core.environment:create_file_with_runtime_dependencies(/root/ros2_code/humble/tc_ros2_nav/install/nav2_course/share/colcon-core/packages/nav2_course)
[2.223s] DEBUG:colcon.colcon_core.event_handler.log_command:Invoked command in '/root/ros2_code/humble/tc_ros2_nav/src/ros2_nav_files/nav2_project' returned '0': PYTHONPATH=/root/ros2_code/humble/tc_ros2_nav/build/nav2_project/prefix_override:/root/ros2_code/humble/tc_ros2_nav/install/nav2_project/lib/python3.10/site-packages:${PYTHONPATH} /usr/bin/python3 setup.py egg_info --egg-base ../../../build/nav2_project build --build-base /root/ros2_code/humble/tc_ros2_nav/build/nav2_project/build install --record /root/ros2_code/humble/tc_ros2_nav/build/nav2_project/install.log --single-version-externally-managed
[2.237s] Level 1:colcon.colcon_core.environment:checking '/root/ros2_code/humble/tc_ros2_nav/install/nav2_project' for CMake module files
[2.237s] Level 1:colcon.colcon_core.environment:checking '/root/ros2_code/humble/tc_ros2_nav/install/nav2_project' for CMake config files
[2.238s] Level 1:colcon.colcon_core.environment:checking '/root/ros2_code/humble/tc_ros2_nav/install/nav2_project/lib'
[2.238s] Level 1:colcon.colcon_core.environment:checking '/root/ros2_code/humble/tc_ros2_nav/install/nav2_project/bin'
[2.238s] Level 1:colcon.colcon_core.environment:checking '/root/ros2_code/humble/tc_ros2_nav/install/nav2_project/lib/pkgconfig/nav2_project.pc'
[2.238s] Level 1:colcon.colcon_core.environment:checking '/root/ros2_code/humble/tc_ros2_nav/install/nav2_project/lib/python3.10/site-packages'
[2.238s] Level 1:colcon.colcon_core.shell:create_environment_hook('nav2_project', 'pythonpath')
[2.252s] INFO:colcon.colcon_core.shell:Creating environment hook '/root/ros2_code/humble/tc_ros2_nav/install/nav2_project/share/nav2_project/hook/pythonpath.ps1'
[2.253s] INFO:colcon.colcon_core.shell:Creating environment descriptor '/root/ros2_code/humble/tc_ros2_nav/install/nav2_project/share/nav2_project/hook/pythonpath.dsv'
[2.253s] INFO:colcon.colcon_core.shell:Creating environment hook '/root/ros2_code/humble/tc_ros2_nav/install/nav2_project/share/nav2_project/hook/pythonpath.sh'
[2.253s] Level 1:colcon.colcon_core.environment:checking '/root/ros2_code/humble/tc_ros2_nav/install/nav2_project/bin'
[2.253s] Level 1:colcon.colcon_core.environment:create_environment_scripts_only(nav2_project)
[2.266s] INFO:colcon.colcon_core.shell:Creating package script '/root/ros2_code/humble/tc_ros2_nav/install/nav2_project/share/nav2_project/package.ps1'
[2.266s] INFO:colcon.colcon_core.shell:Creating package descriptor '/root/ros2_code/humble/tc_ros2_nav/install/nav2_project/share/nav2_project/package.dsv'
[2.266s] INFO:colcon.colcon_core.shell:Creating package script '/root/ros2_code/humble/tc_ros2_nav/install/nav2_project/share/nav2_project/package.sh'
[2.267s] INFO:colcon.colcon_core.shell:Creating package script '/root/ros2_code/humble/tc_ros2_nav/install/nav2_project/share/nav2_project/package.bash'
[2.267s] INFO:colcon.colcon_core.shell:Creating package script '/root/ros2_code/humble/tc_ros2_nav/install/nav2_project/share/nav2_project/package.zsh'
[2.267s] Level 1:colcon.colcon_core.environment:create_file_with_runtime_dependencies(/root/ros2_code/humble/tc_ros2_nav/install/nav2_project/share/colcon-core/packages/nav2_project)
[2.267s] DEBUG:colcon.colcon_parallel_executor.executor.parallel:closing loop
[2.268s] DEBUG:colcon.colcon_parallel_executor.executor.parallel:loop closed
[2.268s] DEBUG:colcon.colcon_parallel_executor.executor.parallel:run_until_complete finished with '0'
[2.268s] DEBUG:colcon.colcon_core.event_reactor:joining thread
[2.306s] INFO:colcon.colcon_core.plugin_system:Skipping extension 'colcon_notification.desktop_notification.notify_send': Could not find 'notify-send'
[2.306s] INFO:colcon.colcon_core.plugin_system:Skipping extension 'colcon_notification.desktop_notification.terminal_notifier': Not used on non-Darwin systems
[2.306s] INFO:colcon.colcon_core.plugin_system:Skipping extension 'colcon_notification.desktop_notification.win32': Not used on non-Windows systems
[2.306s] INFO:colcon.colcon_notification.desktop_notification:Sending desktop notification using 'notify2'
[2.309s] DEBUG:colcon.colcon_notification.desktop_notification.notify2:Failed to initialize notify2: org.freedesktop.DBus.Error.Spawn.ExecFailed: /usr/bin/dbus-launch terminated abnormally without any error message
[2.309s] DEBUG:colcon.colcon_core.event_reactor:joined thread
[2.323s] INFO:colcon.colcon_core.shell:Creating prefix script '/root/ros2_code/humble/tc_ros2_nav/install/local_setup.ps1'
[2.323s] INFO:colcon.colcon_core.shell:Creating prefix util module '/root/ros2_code/humble/tc_ros2_nav/install/_local_setup_util_ps1.py'
[2.324s] INFO:colcon.colcon_core.shell:Creating prefix chain script '/root/ros2_code/humble/tc_ros2_nav/install/setup.ps1'
[2.337s] INFO:colcon.colcon_core.shell:Creating prefix script '/root/ros2_code/humble/tc_ros2_nav/install/local_setup.sh'
[2.338s] INFO:colcon.colcon_core.shell:Creating prefix util module '/root/ros2_code/humble/tc_ros2_nav/install/_local_setup_util_sh.py'
[2.338s] INFO:colcon.colcon_core.shell:Creating prefix chain script '/root/ros2_code/humble/tc_ros2_nav/install/setup.sh'
[2.351s] INFO:colcon.colcon_core.shell:Creating prefix script '/root/ros2_code/humble/tc_ros2_nav/install/local_setup.bash'
[2.352s] INFO:colcon.colcon_core.shell:Creating prefix chain script '/root/ros2_code/humble/tc_ros2_nav/install/setup.bash'
[2.366s] INFO:colcon.colcon_core.shell:Creating prefix script '/root/ros2_code/humble/tc_ros2_nav/install/local_setup.zsh'
[2.367s] INFO:colcon.colcon_core.shell:Creating prefix chain script '/root/ros2_code/humble/tc_ros2_nav/install/setup.zsh'
