[2.980s] Invoking command in '/root/ros2_code/humble/tc_ros2_nav/src/map_server ': PYTHONPATH=/root/ros2_code/humble/tc_ros2_nav/build/map_server/prefix_override:/root/ros2_code/humble/tc_ros2_nav/install/map_server/lib/python3.10/site-packages:${PYTHONPATH} /usr/bin/python3 setup.py egg_info --egg-base ../../build/map_server build --build-base /root/ros2_code/humble/tc_ros2_nav/build/map_server/build install --record /root/ros2_code/humble/tc_ros2_nav/build/map_server/install.log --single-version-externally-managed
[3.273s] running egg_info
[3.274s] writing ../../build/map_server/map_server.egg-info/PKG-INFO
[3.274s] writing dependency_links to ../../build/map_server/map_server.egg-info/dependency_links.txt
[3.274s] writing entry points to ../../build/map_server/map_server.egg-info/entry_points.txt
[3.274s] writing requirements to ../../build/map_server/map_server.egg-info/requires.txt
[3.275s] writing top-level names to ../../build/map_server/map_server.egg-info/top_level.txt
[3.276s] reading manifest file '../../build/map_server/map_server.egg-info/SOURCES.txt'
[3.277s] writing manifest file '../../build/map_server/map_server.egg-info/SOURCES.txt'
[3.277s] running build
[3.277s] running build_py
[3.277s] running install
[3.277s] running install_lib
[3.278s] running install_data
[3.279s] running install_egg_info
[3.281s] removing '/root/ros2_code/humble/tc_ros2_nav/install/map_server/lib/python3.10/site-packages/map_server-0.0.0-py3.10.egg-info' (and everything under it)
[3.281s] Copying ../../build/map_server/map_server.egg-info to /root/ros2_code/humble/tc_ros2_nav/install/map_server/lib/python3.10/site-packages/map_server-0.0.0-py3.10.egg-info
[3.282s] running install_scripts
[3.300s] writing list of installed files to '/root/ros2_code/humble/tc_ros2_nav/build/map_server/install.log'
[3.478s] Invoked command in '/root/ros2_code/humble/tc_ros2_nav/src/map_server ' returned '0': PYTHONPATH=/root/ros2_code/humble/tc_ros2_nav/build/map_server/prefix_override:/root/ros2_code/humble/tc_ros2_nav/install/map_server/lib/python3.10/site-packages:${PYTHONPATH} /usr/bin/python3 setup.py egg_info --egg-base ../../build/map_server build --build-base /root/ros2_code/humble/tc_ros2_nav/build/map_server/build install --record /root/ros2_code/humble/tc_ros2_nav/build/map_server/install.log --single-version-externally-managed
