[1.432s] Invoking command in '/root/ros2_code/humble/vision/src/navigation_pkg': PYTHONPATH=/root/ros2_code/humble/vision/build/navigation_pkg/prefix_override:/root/ros2_code/humble/vision/install/navigation_pkg/lib/python3.10/site-packages:${PYTHONPATH} /usr/bin/python3 setup.py egg_info --egg-base ../../build/navigation_pkg build --build-base /root/ros2_code/humble/vision/build/navigation_pkg/build install --record /root/ros2_code/humble/vision/build/navigation_pkg/install.log --single-version-externally-managed
[1.651s] running egg_info
[1.652s] writing ../../build/navigation_pkg/navigation_pkg.egg-info/PKG-INFO
[1.652s] writing dependency_links to ../../build/navigation_pkg/navigation_pkg.egg-info/dependency_links.txt
[1.652s] writing entry points to ../../build/navigation_pkg/navigation_pkg.egg-info/entry_points.txt
[1.652s] writing requirements to ../../build/navigation_pkg/navigation_pkg.egg-info/requires.txt
[1.652s] writing top-level names to ../../build/navigation_pkg/navigation_pkg.egg-info/top_level.txt
[1.653s] reading manifest file '../../build/navigation_pkg/navigation_pkg.egg-info/SOURCES.txt'
[1.654s] writing manifest file '../../build/navigation_pkg/navigation_pkg.egg-info/SOURCES.txt'
[1.654s] running build
[1.654s] running build_py
[1.654s] running install
[1.654s] running install_lib
[1.655s] running install_data
[1.656s] running install_egg_info
[1.657s] removing '/root/ros2_code/humble/vision/install/navigation_pkg/lib/python3.10/site-packages/navigation_pkg-0.0.0-py3.10.egg-info' (and everything under it)
[1.657s] Copying ../../build/navigation_pkg/navigation_pkg.egg-info to /root/ros2_code/humble/vision/install/navigation_pkg/lib/python3.10/site-packages/navigation_pkg-0.0.0-py3.10.egg-info
[1.658s] running install_scripts
[1.674s] writing list of installed files to '/root/ros2_code/humble/vision/build/navigation_pkg/install.log'
[1.695s] Invoked command in '/root/ros2_code/humble/vision/src/navigation_pkg' returned '0': PYTHONPATH=/root/ros2_code/humble/vision/build/navigation_pkg/prefix_override:/root/ros2_code/humble/vision/install/navigation_pkg/lib/python3.10/site-packages:${PYTHONPATH} /usr/bin/python3 setup.py egg_info --egg-base ../../build/navigation_pkg build --build-base /root/ros2_code/humble/vision/build/navigation_pkg/build install --record /root/ros2_code/humble/vision/build/navigation_pkg/install.log --single-version-externally-managed
