[4.296s] Invoking command in '/root/ros2_code/humble/tc_ros2_nav/src/amcl': PYTHONPATH=/root/ros2_code/humble/tc_ros2_nav/build/amcl/prefix_override:/root/ros2_code/humble/tc_ros2_nav/install/amcl/lib/python3.10/site-packages:${PYTHONPATH} /usr/bin/python3 setup.py egg_info --egg-base ../../build/amcl build --build-base /root/ros2_code/humble/tc_ros2_nav/build/amcl/build install --record /root/ros2_code/humble/tc_ros2_nav/build/amcl/install.log --single-version-externally-managed
[4.705s] running egg_info
[4.706s] writing ../../build/amcl/amcl.egg-info/PKG-INFO
[4.706s] writing dependency_links to ../../build/amcl/amcl.egg-info/dependency_links.txt
[4.706s] writing entry points to ../../build/amcl/amcl.egg-info/entry_points.txt
[4.707s] writing requirements to ../../build/amcl/amcl.egg-info/requires.txt
[4.707s] writing top-level names to ../../build/amcl/amcl.egg-info/top_level.txt
[4.709s] reading manifest file '../../build/amcl/amcl.egg-info/SOURCES.txt'
[4.710s] writing manifest file '../../build/amcl/amcl.egg-info/SOURCES.txt'
[4.710s] running build
[4.710s] running build_py
[4.710s] running install
[4.711s] running install_lib
[4.712s] running install_data
[4.713s] running install_egg_info
[4.714s] removing '/root/ros2_code/humble/tc_ros2_nav/install/amcl/lib/python3.10/site-packages/amcl-0.0.0-py3.10.egg-info' (and everything under it)
[4.714s] Copying ../../build/amcl/amcl.egg-info to /root/ros2_code/humble/tc_ros2_nav/install/amcl/lib/python3.10/site-packages/amcl-0.0.0-py3.10.egg-info
[4.715s] running install_scripts
[4.738s] writing list of installed files to '/root/ros2_code/humble/tc_ros2_nav/build/amcl/install.log'
[4.795s] Invoked command in '/root/ros2_code/humble/tc_ros2_nav/src/amcl' returned '0': PYTHONPATH=/root/ros2_code/humble/tc_ros2_nav/build/amcl/prefix_override:/root/ros2_code/humble/tc_ros2_nav/install/amcl/lib/python3.10/site-packages:${PYTHONPATH} /usr/bin/python3 setup.py egg_info --egg-base ../../build/amcl build --build-base /root/ros2_code/humble/tc_ros2_nav/build/amcl/build install --record /root/ros2_code/humble/tc_ros2_nav/build/amcl/install.log --single-version-externally-managed
