-- The C compiler identification is GNU 11.4.0
-- The CXX compiler identification is GNU 11.4.0
-- Detecting C compiler ABI info
-- Detecting C compiler ABI info - done
-- Check for working C compiler: /usr/bin/cc - skipped
-- Detecting C compile features
-- Detecting C compile features - done
-- Detecting CXX compiler ABI info
-- Detecting CXX compiler ABI info - done
-- Check for working CXX compiler: /usr/bin/c++ - skipped
-- Detecting CXX compile features
-- Detecting CXX compile features - done
-- Found OpenCV: /usr (found version "4.5.4") 
-- Found cv_bridge: 3.2.1 (/opt/ros/humble/share/cv_bridge/cmake)
-- Found Python3: /usr/bin/python3.10 (found version "3.10.12") found components: Interpreter 
-- Found rosidl_generator_c: 3.1.5 (/opt/ros/humble/share/rosidl_generator_c/cmake)
-- Found rosidl_adapter: 3.1.5 (/opt/ros/humble/share/rosidl_adapter/cmake)
-- Found rosidl_generator_cpp: 3.1.5 (/opt/ros/humble/share/rosidl_generator_cpp/cmake)
-- Using all available rosidl_typesupport_c: rosidl_typesupport_fastrtps_c;rosidl_typesupport_introspection_c
-- Using all available rosidl_typesupport_cpp: rosidl_typesupport_fastrtps_cpp;rosidl_typesupport_introspection_cpp
-- Found rclcpp: 16.0.7 (/opt/ros/humble/share/rclcpp/cmake)
-- Found rmw_implementation_cmake: 6.1.1 (/opt/ros/humble/share/rmw_implementation_cmake/cmake)
-- Found rmw_cyclonedds_cpp: 1.3.4 (/opt/ros/humble/share/rmw_cyclonedds_cpp/cmake)
-- Using RMW implementation 'rmw_cyclonedds_cpp' as default
-- Looking for pthread.h
-- Looking for pthread.h - found
-- Performing Test CMAKE_HAVE_LIBC_PTHREAD
-- Performing Test CMAKE_HAVE_LIBC_PTHREAD - Success
-- Found Threads: TRUE  
-- Found std_srvs: 4.2.3 (/opt/ros/humble/share/std_srvs/cmake)
-- Found tf2: 0.25.5 (/opt/ros/humble/share/tf2/cmake)
-- Found tf2_ros: 0.25.5 (/opt/ros/humble/share/tf2_ros/cmake)
-- Configuring done
-- Generating done
-- Build files have been written to: /root/ros2_code/humble/ros_bot/src/build/tutorial_pkg
[ 37%] [32mBuilding CXX object CMakeFiles/tf_listener.dir/src/tf_listener.cpp.o[0m
[ 37%] [32mBuilding CXX object CMakeFiles/tf_broadcaster.dir/src/tf_broadcaster.cpp.o[0m
[ 37%] [32mBuilding CXX object CMakeFiles/tracker.dir/src/tracker.cpp.o[0m
[ 50%] [32mBuilding CXX object CMakeFiles/my_first_node.dir/src/my_first_node.cpp.o[0m
[ 62%] [32m[1mLinking CXX executable tf_listener[0m
[ 62%] Built target tf_listener
[ 75%] [32m[1mLinking CXX executable tf_broadcaster[0m
[ 75%] Built target tf_broadcaster
[ 87%] [32m[1mLinking CXX executable tracker[0m
[100%] [32m[1mLinking CXX executable my_first_node[0m
[100%] Built target my_first_node
[100%] Built target tracker
-- Install configuration: ""
-- Installing: /root/ros2_code/humble/ros_bot/src/install/tutorial_pkg/lib/tutorial_pkg/my_first_node
-- Set runtime path of "/root/ros2_code/humble/ros_bot/src/install/tutorial_pkg/lib/tutorial_pkg/my_first_node" to ""
-- Installing: /root/ros2_code/humble/ros_bot/src/install/tutorial_pkg/lib/tutorial_pkg/tracker
-- Set runtime path of "/root/ros2_code/humble/ros_bot/src/install/tutorial_pkg/lib/tutorial_pkg/tracker" to ""
-- Installing: /root/ros2_code/humble/ros_bot/src/install/tutorial_pkg/lib/tutorial_pkg/tf_broadcaster
-- Set runtime path of "/root/ros2_code/humble/ros_bot/src/install/tutorial_pkg/lib/tutorial_pkg/tf_broadcaster" to ""
-- Installing: /root/ros2_code/humble/ros_bot/src/install/tutorial_pkg/lib/tutorial_pkg/tf_listener
-- Set runtime path of "/root/ros2_code/humble/ros_bot/src/install/tutorial_pkg/lib/tutorial_pkg/tf_listener" to ""
-- Installing: /root/ros2_code/humble/ros_bot/src/install/tutorial_pkg/share/tutorial_pkg/config
-- Installing: /root/ros2_code/humble/ros_bot/src/install/tutorial_pkg/share/tutorial_pkg/config/amcl.yaml
-- Installing: /root/ros2_code/humble/ros_bot/src/install/tutorial_pkg/share/tutorial_pkg/config/explore.yaml
-- Installing: /root/ros2_code/humble/ros_bot/src/install/tutorial_pkg/share/tutorial_pkg/config/slam.yaml
-- Installing: /root/ros2_code/humble/ros_bot/src/install/tutorial_pkg/share/tutorial_pkg/config/navigation.yaml
-- Installing: /root/ros2_code/humble/ros_bot/src/install/tutorial_pkg/share/tutorial_pkg/launch
-- Installing: /root/ros2_code/humble/ros_bot/src/install/tutorial_pkg/share/tutorial_pkg/launch/my_launch_file.xml
-- Installing: /root/ros2_code/humble/ros_bot/src/install/tutorial_pkg/share/tutorial_pkg/launch/my_launch_file.launch.py
-- Installing: /root/ros2_code/humble/ros_bot/src/install/tutorial_pkg/share/tutorial_pkg/launch/explore.launch.py
-- Installing: /root/ros2_code/humble/ros_bot/src/install/tutorial_pkg/share/tutorial_pkg/launch/slam.launch.py
-- Installing: /root/ros2_code/humble/ros_bot/src/install/tutorial_pkg/share/tutorial_pkg/launch/navigation.launch.py
-- Installing: /root/ros2_code/humble/ros_bot/src/install/tutorial_pkg/share/tutorial_pkg/launch/my_launch_file.yaml
-- Installing: /root/ros2_code/humble/ros_bot/src/install/tutorial_pkg/share/tutorial_pkg/launch/amcl.launch.py
-- Installing: /root/ros2_code/humble/ros_bot/src/install/tutorial_pkg/share/tutorial_pkg/maps
-- Installing: /root/ros2_code/humble/ros_bot/src/install/tutorial_pkg/share/tutorial_pkg/maps/map.pgm
-- Installing: /root/ros2_code/humble/ros_bot/src/install/tutorial_pkg/share/tutorial_pkg/maps/map_serialized.data
-- Installing: /root/ros2_code/humble/ros_bot/src/install/tutorial_pkg/share/tutorial_pkg/maps/map.yaml
-- Installing: /root/ros2_code/humble/ros_bot/src/install/tutorial_pkg/share/tutorial_pkg/maps/map_serialized.posegraph
-- Installing: /root/ros2_code/humble/ros_bot/src/install/tutorial_pkg/share/tutorial_pkg/rviz
-- Installing: /root/ros2_code/humble/ros_bot/src/install/tutorial_pkg/share/tutorial_pkg/rviz/amcl.rviz
-- Installing: /root/ros2_code/humble/ros_bot/src/install/tutorial_pkg/share/tutorial_pkg/rviz/slam.rviz
-- Installing: /root/ros2_code/humble/ros_bot/src/install/tutorial_pkg/share/tutorial_pkg/rviz/navigation.rviz
-- Installing: /root/ros2_code/humble/ros_bot/src/install/tutorial_pkg/share/tutorial_pkg/rviz/explore.rviz
-- Installing: /root/ros2_code/humble/ros_bot/src/install/tutorial_pkg/share/ament_index/resource_index/package_run_dependencies/tutorial_pkg
-- Installing: /root/ros2_code/humble/ros_bot/src/install/tutorial_pkg/share/ament_index/resource_index/parent_prefix_path/tutorial_pkg
-- Installing: /root/ros2_code/humble/ros_bot/src/install/tutorial_pkg/share/tutorial_pkg/environment/ament_prefix_path.sh
-- Installing: /root/ros2_code/humble/ros_bot/src/install/tutorial_pkg/share/tutorial_pkg/environment/ament_prefix_path.dsv
-- Installing: /root/ros2_code/humble/ros_bot/src/install/tutorial_pkg/share/tutorial_pkg/environment/path.sh
-- Installing: /root/ros2_code/humble/ros_bot/src/install/tutorial_pkg/share/tutorial_pkg/environment/path.dsv
-- Installing: /root/ros2_code/humble/ros_bot/src/install/tutorial_pkg/share/tutorial_pkg/local_setup.bash
-- Installing: /root/ros2_code/humble/ros_bot/src/install/tutorial_pkg/share/tutorial_pkg/local_setup.sh
-- Installing: /root/ros2_code/humble/ros_bot/src/install/tutorial_pkg/share/tutorial_pkg/local_setup.zsh
-- Installing: /root/ros2_code/humble/ros_bot/src/install/tutorial_pkg/share/tutorial_pkg/local_setup.dsv
-- Installing: /root/ros2_code/humble/ros_bot/src/install/tutorial_pkg/share/tutorial_pkg/package.dsv
-- Installing: /root/ros2_code/humble/ros_bot/src/install/tutorial_pkg/share/ament_index/resource_index/packages/tutorial_pkg
-- Installing: /root/ros2_code/humble/ros_bot/src/install/tutorial_pkg/share/tutorial_pkg/cmake/tutorial_pkgConfig.cmake
-- Installing: /root/ros2_code/humble/ros_bot/src/install/tutorial_pkg/share/tutorial_pkg/cmake/tutorial_pkgConfig-version.cmake
-- Installing: /root/ros2_code/humble/ros_bot/src/install/tutorial_pkg/share/tutorial_pkg/package.xml
