-- Install configuration: ""
-- Up-to-date: /root/ros2_code/humble/simulations/install/neo_nav2_bringup/share/neo_nav2_bringup/launch
-- Up-to-date: /root/ros2_code/humble/simulations/install/neo_nav2_bringup/share/neo_nav2_bringup/launch/localization_amcl.launch.py
-- Up-to-date: /root/ros2_code/humble/simulations/install/neo_nav2_bringup/share/neo_nav2_bringup/launch/localization_neo.launch.py
-- Up-to-date: /root/ros2_code/humble/simulations/install/neo_nav2_bringup/share/neo_nav2_bringup/launch/navigation_neo.launch.py
-- Up-to-date: /root/ros2_code/humble/simulations/install/neo_nav2_bringup/share/neo_nav2_bringup/launch/rviz_launch.py
-- Up-to-date: /root/ros2_code/humble/simulations/install/neo_nav2_bringup/share/neo_nav2_bringup/launch/mapping.launch.py
-- Up-to-date: /root/ros2_code/humble/simulations/install/neo_nav2_bringup/share/neo_nav2_bringup/config
-- Up-to-date: /root/ros2_code/humble/simulations/install/neo_nav2_bringup/share/neo_nav2_bringup/config/mapping.yaml
-- Up-to-date: /root/ros2_code/humble/simulations/install/neo_nav2_bringup/share/neo_nav2_bringup/config/navigation.yaml
-- Up-to-date: /root/ros2_code/humble/simulations/install/neo_nav2_bringup/share/neo_nav2_bringup/rviz
-- Up-to-date: /root/ros2_code/humble/simulations/install/neo_nav2_bringup/share/neo_nav2_bringup/rviz/multi_robot.rviz
-- Up-to-date: /root/ros2_code/humble/simulations/install/neo_nav2_bringup/share/neo_nav2_bringup/rviz/single_robot.rviz
-- Up-to-date: /root/ros2_code/humble/simulations/install/neo_nav2_bringup/share/ament_index/resource_index/package_run_dependencies/neo_nav2_bringup
-- Up-to-date: /root/ros2_code/humble/simulations/install/neo_nav2_bringup/share/ament_index/resource_index/parent_prefix_path/neo_nav2_bringup
-- Up-to-date: /root/ros2_code/humble/simulations/install/neo_nav2_bringup/share/neo_nav2_bringup/environment/ament_prefix_path.sh
-- Up-to-date: /root/ros2_code/humble/simulations/install/neo_nav2_bringup/share/neo_nav2_bringup/environment/ament_prefix_path.dsv
-- Up-to-date: /root/ros2_code/humble/simulations/install/neo_nav2_bringup/share/neo_nav2_bringup/environment/path.sh
-- Up-to-date: /root/ros2_code/humble/simulations/install/neo_nav2_bringup/share/neo_nav2_bringup/environment/path.dsv
-- Up-to-date: /root/ros2_code/humble/simulations/install/neo_nav2_bringup/share/neo_nav2_bringup/local_setup.bash
-- Up-to-date: /root/ros2_code/humble/simulations/install/neo_nav2_bringup/share/neo_nav2_bringup/local_setup.sh
-- Up-to-date: /root/ros2_code/humble/simulations/install/neo_nav2_bringup/share/neo_nav2_bringup/local_setup.zsh
-- Up-to-date: /root/ros2_code/humble/simulations/install/neo_nav2_bringup/share/neo_nav2_bringup/local_setup.dsv
-- Up-to-date: /root/ros2_code/humble/simulations/install/neo_nav2_bringup/share/neo_nav2_bringup/package.dsv
-- Up-to-date: /root/ros2_code/humble/simulations/install/neo_nav2_bringup/share/ament_index/resource_index/packages/neo_nav2_bringup
-- Up-to-date: /root/ros2_code/humble/simulations/install/neo_nav2_bringup/share/neo_nav2_bringup/cmake/neo_nav2_bringupConfig.cmake
-- Up-to-date: /root/ros2_code/humble/simulations/install/neo_nav2_bringup/share/neo_nav2_bringup/cmake/neo_nav2_bringupConfig-version.cmake
-- Up-to-date: /root/ros2_code/humble/simulations/install/neo_nav2_bringup/share/neo_nav2_bringup/package.xml
