[2.573s] Invoking command in '/root/ros2_code/humble/tc_ros2_nav/src/path_planner_server': PYTHONPATH=/root/ros2_code/humble/tc_ros2_nav/build/path_planner_server/prefix_override:/root/ros2_code/humble/tc_ros2_nav/install/path_planner_server/lib/python3.10/site-packages:${PYTHONPATH} /usr/bin/python3 setup.py egg_info --egg-base ../../build/path_planner_server build --build-base /root/ros2_code/humble/tc_ros2_nav/build/path_planner_server/build install --record /root/ros2_code/humble/tc_ros2_nav/build/path_planner_server/install.log --single-version-externally-managed
[2.863s] running egg_info
[2.864s] writing ../../build/path_planner_server/path_planner_server.egg-info/PKG-INFO
[2.864s] writing dependency_links to ../../build/path_planner_server/path_planner_server.egg-info/dependency_links.txt
[2.864s] writing entry points to ../../build/path_planner_server/path_planner_server.egg-info/entry_points.txt
[2.865s] writing requirements to ../../build/path_planner_server/path_planner_server.egg-info/requires.txt
[2.865s] writing top-level names to ../../build/path_planner_server/path_planner_server.egg-info/top_level.txt
[2.867s] reading manifest file '../../build/path_planner_server/path_planner_server.egg-info/SOURCES.txt'
[2.868s] writing manifest file '../../build/path_planner_server/path_planner_server.egg-info/SOURCES.txt'
[2.868s] running build
[2.868s] running build_py
[2.869s] running install
[2.869s] running install_lib
[2.870s] running install_data
[2.871s] running install_egg_info
[2.873s] removing '/root/ros2_code/humble/tc_ros2_nav/install/path_planner_server/lib/python3.10/site-packages/path_planner_server-0.0.0-py3.10.egg-info' (and everything under it)
[2.874s] Copying ../../build/path_planner_server/path_planner_server.egg-info to /root/ros2_code/humble/tc_ros2_nav/install/path_planner_server/lib/python3.10/site-packages/path_planner_server-0.0.0-py3.10.egg-info
[2.875s] running install_scripts
[2.898s] Installing nav_to_pose_action_client script to /root/ros2_code/humble/tc_ros2_nav/install/path_planner_server/lib/path_planner_server
[2.899s] writing list of installed files to '/root/ros2_code/humble/tc_ros2_nav/build/path_planner_server/install.log'
[2.942s] Invoked command in '/root/ros2_code/humble/tc_ros2_nav/src/path_planner_server' returned '0': PYTHONPATH=/root/ros2_code/humble/tc_ros2_nav/build/path_planner_server/prefix_override:/root/ros2_code/humble/tc_ros2_nav/install/path_planner_server/lib/python3.10/site-packages:${PYTHONPATH} /usr/bin/python3 setup.py egg_info --egg-base ../../build/path_planner_server build --build-base /root/ros2_code/humble/tc_ros2_nav/build/path_planner_server/build install --record /root/ros2_code/humble/tc_ros2_nav/build/path_planner_server/install.log --single-version-externally-managed
