[2.469s] Invoking command in '/root/ros2_code/humble/dai_ws/build/depthai_descriptions': CMAKE_PREFIX_PATH=${CMAKE_PREFIX_PATH}:/root/ros2_code/humble/learning/install/ball_tracker:/opt/ros/humble /usr/bin/cmake --build /root/ros2_code/humble/dai_ws/build/depthai_descriptions -- -j12 -l12
[2.644s] Invoked command in '/root/ros2_code/humble/dai_ws/build/depthai_descriptions' returned '0': CMAKE_PREFIX_PATH=${CMAKE_PREFIX_PATH}:/root/ros2_code/humble/learning/install/ball_tracker:/opt/ros/humble /usr/bin/cmake --build /root/ros2_code/humble/dai_ws/build/depthai_descriptions -- -j12 -l12
[2.899s] Invoking command in '/root/ros2_code/humble/dai_ws/build/depthai_descriptions': CMAKE_PREFIX_PATH=${CMAKE_PREFIX_PATH}:/root/ros2_code/humble/learning/install/ball_tracker:/opt/ros/humble /usr/bin/cmake --install /root/ros2_code/humble/dai_ws/build/depthai_descriptions
[2.960s] -- Install configuration: ""
[2.965s] -- Execute custom install script
[2.967s] -- Up-to-date symlink: /root/ros2_code/humble/dai_ws/install/depthai_descriptions/share/depthai_descriptions/urdf/base_descr.urdf.xacro
[2.968s] -- Up-to-date symlink: /root/ros2_code/humble/dai_ws/install/depthai_descriptions/share/depthai_descriptions/urdf/depthai_descr.urdf.xacro
[2.969s] -- Up-to-date symlink: /root/ros2_code/humble/dai_ws/install/depthai_descriptions/share/depthai_descriptions/urdf/include/base_macro.urdf.xacro
[2.971s] -- Up-to-date symlink: /root/ros2_code/humble/dai_ws/install/depthai_descriptions/share/depthai_descriptions/urdf/include/depthai_macro.urdf.xacro
[2.972s] -- Up-to-date symlink: /root/ros2_code/humble/dai_ws/install/depthai_descriptions/share/depthai_descriptions/urdf/models/OAK-D-CM4-POE.stl
[2.974s] -- Up-to-date symlink: /root/ros2_code/humble/dai_ws/install/depthai_descriptions/share/depthai_descriptions/urdf/models/OAK-D-IOT-75.stl
[2.975s] -- Up-to-date symlink: /root/ros2_code/humble/dai_ws/install/depthai_descriptions/share/depthai_descriptions/urdf/models/OAK-D-LITE.stl
[2.976s] -- Up-to-date symlink: /root/ros2_code/humble/dai_ws/install/depthai_descriptions/share/depthai_descriptions/urdf/models/OAK-D-LR.stl
[2.977s] -- Up-to-date symlink: /root/ros2_code/humble/dai_ws/install/depthai_descriptions/share/depthai_descriptions/urdf/models/OAK-D-POE.stl
[2.978s] -- Up-to-date symlink: /root/ros2_code/humble/dai_ws/install/depthai_descriptions/share/depthai_descriptions/urdf/models/OAK-D-PRO-W.stl
[2.980s] -- Up-to-date symlink: /root/ros2_code/humble/dai_ws/install/depthai_descriptions/share/depthai_descriptions/urdf/models/OAK-D-PRO.stl
[2.981s] -- Up-to-date symlink: /root/ros2_code/humble/dai_ws/install/depthai_descriptions/share/depthai_descriptions/urdf/models/OAK-D-S2.stl
[2.983s] -- Up-to-date symlink: /root/ros2_code/humble/dai_ws/install/depthai_descriptions/share/depthai_descriptions/urdf/models/OAK-D-SR.stl
[2.985s] -- Up-to-date symlink: /root/ros2_code/humble/dai_ws/install/depthai_descriptions/share/depthai_descriptions/urdf/models/OAK-D.stl
[2.988s] -- Up-to-date symlink: /root/ros2_code/humble/dai_ws/install/depthai_descriptions/share/ament_index/resource_index/package_run_dependencies/depthai_descriptions
[2.990s] -- Up-to-date symlink: /root/ros2_code/humble/dai_ws/install/depthai_descriptions/share/ament_index/resource_index/parent_prefix_path/depthai_descriptions
[2.993s] -- Up-to-date symlink: /root/ros2_code/humble/dai_ws/install/depthai_descriptions/share/depthai_descriptions/environment/ament_prefix_path.sh
[2.997s] -- Up-to-date symlink: /root/ros2_code/humble/dai_ws/install/depthai_descriptions/share/depthai_descriptions/environment/ament_prefix_path.dsv
[3.001s] -- Up-to-date symlink: /root/ros2_code/humble/dai_ws/install/depthai_descriptions/share/depthai_descriptions/environment/path.sh
[3.002s] -- Up-to-date symlink: /root/ros2_code/humble/dai_ws/install/depthai_descriptions/share/depthai_descriptions/environment/path.dsv
[3.003s] -- Up-to-date symlink: /root/ros2_code/humble/dai_ws/install/depthai_descriptions/share/depthai_descriptions/local_setup.bash
[3.006s] -- Up-to-date symlink: /root/ros2_code/humble/dai_ws/install/depthai_descriptions/share/depthai_descriptions/local_setup.sh
[3.007s] -- Up-to-date symlink: /root/ros2_code/humble/dai_ws/install/depthai_descriptions/share/depthai_descriptions/local_setup.zsh
[3.009s] -- Up-to-date symlink: /root/ros2_code/humble/dai_ws/install/depthai_descriptions/share/depthai_descriptions/local_setup.dsv
[3.021s] -- Symlinking: /root/ros2_code/humble/dai_ws/install/depthai_descriptions/share/depthai_descriptions/package.dsv
[3.086s] -- Up-to-date symlink: /root/ros2_code/humble/dai_ws/install/depthai_descriptions/share/ament_index/resource_index/packages/depthai_descriptions
[3.088s] -- Up-to-date symlink: /root/ros2_code/humble/dai_ws/install/depthai_descriptions/share/depthai_descriptions/cmake/depthai_descriptionsConfig.cmake
[3.090s] -- Up-to-date symlink: /root/ros2_code/humble/dai_ws/install/depthai_descriptions/share/depthai_descriptions/cmake/depthai_descriptionsConfig-version.cmake
[3.090s] -- Up-to-date symlink: /root/ros2_code/humble/dai_ws/install/depthai_descriptions/share/depthai_descriptions/package.xml
[3.091s] -- Up-to-date: /root/ros2_code/humble/dai_ws/install/depthai_descriptions/share/depthai_descriptions/launch
[3.092s] -- Up-to-date: /root/ros2_code/humble/dai_ws/install/depthai_descriptions/share/depthai_descriptions/launch/urdf_launch.py
[3.102s] Invoked command in '/root/ros2_code/humble/dai_ws/build/depthai_descriptions' returned '0': CMAKE_PREFIX_PATH=${CMAKE_PREFIX_PATH}:/root/ros2_code/humble/learning/install/ball_tracker:/opt/ros/humble /usr/bin/cmake --install /root/ros2_code/humble/dai_ws/build/depthai_descriptions
