[2.260s] Invoking command in '/root/ros2_code/humble/tc_ros2_nav/src/ros2_nav_files/nav2_project': PYTHONPATH=/root/ros2_code/humble/tc_ros2_nav/build/nav2_project/prefix_override:/root/ros2_code/humble/tc_ros2_nav/install/nav2_project/lib/python3.10/site-packages:${PYTHONPATH} /usr/bin/python3 setup.py egg_info --egg-base ../../../build/nav2_project build --build-base /root/ros2_code/humble/tc_ros2_nav/build/nav2_project/build install --record /root/ros2_code/humble/tc_ros2_nav/build/nav2_project/install.log --single-version-externally-managed
[2.499s] running egg_info
[2.500s] writing ../../../build/nav2_project/nav2_project.egg-info/PKG-INFO
[2.500s] writing dependency_links to ../../../build/nav2_project/nav2_project.egg-info/dependency_links.txt
[2.500s] writing entry points to ../../../build/nav2_project/nav2_project.egg-info/entry_points.txt
[2.500s] writing requirements to ../../../build/nav2_project/nav2_project.egg-info/requires.txt
[2.501s] writing top-level names to ../../../build/nav2_project/nav2_project.egg-info/top_level.txt
[2.503s] reading manifest file '../../../build/nav2_project/nav2_project.egg-info/SOURCES.txt'
[2.504s] writing manifest file '../../../build/nav2_project/nav2_project.egg-info/SOURCES.txt'
[2.504s] running build
[2.504s] running build_py
[2.504s] running install
[2.504s] running install_lib
[2.506s] running install_data
[2.507s] running install_egg_info
[2.508s] removing '/root/ros2_code/humble/tc_ros2_nav/install/nav2_project/lib/python3.10/site-packages/nav2_project-0.0.0-py3.10.egg-info' (and everything under it)
[2.509s] Copying ../../../build/nav2_project/nav2_project.egg-info to /root/ros2_code/humble/tc_ros2_nav/install/nav2_project/lib/python3.10/site-packages/nav2_project-0.0.0-py3.10.egg-info
[2.510s] running install_scripts
[2.529s] Installing go_to_pose script to /root/ros2_code/humble/tc_ros2_nav/install/nav2_project/lib/nav2_project
[2.530s] Installing spot_recorder script to /root/ros2_code/humble/tc_ros2_nav/install/nav2_project/lib/nav2_project
[2.530s] writing list of installed files to '/root/ros2_code/humble/tc_ros2_nav/build/nav2_project/install.log'
[2.631s] Invoked command in '/root/ros2_code/humble/tc_ros2_nav/src/ros2_nav_files/nav2_project' returned '0': PYTHONPATH=/root/ros2_code/humble/tc_ros2_nav/build/nav2_project/prefix_override:/root/ros2_code/humble/tc_ros2_nav/install/nav2_project/lib/python3.10/site-packages:${PYTHONPATH} /usr/bin/python3 setup.py egg_info --egg-base ../../../build/nav2_project build --build-base /root/ros2_code/humble/tc_ros2_nav/build/nav2_project/build install --record /root/ros2_code/humble/tc_ros2_nav/build/nav2_project/install.log --single-version-externally-managed
