[0.898s] Invoking command in '/root/ros2_code/humble/dai_ws/build/depthai_ros_driver': CMAKE_PREFIX_PATH=/root/ros2_code/humble/dai_ws/install/depthai_examples:/root/ros2_code/humble/dai_ws/install/depthai_bridge:/root/ros2_code/humble/dai_ws/install/depthai_ros_msgs:/root/ros2_code/humble/dai_ws/install/depthai_descriptions:/root/ros2_code/humble/dai_ws/install/pointcloud_to_laserscan:/root/ros2_code/humble/dai_ws/install/depthimage_to_laserscan:/root/ros2_code/humble/dai_ws/install/depthai-ros:/root/ros2_code/humble/dai_ws/install/depthai_ros_driver:/root/ros2_code/humble/dai_ws/install/depthai_filters:/root/cyglidar_ws/install/cyglidar_d1_ros2:/root/dai_ws/install/depthai-ros:/root/dai_ws/install/depthai_ros_driver:/root/dai_ws/install/depthai_filters:/root/dai_ws/install/depthai_examples:/root/dai_ws/install/depthai_bridge:/root/dai_ws/install/depthai_ros_msgs:/root/dai_ws/install/depthai_descriptions:/root/ros2_code/humble/learning/install/articubot_one:/root/ros2_code/humble/frc9202/install/yolov8_msgs:/root/ros2_code/humble/frc9202/install/yolo_recognition:/root/ros2_code/humble/frc9202/install/gazebo_setup_pkg:/root/ros2_code/humble/surround_view_ros/install/omni_robot_description:/root/ros2_code/humble/surround_view_ros/install/omni_control:/root/ros2_code/humble/surround_view_ros/install/gazebo_simulation:/root/ros2_code/humble/learning/install/ball_tracker:/opt/ros/humble LD_LIBRARY_PATH=/root/ros2_code/humble/dai_ws/install/depthai_bridge/lib:/root/ros2_code/humble/dai_ws/install/depthai_ros_msgs/lib:/root/ros2_code/humble/dai_ws/install/pointcloud_to_laserscan/lib:/root/ros2_code/humble/dai_ws/install/depthimage_to_laserscan/lib:/root/ros2_code/humble/dai_ws/install/depthai_ros_driver/lib:/root/ros2_code/humble/dai_ws/install/depthai_filters/lib:/root/dai_ws/install/depthai_ros_driver/lib:/root/dai_ws/install/depthai_filters/lib:/root/dai_ws/install/depthai_bridge/lib:/root/dai_ws/install/depthai_ros_msgs/lib:/root/ros2_code/humble/frc9202/install/yolov8_msgs/lib:/usr/lib/x86_64-linux-gnu/gazebo-11/plugins:/opt/ros/humble/opt/rviz_ogre_vendor/lib:/opt/ros/humble/lib/x86_64-linux-gnu:/opt/ros/humble/lib /usr/bin/cmake --build /root/ros2_code/humble/dai_ws/build/depthai_ros_driver -- -j12 -l12
[1.177s] [  0%] Built target ament_cmake_python_symlink_depthai_ros_driver
[1.233s] [ 42%] Built target depthai_ros_driver_common
[1.394s] [ 57%] Built target depthai_ros_driver_nn_nodes
[1.405s] [ 84%] Built target depthai_ros_driver_sensor_nodes
[1.561s] [100%] Built target depthai_ros_driver
[2.685s] running egg_info
[2.688s] writing depthai_ros_driver.egg-info/PKG-INFO
[2.688s] writing dependency_links to depthai_ros_driver.egg-info/dependency_links.txt
[2.689s] writing top-level names to depthai_ros_driver.egg-info/top_level.txt
[2.700s] reading manifest file 'depthai_ros_driver.egg-info/SOURCES.txt'
[2.703s] writing manifest file 'depthai_ros_driver.egg-info/SOURCES.txt'
[2.805s] [100%] Built target ament_cmake_python_build_depthai_ros_driver_egg
[2.856s] Invoked command in '/root/ros2_code/humble/dai_ws/build/depthai_ros_driver' returned '0': CMAKE_PREFIX_PATH=/root/ros2_code/humble/dai_ws/install/depthai_examples:/root/ros2_code/humble/dai_ws/install/depthai_bridge:/root/ros2_code/humble/dai_ws/install/depthai_ros_msgs:/root/ros2_code/humble/dai_ws/install/depthai_descriptions:/root/ros2_code/humble/dai_ws/install/pointcloud_to_laserscan:/root/ros2_code/humble/dai_ws/install/depthimage_to_laserscan:/root/ros2_code/humble/dai_ws/install/depthai-ros:/root/ros2_code/humble/dai_ws/install/depthai_ros_driver:/root/ros2_code/humble/dai_ws/install/depthai_filters:/root/cyglidar_ws/install/cyglidar_d1_ros2:/root/dai_ws/install/depthai-ros:/root/dai_ws/install/depthai_ros_driver:/root/dai_ws/install/depthai_filters:/root/dai_ws/install/depthai_examples:/root/dai_ws/install/depthai_bridge:/root/dai_ws/install/depthai_ros_msgs:/root/dai_ws/install/depthai_descriptions:/root/ros2_code/humble/learning/install/articubot_one:/root/ros2_code/humble/frc9202/install/yolov8_msgs:/root/ros2_code/humble/frc9202/install/yolo_recognition:/root/ros2_code/humble/frc9202/install/gazebo_setup_pkg:/root/ros2_code/humble/surround_view_ros/install/omni_robot_description:/root/ros2_code/humble/surround_view_ros/install/omni_control:/root/ros2_code/humble/surround_view_ros/install/gazebo_simulation:/root/ros2_code/humble/learning/install/ball_tracker:/opt/ros/humble LD_LIBRARY_PATH=/root/ros2_code/humble/dai_ws/install/depthai_bridge/lib:/root/ros2_code/humble/dai_ws/install/depthai_ros_msgs/lib:/root/ros2_code/humble/dai_ws/install/pointcloud_to_laserscan/lib:/root/ros2_code/humble/dai_ws/install/depthimage_to_laserscan/lib:/root/ros2_code/humble/dai_ws/install/depthai_ros_driver/lib:/root/ros2_code/humble/dai_ws/install/depthai_filters/lib:/root/dai_ws/install/depthai_ros_driver/lib:/root/dai_ws/install/depthai_filters/lib:/root/dai_ws/install/depthai_bridge/lib:/root/dai_ws/install/depthai_ros_msgs/lib:/root/ros2_code/humble/frc9202/install/yolov8_msgs/lib:/usr/lib/x86_64-linux-gnu/gazebo-11/plugins:/opt/ros/humble/opt/rviz_ogre_vendor/lib:/opt/ros/humble/lib/x86_64-linux-gnu:/opt/ros/humble/lib /usr/bin/cmake --build /root/ros2_code/humble/dai_ws/build/depthai_ros_driver -- -j12 -l12
[3.338s] Invoking command in '/root/ros2_code/humble/dai_ws/build/depthai_ros_driver': CMAKE_PREFIX_PATH=/root/ros2_code/humble/dai_ws/install/depthai_examples:/root/ros2_code/humble/dai_ws/install/depthai_bridge:/root/ros2_code/humble/dai_ws/install/depthai_ros_msgs:/root/ros2_code/humble/dai_ws/install/depthai_descriptions:/root/ros2_code/humble/dai_ws/install/pointcloud_to_laserscan:/root/ros2_code/humble/dai_ws/install/depthimage_to_laserscan:/root/ros2_code/humble/dai_ws/install/depthai-ros:/root/ros2_code/humble/dai_ws/install/depthai_ros_driver:/root/ros2_code/humble/dai_ws/install/depthai_filters:/root/cyglidar_ws/install/cyglidar_d1_ros2:/root/dai_ws/install/depthai-ros:/root/dai_ws/install/depthai_ros_driver:/root/dai_ws/install/depthai_filters:/root/dai_ws/install/depthai_examples:/root/dai_ws/install/depthai_bridge:/root/dai_ws/install/depthai_ros_msgs:/root/dai_ws/install/depthai_descriptions:/root/ros2_code/humble/learning/install/articubot_one:/root/ros2_code/humble/frc9202/install/yolov8_msgs:/root/ros2_code/humble/frc9202/install/yolo_recognition:/root/ros2_code/humble/frc9202/install/gazebo_setup_pkg:/root/ros2_code/humble/surround_view_ros/install/omni_robot_description:/root/ros2_code/humble/surround_view_ros/install/omni_control:/root/ros2_code/humble/surround_view_ros/install/gazebo_simulation:/root/ros2_code/humble/learning/install/ball_tracker:/opt/ros/humble LD_LIBRARY_PATH=/root/ros2_code/humble/dai_ws/install/depthai_bridge/lib:/root/ros2_code/humble/dai_ws/install/depthai_ros_msgs/lib:/root/ros2_code/humble/dai_ws/install/pointcloud_to_laserscan/lib:/root/ros2_code/humble/dai_ws/install/depthimage_to_laserscan/lib:/root/ros2_code/humble/dai_ws/install/depthai_ros_driver/lib:/root/ros2_code/humble/dai_ws/install/depthai_filters/lib:/root/dai_ws/install/depthai_ros_driver/lib:/root/dai_ws/install/depthai_filters/lib:/root/dai_ws/install/depthai_bridge/lib:/root/dai_ws/install/depthai_ros_msgs/lib:/root/ros2_code/humble/frc9202/install/yolov8_msgs/lib:/usr/lib/x86_64-linux-gnu/gazebo-11/plugins:/opt/ros/humble/opt/rviz_ogre_vendor/lib:/opt/ros/humble/lib/x86_64-linux-gnu:/opt/ros/humble/lib /usr/bin/cmake --install /root/ros2_code/humble/dai_ws/build/depthai_ros_driver
[3.372s] -- Install configuration: ""
[3.375s] -- Execute custom install script
[3.376s] -- Up-to-date symlink: /root/ros2_code/humble/dai_ws/install/depthai_ros_driver/share/depthai_ros_driver//plugins.xml
[3.377s] -- Up-to-date symlink: /root/ros2_code/humble/dai_ws/install/depthai_ros_driver/share/depthai_ros_driver/environment/library_path.sh
[3.378s] -- Up-to-date symlink: /root/ros2_code/humble/dai_ws/install/depthai_ros_driver/share/depthai_ros_driver/environment/library_path.dsv
[3.379s] -- Up-to-date symlink: /root/ros2_code/humble/dai_ws/install/depthai_ros_driver/share/depthai_ros_driver/launch/calibration.launch.py
[3.380s] -- Up-to-date symlink: /root/ros2_code/humble/dai_ws/install/depthai_ros_driver/share/depthai_ros_driver/launch/camera.launch.py
[3.381s] -- Up-to-date symlink: /root/ros2_code/humble/dai_ws/install/depthai_ros_driver/share/depthai_ros_driver/launch/example_marker_publish.launch.py
[3.381s] -- Up-to-date symlink: /root/ros2_code/humble/dai_ws/install/depthai_ros_driver/share/depthai_ros_driver/launch/example_multicam.launch.py
[3.382s] -- Up-to-date symlink: /root/ros2_code/humble/dai_ws/install/depthai_ros_driver/share/depthai_ros_driver/launch/example_segmentation.launch.py
[3.382s] -- Up-to-date symlink: /root/ros2_code/humble/dai_ws/install/depthai_ros_driver/share/depthai_ros_driver/launch/pointcloud.launch.py
[3.383s] -- Up-to-date symlink: /root/ros2_code/humble/dai_ws/install/depthai_ros_driver/share/depthai_ros_driver/launch/rgbd_pcl.launch.py
[3.384s] -- Up-to-date symlink: /root/ros2_code/humble/dai_ws/install/depthai_ros_driver/share/depthai_ros_driver/launch/rtabmap.launch.py
[3.384s] -- Up-to-date symlink: /root/ros2_code/humble/dai_ws/install/depthai_ros_driver/share/depthai_ros_driver/launch/sr_rgbd_pcl.launch.py
[3.385s] -- Up-to-date symlink: /root/ros2_code/humble/dai_ws/install/depthai_ros_driver/share/depthai_ros_driver/launch/stereo_from_rosbag.launch.py
[3.387s] -- Up-to-date symlink: /root/ros2_code/humble/dai_ws/install/depthai_ros_driver/share/depthai_ros_driver/config/calibration.yaml
[3.387s] -- Up-to-date symlink: /root/ros2_code/humble/dai_ws/install/depthai_ros_driver/share/depthai_ros_driver/config/calibration/left.yaml
[3.388s] -- Up-to-date symlink: /root/ros2_code/humble/dai_ws/install/depthai_ros_driver/share/depthai_ros_driver/config/calibration/rgb.yaml
[3.389s] -- Up-to-date symlink: /root/ros2_code/humble/dai_ws/install/depthai_ros_driver/share/depthai_ros_driver/config/calibration/right.yaml
[3.390s] -- Up-to-date symlink: /root/ros2_code/humble/dai_ws/install/depthai_ros_driver/share/depthai_ros_driver/config/camera.yaml
[3.390s] -- Up-to-date symlink: /root/ros2_code/humble/dai_ws/install/depthai_ros_driver/share/depthai_ros_driver/config/isaac_vslam.yaml
[3.390s] -- Up-to-date symlink: /root/ros2_code/humble/dai_ws/install/depthai_ros_driver/share/depthai_ros_driver/config/low_bandwidth.yaml
[3.391s] -- Up-to-date symlink: /root/ros2_code/humble/dai_ws/install/depthai_ros_driver/share/depthai_ros_driver/config/multicam_example.yaml
[3.391s] -- Up-to-date symlink: /root/ros2_code/humble/dai_ws/install/depthai_ros_driver/share/depthai_ros_driver/config/nn/mobilenet.json
[3.392s] -- Up-to-date symlink: /root/ros2_code/humble/dai_ws/install/depthai_ros_driver/share/depthai_ros_driver/config/nn/segmentation.json
[3.393s] -- Up-to-date symlink: /root/ros2_code/humble/dai_ws/install/depthai_ros_driver/share/depthai_ros_driver/config/nn/yolo.json
[3.393s] -- Up-to-date symlink: /root/ros2_code/humble/dai_ws/install/depthai_ros_driver/share/depthai_ros_driver/config/oak_d_pro_w.yaml
[3.394s] -- Up-to-date symlink: /root/ros2_code/humble/dai_ws/install/depthai_ros_driver/share/depthai_ros_driver/config/oak_d_sr.yaml
[3.395s] -- Up-to-date symlink: /root/ros2_code/humble/dai_ws/install/depthai_ros_driver/share/depthai_ros_driver/config/pcl.yaml
[3.395s] -- Up-to-date symlink: /root/ros2_code/humble/dai_ws/install/depthai_ros_driver/share/depthai_ros_driver/config/rgbd.yaml
[3.396s] -- Up-to-date symlink: /root/ros2_code/humble/dai_ws/install/depthai_ros_driver/share/depthai_ros_driver/config/rviz/multicam.rviz
[3.397s] -- Up-to-date symlink: /root/ros2_code/humble/dai_ws/install/depthai_ros_driver/share/depthai_ros_driver/config/rviz/rgbd.rviz
[3.397s] -- Up-to-date symlink: /root/ros2_code/humble/dai_ws/install/depthai_ros_driver/share/depthai_ros_driver/config/rviz/segmentation.rviz
[3.398s] -- Up-to-date symlink: /root/ros2_code/humble/dai_ws/install/depthai_ros_driver/share/depthai_ros_driver/config/segmentation.yaml
[3.399s] -- Up-to-date symlink: /root/ros2_code/humble/dai_ws/install/depthai_ros_driver/share/depthai_ros_driver/config/spatial_yolo.yaml
[3.399s] -- Up-to-date symlink: /root/ros2_code/humble/dai_ws/install/depthai_ros_driver/share/depthai_ros_driver/config/sr_rgbd.yaml
[3.400s] -- Up-to-date symlink: /root/ros2_code/humble/dai_ws/install/depthai_ros_driver/share/depthai_ros_driver/config/stereo_from_rosbag.yaml
[3.400s] -- Up-to-date symlink: /root/ros2_code/humble/dai_ws/install/depthai_ros_driver/share/depthai_ros_driver/environment/pythonpath.sh
[3.402s] -- Up-to-date symlink: /root/ros2_code/humble/dai_ws/install/depthai_ros_driver/share/depthai_ros_driver/environment/pythonpath.dsv
[3.404s] -- Up-to-date symlink: /root/ros2_code/humble/dai_ws/install/depthai_ros_driver/local/lib/python3.10/dist-packages/depthai_ros_driver-2.9.0-py3.10.egg-info/PKG-INFO
[3.404s] -- Up-to-date symlink: /root/ros2_code/humble/dai_ws/install/depthai_ros_driver/local/lib/python3.10/dist-packages/depthai_ros_driver-2.9.0-py3.10.egg-info/SOURCES.txt
[3.405s] -- Up-to-date symlink: /root/ros2_code/humble/dai_ws/install/depthai_ros_driver/local/lib/python3.10/dist-packages/depthai_ros_driver-2.9.0-py3.10.egg-info/dependency_links.txt
[3.405s] -- Up-to-date symlink: /root/ros2_code/humble/dai_ws/install/depthai_ros_driver/local/lib/python3.10/dist-packages/depthai_ros_driver-2.9.0-py3.10.egg-info/top_level.txt
[3.407s] -- Up-to-date symlink: /root/ros2_code/humble/dai_ws/install/depthai_ros_driver/local/lib/python3.10/dist-packages/depthai_ros_driver/__init__.py
[3.408s] -- Up-to-date symlink: /root/ros2_code/humble/dai_ws/install/depthai_ros_driver/lib/depthai_ros_driver/obj_pub.py
[3.412s] -- Up-to-date symlink: /root/ros2_code/humble/dai_ws/install/depthai_ros_driver/include/depthai_ros_driver/camera.hpp
[3.412s] -- Up-to-date symlink: /root/ros2_code/humble/dai_ws/install/depthai_ros_driver/include/depthai_ros_driver/dai_nodes/base_node.hpp
[3.413s] -- Up-to-date symlink: /root/ros2_code/humble/dai_ws/install/depthai_ros_driver/include/depthai_ros_driver/dai_nodes/nn/detection.hpp
[3.414s] -- Up-to-date symlink: /root/ros2_code/humble/dai_ws/install/depthai_ros_driver/include/depthai_ros_driver/dai_nodes/nn/nn_helpers.hpp
[3.415s] -- Up-to-date symlink: /root/ros2_code/humble/dai_ws/install/depthai_ros_driver/include/depthai_ros_driver/dai_nodes/nn/nn_wrapper.hpp
[3.415s] -- Up-to-date symlink: /root/ros2_code/humble/dai_ws/install/depthai_ros_driver/include/depthai_ros_driver/dai_nodes/nn/segmentation.hpp
[3.416s] -- Up-to-date symlink: /root/ros2_code/humble/dai_ws/install/depthai_ros_driver/include/depthai_ros_driver/dai_nodes/nn/spatial_detection.hpp
[3.416s] -- Up-to-date symlink: /root/ros2_code/humble/dai_ws/install/depthai_ros_driver/include/depthai_ros_driver/dai_nodes/nn/spatial_nn_wrapper.hpp
[3.417s] -- Up-to-date symlink: /root/ros2_code/humble/dai_ws/install/depthai_ros_driver/include/depthai_ros_driver/dai_nodes/sensors/feature_tracker.hpp
[3.417s] -- Up-to-date symlink: /root/ros2_code/humble/dai_ws/install/depthai_ros_driver/include/depthai_ros_driver/dai_nodes/sensors/imu.hpp
[3.418s] -- Up-to-date symlink: /root/ros2_code/humble/dai_ws/install/depthai_ros_driver/include/depthai_ros_driver/dai_nodes/sensors/mono.hpp
[3.419s] -- Up-to-date symlink: /root/ros2_code/humble/dai_ws/install/depthai_ros_driver/include/depthai_ros_driver/dai_nodes/sensors/rgb.hpp
[3.419s] -- Up-to-date symlink: /root/ros2_code/humble/dai_ws/install/depthai_ros_driver/include/depthai_ros_driver/dai_nodes/sensors/sensor_helpers.hpp
[3.420s] -- Up-to-date symlink: /root/ros2_code/humble/dai_ws/install/depthai_ros_driver/include/depthai_ros_driver/dai_nodes/sensors/sensor_wrapper.hpp
[3.420s] -- Up-to-date symlink: /root/ros2_code/humble/dai_ws/install/depthai_ros_driver/include/depthai_ros_driver/dai_nodes/stereo.hpp
[3.421s] -- Up-to-date symlink: /root/ros2_code/humble/dai_ws/install/depthai_ros_driver/include/depthai_ros_driver/dai_nodes/sys_logger.hpp
[3.421s] -- Up-to-date symlink: /root/ros2_code/humble/dai_ws/install/depthai_ros_driver/include/depthai_ros_driver/param_handlers/base_param_handler.hpp
[3.422s] -- Up-to-date symlink: /root/ros2_code/humble/dai_ws/install/depthai_ros_driver/include/depthai_ros_driver/param_handlers/camera_param_handler.hpp
[3.422s] -- Up-to-date symlink: /root/ros2_code/humble/dai_ws/install/depthai_ros_driver/include/depthai_ros_driver/param_handlers/feature_tracker_param_handler.hpp
[3.423s] -- Up-to-date symlink: /root/ros2_code/humble/dai_ws/install/depthai_ros_driver/include/depthai_ros_driver/param_handlers/imu_param_handler.hpp
[3.423s] -- Up-to-date symlink: /root/ros2_code/humble/dai_ws/install/depthai_ros_driver/include/depthai_ros_driver/param_handlers/nn_param_handler.hpp
[3.424s] -- Up-to-date symlink: /root/ros2_code/humble/dai_ws/install/depthai_ros_driver/include/depthai_ros_driver/param_handlers/sensor_param_handler.hpp
[3.425s] -- Up-to-date symlink: /root/ros2_code/humble/dai_ws/install/depthai_ros_driver/include/depthai_ros_driver/param_handlers/stereo_param_handler.hpp
[3.425s] -- Up-to-date symlink: /root/ros2_code/humble/dai_ws/install/depthai_ros_driver/include/depthai_ros_driver/pipeline/base_pipeline.hpp
[3.426s] -- Up-to-date symlink: /root/ros2_code/humble/dai_ws/install/depthai_ros_driver/include/depthai_ros_driver/pipeline/base_types.hpp
[3.427s] -- Up-to-date symlink: /root/ros2_code/humble/dai_ws/install/depthai_ros_driver/include/depthai_ros_driver/pipeline/pipeline_generator.hpp
[3.427s] -- Up-to-date symlink: /root/ros2_code/humble/dai_ws/install/depthai_ros_driver/include/depthai_ros_driver/utils.hpp
[3.428s] -- Up-to-date symlink: /root/ros2_code/humble/dai_ws/install/depthai_ros_driver/share/ament_index/resource_index/package_run_dependencies/depthai_ros_driver
[3.429s] -- Up-to-date symlink: /root/ros2_code/humble/dai_ws/install/depthai_ros_driver/share/ament_index/resource_index/parent_prefix_path/depthai_ros_driver
[3.430s] -- Up-to-date symlink: /root/ros2_code/humble/dai_ws/install/depthai_ros_driver/share/depthai_ros_driver/environment/ament_prefix_path.sh
[3.431s] -- Up-to-date symlink: /root/ros2_code/humble/dai_ws/install/depthai_ros_driver/share/depthai_ros_driver/environment/ament_prefix_path.dsv
[3.432s] -- Up-to-date symlink: /root/ros2_code/humble/dai_ws/install/depthai_ros_driver/share/depthai_ros_driver/environment/path.sh
[3.433s] -- Up-to-date symlink: /root/ros2_code/humble/dai_ws/install/depthai_ros_driver/share/depthai_ros_driver/environment/path.dsv
[3.435s] -- Up-to-date symlink: /root/ros2_code/humble/dai_ws/install/depthai_ros_driver/share/depthai_ros_driver/local_setup.bash
[3.435s] -- Up-to-date symlink: /root/ros2_code/humble/dai_ws/install/depthai_ros_driver/share/depthai_ros_driver/local_setup.sh
[3.436s] -- Up-to-date symlink: /root/ros2_code/humble/dai_ws/install/depthai_ros_driver/share/depthai_ros_driver/local_setup.zsh
[3.437s] -- Up-to-date symlink: /root/ros2_code/humble/dai_ws/install/depthai_ros_driver/share/depthai_ros_driver/local_setup.dsv
[3.437s] -- Symlinking: /root/ros2_code/humble/dai_ws/install/depthai_ros_driver/share/depthai_ros_driver/package.dsv
[3.478s] -- Up-to-date symlink: /root/ros2_code/humble/dai_ws/install/depthai_ros_driver/share/ament_index/resource_index/packages/depthai_ros_driver
[3.479s] -- Up-to-date symlink: /root/ros2_code/humble/dai_ws/install/depthai_ros_driver/share/ament_index/resource_index/depthai_ros_driver__pluginlib__plugin/depthai_ros_driver
[3.479s] -- Up-to-date symlink: /root/ros2_code/humble/dai_ws/install/depthai_ros_driver/share/ament_index/resource_index/rclcpp_components/depthai_ros_driver
[3.480s] -- Up-to-date symlink: /root/ros2_code/humble/dai_ws/install/depthai_ros_driver/share/depthai_ros_driver/cmake/ament_cmake_export_include_directories-extras.cmake
[3.481s] -- Up-to-date symlink: /root/ros2_code/humble/dai_ws/install/depthai_ros_driver/share/depthai_ros_driver/cmake/ament_cmake_export_targets-extras.cmake
[3.481s] -- Up-to-date symlink: /root/ros2_code/humble/dai_ws/install/depthai_ros_driver/share/depthai_ros_driver/cmake/ament_cmake_export_libraries-extras.cmake
[3.482s] -- Up-to-date symlink: /root/ros2_code/humble/dai_ws/install/depthai_ros_driver/share/depthai_ros_driver/cmake/ament_cmake_export_dependencies-extras.cmake
[3.483s] -- Up-to-date symlink: /root/ros2_code/humble/dai_ws/install/depthai_ros_driver/share/depthai_ros_driver/cmake/depthai_ros_driverConfig.cmake
[3.484s] -- Up-to-date symlink: /root/ros2_code/humble/dai_ws/install/depthai_ros_driver/share/depthai_ros_driver/cmake/depthai_ros_driverConfig-version.cmake
[3.485s] -- Up-to-date symlink: /root/ros2_code/humble/dai_ws/install/depthai_ros_driver/share/depthai_ros_driver/package.xml
[3.488s] -- Up-to-date: /root/ros2_code/humble/dai_ws/install/depthai_ros_driver/lib/libdepthai_ros_driver.so
[3.494s] -- Up-to-date: /root/ros2_code/humble/dai_ws/install/depthai_ros_driver/lib/libdepthai_ros_driver_sensor_nodes.so
[3.499s] -- Up-to-date: /root/ros2_code/humble/dai_ws/install/depthai_ros_driver/lib/libdepthai_ros_driver_nn_nodes.so
[3.503s] -- Up-to-date: /root/ros2_code/humble/dai_ws/install/depthai_ros_driver/lib/libdepthai_ros_driver_common.so
[3.506s] -- Up-to-date: /root/ros2_code/humble/dai_ws/install/depthai_ros_driver/share/depthai_ros_driver/cmake/depthai_ros_driverTargets.cmake
[3.506s] -- Up-to-date: /root/ros2_code/humble/dai_ws/install/depthai_ros_driver/share/depthai_ros_driver/cmake/depthai_ros_driverTargets-noconfig.cmake
[3.665s] Listing '/root/ros2_code/humble/dai_ws/install/depthai_ros_driver/local/lib/python3.10/dist-packages/depthai_ros_driver'...
[3.681s] -- Up-to-date: /root/ros2_code/humble/dai_ws/install/depthai_ros_driver/share/depthai_ros_driver/cmake/depthai_ros_driverTargetsExport.cmake
[3.682s] -- Up-to-date: /root/ros2_code/humble/dai_ws/install/depthai_ros_driver/share/depthai_ros_driver/cmake/depthai_ros_driverTargetsExport-noconfig.cmake
[3.690s] Invoked command in '/root/ros2_code/humble/dai_ws/build/depthai_ros_driver' returned '0': CMAKE_PREFIX_PATH=/root/ros2_code/humble/dai_ws/install/depthai_examples:/root/ros2_code/humble/dai_ws/install/depthai_bridge:/root/ros2_code/humble/dai_ws/install/depthai_ros_msgs:/root/ros2_code/humble/dai_ws/install/depthai_descriptions:/root/ros2_code/humble/dai_ws/install/pointcloud_to_laserscan:/root/ros2_code/humble/dai_ws/install/depthimage_to_laserscan:/root/ros2_code/humble/dai_ws/install/depthai-ros:/root/ros2_code/humble/dai_ws/install/depthai_ros_driver:/root/ros2_code/humble/dai_ws/install/depthai_filters:/root/cyglidar_ws/install/cyglidar_d1_ros2:/root/dai_ws/install/depthai-ros:/root/dai_ws/install/depthai_ros_driver:/root/dai_ws/install/depthai_filters:/root/dai_ws/install/depthai_examples:/root/dai_ws/install/depthai_bridge:/root/dai_ws/install/depthai_ros_msgs:/root/dai_ws/install/depthai_descriptions:/root/ros2_code/humble/learning/install/articubot_one:/root/ros2_code/humble/frc9202/install/yolov8_msgs:/root/ros2_code/humble/frc9202/install/yolo_recognition:/root/ros2_code/humble/frc9202/install/gazebo_setup_pkg:/root/ros2_code/humble/surround_view_ros/install/omni_robot_description:/root/ros2_code/humble/surround_view_ros/install/omni_control:/root/ros2_code/humble/surround_view_ros/install/gazebo_simulation:/root/ros2_code/humble/learning/install/ball_tracker:/opt/ros/humble LD_LIBRARY_PATH=/root/ros2_code/humble/dai_ws/install/depthai_bridge/lib:/root/ros2_code/humble/dai_ws/install/depthai_ros_msgs/lib:/root/ros2_code/humble/dai_ws/install/pointcloud_to_laserscan/lib:/root/ros2_code/humble/dai_ws/install/depthimage_to_laserscan/lib:/root/ros2_code/humble/dai_ws/install/depthai_ros_driver/lib:/root/ros2_code/humble/dai_ws/install/depthai_filters/lib:/root/dai_ws/install/depthai_ros_driver/lib:/root/dai_ws/install/depthai_filters/lib:/root/dai_ws/install/depthai_bridge/lib:/root/dai_ws/install/depthai_ros_msgs/lib:/root/ros2_code/humble/frc9202/install/yolov8_msgs/lib:/usr/lib/x86_64-linux-gnu/gazebo-11/plugins:/opt/ros/humble/opt/rviz_ogre_vendor/lib:/opt/ros/humble/lib/x86_64-linux-gnu:/opt/ros/humble/lib /usr/bin/cmake --install /root/ros2_code/humble/dai_ws/build/depthai_ros_driver
