[0.809s] Invoking command in '/root/ros2_code/humble/tc_ros2_nav/build/nav2_course': CMAKE_PREFIX_PATH=/opt/ros/humble /usr/bin/cmake --build /root/ros2_code/humble/tc_ros2_nav/build/nav2_course -- -j12 -l12
[1.432s] Invoked command in '/root/ros2_code/humble/tc_ros2_nav/build/nav2_course' returned '0': CMAKE_PREFIX_PATH=/opt/ros/humble /usr/bin/cmake --build /root/ros2_code/humble/tc_ros2_nav/build/nav2_course -- -j12 -l12
[1.467s] Invoking command in '/root/ros2_code/humble/tc_ros2_nav/build/nav2_course': CMAKE_PREFIX_PATH=/opt/ros/humble /usr/bin/cmake --install /root/ros2_code/humble/tc_ros2_nav/build/nav2_course
[1.476s] -- Install configuration: "Release"
[1.476s] -- Up-to-date: /root/ros2_code/humble/tc_ros2_nav/install/nav2_course/share/nav2_course/launch
[1.476s] -- Installing: /root/ros2_code/humble/tc_ros2_nav/install/nav2_course/share/nav2_course/launch/nav2_complete.launch.py
[1.477s] -- Installing: /root/ros2_code/humble/tc_ros2_nav/install/nav2_course/share/nav2_course/launch/map_saver.launch.py
[1.477s] -- Installing: /root/ros2_code/humble/tc_ros2_nav/install/nav2_course/share/nav2_course/launch/tb3_world_navigation_with_tools_launch.py
[1.477s] -- Installing: /root/ros2_code/humble/tc_ros2_nav/install/nav2_course/share/nav2_course/launch/nav2_demo.launch.py
[1.477s] -- Installing: /root/ros2_code/humble/tc_ros2_nav/install/nav2_course/share/nav2_course/launch/map_server_launch.py
[1.477s] -- Installing: /root/ros2_code/humble/tc_ros2_nav/install/nav2_course/share/nav2_course/launch/localization_launch.py
[1.477s] -- Installing: /root/ros2_code/humble/tc_ros2_nav/install/nav2_course/share/nav2_course/launch/rviz.launch.py
[1.478s] -- Installing: /root/ros2_code/humble/tc_ros2_nav/install/nav2_course/share/nav2_course/launch/navigation2_launch.py
[1.478s] -- Up-to-date: /root/ros2_code/humble/tc_ros2_nav/install/nav2_course/share/nav2_course/config
[1.478s] -- Installing: /root/ros2_code/humble/tc_ros2_nav/install/nav2_course/share/nav2_course/config/default.rviz
[1.478s] -- Installing: /root/ros2_code/humble/tc_ros2_nav/install/nav2_course/share/nav2_course/config/navigate_w_replanning_and_recovery_old.xml
[1.478s] -- Installing: /root/ros2_code/humble/tc_ros2_nav/install/nav2_course/share/nav2_course/config/turtlebot3_world.pgm
[1.479s] -- Installing: /root/ros2_code/humble/tc_ros2_nav/install/nav2_course/share/nav2_course/config/nav2_params.yaml
[1.479s] -- Installing: /root/ros2_code/humble/tc_ros2_nav/install/nav2_course/share/nav2_course/config/navigate_w_replanning_and_recovery.xml
[1.479s] -- Installing: /root/ros2_code/humble/tc_ros2_nav/install/nav2_course/share/nav2_course/config/nav2.yaml
[1.479s] -- Installing: /root/ros2_code/humble/tc_ros2_nav/install/nav2_course/share/nav2_course/config/nav2_house_sim_params.yaml
[1.480s] -- Installing: /root/ros2_code/humble/tc_ros2_nav/install/nav2_course/share/nav2_course/config/localization_params.yaml
[1.480s] -- Installing: /root/ros2_code/humble/tc_ros2_nav/install/nav2_course/share/nav2_course/config/nav2_default_view.rviz
[1.480s] -- Installing: /root/ros2_code/humble/tc_ros2_nav/install/nav2_course/share/nav2_course/config/turtlebot3_world.yaml
[1.480s] -- Up-to-date: /root/ros2_code/humble/tc_ros2_nav/install/nav2_course/share/nav2_course/worlds
[1.481s] -- Installing: /root/ros2_code/humble/tc_ros2_nav/install/nav2_course/share/nav2_course/worlds/world_only.model
[1.481s] -- Installing: /root/ros2_code/humble/tc_ros2_nav/install/nav2_course/share/nav2_course/worlds/house_waffle.model
[1.481s] -- Installing: /root/ros2_code/humble/tc_ros2_nav/install/nav2_course/share/nav2_course/worlds/waffle.model
[1.481s] -- Up-to-date: /root/ros2_code/humble/tc_ros2_nav/install/nav2_course/share/nav2_course/maps
[1.481s] -- Installing: /root/ros2_code/humble/tc_ros2_nav/install/nav2_course/share/nav2_course/maps/turtlebot_area.yaml
[1.482s] -- Installing: /root/ros2_code/humble/tc_ros2_nav/install/nav2_course/share/nav2_course/maps/turtlebot_area.pgm
[1.482s] -- Up-to-date: /root/ros2_code/humble/tc_ros2_nav/install/nav2_course/share/ament_index/resource_index/package_run_dependencies/nav2_course
[1.482s] -- Up-to-date: /root/ros2_code/humble/tc_ros2_nav/install/nav2_course/share/ament_index/resource_index/parent_prefix_path/nav2_course
[1.482s] -- Up-to-date: /root/ros2_code/humble/tc_ros2_nav/install/nav2_course/share/nav2_course/environment/ament_prefix_path.sh
[1.482s] -- Up-to-date: /root/ros2_code/humble/tc_ros2_nav/install/nav2_course/share/nav2_course/environment/ament_prefix_path.dsv
[1.482s] -- Up-to-date: /root/ros2_code/humble/tc_ros2_nav/install/nav2_course/share/nav2_course/environment/path.sh
[1.482s] -- Up-to-date: /root/ros2_code/humble/tc_ros2_nav/install/nav2_course/share/nav2_course/environment/path.dsv
[1.483s] -- Up-to-date: /root/ros2_code/humble/tc_ros2_nav/install/nav2_course/share/nav2_course/local_setup.bash
[1.483s] -- Up-to-date: /root/ros2_code/humble/tc_ros2_nav/install/nav2_course/share/nav2_course/local_setup.sh
[1.483s] -- Up-to-date: /root/ros2_code/humble/tc_ros2_nav/install/nav2_course/share/nav2_course/local_setup.zsh
[1.483s] -- Up-to-date: /root/ros2_code/humble/tc_ros2_nav/install/nav2_course/share/nav2_course/local_setup.dsv
[1.483s] -- Up-to-date: /root/ros2_code/humble/tc_ros2_nav/install/nav2_course/share/nav2_course/package.dsv
[1.483s] -- Up-to-date: /root/ros2_code/humble/tc_ros2_nav/install/nav2_course/share/ament_index/resource_index/packages/nav2_course
[1.483s] -- Up-to-date: /root/ros2_code/humble/tc_ros2_nav/install/nav2_course/share/nav2_course/cmake/nav2_courseConfig.cmake
[1.483s] -- Up-to-date: /root/ros2_code/humble/tc_ros2_nav/install/nav2_course/share/nav2_course/cmake/nav2_courseConfig-version.cmake
[1.483s] -- Installing: /root/ros2_code/humble/tc_ros2_nav/install/nav2_course/share/nav2_course/package.xml
[1.486s] Invoked command in '/root/ros2_code/humble/tc_ros2_nav/build/nav2_course' returned '0': CMAKE_PREFIX_PATH=/opt/ros/humble /usr/bin/cmake --install /root/ros2_code/humble/tc_ros2_nav/build/nav2_course
