[6.263s] DEBUG:colcon:Command line arguments: ['/usr/bin/colcon', 'list', '-p', '--base-paths', '/root/ros2_code/humble/tc_ros2_urdf']
[6.263s] DEBUG:colcon:Parsed command line arguments: Namespace(log_base=None, log_level=None, verb_name='list', build_base='build', ignore_user_meta=False, metas=['./colcon.meta'], base_paths=['/root/ros2_code/humble/tc_ros2_urdf'], packages_ignore=None, packages_ignore_regex=None, paths=None, packages_up_to=None, packages_up_to_regex=None, packages_above=None, packages_above_and_dependencies=None, packages_above_depth=None, packages_select_by_dep=None, packages_skip_by_dep=None, packages_skip_up_to=None, packages_select_build_failed=False, packages_skip_build_finished=False, packages_select_test_failures=False, packages_skip_test_passed=False, packages_select=None, packages_skip=None, packages_select_regex=None, packages_skip_regex=None, packages_start=None, packages_end=None, topological_order=False, names_only=False, paths_only=True, topological_graph=False, topological_graph_dot=False, topological_graph_density=False, topological_graph_legend=False, topological_graph_dot_cluster=False, topological_graph_dot_include_skipped=False, verb_parser=<colcon_defaults.argument_parser.defaults.DefaultArgumentsDecorator object at 0x7fdd1dbe1ea0>, verb_extension=<colcon_package_information.verb.list.ListVerb object at 0x7fdd1dbd7e80>, main=<bound method ListVerb.main of <colcon_package_information.verb.list.ListVerb object at 0x7fdd1dbd7e80>>)
[6.597s] Level 1:colcon.colcon_core.package_discovery:discover_packages(colcon_meta) check parameters
[6.597s] Level 1:colcon.colcon_core.package_discovery:discover_packages(recursive) check parameters
[6.597s] Level 1:colcon.colcon_core.package_discovery:discover_packages(ignore) check parameters
[6.597s] Level 1:colcon.colcon_core.package_discovery:discover_packages(path) check parameters
[6.597s] Level 1:colcon.colcon_core.package_discovery:discover_packages(recursive) discover
[6.598s] INFO:colcon.colcon_core.package_discovery:Crawling recursively for packages in '/root/ros2_code/humble/tc_ros2_urdf'
[6.598s] Level 1:colcon.colcon_core.package_identification:_identify(/root/ros2_code/humble/tc_ros2_urdf) by extensions ['ignore', 'ignore_ament_install']
[6.598s] Level 1:colcon.colcon_core.package_identification:_identify(/root/ros2_code/humble/tc_ros2_urdf) by extension 'ignore'
[6.598s] Level 1:colcon.colcon_core.package_identification:_identify(/root/ros2_code/humble/tc_ros2_urdf) by extension 'ignore_ament_install'
[6.599s] Level 1:colcon.colcon_core.package_identification:_identify(/root/ros2_code/humble/tc_ros2_urdf) by extensions ['colcon_pkg']
[6.599s] Level 1:colcon.colcon_core.package_identification:_identify(/root/ros2_code/humble/tc_ros2_urdf) by extension 'colcon_pkg'
[6.599s] Level 1:colcon.colcon_core.package_identification:_identify(/root/ros2_code/humble/tc_ros2_urdf) by extensions ['colcon_meta']
[6.599s] Level 1:colcon.colcon_core.package_identification:_identify(/root/ros2_code/humble/tc_ros2_urdf) by extension 'colcon_meta'
[6.599s] Level 1:colcon.colcon_core.package_identification:_identify(/root/ros2_code/humble/tc_ros2_urdf) by extensions ['ros']
[6.599s] Level 1:colcon.colcon_core.package_identification:_identify(/root/ros2_code/humble/tc_ros2_urdf) by extension 'ros'
[6.659s] Level 1:colcon.colcon_core.package_identification:_identify(/root/ros2_code/humble/tc_ros2_urdf) by extensions ['cmake', 'python']
[6.660s] Level 1:colcon.colcon_core.package_identification:_identify(/root/ros2_code/humble/tc_ros2_urdf) by extension 'cmake'
[6.660s] Level 1:colcon.colcon_core.package_identification:_identify(/root/ros2_code/humble/tc_ros2_urdf) by extension 'python'
[6.660s] Level 1:colcon.colcon_core.package_identification:_identify(/root/ros2_code/humble/tc_ros2_urdf) by extensions ['python_setup_py']
[6.661s] Level 1:colcon.colcon_core.package_identification:_identify(/root/ros2_code/humble/tc_ros2_urdf) by extension 'python_setup_py'
[6.662s] Level 1:colcon.colcon_core.package_identification:_identify(/root/ros2_code/humble/tc_ros2_urdf/build) by extensions ['ignore', 'ignore_ament_install']
[6.662s] Level 1:colcon.colcon_core.package_identification:_identify(/root/ros2_code/humble/tc_ros2_urdf/build) by extension 'ignore'
[6.663s] Level 1:colcon.colcon_core.package_identification:_identify(/root/ros2_code/humble/tc_ros2_urdf/build) ignored
[6.664s] Level 1:colcon.colcon_core.package_identification:_identify(/root/ros2_code/humble/tc_ros2_urdf/install) by extensions ['ignore', 'ignore_ament_install']
[6.665s] Level 1:colcon.colcon_core.package_identification:_identify(/root/ros2_code/humble/tc_ros2_urdf/install) by extension 'ignore'
[6.665s] Level 1:colcon.colcon_core.package_identification:_identify(/root/ros2_code/humble/tc_ros2_urdf/install) ignored
[6.666s] Level 1:colcon.colcon_core.package_identification:_identify(/root/ros2_code/humble/tc_ros2_urdf/log) by extensions ['ignore', 'ignore_ament_install']
[6.667s] Level 1:colcon.colcon_core.package_identification:_identify(/root/ros2_code/humble/tc_ros2_urdf/log) by extension 'ignore'
[6.667s] Level 1:colcon.colcon_core.package_identification:_identify(/root/ros2_code/humble/tc_ros2_urdf/log) ignored
[6.668s] Level 1:colcon.colcon_core.package_identification:_identify(/root/ros2_code/humble/tc_ros2_urdf/src) by extensions ['ignore', 'ignore_ament_install']
[6.669s] Level 1:colcon.colcon_core.package_identification:_identify(/root/ros2_code/humble/tc_ros2_urdf/src) by extension 'ignore'
[6.670s] Level 1:colcon.colcon_core.package_identification:_identify(/root/ros2_code/humble/tc_ros2_urdf/src) by extension 'ignore_ament_install'
[6.670s] Level 1:colcon.colcon_core.package_identification:_identify(/root/ros2_code/humble/tc_ros2_urdf/src) by extensions ['colcon_pkg']
[6.671s] Level 1:colcon.colcon_core.package_identification:_identify(/root/ros2_code/humble/tc_ros2_urdf/src) by extension 'colcon_pkg'
[6.671s] Level 1:colcon.colcon_core.package_identification:_identify(/root/ros2_code/humble/tc_ros2_urdf/src) by extensions ['colcon_meta']
[6.671s] Level 1:colcon.colcon_core.package_identification:_identify(/root/ros2_code/humble/tc_ros2_urdf/src) by extension 'colcon_meta'
[6.672s] Level 1:colcon.colcon_core.package_identification:_identify(/root/ros2_code/humble/tc_ros2_urdf/src) by extensions ['ros']
[6.672s] Level 1:colcon.colcon_core.package_identification:_identify(/root/ros2_code/humble/tc_ros2_urdf/src) by extension 'ros'
[6.673s] Level 1:colcon.colcon_core.package_identification:_identify(/root/ros2_code/humble/tc_ros2_urdf/src) by extensions ['cmake', 'python']
[6.673s] Level 1:colcon.colcon_core.package_identification:_identify(/root/ros2_code/humble/tc_ros2_urdf/src) by extension 'cmake'
[6.673s] Level 1:colcon.colcon_core.package_identification:_identify(/root/ros2_code/humble/tc_ros2_urdf/src) by extension 'python'
[6.674s] Level 1:colcon.colcon_core.package_identification:_identify(/root/ros2_code/humble/tc_ros2_urdf/src) by extensions ['python_setup_py']
[6.674s] Level 1:colcon.colcon_core.package_identification:_identify(/root/ros2_code/humble/tc_ros2_urdf/src) by extension 'python_setup_py'
[6.674s] Level 1:colcon.colcon_core.package_identification:_identify(/root/ros2_code/humble/tc_ros2_urdf/src/log) by extensions ['ignore', 'ignore_ament_install']
[6.675s] Level 1:colcon.colcon_core.package_identification:_identify(/root/ros2_code/humble/tc_ros2_urdf/src/log) by extension 'ignore'
[6.675s] Level 1:colcon.colcon_core.package_identification:_identify(/root/ros2_code/humble/tc_ros2_urdf/src/log) ignored
[6.675s] Level 1:colcon.colcon_core.package_identification:_identify(/root/ros2_code/humble/tc_ros2_urdf/src/my_box_bot_description) by extensions ['ignore', 'ignore_ament_install']
[6.676s] Level 1:colcon.colcon_core.package_identification:_identify(/root/ros2_code/humble/tc_ros2_urdf/src/my_box_bot_description) by extension 'ignore'
[6.676s] Level 1:colcon.colcon_core.package_identification:_identify(/root/ros2_code/humble/tc_ros2_urdf/src/my_box_bot_description) by extension 'ignore_ament_install'
[6.676s] Level 1:colcon.colcon_core.package_identification:_identify(/root/ros2_code/humble/tc_ros2_urdf/src/my_box_bot_description) by extensions ['colcon_pkg']
[6.677s] Level 1:colcon.colcon_core.package_identification:_identify(/root/ros2_code/humble/tc_ros2_urdf/src/my_box_bot_description) by extension 'colcon_pkg'
[6.678s] Level 1:colcon.colcon_core.package_identification:_identify(/root/ros2_code/humble/tc_ros2_urdf/src/my_box_bot_description) by extensions ['colcon_meta']
[6.679s] Level 1:colcon.colcon_core.package_identification:_identify(/root/ros2_code/humble/tc_ros2_urdf/src/my_box_bot_description) by extension 'colcon_meta'
[6.680s] Level 1:colcon.colcon_core.package_identification:_identify(/root/ros2_code/humble/tc_ros2_urdf/src/my_box_bot_description) by extensions ['ros']
[6.680s] Level 1:colcon.colcon_core.package_identification:_identify(/root/ros2_code/humble/tc_ros2_urdf/src/my_box_bot_description) by extension 'ros'
[6.699s] DEBUG:colcon.colcon_core.package_identification:Package '/root/ros2_code/humble/tc_ros2_urdf/src/my_box_bot_description' with type 'ros.ament_cmake' and name 'my_box_bot_description'
[6.700s] Level 1:colcon.colcon_core.package_identification:_identify(/root/ros2_code/humble/tc_ros2_urdf/src/my_box_bot_gazebo) by extensions ['ignore', 'ignore_ament_install']
[6.701s] Level 1:colcon.colcon_core.package_identification:_identify(/root/ros2_code/humble/tc_ros2_urdf/src/my_box_bot_gazebo) by extension 'ignore'
[6.701s] Level 1:colcon.colcon_core.package_identification:_identify(/root/ros2_code/humble/tc_ros2_urdf/src/my_box_bot_gazebo) by extension 'ignore_ament_install'
[6.702s] Level 1:colcon.colcon_core.package_identification:_identify(/root/ros2_code/humble/tc_ros2_urdf/src/my_box_bot_gazebo) by extensions ['colcon_pkg']
[6.702s] Level 1:colcon.colcon_core.package_identification:_identify(/root/ros2_code/humble/tc_ros2_urdf/src/my_box_bot_gazebo) by extension 'colcon_pkg'
[6.702s] Level 1:colcon.colcon_core.package_identification:_identify(/root/ros2_code/humble/tc_ros2_urdf/src/my_box_bot_gazebo) by extensions ['colcon_meta']
[6.702s] Level 1:colcon.colcon_core.package_identification:_identify(/root/ros2_code/humble/tc_ros2_urdf/src/my_box_bot_gazebo) by extension 'colcon_meta'
[6.703s] Level 1:colcon.colcon_core.package_identification:_identify(/root/ros2_code/humble/tc_ros2_urdf/src/my_box_bot_gazebo) by extensions ['ros']
[6.703s] Level 1:colcon.colcon_core.package_identification:_identify(/root/ros2_code/humble/tc_ros2_urdf/src/my_box_bot_gazebo) by extension 'ros'
[6.707s] DEBUG:colcon.colcon_core.package_identification:Package '/root/ros2_code/humble/tc_ros2_urdf/src/my_box_bot_gazebo' with type 'ros.ament_cmake' and name 'my_box_bot_gazebo'
[6.708s] Level 1:colcon.colcon_core.package_identification:_identify(/root/ros2_code/humble/tc_ros2_urdf/src/urdf_meshes) by extensions ['ignore', 'ignore_ament_install']
[6.709s] Level 1:colcon.colcon_core.package_identification:_identify(/root/ros2_code/humble/tc_ros2_urdf/src/urdf_meshes) by extension 'ignore'
[6.709s] Level 1:colcon.colcon_core.package_identification:_identify(/root/ros2_code/humble/tc_ros2_urdf/src/urdf_meshes) by extension 'ignore_ament_install'
[6.709s] Level 1:colcon.colcon_core.package_identification:_identify(/root/ros2_code/humble/tc_ros2_urdf/src/urdf_meshes) by extensions ['colcon_pkg']
[6.710s] Level 1:colcon.colcon_core.package_identification:_identify(/root/ros2_code/humble/tc_ros2_urdf/src/urdf_meshes) by extension 'colcon_pkg'
[6.710s] Level 1:colcon.colcon_core.package_identification:_identify(/root/ros2_code/humble/tc_ros2_urdf/src/urdf_meshes) by extensions ['colcon_meta']
[6.710s] Level 1:colcon.colcon_core.package_identification:_identify(/root/ros2_code/humble/tc_ros2_urdf/src/urdf_meshes) by extension 'colcon_meta'
[6.710s] Level 1:colcon.colcon_core.package_identification:_identify(/root/ros2_code/humble/tc_ros2_urdf/src/urdf_meshes) by extensions ['ros']
[6.710s] Level 1:colcon.colcon_core.package_identification:_identify(/root/ros2_code/humble/tc_ros2_urdf/src/urdf_meshes) by extension 'ros'
[6.711s] Level 1:colcon.colcon_core.package_identification:_identify(/root/ros2_code/humble/tc_ros2_urdf/src/urdf_meshes) by extensions ['cmake', 'python']
[6.711s] Level 1:colcon.colcon_core.package_identification:_identify(/root/ros2_code/humble/tc_ros2_urdf/src/urdf_meshes) by extension 'cmake'
[6.712s] Level 1:colcon.colcon_core.package_identification:_identify(/root/ros2_code/humble/tc_ros2_urdf/src/urdf_meshes) by extension 'python'
[6.712s] Level 1:colcon.colcon_core.package_identification:_identify(/root/ros2_code/humble/tc_ros2_urdf/src/urdf_meshes) by extensions ['python_setup_py']
[6.712s] Level 1:colcon.colcon_core.package_identification:_identify(/root/ros2_code/humble/tc_ros2_urdf/src/urdf_meshes) by extension 'python_setup_py'
[6.713s] Level 1:colcon.colcon_core.package_identification:_identify(/root/ros2_code/humble/tc_ros2_urdf/src/urdf_meshes/meshes) by extensions ['ignore', 'ignore_ament_install']
[6.714s] Level 1:colcon.colcon_core.package_identification:_identify(/root/ros2_code/humble/tc_ros2_urdf/src/urdf_meshes/meshes) by extension 'ignore'
[6.714s] Level 1:colcon.colcon_core.package_identification:_identify(/root/ros2_code/humble/tc_ros2_urdf/src/urdf_meshes/meshes) by extension 'ignore_ament_install'
[6.715s] Level 1:colcon.colcon_core.package_identification:_identify(/root/ros2_code/humble/tc_ros2_urdf/src/urdf_meshes/meshes) by extensions ['colcon_pkg']
[6.715s] Level 1:colcon.colcon_core.package_identification:_identify(/root/ros2_code/humble/tc_ros2_urdf/src/urdf_meshes/meshes) by extension 'colcon_pkg'
[6.715s] Level 1:colcon.colcon_core.package_identification:_identify(/root/ros2_code/humble/tc_ros2_urdf/src/urdf_meshes/meshes) by extensions ['colcon_meta']
[6.716s] Level 1:colcon.colcon_core.package_identification:_identify(/root/ros2_code/humble/tc_ros2_urdf/src/urdf_meshes/meshes) by extension 'colcon_meta'
[6.716s] Level 1:colcon.colcon_core.package_identification:_identify(/root/ros2_code/humble/tc_ros2_urdf/src/urdf_meshes/meshes) by extensions ['ros']
[6.717s] Level 1:colcon.colcon_core.package_identification:_identify(/root/ros2_code/humble/tc_ros2_urdf/src/urdf_meshes/meshes) by extension 'ros'
[6.717s] Level 1:colcon.colcon_core.package_identification:_identify(/root/ros2_code/humble/tc_ros2_urdf/src/urdf_meshes/meshes) by extensions ['cmake', 'python']
[6.718s] Level 1:colcon.colcon_core.package_identification:_identify(/root/ros2_code/humble/tc_ros2_urdf/src/urdf_meshes/meshes) by extension 'cmake'
[6.718s] Level 1:colcon.colcon_core.package_identification:_identify(/root/ros2_code/humble/tc_ros2_urdf/src/urdf_meshes/meshes) by extension 'python'
[6.718s] Level 1:colcon.colcon_core.package_identification:_identify(/root/ros2_code/humble/tc_ros2_urdf/src/urdf_meshes/meshes) by extensions ['python_setup_py']
[6.719s] Level 1:colcon.colcon_core.package_identification:_identify(/root/ros2_code/humble/tc_ros2_urdf/src/urdf_meshes/meshes) by extension 'python_setup_py'
[6.720s] Level 1:colcon.colcon_core.package_identification:_identify(/root/ros2_code/humble/tc_ros2_urdf/src/urdfbot_description) by extensions ['ignore', 'ignore_ament_install']
[6.721s] Level 1:colcon.colcon_core.package_identification:_identify(/root/ros2_code/humble/tc_ros2_urdf/src/urdfbot_description) by extension 'ignore'
[6.721s] Level 1:colcon.colcon_core.package_identification:_identify(/root/ros2_code/humble/tc_ros2_urdf/src/urdfbot_description) by extension 'ignore_ament_install'
[6.721s] Level 1:colcon.colcon_core.package_identification:_identify(/root/ros2_code/humble/tc_ros2_urdf/src/urdfbot_description) by extensions ['colcon_pkg']
[6.722s] Level 1:colcon.colcon_core.package_identification:_identify(/root/ros2_code/humble/tc_ros2_urdf/src/urdfbot_description) by extension 'colcon_pkg'
[6.722s] Level 1:colcon.colcon_core.package_identification:_identify(/root/ros2_code/humble/tc_ros2_urdf/src/urdfbot_description) by extensions ['colcon_meta']
[6.722s] Level 1:colcon.colcon_core.package_identification:_identify(/root/ros2_code/humble/tc_ros2_urdf/src/urdfbot_description) by extension 'colcon_meta'
[6.723s] Level 1:colcon.colcon_core.package_identification:_identify(/root/ros2_code/humble/tc_ros2_urdf/src/urdfbot_description) by extensions ['ros']
[6.723s] Level 1:colcon.colcon_core.package_identification:_identify(/root/ros2_code/humble/tc_ros2_urdf/src/urdfbot_description) by extension 'ros'
[6.728s] DEBUG:colcon.colcon_core.package_identification:Package '/root/ros2_code/humble/tc_ros2_urdf/src/urdfbot_description' with type 'ros.ament_cmake' and name 'urdfbot_description'
[6.728s] Level 1:colcon.colcon_core.package_discovery:discover_packages(recursive) using defaults
