[2.571s] DEBUG:colcon:Command line arguments: ['/usr/bin/colcon', 'build', '--symlink-install']
[2.571s] DEBUG:colcon:Parsed command line arguments: Namespace(log_base=None, log_level=None, verb_name='build', build_base='build', install_base='install', merge_install=False, symlink_install=True, test_result_base=None, continue_on_error=False, executor='parallel', parallel_workers=12, event_handlers=None, ignore_user_meta=False, metas=['./colcon.meta'], base_paths=['.'], packages_ignore=None, packages_ignore_regex=None, paths=None, packages_up_to=None, packages_up_to_regex=None, packages_above=None, packages_above_and_dependencies=None, packages_above_depth=None, packages_select_by_dep=None, packages_skip_by_dep=None, packages_skip_up_to=None, packages_select_build_failed=False, packages_skip_build_finished=False, packages_select_test_failures=False, packages_skip_test_passed=False, packages_select=None, packages_skip=None, packages_select_regex=None, packages_skip_regex=None, packages_start=None, packages_end=None, cmake_args=None, cmake_target=None, cmake_target_skip_unavailable=False, cmake_clean_cache=False, cmake_clean_first=False, cmake_force_configure=False, ament_cmake_args=None, catkin_cmake_args=None, catkin_skip_building_tests=False, verb_parser=<colcon_defaults.argument_parser.defaults.DefaultArgumentsDecorator object at 0x7f1a04b3ce80>, verb_extension=<colcon_core.verb.build.BuildVerb object at 0x7f1a04debfa0>, main=<bound method BuildVerb.main of <colcon_core.verb.build.BuildVerb object at 0x7f1a04debfa0>>)
[2.677s] Level 1:colcon.colcon_core.package_discovery:discover_packages(colcon_meta) check parameters
[2.678s] Level 1:colcon.colcon_core.package_discovery:discover_packages(recursive) check parameters
[2.678s] Level 1:colcon.colcon_core.package_discovery:discover_packages(ignore) check parameters
[2.678s] Level 1:colcon.colcon_core.package_discovery:discover_packages(path) check parameters
[2.678s] Level 1:colcon.colcon_core.package_discovery:discover_packages(colcon_meta) discover
[2.678s] Level 1:colcon.colcon_core.package_discovery:discover_packages(recursive) discover
[2.678s] INFO:colcon.colcon_core.package_discovery:Crawling recursively for packages in '/root/ros2_code/humble/pcl'
[2.678s] Level 1:colcon.colcon_core.package_identification:_identify(.) by extensions ['ignore', 'ignore_ament_install']
[2.678s] Level 1:colcon.colcon_core.package_identification:_identify(.) by extension 'ignore'
[2.679s] Level 1:colcon.colcon_core.package_identification:_identify(.) by extension 'ignore_ament_install'
[2.679s] Level 1:colcon.colcon_core.package_identification:_identify(.) by extensions ['colcon_pkg']
[2.679s] Level 1:colcon.colcon_core.package_identification:_identify(.) by extension 'colcon_pkg'
[2.679s] Level 1:colcon.colcon_core.package_identification:_identify(.) by extensions ['colcon_meta']
[2.679s] Level 1:colcon.colcon_core.package_identification:_identify(.) by extension 'colcon_meta'
[2.679s] Level 1:colcon.colcon_core.package_identification:_identify(.) by extensions ['ros']
[2.679s] Level 1:colcon.colcon_core.package_identification:_identify(.) by extension 'ros'
[2.699s] Level 1:colcon.colcon_core.package_identification:_identify(.) by extensions ['cmake', 'python']
[2.699s] Level 1:colcon.colcon_core.package_identification:_identify(.) by extension 'cmake'
[2.699s] Level 1:colcon.colcon_core.package_identification:_identify(.) by extension 'python'
[2.699s] Level 1:colcon.colcon_core.package_identification:_identify(.) by extensions ['python_setup_py']
[2.700s] Level 1:colcon.colcon_core.package_identification:_identify(.) by extension 'python_setup_py'
[2.700s] Level 1:colcon.colcon_core.package_identification:_identify(build) by extensions ['ignore', 'ignore_ament_install']
[2.700s] Level 1:colcon.colcon_core.package_identification:_identify(build) by extension 'ignore'
[2.700s] Level 1:colcon.colcon_core.package_identification:_identify(build) ignored
[2.700s] Level 1:colcon.colcon_core.package_identification:_identify(install) by extensions ['ignore', 'ignore_ament_install']
[2.700s] Level 1:colcon.colcon_core.package_identification:_identify(install) by extension 'ignore'
[2.701s] Level 1:colcon.colcon_core.package_identification:_identify(install) ignored
[2.701s] Level 1:colcon.colcon_core.package_identification:_identify(log) by extensions ['ignore', 'ignore_ament_install']
[2.701s] Level 1:colcon.colcon_core.package_identification:_identify(log) by extension 'ignore'
[2.701s] Level 1:colcon.colcon_core.package_identification:_identify(log) ignored
[2.701s] Level 1:colcon.colcon_core.package_identification:_identify(src) by extensions ['ignore', 'ignore_ament_install']
[2.701s] Level 1:colcon.colcon_core.package_identification:_identify(src) by extension 'ignore'
[2.701s] Level 1:colcon.colcon_core.package_identification:_identify(src) by extension 'ignore_ament_install'
[2.701s] Level 1:colcon.colcon_core.package_identification:_identify(src) by extensions ['colcon_pkg']
[2.702s] Level 1:colcon.colcon_core.package_identification:_identify(src) by extension 'colcon_pkg'
[2.702s] Level 1:colcon.colcon_core.package_identification:_identify(src) by extensions ['colcon_meta']
[2.702s] Level 1:colcon.colcon_core.package_identification:_identify(src) by extension 'colcon_meta'
[2.702s] Level 1:colcon.colcon_core.package_identification:_identify(src) by extensions ['ros']
[2.702s] Level 1:colcon.colcon_core.package_identification:_identify(src) by extension 'ros'
[2.702s] Level 1:colcon.colcon_core.package_identification:_identify(src) by extensions ['cmake', 'python']
[2.702s] Level 1:colcon.colcon_core.package_identification:_identify(src) by extension 'cmake'
[2.702s] Level 1:colcon.colcon_core.package_identification:_identify(src) by extension 'python'
[2.702s] Level 1:colcon.colcon_core.package_identification:_identify(src) by extensions ['python_setup_py']
[2.702s] Level 1:colcon.colcon_core.package_identification:_identify(src) by extension 'python_setup_py'
[2.702s] Level 1:colcon.colcon_core.package_identification:_identify(src/ros2_learners) by extensions ['ignore', 'ignore_ament_install']
[2.703s] Level 1:colcon.colcon_core.package_identification:_identify(src/ros2_learners) by extension 'ignore'
[2.703s] Level 1:colcon.colcon_core.package_identification:_identify(src/ros2_learners) by extension 'ignore_ament_install'
[2.703s] Level 1:colcon.colcon_core.package_identification:_identify(src/ros2_learners) by extensions ['colcon_pkg']
[2.703s] Level 1:colcon.colcon_core.package_identification:_identify(src/ros2_learners) by extension 'colcon_pkg'
[2.703s] Level 1:colcon.colcon_core.package_identification:_identify(src/ros2_learners) by extensions ['colcon_meta']
[2.703s] Level 1:colcon.colcon_core.package_identification:_identify(src/ros2_learners) by extension 'colcon_meta'
[2.703s] Level 1:colcon.colcon_core.package_identification:_identify(src/ros2_learners) by extensions ['ros']
[2.703s] Level 1:colcon.colcon_core.package_identification:_identify(src/ros2_learners) by extension 'ros'
[2.703s] Level 1:colcon.colcon_core.package_identification:_identify(src/ros2_learners) by extensions ['cmake', 'python']
[2.703s] Level 1:colcon.colcon_core.package_identification:_identify(src/ros2_learners) by extension 'cmake'
[2.703s] Level 1:colcon.colcon_core.package_identification:_identify(src/ros2_learners) by extension 'python'
[2.703s] Level 1:colcon.colcon_core.package_identification:_identify(src/ros2_learners) by extensions ['python_setup_py']
[2.704s] Level 1:colcon.colcon_core.package_identification:_identify(src/ros2_learners) by extension 'python_setup_py'
[2.704s] Level 1:colcon.colcon_core.package_identification:_identify(src/ros2_learners/navigation_tb3) by extensions ['ignore', 'ignore_ament_install']
[2.704s] Level 1:colcon.colcon_core.package_identification:_identify(src/ros2_learners/navigation_tb3) by extension 'ignore'
[2.704s] Level 1:colcon.colcon_core.package_identification:_identify(src/ros2_learners/navigation_tb3) by extension 'ignore_ament_install'
[2.704s] Level 1:colcon.colcon_core.package_identification:_identify(src/ros2_learners/navigation_tb3) by extensions ['colcon_pkg']
[2.704s] Level 1:colcon.colcon_core.package_identification:_identify(src/ros2_learners/navigation_tb3) by extension 'colcon_pkg'
[2.704s] Level 1:colcon.colcon_core.package_identification:_identify(src/ros2_learners/navigation_tb3) by extensions ['colcon_meta']
[2.704s] Level 1:colcon.colcon_core.package_identification:_identify(src/ros2_learners/navigation_tb3) by extension 'colcon_meta'
[2.704s] Level 1:colcon.colcon_core.package_identification:_identify(src/ros2_learners/navigation_tb3) by extensions ['ros']
[2.704s] Level 1:colcon.colcon_core.package_identification:_identify(src/ros2_learners/navigation_tb3) by extension 'ros'
[2.709s] DEBUG:colcon.colcon_core.package_identification:Package 'src/ros2_learners/navigation_tb3' with type 'ros.ament_cmake' and name 'navigation_tb3'
[2.709s] Level 1:colcon.colcon_core.package_identification:_identify(src/ros2_learners/nodes) by extensions ['ignore', 'ignore_ament_install']
[2.709s] Level 1:colcon.colcon_core.package_identification:_identify(src/ros2_learners/nodes) by extension 'ignore'
[2.709s] Level 1:colcon.colcon_core.package_identification:_identify(src/ros2_learners/nodes) by extension 'ignore_ament_install'
[2.709s] Level 1:colcon.colcon_core.package_identification:_identify(src/ros2_learners/nodes) by extensions ['colcon_pkg']
[2.709s] Level 1:colcon.colcon_core.package_identification:_identify(src/ros2_learners/nodes) by extension 'colcon_pkg'
[2.710s] Level 1:colcon.colcon_core.package_identification:_identify(src/ros2_learners/nodes) by extensions ['colcon_meta']
[2.710s] Level 1:colcon.colcon_core.package_identification:_identify(src/ros2_learners/nodes) by extension 'colcon_meta'
[2.710s] Level 1:colcon.colcon_core.package_identification:_identify(src/ros2_learners/nodes) by extensions ['ros']
[2.710s] Level 1:colcon.colcon_core.package_identification:_identify(src/ros2_learners/nodes) by extension 'ros'
[2.711s] DEBUG:colcon.colcon_core.package_identification:Package 'src/ros2_learners/nodes' with type 'ros.ament_cmake' and name 'nodes'
[2.711s] Level 1:colcon.colcon_core.package_identification:_identify(src/ros2_learners/point_cloud_perception) by extensions ['ignore', 'ignore_ament_install']
[2.711s] Level 1:colcon.colcon_core.package_identification:_identify(src/ros2_learners/point_cloud_perception) by extension 'ignore'
[2.711s] Level 1:colcon.colcon_core.package_identification:_identify(src/ros2_learners/point_cloud_perception) by extension 'ignore_ament_install'
[2.711s] Level 1:colcon.colcon_core.package_identification:_identify(src/ros2_learners/point_cloud_perception) by extensions ['colcon_pkg']
[2.711s] Level 1:colcon.colcon_core.package_identification:_identify(src/ros2_learners/point_cloud_perception) by extension 'colcon_pkg'
[2.712s] Level 1:colcon.colcon_core.package_identification:_identify(src/ros2_learners/point_cloud_perception) by extensions ['colcon_meta']
[2.712s] Level 1:colcon.colcon_core.package_identification:_identify(src/ros2_learners/point_cloud_perception) by extension 'colcon_meta'
[2.712s] Level 1:colcon.colcon_core.package_identification:_identify(src/ros2_learners/point_cloud_perception) by extensions ['ros']
[2.712s] Level 1:colcon.colcon_core.package_identification:_identify(src/ros2_learners/point_cloud_perception) by extension 'ros'
[2.713s] DEBUG:colcon.colcon_core.package_identification:Package 'src/ros2_learners/point_cloud_perception' with type 'ros.ament_cmake' and name 'point_cloud_perception'
[2.713s] Level 1:colcon.colcon_core.package_identification:_identify(src/ros2_learners/resources) by extensions ['ignore', 'ignore_ament_install']
[2.713s] Level 1:colcon.colcon_core.package_identification:_identify(src/ros2_learners/resources) by extension 'ignore'
[2.714s] Level 1:colcon.colcon_core.package_identification:_identify(src/ros2_learners/resources) by extension 'ignore_ament_install'
[2.714s] Level 1:colcon.colcon_core.package_identification:_identify(src/ros2_learners/resources) by extensions ['colcon_pkg']
[2.714s] Level 1:colcon.colcon_core.package_identification:_identify(src/ros2_learners/resources) by extension 'colcon_pkg'
[2.714s] Level 1:colcon.colcon_core.package_identification:_identify(src/ros2_learners/resources) by extensions ['colcon_meta']
[2.714s] Level 1:colcon.colcon_core.package_identification:_identify(src/ros2_learners/resources) by extension 'colcon_meta'
[2.714s] Level 1:colcon.colcon_core.package_identification:_identify(src/ros2_learners/resources) by extensions ['ros']
[2.714s] Level 1:colcon.colcon_core.package_identification:_identify(src/ros2_learners/resources) by extension 'ros'
[2.714s] Level 1:colcon.colcon_core.package_identification:_identify(src/ros2_learners/resources) by extensions ['cmake', 'python']
[2.714s] Level 1:colcon.colcon_core.package_identification:_identify(src/ros2_learners/resources) by extension 'cmake'
[2.714s] Level 1:colcon.colcon_core.package_identification:_identify(src/ros2_learners/resources) by extension 'python'
[2.714s] Level 1:colcon.colcon_core.package_identification:_identify(src/ros2_learners/resources) by extensions ['python_setup_py']
[2.714s] Level 1:colcon.colcon_core.package_identification:_identify(src/ros2_learners/resources) by extension 'python_setup_py'
[2.715s] Level 1:colcon.colcon_core.package_identification:_identify(src/ros2_learners/robot_math) by extensions ['ignore', 'ignore_ament_install']
[2.715s] Level 1:colcon.colcon_core.package_identification:_identify(src/ros2_learners/robot_math) by extension 'ignore'
[2.715s] Level 1:colcon.colcon_core.package_identification:_identify(src/ros2_learners/robot_math) by extension 'ignore_ament_install'
[2.715s] Level 1:colcon.colcon_core.package_identification:_identify(src/ros2_learners/robot_math) by extensions ['colcon_pkg']
[2.715s] Level 1:colcon.colcon_core.package_identification:_identify(src/ros2_learners/robot_math) by extension 'colcon_pkg'
[2.715s] Level 1:colcon.colcon_core.package_identification:_identify(src/ros2_learners/robot_math) by extensions ['colcon_meta']
[2.715s] Level 1:colcon.colcon_core.package_identification:_identify(src/ros2_learners/robot_math) by extension 'colcon_meta'
[2.715s] Level 1:colcon.colcon_core.package_identification:_identify(src/ros2_learners/robot_math) by extensions ['ros']
[2.715s] Level 1:colcon.colcon_core.package_identification:_identify(src/ros2_learners/robot_math) by extension 'ros'
[2.716s] DEBUG:colcon.colcon_core.package_identification:Package 'src/ros2_learners/robot_math' with type 'ros.ament_python' and name 'robot_math'
[2.716s] Level 1:colcon.colcon_core.package_identification:_identify(src/ros2_learners/turtlebot3_gazebo) by extensions ['ignore', 'ignore_ament_install']
[2.717s] Level 1:colcon.colcon_core.package_identification:_identify(src/ros2_learners/turtlebot3_gazebo) by extension 'ignore'
[2.717s] Level 1:colcon.colcon_core.package_identification:_identify(src/ros2_learners/turtlebot3_gazebo) by extension 'ignore_ament_install'
[2.717s] Level 1:colcon.colcon_core.package_identification:_identify(src/ros2_learners/turtlebot3_gazebo) by extensions ['colcon_pkg']
[2.717s] Level 1:colcon.colcon_core.package_identification:_identify(src/ros2_learners/turtlebot3_gazebo) by extension 'colcon_pkg'
[2.717s] Level 1:colcon.colcon_core.package_identification:_identify(src/ros2_learners/turtlebot3_gazebo) by extensions ['colcon_meta']
[2.717s] Level 1:colcon.colcon_core.package_identification:_identify(src/ros2_learners/turtlebot3_gazebo) by extension 'colcon_meta'
[2.717s] Level 1:colcon.colcon_core.package_identification:_identify(src/ros2_learners/turtlebot3_gazebo) by extensions ['ros']
[2.717s] Level 1:colcon.colcon_core.package_identification:_identify(src/ros2_learners/turtlebot3_gazebo) by extension 'ros'
[2.720s] DEBUG:colcon.colcon_core.package_identification:Package 'src/ros2_learners/turtlebot3_gazebo' with type 'ros.ament_cmake' and name 'turtlebot3_gazebo'
[2.720s] Level 1:colcon.colcon_core.package_discovery:discover_packages(recursive) using defaults
[2.720s] Level 1:colcon.colcon_core.package_discovery:discover_packages(ignore) discover
[2.720s] Level 1:colcon.colcon_core.package_discovery:discover_packages(ignore) using defaults
[2.720s] Level 1:colcon.colcon_core.package_discovery:discover_packages(path) discover
[2.720s] Level 1:colcon.colcon_core.package_discovery:discover_packages(path) using defaults
[2.926s] Level 5:colcon.colcon_core.verb:set package 'navigation_tb3' build argument 'cmake_args' from command line to 'None'
[2.926s] Level 5:colcon.colcon_core.verb:set package 'navigation_tb3' build argument 'cmake_target' from command line to 'None'
[2.926s] Level 5:colcon.colcon_core.verb:set package 'navigation_tb3' build argument 'cmake_target_skip_unavailable' from command line to 'False'
[2.926s] Level 5:colcon.colcon_core.verb:set package 'navigation_tb3' build argument 'cmake_clean_cache' from command line to 'False'
[2.926s] Level 5:colcon.colcon_core.verb:set package 'navigation_tb3' build argument 'cmake_clean_first' from command line to 'False'
[2.926s] Level 5:colcon.colcon_core.verb:set package 'navigation_tb3' build argument 'cmake_force_configure' from command line to 'False'
[2.926s] Level 5:colcon.colcon_core.verb:set package 'navigation_tb3' build argument 'ament_cmake_args' from command line to 'None'
[2.926s] Level 5:colcon.colcon_core.verb:set package 'navigation_tb3' build argument 'catkin_cmake_args' from command line to 'None'
[2.926s] Level 5:colcon.colcon_core.verb:set package 'navigation_tb3' build argument 'catkin_skip_building_tests' from command line to 'False'
[2.926s] DEBUG:colcon.colcon_core.verb:Building package 'navigation_tb3' with the following arguments: {'ament_cmake_args': None, 'build_base': '/root/ros2_code/humble/pcl/build/navigation_tb3', 'catkin_cmake_args': None, 'catkin_skip_building_tests': False, 'cmake_args': None, 'cmake_clean_cache': False, 'cmake_clean_first': False, 'cmake_force_configure': False, 'cmake_target': None, 'cmake_target_skip_unavailable': False, 'install_base': '/root/ros2_code/humble/pcl/install/navigation_tb3', 'merge_install': False, 'path': '/root/ros2_code/humble/pcl/src/ros2_learners/navigation_tb3', 'symlink_install': True, 'test_result_base': None}
[2.963s] Level 5:colcon.colcon_core.verb:set package 'nodes' build argument 'cmake_args' from command line to 'None'
[2.963s] Level 5:colcon.colcon_core.verb:set package 'nodes' build argument 'cmake_target' from command line to 'None'
[2.964s] Level 5:colcon.colcon_core.verb:set package 'nodes' build argument 'cmake_target_skip_unavailable' from command line to 'False'
[2.964s] Level 5:colcon.colcon_core.verb:set package 'nodes' build argument 'cmake_clean_cache' from command line to 'False'
[2.964s] Level 5:colcon.colcon_core.verb:set package 'nodes' build argument 'cmake_clean_first' from command line to 'False'
[2.964s] Level 5:colcon.colcon_core.verb:set package 'nodes' build argument 'cmake_force_configure' from command line to 'False'
[2.964s] Level 5:colcon.colcon_core.verb:set package 'nodes' build argument 'ament_cmake_args' from command line to 'None'
[2.964s] Level 5:colcon.colcon_core.verb:set package 'nodes' build argument 'catkin_cmake_args' from command line to 'None'
[2.964s] Level 5:colcon.colcon_core.verb:set package 'nodes' build argument 'catkin_skip_building_tests' from command line to 'False'
[2.964s] DEBUG:colcon.colcon_core.verb:Building package 'nodes' with the following arguments: {'ament_cmake_args': None, 'build_base': '/root/ros2_code/humble/pcl/build/nodes', 'catkin_cmake_args': None, 'catkin_skip_building_tests': False, 'cmake_args': None, 'cmake_clean_cache': False, 'cmake_clean_first': False, 'cmake_force_configure': False, 'cmake_target': None, 'cmake_target_skip_unavailable': False, 'install_base': '/root/ros2_code/humble/pcl/install/nodes', 'merge_install': False, 'path': '/root/ros2_code/humble/pcl/src/ros2_learners/nodes', 'symlink_install': True, 'test_result_base': None}
[2.998s] Level 5:colcon.colcon_core.verb:set package 'point_cloud_perception' build argument 'cmake_args' from command line to 'None'
[2.998s] Level 5:colcon.colcon_core.verb:set package 'point_cloud_perception' build argument 'cmake_target' from command line to 'None'
[2.998s] Level 5:colcon.colcon_core.verb:set package 'point_cloud_perception' build argument 'cmake_target_skip_unavailable' from command line to 'False'
[2.998s] Level 5:colcon.colcon_core.verb:set package 'point_cloud_perception' build argument 'cmake_clean_cache' from command line to 'False'
[2.998s] Level 5:colcon.colcon_core.verb:set package 'point_cloud_perception' build argument 'cmake_clean_first' from command line to 'False'
[2.999s] Level 5:colcon.colcon_core.verb:set package 'point_cloud_perception' build argument 'cmake_force_configure' from command line to 'False'
[2.999s] Level 5:colcon.colcon_core.verb:set package 'point_cloud_perception' build argument 'ament_cmake_args' from command line to 'None'
[2.999s] Level 5:colcon.colcon_core.verb:set package 'point_cloud_perception' build argument 'catkin_cmake_args' from command line to 'None'
[2.999s] Level 5:colcon.colcon_core.verb:set package 'point_cloud_perception' build argument 'catkin_skip_building_tests' from command line to 'False'
[2.999s] DEBUG:colcon.colcon_core.verb:Building package 'point_cloud_perception' with the following arguments: {'ament_cmake_args': None, 'build_base': '/root/ros2_code/humble/pcl/build/point_cloud_perception', 'catkin_cmake_args': None, 'catkin_skip_building_tests': False, 'cmake_args': None, 'cmake_clean_cache': False, 'cmake_clean_first': False, 'cmake_force_configure': False, 'cmake_target': None, 'cmake_target_skip_unavailable': False, 'install_base': '/root/ros2_code/humble/pcl/install/point_cloud_perception', 'merge_install': False, 'path': '/root/ros2_code/humble/pcl/src/ros2_learners/point_cloud_perception', 'symlink_install': True, 'test_result_base': None}
[3.031s] Level 5:colcon.colcon_core.verb:set package 'robot_math' build argument 'cmake_args' from command line to 'None'
[3.031s] Level 5:colcon.colcon_core.verb:set package 'robot_math' build argument 'cmake_target' from command line to 'None'
[3.031s] Level 5:colcon.colcon_core.verb:set package 'robot_math' build argument 'cmake_target_skip_unavailable' from command line to 'False'
[3.031s] Level 5:colcon.colcon_core.verb:set package 'robot_math' build argument 'cmake_clean_cache' from command line to 'False'
[3.032s] Level 5:colcon.colcon_core.verb:set package 'robot_math' build argument 'cmake_clean_first' from command line to 'False'
[3.032s] Level 5:colcon.colcon_core.verb:set package 'robot_math' build argument 'cmake_force_configure' from command line to 'False'
[3.032s] Level 5:colcon.colcon_core.verb:set package 'robot_math' build argument 'ament_cmake_args' from command line to 'None'
[3.032s] Level 5:colcon.colcon_core.verb:set package 'robot_math' build argument 'catkin_cmake_args' from command line to 'None'
[3.032s] Level 5:colcon.colcon_core.verb:set package 'robot_math' build argument 'catkin_skip_building_tests' from command line to 'False'
[3.032s] DEBUG:colcon.colcon_core.verb:Building package 'robot_math' with the following arguments: {'ament_cmake_args': None, 'build_base': '/root/ros2_code/humble/pcl/build/robot_math', 'catkin_cmake_args': None, 'catkin_skip_building_tests': False, 'cmake_args': None, 'cmake_clean_cache': False, 'cmake_clean_first': False, 'cmake_force_configure': False, 'cmake_target': None, 'cmake_target_skip_unavailable': False, 'install_base': '/root/ros2_code/humble/pcl/install/robot_math', 'merge_install': False, 'path': '/root/ros2_code/humble/pcl/src/ros2_learners/robot_math', 'symlink_install': True, 'test_result_base': None}
[3.063s] Level 5:colcon.colcon_core.verb:set package 'turtlebot3_gazebo' build argument 'cmake_args' from command line to 'None'
[3.063s] Level 5:colcon.colcon_core.verb:set package 'turtlebot3_gazebo' build argument 'cmake_target' from command line to 'None'
[3.063s] Level 5:colcon.colcon_core.verb:set package 'turtlebot3_gazebo' build argument 'cmake_target_skip_unavailable' from command line to 'False'
[3.063s] Level 5:colcon.colcon_core.verb:set package 'turtlebot3_gazebo' build argument 'cmake_clean_cache' from command line to 'False'
[3.063s] Level 5:colcon.colcon_core.verb:set package 'turtlebot3_gazebo' build argument 'cmake_clean_first' from command line to 'False'
[3.063s] Level 5:colcon.colcon_core.verb:set package 'turtlebot3_gazebo' build argument 'cmake_force_configure' from command line to 'False'
[3.063s] Level 5:colcon.colcon_core.verb:set package 'turtlebot3_gazebo' build argument 'ament_cmake_args' from command line to 'None'
[3.064s] Level 5:colcon.colcon_core.verb:set package 'turtlebot3_gazebo' build argument 'catkin_cmake_args' from command line to 'None'
[3.064s] Level 5:colcon.colcon_core.verb:set package 'turtlebot3_gazebo' build argument 'catkin_skip_building_tests' from command line to 'False'
[3.064s] DEBUG:colcon.colcon_core.verb:Building package 'turtlebot3_gazebo' with the following arguments: {'ament_cmake_args': None, 'build_base': '/root/ros2_code/humble/pcl/build/turtlebot3_gazebo', 'catkin_cmake_args': None, 'catkin_skip_building_tests': False, 'cmake_args': None, 'cmake_clean_cache': False, 'cmake_clean_first': False, 'cmake_force_configure': False, 'cmake_target': None, 'cmake_target_skip_unavailable': False, 'install_base': '/root/ros2_code/humble/pcl/install/turtlebot3_gazebo', 'merge_install': False, 'path': '/root/ros2_code/humble/pcl/src/ros2_learners/turtlebot3_gazebo', 'symlink_install': True, 'test_result_base': None}
[3.112s] INFO:colcon.colcon_core.executor:Executing jobs using 'parallel' executor
[3.147s] DEBUG:colcon.colcon_parallel_executor.executor.parallel:run_until_complete
[3.147s] INFO:colcon.colcon_ros.task.ament_cmake.build:Building ROS package in '/root/ros2_code/humble/pcl/src/ros2_learners/navigation_tb3' with build type 'ament_cmake'
[3.147s] INFO:colcon.colcon_cmake.task.cmake.build:Building CMake package in '/root/ros2_code/humble/pcl/src/ros2_learners/navigation_tb3'
[3.227s] INFO:colcon.colcon_core.plugin_system:Skipping extension 'colcon_core.shell.bat': Not used on non-Windows systems
[3.227s] INFO:colcon.colcon_core.shell:Skip shell extension 'powershell' for command environment: Not usable outside of PowerShell
[3.227s] DEBUG:colcon.colcon_core.shell:Skip shell extension 'dsv' for command environment
[3.767s] INFO:colcon.colcon_ros.task.ament_cmake.build:Building ROS package in '/root/ros2_code/humble/pcl/src/ros2_learners/nodes' with build type 'ament_cmake'
[3.767s] INFO:colcon.colcon_cmake.task.cmake.build:Building CMake package in '/root/ros2_code/humble/pcl/src/ros2_learners/nodes'
[3.837s] INFO:colcon.colcon_core.shell:Skip shell extension 'powershell' for command environment: Not usable outside of PowerShell
[3.837s] DEBUG:colcon.colcon_core.shell:Skip shell extension 'dsv' for command environment
[4.378s] INFO:colcon.colcon_ros.task.ament_cmake.build:Building ROS package in '/root/ros2_code/humble/pcl/src/ros2_learners/point_cloud_perception' with build type 'ament_cmake'
[4.378s] INFO:colcon.colcon_cmake.task.cmake.build:Building CMake package in '/root/ros2_code/humble/pcl/src/ros2_learners/point_cloud_perception'
[4.445s] INFO:colcon.colcon_core.shell:Skip shell extension 'powershell' for command environment: Not usable outside of PowerShell
[4.445s] DEBUG:colcon.colcon_core.shell:Skip shell extension 'dsv' for command environment
[4.970s] INFO:colcon.colcon_ros.task.ament_python.build:Building ROS package in '/root/ros2_code/humble/pcl/src/ros2_learners/robot_math' with build type 'ament_python'
[4.971s] Level 1:colcon.colcon_core.shell:create_environment_hook('robot_math', 'ament_prefix_path')
[5.079s] INFO:colcon.colcon_core.shell:Creating environment hook '/root/ros2_code/humble/pcl/install/robot_math/share/robot_math/hook/ament_prefix_path.ps1'
[5.082s] INFO:colcon.colcon_core.shell:Creating environment descriptor '/root/ros2_code/humble/pcl/install/robot_math/share/robot_math/hook/ament_prefix_path.dsv'
[5.083s] INFO:colcon.colcon_core.shell:Creating environment hook '/root/ros2_code/humble/pcl/install/robot_math/share/robot_math/hook/ament_prefix_path.sh'
[5.172s] INFO:colcon.colcon_core.shell:Skip shell extension 'powershell' for command environment: Not usable outside of PowerShell
[5.172s] DEBUG:colcon.colcon_core.shell:Skip shell extension 'dsv' for command environment
[5.646s] INFO:colcon.colcon_ros.task.ament_cmake.build:Building ROS package in '/root/ros2_code/humble/pcl/src/ros2_learners/turtlebot3_gazebo' with build type 'ament_cmake'
[5.647s] INFO:colcon.colcon_cmake.task.cmake.build:Building CMake package in '/root/ros2_code/humble/pcl/src/ros2_learners/turtlebot3_gazebo'
[5.717s] INFO:colcon.colcon_core.shell:Skip shell extension 'powershell' for command environment: Not usable outside of PowerShell
[5.717s] DEBUG:colcon.colcon_core.shell:Skip shell extension 'dsv' for command environment
[6.308s] DEBUG:colcon.colcon_core.event_handler.log_command:Invoking command in '/root/ros2_code/humble/pcl/build/navigation_tb3': CMAKE_PREFIX_PATH=${CMAKE_PREFIX_PATH}:/root/ros2_code/humble/pcl/install/robot_math:/root/ros2_code/humble/learning/install/ball_tracker:/opt/ros/humble /usr/bin/cmake --build /root/ros2_code/humble/pcl/build/navigation_tb3 -- -j12 -l12
[6.333s] DEBUG:colcon.colcon_core.event_handler.log_command:Invoking command in '/root/ros2_code/humble/pcl/build/nodes': CMAKE_PREFIX_PATH=${CMAKE_PREFIX_PATH}:/root/ros2_code/humble/pcl/install/robot_math:/root/ros2_code/humble/learning/install/ball_tracker:/opt/ros/humble /usr/bin/cmake --build /root/ros2_code/humble/pcl/build/nodes -- -j12 -l12
[6.347s] DEBUG:colcon.colcon_core.event_handler.log_command:Invoking command in '/root/ros2_code/humble/pcl/build/point_cloud_perception': CMAKE_PREFIX_PATH=${CMAKE_PREFIX_PATH}:/root/ros2_code/humble/pcl/install/robot_math:/root/ros2_code/humble/learning/install/ball_tracker:/opt/ros/humble /usr/bin/cmake --build /root/ros2_code/humble/pcl/build/point_cloud_perception -- -j12 -l12
[7.761s] INFO:colcon.colcon_core.task.python.build:Building Python package in '/root/ros2_code/humble/pcl/src/ros2_learners/robot_math'
[7.822s] INFO:colcon.colcon_core.shell:Skip shell extension 'powershell' for command environment: Not usable outside of PowerShell
[7.822s] DEBUG:colcon.colcon_core.shell:Skip shell extension 'dsv' for command environment
[8.392s] DEBUG:colcon.colcon_core.event_handler.log_command:Invoking command in '/root/ros2_code/humble/pcl/build/turtlebot3_gazebo': CMAKE_PREFIX_PATH=${CMAKE_PREFIX_PATH}:/root/ros2_code/humble/pcl/install/robot_math:/root/ros2_code/humble/learning/install/ball_tracker:/opt/ros/humble /usr/bin/cmake --build /root/ros2_code/humble/pcl/build/turtlebot3_gazebo -- -j12 -l12
[8.394s] DEBUG:colcon.colcon_core.event_handler.log_command:Invoked command in '/root/ros2_code/humble/pcl/build/nodes' returned '0': CMAKE_PREFIX_PATH=${CMAKE_PREFIX_PATH}:/root/ros2_code/humble/pcl/install/robot_math:/root/ros2_code/humble/learning/install/ball_tracker:/opt/ros/humble /usr/bin/cmake --build /root/ros2_code/humble/pcl/build/nodes -- -j12 -l12
[8.395s] DEBUG:colcon.colcon_core.event_handler.log_command:Invoked command in '/root/ros2_code/humble/pcl/build/point_cloud_perception' returned '0': CMAKE_PREFIX_PATH=${CMAKE_PREFIX_PATH}:/root/ros2_code/humble/pcl/install/robot_math:/root/ros2_code/humble/learning/install/ball_tracker:/opt/ros/humble /usr/bin/cmake --build /root/ros2_code/humble/pcl/build/point_cloud_perception -- -j12 -l12
[8.396s] DEBUG:colcon.colcon_core.event_handler.log_command:Invoked command in '/root/ros2_code/humble/pcl/build/navigation_tb3' returned '0': CMAKE_PREFIX_PATH=${CMAKE_PREFIX_PATH}:/root/ros2_code/humble/pcl/install/robot_math:/root/ros2_code/humble/learning/install/ball_tracker:/opt/ros/humble /usr/bin/cmake --build /root/ros2_code/humble/pcl/build/navigation_tb3 -- -j12 -l12
[8.590s] DEBUG:colcon.colcon_core.event_handler.log_command:Invoking command in '/root/ros2_code/humble/pcl/build/navigation_tb3': CMAKE_PREFIX_PATH=${CMAKE_PREFIX_PATH}:/root/ros2_code/humble/pcl/install/robot_math:/root/ros2_code/humble/learning/install/ball_tracker:/opt/ros/humble /usr/bin/cmake --install /root/ros2_code/humble/pcl/build/navigation_tb3
[8.604s] DEBUG:colcon.colcon_core.event_handler.log_command:Invoking command in '/root/ros2_code/humble/pcl/build/nodes': CMAKE_PREFIX_PATH=${CMAKE_PREFIX_PATH}:/root/ros2_code/humble/pcl/install/robot_math:/root/ros2_code/humble/learning/install/ball_tracker:/opt/ros/humble /usr/bin/cmake --install /root/ros2_code/humble/pcl/build/nodes
[8.620s] DEBUG:colcon.colcon_core.event_handler.log_command:Invoking command in '/root/ros2_code/humble/pcl/build/point_cloud_perception': CMAKE_PREFIX_PATH=${CMAKE_PREFIX_PATH}:/root/ros2_code/humble/pcl/install/robot_math:/root/ros2_code/humble/learning/install/ball_tracker:/opt/ros/humble /usr/bin/cmake --install /root/ros2_code/humble/pcl/build/point_cloud_perception
[8.712s] Level 1:colcon.colcon_core.environment:create_environment_scripts_only(nodes)
[8.716s] DEBUG:colcon.colcon_core.event_handler.log_command:Invoked command in '/root/ros2_code/humble/pcl/build/nodes' returned '0': CMAKE_PREFIX_PATH=${CMAKE_PREFIX_PATH}:/root/ros2_code/humble/pcl/install/robot_math:/root/ros2_code/humble/learning/install/ball_tracker:/opt/ros/humble /usr/bin/cmake --install /root/ros2_code/humble/pcl/build/nodes
[8.867s] Level 1:colcon.colcon_core.environment:checking '/root/ros2_code/humble/pcl/install/nodes' for CMake module files
[8.869s] Level 1:colcon.colcon_core.environment:checking '/root/ros2_code/humble/pcl/install/nodes' for CMake config files
[8.870s] Level 1:colcon.colcon_core.shell:create_environment_hook('nodes', 'cmake_prefix_path')
[8.982s] INFO:colcon.colcon_core.shell:Creating environment hook '/root/ros2_code/humble/pcl/install/nodes/share/nodes/hook/cmake_prefix_path.ps1'
[8.984s] INFO:colcon.colcon_core.shell:Creating environment descriptor '/root/ros2_code/humble/pcl/install/nodes/share/nodes/hook/cmake_prefix_path.dsv'
[8.985s] INFO:colcon.colcon_core.shell:Creating environment hook '/root/ros2_code/humble/pcl/install/nodes/share/nodes/hook/cmake_prefix_path.sh'
[8.987s] Level 1:colcon.colcon_core.environment:checking '/root/ros2_code/humble/pcl/install/nodes/lib'
[8.988s] Level 1:colcon.colcon_core.environment:checking '/root/ros2_code/humble/pcl/install/nodes/bin'
[8.989s] Level 1:colcon.colcon_core.environment:checking '/root/ros2_code/humble/pcl/install/nodes/lib/pkgconfig/nodes.pc'
[8.990s] Level 1:colcon.colcon_core.environment:checking '/root/ros2_code/humble/pcl/install/nodes/lib/python3.10/site-packages'
[8.990s] Level 1:colcon.colcon_core.environment:checking '/root/ros2_code/humble/pcl/install/nodes/bin'
[9.073s] INFO:colcon.colcon_core.shell:Creating package script '/root/ros2_code/humble/pcl/install/nodes/share/nodes/package.ps1'
[9.076s] INFO:colcon.colcon_core.shell:Creating package descriptor '/root/ros2_code/humble/pcl/install/nodes/share/nodes/package.dsv'
[9.078s] INFO:colcon.colcon_core.shell:Creating package script '/root/ros2_code/humble/pcl/install/nodes/share/nodes/package.sh'
[9.081s] INFO:colcon.colcon_core.shell:Creating package script '/root/ros2_code/humble/pcl/install/nodes/share/nodes/package.bash'
[9.084s] INFO:colcon.colcon_core.shell:Creating package script '/root/ros2_code/humble/pcl/install/nodes/share/nodes/package.zsh'
[9.087s] Level 1:colcon.colcon_core.environment:create_file_with_runtime_dependencies(/root/ros2_code/humble/pcl/install/nodes/share/colcon-core/packages/nodes)
[9.096s] DEBUG:colcon.colcon_core.event_handler.log_command:Invoked command in '/root/ros2_code/humble/pcl/build/turtlebot3_gazebo' returned '0': CMAKE_PREFIX_PATH=${CMAKE_PREFIX_PATH}:/root/ros2_code/humble/pcl/install/robot_math:/root/ros2_code/humble/learning/install/ball_tracker:/opt/ros/humble /usr/bin/cmake --build /root/ros2_code/humble/pcl/build/turtlebot3_gazebo -- -j12 -l12
[9.100s] Level 1:colcon.colcon_core.environment:create_environment_scripts_only(point_cloud_perception)
[9.101s] DEBUG:colcon.colcon_core.event_handler.log_command:Invoked command in '/root/ros2_code/humble/pcl/build/point_cloud_perception' returned '0': CMAKE_PREFIX_PATH=${CMAKE_PREFIX_PATH}:/root/ros2_code/humble/pcl/install/robot_math:/root/ros2_code/humble/learning/install/ball_tracker:/opt/ros/humble /usr/bin/cmake --install /root/ros2_code/humble/pcl/build/point_cloud_perception
[9.183s] Level 1:colcon.colcon_core.environment:checking '/root/ros2_code/humble/pcl/install/point_cloud_perception' for CMake module files
[9.186s] Level 1:colcon.colcon_core.environment:checking '/root/ros2_code/humble/pcl/install/point_cloud_perception' for CMake config files
[9.187s] Level 1:colcon.colcon_core.shell:create_environment_hook('point_cloud_perception', 'cmake_prefix_path')
[9.278s] INFO:colcon.colcon_core.shell:Creating environment hook '/root/ros2_code/humble/pcl/install/point_cloud_perception/share/point_cloud_perception/hook/cmake_prefix_path.ps1'
[9.279s] INFO:colcon.colcon_core.shell:Creating environment descriptor '/root/ros2_code/humble/pcl/install/point_cloud_perception/share/point_cloud_perception/hook/cmake_prefix_path.dsv'
[9.281s] INFO:colcon.colcon_core.shell:Creating environment hook '/root/ros2_code/humble/pcl/install/point_cloud_perception/share/point_cloud_perception/hook/cmake_prefix_path.sh'
[9.283s] Level 1:colcon.colcon_core.environment:checking '/root/ros2_code/humble/pcl/install/point_cloud_perception/lib'
[9.283s] Level 1:colcon.colcon_core.environment:checking '/root/ros2_code/humble/pcl/install/point_cloud_perception/bin'
[9.283s] Level 1:colcon.colcon_core.environment:checking '/root/ros2_code/humble/pcl/install/point_cloud_perception/lib/pkgconfig/point_cloud_perception.pc'
[9.284s] Level 1:colcon.colcon_core.environment:checking '/root/ros2_code/humble/pcl/install/point_cloud_perception/lib/python3.10/site-packages'
[9.285s] Level 1:colcon.colcon_core.environment:checking '/root/ros2_code/humble/pcl/install/point_cloud_perception/bin'
[9.365s] INFO:colcon.colcon_core.shell:Creating package script '/root/ros2_code/humble/pcl/install/point_cloud_perception/share/point_cloud_perception/package.ps1'
[9.366s] INFO:colcon.colcon_core.shell:Creating package descriptor '/root/ros2_code/humble/pcl/install/point_cloud_perception/share/point_cloud_perception/package.dsv'
[9.367s] INFO:colcon.colcon_core.shell:Creating package script '/root/ros2_code/humble/pcl/install/point_cloud_perception/share/point_cloud_perception/package.sh'
[9.369s] INFO:colcon.colcon_core.shell:Creating package script '/root/ros2_code/humble/pcl/install/point_cloud_perception/share/point_cloud_perception/package.bash'
[9.370s] INFO:colcon.colcon_core.shell:Creating package script '/root/ros2_code/humble/pcl/install/point_cloud_perception/share/point_cloud_perception/package.zsh'
[9.371s] Level 1:colcon.colcon_core.environment:create_file_with_runtime_dependencies(/root/ros2_code/humble/pcl/install/point_cloud_perception/share/colcon-core/packages/point_cloud_perception)
[9.375s] Level 1:colcon.colcon_core.environment:create_environment_scripts_only(navigation_tb3)
[9.378s] DEBUG:colcon.colcon_core.event_handler.log_command:Invoked command in '/root/ros2_code/humble/pcl/build/navigation_tb3' returned '0': CMAKE_PREFIX_PATH=${CMAKE_PREFIX_PATH}:/root/ros2_code/humble/pcl/install/robot_math:/root/ros2_code/humble/learning/install/ball_tracker:/opt/ros/humble /usr/bin/cmake --install /root/ros2_code/humble/pcl/build/navigation_tb3
[9.456s] Level 1:colcon.colcon_core.environment:checking '/root/ros2_code/humble/pcl/install/navigation_tb3' for CMake module files
[9.459s] Level 1:colcon.colcon_core.environment:checking '/root/ros2_code/humble/pcl/install/navigation_tb3' for CMake config files
[9.461s] Level 1:colcon.colcon_core.shell:create_environment_hook('navigation_tb3', 'cmake_prefix_path')
[9.542s] INFO:colcon.colcon_core.shell:Creating environment hook '/root/ros2_code/humble/pcl/install/navigation_tb3/share/navigation_tb3/hook/cmake_prefix_path.ps1'
[9.544s] INFO:colcon.colcon_core.shell:Creating environment descriptor '/root/ros2_code/humble/pcl/install/navigation_tb3/share/navigation_tb3/hook/cmake_prefix_path.dsv'
[9.545s] INFO:colcon.colcon_core.shell:Creating environment hook '/root/ros2_code/humble/pcl/install/navigation_tb3/share/navigation_tb3/hook/cmake_prefix_path.sh'
[9.547s] Level 1:colcon.colcon_core.environment:checking '/root/ros2_code/humble/pcl/install/navigation_tb3/lib'
[9.548s] Level 1:colcon.colcon_core.environment:checking '/root/ros2_code/humble/pcl/install/navigation_tb3/bin'
[9.548s] Level 1:colcon.colcon_core.environment:checking '/root/ros2_code/humble/pcl/install/navigation_tb3/lib/pkgconfig/navigation_tb3.pc'
[9.549s] Level 1:colcon.colcon_core.environment:checking '/root/ros2_code/humble/pcl/install/navigation_tb3/lib/python3.10/site-packages'
[9.550s] Level 1:colcon.colcon_core.environment:checking '/root/ros2_code/humble/pcl/install/navigation_tb3/bin'
[9.622s] INFO:colcon.colcon_core.shell:Creating package script '/root/ros2_code/humble/pcl/install/navigation_tb3/share/navigation_tb3/package.ps1'
[9.624s] INFO:colcon.colcon_core.shell:Creating package descriptor '/root/ros2_code/humble/pcl/install/navigation_tb3/share/navigation_tb3/package.dsv'
[9.625s] INFO:colcon.colcon_core.shell:Creating package script '/root/ros2_code/humble/pcl/install/navigation_tb3/share/navigation_tb3/package.sh'
[9.627s] INFO:colcon.colcon_core.shell:Creating package script '/root/ros2_code/humble/pcl/install/navigation_tb3/share/navigation_tb3/package.bash'
[9.628s] INFO:colcon.colcon_core.shell:Creating package script '/root/ros2_code/humble/pcl/install/navigation_tb3/share/navigation_tb3/package.zsh'
[9.629s] Level 1:colcon.colcon_core.environment:create_file_with_runtime_dependencies(/root/ros2_code/humble/pcl/install/navigation_tb3/share/colcon-core/packages/navigation_tb3)
[9.717s] Level 1:colcon.colcon_core.environment:create_environment_scripts_only(nodes)
[9.807s] Level 1:colcon.colcon_core.environment:checking '/root/ros2_code/humble/pcl/install/nodes' for CMake module files
[9.810s] Level 1:colcon.colcon_core.environment:checking '/root/ros2_code/humble/pcl/install/nodes' for CMake config files
[9.812s] Level 1:colcon.colcon_core.shell:create_environment_hook('nodes', 'cmake_prefix_path')
[9.877s] INFO:colcon.colcon_core.shell:Creating environment hook '/root/ros2_code/humble/pcl/install/nodes/share/nodes/hook/cmake_prefix_path.ps1'
[9.879s] INFO:colcon.colcon_core.shell:Creating environment descriptor '/root/ros2_code/humble/pcl/install/nodes/share/nodes/hook/cmake_prefix_path.dsv'
[9.880s] INFO:colcon.colcon_core.shell:Creating environment hook '/root/ros2_code/humble/pcl/install/nodes/share/nodes/hook/cmake_prefix_path.sh'
[9.882s] Level 1:colcon.colcon_core.environment:checking '/root/ros2_code/humble/pcl/install/nodes/lib'
[9.882s] Level 1:colcon.colcon_core.environment:checking '/root/ros2_code/humble/pcl/install/nodes/bin'
[9.883s] Level 1:colcon.colcon_core.environment:checking '/root/ros2_code/humble/pcl/install/nodes/lib/pkgconfig/nodes.pc'
[9.884s] Level 1:colcon.colcon_core.environment:checking '/root/ros2_code/humble/pcl/install/nodes/lib/python3.10/site-packages'
[9.886s] Level 1:colcon.colcon_core.environment:checking '/root/ros2_code/humble/pcl/install/nodes/bin'
[9.954s] INFO:colcon.colcon_core.shell:Creating package script '/root/ros2_code/humble/pcl/install/nodes/share/nodes/package.ps1'
[9.957s] INFO:colcon.colcon_core.shell:Creating package descriptor '/root/ros2_code/humble/pcl/install/nodes/share/nodes/package.dsv'
[9.958s] INFO:colcon.colcon_core.shell:Creating package script '/root/ros2_code/humble/pcl/install/nodes/share/nodes/package.sh'
[9.960s] INFO:colcon.colcon_core.shell:Creating package script '/root/ros2_code/humble/pcl/install/nodes/share/nodes/package.bash'
[9.961s] INFO:colcon.colcon_core.shell:Creating package script '/root/ros2_code/humble/pcl/install/nodes/share/nodes/package.zsh'
[9.962s] Level 1:colcon.colcon_core.environment:create_file_with_runtime_dependencies(/root/ros2_code/humble/pcl/install/nodes/share/colcon-core/packages/nodes)
[9.970s] DEBUG:colcon.colcon_core.event_handler.log_command:Invoking command in '/root/ros2_code/humble/pcl/build/turtlebot3_gazebo': CMAKE_PREFIX_PATH=${CMAKE_PREFIX_PATH}:/root/ros2_code/humble/pcl/install/robot_math:/root/ros2_code/humble/learning/install/ball_tracker:/opt/ros/humble /usr/bin/cmake --install /root/ros2_code/humble/pcl/build/turtlebot3_gazebo
[10.060s] Level 1:colcon.colcon_core.environment:create_environment_scripts_only(point_cloud_perception)
[10.196s] Level 1:colcon.colcon_core.environment:checking '/root/ros2_code/humble/pcl/install/point_cloud_perception' for CMake module files
[10.198s] Level 1:colcon.colcon_core.environment:checking '/root/ros2_code/humble/pcl/install/point_cloud_perception' for CMake config files
[10.199s] Level 1:colcon.colcon_core.shell:create_environment_hook('point_cloud_perception', 'cmake_prefix_path')
[10.273s] INFO:colcon.colcon_core.shell:Creating environment hook '/root/ros2_code/humble/pcl/install/point_cloud_perception/share/point_cloud_perception/hook/cmake_prefix_path.ps1'
[10.274s] INFO:colcon.colcon_core.shell:Creating environment descriptor '/root/ros2_code/humble/pcl/install/point_cloud_perception/share/point_cloud_perception/hook/cmake_prefix_path.dsv'
[10.275s] INFO:colcon.colcon_core.shell:Creating environment hook '/root/ros2_code/humble/pcl/install/point_cloud_perception/share/point_cloud_perception/hook/cmake_prefix_path.sh'
[10.276s] Level 1:colcon.colcon_core.environment:checking '/root/ros2_code/humble/pcl/install/point_cloud_perception/lib'
[10.276s] Level 1:colcon.colcon_core.environment:checking '/root/ros2_code/humble/pcl/install/point_cloud_perception/bin'
[10.276s] Level 1:colcon.colcon_core.environment:checking '/root/ros2_code/humble/pcl/install/point_cloud_perception/lib/pkgconfig/point_cloud_perception.pc'
[10.277s] Level 1:colcon.colcon_core.environment:checking '/root/ros2_code/humble/pcl/install/point_cloud_perception/lib/python3.10/site-packages'
[10.277s] Level 1:colcon.colcon_core.environment:checking '/root/ros2_code/humble/pcl/install/point_cloud_perception/bin'
[10.359s] INFO:colcon.colcon_core.shell:Creating package script '/root/ros2_code/humble/pcl/install/point_cloud_perception/share/point_cloud_perception/package.ps1'
[10.361s] INFO:colcon.colcon_core.shell:Creating package descriptor '/root/ros2_code/humble/pcl/install/point_cloud_perception/share/point_cloud_perception/package.dsv'
[10.362s] INFO:colcon.colcon_core.shell:Creating package script '/root/ros2_code/humble/pcl/install/point_cloud_perception/share/point_cloud_perception/package.sh'
[10.363s] INFO:colcon.colcon_core.shell:Creating package script '/root/ros2_code/humble/pcl/install/point_cloud_perception/share/point_cloud_perception/package.bash'
[10.364s] INFO:colcon.colcon_core.shell:Creating package script '/root/ros2_code/humble/pcl/install/point_cloud_perception/share/point_cloud_perception/package.zsh'
[10.366s] Level 1:colcon.colcon_core.environment:create_file_with_runtime_dependencies(/root/ros2_code/humble/pcl/install/point_cloud_perception/share/colcon-core/packages/point_cloud_perception)
[10.477s] Level 1:colcon.colcon_core.environment:create_environment_scripts_only(navigation_tb3)
[10.545s] Level 1:colcon.colcon_core.environment:checking '/root/ros2_code/humble/pcl/install/navigation_tb3' for CMake module files
[10.546s] Level 1:colcon.colcon_core.environment:checking '/root/ros2_code/humble/pcl/install/navigation_tb3' for CMake config files
[10.547s] Level 1:colcon.colcon_core.shell:create_environment_hook('navigation_tb3', 'cmake_prefix_path')
[10.587s] INFO:colcon.colcon_core.shell:Creating environment hook '/root/ros2_code/humble/pcl/install/navigation_tb3/share/navigation_tb3/hook/cmake_prefix_path.ps1'
[10.588s] INFO:colcon.colcon_core.shell:Creating environment descriptor '/root/ros2_code/humble/pcl/install/navigation_tb3/share/navigation_tb3/hook/cmake_prefix_path.dsv'
[10.589s] INFO:colcon.colcon_core.shell:Creating environment hook '/root/ros2_code/humble/pcl/install/navigation_tb3/share/navigation_tb3/hook/cmake_prefix_path.sh'
[10.591s] Level 1:colcon.colcon_core.environment:checking '/root/ros2_code/humble/pcl/install/navigation_tb3/lib'
[10.591s] Level 1:colcon.colcon_core.environment:checking '/root/ros2_code/humble/pcl/install/navigation_tb3/bin'
[10.591s] Level 1:colcon.colcon_core.environment:checking '/root/ros2_code/humble/pcl/install/navigation_tb3/lib/pkgconfig/navigation_tb3.pc'
[10.592s] Level 1:colcon.colcon_core.environment:checking '/root/ros2_code/humble/pcl/install/navigation_tb3/lib/python3.10/site-packages'
[10.593s] Level 1:colcon.colcon_core.environment:checking '/root/ros2_code/humble/pcl/install/navigation_tb3/bin'
[10.647s] INFO:colcon.colcon_core.shell:Creating package script '/root/ros2_code/humble/pcl/install/navigation_tb3/share/navigation_tb3/package.ps1'
[10.647s] INFO:colcon.colcon_core.shell:Creating package descriptor '/root/ros2_code/humble/pcl/install/navigation_tb3/share/navigation_tb3/package.dsv'
[10.648s] INFO:colcon.colcon_core.shell:Creating package script '/root/ros2_code/humble/pcl/install/navigation_tb3/share/navigation_tb3/package.sh'
[10.649s] INFO:colcon.colcon_core.shell:Creating package script '/root/ros2_code/humble/pcl/install/navigation_tb3/share/navigation_tb3/package.bash'
[10.650s] INFO:colcon.colcon_core.shell:Creating package script '/root/ros2_code/humble/pcl/install/navigation_tb3/share/navigation_tb3/package.zsh'
[10.651s] Level 1:colcon.colcon_core.environment:create_file_with_runtime_dependencies(/root/ros2_code/humble/pcl/install/navigation_tb3/share/colcon-core/packages/navigation_tb3)
[10.653s] Level 1:colcon.colcon_core.environment:create_environment_scripts_only(turtlebot3_gazebo)
[10.658s] DEBUG:colcon.colcon_core.event_handler.log_command:Invoked command in '/root/ros2_code/humble/pcl/build/turtlebot3_gazebo' returned '0': CMAKE_PREFIX_PATH=${CMAKE_PREFIX_PATH}:/root/ros2_code/humble/pcl/install/robot_math:/root/ros2_code/humble/learning/install/ball_tracker:/opt/ros/humble /usr/bin/cmake --install /root/ros2_code/humble/pcl/build/turtlebot3_gazebo
[10.738s] Level 1:colcon.colcon_core.environment:checking '/root/ros2_code/humble/pcl/install/turtlebot3_gazebo' for CMake module files
[10.740s] Level 1:colcon.colcon_core.environment:checking '/root/ros2_code/humble/pcl/install/turtlebot3_gazebo' for CMake config files
[10.741s] Level 1:colcon.colcon_core.shell:create_environment_hook('turtlebot3_gazebo', 'cmake_prefix_path')
[10.799s] INFO:colcon.colcon_core.shell:Creating environment hook '/root/ros2_code/humble/pcl/install/turtlebot3_gazebo/share/turtlebot3_gazebo/hook/cmake_prefix_path.ps1'
[10.800s] INFO:colcon.colcon_core.shell:Creating environment descriptor '/root/ros2_code/humble/pcl/install/turtlebot3_gazebo/share/turtlebot3_gazebo/hook/cmake_prefix_path.dsv'
[10.802s] INFO:colcon.colcon_core.shell:Creating environment hook '/root/ros2_code/humble/pcl/install/turtlebot3_gazebo/share/turtlebot3_gazebo/hook/cmake_prefix_path.sh'
[10.804s] Level 1:colcon.colcon_core.environment:checking '/root/ros2_code/humble/pcl/install/turtlebot3_gazebo/lib'
[10.804s] Level 1:colcon.colcon_core.environment:checking '/root/ros2_code/humble/pcl/install/turtlebot3_gazebo/bin'
[10.804s] Level 1:colcon.colcon_core.environment:checking '/root/ros2_code/humble/pcl/install/turtlebot3_gazebo/lib/pkgconfig/turtlebot3_gazebo.pc'
[10.805s] Level 1:colcon.colcon_core.environment:checking '/root/ros2_code/humble/pcl/install/turtlebot3_gazebo/lib/python3.10/site-packages'
[10.807s] Level 1:colcon.colcon_core.environment:checking '/root/ros2_code/humble/pcl/install/turtlebot3_gazebo/bin'
[10.855s] INFO:colcon.colcon_core.shell:Creating package script '/root/ros2_code/humble/pcl/install/turtlebot3_gazebo/share/turtlebot3_gazebo/package.ps1'
[10.856s] INFO:colcon.colcon_core.shell:Creating package descriptor '/root/ros2_code/humble/pcl/install/turtlebot3_gazebo/share/turtlebot3_gazebo/package.dsv'
[10.856s] INFO:colcon.colcon_core.shell:Creating package script '/root/ros2_code/humble/pcl/install/turtlebot3_gazebo/share/turtlebot3_gazebo/package.sh'
[10.857s] INFO:colcon.colcon_core.shell:Creating package script '/root/ros2_code/humble/pcl/install/turtlebot3_gazebo/share/turtlebot3_gazebo/package.bash'
[10.858s] INFO:colcon.colcon_core.shell:Creating package script '/root/ros2_code/humble/pcl/install/turtlebot3_gazebo/share/turtlebot3_gazebo/package.zsh'
[10.859s] Level 1:colcon.colcon_core.environment:create_file_with_runtime_dependencies(/root/ros2_code/humble/pcl/install/turtlebot3_gazebo/share/colcon-core/packages/turtlebot3_gazebo)
[10.866s] DEBUG:colcon.colcon_core.event_handler.log_command:Invoking command in '/root/ros2_code/humble/pcl/build/robot_math': PYTHONPATH=/root/ros2_code/humble/pcl/build/robot_math/prefix_override:/root/ros2_code/humble/pcl/install/robot_math/lib/python3.10/site-packages:${PYTHONPATH} /usr/bin/python3 setup.py develop --editable --build-directory /root/ros2_code/humble/pcl/build/robot_math/build --no-deps install_data
[11.105s] Level 1:colcon.colcon_core.environment:create_environment_scripts_only(turtlebot3_gazebo)
[11.173s] Level 1:colcon.colcon_core.environment:checking '/root/ros2_code/humble/pcl/install/turtlebot3_gazebo' for CMake module files
[11.175s] Level 1:colcon.colcon_core.environment:checking '/root/ros2_code/humble/pcl/install/turtlebot3_gazebo' for CMake config files
[11.176s] Level 1:colcon.colcon_core.shell:create_environment_hook('turtlebot3_gazebo', 'cmake_prefix_path')
[11.251s] INFO:colcon.colcon_core.shell:Creating environment hook '/root/ros2_code/humble/pcl/install/turtlebot3_gazebo/share/turtlebot3_gazebo/hook/cmake_prefix_path.ps1'
[11.252s] INFO:colcon.colcon_core.shell:Creating environment descriptor '/root/ros2_code/humble/pcl/install/turtlebot3_gazebo/share/turtlebot3_gazebo/hook/cmake_prefix_path.dsv'
[11.253s] INFO:colcon.colcon_core.shell:Creating environment hook '/root/ros2_code/humble/pcl/install/turtlebot3_gazebo/share/turtlebot3_gazebo/hook/cmake_prefix_path.sh'
[11.254s] Level 1:colcon.colcon_core.environment:checking '/root/ros2_code/humble/pcl/install/turtlebot3_gazebo/lib'
[11.254s] Level 1:colcon.colcon_core.environment:checking '/root/ros2_code/humble/pcl/install/turtlebot3_gazebo/bin'
[11.255s] Level 1:colcon.colcon_core.environment:checking '/root/ros2_code/humble/pcl/install/turtlebot3_gazebo/lib/pkgconfig/turtlebot3_gazebo.pc'
[11.255s] Level 1:colcon.colcon_core.environment:checking '/root/ros2_code/humble/pcl/install/turtlebot3_gazebo/lib/python3.10/site-packages'
[11.256s] Level 1:colcon.colcon_core.environment:checking '/root/ros2_code/humble/pcl/install/turtlebot3_gazebo/bin'
[11.323s] INFO:colcon.colcon_core.shell:Creating package script '/root/ros2_code/humble/pcl/install/turtlebot3_gazebo/share/turtlebot3_gazebo/package.ps1'
[11.325s] INFO:colcon.colcon_core.shell:Creating package descriptor '/root/ros2_code/humble/pcl/install/turtlebot3_gazebo/share/turtlebot3_gazebo/package.dsv'
[11.326s] INFO:colcon.colcon_core.shell:Creating package script '/root/ros2_code/humble/pcl/install/turtlebot3_gazebo/share/turtlebot3_gazebo/package.sh'
[11.328s] INFO:colcon.colcon_core.shell:Creating package script '/root/ros2_code/humble/pcl/install/turtlebot3_gazebo/share/turtlebot3_gazebo/package.bash'
[11.329s] INFO:colcon.colcon_core.shell:Creating package script '/root/ros2_code/humble/pcl/install/turtlebot3_gazebo/share/turtlebot3_gazebo/package.zsh'
[11.331s] Level 1:colcon.colcon_core.environment:create_file_with_runtime_dependencies(/root/ros2_code/humble/pcl/install/turtlebot3_gazebo/share/colcon-core/packages/turtlebot3_gazebo)
[12.546s] Level 1:colcon.colcon_core.shell:create_environment_hook('robot_math', 'pythonpath_develop')
[12.547s] DEBUG:colcon.colcon_core.event_handler.log_command:Invoked command in '/root/ros2_code/humble/pcl/build/robot_math' returned '0': PYTHONPATH=/root/ros2_code/humble/pcl/build/robot_math/prefix_override:/root/ros2_code/humble/pcl/install/robot_math/lib/python3.10/site-packages:${PYTHONPATH} /usr/bin/python3 setup.py develop --editable --build-directory /root/ros2_code/humble/pcl/build/robot_math/build --no-deps install_data
[12.616s] INFO:colcon.colcon_core.shell:Creating environment hook '/root/ros2_code/humble/pcl/build/robot_math/share/robot_math/hook/pythonpath_develop.ps1'
[12.618s] INFO:colcon.colcon_core.shell:Creating environment descriptor '/root/ros2_code/humble/pcl/build/robot_math/share/robot_math/hook/pythonpath_develop.dsv'
[12.619s] INFO:colcon.colcon_core.shell:Creating environment hook '/root/ros2_code/humble/pcl/build/robot_math/share/robot_math/hook/pythonpath_develop.sh'
[12.668s] Level 1:colcon.colcon_core.environment:checking '/root/ros2_code/humble/pcl/install/robot_math' for CMake module files
[12.669s] Level 1:colcon.colcon_core.environment:checking '/root/ros2_code/humble/pcl/install/robot_math' for CMake config files
[12.670s] Level 1:colcon.colcon_core.environment:checking '/root/ros2_code/humble/pcl/install/robot_math/lib'
[12.670s] Level 1:colcon.colcon_core.environment:checking '/root/ros2_code/humble/pcl/install/robot_math/bin'
[12.670s] Level 1:colcon.colcon_core.environment:checking '/root/ros2_code/humble/pcl/install/robot_math/lib/pkgconfig/robot_math.pc'
[12.670s] Level 1:colcon.colcon_core.environment:checking '/root/ros2_code/humble/pcl/install/robot_math/lib/python3.10/site-packages'
[12.671s] Level 1:colcon.colcon_core.shell:create_environment_hook('robot_math', 'pythonpath')
[12.710s] INFO:colcon.colcon_core.shell:Creating environment hook '/root/ros2_code/humble/pcl/install/robot_math/share/robot_math/hook/pythonpath.ps1'
[12.711s] INFO:colcon.colcon_core.shell:Creating environment descriptor '/root/ros2_code/humble/pcl/install/robot_math/share/robot_math/hook/pythonpath.dsv'
[12.712s] INFO:colcon.colcon_core.shell:Creating environment hook '/root/ros2_code/humble/pcl/install/robot_math/share/robot_math/hook/pythonpath.sh'
[12.715s] Level 1:colcon.colcon_core.environment:checking '/root/ros2_code/humble/pcl/install/robot_math/bin'
[12.715s] Level 1:colcon.colcon_core.environment:create_environment_scripts_only(robot_math)
[12.770s] INFO:colcon.colcon_core.shell:Creating package script '/root/ros2_code/humble/pcl/install/robot_math/share/robot_math/package.ps1'
[12.772s] INFO:colcon.colcon_core.shell:Creating package descriptor '/root/ros2_code/humble/pcl/install/robot_math/share/robot_math/package.dsv'
[12.772s] INFO:colcon.colcon_core.shell:Creating package script '/root/ros2_code/humble/pcl/install/robot_math/share/robot_math/package.sh'
[12.773s] INFO:colcon.colcon_core.shell:Creating package script '/root/ros2_code/humble/pcl/install/robot_math/share/robot_math/package.bash'
[12.774s] INFO:colcon.colcon_core.shell:Creating package script '/root/ros2_code/humble/pcl/install/robot_math/share/robot_math/package.zsh'
[12.774s] Level 1:colcon.colcon_core.environment:create_file_with_runtime_dependencies(/root/ros2_code/humble/pcl/install/robot_math/share/colcon-core/packages/robot_math)
[12.775s] DEBUG:colcon.colcon_parallel_executor.executor.parallel:closing loop
[12.775s] DEBUG:colcon.colcon_parallel_executor.executor.parallel:loop closed
[12.775s] DEBUG:colcon.colcon_parallel_executor.executor.parallel:run_until_complete finished with '0'
[12.775s] DEBUG:colcon.colcon_core.event_reactor:joining thread
[12.860s] INFO:colcon.colcon_core.plugin_system:Skipping extension 'colcon_notification.desktop_notification.notify_send': Could not find 'notify-send'
[12.861s] INFO:colcon.colcon_core.plugin_system:Skipping extension 'colcon_notification.desktop_notification.terminal_notifier': Not used on non-Darwin systems
[12.861s] INFO:colcon.colcon_core.plugin_system:Skipping extension 'colcon_notification.desktop_notification.win32': Not used on non-Windows systems
[12.861s] INFO:colcon.colcon_notification.desktop_notification:Sending desktop notification using 'notify2'
[12.865s] DEBUG:colcon.colcon_notification.desktop_notification.notify2:Failed to initialize notify2: org.freedesktop.DBus.Error.Spawn.ExecFailed: /usr/bin/dbus-launch terminated abnormally without any error message
[12.865s] DEBUG:colcon.colcon_core.event_reactor:joined thread
[12.901s] INFO:colcon.colcon_core.shell:Creating prefix script '/root/ros2_code/humble/pcl/install/local_setup.ps1'
[12.903s] INFO:colcon.colcon_core.shell:Creating prefix util module '/root/ros2_code/humble/pcl/install/_local_setup_util_ps1.py'
[12.905s] INFO:colcon.colcon_core.shell:Creating prefix chain script '/root/ros2_code/humble/pcl/install/setup.ps1'
[12.941s] INFO:colcon.colcon_core.shell:Creating prefix script '/root/ros2_code/humble/pcl/install/local_setup.sh'
[12.942s] INFO:colcon.colcon_core.shell:Creating prefix util module '/root/ros2_code/humble/pcl/install/_local_setup_util_sh.py'
[12.943s] INFO:colcon.colcon_core.shell:Creating prefix chain script '/root/ros2_code/humble/pcl/install/setup.sh'
[12.978s] INFO:colcon.colcon_core.shell:Creating prefix script '/root/ros2_code/humble/pcl/install/local_setup.bash'
[12.979s] INFO:colcon.colcon_core.shell:Creating prefix chain script '/root/ros2_code/humble/pcl/install/setup.bash'
[13.015s] INFO:colcon.colcon_core.shell:Creating prefix script '/root/ros2_code/humble/pcl/install/local_setup.zsh'
[13.016s] INFO:colcon.colcon_core.shell:Creating prefix chain script '/root/ros2_code/humble/pcl/install/setup.zsh'
