[0.947s] Invoking command in '/root/ros2_code/humble/tc_ros2_nav/build/nav2_course': CMAKE_PREFIX_PATH=${CMAKE_PREFIX_PATH}:/root/ros2_code/humble/tc_ros2_nav/install/path_planner_server:/root/ros2_code/humble/tc_ros2_nav/install/nav2_project:/root/ros2_code/humble/tc_ros2_nav/install/map_server:/root/ros2_code/humble/tc_ros2_nav/install/cartographer_slam:/opt/ros/humble /usr/bin/cmake --build /root/ros2_code/humble/tc_ros2_nav/build/nav2_course -- -j12 -l12
[1.692s] Invoked command in '/root/ros2_code/humble/tc_ros2_nav/build/nav2_course' returned '0': CMAKE_PREFIX_PATH=${CMAKE_PREFIX_PATH}:/root/ros2_code/humble/tc_ros2_nav/install/path_planner_server:/root/ros2_code/humble/tc_ros2_nav/install/nav2_project:/root/ros2_code/humble/tc_ros2_nav/install/map_server:/root/ros2_code/humble/tc_ros2_nav/install/cartographer_slam:/opt/ros/humble /usr/bin/cmake --build /root/ros2_code/humble/tc_ros2_nav/build/nav2_course -- -j12 -l12
[1.732s] Invoking command in '/root/ros2_code/humble/tc_ros2_nav/build/nav2_course': CMAKE_PREFIX_PATH=${CMAKE_PREFIX_PATH}:/root/ros2_code/humble/tc_ros2_nav/install/path_planner_server:/root/ros2_code/humble/tc_ros2_nav/install/nav2_project:/root/ros2_code/humble/tc_ros2_nav/install/map_server:/root/ros2_code/humble/tc_ros2_nav/install/cartographer_slam:/opt/ros/humble /usr/bin/cmake --install /root/ros2_code/humble/tc_ros2_nav/build/nav2_course
[1.743s] -- Install configuration: "Release"
[1.743s] -- Up-to-date: /root/ros2_code/humble/tc_ros2_nav/install/nav2_course/share/nav2_course/launch
[1.743s] -- Up-to-date: /root/ros2_code/humble/tc_ros2_nav/install/nav2_course/share/nav2_course/launch/nav2_complete.launch.py
[1.744s] -- Up-to-date: /root/ros2_code/humble/tc_ros2_nav/install/nav2_course/share/nav2_course/launch/map_saver.launch.py
[1.744s] -- Up-to-date: /root/ros2_code/humble/tc_ros2_nav/install/nav2_course/share/nav2_course/launch/tb3_world_navigation_with_tools_launch.py
[1.744s] -- Up-to-date: /root/ros2_code/humble/tc_ros2_nav/install/nav2_course/share/nav2_course/launch/nav2_demo.launch.py
[1.744s] -- Up-to-date: /root/ros2_code/humble/tc_ros2_nav/install/nav2_course/share/nav2_course/launch/map_server_launch.py
[1.744s] -- Up-to-date: /root/ros2_code/humble/tc_ros2_nav/install/nav2_course/share/nav2_course/launch/localization_launch.py
[1.744s] -- Up-to-date: /root/ros2_code/humble/tc_ros2_nav/install/nav2_course/share/nav2_course/launch/rviz.launch.py
[1.744s] -- Up-to-date: /root/ros2_code/humble/tc_ros2_nav/install/nav2_course/share/nav2_course/launch/navigation2_launch.py
[1.744s] -- Up-to-date: /root/ros2_code/humble/tc_ros2_nav/install/nav2_course/share/nav2_course/config
[1.744s] -- Up-to-date: /root/ros2_code/humble/tc_ros2_nav/install/nav2_course/share/nav2_course/config/default.rviz
[1.745s] -- Up-to-date: /root/ros2_code/humble/tc_ros2_nav/install/nav2_course/share/nav2_course/config/navigate_w_replanning_and_recovery_old.xml
[1.745s] -- Up-to-date: /root/ros2_code/humble/tc_ros2_nav/install/nav2_course/share/nav2_course/config/turtlebot3_world.pgm
[1.745s] -- Up-to-date: /root/ros2_code/humble/tc_ros2_nav/install/nav2_course/share/nav2_course/config/nav2_params.yaml
[1.745s] -- Up-to-date: /root/ros2_code/humble/tc_ros2_nav/install/nav2_course/share/nav2_course/config/navigate_w_replanning_and_recovery.xml
[1.745s] -- Up-to-date: /root/ros2_code/humble/tc_ros2_nav/install/nav2_course/share/nav2_course/config/nav2.yaml
[1.745s] -- Up-to-date: /root/ros2_code/humble/tc_ros2_nav/install/nav2_course/share/nav2_course/config/nav2_house_sim_params.yaml
[1.745s] -- Up-to-date: /root/ros2_code/humble/tc_ros2_nav/install/nav2_course/share/nav2_course/config/localization_params.yaml
[1.745s] -- Up-to-date: /root/ros2_code/humble/tc_ros2_nav/install/nav2_course/share/nav2_course/config/nav2_default_view.rviz
[1.746s] -- Up-to-date: /root/ros2_code/humble/tc_ros2_nav/install/nav2_course/share/nav2_course/config/turtlebot3_world.yaml
[1.746s] -- Up-to-date: /root/ros2_code/humble/tc_ros2_nav/install/nav2_course/share/nav2_course/worlds
[1.746s] -- Up-to-date: /root/ros2_code/humble/tc_ros2_nav/install/nav2_course/share/nav2_course/worlds/world_only.model
[1.746s] -- Up-to-date: /root/ros2_code/humble/tc_ros2_nav/install/nav2_course/share/nav2_course/worlds/house_waffle.model
[1.746s] -- Up-to-date: /root/ros2_code/humble/tc_ros2_nav/install/nav2_course/share/nav2_course/worlds/waffle.model
[1.746s] -- Up-to-date: /root/ros2_code/humble/tc_ros2_nav/install/nav2_course/share/nav2_course/maps
[1.746s] -- Up-to-date: /root/ros2_code/humble/tc_ros2_nav/install/nav2_course/share/nav2_course/maps/turtlebot_area.yaml
[1.746s] -- Up-to-date: /root/ros2_code/humble/tc_ros2_nav/install/nav2_course/share/nav2_course/maps/turtlebot_area.pgm
[1.746s] -- Up-to-date: /root/ros2_code/humble/tc_ros2_nav/install/nav2_course/share/ament_index/resource_index/package_run_dependencies/nav2_course
[1.746s] -- Up-to-date: /root/ros2_code/humble/tc_ros2_nav/install/nav2_course/share/ament_index/resource_index/parent_prefix_path/nav2_course
[1.747s] -- Up-to-date: /root/ros2_code/humble/tc_ros2_nav/install/nav2_course/share/nav2_course/environment/ament_prefix_path.sh
[1.747s] -- Up-to-date: /root/ros2_code/humble/tc_ros2_nav/install/nav2_course/share/nav2_course/environment/ament_prefix_path.dsv
[1.747s] -- Up-to-date: /root/ros2_code/humble/tc_ros2_nav/install/nav2_course/share/nav2_course/environment/path.sh
[1.747s] -- Up-to-date: /root/ros2_code/humble/tc_ros2_nav/install/nav2_course/share/nav2_course/environment/path.dsv
[1.747s] -- Up-to-date: /root/ros2_code/humble/tc_ros2_nav/install/nav2_course/share/nav2_course/local_setup.bash
[1.747s] -- Up-to-date: /root/ros2_code/humble/tc_ros2_nav/install/nav2_course/share/nav2_course/local_setup.sh
[1.747s] -- Up-to-date: /root/ros2_code/humble/tc_ros2_nav/install/nav2_course/share/nav2_course/local_setup.zsh
[1.747s] -- Up-to-date: /root/ros2_code/humble/tc_ros2_nav/install/nav2_course/share/nav2_course/local_setup.dsv
[1.747s] -- Installing: /root/ros2_code/humble/tc_ros2_nav/install/nav2_course/share/nav2_course/package.dsv
[1.747s] -- Up-to-date: /root/ros2_code/humble/tc_ros2_nav/install/nav2_course/share/ament_index/resource_index/packages/nav2_course
[1.748s] -- Up-to-date: /root/ros2_code/humble/tc_ros2_nav/install/nav2_course/share/nav2_course/cmake/nav2_courseConfig.cmake
[1.748s] -- Up-to-date: /root/ros2_code/humble/tc_ros2_nav/install/nav2_course/share/nav2_course/cmake/nav2_courseConfig-version.cmake
[1.748s] -- Up-to-date: /root/ros2_code/humble/tc_ros2_nav/install/nav2_course/share/nav2_course/package.xml
[1.749s] Invoked command in '/root/ros2_code/humble/tc_ros2_nav/build/nav2_course' returned '0': CMAKE_PREFIX_PATH=${CMAKE_PREFIX_PATH}:/root/ros2_code/humble/tc_ros2_nav/install/path_planner_server:/root/ros2_code/humble/tc_ros2_nav/install/nav2_project:/root/ros2_code/humble/tc_ros2_nav/install/map_server:/root/ros2_code/humble/tc_ros2_nav/install/cartographer_slam:/opt/ros/humble /usr/bin/cmake --install /root/ros2_code/humble/tc_ros2_nav/build/nav2_course
