[35m[1mConsolidate compiler generated dependencies of target my_first_node[0m
[35m[1mConsolidate compiler generated dependencies of target tracker[0m
[35m[1mConsolidate compiler generated dependencies of target tf_broadcaster[0m
[35m[1mConsolidate compiler generated dependencies of target tf_listener[0m
[ 25%] Built target my_first_node
[ 50%] Built target tf_listener
[ 75%] Built target tracker
[100%] Built target tf_broadcaster
-- Install configuration: ""
-- Up-to-date: /root/ros2_code/humble/ros_bot/src/install/tutorial_pkg/lib/tutorial_pkg/my_first_node
-- Up-to-date: /root/ros2_code/humble/ros_bot/src/install/tutorial_pkg/lib/tutorial_pkg/tracker
-- Up-to-date: /root/ros2_code/humble/ros_bot/src/install/tutorial_pkg/lib/tutorial_pkg/tf_broadcaster
-- Up-to-date: /root/ros2_code/humble/ros_bot/src/install/tutorial_pkg/lib/tutorial_pkg/tf_listener
-- Up-to-date: /root/ros2_code/humble/ros_bot/src/install/tutorial_pkg/share/tutorial_pkg/config
-- Up-to-date: /root/ros2_code/humble/ros_bot/src/install/tutorial_pkg/share/tutorial_pkg/config/amcl.yaml
-- Up-to-date: /root/ros2_code/humble/ros_bot/src/install/tutorial_pkg/share/tutorial_pkg/config/explore.yaml
-- Up-to-date: /root/ros2_code/humble/ros_bot/src/install/tutorial_pkg/share/tutorial_pkg/config/slam.yaml
-- Up-to-date: /root/ros2_code/humble/ros_bot/src/install/tutorial_pkg/share/tutorial_pkg/config/navigation.yaml
-- Up-to-date: /root/ros2_code/humble/ros_bot/src/install/tutorial_pkg/share/tutorial_pkg/launch
-- Up-to-date: /root/ros2_code/humble/ros_bot/src/install/tutorial_pkg/share/tutorial_pkg/launch/my_launch_file.xml
-- Up-to-date: /root/ros2_code/humble/ros_bot/src/install/tutorial_pkg/share/tutorial_pkg/launch/my_launch_file.launch.py
-- Up-to-date: /root/ros2_code/humble/ros_bot/src/install/tutorial_pkg/share/tutorial_pkg/launch/explore.launch.py
-- Up-to-date: /root/ros2_code/humble/ros_bot/src/install/tutorial_pkg/share/tutorial_pkg/launch/slam.launch.py
-- Up-to-date: /root/ros2_code/humble/ros_bot/src/install/tutorial_pkg/share/tutorial_pkg/launch/navigation.launch.py
-- Up-to-date: /root/ros2_code/humble/ros_bot/src/install/tutorial_pkg/share/tutorial_pkg/launch/my_launch_file.yaml
-- Up-to-date: /root/ros2_code/humble/ros_bot/src/install/tutorial_pkg/share/tutorial_pkg/launch/amcl.launch.py
-- Up-to-date: /root/ros2_code/humble/ros_bot/src/install/tutorial_pkg/share/tutorial_pkg/maps
-- Up-to-date: /root/ros2_code/humble/ros_bot/src/install/tutorial_pkg/share/tutorial_pkg/maps/map.pgm
-- Up-to-date: /root/ros2_code/humble/ros_bot/src/install/tutorial_pkg/share/tutorial_pkg/maps/map_serialized.data
-- Up-to-date: /root/ros2_code/humble/ros_bot/src/install/tutorial_pkg/share/tutorial_pkg/maps/map.yaml
-- Up-to-date: /root/ros2_code/humble/ros_bot/src/install/tutorial_pkg/share/tutorial_pkg/maps/map_serialized.posegraph
-- Up-to-date: /root/ros2_code/humble/ros_bot/src/install/tutorial_pkg/share/tutorial_pkg/rviz
-- Up-to-date: /root/ros2_code/humble/ros_bot/src/install/tutorial_pkg/share/tutorial_pkg/rviz/amcl.rviz
-- Up-to-date: /root/ros2_code/humble/ros_bot/src/install/tutorial_pkg/share/tutorial_pkg/rviz/slam.rviz
-- Up-to-date: /root/ros2_code/humble/ros_bot/src/install/tutorial_pkg/share/tutorial_pkg/rviz/navigation.rviz
-- Up-to-date: /root/ros2_code/humble/ros_bot/src/install/tutorial_pkg/share/tutorial_pkg/rviz/explore.rviz
-- Up-to-date: /root/ros2_code/humble/ros_bot/src/install/tutorial_pkg/share/ament_index/resource_index/package_run_dependencies/tutorial_pkg
-- Up-to-date: /root/ros2_code/humble/ros_bot/src/install/tutorial_pkg/share/ament_index/resource_index/parent_prefix_path/tutorial_pkg
-- Up-to-date: /root/ros2_code/humble/ros_bot/src/install/tutorial_pkg/share/tutorial_pkg/environment/ament_prefix_path.sh
-- Up-to-date: /root/ros2_code/humble/ros_bot/src/install/tutorial_pkg/share/tutorial_pkg/environment/ament_prefix_path.dsv
-- Up-to-date: /root/ros2_code/humble/ros_bot/src/install/tutorial_pkg/share/tutorial_pkg/environment/path.sh
-- Up-to-date: /root/ros2_code/humble/ros_bot/src/install/tutorial_pkg/share/tutorial_pkg/environment/path.dsv
-- Up-to-date: /root/ros2_code/humble/ros_bot/src/install/tutorial_pkg/share/tutorial_pkg/local_setup.bash
-- Up-to-date: /root/ros2_code/humble/ros_bot/src/install/tutorial_pkg/share/tutorial_pkg/local_setup.sh
-- Up-to-date: /root/ros2_code/humble/ros_bot/src/install/tutorial_pkg/share/tutorial_pkg/local_setup.zsh
-- Up-to-date: /root/ros2_code/humble/ros_bot/src/install/tutorial_pkg/share/tutorial_pkg/local_setup.dsv
-- Installing: /root/ros2_code/humble/ros_bot/src/install/tutorial_pkg/share/tutorial_pkg/package.dsv
-- Up-to-date: /root/ros2_code/humble/ros_bot/src/install/tutorial_pkg/share/ament_index/resource_index/packages/tutorial_pkg
-- Up-to-date: /root/ros2_code/humble/ros_bot/src/install/tutorial_pkg/share/tutorial_pkg/cmake/tutorial_pkgConfig.cmake
-- Up-to-date: /root/ros2_code/humble/ros_bot/src/install/tutorial_pkg/share/tutorial_pkg/cmake/tutorial_pkgConfig-version.cmake
-- Up-to-date: /root/ros2_code/humble/ros_bot/src/install/tutorial_pkg/share/tutorial_pkg/package.xml
